/data-ssd/home/xiangchenmeng/work/Crypto/Crypto/solution1/.autopilot/db/AddressGen.pp.0.cpp:1311:7: warning: Added loop label VITIS_LOOP_1223_1:   [xilinx-label-all-loops]
      for (i = 0; i < __N - 1; ++i) {
      ^~~
      VITIS_LOOP_1223_1: 
/data-ssd/home/xiangchenmeng/work/Crypto/Crypto/solution1/.autopilot/db/AddressGen.pp.0.cpp:1311:7: note: FIX-IT applied suggested code changes
/data-ssd/home/xiangchenmeng/work/Crypto/Crypto/solution1/.autopilot/db/AddressGen.pp.0.cpp:2285:5: warning: Added loop label VITIS_LOOP_676_1:   [xilinx-label-all-loops]
    for (unsigned i = low; i != high; ++i) {
    ^~~
    VITIS_LOOP_676_1: 
/data-ssd/home/xiangchenmeng/work/Crypto/Crypto/solution1/.autopilot/db/AddressGen.pp.0.cpp:2285:5: note: FIX-IT applied suggested code changes
/data-ssd/home/xiangchenmeng/work/Crypto/Crypto/solution1/.autopilot/db/AddressGen.pp.0.cpp:2299:5: warning: Added loop label VITIS_LOOP_690_1:   [xilinx-label-all-loops]
    for (unsigned i = low; i != high; ++i) {
    ^~~
    VITIS_LOOP_690_1: 
/data-ssd/home/xiangchenmeng/work/Crypto/Crypto/solution1/.autopilot/db/AddressGen.pp.0.cpp:2299:5: note: FIX-IT applied suggested code changes
/data-ssd/home/xiangchenmeng/work/Crypto/Crypto/solution1/.autopilot/db/AddressGen.pp.0.cpp:2313:5: warning: Added loop label VITIS_LOOP_704_1:   [xilinx-label-all-loops]
    for (unsigned i = low; i != high; ++i) {
    ^~~
    VITIS_LOOP_704_1: 
/data-ssd/home/xiangchenmeng/work/Crypto/Crypto/solution1/.autopilot/db/AddressGen.pp.0.cpp:2313:5: note: FIX-IT applied suggested code changes
/data-ssd/home/xiangchenmeng/work/Crypto/Crypto/solution1/.autopilot/db/AddressGen.pp.0.cpp:3942:7: warning: Added loop label VITIS_LOOP_1247_1:   [xilinx-label-all-loops]
      for (i = 0; i < __N - 1; ++i) {
      ^~~
      VITIS_LOOP_1247_1: 
/data-ssd/home/xiangchenmeng/work/Crypto/Crypto/solution1/.autopilot/db/AddressGen.pp.0.cpp:3942:7: note: FIX-IT applied suggested code changes
/data-ssd/home/xiangchenmeng/work/Crypto/Crypto/solution1/.autopilot/db/AddressGen.pp.0.cpp:38370:5: warning: Added loop label VITIS_LOOP_22_1:   [xilinx-label-all-loops]
    for (int i = 0; i < BANKNum; i++){
    ^~~
    VITIS_LOOP_22_1: 
/data-ssd/home/xiangchenmeng/work/Crypto/Crypto/solution1/.autopilot/db/AddressGen.pp.0.cpp:38370:5: note: FIX-IT applied suggested code changes
/data-ssd/home/xiangchenmeng/work/Crypto/Crypto/solution1/.autopilot/db/AddressGen.pp.0.cpp:38396:5: warning: Added loop label VITIS_LOOP_48_1:   [xilinx-label-all-loops]
    for (int i = 0; i < BANKNum; i++){
    ^~~
    VITIS_LOOP_48_1: 
/data-ssd/home/xiangchenmeng/work/Crypto/Crypto/solution1/.autopilot/db/AddressGen.pp.0.cpp:38396:5: note: FIX-IT applied suggested code changes
/data-ssd/home/xiangchenmeng/work/Crypto/Crypto/solution1/.autopilot/db/AddressGen.pp.0.cpp:38424:5: warning: Added loop label VITIS_LOOP_76_1:   [xilinx-label-all-loops]
    for (int i = 0; i < BANKNum; i++) {
    ^~~
    VITIS_LOOP_76_1: 
/data-ssd/home/xiangchenmeng/work/Crypto/Crypto/solution1/.autopilot/db/AddressGen.pp.0.cpp:38424:5: note: FIX-IT applied suggested code changes
/data-ssd/home/xiangchenmeng/work/Crypto/Crypto/solution1/.autopilot/db/AddressGen.pp.0.cpp:38434:9: warning: Added loop label VITIS_LOOP_86_1:   [xilinx-label-all-loops]
        for (int i = 0; i < PE_NUM; i++) {
        ^~~
        VITIS_LOOP_86_1: 
/data-ssd/home/xiangchenmeng/work/Crypto/Crypto/solution1/.autopilot/db/AddressGen.pp.0.cpp:38434:9: note: FIX-IT applied suggested code changes
/data-ssd/home/xiangchenmeng/work/Crypto/Crypto/solution1/.autopilot/db/AddressGen.pp.0.cpp:38438:9: warning: Added loop label VITIS_LOOP_90_2:   [xilinx-label-all-loops]
        for (int i = 0; i < PE_NUM; i++) {
        ^~~
        VITIS_LOOP_90_2: 
/data-ssd/home/xiangchenmeng/work/Crypto/Crypto/solution1/.autopilot/db/AddressGen.pp.0.cpp:38438:9: note: FIX-IT applied suggested code changes
