

================================================================
== Vitis HLS Report for 'Crypto_Pipeline_POLY_SUB_LOOP'
================================================================
* Date:           Wed Feb  5 12:49:46 2025

* Version:        2023.1 (Build 3854077 on May  4 2023)
* Project:        Crypto
* Solution:       solution1 (Vivado IP Flow Target)
* Product family: zynq
* Target device:  xc7z020-clg400-1


================================================================
== Performance Estimates
================================================================
+ Timing: 
    * Summary: 
    +--------+---------+----------+------------+
    |  Clock |  Target | Estimated| Uncertainty|
    +--------+---------+----------+------------+
    |ap_clk  |  7.00 ns|  4.616 ns|     1.89 ns|
    +--------+---------+----------+------------+

+ Latency: 
    * Summary: 
    +---------+---------+-----------+-----------+------+------+---------+
    |  Latency (cycles) |   Latency (absolute)  |   Interval  | Pipeline|
    |   min   |   max   |    min    |    max    |  min |  max |   Type  |
    +---------+---------+-----------+-----------+------+------+---------+
    |     8196|     8196|  57.372 us|  57.372 us|  8196|  8196|       no|
    +---------+---------+-----------+-----------+------+------+---------+

    + Detail: 
        * Instance: 
        N/A

        * Loop: 
        +-----------------+---------+---------+----------+-----------+-----------+------+----------+
        |                 |  Latency (cycles) | Iteration|  Initiation Interval  | Trip |          |
        |    Loop Name    |   min   |   max   |  Latency |  achieved |   target  | Count| Pipelined|
        +-----------------+---------+---------+----------+-----------+-----------+------+----------+
        |- POLY_SUB_LOOP  |     8194|     8194|         5|          2|          1|  4096|       yes|
        +-----------------+---------+---------+----------+-----------+-----------+------+----------+

============================================================
+ Verbose Summary: Synthesis Manager
============================================================
InlineROM: 1
ExposeGlobal: 0
============================================================
+ Verbose Summary: CDFG Model
============================================================
IsTopModel: 0
ResetActiveHigh: 1
IsCombinational: 0
IsDatapathOnly: 0
HasWiredReturn: 1
HasMFsm: 2
HasVarLatency: 1
IsPipeline: 0
IsRtlPipelined: 0
IsInstanceOverlapped: 0
IsDontTouch: 0
HasImplIP: 0
IsGatedGlobalClock: 0

+ Individual pipeline summary: 
  * Pipeline-0: initiation interval (II) = 2, depth = 5


============================================================
+ Verbose Summary: Schedule
============================================================
* Number of FSM states : 5
* Pipeline : 1
  Pipeline-0 : II = 2, D = 5, States = { 1 2 3 4 5 }
* Dataflow Pipeline: 0

* FSM state transitions: 
1 --> 2 
2 --> 3 
3 --> 4 
4 --> 5 
5 --> 

* FSM state operations: 

State 1 <SV = 0> <Delay = 3.26>
ST_1 : Operation 8 [1/1] (0.00ns)   --->   "%i = alloca i32 1"   --->   Operation 8 'alloca' 'i' <Predicate = true> <Delay = 0.00>
ST_1 : Operation 9 [1/1] (0.00ns)   --->   "%zext_ln88_read = read i31 @_ssdm_op_Read.ap_auto.i31, i31 %zext_ln88"   --->   Operation 9 'read' 'zext_ln88_read' <Predicate = true> <Delay = 0.00>
ST_1 : Operation 10 [1/1] (0.00ns)   --->   "%zext_ln88_cast = zext i31 %zext_ln88_read"   --->   Operation 10 'zext' 'zext_ln88_cast' <Predicate = true> <Delay = 0.00>
ST_1 : Operation 11 [1/1] (1.58ns)   --->   "%store_ln0 = store i13 0, i13 %i"   --->   Operation 11 'store' 'store_ln0' <Predicate = true> <Delay = 1.58>
ST_1 : Operation 12 [1/1] (0.00ns)   --->   "%br_ln0 = br void %for.inc99"   --->   Operation 12 'br' 'br_ln0' <Predicate = true> <Delay = 0.00>
ST_1 : Operation 13 [1/1] (0.00ns)   --->   "%i_4 = load i13 %i" [Crypto.cpp:88]   --->   Operation 13 'load' 'i_4' <Predicate = true> <Delay = 0.00>
ST_1 : Operation 14 [1/1] (1.67ns)   --->   "%icmp_ln88 = icmp_eq  i13 %i_4, i13 4096" [Crypto.cpp:88]   --->   Operation 14 'icmp' 'icmp_ln88' <Predicate = true> <Delay = 1.67> <CoreInst = "Cmp">   --->   Core 9 'Cmp' <Latency = 0> <II = 1> <Delay = 1.67> <FuncUnit> <Opcode : 'icmp'> <InPorts = 2> <OutPorts = 1>
ST_1 : Operation 15 [1/1] (1.67ns)   --->   "%add_ln88 = add i13 %i_4, i13 1" [Crypto.cpp:88]   --->   Operation 15 'add' 'add_ln88' <Predicate = true> <Delay = 1.67> <CoreInst = "Adder">   --->   Core 1 'Adder' <Latency = 0> <II = 1> <Delay = 1.67> <FuncUnit> <Opcode : 'add' 'sub'> <InPorts = 2> <OutPorts = 1>
ST_1 : Operation 16 [1/1] (0.00ns)   --->   "%br_ln88 = br i1 %icmp_ln88, void %for.inc99.split, void %sw.epilog.loopexit10.exitStub" [Crypto.cpp:88]   --->   Operation 16 'br' 'br_ln88' <Predicate = true> <Delay = 0.00>
ST_1 : Operation 17 [1/1] (0.00ns)   --->   "%trunc_ln88 = trunc i13 %i_4" [Crypto.cpp:88]   --->   Operation 17 'trunc' 'trunc_ln88' <Predicate = (!icmp_ln88)> <Delay = 0.00>
ST_1 : Operation 18 [1/1] (0.00ns)   --->   "%lshr_ln4 = partselect i8 @_ssdm_op_PartSelect.i8.i13.i32.i32, i13 %i_4, i32 4, i32 11" [Crypto.cpp:88]   --->   Operation 18 'partselect' 'lshr_ln4' <Predicate = (!icmp_ln88)> <Delay = 0.00>
ST_1 : Operation 19 [1/1] (0.00ns)   --->   "%zext_ln88_1 = zext i8 %lshr_ln4" [Crypto.cpp:88]   --->   Operation 19 'zext' 'zext_ln88_1' <Predicate = (!icmp_ln88)> <Delay = 0.00>
ST_1 : Operation 20 [1/1] (0.00ns)   --->   "%DataRAM_addr = getelementptr i32 %DataRAM, i64 0, i64 %zext_ln88_1" [Crypto.cpp:90]   --->   Operation 20 'getelementptr' 'DataRAM_addr' <Predicate = (!icmp_ln88)> <Delay = 0.00>
ST_1 : Operation 21 [1/1] (0.00ns)   --->   "%DataRAM_1_addr = getelementptr i32 %DataRAM_1, i64 0, i64 %zext_ln88_1" [Crypto.cpp:90]   --->   Operation 21 'getelementptr' 'DataRAM_1_addr' <Predicate = (!icmp_ln88)> <Delay = 0.00>
ST_1 : Operation 22 [1/1] (0.00ns)   --->   "%DataRAM_2_addr = getelementptr i32 %DataRAM_2, i64 0, i64 %zext_ln88_1" [Crypto.cpp:90]   --->   Operation 22 'getelementptr' 'DataRAM_2_addr' <Predicate = (!icmp_ln88)> <Delay = 0.00>
ST_1 : Operation 23 [1/1] (0.00ns)   --->   "%DataRAM_3_addr = getelementptr i32 %DataRAM_3, i64 0, i64 %zext_ln88_1" [Crypto.cpp:90]   --->   Operation 23 'getelementptr' 'DataRAM_3_addr' <Predicate = (!icmp_ln88)> <Delay = 0.00>
ST_1 : Operation 24 [1/1] (0.00ns)   --->   "%DataRAM_4_addr = getelementptr i32 %DataRAM_4, i64 0, i64 %zext_ln88_1" [Crypto.cpp:90]   --->   Operation 24 'getelementptr' 'DataRAM_4_addr' <Predicate = (!icmp_ln88)> <Delay = 0.00>
ST_1 : Operation 25 [1/1] (0.00ns)   --->   "%DataRAM_5_addr = getelementptr i32 %DataRAM_5, i64 0, i64 %zext_ln88_1" [Crypto.cpp:90]   --->   Operation 25 'getelementptr' 'DataRAM_5_addr' <Predicate = (!icmp_ln88)> <Delay = 0.00>
ST_1 : Operation 26 [1/1] (0.00ns)   --->   "%DataRAM_6_addr = getelementptr i32 %DataRAM_6, i64 0, i64 %zext_ln88_1" [Crypto.cpp:90]   --->   Operation 26 'getelementptr' 'DataRAM_6_addr' <Predicate = (!icmp_ln88)> <Delay = 0.00>
ST_1 : Operation 27 [1/1] (0.00ns)   --->   "%DataRAM_7_addr = getelementptr i32 %DataRAM_7, i64 0, i64 %zext_ln88_1" [Crypto.cpp:90]   --->   Operation 27 'getelementptr' 'DataRAM_7_addr' <Predicate = (!icmp_ln88)> <Delay = 0.00>
ST_1 : Operation 28 [1/1] (0.00ns)   --->   "%DataRAM_8_addr = getelementptr i32 %DataRAM_8, i64 0, i64 %zext_ln88_1" [Crypto.cpp:90]   --->   Operation 28 'getelementptr' 'DataRAM_8_addr' <Predicate = (!icmp_ln88)> <Delay = 0.00>
ST_1 : Operation 29 [1/1] (0.00ns)   --->   "%DataRAM_9_addr = getelementptr i32 %DataRAM_9, i64 0, i64 %zext_ln88_1" [Crypto.cpp:90]   --->   Operation 29 'getelementptr' 'DataRAM_9_addr' <Predicate = (!icmp_ln88)> <Delay = 0.00>
ST_1 : Operation 30 [1/1] (0.00ns)   --->   "%DataRAM_10_addr = getelementptr i32 %DataRAM_10, i64 0, i64 %zext_ln88_1" [Crypto.cpp:90]   --->   Operation 30 'getelementptr' 'DataRAM_10_addr' <Predicate = (!icmp_ln88)> <Delay = 0.00>
ST_1 : Operation 31 [1/1] (0.00ns)   --->   "%DataRAM_11_addr = getelementptr i32 %DataRAM_11, i64 0, i64 %zext_ln88_1" [Crypto.cpp:90]   --->   Operation 31 'getelementptr' 'DataRAM_11_addr' <Predicate = (!icmp_ln88)> <Delay = 0.00>
ST_1 : Operation 32 [1/1] (0.00ns)   --->   "%DataRAM_12_addr = getelementptr i32 %DataRAM_12, i64 0, i64 %zext_ln88_1" [Crypto.cpp:90]   --->   Operation 32 'getelementptr' 'DataRAM_12_addr' <Predicate = (!icmp_ln88)> <Delay = 0.00>
ST_1 : Operation 33 [1/1] (0.00ns)   --->   "%DataRAM_13_addr = getelementptr i32 %DataRAM_13, i64 0, i64 %zext_ln88_1" [Crypto.cpp:90]   --->   Operation 33 'getelementptr' 'DataRAM_13_addr' <Predicate = (!icmp_ln88)> <Delay = 0.00>
ST_1 : Operation 34 [1/1] (0.00ns)   --->   "%DataRAM_14_addr = getelementptr i32 %DataRAM_14, i64 0, i64 %zext_ln88_1" [Crypto.cpp:90]   --->   Operation 34 'getelementptr' 'DataRAM_14_addr' <Predicate = (!icmp_ln88)> <Delay = 0.00>
ST_1 : Operation 35 [1/1] (0.00ns)   --->   "%DataRAM_15_addr = getelementptr i32 %DataRAM_15, i64 0, i64 %zext_ln88_1" [Crypto.cpp:90]   --->   Operation 35 'getelementptr' 'DataRAM_15_addr' <Predicate = (!icmp_ln88)> <Delay = 0.00>
ST_1 : Operation 36 [1/1] (0.00ns)   --->   "%DataRAM_16_addr = getelementptr i32 %DataRAM_16, i64 0, i64 %zext_ln88_1" [Crypto.cpp:90]   --->   Operation 36 'getelementptr' 'DataRAM_16_addr' <Predicate = (!icmp_ln88)> <Delay = 0.00>
ST_1 : Operation 37 [1/1] (0.00ns)   --->   "%DataRAM_17_addr = getelementptr i32 %DataRAM_17, i64 0, i64 %zext_ln88_1" [Crypto.cpp:90]   --->   Operation 37 'getelementptr' 'DataRAM_17_addr' <Predicate = (!icmp_ln88)> <Delay = 0.00>
ST_1 : Operation 38 [1/1] (0.00ns)   --->   "%DataRAM_18_addr = getelementptr i32 %DataRAM_18, i64 0, i64 %zext_ln88_1" [Crypto.cpp:90]   --->   Operation 38 'getelementptr' 'DataRAM_18_addr' <Predicate = (!icmp_ln88)> <Delay = 0.00>
ST_1 : Operation 39 [1/1] (0.00ns)   --->   "%DataRAM_19_addr = getelementptr i32 %DataRAM_19, i64 0, i64 %zext_ln88_1" [Crypto.cpp:90]   --->   Operation 39 'getelementptr' 'DataRAM_19_addr' <Predicate = (!icmp_ln88)> <Delay = 0.00>
ST_1 : Operation 40 [1/1] (0.00ns)   --->   "%DataRAM_20_addr = getelementptr i32 %DataRAM_20, i64 0, i64 %zext_ln88_1" [Crypto.cpp:90]   --->   Operation 40 'getelementptr' 'DataRAM_20_addr' <Predicate = (!icmp_ln88)> <Delay = 0.00>
ST_1 : Operation 41 [1/1] (0.00ns)   --->   "%DataRAM_21_addr = getelementptr i32 %DataRAM_21, i64 0, i64 %zext_ln88_1" [Crypto.cpp:90]   --->   Operation 41 'getelementptr' 'DataRAM_21_addr' <Predicate = (!icmp_ln88)> <Delay = 0.00>
ST_1 : Operation 42 [1/1] (0.00ns)   --->   "%DataRAM_22_addr = getelementptr i32 %DataRAM_22, i64 0, i64 %zext_ln88_1" [Crypto.cpp:90]   --->   Operation 42 'getelementptr' 'DataRAM_22_addr' <Predicate = (!icmp_ln88)> <Delay = 0.00>
ST_1 : Operation 43 [1/1] (0.00ns)   --->   "%DataRAM_23_addr = getelementptr i32 %DataRAM_23, i64 0, i64 %zext_ln88_1" [Crypto.cpp:90]   --->   Operation 43 'getelementptr' 'DataRAM_23_addr' <Predicate = (!icmp_ln88)> <Delay = 0.00>
ST_1 : Operation 44 [1/1] (0.00ns)   --->   "%DataRAM_24_addr = getelementptr i32 %DataRAM_24, i64 0, i64 %zext_ln88_1" [Crypto.cpp:90]   --->   Operation 44 'getelementptr' 'DataRAM_24_addr' <Predicate = (!icmp_ln88)> <Delay = 0.00>
ST_1 : Operation 45 [1/1] (0.00ns)   --->   "%DataRAM_25_addr = getelementptr i32 %DataRAM_25, i64 0, i64 %zext_ln88_1" [Crypto.cpp:90]   --->   Operation 45 'getelementptr' 'DataRAM_25_addr' <Predicate = (!icmp_ln88)> <Delay = 0.00>
ST_1 : Operation 46 [1/1] (0.00ns)   --->   "%DataRAM_26_addr = getelementptr i32 %DataRAM_26, i64 0, i64 %zext_ln88_1" [Crypto.cpp:90]   --->   Operation 46 'getelementptr' 'DataRAM_26_addr' <Predicate = (!icmp_ln88)> <Delay = 0.00>
ST_1 : Operation 47 [1/1] (0.00ns)   --->   "%DataRAM_27_addr = getelementptr i32 %DataRAM_27, i64 0, i64 %zext_ln88_1" [Crypto.cpp:90]   --->   Operation 47 'getelementptr' 'DataRAM_27_addr' <Predicate = (!icmp_ln88)> <Delay = 0.00>
ST_1 : Operation 48 [1/1] (0.00ns)   --->   "%DataRAM_28_addr = getelementptr i32 %DataRAM_28, i64 0, i64 %zext_ln88_1" [Crypto.cpp:90]   --->   Operation 48 'getelementptr' 'DataRAM_28_addr' <Predicate = (!icmp_ln88)> <Delay = 0.00>
ST_1 : Operation 49 [1/1] (0.00ns)   --->   "%DataRAM_29_addr = getelementptr i32 %DataRAM_29, i64 0, i64 %zext_ln88_1" [Crypto.cpp:90]   --->   Operation 49 'getelementptr' 'DataRAM_29_addr' <Predicate = (!icmp_ln88)> <Delay = 0.00>
ST_1 : Operation 50 [1/1] (0.00ns)   --->   "%DataRAM_30_addr = getelementptr i32 %DataRAM_30, i64 0, i64 %zext_ln88_1" [Crypto.cpp:90]   --->   Operation 50 'getelementptr' 'DataRAM_30_addr' <Predicate = (!icmp_ln88)> <Delay = 0.00>
ST_1 : Operation 51 [1/1] (0.00ns)   --->   "%DataRAM_31_addr = getelementptr i32 %DataRAM_31, i64 0, i64 %zext_ln88_1" [Crypto.cpp:90]   --->   Operation 51 'getelementptr' 'DataRAM_31_addr' <Predicate = (!icmp_ln88)> <Delay = 0.00>
ST_1 : Operation 52 [2/2] (3.25ns)   --->   "%DataRAM_load = load i8 %DataRAM_addr" [Arithmetic.cpp:53->Crypto.cpp:90]   --->   Operation 52 'load' 'DataRAM_load' <Predicate = (!icmp_ln88)> <Delay = 3.25> <CoreInst = "RAM">   --->   Core 82 'RAM' <Latency = 1> <II = 1> <Delay = 3.25> <Storage> <Opcode : 'load' 'store'> <Ports = 2> <Width = 32> <Depth = 256> <RAM>
ST_1 : Operation 53 [2/2] (3.25ns)   --->   "%DataRAM_1_load = load i8 %DataRAM_1_addr" [Arithmetic.cpp:53->Crypto.cpp:90]   --->   Operation 53 'load' 'DataRAM_1_load' <Predicate = (!icmp_ln88)> <Delay = 3.25> <CoreInst = "RAM">   --->   Core 82 'RAM' <Latency = 1> <II = 1> <Delay = 3.25> <Storage> <Opcode : 'load' 'store'> <Ports = 2> <Width = 32> <Depth = 256> <RAM>
ST_1 : Operation 54 [2/2] (3.25ns)   --->   "%DataRAM_2_load = load i8 %DataRAM_2_addr" [Arithmetic.cpp:53->Crypto.cpp:90]   --->   Operation 54 'load' 'DataRAM_2_load' <Predicate = (!icmp_ln88)> <Delay = 3.25> <CoreInst = "RAM">   --->   Core 82 'RAM' <Latency = 1> <II = 1> <Delay = 3.25> <Storage> <Opcode : 'load' 'store'> <Ports = 2> <Width = 32> <Depth = 256> <RAM>
ST_1 : Operation 55 [2/2] (3.25ns)   --->   "%DataRAM_3_load = load i8 %DataRAM_3_addr" [Arithmetic.cpp:53->Crypto.cpp:90]   --->   Operation 55 'load' 'DataRAM_3_load' <Predicate = (!icmp_ln88)> <Delay = 3.25> <CoreInst = "RAM">   --->   Core 82 'RAM' <Latency = 1> <II = 1> <Delay = 3.25> <Storage> <Opcode : 'load' 'store'> <Ports = 2> <Width = 32> <Depth = 256> <RAM>
ST_1 : Operation 56 [2/2] (3.25ns)   --->   "%DataRAM_4_load = load i8 %DataRAM_4_addr" [Arithmetic.cpp:53->Crypto.cpp:90]   --->   Operation 56 'load' 'DataRAM_4_load' <Predicate = (!icmp_ln88)> <Delay = 3.25> <CoreInst = "RAM">   --->   Core 82 'RAM' <Latency = 1> <II = 1> <Delay = 3.25> <Storage> <Opcode : 'load' 'store'> <Ports = 2> <Width = 32> <Depth = 256> <RAM>
ST_1 : Operation 57 [2/2] (3.25ns)   --->   "%DataRAM_5_load = load i8 %DataRAM_5_addr" [Arithmetic.cpp:53->Crypto.cpp:90]   --->   Operation 57 'load' 'DataRAM_5_load' <Predicate = (!icmp_ln88)> <Delay = 3.25> <CoreInst = "RAM">   --->   Core 82 'RAM' <Latency = 1> <II = 1> <Delay = 3.25> <Storage> <Opcode : 'load' 'store'> <Ports = 2> <Width = 32> <Depth = 256> <RAM>
ST_1 : Operation 58 [2/2] (3.25ns)   --->   "%DataRAM_6_load = load i8 %DataRAM_6_addr" [Arithmetic.cpp:53->Crypto.cpp:90]   --->   Operation 58 'load' 'DataRAM_6_load' <Predicate = (!icmp_ln88)> <Delay = 3.25> <CoreInst = "RAM">   --->   Core 82 'RAM' <Latency = 1> <II = 1> <Delay = 3.25> <Storage> <Opcode : 'load' 'store'> <Ports = 2> <Width = 32> <Depth = 256> <RAM>
ST_1 : Operation 59 [2/2] (3.25ns)   --->   "%DataRAM_7_load = load i8 %DataRAM_7_addr" [Arithmetic.cpp:53->Crypto.cpp:90]   --->   Operation 59 'load' 'DataRAM_7_load' <Predicate = (!icmp_ln88)> <Delay = 3.25> <CoreInst = "RAM">   --->   Core 82 'RAM' <Latency = 1> <II = 1> <Delay = 3.25> <Storage> <Opcode : 'load' 'store'> <Ports = 2> <Width = 32> <Depth = 256> <RAM>
ST_1 : Operation 60 [2/2] (3.25ns)   --->   "%DataRAM_8_load = load i8 %DataRAM_8_addr" [Arithmetic.cpp:53->Crypto.cpp:90]   --->   Operation 60 'load' 'DataRAM_8_load' <Predicate = (!icmp_ln88)> <Delay = 3.25> <CoreInst = "RAM">   --->   Core 82 'RAM' <Latency = 1> <II = 1> <Delay = 3.25> <Storage> <Opcode : 'load' 'store'> <Ports = 2> <Width = 32> <Depth = 256> <RAM>
ST_1 : Operation 61 [2/2] (3.25ns)   --->   "%DataRAM_9_load = load i8 %DataRAM_9_addr" [Arithmetic.cpp:53->Crypto.cpp:90]   --->   Operation 61 'load' 'DataRAM_9_load' <Predicate = (!icmp_ln88)> <Delay = 3.25> <CoreInst = "RAM">   --->   Core 82 'RAM' <Latency = 1> <II = 1> <Delay = 3.25> <Storage> <Opcode : 'load' 'store'> <Ports = 2> <Width = 32> <Depth = 256> <RAM>
ST_1 : Operation 62 [2/2] (3.25ns)   --->   "%DataRAM_10_load = load i8 %DataRAM_10_addr" [Arithmetic.cpp:53->Crypto.cpp:90]   --->   Operation 62 'load' 'DataRAM_10_load' <Predicate = (!icmp_ln88)> <Delay = 3.25> <CoreInst = "RAM">   --->   Core 82 'RAM' <Latency = 1> <II = 1> <Delay = 3.25> <Storage> <Opcode : 'load' 'store'> <Ports = 2> <Width = 32> <Depth = 256> <RAM>
ST_1 : Operation 63 [2/2] (3.25ns)   --->   "%DataRAM_11_load = load i8 %DataRAM_11_addr" [Arithmetic.cpp:53->Crypto.cpp:90]   --->   Operation 63 'load' 'DataRAM_11_load' <Predicate = (!icmp_ln88)> <Delay = 3.25> <CoreInst = "RAM">   --->   Core 82 'RAM' <Latency = 1> <II = 1> <Delay = 3.25> <Storage> <Opcode : 'load' 'store'> <Ports = 2> <Width = 32> <Depth = 256> <RAM>
ST_1 : Operation 64 [2/2] (3.25ns)   --->   "%DataRAM_12_load = load i8 %DataRAM_12_addr" [Arithmetic.cpp:53->Crypto.cpp:90]   --->   Operation 64 'load' 'DataRAM_12_load' <Predicate = (!icmp_ln88)> <Delay = 3.25> <CoreInst = "RAM">   --->   Core 82 'RAM' <Latency = 1> <II = 1> <Delay = 3.25> <Storage> <Opcode : 'load' 'store'> <Ports = 2> <Width = 32> <Depth = 256> <RAM>
ST_1 : Operation 65 [2/2] (3.25ns)   --->   "%DataRAM_13_load = load i8 %DataRAM_13_addr" [Arithmetic.cpp:53->Crypto.cpp:90]   --->   Operation 65 'load' 'DataRAM_13_load' <Predicate = (!icmp_ln88)> <Delay = 3.25> <CoreInst = "RAM">   --->   Core 82 'RAM' <Latency = 1> <II = 1> <Delay = 3.25> <Storage> <Opcode : 'load' 'store'> <Ports = 2> <Width = 32> <Depth = 256> <RAM>
ST_1 : Operation 66 [2/2] (3.25ns)   --->   "%DataRAM_14_load = load i8 %DataRAM_14_addr" [Arithmetic.cpp:53->Crypto.cpp:90]   --->   Operation 66 'load' 'DataRAM_14_load' <Predicate = (!icmp_ln88)> <Delay = 3.25> <CoreInst = "RAM">   --->   Core 82 'RAM' <Latency = 1> <II = 1> <Delay = 3.25> <Storage> <Opcode : 'load' 'store'> <Ports = 2> <Width = 32> <Depth = 256> <RAM>
ST_1 : Operation 67 [2/2] (3.25ns)   --->   "%DataRAM_15_load = load i8 %DataRAM_15_addr" [Arithmetic.cpp:53->Crypto.cpp:90]   --->   Operation 67 'load' 'DataRAM_15_load' <Predicate = (!icmp_ln88)> <Delay = 3.25> <CoreInst = "RAM">   --->   Core 82 'RAM' <Latency = 1> <II = 1> <Delay = 3.25> <Storage> <Opcode : 'load' 'store'> <Ports = 2> <Width = 32> <Depth = 256> <RAM>
ST_1 : Operation 68 [2/2] (3.25ns)   --->   "%DataRAM_16_load = load i8 %DataRAM_16_addr" [Arithmetic.cpp:53->Crypto.cpp:90]   --->   Operation 68 'load' 'DataRAM_16_load' <Predicate = (!icmp_ln88)> <Delay = 3.25> <CoreInst = "RAM">   --->   Core 82 'RAM' <Latency = 1> <II = 1> <Delay = 3.25> <Storage> <Opcode : 'load' 'store'> <Ports = 2> <Width = 32> <Depth = 256> <RAM>
ST_1 : Operation 69 [2/2] (3.25ns)   --->   "%DataRAM_17_load = load i8 %DataRAM_17_addr" [Arithmetic.cpp:53->Crypto.cpp:90]   --->   Operation 69 'load' 'DataRAM_17_load' <Predicate = (!icmp_ln88)> <Delay = 3.25> <CoreInst = "RAM">   --->   Core 82 'RAM' <Latency = 1> <II = 1> <Delay = 3.25> <Storage> <Opcode : 'load' 'store'> <Ports = 2> <Width = 32> <Depth = 256> <RAM>
ST_1 : Operation 70 [2/2] (3.25ns)   --->   "%DataRAM_18_load = load i8 %DataRAM_18_addr" [Arithmetic.cpp:53->Crypto.cpp:90]   --->   Operation 70 'load' 'DataRAM_18_load' <Predicate = (!icmp_ln88)> <Delay = 3.25> <CoreInst = "RAM">   --->   Core 82 'RAM' <Latency = 1> <II = 1> <Delay = 3.25> <Storage> <Opcode : 'load' 'store'> <Ports = 2> <Width = 32> <Depth = 256> <RAM>
ST_1 : Operation 71 [2/2] (3.25ns)   --->   "%DataRAM_19_load = load i8 %DataRAM_19_addr" [Arithmetic.cpp:53->Crypto.cpp:90]   --->   Operation 71 'load' 'DataRAM_19_load' <Predicate = (!icmp_ln88)> <Delay = 3.25> <CoreInst = "RAM">   --->   Core 82 'RAM' <Latency = 1> <II = 1> <Delay = 3.25> <Storage> <Opcode : 'load' 'store'> <Ports = 2> <Width = 32> <Depth = 256> <RAM>
ST_1 : Operation 72 [2/2] (3.25ns)   --->   "%DataRAM_20_load = load i8 %DataRAM_20_addr" [Arithmetic.cpp:53->Crypto.cpp:90]   --->   Operation 72 'load' 'DataRAM_20_load' <Predicate = (!icmp_ln88)> <Delay = 3.25> <CoreInst = "RAM">   --->   Core 82 'RAM' <Latency = 1> <II = 1> <Delay = 3.25> <Storage> <Opcode : 'load' 'store'> <Ports = 2> <Width = 32> <Depth = 256> <RAM>
ST_1 : Operation 73 [2/2] (3.25ns)   --->   "%DataRAM_21_load = load i8 %DataRAM_21_addr" [Arithmetic.cpp:53->Crypto.cpp:90]   --->   Operation 73 'load' 'DataRAM_21_load' <Predicate = (!icmp_ln88)> <Delay = 3.25> <CoreInst = "RAM">   --->   Core 82 'RAM' <Latency = 1> <II = 1> <Delay = 3.25> <Storage> <Opcode : 'load' 'store'> <Ports = 2> <Width = 32> <Depth = 256> <RAM>
ST_1 : Operation 74 [2/2] (3.25ns)   --->   "%DataRAM_22_load = load i8 %DataRAM_22_addr" [Arithmetic.cpp:53->Crypto.cpp:90]   --->   Operation 74 'load' 'DataRAM_22_load' <Predicate = (!icmp_ln88)> <Delay = 3.25> <CoreInst = "RAM">   --->   Core 82 'RAM' <Latency = 1> <II = 1> <Delay = 3.25> <Storage> <Opcode : 'load' 'store'> <Ports = 2> <Width = 32> <Depth = 256> <RAM>
ST_1 : Operation 75 [2/2] (3.25ns)   --->   "%DataRAM_23_load = load i8 %DataRAM_23_addr" [Arithmetic.cpp:53->Crypto.cpp:90]   --->   Operation 75 'load' 'DataRAM_23_load' <Predicate = (!icmp_ln88)> <Delay = 3.25> <CoreInst = "RAM">   --->   Core 82 'RAM' <Latency = 1> <II = 1> <Delay = 3.25> <Storage> <Opcode : 'load' 'store'> <Ports = 2> <Width = 32> <Depth = 256> <RAM>
ST_1 : Operation 76 [2/2] (3.25ns)   --->   "%DataRAM_24_load = load i8 %DataRAM_24_addr" [Arithmetic.cpp:53->Crypto.cpp:90]   --->   Operation 76 'load' 'DataRAM_24_load' <Predicate = (!icmp_ln88)> <Delay = 3.25> <CoreInst = "RAM">   --->   Core 82 'RAM' <Latency = 1> <II = 1> <Delay = 3.25> <Storage> <Opcode : 'load' 'store'> <Ports = 2> <Width = 32> <Depth = 256> <RAM>
ST_1 : Operation 77 [2/2] (3.25ns)   --->   "%DataRAM_25_load = load i8 %DataRAM_25_addr" [Arithmetic.cpp:53->Crypto.cpp:90]   --->   Operation 77 'load' 'DataRAM_25_load' <Predicate = (!icmp_ln88)> <Delay = 3.25> <CoreInst = "RAM">   --->   Core 82 'RAM' <Latency = 1> <II = 1> <Delay = 3.25> <Storage> <Opcode : 'load' 'store'> <Ports = 2> <Width = 32> <Depth = 256> <RAM>
ST_1 : Operation 78 [2/2] (3.25ns)   --->   "%DataRAM_26_load = load i8 %DataRAM_26_addr" [Arithmetic.cpp:53->Crypto.cpp:90]   --->   Operation 78 'load' 'DataRAM_26_load' <Predicate = (!icmp_ln88)> <Delay = 3.25> <CoreInst = "RAM">   --->   Core 82 'RAM' <Latency = 1> <II = 1> <Delay = 3.25> <Storage> <Opcode : 'load' 'store'> <Ports = 2> <Width = 32> <Depth = 256> <RAM>
ST_1 : Operation 79 [2/2] (3.25ns)   --->   "%DataRAM_27_load = load i8 %DataRAM_27_addr" [Arithmetic.cpp:53->Crypto.cpp:90]   --->   Operation 79 'load' 'DataRAM_27_load' <Predicate = (!icmp_ln88)> <Delay = 3.25> <CoreInst = "RAM">   --->   Core 82 'RAM' <Latency = 1> <II = 1> <Delay = 3.25> <Storage> <Opcode : 'load' 'store'> <Ports = 2> <Width = 32> <Depth = 256> <RAM>
ST_1 : Operation 80 [2/2] (3.25ns)   --->   "%DataRAM_28_load = load i8 %DataRAM_28_addr" [Arithmetic.cpp:53->Crypto.cpp:90]   --->   Operation 80 'load' 'DataRAM_28_load' <Predicate = (!icmp_ln88)> <Delay = 3.25> <CoreInst = "RAM">   --->   Core 82 'RAM' <Latency = 1> <II = 1> <Delay = 3.25> <Storage> <Opcode : 'load' 'store'> <Ports = 2> <Width = 32> <Depth = 256> <RAM>
ST_1 : Operation 81 [2/2] (3.25ns)   --->   "%DataRAM_29_load = load i8 %DataRAM_29_addr" [Arithmetic.cpp:53->Crypto.cpp:90]   --->   Operation 81 'load' 'DataRAM_29_load' <Predicate = (!icmp_ln88)> <Delay = 3.25> <CoreInst = "RAM">   --->   Core 82 'RAM' <Latency = 1> <II = 1> <Delay = 3.25> <Storage> <Opcode : 'load' 'store'> <Ports = 2> <Width = 32> <Depth = 256> <RAM>
ST_1 : Operation 82 [2/2] (3.25ns)   --->   "%DataRAM_30_load = load i8 %DataRAM_30_addr" [Arithmetic.cpp:53->Crypto.cpp:90]   --->   Operation 82 'load' 'DataRAM_30_load' <Predicate = (!icmp_ln88)> <Delay = 3.25> <CoreInst = "RAM">   --->   Core 82 'RAM' <Latency = 1> <II = 1> <Delay = 3.25> <Storage> <Opcode : 'load' 'store'> <Ports = 2> <Width = 32> <Depth = 256> <RAM>
ST_1 : Operation 83 [2/2] (3.25ns)   --->   "%DataRAM_31_load = load i8 %DataRAM_31_addr" [Arithmetic.cpp:53->Crypto.cpp:90]   --->   Operation 83 'load' 'DataRAM_31_load' <Predicate = (!icmp_ln88)> <Delay = 3.25> <CoreInst = "RAM">   --->   Core 82 'RAM' <Latency = 1> <II = 1> <Delay = 3.25> <Storage> <Opcode : 'load' 'store'> <Ports = 2> <Width = 32> <Depth = 256> <RAM>
ST_1 : Operation 84 [1/1] (1.88ns)   --->   "%switch_ln53 = switch i4 %trunc_ln88, void %arrayidx9218.case.15, i4 0, void %arrayidx9218.case.0, i4 1, void %arrayidx9218.case.1, i4 2, void %arrayidx9218.case.2, i4 3, void %arrayidx9218.case.3, i4 4, void %arrayidx9218.case.4, i4 5, void %arrayidx9218.case.5, i4 6, void %arrayidx9218.case.6, i4 7, void %arrayidx9218.case.7, i4 8, void %arrayidx9218.case.8, i4 9, void %arrayidx9218.case.9, i4 10, void %arrayidx9218.case.10, i4 11, void %arrayidx9218.case.11, i4 12, void %arrayidx9218.case.12, i4 13, void %arrayidx9218.case.13, i4 14, void %arrayidx9218.case.14" [Arithmetic.cpp:53->Crypto.cpp:90]   --->   Operation 84 'switch' 'switch_ln53' <Predicate = (!icmp_ln88)> <Delay = 1.88>
ST_1 : Operation 85 [1/1] (1.58ns)   --->   "%store_ln88 = store i13 %add_ln88, i13 %i" [Crypto.cpp:88]   --->   Operation 85 'store' 'store_ln88' <Predicate = (!icmp_ln88)> <Delay = 1.58>
ST_1 : Operation 86 [1/1] (0.00ns)   --->   "%br_ln88 = br void %for.inc99" [Crypto.cpp:88]   --->   Operation 86 'br' 'br_ln88' <Predicate = (!icmp_ln88)> <Delay = 0.00>

State 2 <SV = 1> <Delay = 3.25>
ST_2 : Operation 87 [1/2] (3.25ns)   --->   "%DataRAM_load = load i8 %DataRAM_addr" [Arithmetic.cpp:53->Crypto.cpp:90]   --->   Operation 87 'load' 'DataRAM_load' <Predicate = (!icmp_ln88)> <Delay = 3.25> <CoreInst = "RAM">   --->   Core 82 'RAM' <Latency = 1> <II = 1> <Delay = 3.25> <Storage> <Opcode : 'load' 'store'> <Ports = 2> <Width = 32> <Depth = 256> <RAM>
ST_2 : Operation 88 [1/2] (3.25ns)   --->   "%DataRAM_1_load = load i8 %DataRAM_1_addr" [Arithmetic.cpp:53->Crypto.cpp:90]   --->   Operation 88 'load' 'DataRAM_1_load' <Predicate = (!icmp_ln88)> <Delay = 3.25> <CoreInst = "RAM">   --->   Core 82 'RAM' <Latency = 1> <II = 1> <Delay = 3.25> <Storage> <Opcode : 'load' 'store'> <Ports = 2> <Width = 32> <Depth = 256> <RAM>
ST_2 : Operation 89 [1/2] (3.25ns)   --->   "%DataRAM_2_load = load i8 %DataRAM_2_addr" [Arithmetic.cpp:53->Crypto.cpp:90]   --->   Operation 89 'load' 'DataRAM_2_load' <Predicate = (!icmp_ln88)> <Delay = 3.25> <CoreInst = "RAM">   --->   Core 82 'RAM' <Latency = 1> <II = 1> <Delay = 3.25> <Storage> <Opcode : 'load' 'store'> <Ports = 2> <Width = 32> <Depth = 256> <RAM>
ST_2 : Operation 90 [1/2] (3.25ns)   --->   "%DataRAM_3_load = load i8 %DataRAM_3_addr" [Arithmetic.cpp:53->Crypto.cpp:90]   --->   Operation 90 'load' 'DataRAM_3_load' <Predicate = (!icmp_ln88)> <Delay = 3.25> <CoreInst = "RAM">   --->   Core 82 'RAM' <Latency = 1> <II = 1> <Delay = 3.25> <Storage> <Opcode : 'load' 'store'> <Ports = 2> <Width = 32> <Depth = 256> <RAM>
ST_2 : Operation 91 [1/2] (3.25ns)   --->   "%DataRAM_4_load = load i8 %DataRAM_4_addr" [Arithmetic.cpp:53->Crypto.cpp:90]   --->   Operation 91 'load' 'DataRAM_4_load' <Predicate = (!icmp_ln88)> <Delay = 3.25> <CoreInst = "RAM">   --->   Core 82 'RAM' <Latency = 1> <II = 1> <Delay = 3.25> <Storage> <Opcode : 'load' 'store'> <Ports = 2> <Width = 32> <Depth = 256> <RAM>
ST_2 : Operation 92 [1/2] (3.25ns)   --->   "%DataRAM_5_load = load i8 %DataRAM_5_addr" [Arithmetic.cpp:53->Crypto.cpp:90]   --->   Operation 92 'load' 'DataRAM_5_load' <Predicate = (!icmp_ln88)> <Delay = 3.25> <CoreInst = "RAM">   --->   Core 82 'RAM' <Latency = 1> <II = 1> <Delay = 3.25> <Storage> <Opcode : 'load' 'store'> <Ports = 2> <Width = 32> <Depth = 256> <RAM>
ST_2 : Operation 93 [1/2] (3.25ns)   --->   "%DataRAM_6_load = load i8 %DataRAM_6_addr" [Arithmetic.cpp:53->Crypto.cpp:90]   --->   Operation 93 'load' 'DataRAM_6_load' <Predicate = (!icmp_ln88)> <Delay = 3.25> <CoreInst = "RAM">   --->   Core 82 'RAM' <Latency = 1> <II = 1> <Delay = 3.25> <Storage> <Opcode : 'load' 'store'> <Ports = 2> <Width = 32> <Depth = 256> <RAM>
ST_2 : Operation 94 [1/2] (3.25ns)   --->   "%DataRAM_7_load = load i8 %DataRAM_7_addr" [Arithmetic.cpp:53->Crypto.cpp:90]   --->   Operation 94 'load' 'DataRAM_7_load' <Predicate = (!icmp_ln88)> <Delay = 3.25> <CoreInst = "RAM">   --->   Core 82 'RAM' <Latency = 1> <II = 1> <Delay = 3.25> <Storage> <Opcode : 'load' 'store'> <Ports = 2> <Width = 32> <Depth = 256> <RAM>
ST_2 : Operation 95 [1/2] (3.25ns)   --->   "%DataRAM_8_load = load i8 %DataRAM_8_addr" [Arithmetic.cpp:53->Crypto.cpp:90]   --->   Operation 95 'load' 'DataRAM_8_load' <Predicate = (!icmp_ln88)> <Delay = 3.25> <CoreInst = "RAM">   --->   Core 82 'RAM' <Latency = 1> <II = 1> <Delay = 3.25> <Storage> <Opcode : 'load' 'store'> <Ports = 2> <Width = 32> <Depth = 256> <RAM>
ST_2 : Operation 96 [1/2] (3.25ns)   --->   "%DataRAM_9_load = load i8 %DataRAM_9_addr" [Arithmetic.cpp:53->Crypto.cpp:90]   --->   Operation 96 'load' 'DataRAM_9_load' <Predicate = (!icmp_ln88)> <Delay = 3.25> <CoreInst = "RAM">   --->   Core 82 'RAM' <Latency = 1> <II = 1> <Delay = 3.25> <Storage> <Opcode : 'load' 'store'> <Ports = 2> <Width = 32> <Depth = 256> <RAM>
ST_2 : Operation 97 [1/2] (3.25ns)   --->   "%DataRAM_10_load = load i8 %DataRAM_10_addr" [Arithmetic.cpp:53->Crypto.cpp:90]   --->   Operation 97 'load' 'DataRAM_10_load' <Predicate = (!icmp_ln88)> <Delay = 3.25> <CoreInst = "RAM">   --->   Core 82 'RAM' <Latency = 1> <II = 1> <Delay = 3.25> <Storage> <Opcode : 'load' 'store'> <Ports = 2> <Width = 32> <Depth = 256> <RAM>
ST_2 : Operation 98 [1/2] (3.25ns)   --->   "%DataRAM_11_load = load i8 %DataRAM_11_addr" [Arithmetic.cpp:53->Crypto.cpp:90]   --->   Operation 98 'load' 'DataRAM_11_load' <Predicate = (!icmp_ln88)> <Delay = 3.25> <CoreInst = "RAM">   --->   Core 82 'RAM' <Latency = 1> <II = 1> <Delay = 3.25> <Storage> <Opcode : 'load' 'store'> <Ports = 2> <Width = 32> <Depth = 256> <RAM>
ST_2 : Operation 99 [1/2] (3.25ns)   --->   "%DataRAM_12_load = load i8 %DataRAM_12_addr" [Arithmetic.cpp:53->Crypto.cpp:90]   --->   Operation 99 'load' 'DataRAM_12_load' <Predicate = (!icmp_ln88)> <Delay = 3.25> <CoreInst = "RAM">   --->   Core 82 'RAM' <Latency = 1> <II = 1> <Delay = 3.25> <Storage> <Opcode : 'load' 'store'> <Ports = 2> <Width = 32> <Depth = 256> <RAM>
ST_2 : Operation 100 [1/2] (3.25ns)   --->   "%DataRAM_13_load = load i8 %DataRAM_13_addr" [Arithmetic.cpp:53->Crypto.cpp:90]   --->   Operation 100 'load' 'DataRAM_13_load' <Predicate = (!icmp_ln88)> <Delay = 3.25> <CoreInst = "RAM">   --->   Core 82 'RAM' <Latency = 1> <II = 1> <Delay = 3.25> <Storage> <Opcode : 'load' 'store'> <Ports = 2> <Width = 32> <Depth = 256> <RAM>
ST_2 : Operation 101 [1/2] (3.25ns)   --->   "%DataRAM_14_load = load i8 %DataRAM_14_addr" [Arithmetic.cpp:53->Crypto.cpp:90]   --->   Operation 101 'load' 'DataRAM_14_load' <Predicate = (!icmp_ln88)> <Delay = 3.25> <CoreInst = "RAM">   --->   Core 82 'RAM' <Latency = 1> <II = 1> <Delay = 3.25> <Storage> <Opcode : 'load' 'store'> <Ports = 2> <Width = 32> <Depth = 256> <RAM>
ST_2 : Operation 102 [1/2] (3.25ns)   --->   "%DataRAM_15_load = load i8 %DataRAM_15_addr" [Arithmetic.cpp:53->Crypto.cpp:90]   --->   Operation 102 'load' 'DataRAM_15_load' <Predicate = (!icmp_ln88)> <Delay = 3.25> <CoreInst = "RAM">   --->   Core 82 'RAM' <Latency = 1> <II = 1> <Delay = 3.25> <Storage> <Opcode : 'load' 'store'> <Ports = 2> <Width = 32> <Depth = 256> <RAM>
ST_2 : Operation 103 [1/2] (3.25ns)   --->   "%DataRAM_16_load = load i8 %DataRAM_16_addr" [Arithmetic.cpp:53->Crypto.cpp:90]   --->   Operation 103 'load' 'DataRAM_16_load' <Predicate = (!icmp_ln88)> <Delay = 3.25> <CoreInst = "RAM">   --->   Core 82 'RAM' <Latency = 1> <II = 1> <Delay = 3.25> <Storage> <Opcode : 'load' 'store'> <Ports = 2> <Width = 32> <Depth = 256> <RAM>
ST_2 : Operation 104 [1/2] (3.25ns)   --->   "%DataRAM_17_load = load i8 %DataRAM_17_addr" [Arithmetic.cpp:53->Crypto.cpp:90]   --->   Operation 104 'load' 'DataRAM_17_load' <Predicate = (!icmp_ln88)> <Delay = 3.25> <CoreInst = "RAM">   --->   Core 82 'RAM' <Latency = 1> <II = 1> <Delay = 3.25> <Storage> <Opcode : 'load' 'store'> <Ports = 2> <Width = 32> <Depth = 256> <RAM>
ST_2 : Operation 105 [1/2] (3.25ns)   --->   "%DataRAM_18_load = load i8 %DataRAM_18_addr" [Arithmetic.cpp:53->Crypto.cpp:90]   --->   Operation 105 'load' 'DataRAM_18_load' <Predicate = (!icmp_ln88)> <Delay = 3.25> <CoreInst = "RAM">   --->   Core 82 'RAM' <Latency = 1> <II = 1> <Delay = 3.25> <Storage> <Opcode : 'load' 'store'> <Ports = 2> <Width = 32> <Depth = 256> <RAM>
ST_2 : Operation 106 [1/2] (3.25ns)   --->   "%DataRAM_19_load = load i8 %DataRAM_19_addr" [Arithmetic.cpp:53->Crypto.cpp:90]   --->   Operation 106 'load' 'DataRAM_19_load' <Predicate = (!icmp_ln88)> <Delay = 3.25> <CoreInst = "RAM">   --->   Core 82 'RAM' <Latency = 1> <II = 1> <Delay = 3.25> <Storage> <Opcode : 'load' 'store'> <Ports = 2> <Width = 32> <Depth = 256> <RAM>
ST_2 : Operation 107 [1/2] (3.25ns)   --->   "%DataRAM_20_load = load i8 %DataRAM_20_addr" [Arithmetic.cpp:53->Crypto.cpp:90]   --->   Operation 107 'load' 'DataRAM_20_load' <Predicate = (!icmp_ln88)> <Delay = 3.25> <CoreInst = "RAM">   --->   Core 82 'RAM' <Latency = 1> <II = 1> <Delay = 3.25> <Storage> <Opcode : 'load' 'store'> <Ports = 2> <Width = 32> <Depth = 256> <RAM>
ST_2 : Operation 108 [1/2] (3.25ns)   --->   "%DataRAM_21_load = load i8 %DataRAM_21_addr" [Arithmetic.cpp:53->Crypto.cpp:90]   --->   Operation 108 'load' 'DataRAM_21_load' <Predicate = (!icmp_ln88)> <Delay = 3.25> <CoreInst = "RAM">   --->   Core 82 'RAM' <Latency = 1> <II = 1> <Delay = 3.25> <Storage> <Opcode : 'load' 'store'> <Ports = 2> <Width = 32> <Depth = 256> <RAM>
ST_2 : Operation 109 [1/2] (3.25ns)   --->   "%DataRAM_22_load = load i8 %DataRAM_22_addr" [Arithmetic.cpp:53->Crypto.cpp:90]   --->   Operation 109 'load' 'DataRAM_22_load' <Predicate = (!icmp_ln88)> <Delay = 3.25> <CoreInst = "RAM">   --->   Core 82 'RAM' <Latency = 1> <II = 1> <Delay = 3.25> <Storage> <Opcode : 'load' 'store'> <Ports = 2> <Width = 32> <Depth = 256> <RAM>
ST_2 : Operation 110 [1/2] (3.25ns)   --->   "%DataRAM_23_load = load i8 %DataRAM_23_addr" [Arithmetic.cpp:53->Crypto.cpp:90]   --->   Operation 110 'load' 'DataRAM_23_load' <Predicate = (!icmp_ln88)> <Delay = 3.25> <CoreInst = "RAM">   --->   Core 82 'RAM' <Latency = 1> <II = 1> <Delay = 3.25> <Storage> <Opcode : 'load' 'store'> <Ports = 2> <Width = 32> <Depth = 256> <RAM>
ST_2 : Operation 111 [1/2] (3.25ns)   --->   "%DataRAM_24_load = load i8 %DataRAM_24_addr" [Arithmetic.cpp:53->Crypto.cpp:90]   --->   Operation 111 'load' 'DataRAM_24_load' <Predicate = (!icmp_ln88)> <Delay = 3.25> <CoreInst = "RAM">   --->   Core 82 'RAM' <Latency = 1> <II = 1> <Delay = 3.25> <Storage> <Opcode : 'load' 'store'> <Ports = 2> <Width = 32> <Depth = 256> <RAM>
ST_2 : Operation 112 [1/2] (3.25ns)   --->   "%DataRAM_25_load = load i8 %DataRAM_25_addr" [Arithmetic.cpp:53->Crypto.cpp:90]   --->   Operation 112 'load' 'DataRAM_25_load' <Predicate = (!icmp_ln88)> <Delay = 3.25> <CoreInst = "RAM">   --->   Core 82 'RAM' <Latency = 1> <II = 1> <Delay = 3.25> <Storage> <Opcode : 'load' 'store'> <Ports = 2> <Width = 32> <Depth = 256> <RAM>
ST_2 : Operation 113 [1/2] (3.25ns)   --->   "%DataRAM_26_load = load i8 %DataRAM_26_addr" [Arithmetic.cpp:53->Crypto.cpp:90]   --->   Operation 113 'load' 'DataRAM_26_load' <Predicate = (!icmp_ln88)> <Delay = 3.25> <CoreInst = "RAM">   --->   Core 82 'RAM' <Latency = 1> <II = 1> <Delay = 3.25> <Storage> <Opcode : 'load' 'store'> <Ports = 2> <Width = 32> <Depth = 256> <RAM>
ST_2 : Operation 114 [1/2] (3.25ns)   --->   "%DataRAM_27_load = load i8 %DataRAM_27_addr" [Arithmetic.cpp:53->Crypto.cpp:90]   --->   Operation 114 'load' 'DataRAM_27_load' <Predicate = (!icmp_ln88)> <Delay = 3.25> <CoreInst = "RAM">   --->   Core 82 'RAM' <Latency = 1> <II = 1> <Delay = 3.25> <Storage> <Opcode : 'load' 'store'> <Ports = 2> <Width = 32> <Depth = 256> <RAM>
ST_2 : Operation 115 [1/2] (3.25ns)   --->   "%DataRAM_28_load = load i8 %DataRAM_28_addr" [Arithmetic.cpp:53->Crypto.cpp:90]   --->   Operation 115 'load' 'DataRAM_28_load' <Predicate = (!icmp_ln88)> <Delay = 3.25> <CoreInst = "RAM">   --->   Core 82 'RAM' <Latency = 1> <II = 1> <Delay = 3.25> <Storage> <Opcode : 'load' 'store'> <Ports = 2> <Width = 32> <Depth = 256> <RAM>
ST_2 : Operation 116 [1/2] (3.25ns)   --->   "%DataRAM_29_load = load i8 %DataRAM_29_addr" [Arithmetic.cpp:53->Crypto.cpp:90]   --->   Operation 116 'load' 'DataRAM_29_load' <Predicate = (!icmp_ln88)> <Delay = 3.25> <CoreInst = "RAM">   --->   Core 82 'RAM' <Latency = 1> <II = 1> <Delay = 3.25> <Storage> <Opcode : 'load' 'store'> <Ports = 2> <Width = 32> <Depth = 256> <RAM>
ST_2 : Operation 117 [1/2] (3.25ns)   --->   "%DataRAM_30_load = load i8 %DataRAM_30_addr" [Arithmetic.cpp:53->Crypto.cpp:90]   --->   Operation 117 'load' 'DataRAM_30_load' <Predicate = (!icmp_ln88)> <Delay = 3.25> <CoreInst = "RAM">   --->   Core 82 'RAM' <Latency = 1> <II = 1> <Delay = 3.25> <Storage> <Opcode : 'load' 'store'> <Ports = 2> <Width = 32> <Depth = 256> <RAM>
ST_2 : Operation 118 [1/2] (3.25ns)   --->   "%DataRAM_31_load = load i8 %DataRAM_31_addr" [Arithmetic.cpp:53->Crypto.cpp:90]   --->   Operation 118 'load' 'DataRAM_31_load' <Predicate = (!icmp_ln88)> <Delay = 3.25> <CoreInst = "RAM">   --->   Core 82 'RAM' <Latency = 1> <II = 1> <Delay = 3.25> <Storage> <Opcode : 'load' 'store'> <Ports = 2> <Width = 32> <Depth = 256> <RAM>
ST_2 : Operation 119 [1/1] (0.00ns)   --->   "%br_ln53 = br void %arrayidx9218.exit" [Arithmetic.cpp:53->Crypto.cpp:90]   --->   Operation 119 'br' 'br_ln53' <Predicate = (!icmp_ln88 & trunc_ln88 == 14)> <Delay = 0.00>
ST_2 : Operation 120 [1/1] (0.00ns)   --->   "%br_ln53 = br void %arrayidx9218.exit" [Arithmetic.cpp:53->Crypto.cpp:90]   --->   Operation 120 'br' 'br_ln53' <Predicate = (!icmp_ln88 & trunc_ln88 == 13)> <Delay = 0.00>
ST_2 : Operation 121 [1/1] (0.00ns)   --->   "%br_ln53 = br void %arrayidx9218.exit" [Arithmetic.cpp:53->Crypto.cpp:90]   --->   Operation 121 'br' 'br_ln53' <Predicate = (!icmp_ln88 & trunc_ln88 == 12)> <Delay = 0.00>
ST_2 : Operation 122 [1/1] (0.00ns)   --->   "%br_ln53 = br void %arrayidx9218.exit" [Arithmetic.cpp:53->Crypto.cpp:90]   --->   Operation 122 'br' 'br_ln53' <Predicate = (!icmp_ln88 & trunc_ln88 == 11)> <Delay = 0.00>
ST_2 : Operation 123 [1/1] (0.00ns)   --->   "%br_ln53 = br void %arrayidx9218.exit" [Arithmetic.cpp:53->Crypto.cpp:90]   --->   Operation 123 'br' 'br_ln53' <Predicate = (!icmp_ln88 & trunc_ln88 == 10)> <Delay = 0.00>
ST_2 : Operation 124 [1/1] (0.00ns)   --->   "%br_ln53 = br void %arrayidx9218.exit" [Arithmetic.cpp:53->Crypto.cpp:90]   --->   Operation 124 'br' 'br_ln53' <Predicate = (!icmp_ln88 & trunc_ln88 == 9)> <Delay = 0.00>
ST_2 : Operation 125 [1/1] (0.00ns)   --->   "%br_ln53 = br void %arrayidx9218.exit" [Arithmetic.cpp:53->Crypto.cpp:90]   --->   Operation 125 'br' 'br_ln53' <Predicate = (!icmp_ln88 & trunc_ln88 == 8)> <Delay = 0.00>
ST_2 : Operation 126 [1/1] (0.00ns)   --->   "%br_ln53 = br void %arrayidx9218.exit" [Arithmetic.cpp:53->Crypto.cpp:90]   --->   Operation 126 'br' 'br_ln53' <Predicate = (!icmp_ln88 & trunc_ln88 == 7)> <Delay = 0.00>
ST_2 : Operation 127 [1/1] (0.00ns)   --->   "%br_ln53 = br void %arrayidx9218.exit" [Arithmetic.cpp:53->Crypto.cpp:90]   --->   Operation 127 'br' 'br_ln53' <Predicate = (!icmp_ln88 & trunc_ln88 == 6)> <Delay = 0.00>
ST_2 : Operation 128 [1/1] (0.00ns)   --->   "%br_ln53 = br void %arrayidx9218.exit" [Arithmetic.cpp:53->Crypto.cpp:90]   --->   Operation 128 'br' 'br_ln53' <Predicate = (!icmp_ln88 & trunc_ln88 == 5)> <Delay = 0.00>
ST_2 : Operation 129 [1/1] (0.00ns)   --->   "%br_ln53 = br void %arrayidx9218.exit" [Arithmetic.cpp:53->Crypto.cpp:90]   --->   Operation 129 'br' 'br_ln53' <Predicate = (!icmp_ln88 & trunc_ln88 == 4)> <Delay = 0.00>
ST_2 : Operation 130 [1/1] (0.00ns)   --->   "%br_ln53 = br void %arrayidx9218.exit" [Arithmetic.cpp:53->Crypto.cpp:90]   --->   Operation 130 'br' 'br_ln53' <Predicate = (!icmp_ln88 & trunc_ln88 == 3)> <Delay = 0.00>
ST_2 : Operation 131 [1/1] (0.00ns)   --->   "%br_ln53 = br void %arrayidx9218.exit" [Arithmetic.cpp:53->Crypto.cpp:90]   --->   Operation 131 'br' 'br_ln53' <Predicate = (!icmp_ln88 & trunc_ln88 == 2)> <Delay = 0.00>
ST_2 : Operation 132 [1/1] (0.00ns)   --->   "%br_ln53 = br void %arrayidx9218.exit" [Arithmetic.cpp:53->Crypto.cpp:90]   --->   Operation 132 'br' 'br_ln53' <Predicate = (!icmp_ln88 & trunc_ln88 == 1)> <Delay = 0.00>
ST_2 : Operation 133 [1/1] (0.00ns)   --->   "%br_ln53 = br void %arrayidx9218.exit" [Arithmetic.cpp:53->Crypto.cpp:90]   --->   Operation 133 'br' 'br_ln53' <Predicate = (!icmp_ln88 & trunc_ln88 == 0)> <Delay = 0.00>
ST_2 : Operation 134 [1/1] (0.00ns)   --->   "%br_ln53 = br void %arrayidx9218.exit" [Arithmetic.cpp:53->Crypto.cpp:90]   --->   Operation 134 'br' 'br_ln53' <Predicate = (!icmp_ln88 & trunc_ln88 == 15)> <Delay = 0.00>

State 3 <SV = 2> <Delay = 4.61>
ST_3 : Operation 135 [1/1] (0.00ns)   --->   "%specpipeline_ln89 = specpipeline void @_ssdm_op_SpecPipeline, i32 1, i32 0, i32 0, i32 0, void @empty_26" [Crypto.cpp:89]   --->   Operation 135 'specpipeline' 'specpipeline_ln89' <Predicate = true> <Delay = 0.00>
ST_3 : Operation 136 [1/1] (0.00ns)   --->   "%speclooptripcount_ln88 = speclooptripcount void @_ssdm_op_SpecLoopTripCount, i64 4096, i64 4096, i64 4096" [Crypto.cpp:88]   --->   Operation 136 'speclooptripcount' 'speclooptripcount_ln88' <Predicate = true> <Delay = 0.00>
ST_3 : Operation 137 [1/1] (0.00ns)   --->   "%specloopname_ln88 = specloopname void @_ssdm_op_SpecLoopName, void @empty_13" [Crypto.cpp:88]   --->   Operation 137 'specloopname' 'specloopname_ln88' <Predicate = true> <Delay = 0.00>
ST_3 : Operation 138 [1/1] (2.06ns)   --->   "%tmp_5 = mux i32 @_ssdm_op_Mux.ap_auto.16i32.i4, i32 %DataRAM_load, i32 %DataRAM_1_load, i32 %DataRAM_2_load, i32 %DataRAM_3_load, i32 %DataRAM_4_load, i32 %DataRAM_5_load, i32 %DataRAM_6_load, i32 %DataRAM_7_load, i32 %DataRAM_8_load, i32 %DataRAM_9_load, i32 %DataRAM_10_load, i32 %DataRAM_11_load, i32 %DataRAM_12_load, i32 %DataRAM_13_load, i32 %DataRAM_14_load, i32 %DataRAM_15_load, i4 %trunc_ln88" [Arithmetic.cpp:53->Crypto.cpp:90]   --->   Operation 138 'mux' 'tmp_5' <Predicate = true> <Delay = 2.06> <CoreInst = "Multiplexer">   --->   Core 76 'Multiplexer' <Latency = 0> <II = 1> <Delay = 2.06> <FuncUnit> <Opcode : 'mux'> <InPorts = 2> <OutPorts = 1>
ST_3 : Operation 139 [1/1] (2.06ns)   --->   "%tmp_6 = mux i32 @_ssdm_op_Mux.ap_auto.16i32.i4, i32 %DataRAM_16_load, i32 %DataRAM_17_load, i32 %DataRAM_18_load, i32 %DataRAM_19_load, i32 %DataRAM_20_load, i32 %DataRAM_21_load, i32 %DataRAM_22_load, i32 %DataRAM_23_load, i32 %DataRAM_24_load, i32 %DataRAM_25_load, i32 %DataRAM_26_load, i32 %DataRAM_27_load, i32 %DataRAM_28_load, i32 %DataRAM_29_load, i32 %DataRAM_30_load, i32 %DataRAM_31_load, i4 %trunc_ln88" [Arithmetic.cpp:53->Crypto.cpp:90]   --->   Operation 139 'mux' 'tmp_6' <Predicate = true> <Delay = 2.06> <CoreInst = "Multiplexer">   --->   Core 76 'Multiplexer' <Latency = 0> <II = 1> <Delay = 2.06> <FuncUnit> <Opcode : 'mux'> <InPorts = 2> <OutPorts = 1>
ST_3 : Operation 140 [1/1] (2.55ns)   --->   "%sub_ln53 = sub i32 %tmp_5, i32 %tmp_6" [Arithmetic.cpp:53->Crypto.cpp:90]   --->   Operation 140 'sub' 'sub_ln53' <Predicate = true> <Delay = 2.55> <CoreInst = "Adder">   --->   Core 1 'Adder' <Latency = 0> <II = 1> <Delay = 2.55> <FuncUnit> <Opcode : 'add' 'sub'> <InPorts = 2> <OutPorts = 1>
ST_3 : Operation 141 [1/1] (0.00ns)   --->   "%tmp = bitselect i1 @_ssdm_op_BitSelect.i1.i32.i32, i32 %sub_ln53, i32 31" [Arithmetic.cpp:55->Crypto.cpp:90]   --->   Operation 141 'bitselect' 'tmp' <Predicate = true> <Delay = 0.00>
ST_3 : Operation 142 [1/1] (0.00ns)   --->   "%br_ln55 = br i1 %tmp, void %_Z7SUB_MODP6ap_intILi32EES1_S1_i.6.18.93.exit, void %if.then.i36" [Arithmetic.cpp:55->Crypto.cpp:90]   --->   Operation 142 'br' 'br_ln55' <Predicate = true> <Delay = 0.00>
ST_3 : Operation 143 [1/1] (1.88ns)   --->   "%switch_ln56 = switch i4 %trunc_ln88, void %arrayidx9218.case.15870, i4 0, void %arrayidx9218.case.0855, i4 1, void %arrayidx9218.case.1856, i4 2, void %arrayidx9218.case.2857, i4 3, void %arrayidx9218.case.3858, i4 4, void %arrayidx9218.case.4859, i4 5, void %arrayidx9218.case.5860, i4 6, void %arrayidx9218.case.6861, i4 7, void %arrayidx9218.case.7862, i4 8, void %arrayidx9218.case.8863, i4 9, void %arrayidx9218.case.9864, i4 10, void %arrayidx9218.case.10865, i4 11, void %arrayidx9218.case.11866, i4 12, void %arrayidx9218.case.12867, i4 13, void %arrayidx9218.case.13868, i4 14, void %arrayidx9218.case.14869" [Arithmetic.cpp:56->Crypto.cpp:90]   --->   Operation 143 'switch' 'switch_ln56' <Predicate = (tmp)> <Delay = 1.88>
ST_3 : Operation 194 [1/1] (0.00ns)   --->   "%ret_ln0 = ret"   --->   Operation 194 'ret' 'ret_ln0' <Predicate = (icmp_ln88)> <Delay = 0.00>

State 4 <SV = 3> <Delay = 3.25>
ST_4 : Operation 144 [1/1] (3.25ns)   --->   "%store_ln53 = store i32 %sub_ln53, i8 %DataRAM_14_addr" [Arithmetic.cpp:53->Crypto.cpp:90]   --->   Operation 144 'store' 'store_ln53' <Predicate = (trunc_ln88 == 14)> <Delay = 3.25> <CoreInst = "RAM">   --->   Core 82 'RAM' <Latency = 1> <II = 1> <Delay = 3.25> <Storage> <Opcode : 'load' 'store'> <Ports = 2> <Width = 32> <Depth = 256> <RAM>
ST_4 : Operation 145 [1/1] (3.25ns)   --->   "%store_ln53 = store i32 %sub_ln53, i8 %DataRAM_13_addr" [Arithmetic.cpp:53->Crypto.cpp:90]   --->   Operation 145 'store' 'store_ln53' <Predicate = (trunc_ln88 == 13)> <Delay = 3.25> <CoreInst = "RAM">   --->   Core 82 'RAM' <Latency = 1> <II = 1> <Delay = 3.25> <Storage> <Opcode : 'load' 'store'> <Ports = 2> <Width = 32> <Depth = 256> <RAM>
ST_4 : Operation 146 [1/1] (3.25ns)   --->   "%store_ln53 = store i32 %sub_ln53, i8 %DataRAM_12_addr" [Arithmetic.cpp:53->Crypto.cpp:90]   --->   Operation 146 'store' 'store_ln53' <Predicate = (trunc_ln88 == 12)> <Delay = 3.25> <CoreInst = "RAM">   --->   Core 82 'RAM' <Latency = 1> <II = 1> <Delay = 3.25> <Storage> <Opcode : 'load' 'store'> <Ports = 2> <Width = 32> <Depth = 256> <RAM>
ST_4 : Operation 147 [1/1] (3.25ns)   --->   "%store_ln53 = store i32 %sub_ln53, i8 %DataRAM_11_addr" [Arithmetic.cpp:53->Crypto.cpp:90]   --->   Operation 147 'store' 'store_ln53' <Predicate = (trunc_ln88 == 11)> <Delay = 3.25> <CoreInst = "RAM">   --->   Core 82 'RAM' <Latency = 1> <II = 1> <Delay = 3.25> <Storage> <Opcode : 'load' 'store'> <Ports = 2> <Width = 32> <Depth = 256> <RAM>
ST_4 : Operation 148 [1/1] (3.25ns)   --->   "%store_ln53 = store i32 %sub_ln53, i8 %DataRAM_10_addr" [Arithmetic.cpp:53->Crypto.cpp:90]   --->   Operation 148 'store' 'store_ln53' <Predicate = (trunc_ln88 == 10)> <Delay = 3.25> <CoreInst = "RAM">   --->   Core 82 'RAM' <Latency = 1> <II = 1> <Delay = 3.25> <Storage> <Opcode : 'load' 'store'> <Ports = 2> <Width = 32> <Depth = 256> <RAM>
ST_4 : Operation 149 [1/1] (3.25ns)   --->   "%store_ln53 = store i32 %sub_ln53, i8 %DataRAM_9_addr" [Arithmetic.cpp:53->Crypto.cpp:90]   --->   Operation 149 'store' 'store_ln53' <Predicate = (trunc_ln88 == 9)> <Delay = 3.25> <CoreInst = "RAM">   --->   Core 82 'RAM' <Latency = 1> <II = 1> <Delay = 3.25> <Storage> <Opcode : 'load' 'store'> <Ports = 2> <Width = 32> <Depth = 256> <RAM>
ST_4 : Operation 150 [1/1] (3.25ns)   --->   "%store_ln53 = store i32 %sub_ln53, i8 %DataRAM_8_addr" [Arithmetic.cpp:53->Crypto.cpp:90]   --->   Operation 150 'store' 'store_ln53' <Predicate = (trunc_ln88 == 8)> <Delay = 3.25> <CoreInst = "RAM">   --->   Core 82 'RAM' <Latency = 1> <II = 1> <Delay = 3.25> <Storage> <Opcode : 'load' 'store'> <Ports = 2> <Width = 32> <Depth = 256> <RAM>
ST_4 : Operation 151 [1/1] (3.25ns)   --->   "%store_ln53 = store i32 %sub_ln53, i8 %DataRAM_7_addr" [Arithmetic.cpp:53->Crypto.cpp:90]   --->   Operation 151 'store' 'store_ln53' <Predicate = (trunc_ln88 == 7)> <Delay = 3.25> <CoreInst = "RAM">   --->   Core 82 'RAM' <Latency = 1> <II = 1> <Delay = 3.25> <Storage> <Opcode : 'load' 'store'> <Ports = 2> <Width = 32> <Depth = 256> <RAM>
ST_4 : Operation 152 [1/1] (3.25ns)   --->   "%store_ln53 = store i32 %sub_ln53, i8 %DataRAM_6_addr" [Arithmetic.cpp:53->Crypto.cpp:90]   --->   Operation 152 'store' 'store_ln53' <Predicate = (trunc_ln88 == 6)> <Delay = 3.25> <CoreInst = "RAM">   --->   Core 82 'RAM' <Latency = 1> <II = 1> <Delay = 3.25> <Storage> <Opcode : 'load' 'store'> <Ports = 2> <Width = 32> <Depth = 256> <RAM>
ST_4 : Operation 153 [1/1] (3.25ns)   --->   "%store_ln53 = store i32 %sub_ln53, i8 %DataRAM_5_addr" [Arithmetic.cpp:53->Crypto.cpp:90]   --->   Operation 153 'store' 'store_ln53' <Predicate = (trunc_ln88 == 5)> <Delay = 3.25> <CoreInst = "RAM">   --->   Core 82 'RAM' <Latency = 1> <II = 1> <Delay = 3.25> <Storage> <Opcode : 'load' 'store'> <Ports = 2> <Width = 32> <Depth = 256> <RAM>
ST_4 : Operation 154 [1/1] (3.25ns)   --->   "%store_ln53 = store i32 %sub_ln53, i8 %DataRAM_4_addr" [Arithmetic.cpp:53->Crypto.cpp:90]   --->   Operation 154 'store' 'store_ln53' <Predicate = (trunc_ln88 == 4)> <Delay = 3.25> <CoreInst = "RAM">   --->   Core 82 'RAM' <Latency = 1> <II = 1> <Delay = 3.25> <Storage> <Opcode : 'load' 'store'> <Ports = 2> <Width = 32> <Depth = 256> <RAM>
ST_4 : Operation 155 [1/1] (3.25ns)   --->   "%store_ln53 = store i32 %sub_ln53, i8 %DataRAM_3_addr" [Arithmetic.cpp:53->Crypto.cpp:90]   --->   Operation 155 'store' 'store_ln53' <Predicate = (trunc_ln88 == 3)> <Delay = 3.25> <CoreInst = "RAM">   --->   Core 82 'RAM' <Latency = 1> <II = 1> <Delay = 3.25> <Storage> <Opcode : 'load' 'store'> <Ports = 2> <Width = 32> <Depth = 256> <RAM>
ST_4 : Operation 156 [1/1] (3.25ns)   --->   "%store_ln53 = store i32 %sub_ln53, i8 %DataRAM_2_addr" [Arithmetic.cpp:53->Crypto.cpp:90]   --->   Operation 156 'store' 'store_ln53' <Predicate = (trunc_ln88 == 2)> <Delay = 3.25> <CoreInst = "RAM">   --->   Core 82 'RAM' <Latency = 1> <II = 1> <Delay = 3.25> <Storage> <Opcode : 'load' 'store'> <Ports = 2> <Width = 32> <Depth = 256> <RAM>
ST_4 : Operation 157 [1/1] (3.25ns)   --->   "%store_ln53 = store i32 %sub_ln53, i8 %DataRAM_1_addr" [Arithmetic.cpp:53->Crypto.cpp:90]   --->   Operation 157 'store' 'store_ln53' <Predicate = (trunc_ln88 == 1)> <Delay = 3.25> <CoreInst = "RAM">   --->   Core 82 'RAM' <Latency = 1> <II = 1> <Delay = 3.25> <Storage> <Opcode : 'load' 'store'> <Ports = 2> <Width = 32> <Depth = 256> <RAM>
ST_4 : Operation 158 [1/1] (3.25ns)   --->   "%store_ln53 = store i32 %sub_ln53, i8 %DataRAM_addr" [Arithmetic.cpp:53->Crypto.cpp:90]   --->   Operation 158 'store' 'store_ln53' <Predicate = (trunc_ln88 == 0)> <Delay = 3.25> <CoreInst = "RAM">   --->   Core 82 'RAM' <Latency = 1> <II = 1> <Delay = 3.25> <Storage> <Opcode : 'load' 'store'> <Ports = 2> <Width = 32> <Depth = 256> <RAM>
ST_4 : Operation 159 [1/1] (3.25ns)   --->   "%store_ln53 = store i32 %sub_ln53, i8 %DataRAM_15_addr" [Arithmetic.cpp:53->Crypto.cpp:90]   --->   Operation 159 'store' 'store_ln53' <Predicate = (trunc_ln88 == 15)> <Delay = 3.25> <CoreInst = "RAM">   --->   Core 82 'RAM' <Latency = 1> <II = 1> <Delay = 3.25> <Storage> <Opcode : 'load' 'store'> <Ports = 2> <Width = 32> <Depth = 256> <RAM>
ST_4 : Operation 160 [1/1] (2.55ns)   --->   "%add_ln56 = add i32 %sub_ln53, i32 %zext_ln88_cast" [Arithmetic.cpp:56->Crypto.cpp:90]   --->   Operation 160 'add' 'add_ln56' <Predicate = (tmp)> <Delay = 2.55> <CoreInst = "Adder">   --->   Core 1 'Adder' <Latency = 0> <II = 1> <Delay = 2.55> <FuncUnit> <Opcode : 'add' 'sub'> <InPorts = 2> <OutPorts = 1>
ST_4 : Operation 161 [1/1] (0.00ns)   --->   "%br_ln56 = br void %arrayidx9218.exit854" [Arithmetic.cpp:56->Crypto.cpp:90]   --->   Operation 161 'br' 'br_ln56' <Predicate = (trunc_ln88 == 14 & tmp)> <Delay = 0.00>
ST_4 : Operation 162 [1/1] (0.00ns)   --->   "%br_ln56 = br void %arrayidx9218.exit854" [Arithmetic.cpp:56->Crypto.cpp:90]   --->   Operation 162 'br' 'br_ln56' <Predicate = (trunc_ln88 == 13 & tmp)> <Delay = 0.00>
ST_4 : Operation 163 [1/1] (0.00ns)   --->   "%br_ln56 = br void %arrayidx9218.exit854" [Arithmetic.cpp:56->Crypto.cpp:90]   --->   Operation 163 'br' 'br_ln56' <Predicate = (trunc_ln88 == 12 & tmp)> <Delay = 0.00>
ST_4 : Operation 164 [1/1] (0.00ns)   --->   "%br_ln56 = br void %arrayidx9218.exit854" [Arithmetic.cpp:56->Crypto.cpp:90]   --->   Operation 164 'br' 'br_ln56' <Predicate = (trunc_ln88 == 11 & tmp)> <Delay = 0.00>
ST_4 : Operation 165 [1/1] (0.00ns)   --->   "%br_ln56 = br void %arrayidx9218.exit854" [Arithmetic.cpp:56->Crypto.cpp:90]   --->   Operation 165 'br' 'br_ln56' <Predicate = (trunc_ln88 == 10 & tmp)> <Delay = 0.00>
ST_4 : Operation 166 [1/1] (0.00ns)   --->   "%br_ln56 = br void %arrayidx9218.exit854" [Arithmetic.cpp:56->Crypto.cpp:90]   --->   Operation 166 'br' 'br_ln56' <Predicate = (trunc_ln88 == 9 & tmp)> <Delay = 0.00>
ST_4 : Operation 167 [1/1] (0.00ns)   --->   "%br_ln56 = br void %arrayidx9218.exit854" [Arithmetic.cpp:56->Crypto.cpp:90]   --->   Operation 167 'br' 'br_ln56' <Predicate = (trunc_ln88 == 8 & tmp)> <Delay = 0.00>
ST_4 : Operation 168 [1/1] (0.00ns)   --->   "%br_ln56 = br void %arrayidx9218.exit854" [Arithmetic.cpp:56->Crypto.cpp:90]   --->   Operation 168 'br' 'br_ln56' <Predicate = (trunc_ln88 == 7 & tmp)> <Delay = 0.00>
ST_4 : Operation 169 [1/1] (0.00ns)   --->   "%br_ln56 = br void %arrayidx9218.exit854" [Arithmetic.cpp:56->Crypto.cpp:90]   --->   Operation 169 'br' 'br_ln56' <Predicate = (trunc_ln88 == 6 & tmp)> <Delay = 0.00>
ST_4 : Operation 170 [1/1] (0.00ns)   --->   "%br_ln56 = br void %arrayidx9218.exit854" [Arithmetic.cpp:56->Crypto.cpp:90]   --->   Operation 170 'br' 'br_ln56' <Predicate = (trunc_ln88 == 5 & tmp)> <Delay = 0.00>
ST_4 : Operation 171 [1/1] (0.00ns)   --->   "%br_ln56 = br void %arrayidx9218.exit854" [Arithmetic.cpp:56->Crypto.cpp:90]   --->   Operation 171 'br' 'br_ln56' <Predicate = (trunc_ln88 == 4 & tmp)> <Delay = 0.00>
ST_4 : Operation 172 [1/1] (0.00ns)   --->   "%br_ln56 = br void %arrayidx9218.exit854" [Arithmetic.cpp:56->Crypto.cpp:90]   --->   Operation 172 'br' 'br_ln56' <Predicate = (trunc_ln88 == 3 & tmp)> <Delay = 0.00>
ST_4 : Operation 173 [1/1] (0.00ns)   --->   "%br_ln56 = br void %arrayidx9218.exit854" [Arithmetic.cpp:56->Crypto.cpp:90]   --->   Operation 173 'br' 'br_ln56' <Predicate = (trunc_ln88 == 2 & tmp)> <Delay = 0.00>
ST_4 : Operation 174 [1/1] (0.00ns)   --->   "%br_ln56 = br void %arrayidx9218.exit854" [Arithmetic.cpp:56->Crypto.cpp:90]   --->   Operation 174 'br' 'br_ln56' <Predicate = (trunc_ln88 == 1 & tmp)> <Delay = 0.00>
ST_4 : Operation 175 [1/1] (0.00ns)   --->   "%br_ln56 = br void %arrayidx9218.exit854" [Arithmetic.cpp:56->Crypto.cpp:90]   --->   Operation 175 'br' 'br_ln56' <Predicate = (trunc_ln88 == 0 & tmp)> <Delay = 0.00>
ST_4 : Operation 176 [1/1] (0.00ns)   --->   "%br_ln56 = br void %arrayidx9218.exit854" [Arithmetic.cpp:56->Crypto.cpp:90]   --->   Operation 176 'br' 'br_ln56' <Predicate = (trunc_ln88 == 15 & tmp)> <Delay = 0.00>

State 5 <SV = 4> <Delay = 3.25>
ST_5 : Operation 177 [1/1] (3.25ns)   --->   "%store_ln56 = store i32 %add_ln56, i8 %DataRAM_14_addr" [Arithmetic.cpp:56->Crypto.cpp:90]   --->   Operation 177 'store' 'store_ln56' <Predicate = (trunc_ln88 == 14 & tmp)> <Delay = 3.25> <CoreInst = "RAM">   --->   Core 82 'RAM' <Latency = 1> <II = 1> <Delay = 3.25> <Storage> <Opcode : 'load' 'store'> <Ports = 2> <Width = 32> <Depth = 256> <RAM>
ST_5 : Operation 178 [1/1] (3.25ns)   --->   "%store_ln56 = store i32 %add_ln56, i8 %DataRAM_13_addr" [Arithmetic.cpp:56->Crypto.cpp:90]   --->   Operation 178 'store' 'store_ln56' <Predicate = (trunc_ln88 == 13 & tmp)> <Delay = 3.25> <CoreInst = "RAM">   --->   Core 82 'RAM' <Latency = 1> <II = 1> <Delay = 3.25> <Storage> <Opcode : 'load' 'store'> <Ports = 2> <Width = 32> <Depth = 256> <RAM>
ST_5 : Operation 179 [1/1] (3.25ns)   --->   "%store_ln56 = store i32 %add_ln56, i8 %DataRAM_12_addr" [Arithmetic.cpp:56->Crypto.cpp:90]   --->   Operation 179 'store' 'store_ln56' <Predicate = (trunc_ln88 == 12 & tmp)> <Delay = 3.25> <CoreInst = "RAM">   --->   Core 82 'RAM' <Latency = 1> <II = 1> <Delay = 3.25> <Storage> <Opcode : 'load' 'store'> <Ports = 2> <Width = 32> <Depth = 256> <RAM>
ST_5 : Operation 180 [1/1] (3.25ns)   --->   "%store_ln56 = store i32 %add_ln56, i8 %DataRAM_11_addr" [Arithmetic.cpp:56->Crypto.cpp:90]   --->   Operation 180 'store' 'store_ln56' <Predicate = (trunc_ln88 == 11 & tmp)> <Delay = 3.25> <CoreInst = "RAM">   --->   Core 82 'RAM' <Latency = 1> <II = 1> <Delay = 3.25> <Storage> <Opcode : 'load' 'store'> <Ports = 2> <Width = 32> <Depth = 256> <RAM>
ST_5 : Operation 181 [1/1] (3.25ns)   --->   "%store_ln56 = store i32 %add_ln56, i8 %DataRAM_10_addr" [Arithmetic.cpp:56->Crypto.cpp:90]   --->   Operation 181 'store' 'store_ln56' <Predicate = (trunc_ln88 == 10 & tmp)> <Delay = 3.25> <CoreInst = "RAM">   --->   Core 82 'RAM' <Latency = 1> <II = 1> <Delay = 3.25> <Storage> <Opcode : 'load' 'store'> <Ports = 2> <Width = 32> <Depth = 256> <RAM>
ST_5 : Operation 182 [1/1] (3.25ns)   --->   "%store_ln56 = store i32 %add_ln56, i8 %DataRAM_9_addr" [Arithmetic.cpp:56->Crypto.cpp:90]   --->   Operation 182 'store' 'store_ln56' <Predicate = (trunc_ln88 == 9 & tmp)> <Delay = 3.25> <CoreInst = "RAM">   --->   Core 82 'RAM' <Latency = 1> <II = 1> <Delay = 3.25> <Storage> <Opcode : 'load' 'store'> <Ports = 2> <Width = 32> <Depth = 256> <RAM>
ST_5 : Operation 183 [1/1] (3.25ns)   --->   "%store_ln56 = store i32 %add_ln56, i8 %DataRAM_8_addr" [Arithmetic.cpp:56->Crypto.cpp:90]   --->   Operation 183 'store' 'store_ln56' <Predicate = (trunc_ln88 == 8 & tmp)> <Delay = 3.25> <CoreInst = "RAM">   --->   Core 82 'RAM' <Latency = 1> <II = 1> <Delay = 3.25> <Storage> <Opcode : 'load' 'store'> <Ports = 2> <Width = 32> <Depth = 256> <RAM>
ST_5 : Operation 184 [1/1] (3.25ns)   --->   "%store_ln56 = store i32 %add_ln56, i8 %DataRAM_7_addr" [Arithmetic.cpp:56->Crypto.cpp:90]   --->   Operation 184 'store' 'store_ln56' <Predicate = (trunc_ln88 == 7 & tmp)> <Delay = 3.25> <CoreInst = "RAM">   --->   Core 82 'RAM' <Latency = 1> <II = 1> <Delay = 3.25> <Storage> <Opcode : 'load' 'store'> <Ports = 2> <Width = 32> <Depth = 256> <RAM>
ST_5 : Operation 185 [1/1] (3.25ns)   --->   "%store_ln56 = store i32 %add_ln56, i8 %DataRAM_6_addr" [Arithmetic.cpp:56->Crypto.cpp:90]   --->   Operation 185 'store' 'store_ln56' <Predicate = (trunc_ln88 == 6 & tmp)> <Delay = 3.25> <CoreInst = "RAM">   --->   Core 82 'RAM' <Latency = 1> <II = 1> <Delay = 3.25> <Storage> <Opcode : 'load' 'store'> <Ports = 2> <Width = 32> <Depth = 256> <RAM>
ST_5 : Operation 186 [1/1] (3.25ns)   --->   "%store_ln56 = store i32 %add_ln56, i8 %DataRAM_5_addr" [Arithmetic.cpp:56->Crypto.cpp:90]   --->   Operation 186 'store' 'store_ln56' <Predicate = (trunc_ln88 == 5 & tmp)> <Delay = 3.25> <CoreInst = "RAM">   --->   Core 82 'RAM' <Latency = 1> <II = 1> <Delay = 3.25> <Storage> <Opcode : 'load' 'store'> <Ports = 2> <Width = 32> <Depth = 256> <RAM>
ST_5 : Operation 187 [1/1] (3.25ns)   --->   "%store_ln56 = store i32 %add_ln56, i8 %DataRAM_4_addr" [Arithmetic.cpp:56->Crypto.cpp:90]   --->   Operation 187 'store' 'store_ln56' <Predicate = (trunc_ln88 == 4 & tmp)> <Delay = 3.25> <CoreInst = "RAM">   --->   Core 82 'RAM' <Latency = 1> <II = 1> <Delay = 3.25> <Storage> <Opcode : 'load' 'store'> <Ports = 2> <Width = 32> <Depth = 256> <RAM>
ST_5 : Operation 188 [1/1] (3.25ns)   --->   "%store_ln56 = store i32 %add_ln56, i8 %DataRAM_3_addr" [Arithmetic.cpp:56->Crypto.cpp:90]   --->   Operation 188 'store' 'store_ln56' <Predicate = (trunc_ln88 == 3 & tmp)> <Delay = 3.25> <CoreInst = "RAM">   --->   Core 82 'RAM' <Latency = 1> <II = 1> <Delay = 3.25> <Storage> <Opcode : 'load' 'store'> <Ports = 2> <Width = 32> <Depth = 256> <RAM>
ST_5 : Operation 189 [1/1] (3.25ns)   --->   "%store_ln56 = store i32 %add_ln56, i8 %DataRAM_2_addr" [Arithmetic.cpp:56->Crypto.cpp:90]   --->   Operation 189 'store' 'store_ln56' <Predicate = (trunc_ln88 == 2 & tmp)> <Delay = 3.25> <CoreInst = "RAM">   --->   Core 82 'RAM' <Latency = 1> <II = 1> <Delay = 3.25> <Storage> <Opcode : 'load' 'store'> <Ports = 2> <Width = 32> <Depth = 256> <RAM>
ST_5 : Operation 190 [1/1] (3.25ns)   --->   "%store_ln56 = store i32 %add_ln56, i8 %DataRAM_1_addr" [Arithmetic.cpp:56->Crypto.cpp:90]   --->   Operation 190 'store' 'store_ln56' <Predicate = (trunc_ln88 == 1 & tmp)> <Delay = 3.25> <CoreInst = "RAM">   --->   Core 82 'RAM' <Latency = 1> <II = 1> <Delay = 3.25> <Storage> <Opcode : 'load' 'store'> <Ports = 2> <Width = 32> <Depth = 256> <RAM>
ST_5 : Operation 191 [1/1] (3.25ns)   --->   "%store_ln56 = store i32 %add_ln56, i8 %DataRAM_addr" [Arithmetic.cpp:56->Crypto.cpp:90]   --->   Operation 191 'store' 'store_ln56' <Predicate = (trunc_ln88 == 0 & tmp)> <Delay = 3.25> <CoreInst = "RAM">   --->   Core 82 'RAM' <Latency = 1> <II = 1> <Delay = 3.25> <Storage> <Opcode : 'load' 'store'> <Ports = 2> <Width = 32> <Depth = 256> <RAM>
ST_5 : Operation 192 [1/1] (3.25ns)   --->   "%store_ln56 = store i32 %add_ln56, i8 %DataRAM_15_addr" [Arithmetic.cpp:56->Crypto.cpp:90]   --->   Operation 192 'store' 'store_ln56' <Predicate = (trunc_ln88 == 15 & tmp)> <Delay = 3.25> <CoreInst = "RAM">   --->   Core 82 'RAM' <Latency = 1> <II = 1> <Delay = 3.25> <Storage> <Opcode : 'load' 'store'> <Ports = 2> <Width = 32> <Depth = 256> <RAM>
ST_5 : Operation 193 [1/1] (0.00ns)   --->   "%br_ln57 = br void %_Z7SUB_MODP6ap_intILi32EES1_S1_i.6.18.93.exit" [Arithmetic.cpp:57->Crypto.cpp:90]   --->   Operation 193 'br' 'br_ln57' <Predicate = (tmp)> <Delay = 0.00>


============================================================
+ Verbose Summary: Timing violations
============================================================
Target clock period: 7.000ns, clock uncertainty: 1.890ns.

 <State 1>: 3.268ns
The critical path consists of the following:
	'alloca' operation ('i') [34]  (0.000 ns)
	'load' operation ('i', Crypto.cpp:88) on local variable 'i' [40]  (0.000 ns)
	'add' operation ('add_ln88', Crypto.cpp:88) [42]  (1.679 ns)
	'store' operation ('store_ln88', Crypto.cpp:88) of variable 'add_ln88', Crypto.cpp:88 on local variable 'i' [224]  (1.588 ns)

 <State 2>: 3.254ns
The critical path consists of the following:
	'load' operation ('DataRAM_load', Arithmetic.cpp:53->Crypto.cpp:90) on array 'DataRAM' [83]  (3.254 ns)

 <State 3>: 4.616ns
The critical path consists of the following:
	'mux' operation ('tmp_5', Arithmetic.cpp:53->Crypto.cpp:90) [99]  (2.064 ns)
	'sub' operation ('sub_ln53', Arithmetic.cpp:53->Crypto.cpp:90) [117]  (2.552 ns)

 <State 4>: 3.254ns
The critical path consists of the following:
	'store' operation ('store_ln53', Arithmetic.cpp:53->Crypto.cpp:90) of variable 'sub_ln53', Arithmetic.cpp:53->Crypto.cpp:90 on array 'DataRAM_8' [138]  (3.254 ns)

 <State 5>: 3.254ns
The critical path consists of the following:
	'store' operation ('store_ln56', Arithmetic.cpp:56->Crypto.cpp:90) of variable 'add_ln56', Arithmetic.cpp:56->Crypto.cpp:90 on array 'DataRAM_14' [174]  (3.254 ns)


============================================================
+ Verbose Summary: Binding
============================================================
N/A
* FSMD analyzer results:
  - Output states:
 - Input state : 
  - Chain level:
	State 1
	State 2
	State 3
	State 4
	State 5


============================================================
+ Verbose Summary: Datapath Resource usage 
============================================================
N/A
