

================================================================
== Vitis HLS Report for 'Crypto_Pipeline_VITIS_LOOP_74_4'
================================================================
* Date:           Tue Mar  4 14:33:23 2025

* Version:        2023.1 (Build 3854077 on May  4 2023)
* Project:        Crypto
* Solution:       solution1 (Vivado IP Flow Target)
* Product family: zynq
* Target device:  xc7z020-clg400-1


================================================================
== Performance Estimates
================================================================
+ Timing: 
    * Summary: 
    +--------+---------+----------+------------+
    |  Clock |  Target | Estimated| Uncertainty|
    +--------+---------+----------+------------+
    |ap_clk  |  8.00 ns|  5.081 ns|     2.16 ns|
    +--------+---------+----------+------------+

+ Latency: 
    * Summary: 
    +---------+---------+-----------+-----------+------+------+---------+
    |  Latency (cycles) |   Latency (absolute)  |   Interval  | Pipeline|
    |   min   |   max   |    min    |    max    |  min |  max |   Type  |
    +---------+---------+-----------+-----------+------+------+---------+
    |     4098|     4098|  32.784 us|  32.784 us|  4098|  4098|       no|
    +---------+---------+-----------+-----------+------+------+---------+

    + Detail: 
        * Instance: 
        N/A

        * Loop: 
        +-------------------+---------+---------+----------+-----------+-----------+------+----------+
        |                   |  Latency (cycles) | Iteration|  Initiation Interval  | Trip |          |
        |     Loop Name     |   min   |   max   |  Latency |  achieved |   target  | Count| Pipelined|
        +-------------------+---------+---------+----------+-----------+-----------+------+----------+
        |- VITIS_LOOP_74_4  |     4096|     4096|         2|          1|          1|  4096|       yes|
        +-------------------+---------+---------+----------+-----------+-----------+------+----------+

============================================================
+ Verbose Summary: Synthesis Manager
============================================================
InlineROM: 1
ExposeGlobal: 0
============================================================
+ Verbose Summary: CDFG Model
============================================================
IsTopModel: 0
ResetActiveHigh: 1
IsCombinational: 0
IsDatapathOnly: 0
HasWiredReturn: 1
HasMFsm: 2
HasVarLatency: 1
IsPipeline: 0
IsRtlPipelined: 0
IsInstanceOverlapped: 0
IsDontTouch: 0
HasImplIP: 0
IsGatedGlobalClock: 0

+ Individual pipeline summary: 
  * Pipeline-0: initiation interval (II) = 1, depth = 2


============================================================
+ Verbose Summary: Schedule
============================================================
* Number of FSM states : 2
* Pipeline : 1
  Pipeline-0 : II = 1, D = 2, States = { 1 2 }
* Dataflow Pipeline: 0

* FSM state transitions: 
1 --> 2 
2 --> 

* FSM state operations: 

State 1 <SV = 0> <Delay = 3.26>
ST_1 : Operation 5 [1/1] (0.00ns)   --->   "%j_1 = alloca i32 1"   --->   Operation 5 'alloca' 'j_1' <Predicate = true> <Delay = 0.00>
ST_1 : Operation 6 [1/1] (0.00ns)   --->   "%specaxissidechannel_ln0 = specaxissidechannel void @_ssdm_op_SpecAXISSideChannel, i32 %dataOutStream_V_data_V, i4 %dataOutStream_V_keep_V, i4 %dataOutStream_V_strb_V, i1 0, i1 %dataOutStream_V_last_V, i1 0, i1 0, void @empty_5"   --->   Operation 6 'specaxissidechannel' 'specaxissidechannel_ln0' <Predicate = true> <Delay = 0.00>
ST_1 : Operation 7 [1/1] (0.00ns)   --->   "%specinterface_ln0 = specinterface void @_ssdm_op_SpecInterface, i1 %dataOutStream_V_last_V, void @empty_27, i32 0, i32 0, void @empty_20, i32 0, i32 0, void @empty_28, void @empty_28, void @empty_28, i32 0, i32 0, i32 0, i32 0, void @empty_28, void @empty_28, i32 4294967295, i32 0"   --->   Operation 7 'specinterface' 'specinterface_ln0' <Predicate = true> <Delay = 0.00>
ST_1 : Operation 8 [1/1] (0.00ns)   --->   "%specinterface_ln0 = specinterface void @_ssdm_op_SpecInterface, i4 %dataOutStream_V_strb_V, void @empty_27, i32 0, i32 0, void @empty_20, i32 0, i32 0, void @empty_28, void @empty_28, void @empty_28, i32 0, i32 0, i32 0, i32 0, void @empty_28, void @empty_28, i32 4294967295, i32 0"   --->   Operation 8 'specinterface' 'specinterface_ln0' <Predicate = true> <Delay = 0.00>
ST_1 : Operation 9 [1/1] (0.00ns)   --->   "%specinterface_ln0 = specinterface void @_ssdm_op_SpecInterface, i4 %dataOutStream_V_keep_V, void @empty_27, i32 0, i32 0, void @empty_20, i32 0, i32 0, void @empty_28, void @empty_28, void @empty_28, i32 0, i32 0, i32 0, i32 0, void @empty_28, void @empty_28, i32 4294967295, i32 0"   --->   Operation 9 'specinterface' 'specinterface_ln0' <Predicate = true> <Delay = 0.00>
ST_1 : Operation 10 [1/1] (0.00ns)   --->   "%specinterface_ln0 = specinterface void @_ssdm_op_SpecInterface, i32 %dataOutStream_V_data_V, void @empty_27, i32 0, i32 0, void @empty_20, i32 0, i32 0, void @empty_28, void @empty_28, void @empty_28, i32 0, i32 0, i32 0, i32 0, void @empty_28, void @empty_28, i32 4294967295, i32 0"   --->   Operation 10 'specinterface' 'specinterface_ln0' <Predicate = true> <Delay = 0.00>
ST_1 : Operation 11 [1/1] (0.00ns)   --->   "%RAMSel_cast_read = read i2 @_ssdm_op_Read.ap_auto.i2, i2 %RAMSel_cast"   --->   Operation 11 'read' 'RAMSel_cast_read' <Predicate = true> <Delay = 0.00>
ST_1 : Operation 12 [1/1] (1.58ns)   --->   "%store_ln0 = store i13 0, i13 %j_1"   --->   Operation 12 'store' 'store_ln0' <Predicate = true> <Delay = 1.58>
ST_1 : Operation 13 [1/1] (0.00ns)   --->   "%br_ln0 = br void %for.body75"   --->   Operation 13 'br' 'br_ln0' <Predicate = true> <Delay = 0.00>
ST_1 : Operation 14 [1/1] (0.00ns)   --->   "%j = load i13 %j_1" [Crypto.cpp:74]   --->   Operation 14 'load' 'j' <Predicate = true> <Delay = 0.00>
ST_1 : Operation 15 [1/1] (1.67ns)   --->   "%icmp_ln74 = icmp_eq  i13 %j, i13 4096" [Crypto.cpp:74]   --->   Operation 15 'icmp' 'icmp_ln74' <Predicate = true> <Delay = 1.67> <CoreInst = "Cmp">   --->   Core 9 'Cmp' <Latency = 0> <II = 1> <Delay = 1.67> <FuncUnit> <Opcode : 'icmp'> <InPorts = 2> <OutPorts = 1>
ST_1 : Operation 16 [1/1] (1.67ns)   --->   "%add_ln74 = add i13 %j, i13 1" [Crypto.cpp:74]   --->   Operation 16 'add' 'add_ln74' <Predicate = true> <Delay = 1.67> <CoreInst = "Adder">   --->   Core 1 'Adder' <Latency = 0> <II = 1> <Delay = 1.67> <FuncUnit> <Opcode : 'add' 'sub'> <InPorts = 2> <OutPorts = 1>
ST_1 : Operation 17 [1/1] (0.00ns)   --->   "%br_ln74 = br i1 %icmp_ln74, void %for.body75.split, void %for.body75.1.preheader.exitStub" [Crypto.cpp:74]   --->   Operation 17 'br' 'br_ln74' <Predicate = true> <Delay = 0.00>
ST_1 : Operation 18 [1/1] (0.00ns)   --->   "%zext_ln74 = zext i13 %j" [Crypto.cpp:74]   --->   Operation 18 'zext' 'zext_ln74' <Predicate = (!icmp_ln74)> <Delay = 0.00>
ST_1 : Operation 19 [1/1] (0.00ns)   --->   "%DataRAM_addr = getelementptr i32 %DataRAM, i64 0, i64 %zext_ln74" [Crypto.cpp:77]   --->   Operation 19 'getelementptr' 'DataRAM_addr' <Predicate = (!icmp_ln74)> <Delay = 0.00>
ST_1 : Operation 20 [1/1] (0.00ns)   --->   "%DataRAM_3_addr = getelementptr i32 %DataRAM_3, i64 0, i64 %zext_ln74" [Crypto.cpp:77]   --->   Operation 20 'getelementptr' 'DataRAM_3_addr' <Predicate = (!icmp_ln74)> <Delay = 0.00>
ST_1 : Operation 21 [1/1] (0.00ns)   --->   "%DataRAM_6_addr = getelementptr i32 %DataRAM_6, i64 0, i64 %zext_ln74" [Crypto.cpp:77]   --->   Operation 21 'getelementptr' 'DataRAM_6_addr' <Predicate = (!icmp_ln74)> <Delay = 0.00>
ST_1 : Operation 22 [1/1] (0.00ns)   --->   "%DataRAM_9_addr = getelementptr i32 %DataRAM_9, i64 0, i64 %zext_ln74" [Crypto.cpp:77]   --->   Operation 22 'getelementptr' 'DataRAM_9_addr' <Predicate = (!icmp_ln74)> <Delay = 0.00>
ST_1 : Operation 23 [2/2] (3.25ns)   --->   "%DataRAM_load = load i12 %DataRAM_addr" [Crypto.cpp:77]   --->   Operation 23 'load' 'DataRAM_load' <Predicate = (!icmp_ln74)> <Delay = 3.25> <CoreInst = "RAM">   --->   Core 82 'RAM' <Latency = 1> <II = 1> <Delay = 3.25> <Storage> <Opcode : 'load' 'store'> <Ports = 2> <Width = 32> <Depth = 4096> <RAM>
ST_1 : Operation 24 [2/2] (3.25ns)   --->   "%DataRAM_3_load = load i12 %DataRAM_3_addr" [Crypto.cpp:77]   --->   Operation 24 'load' 'DataRAM_3_load' <Predicate = (!icmp_ln74)> <Delay = 3.25> <CoreInst = "RAM">   --->   Core 82 'RAM' <Latency = 1> <II = 1> <Delay = 3.25> <Storage> <Opcode : 'load' 'store'> <Ports = 2> <Width = 32> <Depth = 4096> <RAM>
ST_1 : Operation 25 [2/2] (3.25ns)   --->   "%DataRAM_6_load = load i12 %DataRAM_6_addr" [Crypto.cpp:77]   --->   Operation 25 'load' 'DataRAM_6_load' <Predicate = (!icmp_ln74)> <Delay = 3.25> <CoreInst = "RAM">   --->   Core 82 'RAM' <Latency = 1> <II = 1> <Delay = 3.25> <Storage> <Opcode : 'load' 'store'> <Ports = 2> <Width = 32> <Depth = 4096> <RAM>
ST_1 : Operation 26 [2/2] (3.25ns)   --->   "%DataRAM_9_load = load i12 %DataRAM_9_addr" [Crypto.cpp:77]   --->   Operation 26 'load' 'DataRAM_9_load' <Predicate = (!icmp_ln74)> <Delay = 3.25> <CoreInst = "RAM">   --->   Core 82 'RAM' <Latency = 1> <II = 1> <Delay = 3.25> <Storage> <Opcode : 'load' 'store'> <Ports = 2> <Width = 32> <Depth = 4096> <RAM>
ST_1 : Operation 27 [1/1] (1.58ns)   --->   "%store_ln74 = store i13 %add_ln74, i13 %j_1" [Crypto.cpp:74]   --->   Operation 27 'store' 'store_ln74' <Predicate = (!icmp_ln74)> <Delay = 1.58>
ST_1 : Operation 38 [1/1] (0.00ns)   --->   "%ret_ln0 = ret"   --->   Operation 38 'ret' 'ret_ln0' <Predicate = (icmp_ln74)> <Delay = 0.00>

State 2 <SV = 1> <Delay = 5.08>
ST_2 : Operation 28 [1/1] (0.00ns)   --->   "%specpipeline_ln75 = specpipeline void @_ssdm_op_SpecPipeline, i32 4294967295, i32 0, i32 0, i32 0, void @empty_28" [Crypto.cpp:75]   --->   Operation 28 'specpipeline' 'specpipeline_ln75' <Predicate = true> <Delay = 0.00>
ST_2 : Operation 29 [1/1] (0.00ns)   --->   "%speclooptripcount_ln74 = speclooptripcount void @_ssdm_op_SpecLoopTripCount, i64 4096, i64 4096, i64 4096" [Crypto.cpp:74]   --->   Operation 29 'speclooptripcount' 'speclooptripcount_ln74' <Predicate = true> <Delay = 0.00>
ST_2 : Operation 30 [1/1] (0.00ns)   --->   "%specloopname_ln74 = specloopname void @_ssdm_op_SpecLoopName, void @empty_8" [Crypto.cpp:74]   --->   Operation 30 'specloopname' 'specloopname_ln74' <Predicate = true> <Delay = 0.00>
ST_2 : Operation 31 [1/2] (3.25ns)   --->   "%DataRAM_load = load i12 %DataRAM_addr" [Crypto.cpp:77]   --->   Operation 31 'load' 'DataRAM_load' <Predicate = true> <Delay = 3.25> <CoreInst = "RAM">   --->   Core 82 'RAM' <Latency = 1> <II = 1> <Delay = 3.25> <Storage> <Opcode : 'load' 'store'> <Ports = 2> <Width = 32> <Depth = 4096> <RAM>
ST_2 : Operation 32 [1/2] (3.25ns)   --->   "%DataRAM_3_load = load i12 %DataRAM_3_addr" [Crypto.cpp:77]   --->   Operation 32 'load' 'DataRAM_3_load' <Predicate = true> <Delay = 3.25> <CoreInst = "RAM">   --->   Core 82 'RAM' <Latency = 1> <II = 1> <Delay = 3.25> <Storage> <Opcode : 'load' 'store'> <Ports = 2> <Width = 32> <Depth = 4096> <RAM>
ST_2 : Operation 33 [1/2] (3.25ns)   --->   "%DataRAM_6_load = load i12 %DataRAM_6_addr" [Crypto.cpp:77]   --->   Operation 33 'load' 'DataRAM_6_load' <Predicate = true> <Delay = 3.25> <CoreInst = "RAM">   --->   Core 82 'RAM' <Latency = 1> <II = 1> <Delay = 3.25> <Storage> <Opcode : 'load' 'store'> <Ports = 2> <Width = 32> <Depth = 4096> <RAM>
ST_2 : Operation 34 [1/2] (3.25ns)   --->   "%DataRAM_9_load = load i12 %DataRAM_9_addr" [Crypto.cpp:77]   --->   Operation 34 'load' 'DataRAM_9_load' <Predicate = true> <Delay = 3.25> <CoreInst = "RAM">   --->   Core 82 'RAM' <Latency = 1> <II = 1> <Delay = 3.25> <Storage> <Opcode : 'load' 'store'> <Ports = 2> <Width = 32> <Depth = 4096> <RAM>
ST_2 : Operation 35 [1/1] (1.82ns)   --->   "%out_data = mux i32 @_ssdm_op_Mux.ap_auto.4i32.i2, i32 %DataRAM_load, i32 %DataRAM_3_load, i32 %DataRAM_6_load, i32 %DataRAM_9_load, i2 %RAMSel_cast_read" [Crypto.cpp:77]   --->   Operation 35 'mux' 'out_data' <Predicate = true> <Delay = 1.82> <CoreInst = "Multiplexer">   --->   Core 76 'Multiplexer' <Latency = 0> <II = 1> <Delay = 1.82> <FuncUnit> <Opcode : 'mux'> <InPorts = 2> <OutPorts = 1>
ST_2 : Operation 36 [1/1] (0.00ns)   --->   "%write_ln79 = write void @_ssdm_op_Write.axis.volatile.i32P0A.i4P0A.i4P0A.i1P0A, i32 %dataOutStream_V_data_V, i4 %dataOutStream_V_keep_V, i4 %dataOutStream_V_strb_V, i1 %dataOutStream_V_last_V, i32 %out_data, i4 0, i4 0, i1 0" [Crypto.cpp:79]   --->   Operation 36 'write' 'write_ln79' <Predicate = true> <Delay = 0.00> <CoreInst = "axis">   --->   Core 115 'axis' <Latency = 0> <II = 1> <Delay = 1.00> <Adapter> <Opcode : >
ST_2 : Operation 37 [1/1] (0.00ns)   --->   "%br_ln74 = br void %for.body75" [Crypto.cpp:74]   --->   Operation 37 'br' 'br_ln74' <Predicate = true> <Delay = 0.00>


============================================================
+ Verbose Summary: Timing violations
============================================================
Target clock period: 8.000ns, clock uncertainty: 2.160ns.

 <State 1>: 3.268ns
The critical path consists of the following:
	'alloca' operation ('j') [10]  (0.000 ns)
	'load' operation ('j', Crypto.cpp:74) on local variable 'j' [20]  (0.000 ns)
	'add' operation ('add_ln74', Crypto.cpp:74) [22]  (1.679 ns)
	'store' operation ('store_ln74', Crypto.cpp:74) of variable 'add_ln74', Crypto.cpp:74 on local variable 'j' [39]  (1.588 ns)

 <State 2>: 5.081ns
The critical path consists of the following:
	'load' operation ('DataRAM_load', Crypto.cpp:77) on array 'DataRAM' [33]  (3.254 ns)
	'mux' operation ('out.data', Crypto.cpp:77) [37]  (1.827 ns)


============================================================
+ Verbose Summary: Binding
============================================================
N/A
* FSMD analyzer results:
  - Output states:
 - Input state : 
  - Chain level:
	State 1
	State 2


============================================================
+ Verbose Summary: Datapath Resource usage 
============================================================
N/A
