

================================================================
== Vitis HLS Report for 'Crypto_Pipeline_VITIS_LOOP_22_21'
================================================================
* Date:           Mon Jan 13 00:09:21 2025

* Version:        2023.1 (Build 3854077 on May  4 2023)
* Project:        Crypto
* Solution:       solution1 (Vivado IP Flow Target)
* Product family: zynq
* Target device:  xc7z020-clg400-1


================================================================
== Performance Estimates
================================================================
+ Timing: 
    * Summary: 
    +--------+---------+----------+------------+
    |  Clock |  Target | Estimated| Uncertainty|
    +--------+---------+----------+------------+
    |ap_clk  |  8.00 ns|  3.268 ns|     2.16 ns|
    +--------+---------+----------+------------+

+ Latency: 
    * Summary: 
    +---------+---------+-----------+-----------+------+------+---------+
    |  Latency (cycles) |   Latency (absolute)  |   Interval  | Pipeline|
    |   min   |   max   |    min    |    max    |  min |  max |   Type  |
    +---------+---------+-----------+-----------+------+------+---------+
    |     4099|     4099|  32.792 us|  32.792 us|  4099|  4099|       no|
    +---------+---------+-----------+-----------+------+------+---------+

    + Detail: 
        * Instance: 
        N/A

        * Loop: 
        +-------------------+---------+---------+----------+-----------+-----------+------+----------+
        |                   |  Latency (cycles) | Iteration|  Initiation Interval  | Trip |          |
        |     Loop Name     |   min   |   max   |  Latency |  achieved |   target  | Count| Pipelined|
        +-------------------+---------+---------+----------+-----------+-----------+------+----------+
        |- VITIS_LOOP_22_2  |     4097|     4097|         3|          1|          1|  4096|       yes|
        +-------------------+---------+---------+----------+-----------+-----------+------+----------+

============================================================
+ Verbose Summary: Synthesis Manager
============================================================
InlineROM: 1
ExposeGlobal: 0
============================================================
+ Verbose Summary: CDFG Model
============================================================
IsTopModel: 0
ResetActiveHigh: 1
IsCombinational: 0
IsDatapathOnly: 0
HasWiredReturn: 1
HasMFsm: 2
HasVarLatency: 1
IsPipeline: 0
IsRtlPipelined: 0
IsInstanceOverlapped: 0
IsDontTouch: 0
HasImplIP: 0
IsGatedGlobalClock: 0

+ Individual pipeline summary: 
  * Pipeline-0: initiation interval (II) = 1, depth = 3


============================================================
+ Verbose Summary: Schedule
============================================================
* Number of FSM states : 3
* Pipeline : 1
  Pipeline-0 : II = 1, D = 3, States = { 1 2 3 }
* Dataflow Pipeline: 0

* FSM state transitions: 
1 --> 2 
2 --> 3 
3 --> 

* FSM state operations: 

State 1 <SV = 0> <Delay = 3.26>
ST_1 : Operation 6 [1/1] (0.00ns)   --->   "%i_4 = alloca i32 1"   --->   Operation 6 'alloca' 'i_4' <Predicate = true> <Delay = 0.00>
ST_1 : Operation 7 [1/1] (1.58ns)   --->   "%store_ln0 = store i13 0, i13 %i_4"   --->   Operation 7 'store' 'store_ln0' <Predicate = true> <Delay = 1.58>
ST_1 : Operation 8 [1/1] (0.00ns)   --->   "%br_ln0 = br void %for.body.lr.ph.i.i88"   --->   Operation 8 'br' 'br_ln0' <Predicate = true> <Delay = 0.00>
ST_1 : Operation 9 [1/1] (0.00ns)   --->   "%i = load i13 %i_4" [Utils.cpp:22->Crypto.cpp:148]   --->   Operation 9 'load' 'i' <Predicate = true> <Delay = 0.00>
ST_1 : Operation 10 [1/1] (0.00ns)   --->   "%specpipeline_ln0 = specpipeline void @_ssdm_op_SpecPipeline, i32 4294967295, i32 0, i32 1, i32 0, void @p_str"   --->   Operation 10 'specpipeline' 'specpipeline_ln0' <Predicate = true> <Delay = 0.00>
ST_1 : Operation 11 [1/1] (1.67ns)   --->   "%icmp_ln22 = icmp_eq  i13 %i, i13 4096" [Utils.cpp:22->Crypto.cpp:148]   --->   Operation 11 'icmp' 'icmp_ln22' <Predicate = true> <Delay = 1.67> <CoreInst = "Cmp">   --->   Core 9 'Cmp' <Latency = 0> <II = 1> <Delay = 1.67> <FuncUnit> <Opcode : 'icmp'> <InPorts = 2> <OutPorts = 1>
ST_1 : Operation 12 [1/1] (1.67ns)   --->   "%add_ln22 = add i13 %i, i13 1" [Utils.cpp:22->Crypto.cpp:148]   --->   Operation 12 'add' 'add_ln22' <Predicate = true> <Delay = 1.67> <CoreInst = "Adder">   --->   Core 1 'Adder' <Latency = 0> <II = 1> <Delay = 1.67> <FuncUnit> <Opcode : 'add' 'sub'> <InPorts = 2> <OutPorts = 1>
ST_1 : Operation 13 [1/1] (0.00ns)   --->   "%br_ln22 = br i1 %icmp_ln22, void %for.body.lr.ph.i.i88.split, void %for.inc218.preheader.exitStub" [Utils.cpp:22->Crypto.cpp:148]   --->   Operation 13 'br' 'br_ln22' <Predicate = true> <Delay = 0.00>
ST_1 : Operation 14 [1/1] (0.00ns)   --->   "%i_12_cast = zext i13 %i" [Utils.cpp:22->Crypto.cpp:148]   --->   Operation 14 'zext' 'i_12_cast' <Predicate = (!icmp_ln22)> <Delay = 0.00>
ST_1 : Operation 15 [1/1] (0.00ns)   --->   "%or_ln12_1 = partselect i12 @_ssdm_op_PartSelect.i12.i13.i32.i32, i13 %i, i32 11, i32 0" [Utils.cpp:12->Utils.cpp:23->Crypto.cpp:148]   --->   Operation 15 'partselect' 'or_ln12_1' <Predicate = (!icmp_ln22)> <Delay = 0.00>
ST_1 : Operation 16 [1/1] (0.00ns)   --->   "%DataTemp_addr = getelementptr i32 %DataTemp, i64 0, i64 %i_12_cast" [Utils.cpp:24->Crypto.cpp:148]   --->   Operation 16 'getelementptr' 'DataTemp_addr' <Predicate = (!icmp_ln22)> <Delay = 0.00>
ST_1 : Operation 17 [2/2] (3.25ns)   --->   "%DataTemp_load = load i12 %DataTemp_addr" [Utils.cpp:24->Crypto.cpp:148]   --->   Operation 17 'load' 'DataTemp_load' <Predicate = (!icmp_ln22)> <Delay = 3.25> <CoreInst = "RAM">   --->   Core 82 'RAM' <Latency = 1> <II = 1> <Delay = 3.25> <Storage> <Opcode : 'load' 'store'> <Ports = 2> <Width = 32> <Depth = 4096> <RAM>
ST_1 : Operation 18 [1/1] (1.58ns)   --->   "%store_ln22 = store i13 %add_ln22, i13 %i_4" [Utils.cpp:22->Crypto.cpp:148]   --->   Operation 18 'store' 'store_ln22' <Predicate = (!icmp_ln22)> <Delay = 1.58>

State 2 <SV = 1> <Delay = 3.25>
ST_2 : Operation 19 [1/2] (3.25ns)   --->   "%DataTemp_load = load i12 %DataTemp_addr" [Utils.cpp:24->Crypto.cpp:148]   --->   Operation 19 'load' 'DataTemp_load' <Predicate = true> <Delay = 3.25> <CoreInst = "RAM">   --->   Core 82 'RAM' <Latency = 1> <II = 1> <Delay = 3.25> <Storage> <Opcode : 'load' 'store'> <Ports = 2> <Width = 32> <Depth = 4096> <RAM>
ST_2 : Operation 26 [1/1] (0.00ns)   --->   "%ret_ln0 = ret"   --->   Operation 26 'ret' 'ret_ln0' <Predicate = (icmp_ln22)> <Delay = 0.00>

State 3 <SV = 2> <Delay = 3.25>
ST_3 : Operation 20 [1/1] (0.00ns)   --->   "%speclooptripcount_ln22 = speclooptripcount void @_ssdm_op_SpecLoopTripCount, i64 4096, i64 4096, i64 4096" [Utils.cpp:22->Crypto.cpp:148]   --->   Operation 20 'speclooptripcount' 'speclooptripcount_ln22' <Predicate = true> <Delay = 0.00>
ST_3 : Operation 21 [1/1] (0.00ns)   --->   "%specloopname_ln22 = specloopname void @_ssdm_op_SpecLoopName, void @empty_18" [Utils.cpp:22->Crypto.cpp:148]   --->   Operation 21 'specloopname' 'specloopname_ln22' <Predicate = true> <Delay = 0.00>
ST_3 : Operation 22 [1/1] (0.00ns)   --->   "%zext_ln24 = zext i12 %or_ln12_1" [Utils.cpp:24->Crypto.cpp:148]   --->   Operation 22 'zext' 'zext_ln24' <Predicate = true> <Delay = 0.00>
ST_3 : Operation 23 [1/1] (0.00ns)   --->   "%bit_reversed_input_addr = getelementptr i32 %bit_reversed_input, i64 0, i64 %zext_ln24" [Utils.cpp:24->Crypto.cpp:148]   --->   Operation 23 'getelementptr' 'bit_reversed_input_addr' <Predicate = true> <Delay = 0.00>
ST_3 : Operation 24 [1/1] (3.25ns)   --->   "%store_ln24 = store i32 %DataTemp_load, i12 %bit_reversed_input_addr" [Utils.cpp:24->Crypto.cpp:148]   --->   Operation 24 'store' 'store_ln24' <Predicate = true> <Delay = 3.25> <CoreInst = "RAM">   --->   Core 82 'RAM' <Latency = 1> <II = 1> <Delay = 3.25> <Storage> <Opcode : 'load' 'store'> <Ports = 2> <Width = 32> <Depth = 4096> <RAM>
ST_3 : Operation 25 [1/1] (0.00ns)   --->   "%br_ln22 = br void %for.body.lr.ph.i.i88" [Utils.cpp:22->Crypto.cpp:148]   --->   Operation 25 'br' 'br_ln22' <Predicate = true> <Delay = 0.00>


============================================================
+ Verbose Summary: Timing violations
============================================================
Target clock period: 8.000ns, clock uncertainty: 2.160ns.

 <State 1>: 3.268ns
The critical path consists of the following:
	'alloca' operation ('index') [3]  (0.000 ns)
	'load' operation ('i', Utils.cpp:22->Crypto.cpp:148) on local variable 'index' [7]  (0.000 ns)
	'add' operation ('add_ln22', Utils.cpp:22->Crypto.cpp:148) [10]  (1.679 ns)
	'store' operation ('store_ln22', Utils.cpp:22->Crypto.cpp:148) of variable 'add_ln22', Utils.cpp:22->Crypto.cpp:148 on local variable 'index' [22]  (1.588 ns)

 <State 2>: 3.254ns
The critical path consists of the following:
	'load' operation ('DataTemp_load', Utils.cpp:24->Crypto.cpp:148) on array 'DataTemp' [20]  (3.254 ns)

 <State 3>: 3.254ns
The critical path consists of the following:
	'getelementptr' operation ('bit_reversed_input_addr', Utils.cpp:24->Crypto.cpp:148) [19]  (0.000 ns)
	'store' operation ('store_ln24', Utils.cpp:24->Crypto.cpp:148) of variable 'DataTemp_load', Utils.cpp:24->Crypto.cpp:148 on array 'bit_reversed_input' [21]  (3.254 ns)


============================================================
+ Verbose Summary: Binding
============================================================
N/A
* FSMD analyzer results:
  - Output states:
 - Input state : 
  - Chain level:
	State 1
	State 2
	State 3


============================================================
+ Verbose Summary: Datapath Resource usage 
============================================================
N/A
