

================================================================
== Vitis HLS Report for 'Crypto_Pipeline_VITIS_LOOP_210_83'
================================================================
* Date:           Thu Feb 27 10:54:12 2025

* Version:        2023.1 (Build 3854077 on May  4 2023)
* Project:        Crypto
* Solution:       solution1 (Vivado IP Flow Target)
* Product family: zynq
* Target device:  xc7z020-clg400-1


================================================================
== Performance Estimates
================================================================
+ Timing: 
    * Summary: 
    +--------+---------+----------+------------+
    |  Clock |  Target | Estimated| Uncertainty|
    +--------+---------+----------+------------+
    |ap_clk  |  8.00 ns|  3.268 ns|     2.16 ns|
    +--------+---------+----------+------------+

+ Latency: 
    * Summary: 
    +---------+---------+-----------+-----------+------+------+---------+
    |  Latency (cycles) |   Latency (absolute)  |   Interval  | Pipeline|
    |   min   |   max   |    min    |    max    |  min |  max |   Type  |
    +---------+---------+-----------+-----------+------+------+---------+
    |     4099|     4099|  32.792 us|  32.792 us|  4099|  4099|       no|
    +---------+---------+-----------+-----------+------+------+---------+

    + Detail: 
        * Instance: 
        N/A

        * Loop: 
        +--------------------+---------+---------+----------+-----------+-----------+------+----------+
        |                    |  Latency (cycles) | Iteration|  Initiation Interval  | Trip |          |
        |      Loop Name     |   min   |   max   |  Latency |  achieved |   target  | Count| Pipelined|
        +--------------------+---------+---------+----------+-----------+-----------+------+----------+
        |- VITIS_LOOP_210_8  |     4097|     4097|         3|          1|          1|  4096|       yes|
        +--------------------+---------+---------+----------+-----------+-----------+------+----------+

============================================================
+ Verbose Summary: Synthesis Manager
============================================================
InlineROM: 1
ExposeGlobal: 0
============================================================
+ Verbose Summary: CDFG Model
============================================================
IsTopModel: 0
ResetActiveHigh: 1
IsCombinational: 0
IsDatapathOnly: 0
HasWiredReturn: 1
HasMFsm: 2
HasVarLatency: 1
IsPipeline: 0
IsRtlPipelined: 0
IsInstanceOverlapped: 0
IsDontTouch: 0
HasImplIP: 0
IsGatedGlobalClock: 0

+ Individual pipeline summary: 
  * Pipeline-0: initiation interval (II) = 1, depth = 3


============================================================
+ Verbose Summary: Schedule
============================================================
* Number of FSM states : 3
* Pipeline : 1
  Pipeline-0 : II = 1, D = 3, States = { 1 2 3 }
* Dataflow Pipeline: 0

* FSM state transitions: 
1 --> 2 
2 --> 3 
3 --> 

* FSM state operations: 

State 1 <SV = 0> <Delay = 3.26>
ST_1 : Operation 6 [1/1] (0.00ns)   --->   "%j = alloca i32 1"   --->   Operation 6 'alloca' 'j' <Predicate = true> <Delay = 0.00>
ST_1 : Operation 7 [1/1] (0.00ns)   --->   "%RAMSel_cast_read = read i2 @_ssdm_op_Read.ap_auto.i2, i2 %RAMSel_cast"   --->   Operation 7 'read' 'RAMSel_cast_read' <Predicate = true> <Delay = 0.00>
ST_1 : Operation 8 [1/1] (1.58ns)   --->   "%store_ln0 = store i13 0, i13 %j"   --->   Operation 8 'store' 'store_ln0' <Predicate = true> <Delay = 1.58>
ST_1 : Operation 9 [1/1] (0.00ns)   --->   "%br_ln0 = br void %for.inc438.1"   --->   Operation 9 'br' 'br_ln0' <Predicate = true> <Delay = 0.00>
ST_1 : Operation 10 [1/1] (0.00ns)   --->   "%j_9 = load i13 %j" [Crypto.cpp:210]   --->   Operation 10 'load' 'j_9' <Predicate = true> <Delay = 0.00>
ST_1 : Operation 11 [1/1] (1.67ns)   --->   "%icmp_ln210 = icmp_eq  i13 %j_9, i13 4096" [Crypto.cpp:210]   --->   Operation 11 'icmp' 'icmp_ln210' <Predicate = true> <Delay = 1.67> <CoreInst = "Cmp">   --->   Core 9 'Cmp' <Latency = 0> <II = 1> <Delay = 1.67> <FuncUnit> <Opcode : 'icmp'> <InPorts = 2> <OutPorts = 1>
ST_1 : Operation 12 [1/1] (1.67ns)   --->   "%add_ln210 = add i13 %j_9, i13 1" [Crypto.cpp:210]   --->   Operation 12 'add' 'add_ln210' <Predicate = true> <Delay = 1.67> <CoreInst = "Adder">   --->   Core 1 'Adder' <Latency = 0> <II = 1> <Delay = 1.67> <FuncUnit> <Opcode : 'add' 'sub'> <InPorts = 2> <OutPorts = 1>
ST_1 : Operation 13 [1/1] (0.00ns)   --->   "%br_ln210 = br i1 %icmp_ln210, void %for.inc438.1.split, void %for.inc438.2.preheader.exitStub" [Crypto.cpp:210]   --->   Operation 13 'br' 'br_ln210' <Predicate = true> <Delay = 0.00>
ST_1 : Operation 14 [1/1] (0.00ns)   --->   "%zext_ln210 = zext i13 %j_9" [Crypto.cpp:210]   --->   Operation 14 'zext' 'zext_ln210' <Predicate = (!icmp_ln210)> <Delay = 0.00>
ST_1 : Operation 15 [1/1] (0.00ns)   --->   "%BitReverseData_1_addr = getelementptr i32 %BitReverseData_1, i64 0, i64 %zext_ln210" [Crypto.cpp:212]   --->   Operation 15 'getelementptr' 'BitReverseData_1_addr' <Predicate = (!icmp_ln210)> <Delay = 0.00>
ST_1 : Operation 16 [1/1] (0.00ns)   --->   "%DataRAM_1_addr = getelementptr i32 %DataRAM_1, i64 0, i64 %zext_ln210" [Crypto.cpp:212]   --->   Operation 16 'getelementptr' 'DataRAM_1_addr' <Predicate = (!icmp_ln210)> <Delay = 0.00>
ST_1 : Operation 17 [1/1] (0.00ns)   --->   "%DataRAM_4_addr = getelementptr i32 %DataRAM_4, i64 0, i64 %zext_ln210" [Crypto.cpp:212]   --->   Operation 17 'getelementptr' 'DataRAM_4_addr' <Predicate = (!icmp_ln210)> <Delay = 0.00>
ST_1 : Operation 18 [1/1] (0.00ns)   --->   "%DataRAM_7_addr = getelementptr i32 %DataRAM_7, i64 0, i64 %zext_ln210" [Crypto.cpp:212]   --->   Operation 18 'getelementptr' 'DataRAM_7_addr' <Predicate = (!icmp_ln210)> <Delay = 0.00>
ST_1 : Operation 19 [1/1] (0.00ns)   --->   "%DataRAM_10_addr = getelementptr i32 %DataRAM_10, i64 0, i64 %zext_ln210" [Crypto.cpp:212]   --->   Operation 19 'getelementptr' 'DataRAM_10_addr' <Predicate = (!icmp_ln210)> <Delay = 0.00>
ST_1 : Operation 20 [2/2] (3.25ns)   --->   "%BitReverseData_1_load = load i12 %BitReverseData_1_addr" [Crypto.cpp:212]   --->   Operation 20 'load' 'BitReverseData_1_load' <Predicate = (!icmp_ln210)> <Delay = 3.25> <CoreInst = "RAM">   --->   Core 82 'RAM' <Latency = 1> <II = 1> <Delay = 3.25> <Storage> <Opcode : 'load' 'store'> <Ports = 2> <Width = 32> <Depth = 4096> <RAM>
ST_1 : Operation 21 [1/1] (1.86ns)   --->   "%switch_ln212 = switch i2 %RAMSel_cast_read, void %arrayidx43717.1.case.3, i2 0, void %arrayidx43717.1.case.0, i2 1, void %arrayidx43717.1.case.1, i2 2, void %arrayidx43717.1.case.2" [Crypto.cpp:212]   --->   Operation 21 'switch' 'switch_ln212' <Predicate = (!icmp_ln210)> <Delay = 1.86>
ST_1 : Operation 22 [1/1] (1.58ns)   --->   "%store_ln210 = store i13 %add_ln210, i13 %j" [Crypto.cpp:210]   --->   Operation 22 'store' 'store_ln210' <Predicate = (!icmp_ln210)> <Delay = 1.58>
ST_1 : Operation 23 [1/1] (0.00ns)   --->   "%br_ln210 = br void %for.inc438.1" [Crypto.cpp:210]   --->   Operation 23 'br' 'br_ln210' <Predicate = (!icmp_ln210)> <Delay = 0.00>

State 2 <SV = 1> <Delay = 3.25>
ST_2 : Operation 24 [1/1] (0.00ns)   --->   "%specpipeline_ln211 = specpipeline void @_ssdm_op_SpecPipeline, i32 4294967295, i32 0, i32 0, i32 0, void @empty_27" [Crypto.cpp:211]   --->   Operation 24 'specpipeline' 'specpipeline_ln211' <Predicate = true> <Delay = 0.00>
ST_2 : Operation 25 [1/1] (0.00ns)   --->   "%speclooptripcount_ln210 = speclooptripcount void @_ssdm_op_SpecLoopTripCount, i64 4096, i64 4096, i64 4096" [Crypto.cpp:210]   --->   Operation 25 'speclooptripcount' 'speclooptripcount_ln210' <Predicate = true> <Delay = 0.00>
ST_2 : Operation 26 [1/1] (0.00ns)   --->   "%specloopname_ln210 = specloopname void @_ssdm_op_SpecLoopName, void @empty_11" [Crypto.cpp:210]   --->   Operation 26 'specloopname' 'specloopname_ln210' <Predicate = true> <Delay = 0.00>
ST_2 : Operation 27 [1/2] (3.25ns)   --->   "%BitReverseData_1_load = load i12 %BitReverseData_1_addr" [Crypto.cpp:212]   --->   Operation 27 'load' 'BitReverseData_1_load' <Predicate = true> <Delay = 3.25> <CoreInst = "RAM">   --->   Core 82 'RAM' <Latency = 1> <II = 1> <Delay = 3.25> <Storage> <Opcode : 'load' 'store'> <Ports = 2> <Width = 32> <Depth = 4096> <RAM>
ST_2 : Operation 36 [1/1] (0.00ns)   --->   "%ret_ln0 = ret"   --->   Operation 36 'ret' 'ret_ln0' <Predicate = (icmp_ln210)> <Delay = 0.00>

State 3 <SV = 2> <Delay = 3.25>
ST_3 : Operation 28 [1/1] (3.25ns)   --->   "%store_ln212 = store i32 %BitReverseData_1_load, i12 %DataRAM_7_addr" [Crypto.cpp:212]   --->   Operation 28 'store' 'store_ln212' <Predicate = (RAMSel_cast_read == 2)> <Delay = 3.25> <CoreInst = "RAM">   --->   Core 82 'RAM' <Latency = 1> <II = 1> <Delay = 3.25> <Storage> <Opcode : 'load' 'store'> <Ports = 2> <Width = 32> <Depth = 4096> <RAM>
ST_3 : Operation 29 [1/1] (0.00ns)   --->   "%br_ln212 = br void %arrayidx43717.1.exit" [Crypto.cpp:212]   --->   Operation 29 'br' 'br_ln212' <Predicate = (RAMSel_cast_read == 2)> <Delay = 0.00>
ST_3 : Operation 30 [1/1] (3.25ns)   --->   "%store_ln212 = store i32 %BitReverseData_1_load, i12 %DataRAM_4_addr" [Crypto.cpp:212]   --->   Operation 30 'store' 'store_ln212' <Predicate = (RAMSel_cast_read == 1)> <Delay = 3.25> <CoreInst = "RAM">   --->   Core 82 'RAM' <Latency = 1> <II = 1> <Delay = 3.25> <Storage> <Opcode : 'load' 'store'> <Ports = 2> <Width = 32> <Depth = 4096> <RAM>
ST_3 : Operation 31 [1/1] (0.00ns)   --->   "%br_ln212 = br void %arrayidx43717.1.exit" [Crypto.cpp:212]   --->   Operation 31 'br' 'br_ln212' <Predicate = (RAMSel_cast_read == 1)> <Delay = 0.00>
ST_3 : Operation 32 [1/1] (3.25ns)   --->   "%store_ln212 = store i32 %BitReverseData_1_load, i12 %DataRAM_1_addr" [Crypto.cpp:212]   --->   Operation 32 'store' 'store_ln212' <Predicate = (RAMSel_cast_read == 0)> <Delay = 3.25> <CoreInst = "RAM">   --->   Core 82 'RAM' <Latency = 1> <II = 1> <Delay = 3.25> <Storage> <Opcode : 'load' 'store'> <Ports = 2> <Width = 32> <Depth = 4096> <RAM>
ST_3 : Operation 33 [1/1] (0.00ns)   --->   "%br_ln212 = br void %arrayidx43717.1.exit" [Crypto.cpp:212]   --->   Operation 33 'br' 'br_ln212' <Predicate = (RAMSel_cast_read == 0)> <Delay = 0.00>
ST_3 : Operation 34 [1/1] (3.25ns)   --->   "%store_ln212 = store i32 %BitReverseData_1_load, i12 %DataRAM_10_addr" [Crypto.cpp:212]   --->   Operation 34 'store' 'store_ln212' <Predicate = (RAMSel_cast_read == 3)> <Delay = 3.25> <CoreInst = "RAM">   --->   Core 82 'RAM' <Latency = 1> <II = 1> <Delay = 3.25> <Storage> <Opcode : 'load' 'store'> <Ports = 2> <Width = 32> <Depth = 4096> <RAM>
ST_3 : Operation 35 [1/1] (0.00ns)   --->   "%br_ln212 = br void %arrayidx43717.1.exit" [Crypto.cpp:212]   --->   Operation 35 'br' 'br_ln212' <Predicate = (RAMSel_cast_read == 3)> <Delay = 0.00>


============================================================
+ Verbose Summary: Timing violations
============================================================
Target clock period: 8.000ns, clock uncertainty: 2.160ns.

 <State 1>: 3.268ns
The critical path consists of the following:
	'alloca' operation ('j') [7]  (0.000 ns)
	'load' operation ('j', Crypto.cpp:210) on local variable 'j' [12]  (0.000 ns)
	'add' operation ('add_ln210', Crypto.cpp:210) [14]  (1.679 ns)
	'store' operation ('store_ln210', Crypto.cpp:210) of variable 'add_ln210', Crypto.cpp:210 on local variable 'j' [41]  (1.588 ns)

 <State 2>: 3.254ns
The critical path consists of the following:
	'load' operation ('BitReverseData_1_load', Crypto.cpp:212) on array 'BitReverseData_1' [26]  (3.254 ns)

 <State 3>: 3.254ns
The critical path consists of the following:
	'store' operation ('store_ln212', Crypto.cpp:212) of variable 'BitReverseData_1_load', Crypto.cpp:212 on array 'DataRAM_10' [38]  (3.254 ns)


============================================================
+ Verbose Summary: Binding
============================================================
N/A
* FSMD analyzer results:
  - Output states:
 - Input state : 
  - Chain level:
	State 1
	State 2
	State 3


============================================================
+ Verbose Summary: Datapath Resource usage 
============================================================
N/A
