

================================================================
== Vitis HLS Report for 'Crypto_Pipeline_READ_DATA_LOOP'
================================================================
* Date:           Wed Feb  5 12:49:46 2025

* Version:        2023.1 (Build 3854077 on May  4 2023)
* Project:        Crypto
* Solution:       solution1 (Vivado IP Flow Target)
* Product family: zynq
* Target device:  xc7z020-clg400-1


================================================================
== Performance Estimates
================================================================
+ Timing: 
    * Summary: 
    +--------+---------+----------+------------+
    |  Clock |  Target | Estimated| Uncertainty|
    +--------+---------+----------+------------+
    |ap_clk  |  7.00 ns|  3.652 ns|     1.89 ns|
    +--------+---------+----------+------------+

+ Latency: 
    * Summary: 
    +---------+---------+-----------+-----------+------+------+---------+
    |  Latency (cycles) |   Latency (absolute)  |   Interval  | Pipeline|
    |   min   |   max   |    min    |    max    |  min |  max |   Type  |
    +---------+---------+-----------+-----------+------+------+---------+
    |     4100|     4100|  28.700 us|  28.700 us|  4100|  4100|       no|
    +---------+---------+-----------+-----------+------+------+---------+

    + Detail: 
        * Instance: 
        N/A

        * Loop: 
        +------------------+---------+---------+----------+-----------+-----------+------+----------+
        |                  |  Latency (cycles) | Iteration|  Initiation Interval  | Trip |          |
        |     Loop Name    |   min   |   max   |  Latency |  achieved |   target  | Count| Pipelined|
        +------------------+---------+---------+----------+-----------+-----------+------+----------+
        |- READ_DATA_LOOP  |     4098|     4098|         4|          1|          1|  4096|       yes|
        +------------------+---------+---------+----------+-----------+-----------+------+----------+

============================================================
+ Verbose Summary: Synthesis Manager
============================================================
InlineROM: 1
ExposeGlobal: 0
============================================================
+ Verbose Summary: CDFG Model
============================================================
IsTopModel: 0
ResetActiveHigh: 1
IsCombinational: 0
IsDatapathOnly: 0
HasWiredReturn: 1
HasMFsm: 2
HasVarLatency: 1
IsPipeline: 0
IsRtlPipelined: 0
IsInstanceOverlapped: 0
IsDontTouch: 0
HasImplIP: 0
IsGatedGlobalClock: 0

+ Individual pipeline summary: 
  * Pipeline-0: initiation interval (II) = 1, depth = 4


============================================================
+ Verbose Summary: Schedule
============================================================
* Number of FSM states : 4
* Pipeline : 1
  Pipeline-0 : II = 1, D = 4, States = { 1 2 3 4 }
* Dataflow Pipeline: 0

* FSM state transitions: 
1 --> 2 
2 --> 3 
3 --> 4 
4 --> 

* FSM state operations: 

State 1 <SV = 0> <Delay = 3.26>
ST_1 : Operation 7 [1/1] (0.00ns)   --->   "%i_1 = alloca i32 1"   --->   Operation 7 'alloca' 'i_1' <Predicate = true> <Delay = 0.00>
ST_1 : Operation 8 [1/1] (0.00ns)   --->   "%specmemcore_ln0 = specmemcore void @_ssdm_op_SpecMemCore, i32 %DataIn, i64 666, i64 207, i64 1"   --->   Operation 8 'specmemcore' 'specmemcore_ln0' <Predicate = true> <Delay = 0.00>
ST_1 : Operation 9 [1/1] (0.00ns)   --->   "%specinterface_ln0 = specinterface void @_ssdm_op_SpecInterface, i32 %DataIn, void @empty_24, i32 0, i32 0, void @empty_26, i32 1, i32 0, void @empty_26, void @empty_26, void @empty_26, i32 0, i32 0, i32 0, i32 0, void @empty_26, void @empty_26, i32 4294967295, i32 0"   --->   Operation 9 'specinterface' 'specinterface_ln0' <Predicate = true> <Delay = 0.00>
ST_1 : Operation 10 [1/1] (0.00ns)   --->   "%RAMSel_cast_read = read i1 @_ssdm_op_Read.ap_auto.i1, i1 %RAMSel_cast"   --->   Operation 10 'read' 'RAMSel_cast_read' <Predicate = true> <Delay = 0.00>
ST_1 : Operation 11 [1/1] (1.58ns)   --->   "%store_ln0 = store i13 0, i13 %i_1"   --->   Operation 11 'store' 'store_ln0' <Predicate = true> <Delay = 1.58>
ST_1 : Operation 12 [1/1] (0.00ns)   --->   "%br_ln0 = br void %for.inc46"   --->   Operation 12 'br' 'br_ln0' <Predicate = true> <Delay = 0.00>
ST_1 : Operation 13 [1/1] (0.00ns)   --->   "%i = load i13 %i_1"   --->   Operation 13 'load' 'i' <Predicate = true> <Delay = 0.00>
ST_1 : Operation 14 [1/1] (0.00ns)   --->   "%specpipeline_ln0 = specpipeline void @_ssdm_op_SpecPipeline, i32 4294967295, i32 0, i32 1, i32 0, void @p_str"   --->   Operation 14 'specpipeline' 'specpipeline_ln0' <Predicate = true> <Delay = 0.00>
ST_1 : Operation 15 [1/1] (1.67ns)   --->   "%icmp_ln58 = icmp_eq  i13 %i, i13 4096" [Crypto.cpp:58]   --->   Operation 15 'icmp' 'icmp_ln58' <Predicate = true> <Delay = 1.67> <CoreInst = "Cmp">   --->   Core 9 'Cmp' <Latency = 0> <II = 1> <Delay = 1.67> <FuncUnit> <Opcode : 'icmp'> <InPorts = 2> <OutPorts = 1>
ST_1 : Operation 16 [1/1] (1.67ns)   --->   "%add_ln58 = add i13 %i, i13 1" [Crypto.cpp:58]   --->   Operation 16 'add' 'add_ln58' <Predicate = true> <Delay = 1.67> <CoreInst = "Adder">   --->   Core 1 'Adder' <Latency = 0> <II = 1> <Delay = 1.67> <FuncUnit> <Opcode : 'add' 'sub'> <InPorts = 2> <OutPorts = 1>
ST_1 : Operation 17 [1/1] (0.00ns)   --->   "%br_ln58 = br i1 %icmp_ln58, void %for.inc46.split, void %sw.epilog.loopexit13.exitStub" [Crypto.cpp:58]   --->   Operation 17 'br' 'br_ln58' <Predicate = true> <Delay = 0.00>
ST_1 : Operation 18 [1/1] (0.00ns)   --->   "%lshr_ln1 = partselect i8 @_ssdm_op_PartSelect.i8.i13.i32.i32, i13 %i, i32 4, i32 11" [Crypto.cpp:58]   --->   Operation 18 'partselect' 'lshr_ln1' <Predicate = (!icmp_ln58)> <Delay = 0.00>
ST_1 : Operation 19 [1/1] (0.00ns)   --->   "%zext_ln58 = zext i8 %lshr_ln1" [Crypto.cpp:58]   --->   Operation 19 'zext' 'zext_ln58' <Predicate = (!icmp_ln58)> <Delay = 0.00>
ST_1 : Operation 20 [1/1] (0.00ns)   --->   "%DataRAM_addr = getelementptr i32 %DataRAM, i64 0, i64 %zext_ln58" [Crypto.cpp:61]   --->   Operation 20 'getelementptr' 'DataRAM_addr' <Predicate = (!icmp_ln58)> <Delay = 0.00>
ST_1 : Operation 21 [1/1] (0.00ns)   --->   "%DataRAM_1_addr = getelementptr i32 %DataRAM_1, i64 0, i64 %zext_ln58" [Crypto.cpp:61]   --->   Operation 21 'getelementptr' 'DataRAM_1_addr' <Predicate = (!icmp_ln58)> <Delay = 0.00>
ST_1 : Operation 22 [1/1] (0.00ns)   --->   "%DataRAM_2_addr = getelementptr i32 %DataRAM_2, i64 0, i64 %zext_ln58" [Crypto.cpp:61]   --->   Operation 22 'getelementptr' 'DataRAM_2_addr' <Predicate = (!icmp_ln58)> <Delay = 0.00>
ST_1 : Operation 23 [1/1] (0.00ns)   --->   "%DataRAM_3_addr = getelementptr i32 %DataRAM_3, i64 0, i64 %zext_ln58" [Crypto.cpp:61]   --->   Operation 23 'getelementptr' 'DataRAM_3_addr' <Predicate = (!icmp_ln58)> <Delay = 0.00>
ST_1 : Operation 24 [1/1] (0.00ns)   --->   "%DataRAM_4_addr = getelementptr i32 %DataRAM_4, i64 0, i64 %zext_ln58" [Crypto.cpp:61]   --->   Operation 24 'getelementptr' 'DataRAM_4_addr' <Predicate = (!icmp_ln58)> <Delay = 0.00>
ST_1 : Operation 25 [1/1] (0.00ns)   --->   "%DataRAM_5_addr = getelementptr i32 %DataRAM_5, i64 0, i64 %zext_ln58" [Crypto.cpp:61]   --->   Operation 25 'getelementptr' 'DataRAM_5_addr' <Predicate = (!icmp_ln58)> <Delay = 0.00>
ST_1 : Operation 26 [1/1] (0.00ns)   --->   "%DataRAM_6_addr = getelementptr i32 %DataRAM_6, i64 0, i64 %zext_ln58" [Crypto.cpp:61]   --->   Operation 26 'getelementptr' 'DataRAM_6_addr' <Predicate = (!icmp_ln58)> <Delay = 0.00>
ST_1 : Operation 27 [1/1] (0.00ns)   --->   "%DataRAM_7_addr = getelementptr i32 %DataRAM_7, i64 0, i64 %zext_ln58" [Crypto.cpp:61]   --->   Operation 27 'getelementptr' 'DataRAM_7_addr' <Predicate = (!icmp_ln58)> <Delay = 0.00>
ST_1 : Operation 28 [1/1] (0.00ns)   --->   "%DataRAM_8_addr = getelementptr i32 %DataRAM_8, i64 0, i64 %zext_ln58" [Crypto.cpp:61]   --->   Operation 28 'getelementptr' 'DataRAM_8_addr' <Predicate = (!icmp_ln58)> <Delay = 0.00>
ST_1 : Operation 29 [1/1] (0.00ns)   --->   "%DataRAM_9_addr = getelementptr i32 %DataRAM_9, i64 0, i64 %zext_ln58" [Crypto.cpp:61]   --->   Operation 29 'getelementptr' 'DataRAM_9_addr' <Predicate = (!icmp_ln58)> <Delay = 0.00>
ST_1 : Operation 30 [1/1] (0.00ns)   --->   "%DataRAM_10_addr = getelementptr i32 %DataRAM_10, i64 0, i64 %zext_ln58" [Crypto.cpp:61]   --->   Operation 30 'getelementptr' 'DataRAM_10_addr' <Predicate = (!icmp_ln58)> <Delay = 0.00>
ST_1 : Operation 31 [1/1] (0.00ns)   --->   "%DataRAM_11_addr = getelementptr i32 %DataRAM_11, i64 0, i64 %zext_ln58" [Crypto.cpp:61]   --->   Operation 31 'getelementptr' 'DataRAM_11_addr' <Predicate = (!icmp_ln58)> <Delay = 0.00>
ST_1 : Operation 32 [1/1] (0.00ns)   --->   "%DataRAM_12_addr = getelementptr i32 %DataRAM_12, i64 0, i64 %zext_ln58" [Crypto.cpp:61]   --->   Operation 32 'getelementptr' 'DataRAM_12_addr' <Predicate = (!icmp_ln58)> <Delay = 0.00>
ST_1 : Operation 33 [1/1] (0.00ns)   --->   "%DataRAM_13_addr = getelementptr i32 %DataRAM_13, i64 0, i64 %zext_ln58" [Crypto.cpp:61]   --->   Operation 33 'getelementptr' 'DataRAM_13_addr' <Predicate = (!icmp_ln58)> <Delay = 0.00>
ST_1 : Operation 34 [1/1] (0.00ns)   --->   "%DataRAM_14_addr = getelementptr i32 %DataRAM_14, i64 0, i64 %zext_ln58" [Crypto.cpp:61]   --->   Operation 34 'getelementptr' 'DataRAM_14_addr' <Predicate = (!icmp_ln58)> <Delay = 0.00>
ST_1 : Operation 35 [1/1] (0.00ns)   --->   "%DataRAM_15_addr = getelementptr i32 %DataRAM_15, i64 0, i64 %zext_ln58" [Crypto.cpp:61]   --->   Operation 35 'getelementptr' 'DataRAM_15_addr' <Predicate = (!icmp_ln58)> <Delay = 0.00>
ST_1 : Operation 36 [1/1] (0.00ns)   --->   "%DataRAM_16_addr = getelementptr i32 %DataRAM_16, i64 0, i64 %zext_ln58" [Crypto.cpp:61]   --->   Operation 36 'getelementptr' 'DataRAM_16_addr' <Predicate = (!icmp_ln58)> <Delay = 0.00>
ST_1 : Operation 37 [1/1] (0.00ns)   --->   "%DataRAM_17_addr = getelementptr i32 %DataRAM_17, i64 0, i64 %zext_ln58" [Crypto.cpp:61]   --->   Operation 37 'getelementptr' 'DataRAM_17_addr' <Predicate = (!icmp_ln58)> <Delay = 0.00>
ST_1 : Operation 38 [1/1] (0.00ns)   --->   "%DataRAM_18_addr = getelementptr i32 %DataRAM_18, i64 0, i64 %zext_ln58" [Crypto.cpp:61]   --->   Operation 38 'getelementptr' 'DataRAM_18_addr' <Predicate = (!icmp_ln58)> <Delay = 0.00>
ST_1 : Operation 39 [1/1] (0.00ns)   --->   "%DataRAM_19_addr = getelementptr i32 %DataRAM_19, i64 0, i64 %zext_ln58" [Crypto.cpp:61]   --->   Operation 39 'getelementptr' 'DataRAM_19_addr' <Predicate = (!icmp_ln58)> <Delay = 0.00>
ST_1 : Operation 40 [1/1] (0.00ns)   --->   "%DataRAM_20_addr = getelementptr i32 %DataRAM_20, i64 0, i64 %zext_ln58" [Crypto.cpp:61]   --->   Operation 40 'getelementptr' 'DataRAM_20_addr' <Predicate = (!icmp_ln58)> <Delay = 0.00>
ST_1 : Operation 41 [1/1] (0.00ns)   --->   "%DataRAM_21_addr = getelementptr i32 %DataRAM_21, i64 0, i64 %zext_ln58" [Crypto.cpp:61]   --->   Operation 41 'getelementptr' 'DataRAM_21_addr' <Predicate = (!icmp_ln58)> <Delay = 0.00>
ST_1 : Operation 42 [1/1] (0.00ns)   --->   "%DataRAM_22_addr = getelementptr i32 %DataRAM_22, i64 0, i64 %zext_ln58" [Crypto.cpp:61]   --->   Operation 42 'getelementptr' 'DataRAM_22_addr' <Predicate = (!icmp_ln58)> <Delay = 0.00>
ST_1 : Operation 43 [1/1] (0.00ns)   --->   "%DataRAM_23_addr = getelementptr i32 %DataRAM_23, i64 0, i64 %zext_ln58" [Crypto.cpp:61]   --->   Operation 43 'getelementptr' 'DataRAM_23_addr' <Predicate = (!icmp_ln58)> <Delay = 0.00>
ST_1 : Operation 44 [1/1] (0.00ns)   --->   "%DataRAM_24_addr = getelementptr i32 %DataRAM_24, i64 0, i64 %zext_ln58" [Crypto.cpp:61]   --->   Operation 44 'getelementptr' 'DataRAM_24_addr' <Predicate = (!icmp_ln58)> <Delay = 0.00>
ST_1 : Operation 45 [1/1] (0.00ns)   --->   "%DataRAM_25_addr = getelementptr i32 %DataRAM_25, i64 0, i64 %zext_ln58" [Crypto.cpp:61]   --->   Operation 45 'getelementptr' 'DataRAM_25_addr' <Predicate = (!icmp_ln58)> <Delay = 0.00>
ST_1 : Operation 46 [1/1] (0.00ns)   --->   "%DataRAM_26_addr = getelementptr i32 %DataRAM_26, i64 0, i64 %zext_ln58" [Crypto.cpp:61]   --->   Operation 46 'getelementptr' 'DataRAM_26_addr' <Predicate = (!icmp_ln58)> <Delay = 0.00>
ST_1 : Operation 47 [1/1] (0.00ns)   --->   "%DataRAM_27_addr = getelementptr i32 %DataRAM_27, i64 0, i64 %zext_ln58" [Crypto.cpp:61]   --->   Operation 47 'getelementptr' 'DataRAM_27_addr' <Predicate = (!icmp_ln58)> <Delay = 0.00>
ST_1 : Operation 48 [1/1] (0.00ns)   --->   "%DataRAM_28_addr = getelementptr i32 %DataRAM_28, i64 0, i64 %zext_ln58" [Crypto.cpp:61]   --->   Operation 48 'getelementptr' 'DataRAM_28_addr' <Predicate = (!icmp_ln58)> <Delay = 0.00>
ST_1 : Operation 49 [1/1] (0.00ns)   --->   "%DataRAM_29_addr = getelementptr i32 %DataRAM_29, i64 0, i64 %zext_ln58" [Crypto.cpp:61]   --->   Operation 49 'getelementptr' 'DataRAM_29_addr' <Predicate = (!icmp_ln58)> <Delay = 0.00>
ST_1 : Operation 50 [1/1] (0.00ns)   --->   "%DataRAM_30_addr = getelementptr i32 %DataRAM_30, i64 0, i64 %zext_ln58" [Crypto.cpp:61]   --->   Operation 50 'getelementptr' 'DataRAM_30_addr' <Predicate = (!icmp_ln58)> <Delay = 0.00>
ST_1 : Operation 51 [1/1] (0.00ns)   --->   "%DataRAM_31_addr = getelementptr i32 %DataRAM_31, i64 0, i64 %zext_ln58" [Crypto.cpp:61]   --->   Operation 51 'getelementptr' 'DataRAM_31_addr' <Predicate = (!icmp_ln58)> <Delay = 0.00>
ST_1 : Operation 52 [2/2] (3.25ns)   --->   "%DataRAM_load = load i8 %DataRAM_addr" [Crypto.cpp:61]   --->   Operation 52 'load' 'DataRAM_load' <Predicate = (!icmp_ln58)> <Delay = 3.25> <CoreInst = "RAM">   --->   Core 82 'RAM' <Latency = 1> <II = 1> <Delay = 3.25> <Storage> <Opcode : 'load' 'store'> <Ports = 2> <Width = 32> <Depth = 256> <RAM>
ST_1 : Operation 53 [2/2] (3.25ns)   --->   "%DataRAM_1_load = load i8 %DataRAM_1_addr" [Crypto.cpp:61]   --->   Operation 53 'load' 'DataRAM_1_load' <Predicate = (!icmp_ln58)> <Delay = 3.25> <CoreInst = "RAM">   --->   Core 82 'RAM' <Latency = 1> <II = 1> <Delay = 3.25> <Storage> <Opcode : 'load' 'store'> <Ports = 2> <Width = 32> <Depth = 256> <RAM>
ST_1 : Operation 54 [2/2] (3.25ns)   --->   "%DataRAM_2_load = load i8 %DataRAM_2_addr" [Crypto.cpp:61]   --->   Operation 54 'load' 'DataRAM_2_load' <Predicate = (!icmp_ln58)> <Delay = 3.25> <CoreInst = "RAM">   --->   Core 82 'RAM' <Latency = 1> <II = 1> <Delay = 3.25> <Storage> <Opcode : 'load' 'store'> <Ports = 2> <Width = 32> <Depth = 256> <RAM>
ST_1 : Operation 55 [2/2] (3.25ns)   --->   "%DataRAM_3_load = load i8 %DataRAM_3_addr" [Crypto.cpp:61]   --->   Operation 55 'load' 'DataRAM_3_load' <Predicate = (!icmp_ln58)> <Delay = 3.25> <CoreInst = "RAM">   --->   Core 82 'RAM' <Latency = 1> <II = 1> <Delay = 3.25> <Storage> <Opcode : 'load' 'store'> <Ports = 2> <Width = 32> <Depth = 256> <RAM>
ST_1 : Operation 56 [2/2] (3.25ns)   --->   "%DataRAM_4_load = load i8 %DataRAM_4_addr" [Crypto.cpp:61]   --->   Operation 56 'load' 'DataRAM_4_load' <Predicate = (!icmp_ln58)> <Delay = 3.25> <CoreInst = "RAM">   --->   Core 82 'RAM' <Latency = 1> <II = 1> <Delay = 3.25> <Storage> <Opcode : 'load' 'store'> <Ports = 2> <Width = 32> <Depth = 256> <RAM>
ST_1 : Operation 57 [2/2] (3.25ns)   --->   "%DataRAM_5_load = load i8 %DataRAM_5_addr" [Crypto.cpp:61]   --->   Operation 57 'load' 'DataRAM_5_load' <Predicate = (!icmp_ln58)> <Delay = 3.25> <CoreInst = "RAM">   --->   Core 82 'RAM' <Latency = 1> <II = 1> <Delay = 3.25> <Storage> <Opcode : 'load' 'store'> <Ports = 2> <Width = 32> <Depth = 256> <RAM>
ST_1 : Operation 58 [2/2] (3.25ns)   --->   "%DataRAM_6_load = load i8 %DataRAM_6_addr" [Crypto.cpp:61]   --->   Operation 58 'load' 'DataRAM_6_load' <Predicate = (!icmp_ln58)> <Delay = 3.25> <CoreInst = "RAM">   --->   Core 82 'RAM' <Latency = 1> <II = 1> <Delay = 3.25> <Storage> <Opcode : 'load' 'store'> <Ports = 2> <Width = 32> <Depth = 256> <RAM>
ST_1 : Operation 59 [2/2] (3.25ns)   --->   "%DataRAM_7_load = load i8 %DataRAM_7_addr" [Crypto.cpp:61]   --->   Operation 59 'load' 'DataRAM_7_load' <Predicate = (!icmp_ln58)> <Delay = 3.25> <CoreInst = "RAM">   --->   Core 82 'RAM' <Latency = 1> <II = 1> <Delay = 3.25> <Storage> <Opcode : 'load' 'store'> <Ports = 2> <Width = 32> <Depth = 256> <RAM>
ST_1 : Operation 60 [2/2] (3.25ns)   --->   "%DataRAM_8_load = load i8 %DataRAM_8_addr" [Crypto.cpp:61]   --->   Operation 60 'load' 'DataRAM_8_load' <Predicate = (!icmp_ln58)> <Delay = 3.25> <CoreInst = "RAM">   --->   Core 82 'RAM' <Latency = 1> <II = 1> <Delay = 3.25> <Storage> <Opcode : 'load' 'store'> <Ports = 2> <Width = 32> <Depth = 256> <RAM>
ST_1 : Operation 61 [2/2] (3.25ns)   --->   "%DataRAM_9_load = load i8 %DataRAM_9_addr" [Crypto.cpp:61]   --->   Operation 61 'load' 'DataRAM_9_load' <Predicate = (!icmp_ln58)> <Delay = 3.25> <CoreInst = "RAM">   --->   Core 82 'RAM' <Latency = 1> <II = 1> <Delay = 3.25> <Storage> <Opcode : 'load' 'store'> <Ports = 2> <Width = 32> <Depth = 256> <RAM>
ST_1 : Operation 62 [2/2] (3.25ns)   --->   "%DataRAM_10_load = load i8 %DataRAM_10_addr" [Crypto.cpp:61]   --->   Operation 62 'load' 'DataRAM_10_load' <Predicate = (!icmp_ln58)> <Delay = 3.25> <CoreInst = "RAM">   --->   Core 82 'RAM' <Latency = 1> <II = 1> <Delay = 3.25> <Storage> <Opcode : 'load' 'store'> <Ports = 2> <Width = 32> <Depth = 256> <RAM>
ST_1 : Operation 63 [2/2] (3.25ns)   --->   "%DataRAM_11_load = load i8 %DataRAM_11_addr" [Crypto.cpp:61]   --->   Operation 63 'load' 'DataRAM_11_load' <Predicate = (!icmp_ln58)> <Delay = 3.25> <CoreInst = "RAM">   --->   Core 82 'RAM' <Latency = 1> <II = 1> <Delay = 3.25> <Storage> <Opcode : 'load' 'store'> <Ports = 2> <Width = 32> <Depth = 256> <RAM>
ST_1 : Operation 64 [2/2] (3.25ns)   --->   "%DataRAM_12_load = load i8 %DataRAM_12_addr" [Crypto.cpp:61]   --->   Operation 64 'load' 'DataRAM_12_load' <Predicate = (!icmp_ln58)> <Delay = 3.25> <CoreInst = "RAM">   --->   Core 82 'RAM' <Latency = 1> <II = 1> <Delay = 3.25> <Storage> <Opcode : 'load' 'store'> <Ports = 2> <Width = 32> <Depth = 256> <RAM>
ST_1 : Operation 65 [2/2] (3.25ns)   --->   "%DataRAM_13_load = load i8 %DataRAM_13_addr" [Crypto.cpp:61]   --->   Operation 65 'load' 'DataRAM_13_load' <Predicate = (!icmp_ln58)> <Delay = 3.25> <CoreInst = "RAM">   --->   Core 82 'RAM' <Latency = 1> <II = 1> <Delay = 3.25> <Storage> <Opcode : 'load' 'store'> <Ports = 2> <Width = 32> <Depth = 256> <RAM>
ST_1 : Operation 66 [2/2] (3.25ns)   --->   "%DataRAM_14_load = load i8 %DataRAM_14_addr" [Crypto.cpp:61]   --->   Operation 66 'load' 'DataRAM_14_load' <Predicate = (!icmp_ln58)> <Delay = 3.25> <CoreInst = "RAM">   --->   Core 82 'RAM' <Latency = 1> <II = 1> <Delay = 3.25> <Storage> <Opcode : 'load' 'store'> <Ports = 2> <Width = 32> <Depth = 256> <RAM>
ST_1 : Operation 67 [2/2] (3.25ns)   --->   "%DataRAM_15_load = load i8 %DataRAM_15_addr" [Crypto.cpp:61]   --->   Operation 67 'load' 'DataRAM_15_load' <Predicate = (!icmp_ln58)> <Delay = 3.25> <CoreInst = "RAM">   --->   Core 82 'RAM' <Latency = 1> <II = 1> <Delay = 3.25> <Storage> <Opcode : 'load' 'store'> <Ports = 2> <Width = 32> <Depth = 256> <RAM>
ST_1 : Operation 68 [2/2] (3.25ns)   --->   "%DataRAM_16_load = load i8 %DataRAM_16_addr" [Crypto.cpp:61]   --->   Operation 68 'load' 'DataRAM_16_load' <Predicate = (!icmp_ln58)> <Delay = 3.25> <CoreInst = "RAM">   --->   Core 82 'RAM' <Latency = 1> <II = 1> <Delay = 3.25> <Storage> <Opcode : 'load' 'store'> <Ports = 2> <Width = 32> <Depth = 256> <RAM>
ST_1 : Operation 69 [2/2] (3.25ns)   --->   "%DataRAM_17_load = load i8 %DataRAM_17_addr" [Crypto.cpp:61]   --->   Operation 69 'load' 'DataRAM_17_load' <Predicate = (!icmp_ln58)> <Delay = 3.25> <CoreInst = "RAM">   --->   Core 82 'RAM' <Latency = 1> <II = 1> <Delay = 3.25> <Storage> <Opcode : 'load' 'store'> <Ports = 2> <Width = 32> <Depth = 256> <RAM>
ST_1 : Operation 70 [2/2] (3.25ns)   --->   "%DataRAM_18_load = load i8 %DataRAM_18_addr" [Crypto.cpp:61]   --->   Operation 70 'load' 'DataRAM_18_load' <Predicate = (!icmp_ln58)> <Delay = 3.25> <CoreInst = "RAM">   --->   Core 82 'RAM' <Latency = 1> <II = 1> <Delay = 3.25> <Storage> <Opcode : 'load' 'store'> <Ports = 2> <Width = 32> <Depth = 256> <RAM>
ST_1 : Operation 71 [2/2] (3.25ns)   --->   "%DataRAM_19_load = load i8 %DataRAM_19_addr" [Crypto.cpp:61]   --->   Operation 71 'load' 'DataRAM_19_load' <Predicate = (!icmp_ln58)> <Delay = 3.25> <CoreInst = "RAM">   --->   Core 82 'RAM' <Latency = 1> <II = 1> <Delay = 3.25> <Storage> <Opcode : 'load' 'store'> <Ports = 2> <Width = 32> <Depth = 256> <RAM>
ST_1 : Operation 72 [2/2] (3.25ns)   --->   "%DataRAM_20_load = load i8 %DataRAM_20_addr" [Crypto.cpp:61]   --->   Operation 72 'load' 'DataRAM_20_load' <Predicate = (!icmp_ln58)> <Delay = 3.25> <CoreInst = "RAM">   --->   Core 82 'RAM' <Latency = 1> <II = 1> <Delay = 3.25> <Storage> <Opcode : 'load' 'store'> <Ports = 2> <Width = 32> <Depth = 256> <RAM>
ST_1 : Operation 73 [2/2] (3.25ns)   --->   "%DataRAM_21_load = load i8 %DataRAM_21_addr" [Crypto.cpp:61]   --->   Operation 73 'load' 'DataRAM_21_load' <Predicate = (!icmp_ln58)> <Delay = 3.25> <CoreInst = "RAM">   --->   Core 82 'RAM' <Latency = 1> <II = 1> <Delay = 3.25> <Storage> <Opcode : 'load' 'store'> <Ports = 2> <Width = 32> <Depth = 256> <RAM>
ST_1 : Operation 74 [2/2] (3.25ns)   --->   "%DataRAM_22_load = load i8 %DataRAM_22_addr" [Crypto.cpp:61]   --->   Operation 74 'load' 'DataRAM_22_load' <Predicate = (!icmp_ln58)> <Delay = 3.25> <CoreInst = "RAM">   --->   Core 82 'RAM' <Latency = 1> <II = 1> <Delay = 3.25> <Storage> <Opcode : 'load' 'store'> <Ports = 2> <Width = 32> <Depth = 256> <RAM>
ST_1 : Operation 75 [2/2] (3.25ns)   --->   "%DataRAM_23_load = load i8 %DataRAM_23_addr" [Crypto.cpp:61]   --->   Operation 75 'load' 'DataRAM_23_load' <Predicate = (!icmp_ln58)> <Delay = 3.25> <CoreInst = "RAM">   --->   Core 82 'RAM' <Latency = 1> <II = 1> <Delay = 3.25> <Storage> <Opcode : 'load' 'store'> <Ports = 2> <Width = 32> <Depth = 256> <RAM>
ST_1 : Operation 76 [2/2] (3.25ns)   --->   "%DataRAM_24_load = load i8 %DataRAM_24_addr" [Crypto.cpp:61]   --->   Operation 76 'load' 'DataRAM_24_load' <Predicate = (!icmp_ln58)> <Delay = 3.25> <CoreInst = "RAM">   --->   Core 82 'RAM' <Latency = 1> <II = 1> <Delay = 3.25> <Storage> <Opcode : 'load' 'store'> <Ports = 2> <Width = 32> <Depth = 256> <RAM>
ST_1 : Operation 77 [2/2] (3.25ns)   --->   "%DataRAM_25_load = load i8 %DataRAM_25_addr" [Crypto.cpp:61]   --->   Operation 77 'load' 'DataRAM_25_load' <Predicate = (!icmp_ln58)> <Delay = 3.25> <CoreInst = "RAM">   --->   Core 82 'RAM' <Latency = 1> <II = 1> <Delay = 3.25> <Storage> <Opcode : 'load' 'store'> <Ports = 2> <Width = 32> <Depth = 256> <RAM>
ST_1 : Operation 78 [2/2] (3.25ns)   --->   "%DataRAM_26_load = load i8 %DataRAM_26_addr" [Crypto.cpp:61]   --->   Operation 78 'load' 'DataRAM_26_load' <Predicate = (!icmp_ln58)> <Delay = 3.25> <CoreInst = "RAM">   --->   Core 82 'RAM' <Latency = 1> <II = 1> <Delay = 3.25> <Storage> <Opcode : 'load' 'store'> <Ports = 2> <Width = 32> <Depth = 256> <RAM>
ST_1 : Operation 79 [2/2] (3.25ns)   --->   "%DataRAM_27_load = load i8 %DataRAM_27_addr" [Crypto.cpp:61]   --->   Operation 79 'load' 'DataRAM_27_load' <Predicate = (!icmp_ln58)> <Delay = 3.25> <CoreInst = "RAM">   --->   Core 82 'RAM' <Latency = 1> <II = 1> <Delay = 3.25> <Storage> <Opcode : 'load' 'store'> <Ports = 2> <Width = 32> <Depth = 256> <RAM>
ST_1 : Operation 80 [2/2] (3.25ns)   --->   "%DataRAM_28_load = load i8 %DataRAM_28_addr" [Crypto.cpp:61]   --->   Operation 80 'load' 'DataRAM_28_load' <Predicate = (!icmp_ln58)> <Delay = 3.25> <CoreInst = "RAM">   --->   Core 82 'RAM' <Latency = 1> <II = 1> <Delay = 3.25> <Storage> <Opcode : 'load' 'store'> <Ports = 2> <Width = 32> <Depth = 256> <RAM>
ST_1 : Operation 81 [2/2] (3.25ns)   --->   "%DataRAM_29_load = load i8 %DataRAM_29_addr" [Crypto.cpp:61]   --->   Operation 81 'load' 'DataRAM_29_load' <Predicate = (!icmp_ln58)> <Delay = 3.25> <CoreInst = "RAM">   --->   Core 82 'RAM' <Latency = 1> <II = 1> <Delay = 3.25> <Storage> <Opcode : 'load' 'store'> <Ports = 2> <Width = 32> <Depth = 256> <RAM>
ST_1 : Operation 82 [2/2] (3.25ns)   --->   "%DataRAM_30_load = load i8 %DataRAM_30_addr" [Crypto.cpp:61]   --->   Operation 82 'load' 'DataRAM_30_load' <Predicate = (!icmp_ln58)> <Delay = 3.25> <CoreInst = "RAM">   --->   Core 82 'RAM' <Latency = 1> <II = 1> <Delay = 3.25> <Storage> <Opcode : 'load' 'store'> <Ports = 2> <Width = 32> <Depth = 256> <RAM>
ST_1 : Operation 83 [2/2] (3.25ns)   --->   "%DataRAM_31_load = load i8 %DataRAM_31_addr" [Crypto.cpp:61]   --->   Operation 83 'load' 'DataRAM_31_load' <Predicate = (!icmp_ln58)> <Delay = 3.25> <CoreInst = "RAM">   --->   Core 82 'RAM' <Latency = 1> <II = 1> <Delay = 3.25> <Storage> <Opcode : 'load' 'store'> <Ports = 2> <Width = 32> <Depth = 256> <RAM>
ST_1 : Operation 84 [1/1] (1.58ns)   --->   "%store_ln58 = store i13 %add_ln58, i13 %i_1" [Crypto.cpp:58]   --->   Operation 84 'store' 'store_ln58' <Predicate = (!icmp_ln58)> <Delay = 1.58>

State 2 <SV = 1> <Delay = 3.25>
ST_2 : Operation 85 [1/2] (3.25ns)   --->   "%DataRAM_load = load i8 %DataRAM_addr" [Crypto.cpp:61]   --->   Operation 85 'load' 'DataRAM_load' <Predicate = true> <Delay = 3.25> <CoreInst = "RAM">   --->   Core 82 'RAM' <Latency = 1> <II = 1> <Delay = 3.25> <Storage> <Opcode : 'load' 'store'> <Ports = 2> <Width = 32> <Depth = 256> <RAM>
ST_2 : Operation 86 [1/2] (3.25ns)   --->   "%DataRAM_1_load = load i8 %DataRAM_1_addr" [Crypto.cpp:61]   --->   Operation 86 'load' 'DataRAM_1_load' <Predicate = true> <Delay = 3.25> <CoreInst = "RAM">   --->   Core 82 'RAM' <Latency = 1> <II = 1> <Delay = 3.25> <Storage> <Opcode : 'load' 'store'> <Ports = 2> <Width = 32> <Depth = 256> <RAM>
ST_2 : Operation 87 [1/2] (3.25ns)   --->   "%DataRAM_2_load = load i8 %DataRAM_2_addr" [Crypto.cpp:61]   --->   Operation 87 'load' 'DataRAM_2_load' <Predicate = true> <Delay = 3.25> <CoreInst = "RAM">   --->   Core 82 'RAM' <Latency = 1> <II = 1> <Delay = 3.25> <Storage> <Opcode : 'load' 'store'> <Ports = 2> <Width = 32> <Depth = 256> <RAM>
ST_2 : Operation 88 [1/2] (3.25ns)   --->   "%DataRAM_3_load = load i8 %DataRAM_3_addr" [Crypto.cpp:61]   --->   Operation 88 'load' 'DataRAM_3_load' <Predicate = true> <Delay = 3.25> <CoreInst = "RAM">   --->   Core 82 'RAM' <Latency = 1> <II = 1> <Delay = 3.25> <Storage> <Opcode : 'load' 'store'> <Ports = 2> <Width = 32> <Depth = 256> <RAM>
ST_2 : Operation 89 [1/2] (3.25ns)   --->   "%DataRAM_4_load = load i8 %DataRAM_4_addr" [Crypto.cpp:61]   --->   Operation 89 'load' 'DataRAM_4_load' <Predicate = true> <Delay = 3.25> <CoreInst = "RAM">   --->   Core 82 'RAM' <Latency = 1> <II = 1> <Delay = 3.25> <Storage> <Opcode : 'load' 'store'> <Ports = 2> <Width = 32> <Depth = 256> <RAM>
ST_2 : Operation 90 [1/2] (3.25ns)   --->   "%DataRAM_5_load = load i8 %DataRAM_5_addr" [Crypto.cpp:61]   --->   Operation 90 'load' 'DataRAM_5_load' <Predicate = true> <Delay = 3.25> <CoreInst = "RAM">   --->   Core 82 'RAM' <Latency = 1> <II = 1> <Delay = 3.25> <Storage> <Opcode : 'load' 'store'> <Ports = 2> <Width = 32> <Depth = 256> <RAM>
ST_2 : Operation 91 [1/2] (3.25ns)   --->   "%DataRAM_6_load = load i8 %DataRAM_6_addr" [Crypto.cpp:61]   --->   Operation 91 'load' 'DataRAM_6_load' <Predicate = true> <Delay = 3.25> <CoreInst = "RAM">   --->   Core 82 'RAM' <Latency = 1> <II = 1> <Delay = 3.25> <Storage> <Opcode : 'load' 'store'> <Ports = 2> <Width = 32> <Depth = 256> <RAM>
ST_2 : Operation 92 [1/2] (3.25ns)   --->   "%DataRAM_7_load = load i8 %DataRAM_7_addr" [Crypto.cpp:61]   --->   Operation 92 'load' 'DataRAM_7_load' <Predicate = true> <Delay = 3.25> <CoreInst = "RAM">   --->   Core 82 'RAM' <Latency = 1> <II = 1> <Delay = 3.25> <Storage> <Opcode : 'load' 'store'> <Ports = 2> <Width = 32> <Depth = 256> <RAM>
ST_2 : Operation 93 [1/2] (3.25ns)   --->   "%DataRAM_8_load = load i8 %DataRAM_8_addr" [Crypto.cpp:61]   --->   Operation 93 'load' 'DataRAM_8_load' <Predicate = true> <Delay = 3.25> <CoreInst = "RAM">   --->   Core 82 'RAM' <Latency = 1> <II = 1> <Delay = 3.25> <Storage> <Opcode : 'load' 'store'> <Ports = 2> <Width = 32> <Depth = 256> <RAM>
ST_2 : Operation 94 [1/2] (3.25ns)   --->   "%DataRAM_9_load = load i8 %DataRAM_9_addr" [Crypto.cpp:61]   --->   Operation 94 'load' 'DataRAM_9_load' <Predicate = true> <Delay = 3.25> <CoreInst = "RAM">   --->   Core 82 'RAM' <Latency = 1> <II = 1> <Delay = 3.25> <Storage> <Opcode : 'load' 'store'> <Ports = 2> <Width = 32> <Depth = 256> <RAM>
ST_2 : Operation 95 [1/2] (3.25ns)   --->   "%DataRAM_10_load = load i8 %DataRAM_10_addr" [Crypto.cpp:61]   --->   Operation 95 'load' 'DataRAM_10_load' <Predicate = true> <Delay = 3.25> <CoreInst = "RAM">   --->   Core 82 'RAM' <Latency = 1> <II = 1> <Delay = 3.25> <Storage> <Opcode : 'load' 'store'> <Ports = 2> <Width = 32> <Depth = 256> <RAM>
ST_2 : Operation 96 [1/2] (3.25ns)   --->   "%DataRAM_11_load = load i8 %DataRAM_11_addr" [Crypto.cpp:61]   --->   Operation 96 'load' 'DataRAM_11_load' <Predicate = true> <Delay = 3.25> <CoreInst = "RAM">   --->   Core 82 'RAM' <Latency = 1> <II = 1> <Delay = 3.25> <Storage> <Opcode : 'load' 'store'> <Ports = 2> <Width = 32> <Depth = 256> <RAM>
ST_2 : Operation 97 [1/2] (3.25ns)   --->   "%DataRAM_12_load = load i8 %DataRAM_12_addr" [Crypto.cpp:61]   --->   Operation 97 'load' 'DataRAM_12_load' <Predicate = true> <Delay = 3.25> <CoreInst = "RAM">   --->   Core 82 'RAM' <Latency = 1> <II = 1> <Delay = 3.25> <Storage> <Opcode : 'load' 'store'> <Ports = 2> <Width = 32> <Depth = 256> <RAM>
ST_2 : Operation 98 [1/2] (3.25ns)   --->   "%DataRAM_13_load = load i8 %DataRAM_13_addr" [Crypto.cpp:61]   --->   Operation 98 'load' 'DataRAM_13_load' <Predicate = true> <Delay = 3.25> <CoreInst = "RAM">   --->   Core 82 'RAM' <Latency = 1> <II = 1> <Delay = 3.25> <Storage> <Opcode : 'load' 'store'> <Ports = 2> <Width = 32> <Depth = 256> <RAM>
ST_2 : Operation 99 [1/2] (3.25ns)   --->   "%DataRAM_14_load = load i8 %DataRAM_14_addr" [Crypto.cpp:61]   --->   Operation 99 'load' 'DataRAM_14_load' <Predicate = true> <Delay = 3.25> <CoreInst = "RAM">   --->   Core 82 'RAM' <Latency = 1> <II = 1> <Delay = 3.25> <Storage> <Opcode : 'load' 'store'> <Ports = 2> <Width = 32> <Depth = 256> <RAM>
ST_2 : Operation 100 [1/2] (3.25ns)   --->   "%DataRAM_15_load = load i8 %DataRAM_15_addr" [Crypto.cpp:61]   --->   Operation 100 'load' 'DataRAM_15_load' <Predicate = true> <Delay = 3.25> <CoreInst = "RAM">   --->   Core 82 'RAM' <Latency = 1> <II = 1> <Delay = 3.25> <Storage> <Opcode : 'load' 'store'> <Ports = 2> <Width = 32> <Depth = 256> <RAM>
ST_2 : Operation 101 [1/2] (3.25ns)   --->   "%DataRAM_16_load = load i8 %DataRAM_16_addr" [Crypto.cpp:61]   --->   Operation 101 'load' 'DataRAM_16_load' <Predicate = true> <Delay = 3.25> <CoreInst = "RAM">   --->   Core 82 'RAM' <Latency = 1> <II = 1> <Delay = 3.25> <Storage> <Opcode : 'load' 'store'> <Ports = 2> <Width = 32> <Depth = 256> <RAM>
ST_2 : Operation 102 [1/2] (3.25ns)   --->   "%DataRAM_17_load = load i8 %DataRAM_17_addr" [Crypto.cpp:61]   --->   Operation 102 'load' 'DataRAM_17_load' <Predicate = true> <Delay = 3.25> <CoreInst = "RAM">   --->   Core 82 'RAM' <Latency = 1> <II = 1> <Delay = 3.25> <Storage> <Opcode : 'load' 'store'> <Ports = 2> <Width = 32> <Depth = 256> <RAM>
ST_2 : Operation 103 [1/2] (3.25ns)   --->   "%DataRAM_18_load = load i8 %DataRAM_18_addr" [Crypto.cpp:61]   --->   Operation 103 'load' 'DataRAM_18_load' <Predicate = true> <Delay = 3.25> <CoreInst = "RAM">   --->   Core 82 'RAM' <Latency = 1> <II = 1> <Delay = 3.25> <Storage> <Opcode : 'load' 'store'> <Ports = 2> <Width = 32> <Depth = 256> <RAM>
ST_2 : Operation 104 [1/2] (3.25ns)   --->   "%DataRAM_19_load = load i8 %DataRAM_19_addr" [Crypto.cpp:61]   --->   Operation 104 'load' 'DataRAM_19_load' <Predicate = true> <Delay = 3.25> <CoreInst = "RAM">   --->   Core 82 'RAM' <Latency = 1> <II = 1> <Delay = 3.25> <Storage> <Opcode : 'load' 'store'> <Ports = 2> <Width = 32> <Depth = 256> <RAM>
ST_2 : Operation 105 [1/2] (3.25ns)   --->   "%DataRAM_20_load = load i8 %DataRAM_20_addr" [Crypto.cpp:61]   --->   Operation 105 'load' 'DataRAM_20_load' <Predicate = true> <Delay = 3.25> <CoreInst = "RAM">   --->   Core 82 'RAM' <Latency = 1> <II = 1> <Delay = 3.25> <Storage> <Opcode : 'load' 'store'> <Ports = 2> <Width = 32> <Depth = 256> <RAM>
ST_2 : Operation 106 [1/2] (3.25ns)   --->   "%DataRAM_21_load = load i8 %DataRAM_21_addr" [Crypto.cpp:61]   --->   Operation 106 'load' 'DataRAM_21_load' <Predicate = true> <Delay = 3.25> <CoreInst = "RAM">   --->   Core 82 'RAM' <Latency = 1> <II = 1> <Delay = 3.25> <Storage> <Opcode : 'load' 'store'> <Ports = 2> <Width = 32> <Depth = 256> <RAM>
ST_2 : Operation 107 [1/2] (3.25ns)   --->   "%DataRAM_22_load = load i8 %DataRAM_22_addr" [Crypto.cpp:61]   --->   Operation 107 'load' 'DataRAM_22_load' <Predicate = true> <Delay = 3.25> <CoreInst = "RAM">   --->   Core 82 'RAM' <Latency = 1> <II = 1> <Delay = 3.25> <Storage> <Opcode : 'load' 'store'> <Ports = 2> <Width = 32> <Depth = 256> <RAM>
ST_2 : Operation 108 [1/2] (3.25ns)   --->   "%DataRAM_23_load = load i8 %DataRAM_23_addr" [Crypto.cpp:61]   --->   Operation 108 'load' 'DataRAM_23_load' <Predicate = true> <Delay = 3.25> <CoreInst = "RAM">   --->   Core 82 'RAM' <Latency = 1> <II = 1> <Delay = 3.25> <Storage> <Opcode : 'load' 'store'> <Ports = 2> <Width = 32> <Depth = 256> <RAM>
ST_2 : Operation 109 [1/2] (3.25ns)   --->   "%DataRAM_24_load = load i8 %DataRAM_24_addr" [Crypto.cpp:61]   --->   Operation 109 'load' 'DataRAM_24_load' <Predicate = true> <Delay = 3.25> <CoreInst = "RAM">   --->   Core 82 'RAM' <Latency = 1> <II = 1> <Delay = 3.25> <Storage> <Opcode : 'load' 'store'> <Ports = 2> <Width = 32> <Depth = 256> <RAM>
ST_2 : Operation 110 [1/2] (3.25ns)   --->   "%DataRAM_25_load = load i8 %DataRAM_25_addr" [Crypto.cpp:61]   --->   Operation 110 'load' 'DataRAM_25_load' <Predicate = true> <Delay = 3.25> <CoreInst = "RAM">   --->   Core 82 'RAM' <Latency = 1> <II = 1> <Delay = 3.25> <Storage> <Opcode : 'load' 'store'> <Ports = 2> <Width = 32> <Depth = 256> <RAM>
ST_2 : Operation 111 [1/2] (3.25ns)   --->   "%DataRAM_26_load = load i8 %DataRAM_26_addr" [Crypto.cpp:61]   --->   Operation 111 'load' 'DataRAM_26_load' <Predicate = true> <Delay = 3.25> <CoreInst = "RAM">   --->   Core 82 'RAM' <Latency = 1> <II = 1> <Delay = 3.25> <Storage> <Opcode : 'load' 'store'> <Ports = 2> <Width = 32> <Depth = 256> <RAM>
ST_2 : Operation 112 [1/2] (3.25ns)   --->   "%DataRAM_27_load = load i8 %DataRAM_27_addr" [Crypto.cpp:61]   --->   Operation 112 'load' 'DataRAM_27_load' <Predicate = true> <Delay = 3.25> <CoreInst = "RAM">   --->   Core 82 'RAM' <Latency = 1> <II = 1> <Delay = 3.25> <Storage> <Opcode : 'load' 'store'> <Ports = 2> <Width = 32> <Depth = 256> <RAM>
ST_2 : Operation 113 [1/2] (3.25ns)   --->   "%DataRAM_28_load = load i8 %DataRAM_28_addr" [Crypto.cpp:61]   --->   Operation 113 'load' 'DataRAM_28_load' <Predicate = true> <Delay = 3.25> <CoreInst = "RAM">   --->   Core 82 'RAM' <Latency = 1> <II = 1> <Delay = 3.25> <Storage> <Opcode : 'load' 'store'> <Ports = 2> <Width = 32> <Depth = 256> <RAM>
ST_2 : Operation 114 [1/2] (3.25ns)   --->   "%DataRAM_29_load = load i8 %DataRAM_29_addr" [Crypto.cpp:61]   --->   Operation 114 'load' 'DataRAM_29_load' <Predicate = true> <Delay = 3.25> <CoreInst = "RAM">   --->   Core 82 'RAM' <Latency = 1> <II = 1> <Delay = 3.25> <Storage> <Opcode : 'load' 'store'> <Ports = 2> <Width = 32> <Depth = 256> <RAM>
ST_2 : Operation 115 [1/2] (3.25ns)   --->   "%DataRAM_30_load = load i8 %DataRAM_30_addr" [Crypto.cpp:61]   --->   Operation 115 'load' 'DataRAM_30_load' <Predicate = true> <Delay = 3.25> <CoreInst = "RAM">   --->   Core 82 'RAM' <Latency = 1> <II = 1> <Delay = 3.25> <Storage> <Opcode : 'load' 'store'> <Ports = 2> <Width = 32> <Depth = 256> <RAM>
ST_2 : Operation 116 [1/2] (3.25ns)   --->   "%DataRAM_31_load = load i8 %DataRAM_31_addr" [Crypto.cpp:61]   --->   Operation 116 'load' 'DataRAM_31_load' <Predicate = true> <Delay = 3.25> <CoreInst = "RAM">   --->   Core 82 'RAM' <Latency = 1> <II = 1> <Delay = 3.25> <Storage> <Opcode : 'load' 'store'> <Ports = 2> <Width = 32> <Depth = 256> <RAM>

State 3 <SV = 2> <Delay = 3.65>
ST_3 : Operation 117 [1/1] (0.00ns)   --->   "%empty = trunc i13 %i"   --->   Operation 117 'trunc' 'empty' <Predicate = true> <Delay = 0.00>
ST_3 : Operation 118 [1/1] (2.06ns)   --->   "%tmp = mux i32 @_ssdm_op_Mux.ap_auto.16i32.i4, i32 %DataRAM_load, i32 %DataRAM_1_load, i32 %DataRAM_2_load, i32 %DataRAM_3_load, i32 %DataRAM_4_load, i32 %DataRAM_5_load, i32 %DataRAM_6_load, i32 %DataRAM_7_load, i32 %DataRAM_8_load, i32 %DataRAM_9_load, i32 %DataRAM_10_load, i32 %DataRAM_11_load, i32 %DataRAM_12_load, i32 %DataRAM_13_load, i32 %DataRAM_14_load, i32 %DataRAM_15_load, i4 %empty" [Crypto.cpp:61]   --->   Operation 118 'mux' 'tmp' <Predicate = true> <Delay = 2.06> <CoreInst = "Multiplexer">   --->   Core 76 'Multiplexer' <Latency = 0> <II = 1> <Delay = 2.06> <FuncUnit> <Opcode : 'mux'> <InPorts = 2> <OutPorts = 1>
ST_3 : Operation 119 [1/1] (2.06ns)   --->   "%tmp_1 = mux i32 @_ssdm_op_Mux.ap_auto.16i32.i4, i32 %DataRAM_16_load, i32 %DataRAM_17_load, i32 %DataRAM_18_load, i32 %DataRAM_19_load, i32 %DataRAM_20_load, i32 %DataRAM_21_load, i32 %DataRAM_22_load, i32 %DataRAM_23_load, i32 %DataRAM_24_load, i32 %DataRAM_25_load, i32 %DataRAM_26_load, i32 %DataRAM_27_load, i32 %DataRAM_28_load, i32 %DataRAM_29_load, i32 %DataRAM_30_load, i32 %DataRAM_31_load, i4 %empty" [Crypto.cpp:61]   --->   Operation 119 'mux' 'tmp_1' <Predicate = true> <Delay = 2.06> <CoreInst = "Multiplexer">   --->   Core 76 'Multiplexer' <Latency = 0> <II = 1> <Delay = 2.06> <FuncUnit> <Opcode : 'mux'> <InPorts = 2> <OutPorts = 1>
ST_3 : Operation 120 [1/1] (1.58ns)   --->   "%tmp_2 = mux i32 @_ssdm_op_Mux.ap_auto.2i32.i1, i32 %tmp, i32 %tmp_1, i1 %RAMSel_cast_read" [Crypto.cpp:61]   --->   Operation 120 'mux' 'tmp_2' <Predicate = true> <Delay = 1.58> <CoreInst = "Multiplexer">   --->   Core 76 'Multiplexer' <Latency = 0> <II = 1> <Delay = 1.58> <FuncUnit> <Opcode : 'mux'> <InPorts = 2> <OutPorts = 1>
ST_3 : Operation 127 [1/1] (0.00ns)   --->   "%ret_ln0 = ret"   --->   Operation 127 'ret' 'ret_ln0' <Predicate = (icmp_ln58)> <Delay = 0.00>

State 4 <SV = 3> <Delay = 3.25>
ST_4 : Operation 121 [1/1] (0.00ns)   --->   "%i_1_cast69 = zext i13 %i"   --->   Operation 121 'zext' 'i_1_cast69' <Predicate = true> <Delay = 0.00>
ST_4 : Operation 122 [1/1] (0.00ns)   --->   "%speclooptripcount_ln58 = speclooptripcount void @_ssdm_op_SpecLoopTripCount, i64 4096, i64 4096, i64 4096" [Crypto.cpp:58]   --->   Operation 122 'speclooptripcount' 'speclooptripcount_ln58' <Predicate = true> <Delay = 0.00>
ST_4 : Operation 123 [1/1] (0.00ns)   --->   "%specloopname_ln58 = specloopname void @_ssdm_op_SpecLoopName, void @empty_15" [Crypto.cpp:58]   --->   Operation 123 'specloopname' 'specloopname_ln58' <Predicate = true> <Delay = 0.00>
ST_4 : Operation 124 [1/1] (0.00ns)   --->   "%DataIn_addr = getelementptr i32 %DataIn, i64 0, i64 %i_1_cast69" [Crypto.cpp:61]   --->   Operation 124 'getelementptr' 'DataIn_addr' <Predicate = true> <Delay = 0.00>
ST_4 : Operation 125 [1/1] (3.25ns)   --->   "%store_ln61 = store i32 %tmp_2, i12 %DataIn_addr" [Crypto.cpp:61]   --->   Operation 125 'store' 'store_ln61' <Predicate = true> <Delay = 3.25> <CoreInst = "RAM_1P">   --->   Core 86 'RAM_1P' <Latency = 1> <II = 1> <Delay = 3.25> <Storage> <Opcode : 'load' 'store'> <Ports = 1> <Width = 32> <Depth = 4096> <RAM>
ST_4 : Operation 126 [1/1] (0.00ns)   --->   "%br_ln58 = br void %for.inc46" [Crypto.cpp:58]   --->   Operation 126 'br' 'br_ln58' <Predicate = true> <Delay = 0.00>


============================================================
+ Verbose Summary: Timing violations
============================================================
Target clock period: 7.000ns, clock uncertainty: 1.890ns.

 <State 1>: 3.268ns
The critical path consists of the following:
	'alloca' operation ('i') [35]  (0.000 ns)
	'load' operation ('i') on local variable 'i' [42]  (0.000 ns)
	'add' operation ('add_ln58', Crypto.cpp:58) [45]  (1.679 ns)
	'store' operation ('store_ln58', Crypto.cpp:58) of variable 'add_ln58', Crypto.cpp:58 on local variable 'i' [123]  (1.588 ns)

 <State 2>: 3.254ns
The critical path consists of the following:
	'load' operation ('DataRAM_load', Crypto.cpp:61) on array 'DataRAM' [86]  (3.254 ns)

 <State 3>: 3.652ns
The critical path consists of the following:
	'mux' operation ('tmp_1', Crypto.cpp:61) [119]  (2.064 ns)
	'mux' operation ('tmp_2', Crypto.cpp:61) [120]  (1.588 ns)

 <State 4>: 3.254ns
The critical path consists of the following:
	'getelementptr' operation ('DataIn_addr', Crypto.cpp:61) [121]  (0.000 ns)
	'store' operation ('store_ln61', Crypto.cpp:61) of variable 'tmp_2', Crypto.cpp:61 on array 'DataIn' [122]  (3.254 ns)


============================================================
+ Verbose Summary: Binding
============================================================
N/A
* FSMD analyzer results:
  - Output states:
 - Input state : 
  - Chain level:
	State 1
	State 2
	State 3
	State 4


============================================================
+ Verbose Summary: Datapath Resource usage 
============================================================
N/A
