

================================================================
== Vitis HLS Report for 'Crypto_Pipeline_VITIS_LOOP_99_4'
================================================================
* Date:           Mon Jan 13 00:09:24 2025

* Version:        2023.1 (Build 3854077 on May  4 2023)
* Project:        Crypto
* Solution:       solution1 (Vivado IP Flow Target)
* Product family: zynq
* Target device:  xc7z020-clg400-1


================================================================
== Performance Estimates
================================================================
+ Timing: 
    * Summary: 
    +--------+---------+----------+------------+
    |  Clock |  Target | Estimated| Uncertainty|
    +--------+---------+----------+------------+
    |ap_clk  |  8.00 ns|  3.268 ns|     2.16 ns|
    +--------+---------+----------+------------+

+ Latency: 
    * Summary: 
    +---------+---------+-----------+-----------+------+------+---------+
    |  Latency (cycles) |   Latency (absolute)  |   Interval  | Pipeline|
    |   min   |   max   |    min    |    max    |  min |  max |   Type  |
    +---------+---------+-----------+-----------+------+------+---------+
    |     4099|     4099|  32.792 us|  32.792 us|  4099|  4099|       no|
    +---------+---------+-----------+-----------+------+------+---------+

    + Detail: 
        * Instance: 
        N/A

        * Loop: 
        +-------------------+---------+---------+----------+-----------+-----------+------+----------+
        |                   |  Latency (cycles) | Iteration|  Initiation Interval  | Trip |          |
        |     Loop Name     |   min   |   max   |  Latency |  achieved |   target  | Count| Pipelined|
        +-------------------+---------+---------+----------+-----------+-----------+------+----------+
        |- VITIS_LOOP_99_4  |     4097|     4097|         3|          1|          1|  4096|       yes|
        +-------------------+---------+---------+----------+-----------+-----------+------+----------+



================================================================
== Utilization Estimates
================================================================
* Summary: 
+-----------------+---------+-----+--------+-------+-----+
|       Name      | BRAM_18K| DSP |   FF   |  LUT  | URAM|
+-----------------+---------+-----+--------+-------+-----+
|DSP              |        -|    -|       -|      -|    -|
|Expression       |        -|    -|       0|     33|    -|
|FIFO             |        -|    -|       -|      -|    -|
|Instance         |        -|    -|       -|      -|    -|
|Memory           |        -|    -|       -|      -|    -|
|Multiplexer      |        -|    -|       -|     36|    -|
|Register         |        -|    -|      76|      -|    -|
+-----------------+---------+-----+--------+-------+-----+
|Total            |        0|    0|      76|     69|    0|
+-----------------+---------+-----+--------+-------+-----+
|Available        |      280|  220|  106400|  53200|    0|
+-----------------+---------+-----+--------+-------+-----+
|Utilization (%)  |        0|    0|      ~0|     ~0|    0|
+-----------------+---------+-----+--------+-------+-----+

+ Detail: 
    * Instance: 
    N/A

    * DSP: 
    N/A

    * Memory: 
    N/A

    * FIFO: 
    N/A

    * Expression: 
    +--------------------+----------+----+---+----+------------+------------+
    |    Variable Name   | Operation| DSP| FF| LUT| Bitwidth P0| Bitwidth P1|
    +--------------------+----------+----+---+----+------------+------------+
    |add_ln99_fu_74_p2   |         +|   0|  0|  14|          13|           1|
    |icmp_ln99_fu_68_p2  |      icmp|   0|  0|  17|          13|          14|
    |ap_enable_pp0       |       xor|   0|  0|   2|           1|           2|
    +--------------------+----------+----+---+----+------------+------------+
    |Total               |          |   0|  0|  33|          27|          17|
    +--------------------+----------+----+---+----+------------+------------+

    * Multiplexer: 
    +-------------------------+----+-----------+-----+-----------+
    |           Name          | LUT| Input Size| Bits| Total Bits|
    +-------------------------+----+-----------+-----+-----------+
    |ap_done_int              |   9|          2|    1|          2|
    |ap_enable_reg_pp0_iter1  |   9|          2|    1|          2|
    |ap_sig_allocacmp_i_1     |   9|          2|   13|         26|
    |i_fu_30                  |   9|          2|   13|         26|
    +-------------------------+----+-----------+-----+-----------+
    |Total                    |  36|          8|   28|         56|
    +-------------------------+----+-----------+-----+-----------+

    * Register: 
    +----------------------------------+----+----+-----+-----------+
    |               Name               | FF | LUT| Bits| Const Bits|
    +----------------------------------+----+----+-----+-----------+
    |ap_CS_fsm                         |   1|   0|    1|          0|
    |ap_done_reg                       |   1|   0|    1|          0|
    |ap_enable_reg_pp0_iter1           |   1|   0|    1|          0|
    |ap_enable_reg_pp0_iter2           |   1|   0|    1|          0|
    |ap_loop_exit_ready_pp0_iter1_reg  |   1|   0|    1|          0|
    |bit_reversed_input_load_reg_111   |  32|   0|   32|          0|
    |i_cast_reg_101                    |  13|   0|   64|         51|
    |i_cast_reg_101_pp0_iter1_reg      |  13|   0|   64|         51|
    |i_fu_30                           |  13|   0|   13|          0|
    +----------------------------------+----+----+-----+-----------+
    |Total                             |  76|   0|  178|        102|
    +----------------------------------+----+----+-----+-----------+



================================================================
== Interface
================================================================
* Summary: 
+-----------------------------+-----+-----+------------+---------------------------------+--------------+
|          RTL Ports          | Dir | Bits|  Protocol  |          Source Object          |    C Type    |
+-----------------------------+-----+-----+------------+---------------------------------+--------------+
|ap_clk                       |   in|    1|  ap_ctrl_hs|  Crypto_Pipeline_VITIS_LOOP_99_4|  return value|
|ap_rst                       |   in|    1|  ap_ctrl_hs|  Crypto_Pipeline_VITIS_LOOP_99_4|  return value|
|ap_start                     |   in|    1|  ap_ctrl_hs|  Crypto_Pipeline_VITIS_LOOP_99_4|  return value|
|ap_done                      |  out|    1|  ap_ctrl_hs|  Crypto_Pipeline_VITIS_LOOP_99_4|  return value|
|ap_idle                      |  out|    1|  ap_ctrl_hs|  Crypto_Pipeline_VITIS_LOOP_99_4|  return value|
|ap_ready                     |  out|    1|  ap_ctrl_hs|  Crypto_Pipeline_VITIS_LOOP_99_4|  return value|
|bit_reversed_input_address0  |  out|   12|   ap_memory|               bit_reversed_input|         array|
|bit_reversed_input_ce0       |  out|    1|   ap_memory|               bit_reversed_input|         array|
|bit_reversed_input_q0        |   in|   32|   ap_memory|               bit_reversed_input|         array|
|DataTemp_address0            |  out|   12|   ap_memory|                         DataTemp|         array|
|DataTemp_ce0                 |  out|    1|   ap_memory|                         DataTemp|         array|
|DataTemp_we0                 |  out|    1|   ap_memory|                         DataTemp|         array|
|DataTemp_d0                  |  out|   32|   ap_memory|                         DataTemp|         array|
+-----------------------------+-----+-----+------------+---------------------------------+--------------+

============================================================
+ Verbose Summary: Synthesis Manager
============================================================
InlineROM: 1
ExposeGlobal: 0
============================================================
+ Verbose Summary: CDFG Model
============================================================
IsTopModel: 0
ResetActiveHigh: 1
IsCombinational: 2
IsDatapathOnly: 2
HasWiredReturn: 1
HasMFsm: 2
HasVarLatency: 1
IsPipeline: 0
IsRtlPipelined: 0
IsInstanceOverlapped: 0
IsDontTouch: 0
HasImplIP: 0
IsGatedGlobalClock: 0

+ Individual pipeline summary: 
  * Pipeline-0: initiation interval (II) = 1, depth = 3


============================================================
+ Verbose Summary: Schedule
============================================================
* Number of FSM states : 3
* Pipeline : 1
  Pipeline-0 : II = 1, D = 3, States = { 1 2 3 }
* Dataflow Pipeline: 0

* FSM state transitions: 
1 --> 2 
2 --> 3 
3 --> 

* FSM state operations: 

State 1 <SV = 0> <Delay = 3.26>
ST_1 : Operation 6 [1/1] (0.00ns)   --->   "%i = alloca i32 1"   --->   Operation 6 'alloca' 'i' <Predicate = true> <Delay = 0.00>
ST_1 : Operation 7 [1/1] (1.58ns)   --->   "%store_ln0 = store i13 0, i13 %i"   --->   Operation 7 'store' 'store_ln0' <Predicate = true> <Delay = 1.58>
ST_1 : Operation 8 [1/1] (0.00ns)   --->   "%br_ln0 = br void %for.inc102"   --->   Operation 8 'br' 'br_ln0' <Predicate = true> <Delay = 0.00>
ST_1 : Operation 9 [1/1] (0.00ns)   --->   "%i_1 = load i13 %i" [Crypto.cpp:99]   --->   Operation 9 'load' 'i_1' <Predicate = true> <Delay = 0.00>
ST_1 : Operation 10 [1/1] (0.00ns)   --->   "%specpipeline_ln0 = specpipeline void @_ssdm_op_SpecPipeline, i32 4294967295, i32 0, i32 1, i32 0, void @p_str"   --->   Operation 10 'specpipeline' 'specpipeline_ln0' <Predicate = true> <Delay = 0.00>
ST_1 : Operation 11 [1/1] (1.67ns)   --->   "%icmp_ln99 = icmp_eq  i13 %i_1, i13 4096" [Crypto.cpp:99]   --->   Operation 11 'icmp' 'icmp_ln99' <Predicate = true> <Delay = 1.67> <CoreInst = "Cmp">   --->   Core 9 'Cmp' <Latency = 0> <II = 1> <Delay = 1.81> <FuncUnit> <Opcode : 'icmp'> <InPorts = 2> <OutPorts = 1>
ST_1 : Operation 12 [1/1] (1.67ns)   --->   "%add_ln99 = add i13 %i_1, i13 1" [Crypto.cpp:99]   --->   Operation 12 'add' 'add_ln99' <Predicate = true> <Delay = 1.67> <CoreInst = "Adder">   --->   Core 1 'Adder' <Latency = 0> <II = 1> <Delay = 1.67> <FuncUnit> <Opcode : 'add' 'sub'> <InPorts = 2> <OutPorts = 1>
ST_1 : Operation 13 [1/1] (0.00ns)   --->   "%br_ln99 = br i1 %icmp_ln99, void %for.inc102.split, void %NTT_STAGE_LOOP.exitStub" [Crypto.cpp:99]   --->   Operation 13 'br' 'br_ln99' <Predicate = true> <Delay = 0.00>
ST_1 : Operation 14 [1/1] (0.00ns)   --->   "%i_cast = zext i13 %i_1" [Crypto.cpp:99]   --->   Operation 14 'zext' 'i_cast' <Predicate = (!icmp_ln99)> <Delay = 0.00>
ST_1 : Operation 15 [1/1] (0.00ns)   --->   "%bit_reversed_input_addr = getelementptr i32 %bit_reversed_input, i64 0, i64 %i_cast" [Crypto.cpp:100]   --->   Operation 15 'getelementptr' 'bit_reversed_input_addr' <Predicate = (!icmp_ln99)> <Delay = 0.00>
ST_1 : Operation 16 [2/2] (3.25ns)   --->   "%bit_reversed_input_load = load i12 %bit_reversed_input_addr" [Crypto.cpp:100]   --->   Operation 16 'load' 'bit_reversed_input_load' <Predicate = (!icmp_ln99)> <Delay = 3.25> <CoreInst = "RAM">   --->   Core 82 'RAM' <Latency = 1> <II = 1> <Delay = 3.25> <Storage> <Opcode : 'load' 'store'> <Ports = 2> <Width = 32> <Depth = 4096> <RAM>
ST_1 : Operation 17 [1/1] (1.58ns)   --->   "%store_ln99 = store i13 %add_ln99, i13 %i" [Crypto.cpp:99]   --->   Operation 17 'store' 'store_ln99' <Predicate = (!icmp_ln99)> <Delay = 1.58>

State 2 <SV = 1> <Delay = 3.25>
ST_2 : Operation 18 [1/2] (3.25ns)   --->   "%bit_reversed_input_load = load i12 %bit_reversed_input_addr" [Crypto.cpp:100]   --->   Operation 18 'load' 'bit_reversed_input_load' <Predicate = true> <Delay = 3.25> <CoreInst = "RAM">   --->   Core 82 'RAM' <Latency = 1> <II = 1> <Delay = 3.25> <Storage> <Opcode : 'load' 'store'> <Ports = 2> <Width = 32> <Depth = 4096> <RAM>
ST_2 : Operation 24 [1/1] (0.00ns)   --->   "%ret_ln0 = ret"   --->   Operation 24 'ret' 'ret_ln0' <Predicate = (icmp_ln99)> <Delay = 0.00>

State 3 <SV = 2> <Delay = 3.25>
ST_3 : Operation 19 [1/1] (0.00ns)   --->   "%speclooptripcount_ln99 = speclooptripcount void @_ssdm_op_SpecLoopTripCount, i64 4096, i64 4096, i64 4096" [Crypto.cpp:99]   --->   Operation 19 'speclooptripcount' 'speclooptripcount_ln99' <Predicate = true> <Delay = 0.00>
ST_3 : Operation 20 [1/1] (0.00ns)   --->   "%specloopname_ln99 = specloopname void @_ssdm_op_SpecLoopName, void @empty_4" [Crypto.cpp:99]   --->   Operation 20 'specloopname' 'specloopname_ln99' <Predicate = true> <Delay = 0.00>
ST_3 : Operation 21 [1/1] (0.00ns)   --->   "%DataTemp_addr = getelementptr i32 %DataTemp, i64 0, i64 %i_cast" [Crypto.cpp:100]   --->   Operation 21 'getelementptr' 'DataTemp_addr' <Predicate = true> <Delay = 0.00>
ST_3 : Operation 22 [1/1] (3.25ns)   --->   "%store_ln100 = store i32 %bit_reversed_input_load, i12 %DataTemp_addr" [Crypto.cpp:100]   --->   Operation 22 'store' 'store_ln100' <Predicate = true> <Delay = 3.25> <CoreInst = "RAM">   --->   Core 82 'RAM' <Latency = 1> <II = 1> <Delay = 3.25> <Storage> <Opcode : 'load' 'store'> <Ports = 2> <Width = 32> <Depth = 4096> <RAM>
ST_3 : Operation 23 [1/1] (0.00ns)   --->   "%br_ln99 = br void %for.inc102" [Crypto.cpp:99]   --->   Operation 23 'br' 'br_ln99' <Predicate = true> <Delay = 0.00>


============================================================
+ Verbose Summary: Binding
============================================================
STG Binding: 
---------------- STG Properties BEGIN ----------------
- Is combinational: 0
- Is one-state seq: 0
- Is datapath-only: 0
- Is pipelined: 0
- Is top level: 0
Port [ Return ] is wired: 1; IO mode=ap_ctrl_hs:ce=0
Port [ bit_reversed_input]:  wired=1; compound=1; hidden=0; nouse=0; global=0; static=0; extern=0; dir=0; type=1; pingpong=0; private_global=0; MemPort=[13]; IO mode=ap_memory:ce=0
Port [ DataTemp]:  wired=1; compound=1; hidden=0; nouse=0; global=0; static=0; extern=0; dir=1; type=1; pingpong=0; private_global=0; MemPort=[03]; IO mode=ap_memory:ce=0
---------------- STG Properties END ------------------

---------------- Datapath Model BEGIN ----------------

<LifeTime>
<method=bitvector/>
i                       (alloca           ) [ 0100]
store_ln0               (store            ) [ 0000]
br_ln0                  (br               ) [ 0000]
i_1                     (load             ) [ 0000]
specpipeline_ln0        (specpipeline     ) [ 0000]
icmp_ln99               (icmp             ) [ 0110]
add_ln99                (add              ) [ 0000]
br_ln99                 (br               ) [ 0000]
i_cast                  (zext             ) [ 0111]
bit_reversed_input_addr (getelementptr    ) [ 0110]
store_ln99              (store            ) [ 0000]
bit_reversed_input_load (load             ) [ 0101]
speclooptripcount_ln99  (speclooptripcount) [ 0000]
specloopname_ln99       (specloopname     ) [ 0000]
DataTemp_addr           (getelementptr    ) [ 0000]
store_ln100             (store            ) [ 0000]
br_ln99                 (br               ) [ 0000]
ret_ln0                 (ret              ) [ 0000]
</LifeTime>

<model>

<comp_list>
<comp id="0" class="1000" name="bit_reversed_input">
<pin_list>
<pin id="1" dir="1" index="0" bw="1" slack="0"/>
</pin_list>
<bind>
<StgValue><ssdm name="bit_reversed_input"/><MemPortTyVec>1 3 </MemPortTyVec>
</StgValue>
</bind>
</comp>

<comp id="2" class="1000" name="DataTemp">
<pin_list>
<pin id="3" dir="1" index="0" bw="1" slack="0"/>
</pin_list>
<bind>
<StgValue><ssdm name="DataTemp"/><MemPortTyVec>0 3 </MemPortTyVec>
</StgValue>
</bind>
</comp>

<comp id="4" class="1001" name="const_4">
<pin_list>
<pin id="5" dir="1" index="0" bw="1" slack="0"/>
</pin_list>
<bind>
<StgValue><ssdm name=""/></StgValue>
</bind>
</comp>

<comp id="6" class="1001" name="const_6">
<pin_list>
<pin id="7" dir="1" index="0" bw="1" slack="0"/>
</pin_list>
<bind>
<StgValue><ssdm name=""/></StgValue>
</bind>
</comp>

<comp id="8" class="1001" name="const_8">
<pin_list>
<pin id="9" dir="1" index="0" bw="1" slack="2147483647"/>
</pin_list>
<bind>
<StgValue><ssdm name="_ssdm_op_SpecPipeline"/></StgValue>
</bind>
</comp>

<comp id="10" class="1001" name="const_10">
<pin_list>
<pin id="11" dir="1" index="0" bw="1" slack="2147483647"/>
</pin_list>
<bind>
<StgValue><ssdm name=""/></StgValue>
</bind>
</comp>

<comp id="12" class="1001" name="const_12">
<pin_list>
<pin id="13" dir="1" index="0" bw="1" slack="2147483647"/>
</pin_list>
<bind>
<StgValue><ssdm name=""/></StgValue>
</bind>
</comp>

<comp id="14" class="1001" name="const_14">
<pin_list>
<pin id="15" dir="1" index="0" bw="1" slack="2147483647"/>
</pin_list>
<bind>
<StgValue><ssdm name="p_str"/></StgValue>
</bind>
</comp>

<comp id="16" class="1001" name="const_16">
<pin_list>
<pin id="17" dir="1" index="0" bw="1" slack="0"/>
</pin_list>
<bind>
<StgValue><ssdm name=""/></StgValue>
</bind>
</comp>

<comp id="18" class="1001" name="const_18">
<pin_list>
<pin id="19" dir="1" index="0" bw="1" slack="0"/>
</pin_list>
<bind>
<StgValue><ssdm name=""/></StgValue>
</bind>
</comp>

<comp id="20" class="1001" name="const_20">
<pin_list>
<pin id="21" dir="1" index="0" bw="1" slack="0"/>
</pin_list>
<bind>
<StgValue><ssdm name=""/></StgValue>
</bind>
</comp>

<comp id="22" class="1001" name="const_22">
<pin_list>
<pin id="23" dir="1" index="0" bw="1" slack="2147483647"/>
</pin_list>
<bind>
<StgValue><ssdm name="_ssdm_op_SpecLoopTripCount"/></StgValue>
</bind>
</comp>

<comp id="24" class="1001" name="const_24">
<pin_list>
<pin id="25" dir="1" index="0" bw="1" slack="2147483647"/>
</pin_list>
<bind>
<StgValue><ssdm name=""/></StgValue>
</bind>
</comp>

<comp id="26" class="1001" name="const_26">
<pin_list>
<pin id="27" dir="1" index="0" bw="1" slack="2147483647"/>
</pin_list>
<bind>
<StgValue><ssdm name="_ssdm_op_SpecLoopName"/></StgValue>
</bind>
</comp>

<comp id="28" class="1001" name="const_28">
<pin_list>
<pin id="29" dir="1" index="0" bw="1" slack="2147483647"/>
</pin_list>
<bind>
<StgValue><ssdm name="empty_4"/></StgValue>
</bind>
</comp>

<comp id="30" class="1004" name="i_fu_30">
<pin_list>
<pin id="31" dir="0" index="0" bw="1" slack="0"/>
<pin id="32" dir="1" index="1" bw="13" slack="0"/>
</pin_list>
<bind>
<opcode="alloca(26) " fcode="alloca"/>
<opset="i/1 "/>
</bind>
</comp>

<comp id="34" class="1004" name="bit_reversed_input_addr_gep_fu_34">
<pin_list>
<pin id="35" dir="0" index="0" bw="32" slack="0"/>
<pin id="36" dir="0" index="1" bw="1" slack="0"/>
<pin id="37" dir="0" index="2" bw="13" slack="0"/>
<pin id="38" dir="1" index="3" bw="12" slack="0"/>
</pin_list>
<bind>
<opcode="getelementptr(29) " fcode="getelementptr"/>
<opset="bit_reversed_input_addr/1 "/>
</bind>
</comp>

<comp id="41" class="1004" name="grp_access_fu_41">
<pin_list>
<pin id="42" dir="0" index="0" bw="12" slack="0"/>
<pin id="43" dir="0" index="1" bw="32" slack="2147483647"/>
<pin id="44" dir="0" index="2" bw="0" slack="2147483647"/>
<pin id="45" dir="1" index="3" bw="32" slack="1"/>
</pin_list>
<bind>
<opcode="load(27) " fcode="load"/>
<opset="bit_reversed_input_load/1 "/>
</bind>
</comp>

<comp id="47" class="1004" name="DataTemp_addr_gep_fu_47">
<pin_list>
<pin id="48" dir="0" index="0" bw="32" slack="0"/>
<pin id="49" dir="0" index="1" bw="1" slack="0"/>
<pin id="50" dir="0" index="2" bw="13" slack="2"/>
<pin id="51" dir="1" index="3" bw="12" slack="0"/>
</pin_list>
<bind>
<opcode="getelementptr(29) " fcode="getelementptr"/>
<opset="DataTemp_addr/3 "/>
</bind>
</comp>

<comp id="54" class="1004" name="store_ln100_access_fu_54">
<pin_list>
<pin id="55" dir="0" index="0" bw="12" slack="0"/>
<pin id="56" dir="0" index="1" bw="32" slack="1"/>
<pin id="57" dir="0" index="2" bw="0" slack="2147483647"/>
<pin id="58" dir="1" index="3" bw="32" slack="2147483647"/>
</pin_list>
<bind>
<opcode="store(28) " fcode="store"/>
<opset="store_ln100/3 "/>
</bind>
</comp>

<comp id="60" class="1004" name="store_ln0_store_fu_60">
<pin_list>
<pin id="61" dir="0" index="0" bw="1" slack="0"/>
<pin id="62" dir="0" index="1" bw="13" slack="0"/>
<pin id="63" dir="1" index="2" bw="0" slack="2147483647"/>
</pin_list>
<bind>
<opcode="store(28) " fcode="store"/>
<opset="store_ln0/1 "/>
</bind>
</comp>

<comp id="65" class="1004" name="i_1_load_fu_65">
<pin_list>
<pin id="66" dir="0" index="0" bw="13" slack="0"/>
<pin id="67" dir="1" index="1" bw="13" slack="0"/>
</pin_list>
<bind>
<opcode="load(27) " fcode="load"/>
<opset="i_1/1 "/>
</bind>
</comp>

<comp id="68" class="1004" name="icmp_ln99_fu_68">
<pin_list>
<pin id="69" dir="0" index="0" bw="13" slack="0"/>
<pin id="70" dir="0" index="1" bw="13" slack="0"/>
<pin id="71" dir="1" index="2" bw="1" slack="1"/>
</pin_list>
<bind>
<opcode="icmp(45) " fcode="icmp"/>
<opset="icmp_ln99/1 "/>
</bind>
</comp>

<comp id="74" class="1004" name="add_ln99_fu_74">
<pin_list>
<pin id="75" dir="0" index="0" bw="13" slack="0"/>
<pin id="76" dir="0" index="1" bw="1" slack="0"/>
<pin id="77" dir="1" index="2" bw="13" slack="0"/>
</pin_list>
<bind>
<opcode="add(8) " fcode="add"/>
<opset="add_ln99/1 "/>
</bind>
</comp>

<comp id="80" class="1004" name="i_cast_fu_80">
<pin_list>
<pin id="81" dir="0" index="0" bw="13" slack="0"/>
<pin id="82" dir="1" index="1" bw="64" slack="0"/>
</pin_list>
<bind>
<opcode="zext(34) " fcode="zext"/>
<opset="i_cast/1 "/>
</bind>
</comp>

<comp id="85" class="1004" name="store_ln99_store_fu_85">
<pin_list>
<pin id="86" dir="0" index="0" bw="13" slack="0"/>
<pin id="87" dir="0" index="1" bw="13" slack="0"/>
<pin id="88" dir="1" index="2" bw="0" slack="2147483647"/>
</pin_list>
<bind>
<opcode="store(28) " fcode="store"/>
<opset="store_ln99/1 "/>
</bind>
</comp>

<comp id="90" class="1005" name="i_reg_90">
<pin_list>
<pin id="91" dir="0" index="0" bw="13" slack="0"/>
<pin id="92" dir="1" index="1" bw="13" slack="0"/>
</pin_list>
<bind>
<opset="i "/>
</bind>
</comp>

<comp id="97" class="1005" name="icmp_ln99_reg_97">
<pin_list>
<pin id="98" dir="0" index="0" bw="1" slack="1"/>
<pin id="99" dir="1" index="1" bw="1" slack="2147483647"/>
</pin_list>
<bind>
<opset="icmp_ln99 "/>
</bind>
</comp>

<comp id="101" class="1005" name="i_cast_reg_101">
<pin_list>
<pin id="102" dir="0" index="0" bw="64" slack="2"/>
<pin id="103" dir="1" index="1" bw="64" slack="2"/>
</pin_list>
<bind>
<opset="i_cast "/>
</bind>
</comp>

<comp id="106" class="1005" name="bit_reversed_input_addr_reg_106">
<pin_list>
<pin id="107" dir="0" index="0" bw="12" slack="1"/>
<pin id="108" dir="1" index="1" bw="12" slack="1"/>
</pin_list>
<bind>
<opset="bit_reversed_input_addr "/>
</bind>
</comp>

<comp id="111" class="1005" name="bit_reversed_input_load_reg_111">
<pin_list>
<pin id="112" dir="0" index="0" bw="32" slack="1"/>
<pin id="113" dir="1" index="1" bw="32" slack="1"/>
</pin_list>
<bind>
<opset="bit_reversed_input_load "/>
</bind>
</comp>

</comp_list>

<net_list>
<net id="33"><net_src comp="4" pin="0"/><net_sink comp="30" pin=0"/></net>

<net id="39"><net_src comp="0" pin="0"/><net_sink comp="34" pin=0"/></net>

<net id="40"><net_src comp="20" pin="0"/><net_sink comp="34" pin=1"/></net>

<net id="46"><net_src comp="34" pin="3"/><net_sink comp="41" pin=0"/></net>

<net id="52"><net_src comp="2" pin="0"/><net_sink comp="47" pin=0"/></net>

<net id="53"><net_src comp="20" pin="0"/><net_sink comp="47" pin=1"/></net>

<net id="59"><net_src comp="47" pin="3"/><net_sink comp="54" pin=0"/></net>

<net id="64"><net_src comp="6" pin="0"/><net_sink comp="60" pin=0"/></net>

<net id="72"><net_src comp="65" pin="1"/><net_sink comp="68" pin=0"/></net>

<net id="73"><net_src comp="16" pin="0"/><net_sink comp="68" pin=1"/></net>

<net id="78"><net_src comp="65" pin="1"/><net_sink comp="74" pin=0"/></net>

<net id="79"><net_src comp="18" pin="0"/><net_sink comp="74" pin=1"/></net>

<net id="83"><net_src comp="65" pin="1"/><net_sink comp="80" pin=0"/></net>

<net id="84"><net_src comp="80" pin="1"/><net_sink comp="34" pin=2"/></net>

<net id="89"><net_src comp="74" pin="2"/><net_sink comp="85" pin=0"/></net>

<net id="93"><net_src comp="30" pin="1"/><net_sink comp="90" pin=0"/></net>

<net id="94"><net_src comp="90" pin="1"/><net_sink comp="60" pin=1"/></net>

<net id="95"><net_src comp="90" pin="1"/><net_sink comp="65" pin=0"/></net>

<net id="96"><net_src comp="90" pin="1"/><net_sink comp="85" pin=1"/></net>

<net id="100"><net_src comp="68" pin="2"/><net_sink comp="97" pin=0"/></net>

<net id="104"><net_src comp="80" pin="1"/><net_sink comp="101" pin=0"/></net>

<net id="105"><net_src comp="101" pin="1"/><net_sink comp="47" pin=2"/></net>

<net id="109"><net_src comp="34" pin="3"/><net_sink comp="106" pin=0"/></net>

<net id="110"><net_src comp="106" pin="1"/><net_sink comp="41" pin=0"/></net>

<net id="114"><net_src comp="41" pin="3"/><net_sink comp="111" pin=0"/></net>

<net id="115"><net_src comp="111" pin="1"/><net_sink comp="54" pin=1"/></net>

</net_list>

</model> 
---------------- Datapath Model END ------------------

* FSMD analyzer results:
  - Output states:
	Port: DataTemp | {3 }
 - Input state : 
	Port: Crypto_Pipeline_VITIS_LOOP_99_4 : bit_reversed_input | {1 2 }
  - Chain level:
	State 1
		store_ln0 : 1
		i_1 : 1
		icmp_ln99 : 2
		add_ln99 : 2
		br_ln99 : 3
		i_cast : 2
		bit_reversed_input_addr : 3
		bit_reversed_input_load : 4
		store_ln99 : 3
	State 2
	State 3
		store_ln100 : 1


============================================================
+ Verbose Summary: Datapath Resource usage 
============================================================

* Functional unit list:
|----------|-----------------|---------|---------|
| Operation| Functional Unit |    FF   |   LUT   |
|----------|-----------------|---------|---------|
|   icmp   | icmp_ln99_fu_68 |    0    |    14   |
|----------|-----------------|---------|---------|
|    add   |  add_ln99_fu_74 |    0    |    14   |
|----------|-----------------|---------|---------|
|   zext   |   i_cast_fu_80  |    0    |    0    |
|----------|-----------------|---------|---------|
|   Total  |                 |    0    |    28   |
|----------|-----------------|---------|---------|

Memories:
N/A

* Register list:
+-------------------------------+--------+
|                               |   FF   |
+-------------------------------+--------+
|bit_reversed_input_addr_reg_106|   12   |
|bit_reversed_input_load_reg_111|   32   |
|         i_cast_reg_101        |   64   |
|            i_reg_90           |   13   |
|        icmp_ln99_reg_97       |    1   |
+-------------------------------+--------+
|             Total             |   122  |
+-------------------------------+--------+

* Multiplexer (MUX) list: 
|------------------|------|------|------|--------||---------||---------|
|       Comp       |  Pin | Size |  BW  | S x BW ||  Delay  ||   LUT   |
|------------------|------|------|------|--------||---------||---------|
| grp_access_fu_41 |  p0  |   2  |  12  |   24   ||    9    |
|------------------|------|------|------|--------||---------||---------|
|       Total      |      |      |      |   24   ||  1.588  ||    9    |
|------------------|------|------|------|--------||---------||---------|



* Summary:
+-----------+--------+--------+--------+
|           |  Delay |   FF   |   LUT  |
+-----------+--------+--------+--------+
|  Function |    -   |    0   |   28   |
|   Memory  |    -   |    -   |    -   |
|Multiplexer|    1   |    -   |    9   |
|  Register |    -   |   122  |    -   |
+-----------+--------+--------+--------+
|   Total   |    1   |   122  |   37   |
+-----------+--------+--------+--------+
