

================================================================
== Vitis HLS Report for 'Crypto_Pipeline_VITIS_LOOP_61_17'
================================================================
* Date:           Thu Feb 27 10:54:22 2025

* Version:        2023.1 (Build 3854077 on May  4 2023)
* Project:        Crypto
* Solution:       solution1 (Vivado IP Flow Target)
* Product family: zynq
* Target device:  xc7z020-clg400-1


================================================================
== Performance Estimates
================================================================
+ Timing: 
    * Summary: 
    +--------+---------+----------+------------+
    |  Clock |  Target | Estimated| Uncertainty|
    +--------+---------+----------+------------+
    |ap_clk  |  8.00 ns|  3.268 ns|     2.16 ns|
    +--------+---------+----------+------------+

+ Latency: 
    * Summary: 
    +---------+---------+-----------+-----------+------+------+---------+
    |  Latency (cycles) |   Latency (absolute)  |   Interval  | Pipeline|
    |   min   |   max   |    min    |    max    |  min |  max |   Type  |
    +---------+---------+-----------+-----------+------+------+---------+
    |     4099|     4099|  32.792 us|  32.792 us|  4099|  4099|       no|
    +---------+---------+-----------+-----------+------+------+---------+

    + Detail: 
        * Instance: 
        N/A

        * Loop: 
        +-------------------+---------+---------+----------+-----------+-----------+------+----------+
        |                   |  Latency (cycles) | Iteration|  Initiation Interval  | Trip |          |
        |     Loop Name     |   min   |   max   |  Latency |  achieved |   target  | Count| Pipelined|
        +-------------------+---------+---------+----------+-----------+-----------+------+----------+
        |- VITIS_LOOP_61_1  |     4097|     4097|         3|          1|          1|  4096|       yes|
        +-------------------+---------+---------+----------+-----------+-----------+------+----------+

============================================================
+ Verbose Summary: Synthesis Manager
============================================================
InlineROM: 1
ExposeGlobal: 0
============================================================
+ Verbose Summary: CDFG Model
============================================================
IsTopModel: 0
ResetActiveHigh: 1
IsCombinational: 0
IsDatapathOnly: 0
HasWiredReturn: 1
HasMFsm: 2
HasVarLatency: 1
IsPipeline: 0
IsRtlPipelined: 0
IsInstanceOverlapped: 0
IsDontTouch: 0
HasImplIP: 0
IsGatedGlobalClock: 0

+ Individual pipeline summary: 
  * Pipeline-0: initiation interval (II) = 1, depth = 3


============================================================
+ Verbose Summary: Schedule
============================================================
* Number of FSM states : 3
* Pipeline : 1
  Pipeline-0 : II = 1, D = 3, States = { 1 2 3 }
* Dataflow Pipeline: 0

* FSM state transitions: 
1 --> 2 
2 --> 3 
3 --> 

* FSM state operations: 

State 1 <SV = 0> <Delay = 3.26>
ST_1 : Operation 6 [1/1] (0.00ns)   --->   "%j = alloca i32 1"   --->   Operation 6 'alloca' 'j' <Predicate = true> <Delay = 0.00>
ST_1 : Operation 7 [1/1] (0.00ns)   --->   "%specmemcore_ln0 = specmemcore void @_ssdm_op_SpecMemCore, i32 %DataIn, i64 666, i64 207, i64 1"   --->   Operation 7 'specmemcore' 'specmemcore_ln0' <Predicate = true> <Delay = 0.00>
ST_1 : Operation 8 [1/1] (0.00ns)   --->   "%specinterface_ln0 = specinterface void @_ssdm_op_SpecInterface, i32 %DataIn, void @empty_8, i32 0, i32 0, void @empty_27, i32 1, i32 0, void @empty_27, void @empty_27, void @empty_27, i32 0, i32 0, i32 0, i32 0, void @empty_27, void @empty_27, i32 4294967295, i32 0"   --->   Operation 8 'specinterface' 'specinterface_ln0' <Predicate = true> <Delay = 0.00>
ST_1 : Operation 9 [1/1] (0.00ns)   --->   "%RAMSel_cast_read = read i2 @_ssdm_op_Read.ap_auto.i2, i2 %RAMSel_cast"   --->   Operation 9 'read' 'RAMSel_cast_read' <Predicate = true> <Delay = 0.00>
ST_1 : Operation 10 [1/1] (1.58ns)   --->   "%store_ln0 = store i13 0, i13 %j"   --->   Operation 10 'store' 'store_ln0' <Predicate = true> <Delay = 1.58>
ST_1 : Operation 11 [1/1] (0.00ns)   --->   "%br_ln0 = br void %for.inc.1"   --->   Operation 11 'br' 'br_ln0' <Predicate = true> <Delay = 0.00>
ST_1 : Operation 12 [1/1] (0.00ns)   --->   "%j_6 = load i13 %j" [Crypto.cpp:63]   --->   Operation 12 'load' 'j_6' <Predicate = true> <Delay = 0.00>
ST_1 : Operation 13 [1/1] (1.67ns)   --->   "%icmp_ln61 = icmp_eq  i13 %j_6, i13 4096" [Crypto.cpp:61]   --->   Operation 13 'icmp' 'icmp_ln61' <Predicate = true> <Delay = 1.67> <CoreInst = "Cmp">   --->   Core 9 'Cmp' <Latency = 0> <II = 1> <Delay = 1.67> <FuncUnit> <Opcode : 'icmp'> <InPorts = 2> <OutPorts = 1>
ST_1 : Operation 14 [1/1] (1.67ns)   --->   "%add_ln61 = add i13 %j_6, i13 1" [Crypto.cpp:61]   --->   Operation 14 'add' 'add_ln61' <Predicate = true> <Delay = 1.67> <CoreInst = "Adder">   --->   Core 1 'Adder' <Latency = 0> <II = 1> <Delay = 1.67> <FuncUnit> <Opcode : 'add' 'sub'> <InPorts = 2> <OutPorts = 1>
ST_1 : Operation 15 [1/1] (0.00ns)   --->   "%br_ln61 = br i1 %icmp_ln61, void %for.inc.1.split, void %for.inc.2.preheader.exitStub" [Crypto.cpp:61]   --->   Operation 15 'br' 'br_ln61' <Predicate = true> <Delay = 0.00>
ST_1 : Operation 16 [1/1] (0.00ns)   --->   "%trunc_ln63 = trunc i13 %j_6" [Crypto.cpp:63]   --->   Operation 16 'trunc' 'trunc_ln63' <Predicate = (!icmp_ln61)> <Delay = 0.00>
ST_1 : Operation 17 [1/1] (0.00ns)   --->   "%tmp_8_cast = bitconcatenate i13 @_ssdm_op_BitConcatenate.i13.i1.i12, i1 1, i12 %trunc_ln63" [Crypto.cpp:63]   --->   Operation 17 'bitconcatenate' 'tmp_8_cast' <Predicate = (!icmp_ln61)> <Delay = 0.00>
ST_1 : Operation 18 [1/1] (0.00ns)   --->   "%zext_ln63 = zext i13 %tmp_8_cast" [Crypto.cpp:63]   --->   Operation 18 'zext' 'zext_ln63' <Predicate = (!icmp_ln61)> <Delay = 0.00>
ST_1 : Operation 19 [1/1] (0.00ns)   --->   "%DataIn_addr = getelementptr i32 %DataIn, i64 0, i64 %zext_ln63" [Crypto.cpp:63]   --->   Operation 19 'getelementptr' 'DataIn_addr' <Predicate = (!icmp_ln61)> <Delay = 0.00>
ST_1 : Operation 20 [2/2] (3.25ns)   --->   "%DataIn_load = load i14 %DataIn_addr" [Crypto.cpp:63]   --->   Operation 20 'load' 'DataIn_load' <Predicate = (!icmp_ln61)> <Delay = 3.25> <CoreInst = "RAM_1P">   --->   Core 86 'RAM_1P' <Latency = 1> <II = 1> <Delay = 3.25> <Storage> <Opcode : 'load' 'store'> <Ports = 1> <Width = 32> <Depth = 12288> <RAM>
ST_1 : Operation 21 [1/1] (1.86ns)   --->   "%switch_ln63 = switch i2 %RAMSel_cast_read, void %arrayidx6567.1.case.3, i2 0, void %arrayidx6567.1.case.0, i2 1, void %arrayidx6567.1.case.1, i2 2, void %arrayidx6567.1.case.2" [Crypto.cpp:63]   --->   Operation 21 'switch' 'switch_ln63' <Predicate = (!icmp_ln61)> <Delay = 1.86>
ST_1 : Operation 22 [1/1] (1.58ns)   --->   "%store_ln61 = store i13 %add_ln61, i13 %j" [Crypto.cpp:61]   --->   Operation 22 'store' 'store_ln61' <Predicate = (!icmp_ln61)> <Delay = 1.58>
ST_1 : Operation 23 [1/1] (0.00ns)   --->   "%br_ln61 = br void %for.inc.1" [Crypto.cpp:61]   --->   Operation 23 'br' 'br_ln61' <Predicate = (!icmp_ln61)> <Delay = 0.00>

State 2 <SV = 1> <Delay = 3.25>
ST_2 : Operation 24 [1/2] (3.25ns)   --->   "%DataIn_load = load i14 %DataIn_addr" [Crypto.cpp:63]   --->   Operation 24 'load' 'DataIn_load' <Predicate = true> <Delay = 3.25> <CoreInst = "RAM_1P">   --->   Core 86 'RAM_1P' <Latency = 1> <II = 1> <Delay = 3.25> <Storage> <Opcode : 'load' 'store'> <Ports = 1> <Width = 32> <Depth = 12288> <RAM>
ST_2 : Operation 41 [1/1] (0.00ns)   --->   "%ret_ln0 = ret"   --->   Operation 41 'ret' 'ret_ln0' <Predicate = (icmp_ln61)> <Delay = 0.00>

State 3 <SV = 2> <Delay = 3.25>
ST_3 : Operation 25 [1/1] (0.00ns)   --->   "%zext_ln61 = zext i13 %j_6" [Crypto.cpp:61]   --->   Operation 25 'zext' 'zext_ln61' <Predicate = true> <Delay = 0.00>
ST_3 : Operation 26 [1/1] (0.00ns)   --->   "%specpipeline_ln62 = specpipeline void @_ssdm_op_SpecPipeline, i32 4294967295, i32 0, i32 0, i32 0, void @empty_27" [Crypto.cpp:62]   --->   Operation 26 'specpipeline' 'specpipeline_ln62' <Predicate = true> <Delay = 0.00>
ST_3 : Operation 27 [1/1] (0.00ns)   --->   "%speclooptripcount_ln61 = speclooptripcount void @_ssdm_op_SpecLoopTripCount, i64 4096, i64 4096, i64 4096" [Crypto.cpp:61]   --->   Operation 27 'speclooptripcount' 'speclooptripcount_ln61' <Predicate = true> <Delay = 0.00>
ST_3 : Operation 28 [1/1] (0.00ns)   --->   "%specloopname_ln61 = specloopname void @_ssdm_op_SpecLoopName, void @empty_6" [Crypto.cpp:61]   --->   Operation 28 'specloopname' 'specloopname_ln61' <Predicate = true> <Delay = 0.00>
ST_3 : Operation 29 [1/1] (0.00ns)   --->   "%DataRAM_1_addr = getelementptr i32 %DataRAM_1, i64 0, i64 %zext_ln61" [Crypto.cpp:63]   --->   Operation 29 'getelementptr' 'DataRAM_1_addr' <Predicate = true> <Delay = 0.00>
ST_3 : Operation 30 [1/1] (0.00ns)   --->   "%DataRAM_4_addr = getelementptr i32 %DataRAM_4, i64 0, i64 %zext_ln61" [Crypto.cpp:63]   --->   Operation 30 'getelementptr' 'DataRAM_4_addr' <Predicate = true> <Delay = 0.00>
ST_3 : Operation 31 [1/1] (0.00ns)   --->   "%DataRAM_7_addr = getelementptr i32 %DataRAM_7, i64 0, i64 %zext_ln61" [Crypto.cpp:63]   --->   Operation 31 'getelementptr' 'DataRAM_7_addr' <Predicate = true> <Delay = 0.00>
ST_3 : Operation 32 [1/1] (0.00ns)   --->   "%DataRAM_10_addr = getelementptr i32 %DataRAM_10, i64 0, i64 %zext_ln61" [Crypto.cpp:63]   --->   Operation 32 'getelementptr' 'DataRAM_10_addr' <Predicate = true> <Delay = 0.00>
ST_3 : Operation 33 [1/1] (3.25ns)   --->   "%store_ln63 = store i32 %DataIn_load, i12 %DataRAM_7_addr" [Crypto.cpp:63]   --->   Operation 33 'store' 'store_ln63' <Predicate = (RAMSel_cast_read == 2)> <Delay = 3.25> <CoreInst = "RAM">   --->   Core 82 'RAM' <Latency = 1> <II = 1> <Delay = 3.25> <Storage> <Opcode : 'load' 'store'> <Ports = 2> <Width = 32> <Depth = 4096> <RAM>
ST_3 : Operation 34 [1/1] (0.00ns)   --->   "%br_ln63 = br void %arrayidx6567.1.exit" [Crypto.cpp:63]   --->   Operation 34 'br' 'br_ln63' <Predicate = (RAMSel_cast_read == 2)> <Delay = 0.00>
ST_3 : Operation 35 [1/1] (3.25ns)   --->   "%store_ln63 = store i32 %DataIn_load, i12 %DataRAM_4_addr" [Crypto.cpp:63]   --->   Operation 35 'store' 'store_ln63' <Predicate = (RAMSel_cast_read == 1)> <Delay = 3.25> <CoreInst = "RAM">   --->   Core 82 'RAM' <Latency = 1> <II = 1> <Delay = 3.25> <Storage> <Opcode : 'load' 'store'> <Ports = 2> <Width = 32> <Depth = 4096> <RAM>
ST_3 : Operation 36 [1/1] (0.00ns)   --->   "%br_ln63 = br void %arrayidx6567.1.exit" [Crypto.cpp:63]   --->   Operation 36 'br' 'br_ln63' <Predicate = (RAMSel_cast_read == 1)> <Delay = 0.00>
ST_3 : Operation 37 [1/1] (3.25ns)   --->   "%store_ln63 = store i32 %DataIn_load, i12 %DataRAM_1_addr" [Crypto.cpp:63]   --->   Operation 37 'store' 'store_ln63' <Predicate = (RAMSel_cast_read == 0)> <Delay = 3.25> <CoreInst = "RAM">   --->   Core 82 'RAM' <Latency = 1> <II = 1> <Delay = 3.25> <Storage> <Opcode : 'load' 'store'> <Ports = 2> <Width = 32> <Depth = 4096> <RAM>
ST_3 : Operation 38 [1/1] (0.00ns)   --->   "%br_ln63 = br void %arrayidx6567.1.exit" [Crypto.cpp:63]   --->   Operation 38 'br' 'br_ln63' <Predicate = (RAMSel_cast_read == 0)> <Delay = 0.00>
ST_3 : Operation 39 [1/1] (3.25ns)   --->   "%store_ln63 = store i32 %DataIn_load, i12 %DataRAM_10_addr" [Crypto.cpp:63]   --->   Operation 39 'store' 'store_ln63' <Predicate = (RAMSel_cast_read == 3)> <Delay = 3.25> <CoreInst = "RAM">   --->   Core 82 'RAM' <Latency = 1> <II = 1> <Delay = 3.25> <Storage> <Opcode : 'load' 'store'> <Ports = 2> <Width = 32> <Depth = 4096> <RAM>
ST_3 : Operation 40 [1/1] (0.00ns)   --->   "%br_ln63 = br void %arrayidx6567.1.exit" [Crypto.cpp:63]   --->   Operation 40 'br' 'br_ln63' <Predicate = (RAMSel_cast_read == 3)> <Delay = 0.00>


============================================================
+ Verbose Summary: Timing violations
============================================================
Target clock period: 8.000ns, clock uncertainty: 2.160ns.

 <State 1>: 3.268ns
The critical path consists of the following:
	'alloca' operation ('j') [7]  (0.000 ns)
	'load' operation ('j', Crypto.cpp:63) on local variable 'j' [14]  (0.000 ns)
	'add' operation ('add_ln61', Crypto.cpp:61) [16]  (1.679 ns)
	'store' operation ('store_ln61', Crypto.cpp:61) of variable 'add_ln61', Crypto.cpp:61 on local variable 'j' [46]  (1.588 ns)

 <State 2>: 3.254ns
The critical path consists of the following:
	'load' operation ('DataIn_load', Crypto.cpp:63) on array 'DataIn' [31]  (3.254 ns)

 <State 3>: 3.254ns
The critical path consists of the following:
	'getelementptr' operation ('DataRAM_4_addr', Crypto.cpp:63) [24]  (0.000 ns)
	'store' operation ('store_ln63', Crypto.cpp:63) of variable 'DataIn_load', Crypto.cpp:63 on array 'DataRAM_4' [37]  (3.254 ns)


============================================================
+ Verbose Summary: Binding
============================================================
N/A
* FSMD analyzer results:
  - Output states:
 - Input state : 
  - Chain level:
	State 1
	State 2
	State 3


============================================================
+ Verbose Summary: Datapath Resource usage 
============================================================
N/A
