

================================================================
== Vitis HLS Report for 'Crypto_Pipeline_INTT_PERMUTE_LOOP'
================================================================
* Date:           Wed Feb  5 12:49:43 2025

* Version:        2023.1 (Build 3854077 on May  4 2023)
* Project:        Crypto
* Solution:       solution1 (Vivado IP Flow Target)
* Product family: zynq
* Target device:  xc7z020-clg400-1


================================================================
== Performance Estimates
================================================================
+ Timing: 
    * Summary: 
    +--------+---------+----------+------------+
    |  Clock |  Target | Estimated| Uncertainty|
    +--------+---------+----------+------------+
    |ap_clk  |  7.00 ns|  3.268 ns|     1.89 ns|
    +--------+---------+----------+------------+

+ Latency: 
    * Summary: 
    +---------+---------+-----------+-----------+------+------+---------+
    |  Latency (cycles) |   Latency (absolute)  |   Interval  | Pipeline|
    |   min   |   max   |    min    |    max    |  min |  max |   Type  |
    +---------+---------+-----------+-----------+------+------+---------+
    |     4100|     4100|  28.700 us|  28.700 us|  4100|  4100|       no|
    +---------+---------+-----------+-----------+------+------+---------+

    + Detail: 
        * Instance: 
        N/A

        * Loop: 
        +---------------------+---------+---------+----------+-----------+-----------+------+----------+
        |                     |  Latency (cycles) | Iteration|  Initiation Interval  | Trip |          |
        |      Loop Name      |   min   |   max   |  Latency |  achieved |   target  | Count| Pipelined|
        +---------------------+---------+---------+----------+-----------+-----------+------+----------+
        |- INTT_PERMUTE_LOOP  |     4098|     4098|         4|          1|          1|  4096|       yes|
        +---------------------+---------+---------+----------+-----------+-----------+------+----------+

============================================================
+ Verbose Summary: Synthesis Manager
============================================================
InlineROM: 1
ExposeGlobal: 0
============================================================
+ Verbose Summary: CDFG Model
============================================================
IsTopModel: 0
ResetActiveHigh: 1
IsCombinational: 0
IsDatapathOnly: 0
HasWiredReturn: 1
HasMFsm: 2
HasVarLatency: 1
IsPipeline: 0
IsRtlPipelined: 0
IsInstanceOverlapped: 0
IsDontTouch: 0
HasImplIP: 0
IsGatedGlobalClock: 0

+ Individual pipeline summary: 
  * Pipeline-0: initiation interval (II) = 1, depth = 4


============================================================
+ Verbose Summary: Schedule
============================================================
* Number of FSM states : 4
* Pipeline : 1
  Pipeline-0 : II = 1, D = 4, States = { 1 2 3 4 }
* Dataflow Pipeline: 0

* FSM state transitions: 
1 --> 2 
2 --> 3 
3 --> 4 
4 --> 

* FSM state operations: 

State 1 <SV = 0> <Delay = 3.26>
ST_1 : Operation 7 [1/1] (0.00ns)   --->   "%i = alloca i32 1"   --->   Operation 7 'alloca' 'i' <Predicate = true> <Delay = 0.00>
ST_1 : Operation 8 [1/1] (0.00ns)   --->   "%RAMSel_cast_read = read i1 @_ssdm_op_Read.ap_auto.i1, i1 %RAMSel_cast"   --->   Operation 8 'read' 'RAMSel_cast_read' <Predicate = true> <Delay = 0.00>
ST_1 : Operation 9 [1/1] (1.58ns)   --->   "%store_ln0 = store i13 0, i13 %i"   --->   Operation 9 'store' 'store_ln0' <Predicate = true> <Delay = 1.58>
ST_1 : Operation 10 [1/1] (0.00ns)   --->   "%br_ln0 = br void %for.inc200"   --->   Operation 10 'br' 'br_ln0' <Predicate = true> <Delay = 0.00>
ST_1 : Operation 11 [1/1] (0.00ns)   --->   "%i_8 = load i13 %i"   --->   Operation 11 'load' 'i_8' <Predicate = true> <Delay = 0.00>
ST_1 : Operation 12 [1/1] (0.00ns)   --->   "%specpipeline_ln0 = specpipeline void @_ssdm_op_SpecPipeline, i32 4294967295, i32 0, i32 1, i32 0, void @p_str"   --->   Operation 12 'specpipeline' 'specpipeline_ln0' <Predicate = true> <Delay = 0.00>
ST_1 : Operation 13 [1/1] (1.67ns)   --->   "%icmp_ln143 = icmp_eq  i13 %i_8, i13 4096" [Crypto.cpp:143]   --->   Operation 13 'icmp' 'icmp_ln143' <Predicate = true> <Delay = 1.67> <CoreInst = "Cmp">   --->   Core 9 'Cmp' <Latency = 0> <II = 1> <Delay = 1.67> <FuncUnit> <Opcode : 'icmp'> <InPorts = 2> <OutPorts = 1>
ST_1 : Operation 14 [1/1] (1.67ns)   --->   "%add_ln143 = add i13 %i_8, i13 1" [Crypto.cpp:143]   --->   Operation 14 'add' 'add_ln143' <Predicate = true> <Delay = 1.67> <CoreInst = "Adder">   --->   Core 1 'Adder' <Latency = 0> <II = 1> <Delay = 1.67> <FuncUnit> <Opcode : 'add' 'sub'> <InPorts = 2> <OutPorts = 1>
ST_1 : Operation 15 [1/1] (0.00ns)   --->   "%br_ln143 = br i1 %icmp_ln143, void %for.inc200.split, void %INTT_STAGE_LOOP.exitStub" [Crypto.cpp:143]   --->   Operation 15 'br' 'br_ln143' <Predicate = true> <Delay = 0.00>
ST_1 : Operation 16 [1/1] (0.00ns)   --->   "%empty = trunc i13 %i_8"   --->   Operation 16 'trunc' 'empty' <Predicate = (!icmp_ln143)> <Delay = 0.00>
ST_1 : Operation 17 [1/1] (0.00ns)   --->   "%lshr_ln8 = partselect i8 @_ssdm_op_PartSelect.i8.i13.i32.i32, i13 %i_8, i32 4, i32 11" [Crypto.cpp:143]   --->   Operation 17 'partselect' 'lshr_ln8' <Predicate = (!icmp_ln143)> <Delay = 0.00>
ST_1 : Operation 18 [1/1] (0.00ns)   --->   "%zext_ln143 = zext i8 %lshr_ln8" [Crypto.cpp:143]   --->   Operation 18 'zext' 'zext_ln143' <Predicate = (!icmp_ln143)> <Delay = 0.00>
ST_1 : Operation 19 [1/1] (0.00ns)   --->   "%BitReverseData_addr = getelementptr i32 %BitReverseData, i64 0, i64 %zext_ln143" [Crypto.cpp:144]   --->   Operation 19 'getelementptr' 'BitReverseData_addr' <Predicate = (!icmp_ln143)> <Delay = 0.00>
ST_1 : Operation 20 [1/1] (0.00ns)   --->   "%BitReverseData_1_addr = getelementptr i32 %BitReverseData_1, i64 0, i64 %zext_ln143" [Crypto.cpp:144]   --->   Operation 20 'getelementptr' 'BitReverseData_1_addr' <Predicate = (!icmp_ln143)> <Delay = 0.00>
ST_1 : Operation 21 [1/1] (0.00ns)   --->   "%BitReverseData_2_addr = getelementptr i32 %BitReverseData_2, i64 0, i64 %zext_ln143" [Crypto.cpp:144]   --->   Operation 21 'getelementptr' 'BitReverseData_2_addr' <Predicate = (!icmp_ln143)> <Delay = 0.00>
ST_1 : Operation 22 [1/1] (0.00ns)   --->   "%BitReverseData_3_addr = getelementptr i32 %BitReverseData_3, i64 0, i64 %zext_ln143" [Crypto.cpp:144]   --->   Operation 22 'getelementptr' 'BitReverseData_3_addr' <Predicate = (!icmp_ln143)> <Delay = 0.00>
ST_1 : Operation 23 [1/1] (0.00ns)   --->   "%BitReverseData_4_addr = getelementptr i32 %BitReverseData_4, i64 0, i64 %zext_ln143" [Crypto.cpp:144]   --->   Operation 23 'getelementptr' 'BitReverseData_4_addr' <Predicate = (!icmp_ln143)> <Delay = 0.00>
ST_1 : Operation 24 [1/1] (0.00ns)   --->   "%BitReverseData_5_addr = getelementptr i32 %BitReverseData_5, i64 0, i64 %zext_ln143" [Crypto.cpp:144]   --->   Operation 24 'getelementptr' 'BitReverseData_5_addr' <Predicate = (!icmp_ln143)> <Delay = 0.00>
ST_1 : Operation 25 [1/1] (0.00ns)   --->   "%BitReverseData_6_addr = getelementptr i32 %BitReverseData_6, i64 0, i64 %zext_ln143" [Crypto.cpp:144]   --->   Operation 25 'getelementptr' 'BitReverseData_6_addr' <Predicate = (!icmp_ln143)> <Delay = 0.00>
ST_1 : Operation 26 [1/1] (0.00ns)   --->   "%BitReverseData_7_addr = getelementptr i32 %BitReverseData_7, i64 0, i64 %zext_ln143" [Crypto.cpp:144]   --->   Operation 26 'getelementptr' 'BitReverseData_7_addr' <Predicate = (!icmp_ln143)> <Delay = 0.00>
ST_1 : Operation 27 [1/1] (0.00ns)   --->   "%BitReverseData_8_addr = getelementptr i32 %BitReverseData_8, i64 0, i64 %zext_ln143" [Crypto.cpp:144]   --->   Operation 27 'getelementptr' 'BitReverseData_8_addr' <Predicate = (!icmp_ln143)> <Delay = 0.00>
ST_1 : Operation 28 [1/1] (0.00ns)   --->   "%BitReverseData_9_addr = getelementptr i32 %BitReverseData_9, i64 0, i64 %zext_ln143" [Crypto.cpp:144]   --->   Operation 28 'getelementptr' 'BitReverseData_9_addr' <Predicate = (!icmp_ln143)> <Delay = 0.00>
ST_1 : Operation 29 [1/1] (0.00ns)   --->   "%BitReverseData_10_addr = getelementptr i32 %BitReverseData_10, i64 0, i64 %zext_ln143" [Crypto.cpp:144]   --->   Operation 29 'getelementptr' 'BitReverseData_10_addr' <Predicate = (!icmp_ln143)> <Delay = 0.00>
ST_1 : Operation 30 [1/1] (0.00ns)   --->   "%BitReverseData_11_addr = getelementptr i32 %BitReverseData_11, i64 0, i64 %zext_ln143" [Crypto.cpp:144]   --->   Operation 30 'getelementptr' 'BitReverseData_11_addr' <Predicate = (!icmp_ln143)> <Delay = 0.00>
ST_1 : Operation 31 [1/1] (0.00ns)   --->   "%BitReverseData_12_addr = getelementptr i32 %BitReverseData_12, i64 0, i64 %zext_ln143" [Crypto.cpp:144]   --->   Operation 31 'getelementptr' 'BitReverseData_12_addr' <Predicate = (!icmp_ln143)> <Delay = 0.00>
ST_1 : Operation 32 [1/1] (0.00ns)   --->   "%BitReverseData_13_addr = getelementptr i32 %BitReverseData_13, i64 0, i64 %zext_ln143" [Crypto.cpp:144]   --->   Operation 32 'getelementptr' 'BitReverseData_13_addr' <Predicate = (!icmp_ln143)> <Delay = 0.00>
ST_1 : Operation 33 [1/1] (0.00ns)   --->   "%BitReverseData_14_addr = getelementptr i32 %BitReverseData_14, i64 0, i64 %zext_ln143" [Crypto.cpp:144]   --->   Operation 33 'getelementptr' 'BitReverseData_14_addr' <Predicate = (!icmp_ln143)> <Delay = 0.00>
ST_1 : Operation 34 [1/1] (0.00ns)   --->   "%BitReverseData_15_addr = getelementptr i32 %BitReverseData_15, i64 0, i64 %zext_ln143" [Crypto.cpp:144]   --->   Operation 34 'getelementptr' 'BitReverseData_15_addr' <Predicate = (!icmp_ln143)> <Delay = 0.00>
ST_1 : Operation 35 [2/2] (3.25ns)   --->   "%BitReverseData_load = load i8 %BitReverseData_addr" [Crypto.cpp:144]   --->   Operation 35 'load' 'BitReverseData_load' <Predicate = (!icmp_ln143)> <Delay = 3.25> <CoreInst = "RAM">   --->   Core 82 'RAM' <Latency = 1> <II = 1> <Delay = 3.25> <Storage> <Opcode : 'load' 'store'> <Ports = 2> <Width = 32> <Depth = 256> <RAM>
ST_1 : Operation 36 [2/2] (3.25ns)   --->   "%BitReverseData_1_load = load i8 %BitReverseData_1_addr" [Crypto.cpp:144]   --->   Operation 36 'load' 'BitReverseData_1_load' <Predicate = (!icmp_ln143)> <Delay = 3.25> <CoreInst = "RAM">   --->   Core 82 'RAM' <Latency = 1> <II = 1> <Delay = 3.25> <Storage> <Opcode : 'load' 'store'> <Ports = 2> <Width = 32> <Depth = 256> <RAM>
ST_1 : Operation 37 [2/2] (3.25ns)   --->   "%BitReverseData_2_load = load i8 %BitReverseData_2_addr" [Crypto.cpp:144]   --->   Operation 37 'load' 'BitReverseData_2_load' <Predicate = (!icmp_ln143)> <Delay = 3.25> <CoreInst = "RAM">   --->   Core 82 'RAM' <Latency = 1> <II = 1> <Delay = 3.25> <Storage> <Opcode : 'load' 'store'> <Ports = 2> <Width = 32> <Depth = 256> <RAM>
ST_1 : Operation 38 [2/2] (3.25ns)   --->   "%BitReverseData_3_load = load i8 %BitReverseData_3_addr" [Crypto.cpp:144]   --->   Operation 38 'load' 'BitReverseData_3_load' <Predicate = (!icmp_ln143)> <Delay = 3.25> <CoreInst = "RAM">   --->   Core 82 'RAM' <Latency = 1> <II = 1> <Delay = 3.25> <Storage> <Opcode : 'load' 'store'> <Ports = 2> <Width = 32> <Depth = 256> <RAM>
ST_1 : Operation 39 [2/2] (3.25ns)   --->   "%BitReverseData_4_load = load i8 %BitReverseData_4_addr" [Crypto.cpp:144]   --->   Operation 39 'load' 'BitReverseData_4_load' <Predicate = (!icmp_ln143)> <Delay = 3.25> <CoreInst = "RAM">   --->   Core 82 'RAM' <Latency = 1> <II = 1> <Delay = 3.25> <Storage> <Opcode : 'load' 'store'> <Ports = 2> <Width = 32> <Depth = 256> <RAM>
ST_1 : Operation 40 [2/2] (3.25ns)   --->   "%BitReverseData_5_load = load i8 %BitReverseData_5_addr" [Crypto.cpp:144]   --->   Operation 40 'load' 'BitReverseData_5_load' <Predicate = (!icmp_ln143)> <Delay = 3.25> <CoreInst = "RAM">   --->   Core 82 'RAM' <Latency = 1> <II = 1> <Delay = 3.25> <Storage> <Opcode : 'load' 'store'> <Ports = 2> <Width = 32> <Depth = 256> <RAM>
ST_1 : Operation 41 [2/2] (3.25ns)   --->   "%BitReverseData_6_load = load i8 %BitReverseData_6_addr" [Crypto.cpp:144]   --->   Operation 41 'load' 'BitReverseData_6_load' <Predicate = (!icmp_ln143)> <Delay = 3.25> <CoreInst = "RAM">   --->   Core 82 'RAM' <Latency = 1> <II = 1> <Delay = 3.25> <Storage> <Opcode : 'load' 'store'> <Ports = 2> <Width = 32> <Depth = 256> <RAM>
ST_1 : Operation 42 [2/2] (3.25ns)   --->   "%BitReverseData_7_load = load i8 %BitReverseData_7_addr" [Crypto.cpp:144]   --->   Operation 42 'load' 'BitReverseData_7_load' <Predicate = (!icmp_ln143)> <Delay = 3.25> <CoreInst = "RAM">   --->   Core 82 'RAM' <Latency = 1> <II = 1> <Delay = 3.25> <Storage> <Opcode : 'load' 'store'> <Ports = 2> <Width = 32> <Depth = 256> <RAM>
ST_1 : Operation 43 [2/2] (3.25ns)   --->   "%BitReverseData_8_load = load i8 %BitReverseData_8_addr" [Crypto.cpp:144]   --->   Operation 43 'load' 'BitReverseData_8_load' <Predicate = (!icmp_ln143)> <Delay = 3.25> <CoreInst = "RAM">   --->   Core 82 'RAM' <Latency = 1> <II = 1> <Delay = 3.25> <Storage> <Opcode : 'load' 'store'> <Ports = 2> <Width = 32> <Depth = 256> <RAM>
ST_1 : Operation 44 [2/2] (3.25ns)   --->   "%BitReverseData_9_load = load i8 %BitReverseData_9_addr" [Crypto.cpp:144]   --->   Operation 44 'load' 'BitReverseData_9_load' <Predicate = (!icmp_ln143)> <Delay = 3.25> <CoreInst = "RAM">   --->   Core 82 'RAM' <Latency = 1> <II = 1> <Delay = 3.25> <Storage> <Opcode : 'load' 'store'> <Ports = 2> <Width = 32> <Depth = 256> <RAM>
ST_1 : Operation 45 [2/2] (3.25ns)   --->   "%BitReverseData_10_load = load i8 %BitReverseData_10_addr" [Crypto.cpp:144]   --->   Operation 45 'load' 'BitReverseData_10_load' <Predicate = (!icmp_ln143)> <Delay = 3.25> <CoreInst = "RAM">   --->   Core 82 'RAM' <Latency = 1> <II = 1> <Delay = 3.25> <Storage> <Opcode : 'load' 'store'> <Ports = 2> <Width = 32> <Depth = 256> <RAM>
ST_1 : Operation 46 [2/2] (3.25ns)   --->   "%BitReverseData_11_load = load i8 %BitReverseData_11_addr" [Crypto.cpp:144]   --->   Operation 46 'load' 'BitReverseData_11_load' <Predicate = (!icmp_ln143)> <Delay = 3.25> <CoreInst = "RAM">   --->   Core 82 'RAM' <Latency = 1> <II = 1> <Delay = 3.25> <Storage> <Opcode : 'load' 'store'> <Ports = 2> <Width = 32> <Depth = 256> <RAM>
ST_1 : Operation 47 [2/2] (3.25ns)   --->   "%BitReverseData_12_load = load i8 %BitReverseData_12_addr" [Crypto.cpp:144]   --->   Operation 47 'load' 'BitReverseData_12_load' <Predicate = (!icmp_ln143)> <Delay = 3.25> <CoreInst = "RAM">   --->   Core 82 'RAM' <Latency = 1> <II = 1> <Delay = 3.25> <Storage> <Opcode : 'load' 'store'> <Ports = 2> <Width = 32> <Depth = 256> <RAM>
ST_1 : Operation 48 [2/2] (3.25ns)   --->   "%BitReverseData_13_load = load i8 %BitReverseData_13_addr" [Crypto.cpp:144]   --->   Operation 48 'load' 'BitReverseData_13_load' <Predicate = (!icmp_ln143)> <Delay = 3.25> <CoreInst = "RAM">   --->   Core 82 'RAM' <Latency = 1> <II = 1> <Delay = 3.25> <Storage> <Opcode : 'load' 'store'> <Ports = 2> <Width = 32> <Depth = 256> <RAM>
ST_1 : Operation 49 [2/2] (3.25ns)   --->   "%BitReverseData_14_load = load i8 %BitReverseData_14_addr" [Crypto.cpp:144]   --->   Operation 49 'load' 'BitReverseData_14_load' <Predicate = (!icmp_ln143)> <Delay = 3.25> <CoreInst = "RAM">   --->   Core 82 'RAM' <Latency = 1> <II = 1> <Delay = 3.25> <Storage> <Opcode : 'load' 'store'> <Ports = 2> <Width = 32> <Depth = 256> <RAM>
ST_1 : Operation 50 [2/2] (3.25ns)   --->   "%BitReverseData_15_load = load i8 %BitReverseData_15_addr" [Crypto.cpp:144]   --->   Operation 50 'load' 'BitReverseData_15_load' <Predicate = (!icmp_ln143)> <Delay = 3.25> <CoreInst = "RAM">   --->   Core 82 'RAM' <Latency = 1> <II = 1> <Delay = 3.25> <Storage> <Opcode : 'load' 'store'> <Ports = 2> <Width = 32> <Depth = 256> <RAM>
ST_1 : Operation 51 [1/1] (0.00ns)   --->   "%br_ln144 = br i1 %RAMSel_cast_read, void %arrayidx1998.case.0, void %arrayidx1998.case.1" [Crypto.cpp:144]   --->   Operation 51 'br' 'br_ln144' <Predicate = (!icmp_ln143)> <Delay = 0.00>
ST_1 : Operation 52 [1/1] (1.88ns)   --->   "%switch_ln144 = switch i4 %empty, void %arrayidx1998.case.15, i4 0, void %arrayidx1998.case.041, i4 1, void %arrayidx1998.case.142, i4 2, void %arrayidx1998.case.2, i4 3, void %arrayidx1998.case.3, i4 4, void %arrayidx1998.case.4, i4 5, void %arrayidx1998.case.5, i4 6, void %arrayidx1998.case.6, i4 7, void %arrayidx1998.case.7, i4 8, void %arrayidx1998.case.8, i4 9, void %arrayidx1998.case.9, i4 10, void %arrayidx1998.case.10, i4 11, void %arrayidx1998.case.11, i4 12, void %arrayidx1998.case.12, i4 13, void %arrayidx1998.case.13, i4 14, void %arrayidx1998.case.14" [Crypto.cpp:144]   --->   Operation 52 'switch' 'switch_ln144' <Predicate = (!icmp_ln143 & !RAMSel_cast_read)> <Delay = 1.88>
ST_1 : Operation 53 [1/1] (1.88ns)   --->   "%switch_ln144 = switch i4 %empty, void %arrayidx1998.case.1560, i4 0, void %arrayidx1998.case.045, i4 1, void %arrayidx1998.case.146, i4 2, void %arrayidx1998.case.247, i4 3, void %arrayidx1998.case.348, i4 4, void %arrayidx1998.case.449, i4 5, void %arrayidx1998.case.550, i4 6, void %arrayidx1998.case.651, i4 7, void %arrayidx1998.case.752, i4 8, void %arrayidx1998.case.853, i4 9, void %arrayidx1998.case.954, i4 10, void %arrayidx1998.case.1055, i4 11, void %arrayidx1998.case.1156, i4 12, void %arrayidx1998.case.1257, i4 13, void %arrayidx1998.case.1358, i4 14, void %arrayidx1998.case.1459" [Crypto.cpp:144]   --->   Operation 53 'switch' 'switch_ln144' <Predicate = (!icmp_ln143 & RAMSel_cast_read)> <Delay = 1.88>
ST_1 : Operation 54 [1/1] (1.58ns)   --->   "%store_ln143 = store i13 %add_ln143, i13 %i" [Crypto.cpp:143]   --->   Operation 54 'store' 'store_ln143' <Predicate = (!icmp_ln143)> <Delay = 1.58>
ST_1 : Operation 55 [1/1] (0.00ns)   --->   "%br_ln143 = br void %for.inc200" [Crypto.cpp:143]   --->   Operation 55 'br' 'br_ln143' <Predicate = (!icmp_ln143)> <Delay = 0.00>

State 2 <SV = 1> <Delay = 3.25>
ST_2 : Operation 56 [1/2] (3.25ns)   --->   "%BitReverseData_load = load i8 %BitReverseData_addr" [Crypto.cpp:144]   --->   Operation 56 'load' 'BitReverseData_load' <Predicate = true> <Delay = 3.25> <CoreInst = "RAM">   --->   Core 82 'RAM' <Latency = 1> <II = 1> <Delay = 3.25> <Storage> <Opcode : 'load' 'store'> <Ports = 2> <Width = 32> <Depth = 256> <RAM>
ST_2 : Operation 57 [1/2] (3.25ns)   --->   "%BitReverseData_1_load = load i8 %BitReverseData_1_addr" [Crypto.cpp:144]   --->   Operation 57 'load' 'BitReverseData_1_load' <Predicate = true> <Delay = 3.25> <CoreInst = "RAM">   --->   Core 82 'RAM' <Latency = 1> <II = 1> <Delay = 3.25> <Storage> <Opcode : 'load' 'store'> <Ports = 2> <Width = 32> <Depth = 256> <RAM>
ST_2 : Operation 58 [1/2] (3.25ns)   --->   "%BitReverseData_2_load = load i8 %BitReverseData_2_addr" [Crypto.cpp:144]   --->   Operation 58 'load' 'BitReverseData_2_load' <Predicate = true> <Delay = 3.25> <CoreInst = "RAM">   --->   Core 82 'RAM' <Latency = 1> <II = 1> <Delay = 3.25> <Storage> <Opcode : 'load' 'store'> <Ports = 2> <Width = 32> <Depth = 256> <RAM>
ST_2 : Operation 59 [1/2] (3.25ns)   --->   "%BitReverseData_3_load = load i8 %BitReverseData_3_addr" [Crypto.cpp:144]   --->   Operation 59 'load' 'BitReverseData_3_load' <Predicate = true> <Delay = 3.25> <CoreInst = "RAM">   --->   Core 82 'RAM' <Latency = 1> <II = 1> <Delay = 3.25> <Storage> <Opcode : 'load' 'store'> <Ports = 2> <Width = 32> <Depth = 256> <RAM>
ST_2 : Operation 60 [1/2] (3.25ns)   --->   "%BitReverseData_4_load = load i8 %BitReverseData_4_addr" [Crypto.cpp:144]   --->   Operation 60 'load' 'BitReverseData_4_load' <Predicate = true> <Delay = 3.25> <CoreInst = "RAM">   --->   Core 82 'RAM' <Latency = 1> <II = 1> <Delay = 3.25> <Storage> <Opcode : 'load' 'store'> <Ports = 2> <Width = 32> <Depth = 256> <RAM>
ST_2 : Operation 61 [1/2] (3.25ns)   --->   "%BitReverseData_5_load = load i8 %BitReverseData_5_addr" [Crypto.cpp:144]   --->   Operation 61 'load' 'BitReverseData_5_load' <Predicate = true> <Delay = 3.25> <CoreInst = "RAM">   --->   Core 82 'RAM' <Latency = 1> <II = 1> <Delay = 3.25> <Storage> <Opcode : 'load' 'store'> <Ports = 2> <Width = 32> <Depth = 256> <RAM>
ST_2 : Operation 62 [1/2] (3.25ns)   --->   "%BitReverseData_6_load = load i8 %BitReverseData_6_addr" [Crypto.cpp:144]   --->   Operation 62 'load' 'BitReverseData_6_load' <Predicate = true> <Delay = 3.25> <CoreInst = "RAM">   --->   Core 82 'RAM' <Latency = 1> <II = 1> <Delay = 3.25> <Storage> <Opcode : 'load' 'store'> <Ports = 2> <Width = 32> <Depth = 256> <RAM>
ST_2 : Operation 63 [1/2] (3.25ns)   --->   "%BitReverseData_7_load = load i8 %BitReverseData_7_addr" [Crypto.cpp:144]   --->   Operation 63 'load' 'BitReverseData_7_load' <Predicate = true> <Delay = 3.25> <CoreInst = "RAM">   --->   Core 82 'RAM' <Latency = 1> <II = 1> <Delay = 3.25> <Storage> <Opcode : 'load' 'store'> <Ports = 2> <Width = 32> <Depth = 256> <RAM>
ST_2 : Operation 64 [1/2] (3.25ns)   --->   "%BitReverseData_8_load = load i8 %BitReverseData_8_addr" [Crypto.cpp:144]   --->   Operation 64 'load' 'BitReverseData_8_load' <Predicate = true> <Delay = 3.25> <CoreInst = "RAM">   --->   Core 82 'RAM' <Latency = 1> <II = 1> <Delay = 3.25> <Storage> <Opcode : 'load' 'store'> <Ports = 2> <Width = 32> <Depth = 256> <RAM>
ST_2 : Operation 65 [1/2] (3.25ns)   --->   "%BitReverseData_9_load = load i8 %BitReverseData_9_addr" [Crypto.cpp:144]   --->   Operation 65 'load' 'BitReverseData_9_load' <Predicate = true> <Delay = 3.25> <CoreInst = "RAM">   --->   Core 82 'RAM' <Latency = 1> <II = 1> <Delay = 3.25> <Storage> <Opcode : 'load' 'store'> <Ports = 2> <Width = 32> <Depth = 256> <RAM>
ST_2 : Operation 66 [1/2] (3.25ns)   --->   "%BitReverseData_10_load = load i8 %BitReverseData_10_addr" [Crypto.cpp:144]   --->   Operation 66 'load' 'BitReverseData_10_load' <Predicate = true> <Delay = 3.25> <CoreInst = "RAM">   --->   Core 82 'RAM' <Latency = 1> <II = 1> <Delay = 3.25> <Storage> <Opcode : 'load' 'store'> <Ports = 2> <Width = 32> <Depth = 256> <RAM>
ST_2 : Operation 67 [1/2] (3.25ns)   --->   "%BitReverseData_11_load = load i8 %BitReverseData_11_addr" [Crypto.cpp:144]   --->   Operation 67 'load' 'BitReverseData_11_load' <Predicate = true> <Delay = 3.25> <CoreInst = "RAM">   --->   Core 82 'RAM' <Latency = 1> <II = 1> <Delay = 3.25> <Storage> <Opcode : 'load' 'store'> <Ports = 2> <Width = 32> <Depth = 256> <RAM>
ST_2 : Operation 68 [1/2] (3.25ns)   --->   "%BitReverseData_12_load = load i8 %BitReverseData_12_addr" [Crypto.cpp:144]   --->   Operation 68 'load' 'BitReverseData_12_load' <Predicate = true> <Delay = 3.25> <CoreInst = "RAM">   --->   Core 82 'RAM' <Latency = 1> <II = 1> <Delay = 3.25> <Storage> <Opcode : 'load' 'store'> <Ports = 2> <Width = 32> <Depth = 256> <RAM>
ST_2 : Operation 69 [1/2] (3.25ns)   --->   "%BitReverseData_13_load = load i8 %BitReverseData_13_addr" [Crypto.cpp:144]   --->   Operation 69 'load' 'BitReverseData_13_load' <Predicate = true> <Delay = 3.25> <CoreInst = "RAM">   --->   Core 82 'RAM' <Latency = 1> <II = 1> <Delay = 3.25> <Storage> <Opcode : 'load' 'store'> <Ports = 2> <Width = 32> <Depth = 256> <RAM>
ST_2 : Operation 70 [1/2] (3.25ns)   --->   "%BitReverseData_14_load = load i8 %BitReverseData_14_addr" [Crypto.cpp:144]   --->   Operation 70 'load' 'BitReverseData_14_load' <Predicate = true> <Delay = 3.25> <CoreInst = "RAM">   --->   Core 82 'RAM' <Latency = 1> <II = 1> <Delay = 3.25> <Storage> <Opcode : 'load' 'store'> <Ports = 2> <Width = 32> <Depth = 256> <RAM>
ST_2 : Operation 71 [1/2] (3.25ns)   --->   "%BitReverseData_15_load = load i8 %BitReverseData_15_addr" [Crypto.cpp:144]   --->   Operation 71 'load' 'BitReverseData_15_load' <Predicate = true> <Delay = 3.25> <CoreInst = "RAM">   --->   Core 82 'RAM' <Latency = 1> <II = 1> <Delay = 3.25> <Storage> <Opcode : 'load' 'store'> <Ports = 2> <Width = 32> <Depth = 256> <RAM>

State 3 <SV = 2> <Delay = 2.06>
ST_3 : Operation 72 [1/1] (2.06ns)   --->   "%tmp_s = mux i32 @_ssdm_op_Mux.ap_auto.16i32.i4, i32 %BitReverseData_load, i32 %BitReverseData_1_load, i32 %BitReverseData_2_load, i32 %BitReverseData_3_load, i32 %BitReverseData_4_load, i32 %BitReverseData_5_load, i32 %BitReverseData_6_load, i32 %BitReverseData_7_load, i32 %BitReverseData_8_load, i32 %BitReverseData_9_load, i32 %BitReverseData_10_load, i32 %BitReverseData_11_load, i32 %BitReverseData_12_load, i32 %BitReverseData_13_load, i32 %BitReverseData_14_load, i32 %BitReverseData_15_load, i4 %empty" [Crypto.cpp:144]   --->   Operation 72 'mux' 'tmp_s' <Predicate = true> <Delay = 2.06> <CoreInst = "Multiplexer">   --->   Core 76 'Multiplexer' <Latency = 0> <II = 1> <Delay = 2.06> <FuncUnit> <Opcode : 'mux'> <InPorts = 2> <OutPorts = 1>
ST_3 : Operation 73 [1/1] (0.00ns)   --->   "%br_ln144 = br void %arrayidx1998.exit40" [Crypto.cpp:144]   --->   Operation 73 'br' 'br_ln144' <Predicate = (!RAMSel_cast_read & empty == 14)> <Delay = 0.00>
ST_3 : Operation 74 [1/1] (0.00ns)   --->   "%br_ln144 = br void %arrayidx1998.exit40" [Crypto.cpp:144]   --->   Operation 74 'br' 'br_ln144' <Predicate = (!RAMSel_cast_read & empty == 13)> <Delay = 0.00>
ST_3 : Operation 75 [1/1] (0.00ns)   --->   "%br_ln144 = br void %arrayidx1998.exit40" [Crypto.cpp:144]   --->   Operation 75 'br' 'br_ln144' <Predicate = (!RAMSel_cast_read & empty == 12)> <Delay = 0.00>
ST_3 : Operation 76 [1/1] (0.00ns)   --->   "%br_ln144 = br void %arrayidx1998.exit40" [Crypto.cpp:144]   --->   Operation 76 'br' 'br_ln144' <Predicate = (!RAMSel_cast_read & empty == 11)> <Delay = 0.00>
ST_3 : Operation 77 [1/1] (0.00ns)   --->   "%br_ln144 = br void %arrayidx1998.exit40" [Crypto.cpp:144]   --->   Operation 77 'br' 'br_ln144' <Predicate = (!RAMSel_cast_read & empty == 10)> <Delay = 0.00>
ST_3 : Operation 78 [1/1] (0.00ns)   --->   "%br_ln144 = br void %arrayidx1998.exit40" [Crypto.cpp:144]   --->   Operation 78 'br' 'br_ln144' <Predicate = (!RAMSel_cast_read & empty == 9)> <Delay = 0.00>
ST_3 : Operation 79 [1/1] (0.00ns)   --->   "%br_ln144 = br void %arrayidx1998.exit40" [Crypto.cpp:144]   --->   Operation 79 'br' 'br_ln144' <Predicate = (!RAMSel_cast_read & empty == 8)> <Delay = 0.00>
ST_3 : Operation 80 [1/1] (0.00ns)   --->   "%br_ln144 = br void %arrayidx1998.exit40" [Crypto.cpp:144]   --->   Operation 80 'br' 'br_ln144' <Predicate = (!RAMSel_cast_read & empty == 7)> <Delay = 0.00>
ST_3 : Operation 81 [1/1] (0.00ns)   --->   "%br_ln144 = br void %arrayidx1998.exit40" [Crypto.cpp:144]   --->   Operation 81 'br' 'br_ln144' <Predicate = (!RAMSel_cast_read & empty == 6)> <Delay = 0.00>
ST_3 : Operation 82 [1/1] (0.00ns)   --->   "%br_ln144 = br void %arrayidx1998.exit40" [Crypto.cpp:144]   --->   Operation 82 'br' 'br_ln144' <Predicate = (!RAMSel_cast_read & empty == 5)> <Delay = 0.00>
ST_3 : Operation 83 [1/1] (0.00ns)   --->   "%br_ln144 = br void %arrayidx1998.exit40" [Crypto.cpp:144]   --->   Operation 83 'br' 'br_ln144' <Predicate = (!RAMSel_cast_read & empty == 4)> <Delay = 0.00>
ST_3 : Operation 84 [1/1] (0.00ns)   --->   "%br_ln144 = br void %arrayidx1998.exit40" [Crypto.cpp:144]   --->   Operation 84 'br' 'br_ln144' <Predicate = (!RAMSel_cast_read & empty == 3)> <Delay = 0.00>
ST_3 : Operation 85 [1/1] (0.00ns)   --->   "%br_ln144 = br void %arrayidx1998.exit40" [Crypto.cpp:144]   --->   Operation 85 'br' 'br_ln144' <Predicate = (!RAMSel_cast_read & empty == 2)> <Delay = 0.00>
ST_3 : Operation 86 [1/1] (0.00ns)   --->   "%br_ln144 = br void %arrayidx1998.exit40" [Crypto.cpp:144]   --->   Operation 86 'br' 'br_ln144' <Predicate = (!RAMSel_cast_read & empty == 1)> <Delay = 0.00>
ST_3 : Operation 87 [1/1] (0.00ns)   --->   "%br_ln144 = br void %arrayidx1998.exit40" [Crypto.cpp:144]   --->   Operation 87 'br' 'br_ln144' <Predicate = (!RAMSel_cast_read & empty == 0)> <Delay = 0.00>
ST_3 : Operation 88 [1/1] (0.00ns)   --->   "%br_ln144 = br void %arrayidx1998.exit40" [Crypto.cpp:144]   --->   Operation 88 'br' 'br_ln144' <Predicate = (!RAMSel_cast_read & empty == 15)> <Delay = 0.00>
ST_3 : Operation 89 [1/1] (0.00ns)   --->   "%br_ln144 = br void %arrayidx1998.exit44" [Crypto.cpp:144]   --->   Operation 89 'br' 'br_ln144' <Predicate = (RAMSel_cast_read & empty == 14)> <Delay = 0.00>
ST_3 : Operation 90 [1/1] (0.00ns)   --->   "%br_ln144 = br void %arrayidx1998.exit44" [Crypto.cpp:144]   --->   Operation 90 'br' 'br_ln144' <Predicate = (RAMSel_cast_read & empty == 13)> <Delay = 0.00>
ST_3 : Operation 91 [1/1] (0.00ns)   --->   "%br_ln144 = br void %arrayidx1998.exit44" [Crypto.cpp:144]   --->   Operation 91 'br' 'br_ln144' <Predicate = (RAMSel_cast_read & empty == 12)> <Delay = 0.00>
ST_3 : Operation 92 [1/1] (0.00ns)   --->   "%br_ln144 = br void %arrayidx1998.exit44" [Crypto.cpp:144]   --->   Operation 92 'br' 'br_ln144' <Predicate = (RAMSel_cast_read & empty == 11)> <Delay = 0.00>
ST_3 : Operation 93 [1/1] (0.00ns)   --->   "%br_ln144 = br void %arrayidx1998.exit44" [Crypto.cpp:144]   --->   Operation 93 'br' 'br_ln144' <Predicate = (RAMSel_cast_read & empty == 10)> <Delay = 0.00>
ST_3 : Operation 94 [1/1] (0.00ns)   --->   "%br_ln144 = br void %arrayidx1998.exit44" [Crypto.cpp:144]   --->   Operation 94 'br' 'br_ln144' <Predicate = (RAMSel_cast_read & empty == 9)> <Delay = 0.00>
ST_3 : Operation 95 [1/1] (0.00ns)   --->   "%br_ln144 = br void %arrayidx1998.exit44" [Crypto.cpp:144]   --->   Operation 95 'br' 'br_ln144' <Predicate = (RAMSel_cast_read & empty == 8)> <Delay = 0.00>
ST_3 : Operation 96 [1/1] (0.00ns)   --->   "%br_ln144 = br void %arrayidx1998.exit44" [Crypto.cpp:144]   --->   Operation 96 'br' 'br_ln144' <Predicate = (RAMSel_cast_read & empty == 7)> <Delay = 0.00>
ST_3 : Operation 97 [1/1] (0.00ns)   --->   "%br_ln144 = br void %arrayidx1998.exit44" [Crypto.cpp:144]   --->   Operation 97 'br' 'br_ln144' <Predicate = (RAMSel_cast_read & empty == 6)> <Delay = 0.00>
ST_3 : Operation 98 [1/1] (0.00ns)   --->   "%br_ln144 = br void %arrayidx1998.exit44" [Crypto.cpp:144]   --->   Operation 98 'br' 'br_ln144' <Predicate = (RAMSel_cast_read & empty == 5)> <Delay = 0.00>
ST_3 : Operation 99 [1/1] (0.00ns)   --->   "%br_ln144 = br void %arrayidx1998.exit44" [Crypto.cpp:144]   --->   Operation 99 'br' 'br_ln144' <Predicate = (RAMSel_cast_read & empty == 4)> <Delay = 0.00>
ST_3 : Operation 100 [1/1] (0.00ns)   --->   "%br_ln144 = br void %arrayidx1998.exit44" [Crypto.cpp:144]   --->   Operation 100 'br' 'br_ln144' <Predicate = (RAMSel_cast_read & empty == 3)> <Delay = 0.00>
ST_3 : Operation 101 [1/1] (0.00ns)   --->   "%br_ln144 = br void %arrayidx1998.exit44" [Crypto.cpp:144]   --->   Operation 101 'br' 'br_ln144' <Predicate = (RAMSel_cast_read & empty == 2)> <Delay = 0.00>
ST_3 : Operation 102 [1/1] (0.00ns)   --->   "%br_ln144 = br void %arrayidx1998.exit44" [Crypto.cpp:144]   --->   Operation 102 'br' 'br_ln144' <Predicate = (RAMSel_cast_read & empty == 1)> <Delay = 0.00>
ST_3 : Operation 103 [1/1] (0.00ns)   --->   "%br_ln144 = br void %arrayidx1998.exit44" [Crypto.cpp:144]   --->   Operation 103 'br' 'br_ln144' <Predicate = (RAMSel_cast_read & empty == 0)> <Delay = 0.00>
ST_3 : Operation 104 [1/1] (0.00ns)   --->   "%br_ln144 = br void %arrayidx1998.exit44" [Crypto.cpp:144]   --->   Operation 104 'br' 'br_ln144' <Predicate = (RAMSel_cast_read & empty == 15)> <Delay = 0.00>
ST_3 : Operation 173 [1/1] (0.00ns)   --->   "%ret_ln0 = ret"   --->   Operation 173 'ret' 'ret_ln0' <Predicate = (icmp_ln143)> <Delay = 0.00>

State 4 <SV = 3> <Delay = 3.25>
ST_4 : Operation 105 [1/1] (0.00ns)   --->   "%speclooptripcount_ln143 = speclooptripcount void @_ssdm_op_SpecLoopTripCount, i64 4096, i64 4096, i64 4096" [Crypto.cpp:143]   --->   Operation 105 'speclooptripcount' 'speclooptripcount_ln143' <Predicate = true> <Delay = 0.00>
ST_4 : Operation 106 [1/1] (0.00ns)   --->   "%specloopname_ln143 = specloopname void @_ssdm_op_SpecLoopName, void @empty_8" [Crypto.cpp:143]   --->   Operation 106 'specloopname' 'specloopname_ln143' <Predicate = true> <Delay = 0.00>
ST_4 : Operation 107 [1/1] (0.00ns)   --->   "%DataRAM_addr = getelementptr i32 %DataRAM, i64 0, i64 %zext_ln143" [Crypto.cpp:144]   --->   Operation 107 'getelementptr' 'DataRAM_addr' <Predicate = true> <Delay = 0.00>
ST_4 : Operation 108 [1/1] (0.00ns)   --->   "%DataRAM_1_addr = getelementptr i32 %DataRAM_1, i64 0, i64 %zext_ln143" [Crypto.cpp:144]   --->   Operation 108 'getelementptr' 'DataRAM_1_addr' <Predicate = true> <Delay = 0.00>
ST_4 : Operation 109 [1/1] (0.00ns)   --->   "%DataRAM_2_addr = getelementptr i32 %DataRAM_2, i64 0, i64 %zext_ln143" [Crypto.cpp:144]   --->   Operation 109 'getelementptr' 'DataRAM_2_addr' <Predicate = true> <Delay = 0.00>
ST_4 : Operation 110 [1/1] (0.00ns)   --->   "%DataRAM_3_addr = getelementptr i32 %DataRAM_3, i64 0, i64 %zext_ln143" [Crypto.cpp:144]   --->   Operation 110 'getelementptr' 'DataRAM_3_addr' <Predicate = true> <Delay = 0.00>
ST_4 : Operation 111 [1/1] (0.00ns)   --->   "%DataRAM_4_addr = getelementptr i32 %DataRAM_4, i64 0, i64 %zext_ln143" [Crypto.cpp:144]   --->   Operation 111 'getelementptr' 'DataRAM_4_addr' <Predicate = true> <Delay = 0.00>
ST_4 : Operation 112 [1/1] (0.00ns)   --->   "%DataRAM_5_addr = getelementptr i32 %DataRAM_5, i64 0, i64 %zext_ln143" [Crypto.cpp:144]   --->   Operation 112 'getelementptr' 'DataRAM_5_addr' <Predicate = true> <Delay = 0.00>
ST_4 : Operation 113 [1/1] (0.00ns)   --->   "%DataRAM_6_addr = getelementptr i32 %DataRAM_6, i64 0, i64 %zext_ln143" [Crypto.cpp:144]   --->   Operation 113 'getelementptr' 'DataRAM_6_addr' <Predicate = true> <Delay = 0.00>
ST_4 : Operation 114 [1/1] (0.00ns)   --->   "%DataRAM_7_addr = getelementptr i32 %DataRAM_7, i64 0, i64 %zext_ln143" [Crypto.cpp:144]   --->   Operation 114 'getelementptr' 'DataRAM_7_addr' <Predicate = true> <Delay = 0.00>
ST_4 : Operation 115 [1/1] (0.00ns)   --->   "%DataRAM_8_addr = getelementptr i32 %DataRAM_8, i64 0, i64 %zext_ln143" [Crypto.cpp:144]   --->   Operation 115 'getelementptr' 'DataRAM_8_addr' <Predicate = true> <Delay = 0.00>
ST_4 : Operation 116 [1/1] (0.00ns)   --->   "%DataRAM_9_addr = getelementptr i32 %DataRAM_9, i64 0, i64 %zext_ln143" [Crypto.cpp:144]   --->   Operation 116 'getelementptr' 'DataRAM_9_addr' <Predicate = true> <Delay = 0.00>
ST_4 : Operation 117 [1/1] (0.00ns)   --->   "%DataRAM_10_addr = getelementptr i32 %DataRAM_10, i64 0, i64 %zext_ln143" [Crypto.cpp:144]   --->   Operation 117 'getelementptr' 'DataRAM_10_addr' <Predicate = true> <Delay = 0.00>
ST_4 : Operation 118 [1/1] (0.00ns)   --->   "%DataRAM_11_addr = getelementptr i32 %DataRAM_11, i64 0, i64 %zext_ln143" [Crypto.cpp:144]   --->   Operation 118 'getelementptr' 'DataRAM_11_addr' <Predicate = true> <Delay = 0.00>
ST_4 : Operation 119 [1/1] (0.00ns)   --->   "%DataRAM_12_addr = getelementptr i32 %DataRAM_12, i64 0, i64 %zext_ln143" [Crypto.cpp:144]   --->   Operation 119 'getelementptr' 'DataRAM_12_addr' <Predicate = true> <Delay = 0.00>
ST_4 : Operation 120 [1/1] (0.00ns)   --->   "%DataRAM_13_addr = getelementptr i32 %DataRAM_13, i64 0, i64 %zext_ln143" [Crypto.cpp:144]   --->   Operation 120 'getelementptr' 'DataRAM_13_addr' <Predicate = true> <Delay = 0.00>
ST_4 : Operation 121 [1/1] (0.00ns)   --->   "%DataRAM_14_addr = getelementptr i32 %DataRAM_14, i64 0, i64 %zext_ln143" [Crypto.cpp:144]   --->   Operation 121 'getelementptr' 'DataRAM_14_addr' <Predicate = true> <Delay = 0.00>
ST_4 : Operation 122 [1/1] (0.00ns)   --->   "%DataRAM_15_addr = getelementptr i32 %DataRAM_15, i64 0, i64 %zext_ln143" [Crypto.cpp:144]   --->   Operation 122 'getelementptr' 'DataRAM_15_addr' <Predicate = true> <Delay = 0.00>
ST_4 : Operation 123 [1/1] (0.00ns)   --->   "%DataRAM_16_addr = getelementptr i32 %DataRAM_16, i64 0, i64 %zext_ln143" [Crypto.cpp:144]   --->   Operation 123 'getelementptr' 'DataRAM_16_addr' <Predicate = true> <Delay = 0.00>
ST_4 : Operation 124 [1/1] (0.00ns)   --->   "%DataRAM_17_addr = getelementptr i32 %DataRAM_17, i64 0, i64 %zext_ln143" [Crypto.cpp:144]   --->   Operation 124 'getelementptr' 'DataRAM_17_addr' <Predicate = true> <Delay = 0.00>
ST_4 : Operation 125 [1/1] (0.00ns)   --->   "%DataRAM_18_addr = getelementptr i32 %DataRAM_18, i64 0, i64 %zext_ln143" [Crypto.cpp:144]   --->   Operation 125 'getelementptr' 'DataRAM_18_addr' <Predicate = true> <Delay = 0.00>
ST_4 : Operation 126 [1/1] (0.00ns)   --->   "%DataRAM_19_addr = getelementptr i32 %DataRAM_19, i64 0, i64 %zext_ln143" [Crypto.cpp:144]   --->   Operation 126 'getelementptr' 'DataRAM_19_addr' <Predicate = true> <Delay = 0.00>
ST_4 : Operation 127 [1/1] (0.00ns)   --->   "%DataRAM_20_addr = getelementptr i32 %DataRAM_20, i64 0, i64 %zext_ln143" [Crypto.cpp:144]   --->   Operation 127 'getelementptr' 'DataRAM_20_addr' <Predicate = true> <Delay = 0.00>
ST_4 : Operation 128 [1/1] (0.00ns)   --->   "%DataRAM_21_addr = getelementptr i32 %DataRAM_21, i64 0, i64 %zext_ln143" [Crypto.cpp:144]   --->   Operation 128 'getelementptr' 'DataRAM_21_addr' <Predicate = true> <Delay = 0.00>
ST_4 : Operation 129 [1/1] (0.00ns)   --->   "%DataRAM_22_addr = getelementptr i32 %DataRAM_22, i64 0, i64 %zext_ln143" [Crypto.cpp:144]   --->   Operation 129 'getelementptr' 'DataRAM_22_addr' <Predicate = true> <Delay = 0.00>
ST_4 : Operation 130 [1/1] (0.00ns)   --->   "%DataRAM_23_addr = getelementptr i32 %DataRAM_23, i64 0, i64 %zext_ln143" [Crypto.cpp:144]   --->   Operation 130 'getelementptr' 'DataRAM_23_addr' <Predicate = true> <Delay = 0.00>
ST_4 : Operation 131 [1/1] (0.00ns)   --->   "%DataRAM_24_addr = getelementptr i32 %DataRAM_24, i64 0, i64 %zext_ln143" [Crypto.cpp:144]   --->   Operation 131 'getelementptr' 'DataRAM_24_addr' <Predicate = true> <Delay = 0.00>
ST_4 : Operation 132 [1/1] (0.00ns)   --->   "%DataRAM_25_addr = getelementptr i32 %DataRAM_25, i64 0, i64 %zext_ln143" [Crypto.cpp:144]   --->   Operation 132 'getelementptr' 'DataRAM_25_addr' <Predicate = true> <Delay = 0.00>
ST_4 : Operation 133 [1/1] (0.00ns)   --->   "%DataRAM_26_addr = getelementptr i32 %DataRAM_26, i64 0, i64 %zext_ln143" [Crypto.cpp:144]   --->   Operation 133 'getelementptr' 'DataRAM_26_addr' <Predicate = true> <Delay = 0.00>
ST_4 : Operation 134 [1/1] (0.00ns)   --->   "%DataRAM_27_addr = getelementptr i32 %DataRAM_27, i64 0, i64 %zext_ln143" [Crypto.cpp:144]   --->   Operation 134 'getelementptr' 'DataRAM_27_addr' <Predicate = true> <Delay = 0.00>
ST_4 : Operation 135 [1/1] (0.00ns)   --->   "%DataRAM_28_addr = getelementptr i32 %DataRAM_28, i64 0, i64 %zext_ln143" [Crypto.cpp:144]   --->   Operation 135 'getelementptr' 'DataRAM_28_addr' <Predicate = true> <Delay = 0.00>
ST_4 : Operation 136 [1/1] (0.00ns)   --->   "%DataRAM_29_addr = getelementptr i32 %DataRAM_29, i64 0, i64 %zext_ln143" [Crypto.cpp:144]   --->   Operation 136 'getelementptr' 'DataRAM_29_addr' <Predicate = true> <Delay = 0.00>
ST_4 : Operation 137 [1/1] (0.00ns)   --->   "%DataRAM_30_addr = getelementptr i32 %DataRAM_30, i64 0, i64 %zext_ln143" [Crypto.cpp:144]   --->   Operation 137 'getelementptr' 'DataRAM_30_addr' <Predicate = true> <Delay = 0.00>
ST_4 : Operation 138 [1/1] (0.00ns)   --->   "%DataRAM_31_addr = getelementptr i32 %DataRAM_31, i64 0, i64 %zext_ln143" [Crypto.cpp:144]   --->   Operation 138 'getelementptr' 'DataRAM_31_addr' <Predicate = true> <Delay = 0.00>
ST_4 : Operation 139 [1/1] (3.25ns)   --->   "%store_ln144 = store i32 %tmp_s, i8 %DataRAM_14_addr" [Crypto.cpp:144]   --->   Operation 139 'store' 'store_ln144' <Predicate = (!RAMSel_cast_read & empty == 14)> <Delay = 3.25> <CoreInst = "RAM">   --->   Core 82 'RAM' <Latency = 1> <II = 1> <Delay = 3.25> <Storage> <Opcode : 'load' 'store'> <Ports = 2> <Width = 32> <Depth = 256> <RAM>
ST_4 : Operation 140 [1/1] (3.25ns)   --->   "%store_ln144 = store i32 %tmp_s, i8 %DataRAM_13_addr" [Crypto.cpp:144]   --->   Operation 140 'store' 'store_ln144' <Predicate = (!RAMSel_cast_read & empty == 13)> <Delay = 3.25> <CoreInst = "RAM">   --->   Core 82 'RAM' <Latency = 1> <II = 1> <Delay = 3.25> <Storage> <Opcode : 'load' 'store'> <Ports = 2> <Width = 32> <Depth = 256> <RAM>
ST_4 : Operation 141 [1/1] (3.25ns)   --->   "%store_ln144 = store i32 %tmp_s, i8 %DataRAM_12_addr" [Crypto.cpp:144]   --->   Operation 141 'store' 'store_ln144' <Predicate = (!RAMSel_cast_read & empty == 12)> <Delay = 3.25> <CoreInst = "RAM">   --->   Core 82 'RAM' <Latency = 1> <II = 1> <Delay = 3.25> <Storage> <Opcode : 'load' 'store'> <Ports = 2> <Width = 32> <Depth = 256> <RAM>
ST_4 : Operation 142 [1/1] (3.25ns)   --->   "%store_ln144 = store i32 %tmp_s, i8 %DataRAM_11_addr" [Crypto.cpp:144]   --->   Operation 142 'store' 'store_ln144' <Predicate = (!RAMSel_cast_read & empty == 11)> <Delay = 3.25> <CoreInst = "RAM">   --->   Core 82 'RAM' <Latency = 1> <II = 1> <Delay = 3.25> <Storage> <Opcode : 'load' 'store'> <Ports = 2> <Width = 32> <Depth = 256> <RAM>
ST_4 : Operation 143 [1/1] (3.25ns)   --->   "%store_ln144 = store i32 %tmp_s, i8 %DataRAM_10_addr" [Crypto.cpp:144]   --->   Operation 143 'store' 'store_ln144' <Predicate = (!RAMSel_cast_read & empty == 10)> <Delay = 3.25> <CoreInst = "RAM">   --->   Core 82 'RAM' <Latency = 1> <II = 1> <Delay = 3.25> <Storage> <Opcode : 'load' 'store'> <Ports = 2> <Width = 32> <Depth = 256> <RAM>
ST_4 : Operation 144 [1/1] (3.25ns)   --->   "%store_ln144 = store i32 %tmp_s, i8 %DataRAM_9_addr" [Crypto.cpp:144]   --->   Operation 144 'store' 'store_ln144' <Predicate = (!RAMSel_cast_read & empty == 9)> <Delay = 3.25> <CoreInst = "RAM">   --->   Core 82 'RAM' <Latency = 1> <II = 1> <Delay = 3.25> <Storage> <Opcode : 'load' 'store'> <Ports = 2> <Width = 32> <Depth = 256> <RAM>
ST_4 : Operation 145 [1/1] (3.25ns)   --->   "%store_ln144 = store i32 %tmp_s, i8 %DataRAM_8_addr" [Crypto.cpp:144]   --->   Operation 145 'store' 'store_ln144' <Predicate = (!RAMSel_cast_read & empty == 8)> <Delay = 3.25> <CoreInst = "RAM">   --->   Core 82 'RAM' <Latency = 1> <II = 1> <Delay = 3.25> <Storage> <Opcode : 'load' 'store'> <Ports = 2> <Width = 32> <Depth = 256> <RAM>
ST_4 : Operation 146 [1/1] (3.25ns)   --->   "%store_ln144 = store i32 %tmp_s, i8 %DataRAM_7_addr" [Crypto.cpp:144]   --->   Operation 146 'store' 'store_ln144' <Predicate = (!RAMSel_cast_read & empty == 7)> <Delay = 3.25> <CoreInst = "RAM">   --->   Core 82 'RAM' <Latency = 1> <II = 1> <Delay = 3.25> <Storage> <Opcode : 'load' 'store'> <Ports = 2> <Width = 32> <Depth = 256> <RAM>
ST_4 : Operation 147 [1/1] (3.25ns)   --->   "%store_ln144 = store i32 %tmp_s, i8 %DataRAM_6_addr" [Crypto.cpp:144]   --->   Operation 147 'store' 'store_ln144' <Predicate = (!RAMSel_cast_read & empty == 6)> <Delay = 3.25> <CoreInst = "RAM">   --->   Core 82 'RAM' <Latency = 1> <II = 1> <Delay = 3.25> <Storage> <Opcode : 'load' 'store'> <Ports = 2> <Width = 32> <Depth = 256> <RAM>
ST_4 : Operation 148 [1/1] (3.25ns)   --->   "%store_ln144 = store i32 %tmp_s, i8 %DataRAM_5_addr" [Crypto.cpp:144]   --->   Operation 148 'store' 'store_ln144' <Predicate = (!RAMSel_cast_read & empty == 5)> <Delay = 3.25> <CoreInst = "RAM">   --->   Core 82 'RAM' <Latency = 1> <II = 1> <Delay = 3.25> <Storage> <Opcode : 'load' 'store'> <Ports = 2> <Width = 32> <Depth = 256> <RAM>
ST_4 : Operation 149 [1/1] (3.25ns)   --->   "%store_ln144 = store i32 %tmp_s, i8 %DataRAM_4_addr" [Crypto.cpp:144]   --->   Operation 149 'store' 'store_ln144' <Predicate = (!RAMSel_cast_read & empty == 4)> <Delay = 3.25> <CoreInst = "RAM">   --->   Core 82 'RAM' <Latency = 1> <II = 1> <Delay = 3.25> <Storage> <Opcode : 'load' 'store'> <Ports = 2> <Width = 32> <Depth = 256> <RAM>
ST_4 : Operation 150 [1/1] (3.25ns)   --->   "%store_ln144 = store i32 %tmp_s, i8 %DataRAM_3_addr" [Crypto.cpp:144]   --->   Operation 150 'store' 'store_ln144' <Predicate = (!RAMSel_cast_read & empty == 3)> <Delay = 3.25> <CoreInst = "RAM">   --->   Core 82 'RAM' <Latency = 1> <II = 1> <Delay = 3.25> <Storage> <Opcode : 'load' 'store'> <Ports = 2> <Width = 32> <Depth = 256> <RAM>
ST_4 : Operation 151 [1/1] (3.25ns)   --->   "%store_ln144 = store i32 %tmp_s, i8 %DataRAM_2_addr" [Crypto.cpp:144]   --->   Operation 151 'store' 'store_ln144' <Predicate = (!RAMSel_cast_read & empty == 2)> <Delay = 3.25> <CoreInst = "RAM">   --->   Core 82 'RAM' <Latency = 1> <II = 1> <Delay = 3.25> <Storage> <Opcode : 'load' 'store'> <Ports = 2> <Width = 32> <Depth = 256> <RAM>
ST_4 : Operation 152 [1/1] (3.25ns)   --->   "%store_ln144 = store i32 %tmp_s, i8 %DataRAM_1_addr" [Crypto.cpp:144]   --->   Operation 152 'store' 'store_ln144' <Predicate = (!RAMSel_cast_read & empty == 1)> <Delay = 3.25> <CoreInst = "RAM">   --->   Core 82 'RAM' <Latency = 1> <II = 1> <Delay = 3.25> <Storage> <Opcode : 'load' 'store'> <Ports = 2> <Width = 32> <Depth = 256> <RAM>
ST_4 : Operation 153 [1/1] (3.25ns)   --->   "%store_ln144 = store i32 %tmp_s, i8 %DataRAM_addr" [Crypto.cpp:144]   --->   Operation 153 'store' 'store_ln144' <Predicate = (!RAMSel_cast_read & empty == 0)> <Delay = 3.25> <CoreInst = "RAM">   --->   Core 82 'RAM' <Latency = 1> <II = 1> <Delay = 3.25> <Storage> <Opcode : 'load' 'store'> <Ports = 2> <Width = 32> <Depth = 256> <RAM>
ST_4 : Operation 154 [1/1] (3.25ns)   --->   "%store_ln144 = store i32 %tmp_s, i8 %DataRAM_15_addr" [Crypto.cpp:144]   --->   Operation 154 'store' 'store_ln144' <Predicate = (!RAMSel_cast_read & empty == 15)> <Delay = 3.25> <CoreInst = "RAM">   --->   Core 82 'RAM' <Latency = 1> <II = 1> <Delay = 3.25> <Storage> <Opcode : 'load' 'store'> <Ports = 2> <Width = 32> <Depth = 256> <RAM>
ST_4 : Operation 155 [1/1] (0.00ns)   --->   "%br_ln144 = br void %arrayidx1998.exit" [Crypto.cpp:144]   --->   Operation 155 'br' 'br_ln144' <Predicate = (!RAMSel_cast_read)> <Delay = 0.00>
ST_4 : Operation 156 [1/1] (3.25ns)   --->   "%store_ln144 = store i32 %tmp_s, i8 %DataRAM_30_addr" [Crypto.cpp:144]   --->   Operation 156 'store' 'store_ln144' <Predicate = (RAMSel_cast_read & empty == 14)> <Delay = 3.25> <CoreInst = "RAM">   --->   Core 82 'RAM' <Latency = 1> <II = 1> <Delay = 3.25> <Storage> <Opcode : 'load' 'store'> <Ports = 2> <Width = 32> <Depth = 256> <RAM>
ST_4 : Operation 157 [1/1] (3.25ns)   --->   "%store_ln144 = store i32 %tmp_s, i8 %DataRAM_29_addr" [Crypto.cpp:144]   --->   Operation 157 'store' 'store_ln144' <Predicate = (RAMSel_cast_read & empty == 13)> <Delay = 3.25> <CoreInst = "RAM">   --->   Core 82 'RAM' <Latency = 1> <II = 1> <Delay = 3.25> <Storage> <Opcode : 'load' 'store'> <Ports = 2> <Width = 32> <Depth = 256> <RAM>
ST_4 : Operation 158 [1/1] (3.25ns)   --->   "%store_ln144 = store i32 %tmp_s, i8 %DataRAM_28_addr" [Crypto.cpp:144]   --->   Operation 158 'store' 'store_ln144' <Predicate = (RAMSel_cast_read & empty == 12)> <Delay = 3.25> <CoreInst = "RAM">   --->   Core 82 'RAM' <Latency = 1> <II = 1> <Delay = 3.25> <Storage> <Opcode : 'load' 'store'> <Ports = 2> <Width = 32> <Depth = 256> <RAM>
ST_4 : Operation 159 [1/1] (3.25ns)   --->   "%store_ln144 = store i32 %tmp_s, i8 %DataRAM_27_addr" [Crypto.cpp:144]   --->   Operation 159 'store' 'store_ln144' <Predicate = (RAMSel_cast_read & empty == 11)> <Delay = 3.25> <CoreInst = "RAM">   --->   Core 82 'RAM' <Latency = 1> <II = 1> <Delay = 3.25> <Storage> <Opcode : 'load' 'store'> <Ports = 2> <Width = 32> <Depth = 256> <RAM>
ST_4 : Operation 160 [1/1] (3.25ns)   --->   "%store_ln144 = store i32 %tmp_s, i8 %DataRAM_26_addr" [Crypto.cpp:144]   --->   Operation 160 'store' 'store_ln144' <Predicate = (RAMSel_cast_read & empty == 10)> <Delay = 3.25> <CoreInst = "RAM">   --->   Core 82 'RAM' <Latency = 1> <II = 1> <Delay = 3.25> <Storage> <Opcode : 'load' 'store'> <Ports = 2> <Width = 32> <Depth = 256> <RAM>
ST_4 : Operation 161 [1/1] (3.25ns)   --->   "%store_ln144 = store i32 %tmp_s, i8 %DataRAM_25_addr" [Crypto.cpp:144]   --->   Operation 161 'store' 'store_ln144' <Predicate = (RAMSel_cast_read & empty == 9)> <Delay = 3.25> <CoreInst = "RAM">   --->   Core 82 'RAM' <Latency = 1> <II = 1> <Delay = 3.25> <Storage> <Opcode : 'load' 'store'> <Ports = 2> <Width = 32> <Depth = 256> <RAM>
ST_4 : Operation 162 [1/1] (3.25ns)   --->   "%store_ln144 = store i32 %tmp_s, i8 %DataRAM_24_addr" [Crypto.cpp:144]   --->   Operation 162 'store' 'store_ln144' <Predicate = (RAMSel_cast_read & empty == 8)> <Delay = 3.25> <CoreInst = "RAM">   --->   Core 82 'RAM' <Latency = 1> <II = 1> <Delay = 3.25> <Storage> <Opcode : 'load' 'store'> <Ports = 2> <Width = 32> <Depth = 256> <RAM>
ST_4 : Operation 163 [1/1] (3.25ns)   --->   "%store_ln144 = store i32 %tmp_s, i8 %DataRAM_23_addr" [Crypto.cpp:144]   --->   Operation 163 'store' 'store_ln144' <Predicate = (RAMSel_cast_read & empty == 7)> <Delay = 3.25> <CoreInst = "RAM">   --->   Core 82 'RAM' <Latency = 1> <II = 1> <Delay = 3.25> <Storage> <Opcode : 'load' 'store'> <Ports = 2> <Width = 32> <Depth = 256> <RAM>
ST_4 : Operation 164 [1/1] (3.25ns)   --->   "%store_ln144 = store i32 %tmp_s, i8 %DataRAM_22_addr" [Crypto.cpp:144]   --->   Operation 164 'store' 'store_ln144' <Predicate = (RAMSel_cast_read & empty == 6)> <Delay = 3.25> <CoreInst = "RAM">   --->   Core 82 'RAM' <Latency = 1> <II = 1> <Delay = 3.25> <Storage> <Opcode : 'load' 'store'> <Ports = 2> <Width = 32> <Depth = 256> <RAM>
ST_4 : Operation 165 [1/1] (3.25ns)   --->   "%store_ln144 = store i32 %tmp_s, i8 %DataRAM_21_addr" [Crypto.cpp:144]   --->   Operation 165 'store' 'store_ln144' <Predicate = (RAMSel_cast_read & empty == 5)> <Delay = 3.25> <CoreInst = "RAM">   --->   Core 82 'RAM' <Latency = 1> <II = 1> <Delay = 3.25> <Storage> <Opcode : 'load' 'store'> <Ports = 2> <Width = 32> <Depth = 256> <RAM>
ST_4 : Operation 166 [1/1] (3.25ns)   --->   "%store_ln144 = store i32 %tmp_s, i8 %DataRAM_20_addr" [Crypto.cpp:144]   --->   Operation 166 'store' 'store_ln144' <Predicate = (RAMSel_cast_read & empty == 4)> <Delay = 3.25> <CoreInst = "RAM">   --->   Core 82 'RAM' <Latency = 1> <II = 1> <Delay = 3.25> <Storage> <Opcode : 'load' 'store'> <Ports = 2> <Width = 32> <Depth = 256> <RAM>
ST_4 : Operation 167 [1/1] (3.25ns)   --->   "%store_ln144 = store i32 %tmp_s, i8 %DataRAM_19_addr" [Crypto.cpp:144]   --->   Operation 167 'store' 'store_ln144' <Predicate = (RAMSel_cast_read & empty == 3)> <Delay = 3.25> <CoreInst = "RAM">   --->   Core 82 'RAM' <Latency = 1> <II = 1> <Delay = 3.25> <Storage> <Opcode : 'load' 'store'> <Ports = 2> <Width = 32> <Depth = 256> <RAM>
ST_4 : Operation 168 [1/1] (3.25ns)   --->   "%store_ln144 = store i32 %tmp_s, i8 %DataRAM_18_addr" [Crypto.cpp:144]   --->   Operation 168 'store' 'store_ln144' <Predicate = (RAMSel_cast_read & empty == 2)> <Delay = 3.25> <CoreInst = "RAM">   --->   Core 82 'RAM' <Latency = 1> <II = 1> <Delay = 3.25> <Storage> <Opcode : 'load' 'store'> <Ports = 2> <Width = 32> <Depth = 256> <RAM>
ST_4 : Operation 169 [1/1] (3.25ns)   --->   "%store_ln144 = store i32 %tmp_s, i8 %DataRAM_17_addr" [Crypto.cpp:144]   --->   Operation 169 'store' 'store_ln144' <Predicate = (RAMSel_cast_read & empty == 1)> <Delay = 3.25> <CoreInst = "RAM">   --->   Core 82 'RAM' <Latency = 1> <II = 1> <Delay = 3.25> <Storage> <Opcode : 'load' 'store'> <Ports = 2> <Width = 32> <Depth = 256> <RAM>
ST_4 : Operation 170 [1/1] (3.25ns)   --->   "%store_ln144 = store i32 %tmp_s, i8 %DataRAM_16_addr" [Crypto.cpp:144]   --->   Operation 170 'store' 'store_ln144' <Predicate = (RAMSel_cast_read & empty == 0)> <Delay = 3.25> <CoreInst = "RAM">   --->   Core 82 'RAM' <Latency = 1> <II = 1> <Delay = 3.25> <Storage> <Opcode : 'load' 'store'> <Ports = 2> <Width = 32> <Depth = 256> <RAM>
ST_4 : Operation 171 [1/1] (3.25ns)   --->   "%store_ln144 = store i32 %tmp_s, i8 %DataRAM_31_addr" [Crypto.cpp:144]   --->   Operation 171 'store' 'store_ln144' <Predicate = (RAMSel_cast_read & empty == 15)> <Delay = 3.25> <CoreInst = "RAM">   --->   Core 82 'RAM' <Latency = 1> <II = 1> <Delay = 3.25> <Storage> <Opcode : 'load' 'store'> <Ports = 2> <Width = 32> <Depth = 256> <RAM>
ST_4 : Operation 172 [1/1] (0.00ns)   --->   "%br_ln144 = br void %arrayidx1998.exit" [Crypto.cpp:144]   --->   Operation 172 'br' 'br_ln144' <Predicate = (RAMSel_cast_read)> <Delay = 0.00>


============================================================
+ Verbose Summary: Timing violations
============================================================
Target clock period: 7.000ns, clock uncertainty: 1.890ns.

 <State 1>: 3.268ns
The critical path consists of the following:
	'alloca' operation ('i') [50]  (0.000 ns)
	'load' operation ('i') on local variable 'i' [55]  (0.000 ns)
	'add' operation ('add_ln143', Crypto.cpp:143) [58]  (1.679 ns)
	'store' operation ('store_ln143', Crypto.cpp:143) of variable 'add_ln143', Crypto.cpp:143 on local variable 'i' [237]  (1.588 ns)

 <State 2>: 3.254ns
The critical path consists of the following:
	'load' operation ('BitReverseData_load', Crypto.cpp:144) on array 'BitReverseData' [114]  (3.254 ns)

 <State 3>: 2.064ns
The critical path consists of the following:
	'mux' operation ('tmp_s', Crypto.cpp:144) [130]  (2.064 ns)

 <State 4>: 3.254ns
The critical path consists of the following:
	'getelementptr' operation ('DataRAM_5_addr', Crypto.cpp:144) [87]  (0.000 ns)
	'store' operation ('store_ln144', Crypto.cpp:144) of variable 'tmp_s', Crypto.cpp:144 on array 'DataRAM_5' [162]  (3.254 ns)


============================================================
+ Verbose Summary: Binding
============================================================
N/A
* FSMD analyzer results:
  - Output states:
 - Input state : 
  - Chain level:
	State 1
	State 2
	State 3
	State 4


============================================================
+ Verbose Summary: Datapath Resource usage 
============================================================
N/A
