

================================================================
== Vitis HLS Report for 'Crypto'
================================================================
* Date:           Wed Feb  5 12:49:46 2025

* Version:        2023.1 (Build 3854077 on May  4 2023)
* Project:        Crypto
* Solution:       solution1 (Vivado IP Flow Target)
* Product family: zynq
* Target device:  xc7z020-clg400-1


================================================================
== Performance Estimates
================================================================
+ Timing: 
    * Summary: 
    +--------+---------+----------+------------+
    |  Clock |  Target | Estimated| Uncertainty|
    +--------+---------+----------+------------+
    |ap_clk  |  7.00 ns|  5.104 ns|     1.89 ns|
    +--------+---------+----------+------------+

+ Latency: 
    * Summary: 
    +---------+---------+----------+----------+-----+-----+---------+
    |  Latency (cycles) |  Latency (absolute) |  Interval | Pipeline|
    |   min   |   max   |    min   |    max   | min | max |   Type  |
    +---------+---------+----------+----------+-----+-----+---------+
    |        ?|        ?|         ?|         ?|    ?|    ?|       no|
    +---------+---------+----------+----------+-----+-----+---------+

    + Detail: 
        * Instance: 
        N/A

        * Loop: 
        +--------------------+---------+---------+-----------------+-----------+-----------+------+----------+
        |                    |  Latency (cycles) |    Iteration    |  Initiation Interval  | Trip |          |
        |      Loop Name     |   min   |   max   |     Latency     |  achieved |   target  | Count| Pipelined|
        +--------------------+---------+---------+-----------------+-----------+-----------+------+----------+
        |- NTT_STAGE_LOOP    |        ?|        ?|                ?|          -|          -|    12|        no|
        | + NTT_GROUP_LOOP   |        ?|        ?|  6 ~ 25769803758|          -|          -|     ?|        no|
        |- INTT_STAGE_LOOP   |        ?|        ?|                ?|          -|          -|    12|        no|
        | + INTT_GROUP_LOOP  |        ?|        ?|  6 ~ 25769803758|          -|          -|     ?|        no|
        +--------------------+---------+---------+-----------------+-----------+-----------+------+----------+

============================================================
+ Verbose Summary: Synthesis Manager
============================================================
InlineROM: 1
ExposeGlobal: 0
============================================================
+ Verbose Summary: CDFG Model
============================================================
IsTopModel: 1
ResetActiveHigh: 1
IsCombinational: 0
IsDatapathOnly: 0
HasWiredReturn: 1
HasMFsm: 0
HasVarLatency: 1
IsPipeline: 0
IsRtlPipelined: 0
IsInstanceOverlapped: 0
IsDontTouch: 0
HasImplIP: 0
IsGatedGlobalClock: 0


============================================================
+ Verbose Summary: Schedule
============================================================
* Number of FSM states : 49
* Pipeline : 0
* Dataflow Pipeline: 0

* FSM state transitions: 
1 --> 2 48 49 
2 --> 3 
3 --> 4 
4 --> 5 27 
5 --> 6 26 
6 --> 7 
7 --> 8 
8 --> 9 
9 --> 10 
10 --> 11 
11 --> 12 
12 --> 13 
13 --> 14 
14 --> 15 
15 --> 16 
16 --> 17 
17 --> 18 
18 --> 19 
19 --> 20 
20 --> 21 
21 --> 22 
22 --> 23 
23 --> 24 
24 --> 25 5 
25 --> 24 
26 --> 49 
27 --> 28 49 
28 --> 29 
29 --> 30 
30 --> 31 
31 --> 32 
32 --> 33 
33 --> 34 
34 --> 35 
35 --> 36 
36 --> 37 
37 --> 38 
38 --> 39 
39 --> 40 
40 --> 41 
41 --> 42 
42 --> 43 
43 --> 44 
44 --> 45 
45 --> 46 
46 --> 47 27 
47 --> 46 
48 --> 49 
49 --> 

* FSM state operations: 

State 1 <SV = 0> <Delay = 3.23>
ST_1 : Operation 50 [1/1] (1.00ns)   --->   "%ModIndex_read = read i32 @_ssdm_op_Read.s_axilite.i32, i32 %ModIndex" [Crypto.cpp:11]   --->   Operation 50 'read' 'ModIndex_read' <Predicate = true> <Delay = 1.00> <CoreInst = "s_axilite">   --->   Core 114 's_axilite' <Latency = 0> <II = 1> <Delay = 1.00> <Adapter> <Opcode : 'read' 'write'>
ST_1 : Operation 51 [1/1] (1.00ns)   --->   "%OP_read = read i32 @_ssdm_op_Read.s_axilite.i32, i32 %OP" [Crypto.cpp:11]   --->   Operation 51 'read' 'OP_read' <Predicate = true> <Delay = 1.00> <CoreInst = "s_axilite">   --->   Core 114 's_axilite' <Latency = 0> <II = 1> <Delay = 1.00> <Adapter> <Opcode : 'read' 'write'>
ST_1 : Operation 52 [1/1] (1.00ns)   --->   "%RAMSel_read = read i32 @_ssdm_op_Read.s_axilite.i32, i32 %RAMSel" [Crypto.cpp:11]   --->   Operation 52 'read' 'RAMSel_read' <Predicate = true> <Delay = 1.00> <CoreInst = "s_axilite">   --->   Core 114 's_axilite' <Latency = 0> <II = 1> <Delay = 1.00> <Adapter> <Opcode : 'read' 'write'>
ST_1 : Operation 53 [1/1] (0.00ns)   --->   "%trunc_ln11 = trunc i32 %ModIndex_read" [Crypto.cpp:11]   --->   Operation 53 'trunc' 'trunc_ln11' <Predicate = true> <Delay = 0.00>
ST_1 : Operation 54 [1/1] (0.00ns)   --->   "%spectopmodule_ln11 = spectopmodule void @_ssdm_op_SpecTopModule, void @empty_2" [Crypto.cpp:11]   --->   Operation 54 'spectopmodule' 'spectopmodule_ln11' <Predicate = true> <Delay = 0.00>
ST_1 : Operation 55 [1/1] (0.00ns)   --->   "%specinterface_ln0 = specinterface void @_ssdm_op_SpecInterface, i32 %DataIn, void @empty_16, i32 0, i32 0, void @empty_26, i32 0, i32 0, void @empty_17, void @empty_18, void @empty_26, i32 0, i32 0, i32 0, i32 0, void @empty_26, void @empty_26, i32 4294967295, i32 0"   --->   Operation 55 'specinterface' 'specinterface_ln0' <Predicate = true> <Delay = 0.00>
ST_1 : Operation 56 [1/1] (0.00ns)   --->   "%specinterface_ln0 = specinterface void @_ssdm_op_SpecInterface, i32 %DataIn, void @empty_24, i32 0, i32 0, void @empty_26, i32 1, i32 0, void @empty_26, void @empty_26, void @empty_26, i32 0, i32 0, i32 0, i32 0, void @empty_26, void @empty_26, i32 4294967295, i32 0"   --->   Operation 56 'specinterface' 'specinterface_ln0' <Predicate = true> <Delay = 0.00>
ST_1 : Operation 57 [1/1] (0.00ns)   --->   "%specmemcore_ln0 = specmemcore void @_ssdm_op_SpecMemCore, i32 %DataIn, i64 666, i64 207, i64 1"   --->   Operation 57 'specmemcore' 'specmemcore_ln0' <Predicate = true> <Delay = 0.00>
ST_1 : Operation 58 [1/1] (0.00ns)   --->   "%specbitsmap_ln0 = specbitsmap void @_ssdm_op_SpecBitsMap, i32 %DataIn"   --->   Operation 58 'specbitsmap' 'specbitsmap_ln0' <Predicate = true> <Delay = 0.00>
ST_1 : Operation 59 [1/1] (0.00ns)   --->   "%specbitsmap_ln0 = specbitsmap void @_ssdm_op_SpecBitsMap, i32 %RAMSel"   --->   Operation 59 'specbitsmap' 'specbitsmap_ln0' <Predicate = true> <Delay = 0.00>
ST_1 : Operation 60 [1/1] (0.00ns)   --->   "%specinterface_ln0 = specinterface void @_ssdm_op_SpecInterface, i32 %RAMSel, void @empty_16, i32 0, i32 0, void @empty_26, i32 0, i32 0, void @empty_17, void @empty_25, void @empty_26, i32 0, i32 0, i32 0, i32 0, void @empty_26, void @empty_26, i32 4294967295, i32 0"   --->   Operation 60 'specinterface' 'specinterface_ln0' <Predicate = true> <Delay = 0.00>
ST_1 : Operation 61 [1/1] (0.00ns)   --->   "%specinterface_ln0 = specinterface void @_ssdm_op_SpecInterface, i32 %RAMSel, void @empty_6, i32 0, i32 0, void @empty_26, i32 0, i32 0, void @empty_26, void @empty_26, void @empty_26, i32 0, i32 0, i32 0, i32 0, void @empty_26, void @empty_26, i32 4294967295, i32 0"   --->   Operation 61 'specinterface' 'specinterface_ln0' <Predicate = true> <Delay = 0.00>
ST_1 : Operation 62 [1/1] (0.00ns)   --->   "%specinterface_ln0 = specinterface void @_ssdm_op_SpecInterface, i32 %NTTTwiddleIn, void @empty_16, i32 0, i32 0, void @empty_26, i32 0, i32 0, void @empty_17, void @empty, void @empty_26, i32 0, i32 0, i32 0, i32 0, void @empty_26, void @empty_26, i32 4294967295, i32 0"   --->   Operation 62 'specinterface' 'specinterface_ln0' <Predicate = true> <Delay = 0.00>
ST_1 : Operation 63 [1/1] (0.00ns)   --->   "%specinterface_ln0 = specinterface void @_ssdm_op_SpecInterface, i32 %NTTTwiddleIn, void @empty_24, i32 0, i32 0, void @empty_26, i32 1, i32 0, void @empty_26, void @empty_26, void @empty_26, i32 0, i32 0, i32 0, i32 0, void @empty_26, void @empty_26, i32 4294967295, i32 0"   --->   Operation 63 'specinterface' 'specinterface_ln0' <Predicate = true> <Delay = 0.00>
ST_1 : Operation 64 [1/1] (0.00ns)   --->   "%specmemcore_ln0 = specmemcore void @_ssdm_op_SpecMemCore, i32 %NTTTwiddleIn, i64 666, i64 207, i64 1"   --->   Operation 64 'specmemcore' 'specmemcore_ln0' <Predicate = true> <Delay = 0.00>
ST_1 : Operation 65 [1/1] (0.00ns)   --->   "%specbitsmap_ln0 = specbitsmap void @_ssdm_op_SpecBitsMap, i32 %NTTTwiddleIn"   --->   Operation 65 'specbitsmap' 'specbitsmap_ln0' <Predicate = true> <Delay = 0.00>
ST_1 : Operation 66 [1/1] (0.00ns)   --->   "%specinterface_ln0 = specinterface void @_ssdm_op_SpecInterface, i32 %INTTTwiddleIn, void @empty_16, i32 0, i32 0, void @empty_26, i32 0, i32 0, void @empty_17, void @empty_5, void @empty_26, i32 0, i32 0, i32 0, i32 0, void @empty_26, void @empty_26, i32 4294967295, i32 0"   --->   Operation 66 'specinterface' 'specinterface_ln0' <Predicate = true> <Delay = 0.00>
ST_1 : Operation 67 [1/1] (0.00ns)   --->   "%specinterface_ln0 = specinterface void @_ssdm_op_SpecInterface, i32 %INTTTwiddleIn, void @empty_24, i32 0, i32 0, void @empty_26, i32 1, i32 0, void @empty_26, void @empty_26, void @empty_26, i32 0, i32 0, i32 0, i32 0, void @empty_26, void @empty_26, i32 4294967295, i32 0"   --->   Operation 67 'specinterface' 'specinterface_ln0' <Predicate = true> <Delay = 0.00>
ST_1 : Operation 68 [1/1] (0.00ns)   --->   "%specmemcore_ln0 = specmemcore void @_ssdm_op_SpecMemCore, i32 %INTTTwiddleIn, i64 666, i64 207, i64 1"   --->   Operation 68 'specmemcore' 'specmemcore_ln0' <Predicate = true> <Delay = 0.00>
ST_1 : Operation 69 [1/1] (0.00ns)   --->   "%specbitsmap_ln0 = specbitsmap void @_ssdm_op_SpecBitsMap, i32 %INTTTwiddleIn"   --->   Operation 69 'specbitsmap' 'specbitsmap_ln0' <Predicate = true> <Delay = 0.00>
ST_1 : Operation 70 [1/1] (0.00ns)   --->   "%specbitsmap_ln0 = specbitsmap void @_ssdm_op_SpecBitsMap, i32 %OP"   --->   Operation 70 'specbitsmap' 'specbitsmap_ln0' <Predicate = true> <Delay = 0.00>
ST_1 : Operation 71 [1/1] (0.00ns)   --->   "%specinterface_ln0 = specinterface void @_ssdm_op_SpecInterface, i32 %OP, void @empty_16, i32 0, i32 0, void @empty_26, i32 0, i32 0, void @empty_17, void @empty_4, void @empty_26, i32 0, i32 0, i32 0, i32 0, void @empty_26, void @empty_26, i32 4294967295, i32 0"   --->   Operation 71 'specinterface' 'specinterface_ln0' <Predicate = true> <Delay = 0.00>
ST_1 : Operation 72 [1/1] (0.00ns)   --->   "%specinterface_ln0 = specinterface void @_ssdm_op_SpecInterface, i32 %OP, void @empty_6, i32 0, i32 0, void @empty_26, i32 0, i32 0, void @empty_26, void @empty_26, void @empty_26, i32 0, i32 0, i32 0, i32 0, void @empty_26, void @empty_26, i32 4294967295, i32 0"   --->   Operation 72 'specinterface' 'specinterface_ln0' <Predicate = true> <Delay = 0.00>
ST_1 : Operation 73 [1/1] (0.00ns)   --->   "%specbitsmap_ln0 = specbitsmap void @_ssdm_op_SpecBitsMap, i32 %ModIndex"   --->   Operation 73 'specbitsmap' 'specbitsmap_ln0' <Predicate = true> <Delay = 0.00>
ST_1 : Operation 74 [1/1] (0.00ns)   --->   "%specinterface_ln0 = specinterface void @_ssdm_op_SpecInterface, i32 %ModIndex, void @empty_16, i32 0, i32 0, void @empty_26, i32 0, i32 0, void @empty_17, void @empty_3, void @empty_26, i32 0, i32 0, i32 0, i32 0, void @empty_26, void @empty_26, i32 4294967295, i32 0"   --->   Operation 74 'specinterface' 'specinterface_ln0' <Predicate = true> <Delay = 0.00>
ST_1 : Operation 75 [1/1] (0.00ns)   --->   "%specinterface_ln0 = specinterface void @_ssdm_op_SpecInterface, i32 %ModIndex, void @empty_6, i32 0, i32 0, void @empty_26, i32 0, i32 0, void @empty_26, void @empty_26, void @empty_26, i32 0, i32 0, i32 0, i32 0, void @empty_26, void @empty_26, i32 4294967295, i32 0"   --->   Operation 75 'specinterface' 'specinterface_ln0' <Predicate = true> <Delay = 0.00>
ST_1 : Operation 76 [1/1] (0.00ns)   --->   "%specinterface_ln0 = specinterface void @_ssdm_op_SpecInterface, i32 0, void @empty_16, i32 0, i32 0, void @empty_26, i32 0, i32 0, void @empty_17, void @empty_26, void @empty_26, i32 0, i32 0, i32 0, i32 0, void @empty_26, void @empty_26, i32 4294967295, i32 0"   --->   Operation 76 'specinterface' 'specinterface_ln0' <Predicate = true> <Delay = 0.00>
ST_1 : Operation 77 [1/1] (0.00ns)   --->   "%empty = trunc i32 %RAMSel_read" [Crypto.cpp:11]   --->   Operation 77 'trunc' 'empty' <Predicate = true> <Delay = 0.00>
ST_1 : Operation 78 [1/1] (0.00ns)   --->   "%DataRAM = alloca i64 1" [Crypto.cpp:22]   --->   Operation 78 'alloca' 'DataRAM' <Predicate = true> <Delay = 0.00>
ST_1 : Operation 79 [1/1] (0.00ns)   --->   "%DataRAM_1 = alloca i64 1" [Crypto.cpp:22]   --->   Operation 79 'alloca' 'DataRAM_1' <Predicate = true> <Delay = 0.00>
ST_1 : Operation 80 [1/1] (0.00ns)   --->   "%DataRAM_2 = alloca i64 1" [Crypto.cpp:22]   --->   Operation 80 'alloca' 'DataRAM_2' <Predicate = true> <Delay = 0.00>
ST_1 : Operation 81 [1/1] (0.00ns)   --->   "%DataRAM_3 = alloca i64 1" [Crypto.cpp:22]   --->   Operation 81 'alloca' 'DataRAM_3' <Predicate = true> <Delay = 0.00>
ST_1 : Operation 82 [1/1] (0.00ns)   --->   "%DataRAM_4 = alloca i64 1" [Crypto.cpp:22]   --->   Operation 82 'alloca' 'DataRAM_4' <Predicate = true> <Delay = 0.00>
ST_1 : Operation 83 [1/1] (0.00ns)   --->   "%DataRAM_5 = alloca i64 1" [Crypto.cpp:22]   --->   Operation 83 'alloca' 'DataRAM_5' <Predicate = true> <Delay = 0.00>
ST_1 : Operation 84 [1/1] (0.00ns)   --->   "%DataRAM_6 = alloca i64 1" [Crypto.cpp:22]   --->   Operation 84 'alloca' 'DataRAM_6' <Predicate = true> <Delay = 0.00>
ST_1 : Operation 85 [1/1] (0.00ns)   --->   "%DataRAM_7 = alloca i64 1" [Crypto.cpp:22]   --->   Operation 85 'alloca' 'DataRAM_7' <Predicate = true> <Delay = 0.00>
ST_1 : Operation 86 [1/1] (0.00ns)   --->   "%DataRAM_8 = alloca i64 1" [Crypto.cpp:22]   --->   Operation 86 'alloca' 'DataRAM_8' <Predicate = true> <Delay = 0.00>
ST_1 : Operation 87 [1/1] (0.00ns)   --->   "%DataRAM_9 = alloca i64 1" [Crypto.cpp:22]   --->   Operation 87 'alloca' 'DataRAM_9' <Predicate = true> <Delay = 0.00>
ST_1 : Operation 88 [1/1] (0.00ns)   --->   "%DataRAM_10 = alloca i64 1" [Crypto.cpp:22]   --->   Operation 88 'alloca' 'DataRAM_10' <Predicate = true> <Delay = 0.00>
ST_1 : Operation 89 [1/1] (0.00ns)   --->   "%DataRAM_11 = alloca i64 1" [Crypto.cpp:22]   --->   Operation 89 'alloca' 'DataRAM_11' <Predicate = true> <Delay = 0.00>
ST_1 : Operation 90 [1/1] (0.00ns)   --->   "%DataRAM_12 = alloca i64 1" [Crypto.cpp:22]   --->   Operation 90 'alloca' 'DataRAM_12' <Predicate = true> <Delay = 0.00>
ST_1 : Operation 91 [1/1] (0.00ns)   --->   "%DataRAM_13 = alloca i64 1" [Crypto.cpp:22]   --->   Operation 91 'alloca' 'DataRAM_13' <Predicate = true> <Delay = 0.00>
ST_1 : Operation 92 [1/1] (0.00ns)   --->   "%DataRAM_14 = alloca i64 1" [Crypto.cpp:22]   --->   Operation 92 'alloca' 'DataRAM_14' <Predicate = true> <Delay = 0.00>
ST_1 : Operation 93 [1/1] (0.00ns)   --->   "%DataRAM_15 = alloca i64 1" [Crypto.cpp:22]   --->   Operation 93 'alloca' 'DataRAM_15' <Predicate = true> <Delay = 0.00>
ST_1 : Operation 94 [1/1] (0.00ns)   --->   "%DataRAM_16 = alloca i64 1" [Crypto.cpp:22]   --->   Operation 94 'alloca' 'DataRAM_16' <Predicate = true> <Delay = 0.00>
ST_1 : Operation 95 [1/1] (0.00ns)   --->   "%DataRAM_17 = alloca i64 1" [Crypto.cpp:22]   --->   Operation 95 'alloca' 'DataRAM_17' <Predicate = true> <Delay = 0.00>
ST_1 : Operation 96 [1/1] (0.00ns)   --->   "%DataRAM_18 = alloca i64 1" [Crypto.cpp:22]   --->   Operation 96 'alloca' 'DataRAM_18' <Predicate = true> <Delay = 0.00>
ST_1 : Operation 97 [1/1] (0.00ns)   --->   "%DataRAM_19 = alloca i64 1" [Crypto.cpp:22]   --->   Operation 97 'alloca' 'DataRAM_19' <Predicate = true> <Delay = 0.00>
ST_1 : Operation 98 [1/1] (0.00ns)   --->   "%DataRAM_20 = alloca i64 1" [Crypto.cpp:22]   --->   Operation 98 'alloca' 'DataRAM_20' <Predicate = true> <Delay = 0.00>
ST_1 : Operation 99 [1/1] (0.00ns)   --->   "%DataRAM_21 = alloca i64 1" [Crypto.cpp:22]   --->   Operation 99 'alloca' 'DataRAM_21' <Predicate = true> <Delay = 0.00>
ST_1 : Operation 100 [1/1] (0.00ns)   --->   "%DataRAM_22 = alloca i64 1" [Crypto.cpp:22]   --->   Operation 100 'alloca' 'DataRAM_22' <Predicate = true> <Delay = 0.00>
ST_1 : Operation 101 [1/1] (0.00ns)   --->   "%DataRAM_23 = alloca i64 1" [Crypto.cpp:22]   --->   Operation 101 'alloca' 'DataRAM_23' <Predicate = true> <Delay = 0.00>
ST_1 : Operation 102 [1/1] (0.00ns)   --->   "%DataRAM_24 = alloca i64 1" [Crypto.cpp:22]   --->   Operation 102 'alloca' 'DataRAM_24' <Predicate = true> <Delay = 0.00>
ST_1 : Operation 103 [1/1] (0.00ns)   --->   "%DataRAM_25 = alloca i64 1" [Crypto.cpp:22]   --->   Operation 103 'alloca' 'DataRAM_25' <Predicate = true> <Delay = 0.00>
ST_1 : Operation 104 [1/1] (0.00ns)   --->   "%DataRAM_26 = alloca i64 1" [Crypto.cpp:22]   --->   Operation 104 'alloca' 'DataRAM_26' <Predicate = true> <Delay = 0.00>
ST_1 : Operation 105 [1/1] (0.00ns)   --->   "%DataRAM_27 = alloca i64 1" [Crypto.cpp:22]   --->   Operation 105 'alloca' 'DataRAM_27' <Predicate = true> <Delay = 0.00>
ST_1 : Operation 106 [1/1] (0.00ns)   --->   "%DataRAM_28 = alloca i64 1" [Crypto.cpp:22]   --->   Operation 106 'alloca' 'DataRAM_28' <Predicate = true> <Delay = 0.00>
ST_1 : Operation 107 [1/1] (0.00ns)   --->   "%DataRAM_29 = alloca i64 1" [Crypto.cpp:22]   --->   Operation 107 'alloca' 'DataRAM_29' <Predicate = true> <Delay = 0.00>
ST_1 : Operation 108 [1/1] (0.00ns)   --->   "%DataRAM_30 = alloca i64 1" [Crypto.cpp:22]   --->   Operation 108 'alloca' 'DataRAM_30' <Predicate = true> <Delay = 0.00>
ST_1 : Operation 109 [1/1] (0.00ns)   --->   "%DataRAM_31 = alloca i64 1" [Crypto.cpp:22]   --->   Operation 109 'alloca' 'DataRAM_31' <Predicate = true> <Delay = 0.00>
ST_1 : Operation 110 [1/1] (0.00ns)   --->   "%BitReverseData = alloca i64 1" [Crypto.cpp:28]   --->   Operation 110 'alloca' 'BitReverseData' <Predicate = true> <Delay = 0.00>
ST_1 : Operation 111 [1/1] (0.00ns)   --->   "%BitReverseData_1 = alloca i64 1" [Crypto.cpp:28]   --->   Operation 111 'alloca' 'BitReverseData_1' <Predicate = true> <Delay = 0.00>
ST_1 : Operation 112 [1/1] (0.00ns)   --->   "%BitReverseData_2 = alloca i64 1" [Crypto.cpp:28]   --->   Operation 112 'alloca' 'BitReverseData_2' <Predicate = true> <Delay = 0.00>
ST_1 : Operation 113 [1/1] (0.00ns)   --->   "%BitReverseData_3 = alloca i64 1" [Crypto.cpp:28]   --->   Operation 113 'alloca' 'BitReverseData_3' <Predicate = true> <Delay = 0.00>
ST_1 : Operation 114 [1/1] (0.00ns)   --->   "%BitReverseData_4 = alloca i64 1" [Crypto.cpp:28]   --->   Operation 114 'alloca' 'BitReverseData_4' <Predicate = true> <Delay = 0.00>
ST_1 : Operation 115 [1/1] (0.00ns)   --->   "%BitReverseData_5 = alloca i64 1" [Crypto.cpp:28]   --->   Operation 115 'alloca' 'BitReverseData_5' <Predicate = true> <Delay = 0.00>
ST_1 : Operation 116 [1/1] (0.00ns)   --->   "%BitReverseData_6 = alloca i64 1" [Crypto.cpp:28]   --->   Operation 116 'alloca' 'BitReverseData_6' <Predicate = true> <Delay = 0.00>
ST_1 : Operation 117 [1/1] (0.00ns)   --->   "%BitReverseData_7 = alloca i64 1" [Crypto.cpp:28]   --->   Operation 117 'alloca' 'BitReverseData_7' <Predicate = true> <Delay = 0.00>
ST_1 : Operation 118 [1/1] (0.00ns)   --->   "%BitReverseData_8 = alloca i64 1" [Crypto.cpp:28]   --->   Operation 118 'alloca' 'BitReverseData_8' <Predicate = true> <Delay = 0.00>
ST_1 : Operation 119 [1/1] (0.00ns)   --->   "%BitReverseData_9 = alloca i64 1" [Crypto.cpp:28]   --->   Operation 119 'alloca' 'BitReverseData_9' <Predicate = true> <Delay = 0.00>
ST_1 : Operation 120 [1/1] (0.00ns)   --->   "%BitReverseData_10 = alloca i64 1" [Crypto.cpp:28]   --->   Operation 120 'alloca' 'BitReverseData_10' <Predicate = true> <Delay = 0.00>
ST_1 : Operation 121 [1/1] (0.00ns)   --->   "%BitReverseData_11 = alloca i64 1" [Crypto.cpp:28]   --->   Operation 121 'alloca' 'BitReverseData_11' <Predicate = true> <Delay = 0.00>
ST_1 : Operation 122 [1/1] (0.00ns)   --->   "%BitReverseData_12 = alloca i64 1" [Crypto.cpp:28]   --->   Operation 122 'alloca' 'BitReverseData_12' <Predicate = true> <Delay = 0.00>
ST_1 : Operation 123 [1/1] (0.00ns)   --->   "%BitReverseData_13 = alloca i64 1" [Crypto.cpp:28]   --->   Operation 123 'alloca' 'BitReverseData_13' <Predicate = true> <Delay = 0.00>
ST_1 : Operation 124 [1/1] (0.00ns)   --->   "%BitReverseData_14 = alloca i64 1" [Crypto.cpp:28]   --->   Operation 124 'alloca' 'BitReverseData_14' <Predicate = true> <Delay = 0.00>
ST_1 : Operation 125 [1/1] (0.00ns)   --->   "%BitReverseData_15 = alloca i64 1" [Crypto.cpp:28]   --->   Operation 125 'alloca' 'BitReverseData_15' <Predicate = true> <Delay = 0.00>
ST_1 : Operation 126 [1/1] (0.00ns)   --->   "%NTTTWiddleRAM = alloca i64 1" [Crypto.cpp:31]   --->   Operation 126 'alloca' 'NTTTWiddleRAM' <Predicate = true> <Delay = 0.00>
ST_1 : Operation 127 [1/1] (0.00ns)   --->   "%NTTTWiddleRAM_1 = alloca i64 1" [Crypto.cpp:31]   --->   Operation 127 'alloca' 'NTTTWiddleRAM_1' <Predicate = true> <Delay = 0.00>
ST_1 : Operation 128 [1/1] (0.00ns)   --->   "%NTTTWiddleRAM_2 = alloca i64 1" [Crypto.cpp:31]   --->   Operation 128 'alloca' 'NTTTWiddleRAM_2' <Predicate = true> <Delay = 0.00>
ST_1 : Operation 129 [1/1] (0.00ns)   --->   "%NTTTWiddleRAM_3 = alloca i64 1" [Crypto.cpp:31]   --->   Operation 129 'alloca' 'NTTTWiddleRAM_3' <Predicate = true> <Delay = 0.00>
ST_1 : Operation 130 [1/1] (0.00ns)   --->   "%NTTTWiddleRAM_4 = alloca i64 1" [Crypto.cpp:31]   --->   Operation 130 'alloca' 'NTTTWiddleRAM_4' <Predicate = true> <Delay = 0.00>
ST_1 : Operation 131 [1/1] (0.00ns)   --->   "%NTTTWiddleRAM_5 = alloca i64 1" [Crypto.cpp:31]   --->   Operation 131 'alloca' 'NTTTWiddleRAM_5' <Predicate = true> <Delay = 0.00>
ST_1 : Operation 132 [1/1] (0.00ns)   --->   "%NTTTWiddleRAM_6 = alloca i64 1" [Crypto.cpp:31]   --->   Operation 132 'alloca' 'NTTTWiddleRAM_6' <Predicate = true> <Delay = 0.00>
ST_1 : Operation 133 [1/1] (0.00ns)   --->   "%NTTTWiddleRAM_7 = alloca i64 1" [Crypto.cpp:31]   --->   Operation 133 'alloca' 'NTTTWiddleRAM_7' <Predicate = true> <Delay = 0.00>
ST_1 : Operation 134 [1/1] (0.00ns)   --->   "%NTTTWiddleRAM_8 = alloca i64 1" [Crypto.cpp:31]   --->   Operation 134 'alloca' 'NTTTWiddleRAM_8' <Predicate = true> <Delay = 0.00>
ST_1 : Operation 135 [1/1] (0.00ns)   --->   "%NTTTWiddleRAM_9 = alloca i64 1" [Crypto.cpp:31]   --->   Operation 135 'alloca' 'NTTTWiddleRAM_9' <Predicate = true> <Delay = 0.00>
ST_1 : Operation 136 [1/1] (0.00ns)   --->   "%NTTTWiddleRAM_10 = alloca i64 1" [Crypto.cpp:31]   --->   Operation 136 'alloca' 'NTTTWiddleRAM_10' <Predicate = true> <Delay = 0.00>
ST_1 : Operation 137 [1/1] (0.00ns)   --->   "%NTTTWiddleRAM_11 = alloca i64 1" [Crypto.cpp:31]   --->   Operation 137 'alloca' 'NTTTWiddleRAM_11' <Predicate = true> <Delay = 0.00>
ST_1 : Operation 138 [1/1] (0.00ns)   --->   "%NTTTWiddleRAM_12 = alloca i64 1" [Crypto.cpp:31]   --->   Operation 138 'alloca' 'NTTTWiddleRAM_12' <Predicate = true> <Delay = 0.00>
ST_1 : Operation 139 [1/1] (0.00ns)   --->   "%NTTTWiddleRAM_13 = alloca i64 1" [Crypto.cpp:31]   --->   Operation 139 'alloca' 'NTTTWiddleRAM_13' <Predicate = true> <Delay = 0.00>
ST_1 : Operation 140 [1/1] (0.00ns)   --->   "%NTTTWiddleRAM_14 = alloca i64 1" [Crypto.cpp:31]   --->   Operation 140 'alloca' 'NTTTWiddleRAM_14' <Predicate = true> <Delay = 0.00>
ST_1 : Operation 141 [1/1] (0.00ns)   --->   "%NTTTWiddleRAM_15 = alloca i64 1" [Crypto.cpp:31]   --->   Operation 141 'alloca' 'NTTTWiddleRAM_15' <Predicate = true> <Delay = 0.00>
ST_1 : Operation 142 [1/1] (0.00ns)   --->   "%INTTTWiddleRAM = alloca i64 1" [Crypto.cpp:33]   --->   Operation 142 'alloca' 'INTTTWiddleRAM' <Predicate = true> <Delay = 0.00>
ST_1 : Operation 143 [1/1] (0.00ns)   --->   "%INTTTWiddleRAM_1 = alloca i64 1" [Crypto.cpp:33]   --->   Operation 143 'alloca' 'INTTTWiddleRAM_1' <Predicate = true> <Delay = 0.00>
ST_1 : Operation 144 [1/1] (0.00ns)   --->   "%INTTTWiddleRAM_2 = alloca i64 1" [Crypto.cpp:33]   --->   Operation 144 'alloca' 'INTTTWiddleRAM_2' <Predicate = true> <Delay = 0.00>
ST_1 : Operation 145 [1/1] (0.00ns)   --->   "%INTTTWiddleRAM_3 = alloca i64 1" [Crypto.cpp:33]   --->   Operation 145 'alloca' 'INTTTWiddleRAM_3' <Predicate = true> <Delay = 0.00>
ST_1 : Operation 146 [1/1] (0.00ns)   --->   "%INTTTWiddleRAM_4 = alloca i64 1" [Crypto.cpp:33]   --->   Operation 146 'alloca' 'INTTTWiddleRAM_4' <Predicate = true> <Delay = 0.00>
ST_1 : Operation 147 [1/1] (0.00ns)   --->   "%INTTTWiddleRAM_5 = alloca i64 1" [Crypto.cpp:33]   --->   Operation 147 'alloca' 'INTTTWiddleRAM_5' <Predicate = true> <Delay = 0.00>
ST_1 : Operation 148 [1/1] (0.00ns)   --->   "%INTTTWiddleRAM_6 = alloca i64 1" [Crypto.cpp:33]   --->   Operation 148 'alloca' 'INTTTWiddleRAM_6' <Predicate = true> <Delay = 0.00>
ST_1 : Operation 149 [1/1] (0.00ns)   --->   "%INTTTWiddleRAM_7 = alloca i64 1" [Crypto.cpp:33]   --->   Operation 149 'alloca' 'INTTTWiddleRAM_7' <Predicate = true> <Delay = 0.00>
ST_1 : Operation 150 [1/1] (0.00ns)   --->   "%INTTTWiddleRAM_8 = alloca i64 1" [Crypto.cpp:33]   --->   Operation 150 'alloca' 'INTTTWiddleRAM_8' <Predicate = true> <Delay = 0.00>
ST_1 : Operation 151 [1/1] (0.00ns)   --->   "%INTTTWiddleRAM_9 = alloca i64 1" [Crypto.cpp:33]   --->   Operation 151 'alloca' 'INTTTWiddleRAM_9' <Predicate = true> <Delay = 0.00>
ST_1 : Operation 152 [1/1] (0.00ns)   --->   "%INTTTWiddleRAM_10 = alloca i64 1" [Crypto.cpp:33]   --->   Operation 152 'alloca' 'INTTTWiddleRAM_10' <Predicate = true> <Delay = 0.00>
ST_1 : Operation 153 [1/1] (0.00ns)   --->   "%INTTTWiddleRAM_11 = alloca i64 1" [Crypto.cpp:33]   --->   Operation 153 'alloca' 'INTTTWiddleRAM_11' <Predicate = true> <Delay = 0.00>
ST_1 : Operation 154 [1/1] (0.00ns)   --->   "%INTTTWiddleRAM_12 = alloca i64 1" [Crypto.cpp:33]   --->   Operation 154 'alloca' 'INTTTWiddleRAM_12' <Predicate = true> <Delay = 0.00>
ST_1 : Operation 155 [1/1] (0.00ns)   --->   "%INTTTWiddleRAM_13 = alloca i64 1" [Crypto.cpp:33]   --->   Operation 155 'alloca' 'INTTTWiddleRAM_13' <Predicate = true> <Delay = 0.00>
ST_1 : Operation 156 [1/1] (0.00ns)   --->   "%INTTTWiddleRAM_14 = alloca i64 1" [Crypto.cpp:33]   --->   Operation 156 'alloca' 'INTTTWiddleRAM_14' <Predicate = true> <Delay = 0.00>
ST_1 : Operation 157 [1/1] (0.00ns)   --->   "%INTTTWiddleRAM_15 = alloca i64 1" [Crypto.cpp:33]   --->   Operation 157 'alloca' 'INTTTWiddleRAM_15' <Predicate = true> <Delay = 0.00>
ST_1 : Operation 158 [1/1] (2.23ns)   --->   "%switch_ln45 = switch i32 %OP_read, void %sw.epilog, i32 5, void %for.inc.preheader, i32 6, void %for.inc46.preheader, i32 7, void %for.inc63.preheader, i32 0, void %VITIS_LOOP_79_1, i32 1, void %POLY_SUB_LOOP, i32 2, void %for.inc117.preheader, i32 3, void %for.body.lr.ph.i.i.preheader, i32 4, void %for.body.lr.ph.i.i73.preheader" [Crypto.cpp:45]   --->   Operation 158 'switch' 'switch_ln45' <Predicate = true> <Delay = 2.23>
ST_1 : Operation 159 [1/1] (0.00ns)   --->   "%h_1 = alloca i32 1"   --->   Operation 159 'alloca' 'h_1' <Predicate = (OP_read == 4)> <Delay = 0.00>
ST_1 : Operation 160 [2/2] (0.00ns)   --->   "%call_ln11 = call void @Crypto_Pipeline_PERMUTE_LOOP1, i32 %DataRAM, i32 %DataRAM_1, i32 %DataRAM_2, i32 %DataRAM_3, i32 %DataRAM_4, i32 %DataRAM_5, i32 %DataRAM_6, i32 %DataRAM_7, i32 %DataRAM_8, i32 %DataRAM_9, i32 %DataRAM_10, i32 %DataRAM_11, i32 %DataRAM_12, i32 %DataRAM_13, i32 %DataRAM_14, i32 %DataRAM_15, i32 %DataRAM_16, i32 %DataRAM_17, i32 %DataRAM_18, i32 %DataRAM_19, i32 %DataRAM_20, i32 %DataRAM_21, i32 %DataRAM_22, i32 %DataRAM_23, i32 %DataRAM_24, i32 %DataRAM_25, i32 %DataRAM_26, i32 %DataRAM_27, i32 %DataRAM_28, i32 %DataRAM_29, i32 %DataRAM_30, i32 %DataRAM_31, i32 %BitReverseData, i32 %BitReverseData_1, i32 %BitReverseData_2, i32 %BitReverseData_3, i32 %BitReverseData_4, i32 %BitReverseData_5, i32 %BitReverseData_6, i32 %BitReverseData_7, i32 %BitReverseData_8, i32 %BitReverseData_9, i32 %BitReverseData_10, i32 %BitReverseData_11, i32 %BitReverseData_12, i32 %BitReverseData_13, i32 %BitReverseData_14, i32 %BitReverseData_15, i1 %empty" [Crypto.cpp:11]   --->   Operation 160 'call' 'call_ln11' <Predicate = (OP_read == 4)> <Delay = 0.00> <CoreType = "Generic">   --->   Core 0 '' <Latency = 0> <II = 1> <Delay = 1.00> <Generic> <Opcode : >
ST_1 : Operation 161 [1/1] (1.58ns)   --->   "%store_ln148 = store i32 2, i32 %h_1" [Crypto.cpp:148]   --->   Operation 161 'store' 'store_ln148' <Predicate = (OP_read == 4)> <Delay = 1.58>
ST_1 : Operation 162 [1/1] (0.00ns)   --->   "%h = alloca i32 1"   --->   Operation 162 'alloca' 'h' <Predicate = (OP_read == 3)> <Delay = 0.00>
ST_1 : Operation 163 [2/2] (0.00ns)   --->   "%call_ln11 = call void @Crypto_Pipeline_PERMUTE_LOOP, i32 %DataRAM, i32 %DataRAM_1, i32 %DataRAM_2, i32 %DataRAM_3, i32 %DataRAM_4, i32 %DataRAM_5, i32 %DataRAM_6, i32 %DataRAM_7, i32 %DataRAM_8, i32 %DataRAM_9, i32 %DataRAM_10, i32 %DataRAM_11, i32 %DataRAM_12, i32 %DataRAM_13, i32 %DataRAM_14, i32 %DataRAM_15, i32 %DataRAM_16, i32 %DataRAM_17, i32 %DataRAM_18, i32 %DataRAM_19, i32 %DataRAM_20, i32 %DataRAM_21, i32 %DataRAM_22, i32 %DataRAM_23, i32 %DataRAM_24, i32 %DataRAM_25, i32 %DataRAM_26, i32 %DataRAM_27, i32 %DataRAM_28, i32 %DataRAM_29, i32 %DataRAM_30, i32 %DataRAM_31, i32 %BitReverseData, i32 %BitReverseData_1, i32 %BitReverseData_2, i32 %BitReverseData_3, i32 %BitReverseData_4, i32 %BitReverseData_5, i32 %BitReverseData_6, i32 %BitReverseData_7, i32 %BitReverseData_8, i32 %BitReverseData_9, i32 %BitReverseData_10, i32 %BitReverseData_11, i32 %BitReverseData_12, i32 %BitReverseData_13, i32 %BitReverseData_14, i32 %BitReverseData_15, i1 %empty" [Crypto.cpp:11]   --->   Operation 163 'call' 'call_ln11' <Predicate = (OP_read == 3)> <Delay = 0.00> <CoreType = "Generic">   --->   Core 0 '' <Latency = 0> <II = 1> <Delay = 1.00> <Generic> <Opcode : >
ST_1 : Operation 164 [1/1] (1.58ns)   --->   "%store_ln114 = store i32 2, i32 %h" [Crypto.cpp:114]   --->   Operation 164 'store' 'store_ln114' <Predicate = (OP_read == 3)> <Delay = 1.58>
ST_1 : Operation 165 [2/2] (0.00ns)   --->   "%call_ln11 = call void @Crypto_Pipeline_POLY_MUL_LOOP, i2 %trunc_ln11, i32 %DataRAM, i32 %DataRAM_1, i32 %DataRAM_2, i32 %DataRAM_3, i32 %DataRAM_4, i32 %DataRAM_5, i32 %DataRAM_6, i32 %DataRAM_7, i32 %DataRAM_8, i32 %DataRAM_9, i32 %DataRAM_10, i32 %DataRAM_11, i32 %DataRAM_12, i32 %DataRAM_13, i32 %DataRAM_14, i32 %DataRAM_15, i32 %DataRAM_16, i32 %DataRAM_17, i32 %DataRAM_18, i32 %DataRAM_19, i32 %DataRAM_20, i32 %DataRAM_21, i32 %DataRAM_22, i32 %DataRAM_23, i32 %DataRAM_24, i32 %DataRAM_25, i32 %DataRAM_26, i32 %DataRAM_27, i32 %DataRAM_28, i32 %DataRAM_29, i32 %DataRAM_30, i32 %DataRAM_31" [Crypto.cpp:11]   --->   Operation 165 'call' 'call_ln11' <Predicate = (OP_read == 2)> <Delay = 0.00> <CoreType = "Generic">   --->   Core 0 '' <Latency = 0> <II = 1> <Delay = 1.00> <Generic> <Opcode : >
ST_1 : Operation 166 [1/1] (1.70ns)   --->   "%zext_ln1 = mux i31 @_ssdm_op_Mux.ap_auto.3i31.i2, i31 1073750017, i31 1073815553, i31 1073872897, i2 %trunc_ln11" [Crypto.cpp:88]   --->   Operation 166 'mux' 'zext_ln1' <Predicate = (OP_read == 1)> <Delay = 1.70> <CoreInst = "Multiplexer">   --->   Core 76 'Multiplexer' <Latency = 0> <II = 1> <Delay = 1.70> <FuncUnit> <Opcode : 'mux'> <InPorts = 2> <OutPorts = 1>
ST_1 : Operation 167 [2/2] (0.00ns)   --->   "%call_ln88 = call void @Crypto_Pipeline_POLY_SUB_LOOP, i32 %DataRAM_31, i32 %DataRAM_30, i32 %DataRAM_29, i32 %DataRAM_28, i32 %DataRAM_27, i32 %DataRAM_26, i32 %DataRAM_25, i32 %DataRAM_24, i32 %DataRAM_23, i32 %DataRAM_22, i32 %DataRAM_21, i32 %DataRAM_20, i32 %DataRAM_19, i32 %DataRAM_18, i32 %DataRAM_17, i32 %DataRAM_16, i32 %DataRAM_15, i32 %DataRAM_14, i32 %DataRAM_13, i32 %DataRAM_12, i32 %DataRAM_11, i32 %DataRAM_10, i32 %DataRAM_9, i32 %DataRAM_8, i32 %DataRAM_7, i32 %DataRAM_6, i32 %DataRAM_5, i32 %DataRAM_4, i32 %DataRAM_3, i32 %DataRAM_2, i32 %DataRAM_1, i32 %DataRAM, i31 %zext_ln1" [Crypto.cpp:88]   --->   Operation 167 'call' 'call_ln88' <Predicate = (OP_read == 1)> <Delay = 0.00> <CoreType = "Generic">   --->   Core 0 '' <Latency = 0> <II = 1> <Delay = 1.00> <Generic> <Opcode : >
ST_1 : Operation 168 [1/1] (1.70ns)   --->   "%zext_ln = mux i31 @_ssdm_op_Mux.ap_auto.3i31.i2, i31 1073750017, i31 1073815553, i31 1073872897, i2 %trunc_ln11" [Crypto.cpp:79]   --->   Operation 168 'mux' 'zext_ln' <Predicate = (OP_read == 0)> <Delay = 1.70> <CoreInst = "Multiplexer">   --->   Core 76 'Multiplexer' <Latency = 0> <II = 1> <Delay = 1.70> <FuncUnit> <Opcode : 'mux'> <InPorts = 2> <OutPorts = 1>
ST_1 : Operation 169 [2/2] (0.00ns)   --->   "%call_ln79 = call void @Crypto_Pipeline_VITIS_LOOP_79_1, i31 %zext_ln, i32 %DataRAM, i32 %DataRAM_1, i32 %DataRAM_2, i32 %DataRAM_3, i32 %DataRAM_4, i32 %DataRAM_5, i32 %DataRAM_6, i32 %DataRAM_7, i32 %DataRAM_8, i32 %DataRAM_9, i32 %DataRAM_10, i32 %DataRAM_11, i32 %DataRAM_12, i32 %DataRAM_13, i32 %DataRAM_14, i32 %DataRAM_15, i32 %DataRAM_16, i32 %DataRAM_17, i32 %DataRAM_18, i32 %DataRAM_19, i32 %DataRAM_20, i32 %DataRAM_21, i32 %DataRAM_22, i32 %DataRAM_23, i32 %DataRAM_24, i32 %DataRAM_25, i32 %DataRAM_26, i32 %DataRAM_27, i32 %DataRAM_28, i32 %DataRAM_29, i32 %DataRAM_30, i32 %DataRAM_31" [Crypto.cpp:79]   --->   Operation 169 'call' 'call_ln79' <Predicate = (OP_read == 0)> <Delay = 0.00> <CoreType = "Generic">   --->   Core 0 '' <Latency = 0> <II = 1> <Delay = 1.00> <Generic> <Opcode : >
ST_1 : Operation 170 [2/2] (0.00ns)   --->   "%call_ln0 = call void @Crypto_Pipeline_WRITE_TWIDDLE_LOOP, i32 %NTTTWiddleRAM, i32 %NTTTWiddleRAM_1, i32 %NTTTWiddleRAM_2, i32 %NTTTWiddleRAM_3, i32 %NTTTWiddleRAM_4, i32 %NTTTWiddleRAM_5, i32 %NTTTWiddleRAM_6, i32 %NTTTWiddleRAM_7, i32 %NTTTWiddleRAM_8, i32 %NTTTWiddleRAM_9, i32 %NTTTWiddleRAM_10, i32 %NTTTWiddleRAM_11, i32 %NTTTWiddleRAM_12, i32 %NTTTWiddleRAM_13, i32 %NTTTWiddleRAM_14, i32 %NTTTWiddleRAM_15, i32 %NTTTwiddleIn, i32 %INTTTWiddleRAM, i32 %INTTTWiddleRAM_1, i32 %INTTTWiddleRAM_2, i32 %INTTTWiddleRAM_3, i32 %INTTTWiddleRAM_4, i32 %INTTTWiddleRAM_5, i32 %INTTTWiddleRAM_6, i32 %INTTTWiddleRAM_7, i32 %INTTTWiddleRAM_8, i32 %INTTTWiddleRAM_9, i32 %INTTTWiddleRAM_10, i32 %INTTTWiddleRAM_11, i32 %INTTTWiddleRAM_12, i32 %INTTTWiddleRAM_13, i32 %INTTTWiddleRAM_14, i32 %INTTTWiddleRAM_15, i32 %INTTTwiddleIn"   --->   Operation 170 'call' 'call_ln0' <Predicate = (OP_read == 7)> <Delay = 0.00> <CoreType = "Generic">   --->   Core 0 '' <Latency = 0> <II = 1> <Delay = 1.00> <Generic> <Opcode : >
ST_1 : Operation 171 [2/2] (0.00ns)   --->   "%call_ln11 = call void @Crypto_Pipeline_READ_DATA_LOOP, i32 %DataRAM, i32 %DataRAM_1, i32 %DataRAM_2, i32 %DataRAM_3, i32 %DataRAM_4, i32 %DataRAM_5, i32 %DataRAM_6, i32 %DataRAM_7, i32 %DataRAM_8, i32 %DataRAM_9, i32 %DataRAM_10, i32 %DataRAM_11, i32 %DataRAM_12, i32 %DataRAM_13, i32 %DataRAM_14, i32 %DataRAM_15, i32 %DataRAM_16, i32 %DataRAM_17, i32 %DataRAM_18, i32 %DataRAM_19, i32 %DataRAM_20, i32 %DataRAM_21, i32 %DataRAM_22, i32 %DataRAM_23, i32 %DataRAM_24, i32 %DataRAM_25, i32 %DataRAM_26, i32 %DataRAM_27, i32 %DataRAM_28, i32 %DataRAM_29, i32 %DataRAM_30, i32 %DataRAM_31, i1 %empty, i32 %DataIn" [Crypto.cpp:11]   --->   Operation 171 'call' 'call_ln11' <Predicate = (OP_read == 6)> <Delay = 0.00> <CoreType = "Generic">   --->   Core 0 '' <Latency = 0> <II = 1> <Delay = 1.00> <Generic> <Opcode : >
ST_1 : Operation 172 [2/2] (0.00ns)   --->   "%call_ln11 = call void @Crypto_Pipeline_WRITE_DATA_LOOP, i32 %DataRAM, i32 %DataRAM_1, i32 %DataRAM_2, i32 %DataRAM_3, i32 %DataRAM_4, i32 %DataRAM_5, i32 %DataRAM_6, i32 %DataRAM_7, i32 %DataRAM_8, i32 %DataRAM_9, i32 %DataRAM_10, i32 %DataRAM_11, i32 %DataRAM_12, i32 %DataRAM_13, i32 %DataRAM_14, i32 %DataRAM_15, i32 %DataRAM_16, i32 %DataRAM_17, i32 %DataRAM_18, i32 %DataRAM_19, i32 %DataRAM_20, i32 %DataRAM_21, i32 %DataRAM_22, i32 %DataRAM_23, i32 %DataRAM_24, i32 %DataRAM_25, i32 %DataRAM_26, i32 %DataRAM_27, i32 %DataRAM_28, i32 %DataRAM_29, i32 %DataRAM_30, i32 %DataRAM_31, i32 %DataIn, i1 %empty" [Crypto.cpp:11]   --->   Operation 172 'call' 'call_ln11' <Predicate = (OP_read == 5)> <Delay = 0.00> <CoreType = "Generic">   --->   Core 0 '' <Latency = 0> <II = 1> <Delay = 1.00> <Generic> <Opcode : >

State 2 <SV = 1> <Delay = 0.00>
ST_2 : Operation 173 [1/2] (0.00ns)   --->   "%call_ln11 = call void @Crypto_Pipeline_PERMUTE_LOOP1, i32 %DataRAM, i32 %DataRAM_1, i32 %DataRAM_2, i32 %DataRAM_3, i32 %DataRAM_4, i32 %DataRAM_5, i32 %DataRAM_6, i32 %DataRAM_7, i32 %DataRAM_8, i32 %DataRAM_9, i32 %DataRAM_10, i32 %DataRAM_11, i32 %DataRAM_12, i32 %DataRAM_13, i32 %DataRAM_14, i32 %DataRAM_15, i32 %DataRAM_16, i32 %DataRAM_17, i32 %DataRAM_18, i32 %DataRAM_19, i32 %DataRAM_20, i32 %DataRAM_21, i32 %DataRAM_22, i32 %DataRAM_23, i32 %DataRAM_24, i32 %DataRAM_25, i32 %DataRAM_26, i32 %DataRAM_27, i32 %DataRAM_28, i32 %DataRAM_29, i32 %DataRAM_30, i32 %DataRAM_31, i32 %BitReverseData, i32 %BitReverseData_1, i32 %BitReverseData_2, i32 %BitReverseData_3, i32 %BitReverseData_4, i32 %BitReverseData_5, i32 %BitReverseData_6, i32 %BitReverseData_7, i32 %BitReverseData_8, i32 %BitReverseData_9, i32 %BitReverseData_10, i32 %BitReverseData_11, i32 %BitReverseData_12, i32 %BitReverseData_13, i32 %BitReverseData_14, i32 %BitReverseData_15, i1 %empty" [Crypto.cpp:11]   --->   Operation 173 'call' 'call_ln11' <Predicate = (OP_read == 4)> <Delay = 0.00> <CoreType = "Generic">   --->   Core 0 '' <Latency = 0> <II = 1> <Delay = 1.00> <Generic> <Opcode : >
ST_2 : Operation 174 [1/2] (0.00ns)   --->   "%call_ln11 = call void @Crypto_Pipeline_PERMUTE_LOOP, i32 %DataRAM, i32 %DataRAM_1, i32 %DataRAM_2, i32 %DataRAM_3, i32 %DataRAM_4, i32 %DataRAM_5, i32 %DataRAM_6, i32 %DataRAM_7, i32 %DataRAM_8, i32 %DataRAM_9, i32 %DataRAM_10, i32 %DataRAM_11, i32 %DataRAM_12, i32 %DataRAM_13, i32 %DataRAM_14, i32 %DataRAM_15, i32 %DataRAM_16, i32 %DataRAM_17, i32 %DataRAM_18, i32 %DataRAM_19, i32 %DataRAM_20, i32 %DataRAM_21, i32 %DataRAM_22, i32 %DataRAM_23, i32 %DataRAM_24, i32 %DataRAM_25, i32 %DataRAM_26, i32 %DataRAM_27, i32 %DataRAM_28, i32 %DataRAM_29, i32 %DataRAM_30, i32 %DataRAM_31, i32 %BitReverseData, i32 %BitReverseData_1, i32 %BitReverseData_2, i32 %BitReverseData_3, i32 %BitReverseData_4, i32 %BitReverseData_5, i32 %BitReverseData_6, i32 %BitReverseData_7, i32 %BitReverseData_8, i32 %BitReverseData_9, i32 %BitReverseData_10, i32 %BitReverseData_11, i32 %BitReverseData_12, i32 %BitReverseData_13, i32 %BitReverseData_14, i32 %BitReverseData_15, i1 %empty" [Crypto.cpp:11]   --->   Operation 174 'call' 'call_ln11' <Predicate = (OP_read == 3)> <Delay = 0.00> <CoreType = "Generic">   --->   Core 0 '' <Latency = 0> <II = 1> <Delay = 1.00> <Generic> <Opcode : >

State 3 <SV = 2> <Delay = 0.00>
ST_3 : Operation 175 [2/2] (0.00ns)   --->   "%call_ln11 = call void @Crypto_Pipeline_INTT_PERMUTE_LOOP, i32 %BitReverseData, i32 %BitReverseData_1, i32 %BitReverseData_2, i32 %BitReverseData_3, i32 %BitReverseData_4, i32 %BitReverseData_5, i32 %BitReverseData_6, i32 %BitReverseData_7, i32 %BitReverseData_8, i32 %BitReverseData_9, i32 %BitReverseData_10, i32 %BitReverseData_11, i32 %BitReverseData_12, i32 %BitReverseData_13, i32 %BitReverseData_14, i32 %BitReverseData_15, i32 %DataRAM, i32 %DataRAM_1, i32 %DataRAM_2, i32 %DataRAM_3, i32 %DataRAM_4, i32 %DataRAM_5, i32 %DataRAM_6, i32 %DataRAM_7, i32 %DataRAM_8, i32 %DataRAM_9, i32 %DataRAM_10, i32 %DataRAM_11, i32 %DataRAM_12, i32 %DataRAM_13, i32 %DataRAM_14, i32 %DataRAM_15, i32 %DataRAM_16, i32 %DataRAM_17, i32 %DataRAM_18, i32 %DataRAM_19, i32 %DataRAM_20, i32 %DataRAM_21, i32 %DataRAM_22, i32 %DataRAM_23, i32 %DataRAM_24, i32 %DataRAM_25, i32 %DataRAM_26, i32 %DataRAM_27, i32 %DataRAM_28, i32 %DataRAM_29, i32 %DataRAM_30, i32 %DataRAM_31, i1 %empty" [Crypto.cpp:11]   --->   Operation 175 'call' 'call_ln11' <Predicate = (OP_read == 4)> <Delay = 0.00> <CoreType = "Generic">   --->   Core 0 '' <Latency = 0> <II = 1> <Delay = 1.00> <Generic> <Opcode : >
ST_3 : Operation 176 [2/2] (0.00ns)   --->   "%call_ln11 = call void @Crypto_Pipeline_NTT_PERMUTE_LOOP, i32 %BitReverseData, i32 %BitReverseData_1, i32 %BitReverseData_2, i32 %BitReverseData_3, i32 %BitReverseData_4, i32 %BitReverseData_5, i32 %BitReverseData_6, i32 %BitReverseData_7, i32 %BitReverseData_8, i32 %BitReverseData_9, i32 %BitReverseData_10, i32 %BitReverseData_11, i32 %BitReverseData_12, i32 %BitReverseData_13, i32 %BitReverseData_14, i32 %BitReverseData_15, i32 %DataRAM, i32 %DataRAM_1, i32 %DataRAM_2, i32 %DataRAM_3, i32 %DataRAM_4, i32 %DataRAM_5, i32 %DataRAM_6, i32 %DataRAM_7, i32 %DataRAM_8, i32 %DataRAM_9, i32 %DataRAM_10, i32 %DataRAM_11, i32 %DataRAM_12, i32 %DataRAM_13, i32 %DataRAM_14, i32 %DataRAM_15, i32 %DataRAM_16, i32 %DataRAM_17, i32 %DataRAM_18, i32 %DataRAM_19, i32 %DataRAM_20, i32 %DataRAM_21, i32 %DataRAM_22, i32 %DataRAM_23, i32 %DataRAM_24, i32 %DataRAM_25, i32 %DataRAM_26, i32 %DataRAM_27, i32 %DataRAM_28, i32 %DataRAM_29, i32 %DataRAM_30, i32 %DataRAM_31, i1 %empty" [Crypto.cpp:11]   --->   Operation 176 'call' 'call_ln11' <Predicate = (OP_read == 3)> <Delay = 0.00> <CoreType = "Generic">   --->   Core 0 '' <Latency = 0> <II = 1> <Delay = 1.00> <Generic> <Opcode : >

State 4 <SV = 3> <Delay = 1.70>
ST_4 : Operation 177 [1/2] (0.00ns)   --->   "%call_ln11 = call void @Crypto_Pipeline_INTT_PERMUTE_LOOP, i32 %BitReverseData, i32 %BitReverseData_1, i32 %BitReverseData_2, i32 %BitReverseData_3, i32 %BitReverseData_4, i32 %BitReverseData_5, i32 %BitReverseData_6, i32 %BitReverseData_7, i32 %BitReverseData_8, i32 %BitReverseData_9, i32 %BitReverseData_10, i32 %BitReverseData_11, i32 %BitReverseData_12, i32 %BitReverseData_13, i32 %BitReverseData_14, i32 %BitReverseData_15, i32 %DataRAM, i32 %DataRAM_1, i32 %DataRAM_2, i32 %DataRAM_3, i32 %DataRAM_4, i32 %DataRAM_5, i32 %DataRAM_6, i32 %DataRAM_7, i32 %DataRAM_8, i32 %DataRAM_9, i32 %DataRAM_10, i32 %DataRAM_11, i32 %DataRAM_12, i32 %DataRAM_13, i32 %DataRAM_14, i32 %DataRAM_15, i32 %DataRAM_16, i32 %DataRAM_17, i32 %DataRAM_18, i32 %DataRAM_19, i32 %DataRAM_20, i32 %DataRAM_21, i32 %DataRAM_22, i32 %DataRAM_23, i32 %DataRAM_24, i32 %DataRAM_25, i32 %DataRAM_26, i32 %DataRAM_27, i32 %DataRAM_28, i32 %DataRAM_29, i32 %DataRAM_30, i32 %DataRAM_31, i1 %empty" [Crypto.cpp:11]   --->   Operation 177 'call' 'call_ln11' <Predicate = (OP_read == 4)> <Delay = 0.00> <CoreType = "Generic">   --->   Core 0 '' <Latency = 0> <II = 1> <Delay = 1.00> <Generic> <Opcode : >
ST_4 : Operation 178 [1/1] (1.70ns)   --->   "%zext_ln3 = mux i31 @_ssdm_op_Mux.ap_auto.3i31.i2, i31 1073750017, i31 1073815553, i31 1073872897, i2 %trunc_ln11" [Crypto.cpp:148]   --->   Operation 178 'mux' 'zext_ln3' <Predicate = (OP_read == 4)> <Delay = 1.70> <CoreInst = "Multiplexer">   --->   Core 76 'Multiplexer' <Latency = 0> <II = 1> <Delay = 1.70> <FuncUnit> <Opcode : 'mux'> <InPorts = 2> <OutPorts = 1>
ST_4 : Operation 179 [1/1] (0.00ns)   --->   "%br_ln148 = br void %for.cond204" [Crypto.cpp:148]   --->   Operation 179 'br' 'br_ln148' <Predicate = (OP_read == 4)> <Delay = 0.00>
ST_4 : Operation 180 [1/2] (0.00ns)   --->   "%call_ln11 = call void @Crypto_Pipeline_NTT_PERMUTE_LOOP, i32 %BitReverseData, i32 %BitReverseData_1, i32 %BitReverseData_2, i32 %BitReverseData_3, i32 %BitReverseData_4, i32 %BitReverseData_5, i32 %BitReverseData_6, i32 %BitReverseData_7, i32 %BitReverseData_8, i32 %BitReverseData_9, i32 %BitReverseData_10, i32 %BitReverseData_11, i32 %BitReverseData_12, i32 %BitReverseData_13, i32 %BitReverseData_14, i32 %BitReverseData_15, i32 %DataRAM, i32 %DataRAM_1, i32 %DataRAM_2, i32 %DataRAM_3, i32 %DataRAM_4, i32 %DataRAM_5, i32 %DataRAM_6, i32 %DataRAM_7, i32 %DataRAM_8, i32 %DataRAM_9, i32 %DataRAM_10, i32 %DataRAM_11, i32 %DataRAM_12, i32 %DataRAM_13, i32 %DataRAM_14, i32 %DataRAM_15, i32 %DataRAM_16, i32 %DataRAM_17, i32 %DataRAM_18, i32 %DataRAM_19, i32 %DataRAM_20, i32 %DataRAM_21, i32 %DataRAM_22, i32 %DataRAM_23, i32 %DataRAM_24, i32 %DataRAM_25, i32 %DataRAM_26, i32 %DataRAM_27, i32 %DataRAM_28, i32 %DataRAM_29, i32 %DataRAM_30, i32 %DataRAM_31, i1 %empty" [Crypto.cpp:11]   --->   Operation 180 'call' 'call_ln11' <Predicate = (OP_read == 3)> <Delay = 0.00> <CoreType = "Generic">   --->   Core 0 '' <Latency = 0> <II = 1> <Delay = 1.00> <Generic> <Opcode : >
ST_4 : Operation 181 [1/1] (1.70ns)   --->   "%zext_ln2 = mux i31 @_ssdm_op_Mux.ap_auto.3i31.i2, i31 1073750017, i31 1073815553, i31 1073872897, i2 %trunc_ln11" [Crypto.cpp:114]   --->   Operation 181 'mux' 'zext_ln2' <Predicate = (OP_read == 3)> <Delay = 1.70> <CoreInst = "Multiplexer">   --->   Core 76 'Multiplexer' <Latency = 0> <II = 1> <Delay = 1.70> <FuncUnit> <Opcode : 'mux'> <InPorts = 2> <OutPorts = 1>
ST_4 : Operation 182 [1/1] (0.00ns)   --->   "%br_ln114 = br void %for.cond138" [Crypto.cpp:114]   --->   Operation 182 'br' 'br_ln114' <Predicate = (OP_read == 3)> <Delay = 0.00>

State 5 <SV = 4> <Delay = 4.13>
ST_5 : Operation 183 [1/1] (0.00ns)   --->   "%h_3 = load i32 %h_1" [Crypto.cpp:148]   --->   Operation 183 'load' 'h_3' <Predicate = true> <Delay = 0.00>
ST_5 : Operation 184 [1/1] (2.55ns)   --->   "%icmp_ln148 = icmp_slt  i32 %h_3, i32 4097" [Crypto.cpp:148]   --->   Operation 184 'icmp' 'icmp_ln148' <Predicate = true> <Delay = 2.55> <CoreInst = "Cmp">   --->   Core 9 'Cmp' <Latency = 0> <II = 1> <Delay = 2.55> <FuncUnit> <Opcode : 'icmp'> <InPorts = 2> <OutPorts = 1>
ST_5 : Operation 185 [1/1] (0.00ns)   --->   "%br_ln148 = br i1 %icmp_ln148, void %for.end260, void %INTT_GROUP_LOOP" [Crypto.cpp:148]   --->   Operation 185 'br' 'br_ln148' <Predicate = true> <Delay = 0.00>
ST_5 : Operation 186 [19/19] (4.13ns)   --->   "%ut_1 = sdiv i32 4096, i32 %h_3" [Crypto.cpp:150]   --->   Operation 186 'sdiv' 'ut_1' <Predicate = (icmp_ln148)> <Delay = 4.13> <CoreInst = "DivnS_SEQ">   --->   Core 7 'DivnS_SEQ' <Latency = 18> <II = 11> <Delay = 4.13> <FuncUnit> <Opcode : 'sdiv' 'srem' 'udiv' 'urem'> <InPorts = 2> <OutPorts = 1>
ST_5 : Operation 187 [1/1] (1.70ns)   --->   "%n_inv = mux i19 @_ssdm_op_Mux.ap_auto.3i19.i2, i19 270335, i19 335855, i19 393185, i2 %trunc_ln11" [Crypto.cpp:171]   --->   Operation 187 'mux' 'n_inv' <Predicate = (!icmp_ln148)> <Delay = 1.70> <CoreInst = "Multiplexer">   --->   Core 76 'Multiplexer' <Latency = 0> <II = 1> <Delay = 1.70> <FuncUnit> <Opcode : 'mux'> <InPorts = 2> <OutPorts = 1>
ST_5 : Operation 188 [2/2] (0.00ns)   --->   "%call_ln171 = call void @Crypto_Pipeline_MUL_INV_LOOP, i19 %n_inv, i2 %trunc_ln11, i32 %DataRAM, i32 %DataRAM_1, i32 %DataRAM_2, i32 %DataRAM_3, i32 %DataRAM_4, i32 %DataRAM_5, i32 %DataRAM_6, i32 %DataRAM_7, i32 %DataRAM_8, i32 %DataRAM_9, i32 %DataRAM_10, i32 %DataRAM_11, i32 %DataRAM_12, i32 %DataRAM_13, i32 %DataRAM_14, i32 %DataRAM_15, i32 %DataRAM_16, i32 %DataRAM_17, i32 %DataRAM_18, i32 %DataRAM_19, i32 %DataRAM_20, i32 %DataRAM_21, i32 %DataRAM_22, i32 %DataRAM_23, i32 %DataRAM_24, i32 %DataRAM_25, i32 %DataRAM_26, i32 %DataRAM_27, i32 %DataRAM_28, i32 %DataRAM_29, i32 %DataRAM_30, i32 %DataRAM_31, i1 %empty" [Crypto.cpp:171]   --->   Operation 188 'call' 'call_ln171' <Predicate = (!icmp_ln148)> <Delay = 0.00> <CoreType = "Generic">   --->   Core 0 '' <Latency = 0> <II = 1> <Delay = 1.00> <Generic> <Opcode : >

State 6 <SV = 5> <Delay = 4.13>
ST_6 : Operation 189 [18/19] (4.13ns)   --->   "%ut_1 = sdiv i32 4096, i32 %h_3" [Crypto.cpp:150]   --->   Operation 189 'sdiv' 'ut_1' <Predicate = true> <Delay = 4.13> <CoreInst = "DivnS_SEQ">   --->   Core 7 'DivnS_SEQ' <Latency = 18> <II = 11> <Delay = 4.13> <FuncUnit> <Opcode : 'sdiv' 'srem' 'udiv' 'urem'> <InPorts = 2> <OutPorts = 1>

State 7 <SV = 6> <Delay = 4.13>
ST_7 : Operation 190 [17/19] (4.13ns)   --->   "%ut_1 = sdiv i32 4096, i32 %h_3" [Crypto.cpp:150]   --->   Operation 190 'sdiv' 'ut_1' <Predicate = true> <Delay = 4.13> <CoreInst = "DivnS_SEQ">   --->   Core 7 'DivnS_SEQ' <Latency = 18> <II = 11> <Delay = 4.13> <FuncUnit> <Opcode : 'sdiv' 'srem' 'udiv' 'urem'> <InPorts = 2> <OutPorts = 1>

State 8 <SV = 7> <Delay = 4.13>
ST_8 : Operation 191 [16/19] (4.13ns)   --->   "%ut_1 = sdiv i32 4096, i32 %h_3" [Crypto.cpp:150]   --->   Operation 191 'sdiv' 'ut_1' <Predicate = true> <Delay = 4.13> <CoreInst = "DivnS_SEQ">   --->   Core 7 'DivnS_SEQ' <Latency = 18> <II = 11> <Delay = 4.13> <FuncUnit> <Opcode : 'sdiv' 'srem' 'udiv' 'urem'> <InPorts = 2> <OutPorts = 1>

State 9 <SV = 8> <Delay = 4.13>
ST_9 : Operation 192 [15/19] (4.13ns)   --->   "%ut_1 = sdiv i32 4096, i32 %h_3" [Crypto.cpp:150]   --->   Operation 192 'sdiv' 'ut_1' <Predicate = true> <Delay = 4.13> <CoreInst = "DivnS_SEQ">   --->   Core 7 'DivnS_SEQ' <Latency = 18> <II = 11> <Delay = 4.13> <FuncUnit> <Opcode : 'sdiv' 'srem' 'udiv' 'urem'> <InPorts = 2> <OutPorts = 1>

State 10 <SV = 9> <Delay = 4.13>
ST_10 : Operation 193 [14/19] (4.13ns)   --->   "%ut_1 = sdiv i32 4096, i32 %h_3" [Crypto.cpp:150]   --->   Operation 193 'sdiv' 'ut_1' <Predicate = true> <Delay = 4.13> <CoreInst = "DivnS_SEQ">   --->   Core 7 'DivnS_SEQ' <Latency = 18> <II = 11> <Delay = 4.13> <FuncUnit> <Opcode : 'sdiv' 'srem' 'udiv' 'urem'> <InPorts = 2> <OutPorts = 1>

State 11 <SV = 10> <Delay = 4.13>
ST_11 : Operation 194 [13/19] (4.13ns)   --->   "%ut_1 = sdiv i32 4096, i32 %h_3" [Crypto.cpp:150]   --->   Operation 194 'sdiv' 'ut_1' <Predicate = true> <Delay = 4.13> <CoreInst = "DivnS_SEQ">   --->   Core 7 'DivnS_SEQ' <Latency = 18> <II = 11> <Delay = 4.13> <FuncUnit> <Opcode : 'sdiv' 'srem' 'udiv' 'urem'> <InPorts = 2> <OutPorts = 1>

State 12 <SV = 11> <Delay = 4.13>
ST_12 : Operation 195 [12/19] (4.13ns)   --->   "%ut_1 = sdiv i32 4096, i32 %h_3" [Crypto.cpp:150]   --->   Operation 195 'sdiv' 'ut_1' <Predicate = true> <Delay = 4.13> <CoreInst = "DivnS_SEQ">   --->   Core 7 'DivnS_SEQ' <Latency = 18> <II = 11> <Delay = 4.13> <FuncUnit> <Opcode : 'sdiv' 'srem' 'udiv' 'urem'> <InPorts = 2> <OutPorts = 1>

State 13 <SV = 12> <Delay = 4.13>
ST_13 : Operation 196 [11/19] (4.13ns)   --->   "%ut_1 = sdiv i32 4096, i32 %h_3" [Crypto.cpp:150]   --->   Operation 196 'sdiv' 'ut_1' <Predicate = true> <Delay = 4.13> <CoreInst = "DivnS_SEQ">   --->   Core 7 'DivnS_SEQ' <Latency = 18> <II = 11> <Delay = 4.13> <FuncUnit> <Opcode : 'sdiv' 'srem' 'udiv' 'urem'> <InPorts = 2> <OutPorts = 1>

State 14 <SV = 13> <Delay = 4.13>
ST_14 : Operation 197 [10/19] (4.13ns)   --->   "%ut_1 = sdiv i32 4096, i32 %h_3" [Crypto.cpp:150]   --->   Operation 197 'sdiv' 'ut_1' <Predicate = true> <Delay = 4.13> <CoreInst = "DivnS_SEQ">   --->   Core 7 'DivnS_SEQ' <Latency = 18> <II = 11> <Delay = 4.13> <FuncUnit> <Opcode : 'sdiv' 'srem' 'udiv' 'urem'> <InPorts = 2> <OutPorts = 1>

State 15 <SV = 14> <Delay = 4.13>
ST_15 : Operation 198 [9/19] (4.13ns)   --->   "%ut_1 = sdiv i32 4096, i32 %h_3" [Crypto.cpp:150]   --->   Operation 198 'sdiv' 'ut_1' <Predicate = true> <Delay = 4.13> <CoreInst = "DivnS_SEQ">   --->   Core 7 'DivnS_SEQ' <Latency = 18> <II = 11> <Delay = 4.13> <FuncUnit> <Opcode : 'sdiv' 'srem' 'udiv' 'urem'> <InPorts = 2> <OutPorts = 1>

State 16 <SV = 15> <Delay = 4.13>
ST_16 : Operation 199 [8/19] (4.13ns)   --->   "%ut_1 = sdiv i32 4096, i32 %h_3" [Crypto.cpp:150]   --->   Operation 199 'sdiv' 'ut_1' <Predicate = true> <Delay = 4.13> <CoreInst = "DivnS_SEQ">   --->   Core 7 'DivnS_SEQ' <Latency = 18> <II = 11> <Delay = 4.13> <FuncUnit> <Opcode : 'sdiv' 'srem' 'udiv' 'urem'> <InPorts = 2> <OutPorts = 1>

State 17 <SV = 16> <Delay = 4.13>
ST_17 : Operation 200 [7/19] (4.13ns)   --->   "%ut_1 = sdiv i32 4096, i32 %h_3" [Crypto.cpp:150]   --->   Operation 200 'sdiv' 'ut_1' <Predicate = true> <Delay = 4.13> <CoreInst = "DivnS_SEQ">   --->   Core 7 'DivnS_SEQ' <Latency = 18> <II = 11> <Delay = 4.13> <FuncUnit> <Opcode : 'sdiv' 'srem' 'udiv' 'urem'> <InPorts = 2> <OutPorts = 1>

State 18 <SV = 17> <Delay = 4.13>
ST_18 : Operation 201 [6/19] (4.13ns)   --->   "%ut_1 = sdiv i32 4096, i32 %h_3" [Crypto.cpp:150]   --->   Operation 201 'sdiv' 'ut_1' <Predicate = true> <Delay = 4.13> <CoreInst = "DivnS_SEQ">   --->   Core 7 'DivnS_SEQ' <Latency = 18> <II = 11> <Delay = 4.13> <FuncUnit> <Opcode : 'sdiv' 'srem' 'udiv' 'urem'> <InPorts = 2> <OutPorts = 1>

State 19 <SV = 18> <Delay = 4.13>
ST_19 : Operation 202 [5/19] (4.13ns)   --->   "%ut_1 = sdiv i32 4096, i32 %h_3" [Crypto.cpp:150]   --->   Operation 202 'sdiv' 'ut_1' <Predicate = true> <Delay = 4.13> <CoreInst = "DivnS_SEQ">   --->   Core 7 'DivnS_SEQ' <Latency = 18> <II = 11> <Delay = 4.13> <FuncUnit> <Opcode : 'sdiv' 'srem' 'udiv' 'urem'> <InPorts = 2> <OutPorts = 1>

State 20 <SV = 19> <Delay = 4.13>
ST_20 : Operation 203 [4/19] (4.13ns)   --->   "%ut_1 = sdiv i32 4096, i32 %h_3" [Crypto.cpp:150]   --->   Operation 203 'sdiv' 'ut_1' <Predicate = true> <Delay = 4.13> <CoreInst = "DivnS_SEQ">   --->   Core 7 'DivnS_SEQ' <Latency = 18> <II = 11> <Delay = 4.13> <FuncUnit> <Opcode : 'sdiv' 'srem' 'udiv' 'urem'> <InPorts = 2> <OutPorts = 1>

State 21 <SV = 20> <Delay = 4.13>
ST_21 : Operation 204 [3/19] (4.13ns)   --->   "%ut_1 = sdiv i32 4096, i32 %h_3" [Crypto.cpp:150]   --->   Operation 204 'sdiv' 'ut_1' <Predicate = true> <Delay = 4.13> <CoreInst = "DivnS_SEQ">   --->   Core 7 'DivnS_SEQ' <Latency = 18> <II = 11> <Delay = 4.13> <FuncUnit> <Opcode : 'sdiv' 'srem' 'udiv' 'urem'> <InPorts = 2> <OutPorts = 1>

State 22 <SV = 21> <Delay = 4.13>
ST_22 : Operation 205 [1/1] (2.55ns)   --->   "%sub_ln149 = sub i32 0, i32 %h_3" [Crypto.cpp:149]   --->   Operation 205 'sub' 'sub_ln149' <Predicate = true> <Delay = 2.55> <CoreInst = "Adder">   --->   Core 1 'Adder' <Latency = 0> <II = 1> <Delay = 2.55> <FuncUnit> <Opcode : 'add' 'sub'> <InPorts = 2> <OutPorts = 1>
ST_22 : Operation 206 [1/1] (0.00ns)   --->   "%lshr_ln149_1 = partselect i31 @_ssdm_op_PartSelect.i31.i32.i32.i32, i32 %sub_ln149, i32 1, i32 31" [Crypto.cpp:149]   --->   Operation 206 'partselect' 'lshr_ln149_1' <Predicate = true> <Delay = 0.00>
ST_22 : Operation 207 [2/19] (4.13ns)   --->   "%ut_1 = sdiv i32 4096, i32 %h_3" [Crypto.cpp:150]   --->   Operation 207 'sdiv' 'ut_1' <Predicate = true> <Delay = 4.13> <CoreInst = "DivnS_SEQ">   --->   Core 7 'DivnS_SEQ' <Latency = 18> <II = 11> <Delay = 4.13> <FuncUnit> <Opcode : 'sdiv' 'srem' 'udiv' 'urem'> <InPorts = 2> <OutPorts = 1>

State 23 <SV = 22> <Delay = 4.13>
ST_23 : Operation 208 [1/1] (0.00ns)   --->   "%speclooptripcount_ln149 = speclooptripcount void @_ssdm_op_SpecLoopTripCount, i64 12, i64 12, i64 12" [Crypto.cpp:149]   --->   Operation 208 'speclooptripcount' 'speclooptripcount_ln149' <Predicate = true> <Delay = 0.00>
ST_23 : Operation 209 [1/1] (0.00ns)   --->   "%specloopname_ln148 = specloopname void @_ssdm_op_SpecLoopName, void @empty_9" [Crypto.cpp:148]   --->   Operation 209 'specloopname' 'specloopname_ln148' <Predicate = true> <Delay = 0.00>
ST_23 : Operation 210 [1/1] (0.00ns)   --->   "%tmp_7 = bitselect i1 @_ssdm_op_BitSelect.i1.i32.i32, i32 %h_3, i32 31" [Crypto.cpp:149]   --->   Operation 210 'bitselect' 'tmp_7' <Predicate = true> <Delay = 0.00>
ST_23 : Operation 211 [1/1] (0.00ns)   --->   "%zext_ln149 = zext i31 %lshr_ln149_1" [Crypto.cpp:149]   --->   Operation 211 'zext' 'zext_ln149' <Predicate = true> <Delay = 0.00>
ST_23 : Operation 212 [1/1] (2.52ns)   --->   "%sub_ln149_1 = sub i32 0, i32 %zext_ln149" [Crypto.cpp:149]   --->   Operation 212 'sub' 'sub_ln149_1' <Predicate = true> <Delay = 2.52> <CoreInst = "Adder">   --->   Core 1 'Adder' <Latency = 0> <II = 1> <Delay = 2.52> <FuncUnit> <Opcode : 'add' 'sub'> <InPorts = 2> <OutPorts = 1>
ST_23 : Operation 213 [1/1] (0.00ns)   --->   "%lshr_ln149_2 = partselect i31 @_ssdm_op_PartSelect.i31.i32.i32.i32, i32 %h_3, i32 1, i32 31" [Crypto.cpp:149]   --->   Operation 213 'partselect' 'lshr_ln149_2' <Predicate = true> <Delay = 0.00>
ST_23 : Operation 214 [1/1] (0.00ns)   --->   "%zext_ln149_1 = zext i31 %lshr_ln149_2" [Crypto.cpp:149]   --->   Operation 214 'zext' 'zext_ln149_1' <Predicate = true> <Delay = 0.00>
ST_23 : Operation 215 [1/1] (0.69ns)   --->   "%hf_1 = select i1 %tmp_7, i32 %sub_ln149_1, i32 %zext_ln149_1" [Crypto.cpp:149]   --->   Operation 215 'select' 'hf_1' <Predicate = true> <Delay = 0.69> <CoreInst = "Sel">   --->   Core 73 'Sel' <Latency = 0> <II = 1> <Delay = 0.69> <FuncUnit> <Opcode : 'select'> <InPorts = 3> <OutPorts = 1>
ST_23 : Operation 216 [1/19] (4.13ns)   --->   "%ut_1 = sdiv i32 4096, i32 %h_3" [Crypto.cpp:150]   --->   Operation 216 'sdiv' 'ut_1' <Predicate = true> <Delay = 4.13> <CoreInst = "DivnS_SEQ">   --->   Core 7 'DivnS_SEQ' <Latency = 18> <II = 11> <Delay = 4.13> <FuncUnit> <Opcode : 'sdiv' 'srem' 'udiv' 'urem'> <InPorts = 2> <OutPorts = 1>
ST_23 : Operation 217 [1/1] (0.00ns)   --->   "%trunc_ln153 = trunc i11 %ut_1" [Crypto.cpp:153]   --->   Operation 217 'trunc' 'trunc_ln153' <Predicate = true> <Delay = 0.00>
ST_23 : Operation 218 [1/1] (0.00ns)   --->   "%trunc_ln153_1 = trunc i32 %hf_1" [Crypto.cpp:153]   --->   Operation 218 'trunc' 'trunc_ln153_1' <Predicate = true> <Delay = 0.00>
ST_23 : Operation 219 [1/1] (0.00ns)   --->   "%sext_ln153 = sext i32 %h_3" [Crypto.cpp:153]   --->   Operation 219 'sext' 'sext_ln153' <Predicate = true> <Delay = 0.00>
ST_23 : Operation 220 [1/1] (0.00ns)   --->   "%trunc_ln159 = trunc i32 %hf_1" [Crypto.cpp:159]   --->   Operation 220 'trunc' 'trunc_ln159' <Predicate = true> <Delay = 0.00>
ST_23 : Operation 221 [1/1] (1.58ns)   --->   "%br_ln153 = br void %for.cond213" [Crypto.cpp:153]   --->   Operation 221 'br' 'br_ln153' <Predicate = true> <Delay = 1.58>

State 24 <SV = 23> <Delay = 4.79>
ST_24 : Operation 222 [1/1] (0.00ns)   --->   "%i_9 = phi i64 0, void %INTT_GROUP_LOOP, i64 %add_ln153, void %INTT_PE_LOOP" [Crypto.cpp:153]   --->   Operation 222 'phi' 'i_9' <Predicate = true> <Delay = 0.00>
ST_24 : Operation 223 [1/1] (0.00ns)   --->   "%tmp_9 = partselect i52 @_ssdm_op_PartSelect.i52.i64.i32.i32, i64 %i_9, i32 12, i32 63" [Crypto.cpp:153]   --->   Operation 223 'partselect' 'tmp_9' <Predicate = true> <Delay = 0.00>
ST_24 : Operation 224 [1/1] (3.21ns)   --->   "%icmp_ln153 = icmp_slt  i52 %tmp_9, i52 1" [Crypto.cpp:153]   --->   Operation 224 'icmp' 'icmp_ln153' <Predicate = true> <Delay = 3.21> <CoreInst = "Cmp">   --->   Core 9 'Cmp' <Latency = 0> <II = 1> <Delay = 3.21> <FuncUnit> <Opcode : 'icmp'> <InPorts = 2> <OutPorts = 1>
ST_24 : Operation 225 [1/1] (0.00ns)   --->   "%br_ln153 = br i1 %icmp_ln153, void %for.inc258, void %INTT_PE_LOOP" [Crypto.cpp:153]   --->   Operation 225 'br' 'br_ln153' <Predicate = true> <Delay = 0.00>
ST_24 : Operation 226 [1/1] (0.00ns)   --->   "%trunc_ln153_2 = trunc i64 %i_9" [Crypto.cpp:153]   --->   Operation 226 'trunc' 'trunc_ln153_2' <Predicate = (icmp_ln153)> <Delay = 0.00>
ST_24 : Operation 227 [1/1] (0.00ns)   --->   "%trunc_ln158 = trunc i64 %i_9" [Crypto.cpp:158]   --->   Operation 227 'trunc' 'trunc_ln158' <Predicate = (icmp_ln153)> <Delay = 0.00>
ST_24 : Operation 228 [2/2] (0.00ns)   --->   "%call_ln149 = call void @Crypto_Pipeline_INTT_PE_LOOP, i32 %hf_1, i1 %empty, i31 %zext_ln3, i12 %trunc_ln153_2, i4 %trunc_ln158, i32 %DataRAM, i32 %DataRAM_1, i32 %DataRAM_2, i32 %DataRAM_3, i32 %DataRAM_4, i32 %DataRAM_5, i32 %DataRAM_6, i32 %DataRAM_7, i32 %DataRAM_8, i32 %DataRAM_9, i32 %DataRAM_10, i32 %DataRAM_11, i32 %DataRAM_12, i32 %DataRAM_13, i32 %DataRAM_14, i32 %DataRAM_15, i32 %DataRAM_16, i32 %DataRAM_17, i32 %DataRAM_18, i32 %DataRAM_19, i32 %DataRAM_20, i32 %DataRAM_21, i32 %DataRAM_22, i32 %DataRAM_23, i32 %DataRAM_24, i32 %DataRAM_25, i32 %DataRAM_26, i32 %DataRAM_27, i32 %DataRAM_28, i32 %DataRAM_29, i32 %DataRAM_30, i32 %DataRAM_31, i12 %trunc_ln153_1, i4 %trunc_ln159, i11 %trunc_ln153, i32 %INTTTWiddleRAM, i32 %INTTTWiddleRAM_1, i32 %INTTTWiddleRAM_2, i32 %INTTTWiddleRAM_3, i32 %INTTTWiddleRAM_4, i32 %INTTTWiddleRAM_5, i32 %INTTTWiddleRAM_6, i32 %INTTTWiddleRAM_7, i32 %INTTTWiddleRAM_8, i32 %INTTTWiddleRAM_9, i32 %INTTTWiddleRAM_10, i32 %INTTTWiddleRAM_11, i32 %INTTTWiddleRAM_12, i32 %INTTTWiddleRAM_13, i32 %INTTTWiddleRAM_14, i32 %INTTTWiddleRAM_15, i2 %trunc_ln11" [Crypto.cpp:149]   --->   Operation 228 'call' 'call_ln149' <Predicate = (icmp_ln153)> <Delay = 0.00> <CoreType = "Generic">   --->   Core 0 '' <Latency = 0> <II = 1> <Delay = 1.00> <Generic> <Opcode : >
ST_24 : Operation 229 [1/1] (3.52ns)   --->   "%add_ln153 = add i64 %sext_ln153, i64 %i_9" [Crypto.cpp:153]   --->   Operation 229 'add' 'add_ln153' <Predicate = (icmp_ln153)> <Delay = 3.52> <CoreInst = "Adder">   --->   Core 1 'Adder' <Latency = 0> <II = 1> <Delay = 3.52> <FuncUnit> <Opcode : 'add' 'sub'> <InPorts = 2> <OutPorts = 1>
ST_24 : Operation 230 [1/1] (0.00ns)   --->   "%h_5 = shl i32 %h_3, i32 1" [Crypto.cpp:148]   --->   Operation 230 'shl' 'h_5' <Predicate = (!icmp_ln153)> <Delay = 0.00>
ST_24 : Operation 231 [1/1] (1.58ns)   --->   "%store_ln148 = store i32 %h_5, i32 %h_1" [Crypto.cpp:148]   --->   Operation 231 'store' 'store_ln148' <Predicate = (!icmp_ln153)> <Delay = 1.58>
ST_24 : Operation 232 [1/1] (0.00ns)   --->   "%br_ln148 = br void %for.cond204" [Crypto.cpp:148]   --->   Operation 232 'br' 'br_ln148' <Predicate = (!icmp_ln153)> <Delay = 0.00>

State 25 <SV = 24> <Delay = 0.00>
ST_25 : Operation 233 [1/1] (0.00ns)   --->   "%specloopname_ln153 = specloopname void @_ssdm_op_SpecLoopName, void @empty_10" [Crypto.cpp:153]   --->   Operation 233 'specloopname' 'specloopname_ln153' <Predicate = true> <Delay = 0.00>
ST_25 : Operation 234 [1/2] (0.00ns)   --->   "%call_ln149 = call void @Crypto_Pipeline_INTT_PE_LOOP, i32 %hf_1, i1 %empty, i31 %zext_ln3, i12 %trunc_ln153_2, i4 %trunc_ln158, i32 %DataRAM, i32 %DataRAM_1, i32 %DataRAM_2, i32 %DataRAM_3, i32 %DataRAM_4, i32 %DataRAM_5, i32 %DataRAM_6, i32 %DataRAM_7, i32 %DataRAM_8, i32 %DataRAM_9, i32 %DataRAM_10, i32 %DataRAM_11, i32 %DataRAM_12, i32 %DataRAM_13, i32 %DataRAM_14, i32 %DataRAM_15, i32 %DataRAM_16, i32 %DataRAM_17, i32 %DataRAM_18, i32 %DataRAM_19, i32 %DataRAM_20, i32 %DataRAM_21, i32 %DataRAM_22, i32 %DataRAM_23, i32 %DataRAM_24, i32 %DataRAM_25, i32 %DataRAM_26, i32 %DataRAM_27, i32 %DataRAM_28, i32 %DataRAM_29, i32 %DataRAM_30, i32 %DataRAM_31, i12 %trunc_ln153_1, i4 %trunc_ln159, i11 %trunc_ln153, i32 %INTTTWiddleRAM, i32 %INTTTWiddleRAM_1, i32 %INTTTWiddleRAM_2, i32 %INTTTWiddleRAM_3, i32 %INTTTWiddleRAM_4, i32 %INTTTWiddleRAM_5, i32 %INTTTWiddleRAM_6, i32 %INTTTWiddleRAM_7, i32 %INTTTWiddleRAM_8, i32 %INTTTWiddleRAM_9, i32 %INTTTWiddleRAM_10, i32 %INTTTWiddleRAM_11, i32 %INTTTWiddleRAM_12, i32 %INTTTWiddleRAM_13, i32 %INTTTWiddleRAM_14, i32 %INTTTWiddleRAM_15, i2 %trunc_ln11" [Crypto.cpp:149]   --->   Operation 234 'call' 'call_ln149' <Predicate = true> <Delay = 0.00> <CoreType = "Generic">   --->   Core 0 '' <Latency = 0> <II = 1> <Delay = 1.00> <Generic> <Opcode : >
ST_25 : Operation 235 [1/1] (0.00ns)   --->   "%br_ln153 = br void %for.cond213" [Crypto.cpp:153]   --->   Operation 235 'br' 'br_ln153' <Predicate = true> <Delay = 0.00>

State 26 <SV = 5> <Delay = 0.00>
ST_26 : Operation 236 [1/2] (0.00ns)   --->   "%call_ln171 = call void @Crypto_Pipeline_MUL_INV_LOOP, i19 %n_inv, i2 %trunc_ln11, i32 %DataRAM, i32 %DataRAM_1, i32 %DataRAM_2, i32 %DataRAM_3, i32 %DataRAM_4, i32 %DataRAM_5, i32 %DataRAM_6, i32 %DataRAM_7, i32 %DataRAM_8, i32 %DataRAM_9, i32 %DataRAM_10, i32 %DataRAM_11, i32 %DataRAM_12, i32 %DataRAM_13, i32 %DataRAM_14, i32 %DataRAM_15, i32 %DataRAM_16, i32 %DataRAM_17, i32 %DataRAM_18, i32 %DataRAM_19, i32 %DataRAM_20, i32 %DataRAM_21, i32 %DataRAM_22, i32 %DataRAM_23, i32 %DataRAM_24, i32 %DataRAM_25, i32 %DataRAM_26, i32 %DataRAM_27, i32 %DataRAM_28, i32 %DataRAM_29, i32 %DataRAM_30, i32 %DataRAM_31, i1 %empty" [Crypto.cpp:171]   --->   Operation 236 'call' 'call_ln171' <Predicate = true> <Delay = 0.00> <CoreType = "Generic">   --->   Core 0 '' <Latency = 0> <II = 1> <Delay = 1.00> <Generic> <Opcode : >
ST_26 : Operation 237 [1/1] (0.00ns)   --->   "%br_ln0 = br void %sw.epilog"   --->   Operation 237 'br' 'br_ln0' <Predicate = true> <Delay = 0.00>

State 27 <SV = 4> <Delay = 4.13>
ST_27 : Operation 238 [1/1] (0.00ns)   --->   "%h_2 = load i32 %h" [Crypto.cpp:114]   --->   Operation 238 'load' 'h_2' <Predicate = true> <Delay = 0.00>
ST_27 : Operation 239 [1/1] (2.55ns)   --->   "%icmp_ln114 = icmp_slt  i32 %h_2, i32 4097" [Crypto.cpp:114]   --->   Operation 239 'icmp' 'icmp_ln114' <Predicate = true> <Delay = 2.55> <CoreInst = "Cmp">   --->   Core 9 'Cmp' <Latency = 0> <II = 1> <Delay = 2.55> <FuncUnit> <Opcode : 'icmp'> <InPorts = 2> <OutPorts = 1>
ST_27 : Operation 240 [1/1] (0.00ns)   --->   "%br_ln114 = br i1 %icmp_ln114, void %sw.epilog.loopexit, void %NTT_GROUP_LOOP" [Crypto.cpp:114]   --->   Operation 240 'br' 'br_ln114' <Predicate = true> <Delay = 0.00>
ST_27 : Operation 241 [19/19] (4.13ns)   --->   "%ut = sdiv i32 4096, i32 %h_2" [Crypto.cpp:116]   --->   Operation 241 'sdiv' 'ut' <Predicate = (icmp_ln114)> <Delay = 4.13> <CoreInst = "DivnS_SEQ">   --->   Core 7 'DivnS_SEQ' <Latency = 18> <II = 11> <Delay = 4.13> <FuncUnit> <Opcode : 'sdiv' 'srem' 'udiv' 'urem'> <InPorts = 2> <OutPorts = 1>
ST_27 : Operation 242 [1/1] (0.00ns)   --->   "%br_ln0 = br void %sw.epilog"   --->   Operation 242 'br' 'br_ln0' <Predicate = (!icmp_ln114)> <Delay = 0.00>

State 28 <SV = 5> <Delay = 4.13>
ST_28 : Operation 243 [18/19] (4.13ns)   --->   "%ut = sdiv i32 4096, i32 %h_2" [Crypto.cpp:116]   --->   Operation 243 'sdiv' 'ut' <Predicate = true> <Delay = 4.13> <CoreInst = "DivnS_SEQ">   --->   Core 7 'DivnS_SEQ' <Latency = 18> <II = 11> <Delay = 4.13> <FuncUnit> <Opcode : 'sdiv' 'srem' 'udiv' 'urem'> <InPorts = 2> <OutPorts = 1>

State 29 <SV = 6> <Delay = 4.13>
ST_29 : Operation 244 [17/19] (4.13ns)   --->   "%ut = sdiv i32 4096, i32 %h_2" [Crypto.cpp:116]   --->   Operation 244 'sdiv' 'ut' <Predicate = true> <Delay = 4.13> <CoreInst = "DivnS_SEQ">   --->   Core 7 'DivnS_SEQ' <Latency = 18> <II = 11> <Delay = 4.13> <FuncUnit> <Opcode : 'sdiv' 'srem' 'udiv' 'urem'> <InPorts = 2> <OutPorts = 1>

State 30 <SV = 7> <Delay = 4.13>
ST_30 : Operation 245 [16/19] (4.13ns)   --->   "%ut = sdiv i32 4096, i32 %h_2" [Crypto.cpp:116]   --->   Operation 245 'sdiv' 'ut' <Predicate = true> <Delay = 4.13> <CoreInst = "DivnS_SEQ">   --->   Core 7 'DivnS_SEQ' <Latency = 18> <II = 11> <Delay = 4.13> <FuncUnit> <Opcode : 'sdiv' 'srem' 'udiv' 'urem'> <InPorts = 2> <OutPorts = 1>

State 31 <SV = 8> <Delay = 4.13>
ST_31 : Operation 246 [15/19] (4.13ns)   --->   "%ut = sdiv i32 4096, i32 %h_2" [Crypto.cpp:116]   --->   Operation 246 'sdiv' 'ut' <Predicate = true> <Delay = 4.13> <CoreInst = "DivnS_SEQ">   --->   Core 7 'DivnS_SEQ' <Latency = 18> <II = 11> <Delay = 4.13> <FuncUnit> <Opcode : 'sdiv' 'srem' 'udiv' 'urem'> <InPorts = 2> <OutPorts = 1>

State 32 <SV = 9> <Delay = 4.13>
ST_32 : Operation 247 [14/19] (4.13ns)   --->   "%ut = sdiv i32 4096, i32 %h_2" [Crypto.cpp:116]   --->   Operation 247 'sdiv' 'ut' <Predicate = true> <Delay = 4.13> <CoreInst = "DivnS_SEQ">   --->   Core 7 'DivnS_SEQ' <Latency = 18> <II = 11> <Delay = 4.13> <FuncUnit> <Opcode : 'sdiv' 'srem' 'udiv' 'urem'> <InPorts = 2> <OutPorts = 1>

State 33 <SV = 10> <Delay = 4.13>
ST_33 : Operation 248 [13/19] (4.13ns)   --->   "%ut = sdiv i32 4096, i32 %h_2" [Crypto.cpp:116]   --->   Operation 248 'sdiv' 'ut' <Predicate = true> <Delay = 4.13> <CoreInst = "DivnS_SEQ">   --->   Core 7 'DivnS_SEQ' <Latency = 18> <II = 11> <Delay = 4.13> <FuncUnit> <Opcode : 'sdiv' 'srem' 'udiv' 'urem'> <InPorts = 2> <OutPorts = 1>

State 34 <SV = 11> <Delay = 4.13>
ST_34 : Operation 249 [12/19] (4.13ns)   --->   "%ut = sdiv i32 4096, i32 %h_2" [Crypto.cpp:116]   --->   Operation 249 'sdiv' 'ut' <Predicate = true> <Delay = 4.13> <CoreInst = "DivnS_SEQ">   --->   Core 7 'DivnS_SEQ' <Latency = 18> <II = 11> <Delay = 4.13> <FuncUnit> <Opcode : 'sdiv' 'srem' 'udiv' 'urem'> <InPorts = 2> <OutPorts = 1>

State 35 <SV = 12> <Delay = 4.13>
ST_35 : Operation 250 [11/19] (4.13ns)   --->   "%ut = sdiv i32 4096, i32 %h_2" [Crypto.cpp:116]   --->   Operation 250 'sdiv' 'ut' <Predicate = true> <Delay = 4.13> <CoreInst = "DivnS_SEQ">   --->   Core 7 'DivnS_SEQ' <Latency = 18> <II = 11> <Delay = 4.13> <FuncUnit> <Opcode : 'sdiv' 'srem' 'udiv' 'urem'> <InPorts = 2> <OutPorts = 1>

State 36 <SV = 13> <Delay = 4.13>
ST_36 : Operation 251 [10/19] (4.13ns)   --->   "%ut = sdiv i32 4096, i32 %h_2" [Crypto.cpp:116]   --->   Operation 251 'sdiv' 'ut' <Predicate = true> <Delay = 4.13> <CoreInst = "DivnS_SEQ">   --->   Core 7 'DivnS_SEQ' <Latency = 18> <II = 11> <Delay = 4.13> <FuncUnit> <Opcode : 'sdiv' 'srem' 'udiv' 'urem'> <InPorts = 2> <OutPorts = 1>

State 37 <SV = 14> <Delay = 4.13>
ST_37 : Operation 252 [9/19] (4.13ns)   --->   "%ut = sdiv i32 4096, i32 %h_2" [Crypto.cpp:116]   --->   Operation 252 'sdiv' 'ut' <Predicate = true> <Delay = 4.13> <CoreInst = "DivnS_SEQ">   --->   Core 7 'DivnS_SEQ' <Latency = 18> <II = 11> <Delay = 4.13> <FuncUnit> <Opcode : 'sdiv' 'srem' 'udiv' 'urem'> <InPorts = 2> <OutPorts = 1>

State 38 <SV = 15> <Delay = 4.13>
ST_38 : Operation 253 [8/19] (4.13ns)   --->   "%ut = sdiv i32 4096, i32 %h_2" [Crypto.cpp:116]   --->   Operation 253 'sdiv' 'ut' <Predicate = true> <Delay = 4.13> <CoreInst = "DivnS_SEQ">   --->   Core 7 'DivnS_SEQ' <Latency = 18> <II = 11> <Delay = 4.13> <FuncUnit> <Opcode : 'sdiv' 'srem' 'udiv' 'urem'> <InPorts = 2> <OutPorts = 1>

State 39 <SV = 16> <Delay = 4.13>
ST_39 : Operation 254 [7/19] (4.13ns)   --->   "%ut = sdiv i32 4096, i32 %h_2" [Crypto.cpp:116]   --->   Operation 254 'sdiv' 'ut' <Predicate = true> <Delay = 4.13> <CoreInst = "DivnS_SEQ">   --->   Core 7 'DivnS_SEQ' <Latency = 18> <II = 11> <Delay = 4.13> <FuncUnit> <Opcode : 'sdiv' 'srem' 'udiv' 'urem'> <InPorts = 2> <OutPorts = 1>

State 40 <SV = 17> <Delay = 4.13>
ST_40 : Operation 255 [6/19] (4.13ns)   --->   "%ut = sdiv i32 4096, i32 %h_2" [Crypto.cpp:116]   --->   Operation 255 'sdiv' 'ut' <Predicate = true> <Delay = 4.13> <CoreInst = "DivnS_SEQ">   --->   Core 7 'DivnS_SEQ' <Latency = 18> <II = 11> <Delay = 4.13> <FuncUnit> <Opcode : 'sdiv' 'srem' 'udiv' 'urem'> <InPorts = 2> <OutPorts = 1>

State 41 <SV = 18> <Delay = 4.13>
ST_41 : Operation 256 [5/19] (4.13ns)   --->   "%ut = sdiv i32 4096, i32 %h_2" [Crypto.cpp:116]   --->   Operation 256 'sdiv' 'ut' <Predicate = true> <Delay = 4.13> <CoreInst = "DivnS_SEQ">   --->   Core 7 'DivnS_SEQ' <Latency = 18> <II = 11> <Delay = 4.13> <FuncUnit> <Opcode : 'sdiv' 'srem' 'udiv' 'urem'> <InPorts = 2> <OutPorts = 1>

State 42 <SV = 19> <Delay = 4.13>
ST_42 : Operation 257 [4/19] (4.13ns)   --->   "%ut = sdiv i32 4096, i32 %h_2" [Crypto.cpp:116]   --->   Operation 257 'sdiv' 'ut' <Predicate = true> <Delay = 4.13> <CoreInst = "DivnS_SEQ">   --->   Core 7 'DivnS_SEQ' <Latency = 18> <II = 11> <Delay = 4.13> <FuncUnit> <Opcode : 'sdiv' 'srem' 'udiv' 'urem'> <InPorts = 2> <OutPorts = 1>

State 43 <SV = 20> <Delay = 4.13>
ST_43 : Operation 258 [3/19] (4.13ns)   --->   "%ut = sdiv i32 4096, i32 %h_2" [Crypto.cpp:116]   --->   Operation 258 'sdiv' 'ut' <Predicate = true> <Delay = 4.13> <CoreInst = "DivnS_SEQ">   --->   Core 7 'DivnS_SEQ' <Latency = 18> <II = 11> <Delay = 4.13> <FuncUnit> <Opcode : 'sdiv' 'srem' 'udiv' 'urem'> <InPorts = 2> <OutPorts = 1>

State 44 <SV = 21> <Delay = 4.13>
ST_44 : Operation 259 [1/1] (2.55ns)   --->   "%sub_ln115 = sub i32 0, i32 %h_2" [Crypto.cpp:115]   --->   Operation 259 'sub' 'sub_ln115' <Predicate = true> <Delay = 2.55> <CoreInst = "Adder">   --->   Core 1 'Adder' <Latency = 0> <II = 1> <Delay = 2.55> <FuncUnit> <Opcode : 'add' 'sub'> <InPorts = 2> <OutPorts = 1>
ST_44 : Operation 260 [1/1] (0.00ns)   --->   "%lshr_ln115_1 = partselect i31 @_ssdm_op_PartSelect.i31.i32.i32.i32, i32 %sub_ln115, i32 1, i32 31" [Crypto.cpp:115]   --->   Operation 260 'partselect' 'lshr_ln115_1' <Predicate = true> <Delay = 0.00>
ST_44 : Operation 261 [2/19] (4.13ns)   --->   "%ut = sdiv i32 4096, i32 %h_2" [Crypto.cpp:116]   --->   Operation 261 'sdiv' 'ut' <Predicate = true> <Delay = 4.13> <CoreInst = "DivnS_SEQ">   --->   Core 7 'DivnS_SEQ' <Latency = 18> <II = 11> <Delay = 4.13> <FuncUnit> <Opcode : 'sdiv' 'srem' 'udiv' 'urem'> <InPorts = 2> <OutPorts = 1>

State 45 <SV = 22> <Delay = 4.13>
ST_45 : Operation 262 [1/1] (0.00ns)   --->   "%speclooptripcount_ln115 = speclooptripcount void @_ssdm_op_SpecLoopTripCount, i64 12, i64 12, i64 12" [Crypto.cpp:115]   --->   Operation 262 'speclooptripcount' 'speclooptripcount_ln115' <Predicate = true> <Delay = 0.00>
ST_45 : Operation 263 [1/1] (0.00ns)   --->   "%specloopname_ln114 = specloopname void @_ssdm_op_SpecLoopName, void @empty_19" [Crypto.cpp:114]   --->   Operation 263 'specloopname' 'specloopname_ln114' <Predicate = true> <Delay = 0.00>
ST_45 : Operation 264 [1/1] (0.00ns)   --->   "%tmp = bitselect i1 @_ssdm_op_BitSelect.i1.i32.i32, i32 %h_2, i32 31" [Crypto.cpp:115]   --->   Operation 264 'bitselect' 'tmp' <Predicate = true> <Delay = 0.00>
ST_45 : Operation 265 [1/1] (0.00ns)   --->   "%zext_ln115 = zext i31 %lshr_ln115_1" [Crypto.cpp:115]   --->   Operation 265 'zext' 'zext_ln115' <Predicate = true> <Delay = 0.00>
ST_45 : Operation 266 [1/1] (2.52ns)   --->   "%sub_ln115_1 = sub i32 0, i32 %zext_ln115" [Crypto.cpp:115]   --->   Operation 266 'sub' 'sub_ln115_1' <Predicate = true> <Delay = 2.52> <CoreInst = "Adder">   --->   Core 1 'Adder' <Latency = 0> <II = 1> <Delay = 2.52> <FuncUnit> <Opcode : 'add' 'sub'> <InPorts = 2> <OutPorts = 1>
ST_45 : Operation 267 [1/1] (0.00ns)   --->   "%lshr_ln115_2 = partselect i31 @_ssdm_op_PartSelect.i31.i32.i32.i32, i32 %h_2, i32 1, i32 31" [Crypto.cpp:115]   --->   Operation 267 'partselect' 'lshr_ln115_2' <Predicate = true> <Delay = 0.00>
ST_45 : Operation 268 [1/1] (0.00ns)   --->   "%zext_ln115_1 = zext i31 %lshr_ln115_2" [Crypto.cpp:115]   --->   Operation 268 'zext' 'zext_ln115_1' <Predicate = true> <Delay = 0.00>
ST_45 : Operation 269 [1/1] (0.69ns)   --->   "%hf = select i1 %tmp, i32 %sub_ln115_1, i32 %zext_ln115_1" [Crypto.cpp:115]   --->   Operation 269 'select' 'hf' <Predicate = true> <Delay = 0.69> <CoreInst = "Sel">   --->   Core 73 'Sel' <Latency = 0> <II = 1> <Delay = 0.69> <FuncUnit> <Opcode : 'select'> <InPorts = 3> <OutPorts = 1>
ST_45 : Operation 270 [1/19] (4.13ns)   --->   "%ut = sdiv i32 4096, i32 %h_2" [Crypto.cpp:116]   --->   Operation 270 'sdiv' 'ut' <Predicate = true> <Delay = 4.13> <CoreInst = "DivnS_SEQ">   --->   Core 7 'DivnS_SEQ' <Latency = 18> <II = 11> <Delay = 4.13> <FuncUnit> <Opcode : 'sdiv' 'srem' 'udiv' 'urem'> <InPorts = 2> <OutPorts = 1>
ST_45 : Operation 271 [1/1] (0.00ns)   --->   "%trunc_ln119 = trunc i11 %ut" [Crypto.cpp:119]   --->   Operation 271 'trunc' 'trunc_ln119' <Predicate = true> <Delay = 0.00>
ST_45 : Operation 272 [1/1] (0.00ns)   --->   "%trunc_ln119_1 = trunc i32 %hf" [Crypto.cpp:119]   --->   Operation 272 'trunc' 'trunc_ln119_1' <Predicate = true> <Delay = 0.00>
ST_45 : Operation 273 [1/1] (0.00ns)   --->   "%sext_ln119 = sext i32 %h_2" [Crypto.cpp:119]   --->   Operation 273 'sext' 'sext_ln119' <Predicate = true> <Delay = 0.00>
ST_45 : Operation 274 [1/1] (0.00ns)   --->   "%trunc_ln125 = trunc i32 %hf" [Crypto.cpp:125]   --->   Operation 274 'trunc' 'trunc_ln125' <Predicate = true> <Delay = 0.00>
ST_45 : Operation 275 [1/1] (1.58ns)   --->   "%br_ln119 = br void %for.cond144" [Crypto.cpp:119]   --->   Operation 275 'br' 'br_ln119' <Predicate = true> <Delay = 1.58>

State 46 <SV = 23> <Delay = 4.79>
ST_46 : Operation 276 [1/1] (0.00ns)   --->   "%i = phi i64 0, void %NTT_GROUP_LOOP, i64 %add_ln119, void %NTT_PE_LOOP" [Crypto.cpp:119]   --->   Operation 276 'phi' 'i' <Predicate = true> <Delay = 0.00>
ST_46 : Operation 277 [1/1] (0.00ns)   --->   "%tmp_8 = partselect i52 @_ssdm_op_PartSelect.i52.i64.i32.i32, i64 %i, i32 12, i32 63" [Crypto.cpp:119]   --->   Operation 277 'partselect' 'tmp_8' <Predicate = true> <Delay = 0.00>
ST_46 : Operation 278 [1/1] (3.21ns)   --->   "%icmp_ln119 = icmp_slt  i52 %tmp_8, i52 1" [Crypto.cpp:119]   --->   Operation 278 'icmp' 'icmp_ln119' <Predicate = true> <Delay = 3.21> <CoreInst = "Cmp">   --->   Core 9 'Cmp' <Latency = 0> <II = 1> <Delay = 3.21> <FuncUnit> <Opcode : 'icmp'> <InPorts = 2> <OutPorts = 1>
ST_46 : Operation 279 [1/1] (0.00ns)   --->   "%br_ln119 = br i1 %icmp_ln119, void %for.inc181, void %NTT_PE_LOOP" [Crypto.cpp:119]   --->   Operation 279 'br' 'br_ln119' <Predicate = true> <Delay = 0.00>
ST_46 : Operation 280 [1/1] (0.00ns)   --->   "%trunc_ln119_2 = trunc i64 %i" [Crypto.cpp:119]   --->   Operation 280 'trunc' 'trunc_ln119_2' <Predicate = (icmp_ln119)> <Delay = 0.00>
ST_46 : Operation 281 [1/1] (0.00ns)   --->   "%trunc_ln124 = trunc i64 %i" [Crypto.cpp:124]   --->   Operation 281 'trunc' 'trunc_ln124' <Predicate = (icmp_ln119)> <Delay = 0.00>
ST_46 : Operation 282 [2/2] (0.00ns)   --->   "%call_ln115 = call void @Crypto_Pipeline_NTT_PE_LOOP, i32 %hf, i1 %empty, i31 %zext_ln2, i12 %trunc_ln119_2, i4 %trunc_ln124, i32 %DataRAM, i32 %DataRAM_1, i32 %DataRAM_2, i32 %DataRAM_3, i32 %DataRAM_4, i32 %DataRAM_5, i32 %DataRAM_6, i32 %DataRAM_7, i32 %DataRAM_8, i32 %DataRAM_9, i32 %DataRAM_10, i32 %DataRAM_11, i32 %DataRAM_12, i32 %DataRAM_13, i32 %DataRAM_14, i32 %DataRAM_15, i32 %DataRAM_16, i32 %DataRAM_17, i32 %DataRAM_18, i32 %DataRAM_19, i32 %DataRAM_20, i32 %DataRAM_21, i32 %DataRAM_22, i32 %DataRAM_23, i32 %DataRAM_24, i32 %DataRAM_25, i32 %DataRAM_26, i32 %DataRAM_27, i32 %DataRAM_28, i32 %DataRAM_29, i32 %DataRAM_30, i32 %DataRAM_31, i12 %trunc_ln119_1, i4 %trunc_ln125, i11 %trunc_ln119, i32 %NTTTWiddleRAM, i32 %NTTTWiddleRAM_1, i32 %NTTTWiddleRAM_2, i32 %NTTTWiddleRAM_3, i32 %NTTTWiddleRAM_4, i32 %NTTTWiddleRAM_5, i32 %NTTTWiddleRAM_6, i32 %NTTTWiddleRAM_7, i32 %NTTTWiddleRAM_8, i32 %NTTTWiddleRAM_9, i32 %NTTTWiddleRAM_10, i32 %NTTTWiddleRAM_11, i32 %NTTTWiddleRAM_12, i32 %NTTTWiddleRAM_13, i32 %NTTTWiddleRAM_14, i32 %NTTTWiddleRAM_15, i2 %trunc_ln11" [Crypto.cpp:115]   --->   Operation 282 'call' 'call_ln115' <Predicate = (icmp_ln119)> <Delay = 0.00> <CoreType = "Generic">   --->   Core 0 '' <Latency = 0> <II = 1> <Delay = 1.00> <Generic> <Opcode : >
ST_46 : Operation 283 [1/1] (3.52ns)   --->   "%add_ln119 = add i64 %sext_ln119, i64 %i" [Crypto.cpp:119]   --->   Operation 283 'add' 'add_ln119' <Predicate = (icmp_ln119)> <Delay = 3.52> <CoreInst = "Adder">   --->   Core 1 'Adder' <Latency = 0> <II = 1> <Delay = 3.52> <FuncUnit> <Opcode : 'add' 'sub'> <InPorts = 2> <OutPorts = 1>
ST_46 : Operation 284 [1/1] (0.00ns)   --->   "%h_4 = shl i32 %h_2, i32 1" [Crypto.cpp:114]   --->   Operation 284 'shl' 'h_4' <Predicate = (!icmp_ln119)> <Delay = 0.00>
ST_46 : Operation 285 [1/1] (1.58ns)   --->   "%store_ln114 = store i32 %h_4, i32 %h" [Crypto.cpp:114]   --->   Operation 285 'store' 'store_ln114' <Predicate = (!icmp_ln119)> <Delay = 1.58>
ST_46 : Operation 286 [1/1] (0.00ns)   --->   "%br_ln114 = br void %for.cond138" [Crypto.cpp:114]   --->   Operation 286 'br' 'br_ln114' <Predicate = (!icmp_ln119)> <Delay = 0.00>

State 47 <SV = 24> <Delay = 0.00>
ST_47 : Operation 287 [1/1] (0.00ns)   --->   "%specloopname_ln119 = specloopname void @_ssdm_op_SpecLoopName, void @empty_20" [Crypto.cpp:119]   --->   Operation 287 'specloopname' 'specloopname_ln119' <Predicate = true> <Delay = 0.00>
ST_47 : Operation 288 [1/2] (0.00ns)   --->   "%call_ln115 = call void @Crypto_Pipeline_NTT_PE_LOOP, i32 %hf, i1 %empty, i31 %zext_ln2, i12 %trunc_ln119_2, i4 %trunc_ln124, i32 %DataRAM, i32 %DataRAM_1, i32 %DataRAM_2, i32 %DataRAM_3, i32 %DataRAM_4, i32 %DataRAM_5, i32 %DataRAM_6, i32 %DataRAM_7, i32 %DataRAM_8, i32 %DataRAM_9, i32 %DataRAM_10, i32 %DataRAM_11, i32 %DataRAM_12, i32 %DataRAM_13, i32 %DataRAM_14, i32 %DataRAM_15, i32 %DataRAM_16, i32 %DataRAM_17, i32 %DataRAM_18, i32 %DataRAM_19, i32 %DataRAM_20, i32 %DataRAM_21, i32 %DataRAM_22, i32 %DataRAM_23, i32 %DataRAM_24, i32 %DataRAM_25, i32 %DataRAM_26, i32 %DataRAM_27, i32 %DataRAM_28, i32 %DataRAM_29, i32 %DataRAM_30, i32 %DataRAM_31, i12 %trunc_ln119_1, i4 %trunc_ln125, i11 %trunc_ln119, i32 %NTTTWiddleRAM, i32 %NTTTWiddleRAM_1, i32 %NTTTWiddleRAM_2, i32 %NTTTWiddleRAM_3, i32 %NTTTWiddleRAM_4, i32 %NTTTWiddleRAM_5, i32 %NTTTWiddleRAM_6, i32 %NTTTWiddleRAM_7, i32 %NTTTWiddleRAM_8, i32 %NTTTWiddleRAM_9, i32 %NTTTWiddleRAM_10, i32 %NTTTWiddleRAM_11, i32 %NTTTWiddleRAM_12, i32 %NTTTWiddleRAM_13, i32 %NTTTWiddleRAM_14, i32 %NTTTWiddleRAM_15, i2 %trunc_ln11" [Crypto.cpp:115]   --->   Operation 288 'call' 'call_ln115' <Predicate = true> <Delay = 0.00> <CoreType = "Generic">   --->   Core 0 '' <Latency = 0> <II = 1> <Delay = 1.00> <Generic> <Opcode : >
ST_47 : Operation 289 [1/1] (0.00ns)   --->   "%br_ln119 = br void %for.cond144" [Crypto.cpp:119]   --->   Operation 289 'br' 'br_ln119' <Predicate = true> <Delay = 0.00>

State 48 <SV = 1> <Delay = 0.00>
ST_48 : Operation 290 [1/2] (0.00ns)   --->   "%call_ln11 = call void @Crypto_Pipeline_POLY_MUL_LOOP, i2 %trunc_ln11, i32 %DataRAM, i32 %DataRAM_1, i32 %DataRAM_2, i32 %DataRAM_3, i32 %DataRAM_4, i32 %DataRAM_5, i32 %DataRAM_6, i32 %DataRAM_7, i32 %DataRAM_8, i32 %DataRAM_9, i32 %DataRAM_10, i32 %DataRAM_11, i32 %DataRAM_12, i32 %DataRAM_13, i32 %DataRAM_14, i32 %DataRAM_15, i32 %DataRAM_16, i32 %DataRAM_17, i32 %DataRAM_18, i32 %DataRAM_19, i32 %DataRAM_20, i32 %DataRAM_21, i32 %DataRAM_22, i32 %DataRAM_23, i32 %DataRAM_24, i32 %DataRAM_25, i32 %DataRAM_26, i32 %DataRAM_27, i32 %DataRAM_28, i32 %DataRAM_29, i32 %DataRAM_30, i32 %DataRAM_31" [Crypto.cpp:11]   --->   Operation 290 'call' 'call_ln11' <Predicate = (OP_read == 2)> <Delay = 0.00> <CoreType = "Generic">   --->   Core 0 '' <Latency = 0> <II = 1> <Delay = 1.00> <Generic> <Opcode : >
ST_48 : Operation 291 [1/1] (0.00ns)   --->   "%br_ln0 = br void %sw.epilog"   --->   Operation 291 'br' 'br_ln0' <Predicate = (OP_read == 2)> <Delay = 0.00>
ST_48 : Operation 292 [1/2] (0.00ns)   --->   "%call_ln88 = call void @Crypto_Pipeline_POLY_SUB_LOOP, i32 %DataRAM_31, i32 %DataRAM_30, i32 %DataRAM_29, i32 %DataRAM_28, i32 %DataRAM_27, i32 %DataRAM_26, i32 %DataRAM_25, i32 %DataRAM_24, i32 %DataRAM_23, i32 %DataRAM_22, i32 %DataRAM_21, i32 %DataRAM_20, i32 %DataRAM_19, i32 %DataRAM_18, i32 %DataRAM_17, i32 %DataRAM_16, i32 %DataRAM_15, i32 %DataRAM_14, i32 %DataRAM_13, i32 %DataRAM_12, i32 %DataRAM_11, i32 %DataRAM_10, i32 %DataRAM_9, i32 %DataRAM_8, i32 %DataRAM_7, i32 %DataRAM_6, i32 %DataRAM_5, i32 %DataRAM_4, i32 %DataRAM_3, i32 %DataRAM_2, i32 %DataRAM_1, i32 %DataRAM, i31 %zext_ln1" [Crypto.cpp:88]   --->   Operation 292 'call' 'call_ln88' <Predicate = (OP_read == 1)> <Delay = 0.00> <CoreType = "Generic">   --->   Core 0 '' <Latency = 0> <II = 1> <Delay = 1.00> <Generic> <Opcode : >
ST_48 : Operation 293 [1/1] (0.00ns)   --->   "%br_ln0 = br void %sw.epilog"   --->   Operation 293 'br' 'br_ln0' <Predicate = (OP_read == 1)> <Delay = 0.00>
ST_48 : Operation 294 [1/2] (0.00ns)   --->   "%call_ln79 = call void @Crypto_Pipeline_VITIS_LOOP_79_1, i31 %zext_ln, i32 %DataRAM, i32 %DataRAM_1, i32 %DataRAM_2, i32 %DataRAM_3, i32 %DataRAM_4, i32 %DataRAM_5, i32 %DataRAM_6, i32 %DataRAM_7, i32 %DataRAM_8, i32 %DataRAM_9, i32 %DataRAM_10, i32 %DataRAM_11, i32 %DataRAM_12, i32 %DataRAM_13, i32 %DataRAM_14, i32 %DataRAM_15, i32 %DataRAM_16, i32 %DataRAM_17, i32 %DataRAM_18, i32 %DataRAM_19, i32 %DataRAM_20, i32 %DataRAM_21, i32 %DataRAM_22, i32 %DataRAM_23, i32 %DataRAM_24, i32 %DataRAM_25, i32 %DataRAM_26, i32 %DataRAM_27, i32 %DataRAM_28, i32 %DataRAM_29, i32 %DataRAM_30, i32 %DataRAM_31" [Crypto.cpp:79]   --->   Operation 294 'call' 'call_ln79' <Predicate = (OP_read == 0)> <Delay = 0.00> <CoreType = "Generic">   --->   Core 0 '' <Latency = 0> <II = 1> <Delay = 1.00> <Generic> <Opcode : >
ST_48 : Operation 295 [1/1] (0.00ns)   --->   "%br_ln0 = br void %sw.epilog"   --->   Operation 295 'br' 'br_ln0' <Predicate = (OP_read == 0)> <Delay = 0.00>
ST_48 : Operation 296 [1/2] (0.00ns)   --->   "%call_ln0 = call void @Crypto_Pipeline_WRITE_TWIDDLE_LOOP, i32 %NTTTWiddleRAM, i32 %NTTTWiddleRAM_1, i32 %NTTTWiddleRAM_2, i32 %NTTTWiddleRAM_3, i32 %NTTTWiddleRAM_4, i32 %NTTTWiddleRAM_5, i32 %NTTTWiddleRAM_6, i32 %NTTTWiddleRAM_7, i32 %NTTTWiddleRAM_8, i32 %NTTTWiddleRAM_9, i32 %NTTTWiddleRAM_10, i32 %NTTTWiddleRAM_11, i32 %NTTTWiddleRAM_12, i32 %NTTTWiddleRAM_13, i32 %NTTTWiddleRAM_14, i32 %NTTTWiddleRAM_15, i32 %NTTTwiddleIn, i32 %INTTTWiddleRAM, i32 %INTTTWiddleRAM_1, i32 %INTTTWiddleRAM_2, i32 %INTTTWiddleRAM_3, i32 %INTTTWiddleRAM_4, i32 %INTTTWiddleRAM_5, i32 %INTTTWiddleRAM_6, i32 %INTTTWiddleRAM_7, i32 %INTTTWiddleRAM_8, i32 %INTTTWiddleRAM_9, i32 %INTTTWiddleRAM_10, i32 %INTTTWiddleRAM_11, i32 %INTTTWiddleRAM_12, i32 %INTTTWiddleRAM_13, i32 %INTTTWiddleRAM_14, i32 %INTTTWiddleRAM_15, i32 %INTTTwiddleIn"   --->   Operation 296 'call' 'call_ln0' <Predicate = (OP_read == 7)> <Delay = 0.00> <CoreType = "Generic">   --->   Core 0 '' <Latency = 0> <II = 1> <Delay = 1.00> <Generic> <Opcode : >
ST_48 : Operation 297 [1/1] (0.00ns)   --->   "%br_ln0 = br void %sw.epilog"   --->   Operation 297 'br' 'br_ln0' <Predicate = (OP_read == 7)> <Delay = 0.00>
ST_48 : Operation 298 [1/2] (0.00ns)   --->   "%call_ln11 = call void @Crypto_Pipeline_READ_DATA_LOOP, i32 %DataRAM, i32 %DataRAM_1, i32 %DataRAM_2, i32 %DataRAM_3, i32 %DataRAM_4, i32 %DataRAM_5, i32 %DataRAM_6, i32 %DataRAM_7, i32 %DataRAM_8, i32 %DataRAM_9, i32 %DataRAM_10, i32 %DataRAM_11, i32 %DataRAM_12, i32 %DataRAM_13, i32 %DataRAM_14, i32 %DataRAM_15, i32 %DataRAM_16, i32 %DataRAM_17, i32 %DataRAM_18, i32 %DataRAM_19, i32 %DataRAM_20, i32 %DataRAM_21, i32 %DataRAM_22, i32 %DataRAM_23, i32 %DataRAM_24, i32 %DataRAM_25, i32 %DataRAM_26, i32 %DataRAM_27, i32 %DataRAM_28, i32 %DataRAM_29, i32 %DataRAM_30, i32 %DataRAM_31, i1 %empty, i32 %DataIn" [Crypto.cpp:11]   --->   Operation 298 'call' 'call_ln11' <Predicate = (OP_read == 6)> <Delay = 0.00> <CoreType = "Generic">   --->   Core 0 '' <Latency = 0> <II = 1> <Delay = 1.00> <Generic> <Opcode : >
ST_48 : Operation 299 [1/1] (0.00ns)   --->   "%br_ln0 = br void %sw.epilog"   --->   Operation 299 'br' 'br_ln0' <Predicate = (OP_read == 6)> <Delay = 0.00>
ST_48 : Operation 300 [1/2] (0.00ns)   --->   "%call_ln11 = call void @Crypto_Pipeline_WRITE_DATA_LOOP, i32 %DataRAM, i32 %DataRAM_1, i32 %DataRAM_2, i32 %DataRAM_3, i32 %DataRAM_4, i32 %DataRAM_5, i32 %DataRAM_6, i32 %DataRAM_7, i32 %DataRAM_8, i32 %DataRAM_9, i32 %DataRAM_10, i32 %DataRAM_11, i32 %DataRAM_12, i32 %DataRAM_13, i32 %DataRAM_14, i32 %DataRAM_15, i32 %DataRAM_16, i32 %DataRAM_17, i32 %DataRAM_18, i32 %DataRAM_19, i32 %DataRAM_20, i32 %DataRAM_21, i32 %DataRAM_22, i32 %DataRAM_23, i32 %DataRAM_24, i32 %DataRAM_25, i32 %DataRAM_26, i32 %DataRAM_27, i32 %DataRAM_28, i32 %DataRAM_29, i32 %DataRAM_30, i32 %DataRAM_31, i32 %DataIn, i1 %empty" [Crypto.cpp:11]   --->   Operation 300 'call' 'call_ln11' <Predicate = (OP_read == 5)> <Delay = 0.00> <CoreType = "Generic">   --->   Core 0 '' <Latency = 0> <II = 1> <Delay = 1.00> <Generic> <Opcode : >
ST_48 : Operation 301 [1/1] (0.00ns)   --->   "%br_ln0 = br void %sw.epilog"   --->   Operation 301 'br' 'br_ln0' <Predicate = (OP_read == 5)> <Delay = 0.00>

State 49 <SV = 6> <Delay = 0.00>
ST_49 : Operation 302 [1/1] (0.00ns)   --->   "%ret_ln181 = ret" [Crypto.cpp:181]   --->   Operation 302 'ret' 'ret_ln181' <Predicate = true> <Delay = 0.00>


============================================================
+ Verbose Summary: Timing violations
============================================================
Target clock period: 7.000ns, clock uncertainty: 1.890ns.

 <State 1>: 3.236ns
The critical path consists of the following:
	s_axi read operation ('OP_read', Crypto.cpp:11) on port 'OP' (Crypto.cpp:11) [8]  (1.000 ns)
	blocking operation 2.2365 ns on control path)

 <State 2>: 0.000ns
The critical path consists of the following:

 <State 3>: 0.000ns
The critical path consists of the following:

 <State 4>: 1.707ns
The critical path consists of the following:
	'mux' operation ('zext_ln3', Crypto.cpp:148) [120]  (1.707 ns)

 <State 5>: 4.135ns
The critical path consists of the following:
	'load' operation ('h', Crypto.cpp:148) on local variable 'h' [124]  (0.000 ns)
	'sdiv' operation ('ut', Crypto.cpp:150) [138]  (4.135 ns)

 <State 6>: 4.135ns
The critical path consists of the following:
	'sdiv' operation ('ut', Crypto.cpp:150) [138]  (4.135 ns)

 <State 7>: 4.135ns
The critical path consists of the following:
	'sdiv' operation ('ut', Crypto.cpp:150) [138]  (4.135 ns)

 <State 8>: 4.135ns
The critical path consists of the following:
	'sdiv' operation ('ut', Crypto.cpp:150) [138]  (4.135 ns)

 <State 9>: 4.135ns
The critical path consists of the following:
	'sdiv' operation ('ut', Crypto.cpp:150) [138]  (4.135 ns)

 <State 10>: 4.135ns
The critical path consists of the following:
	'sdiv' operation ('ut', Crypto.cpp:150) [138]  (4.135 ns)

 <State 11>: 4.135ns
The critical path consists of the following:
	'sdiv' operation ('ut', Crypto.cpp:150) [138]  (4.135 ns)

 <State 12>: 4.135ns
The critical path consists of the following:
	'sdiv' operation ('ut', Crypto.cpp:150) [138]  (4.135 ns)

 <State 13>: 4.135ns
The critical path consists of the following:
	'sdiv' operation ('ut', Crypto.cpp:150) [138]  (4.135 ns)

 <State 14>: 4.135ns
The critical path consists of the following:
	'sdiv' operation ('ut', Crypto.cpp:150) [138]  (4.135 ns)

 <State 15>: 4.135ns
The critical path consists of the following:
	'sdiv' operation ('ut', Crypto.cpp:150) [138]  (4.135 ns)

 <State 16>: 4.135ns
The critical path consists of the following:
	'sdiv' operation ('ut', Crypto.cpp:150) [138]  (4.135 ns)

 <State 17>: 4.135ns
The critical path consists of the following:
	'sdiv' operation ('ut', Crypto.cpp:150) [138]  (4.135 ns)

 <State 18>: 4.135ns
The critical path consists of the following:
	'sdiv' operation ('ut', Crypto.cpp:150) [138]  (4.135 ns)

 <State 19>: 4.135ns
The critical path consists of the following:
	'sdiv' operation ('ut', Crypto.cpp:150) [138]  (4.135 ns)

 <State 20>: 4.135ns
The critical path consists of the following:
	'sdiv' operation ('ut', Crypto.cpp:150) [138]  (4.135 ns)

 <State 21>: 4.135ns
The critical path consists of the following:
	'sdiv' operation ('ut', Crypto.cpp:150) [138]  (4.135 ns)

 <State 22>: 4.135ns
The critical path consists of the following:
	'sdiv' operation ('ut', Crypto.cpp:150) [138]  (4.135 ns)

 <State 23>: 4.135ns
The critical path consists of the following:
	'sdiv' operation ('ut', Crypto.cpp:150) [138]  (4.135 ns)

 <State 24>: 4.799ns
The critical path consists of the following:
	'phi' operation ('i', Crypto.cpp:153) with incoming values : ('add_ln153', Crypto.cpp:153) [145]  (0.000 ns)
	'add' operation ('add_ln153', Crypto.cpp:153) [154]  (3.520 ns)
	blocking operation 1.27867 ns on control path)

 <State 25>: 0.000ns
The critical path consists of the following:

 <State 26>: 0.000ns
The critical path consists of the following:

 <State 27>: 4.135ns
The critical path consists of the following:
	'load' operation ('h', Crypto.cpp:114) on local variable 'h' [172]  (0.000 ns)
	'sdiv' operation ('ut', Crypto.cpp:116) [186]  (4.135 ns)

 <State 28>: 4.135ns
The critical path consists of the following:
	'sdiv' operation ('ut', Crypto.cpp:116) [186]  (4.135 ns)

 <State 29>: 4.135ns
The critical path consists of the following:
	'sdiv' operation ('ut', Crypto.cpp:116) [186]  (4.135 ns)

 <State 30>: 4.135ns
The critical path consists of the following:
	'sdiv' operation ('ut', Crypto.cpp:116) [186]  (4.135 ns)

 <State 31>: 4.135ns
The critical path consists of the following:
	'sdiv' operation ('ut', Crypto.cpp:116) [186]  (4.135 ns)

 <State 32>: 4.135ns
The critical path consists of the following:
	'sdiv' operation ('ut', Crypto.cpp:116) [186]  (4.135 ns)

 <State 33>: 4.135ns
The critical path consists of the following:
	'sdiv' operation ('ut', Crypto.cpp:116) [186]  (4.135 ns)

 <State 34>: 4.135ns
The critical path consists of the following:
	'sdiv' operation ('ut', Crypto.cpp:116) [186]  (4.135 ns)

 <State 35>: 4.135ns
The critical path consists of the following:
	'sdiv' operation ('ut', Crypto.cpp:116) [186]  (4.135 ns)

 <State 36>: 4.135ns
The critical path consists of the following:
	'sdiv' operation ('ut', Crypto.cpp:116) [186]  (4.135 ns)

 <State 37>: 4.135ns
The critical path consists of the following:
	'sdiv' operation ('ut', Crypto.cpp:116) [186]  (4.135 ns)

 <State 38>: 4.135ns
The critical path consists of the following:
	'sdiv' operation ('ut', Crypto.cpp:116) [186]  (4.135 ns)

 <State 39>: 4.135ns
The critical path consists of the following:
	'sdiv' operation ('ut', Crypto.cpp:116) [186]  (4.135 ns)

 <State 40>: 4.135ns
The critical path consists of the following:
	'sdiv' operation ('ut', Crypto.cpp:116) [186]  (4.135 ns)

 <State 41>: 4.135ns
The critical path consists of the following:
	'sdiv' operation ('ut', Crypto.cpp:116) [186]  (4.135 ns)

 <State 42>: 4.135ns
The critical path consists of the following:
	'sdiv' operation ('ut', Crypto.cpp:116) [186]  (4.135 ns)

 <State 43>: 4.135ns
The critical path consists of the following:
	'sdiv' operation ('ut', Crypto.cpp:116) [186]  (4.135 ns)

 <State 44>: 4.135ns
The critical path consists of the following:
	'sdiv' operation ('ut', Crypto.cpp:116) [186]  (4.135 ns)

 <State 45>: 4.135ns
The critical path consists of the following:
	'sdiv' operation ('ut', Crypto.cpp:116) [186]  (4.135 ns)

 <State 46>: 4.799ns
The critical path consists of the following:
	'phi' operation ('i', Crypto.cpp:119) with incoming values : ('add_ln119', Crypto.cpp:119) [193]  (0.000 ns)
	'add' operation ('add_ln119', Crypto.cpp:119) [202]  (3.520 ns)
	blocking operation 1.27867 ns on control path)

 <State 47>: 0.000ns
The critical path consists of the following:

 <State 48>: 0.000ns
The critical path consists of the following:

 <State 49>: 0.000ns
The critical path consists of the following:


============================================================
+ Verbose Summary: Binding
============================================================
N/A
* FSMD analyzer results:
  - Output states:
 - Input state : 
  - Chain level:
	State 1
	State 2
	State 3
	State 4
	State 5
	State 6
	State 7
	State 8
	State 9
	State 10
	State 11
	State 12
	State 13
	State 14
	State 15
	State 16
	State 17
	State 18
	State 19
	State 20
	State 21
	State 22
	State 23
	State 24
	State 25
	State 26
	State 27
	State 28
	State 29
	State 30
	State 31
	State 32
	State 33
	State 34
	State 35
	State 36
	State 37
	State 38
	State 39
	State 40
	State 41
	State 42
	State 43
	State 44
	State 45
	State 46
	State 47
	State 48
	State 49


============================================================
+ Verbose Summary: Datapath Resource usage 
============================================================
N/A
