

================================================================
== Vitis HLS Report for 'Crypto1_Pipeline_VITIS_LOOP_411_1125'
================================================================
* Date:           Thu Mar 27 00:01:03 2025

* Version:        2023.1 (Build 3854077 on May  4 2023)
* Project:        Crypto
* Solution:       solution1 (Vivado IP Flow Target)
* Product family: zynq
* Target device:  xc7z020-clg400-1


================================================================
== Performance Estimates
================================================================
+ Timing: 
    * Summary: 
    +--------+---------+----------+------------+
    |  Clock |  Target | Estimated| Uncertainty|
    +--------+---------+----------+------------+
    |ap_clk  |  8.00 ns|  5.802 ns|     2.16 ns|
    +--------+---------+----------+------------+

+ Latency: 
    * Summary: 
    +---------+---------+----------+----------+-----+-----+---------+
    |  Latency (cycles) |  Latency (absolute) |  Interval | Pipeline|
    |   min   |   max   |    min   |    max   | min | max |   Type  |
    +---------+---------+----------+----------+-----+-----+---------+
    |       55|       55|  0.440 us|  0.440 us|   55|   55|       no|
    +---------+---------+----------+----------+-----+-----+---------+

    + Detail: 
        * Instance: 
        +------------------------------+-------------------+---------+---------+----------+----------+-----+-----+---------+
        |                              |                   |  Latency (cycles) |  Latency (absolute) |  Interval | Pipeline|
        |           Instance           |       Module      |   min   |   max   |    min   |    max   | min | max |   Type  |
        +------------------------------+-------------------+---------+---------+----------+----------+-----+-----+---------+
        |grp_Configurable_PE_2_fu_181  |Configurable_PE_2  |       18|       18|  0.144 us|  0.144 us|    1|    1|      yes|
        |grp_Configurable_PE_2_fu_192  |Configurable_PE_2  |       18|       18|  0.144 us|  0.144 us|    1|    1|      yes|
        +------------------------------+-------------------+---------+---------+----------+----------+-----+-----+---------+

        * Loop: 
        +---------------------+---------+---------+----------+-----------+-----------+------+----------+
        |                     |  Latency (cycles) | Iteration|  Initiation Interval  | Trip |          |
        |      Loop Name      |   min   |   max   |  Latency |  achieved |   target  | Count| Pipelined|
        +---------------------+---------+---------+----------+-----------+-----------+------+----------+
        |- VITIS_LOOP_411_11  |       53|       53|        23|          1|          1|    32|       yes|
        +---------------------+---------+---------+----------+-----------+-----------+------+----------+

============================================================
+ Verbose Summary: Synthesis Manager
============================================================
InlineROM: 1
ExposeGlobal: 0
============================================================
+ Verbose Summary: CDFG Model
============================================================
IsTopModel: 0
ResetActiveHigh: 1
IsCombinational: 0
IsDatapathOnly: 0
HasWiredReturn: 1
HasMFsm: 2
HasVarLatency: 1
IsPipeline: 0
IsRtlPipelined: 0
IsInstanceOverlapped: 0
IsDontTouch: 0
HasImplIP: 0
IsGatedGlobalClock: 0

+ Individual pipeline summary: 
  * Pipeline-0: initiation interval (II) = 1, depth = 23


============================================================
+ Verbose Summary: Schedule
============================================================
* Number of FSM states : 23
* Pipeline : 1
  Pipeline-0 : II = 1, D = 23, States = { 1 2 3 4 5 6 7 8 9 10 11 12 13 14 15 16 17 18 19 20 21 22 23 }
* Dataflow Pipeline: 0

* FSM state transitions: 
1 --> 2 
2 --> 3 
3 --> 4 
4 --> 5 
5 --> 6 
6 --> 7 
7 --> 8 
8 --> 9 
9 --> 10 
10 --> 11 
11 --> 12 
12 --> 13 
13 --> 14 
14 --> 15 
15 --> 16 
16 --> 17 
17 --> 18 
18 --> 19 
19 --> 20 
20 --> 21 
21 --> 22 
22 --> 23 
23 --> 

* FSM state operations: 

State 1 <SV = 0> <Delay = 3.41>
ST_1 : Operation 26 [1/1] (0.00ns)   --->   "%global_pair_index = alloca i32 1"   --->   Operation 26 'alloca' 'global_pair_index' <Predicate = true> <Delay = 0.00>
ST_1 : Operation 27 [1/1] (0.00ns)   --->   "%TwiddleFactor_5_read = read i32 @_ssdm_op_Read.ap_auto.i32, i32 %TwiddleFactor_5"   --->   Operation 27 'read' 'TwiddleFactor_5_read' <Predicate = true> <Delay = 0.00>
ST_1 : Operation 28 [1/1] (1.58ns)   --->   "%store_ln0 = store i6 0, i6 %global_pair_index"   --->   Operation 28 'store' 'store_ln0' <Predicate = true> <Delay = 1.58>
ST_1 : Operation 29 [1/1] (0.00ns)   --->   "%br_ln0 = br void %for.inc884.2"   --->   Operation 29 'br' 'br_ln0' <Predicate = true> <Delay = 0.00>
ST_1 : Operation 30 [1/1] (0.00ns)   --->   "%m = load i6 %global_pair_index"   --->   Operation 30 'load' 'm' <Predicate = true> <Delay = 0.00>
ST_1 : Operation 31 [1/1] (0.00ns)   --->   "%specpipeline_ln0 = specpipeline void @_ssdm_op_SpecPipeline, i32 4294967295, i32 0, i32 1, i32 0, void @p_str"   --->   Operation 31 'specpipeline' 'specpipeline_ln0' <Predicate = true> <Delay = 0.00>
ST_1 : Operation 32 [1/1] (1.82ns)   --->   "%icmp_ln411 = icmp_eq  i6 %m, i6 32" [Crypto1.cpp:411]   --->   Operation 32 'icmp' 'icmp_ln411' <Predicate = true> <Delay = 1.82> <CoreInst = "Cmp">   --->   Core 9 'Cmp' <Latency = 0> <II = 1> <Delay = 1.82> <FuncUnit> <Opcode : 'icmp'> <InPorts = 2> <OutPorts = 1>
ST_1 : Operation 33 [1/1] (1.82ns)   --->   "%add_ln411 = add i6 %m, i6 1" [Crypto1.cpp:411]   --->   Operation 33 'add' 'add_ln411' <Predicate = true> <Delay = 1.82> <CoreInst = "Adder">   --->   Core 1 'Adder' <Latency = 0> <II = 1> <Delay = 1.82> <FuncUnit> <Opcode : 'add' 'sub'> <InPorts = 2> <OutPorts = 1>
ST_1 : Operation 34 [1/1] (0.00ns)   --->   "%br_ln411 = br i1 %icmp_ln411, void %for.inc884.2.split, void %for.body894.2.preheader.exitStub" [Crypto1.cpp:411]   --->   Operation 34 'br' 'br_ln411' <Predicate = true> <Delay = 0.00>
ST_1 : Operation 35 [1/1] (0.00ns)   --->   "%empty = trunc i6 %m"   --->   Operation 35 'trunc' 'empty' <Predicate = (!icmp_ln411)> <Delay = 0.00>
ST_1 : Operation 36 [1/1] (0.00ns)   --->   "%speclooptripcount_ln411 = speclooptripcount void @_ssdm_op_SpecLoopTripCount, i64 32, i64 32, i64 32" [Crypto1.cpp:411]   --->   Operation 36 'speclooptripcount' 'speclooptripcount_ln411' <Predicate = (!icmp_ln411)> <Delay = 0.00>
ST_1 : Operation 37 [1/1] (0.00ns)   --->   "%specloopname_ln411 = specloopname void @_ssdm_op_SpecLoopName, void @empty_31" [Crypto1.cpp:411]   --->   Operation 37 'specloopname' 'specloopname_ln411' <Predicate = (!icmp_ln411)> <Delay = 0.00>
ST_1 : Operation 38 [1/1] (0.00ns)   --->   "%lshr_ln414_2 = partselect i4 @_ssdm_op_PartSelect.i4.i6.i32.i32, i6 %m, i32 1, i32 4" [Crypto1.cpp:414]   --->   Operation 38 'partselect' 'lshr_ln414_2' <Predicate = (!icmp_ln411)> <Delay = 0.00>
ST_1 : Operation 39 [1/1] (0.00ns)   --->   "%zext_ln414 = zext i4 %lshr_ln414_2" [Crypto1.cpp:414]   --->   Operation 39 'zext' 'zext_ln414' <Predicate = (!icmp_ln411)> <Delay = 0.00>
ST_1 : Operation 40 [1/1] (0.00ns)   --->   "%PermuteData_addr = getelementptr i32 %PermuteData, i64 0, i64 %zext_ln414" [Crypto1.cpp:415]   --->   Operation 40 'getelementptr' 'PermuteData_addr' <Predicate = (!icmp_ln411)> <Delay = 0.00>
ST_1 : Operation 41 [1/1] (0.00ns)   --->   "%PermuteData_2_addr = getelementptr i32 %PermuteData_2, i64 0, i64 %zext_ln414" [Crypto1.cpp:415]   --->   Operation 41 'getelementptr' 'PermuteData_2_addr' <Predicate = (!icmp_ln411)> <Delay = 0.00>
ST_1 : Operation 42 [1/1] (0.00ns)   --->   "%PermuteData_1_addr = getelementptr i32 %PermuteData_1, i64 0, i64 %zext_ln414" [Crypto1.cpp:415]   --->   Operation 42 'getelementptr' 'PermuteData_1_addr' <Predicate = (!icmp_ln411)> <Delay = 0.00>
ST_1 : Operation 43 [1/1] (0.00ns)   --->   "%PermuteData_3_addr = getelementptr i32 %PermuteData_3, i64 0, i64 %zext_ln414" [Crypto1.cpp:415]   --->   Operation 43 'getelementptr' 'PermuteData_3_addr' <Predicate = (!icmp_ln411)> <Delay = 0.00>
ST_1 : Operation 44 [1/1] (0.00ns)   --->   "%NTTData_addr = getelementptr i32 %NTTData, i64 0, i64 %zext_ln414" [Crypto1.cpp:415]   --->   Operation 44 'getelementptr' 'NTTData_addr' <Predicate = (!icmp_ln411)> <Delay = 0.00>
ST_1 : Operation 45 [1/1] (0.00ns)   --->   "%NTTData_2_addr = getelementptr i32 %NTTData_2, i64 0, i64 %zext_ln414" [Crypto1.cpp:415]   --->   Operation 45 'getelementptr' 'NTTData_2_addr' <Predicate = (!icmp_ln411)> <Delay = 0.00>
ST_1 : Operation 46 [1/1] (0.00ns)   --->   "%NTTData_1_addr = getelementptr i32 %NTTData_1, i64 0, i64 %zext_ln414" [Crypto1.cpp:415]   --->   Operation 46 'getelementptr' 'NTTData_1_addr' <Predicate = (!icmp_ln411)> <Delay = 0.00>
ST_1 : Operation 47 [1/1] (0.00ns)   --->   "%NTTData_3_addr = getelementptr i32 %NTTData_3, i64 0, i64 %zext_ln414" [Crypto1.cpp:415]   --->   Operation 47 'getelementptr' 'NTTData_3_addr' <Predicate = (!icmp_ln411)> <Delay = 0.00>
ST_1 : Operation 48 [1/1] (0.00ns)   --->   "%br_ln415 = br i1 %empty, void %xlx_occurrence.arrayidx875.2.case.0.1, void %xlx_occurrence.arrayidx875.2.case.2.0" [Crypto1.cpp:415]   --->   Operation 48 'br' 'br_ln415' <Predicate = (!icmp_ln411)> <Delay = 0.00>
ST_1 : Operation 49 [2/2] (2.32ns)   --->   "%PermuteData_load = load i4 %PermuteData_addr" [Crypto1.cpp:415]   --->   Operation 49 'load' 'PermuteData_load' <Predicate = (!icmp_ln411 & !empty)> <Delay = 2.32> <CoreInst = "RAM">   --->   Core 82 'RAM' <Latency = 1> <II = 1> <Delay = 2.32> <Storage> <Opcode : 'load' 'store'> <Ports = 2> <Width = 32> <Depth = 16> <RAM>
ST_1 : Operation 50 [2/2] (2.32ns)   --->   "%PermuteData_1_load = load i4 %PermuteData_1_addr" [Crypto1.cpp:415]   --->   Operation 50 'load' 'PermuteData_1_load' <Predicate = (!icmp_ln411 & !empty)> <Delay = 2.32> <CoreInst = "RAM">   --->   Core 82 'RAM' <Latency = 1> <II = 1> <Delay = 2.32> <Storage> <Opcode : 'load' 'store'> <Ports = 2> <Width = 32> <Depth = 16> <RAM>
ST_1 : Operation 51 [2/2] (2.32ns)   --->   "%PermuteData_2_load = load i4 %PermuteData_2_addr" [Crypto1.cpp:415]   --->   Operation 51 'load' 'PermuteData_2_load' <Predicate = (!icmp_ln411 & empty)> <Delay = 2.32> <CoreInst = "RAM">   --->   Core 82 'RAM' <Latency = 1> <II = 1> <Delay = 2.32> <Storage> <Opcode : 'load' 'store'> <Ports = 2> <Width = 32> <Depth = 16> <RAM>
ST_1 : Operation 52 [2/2] (2.32ns)   --->   "%PermuteData_3_load = load i4 %PermuteData_3_addr" [Crypto1.cpp:415]   --->   Operation 52 'load' 'PermuteData_3_load' <Predicate = (!icmp_ln411 & empty)> <Delay = 2.32> <CoreInst = "RAM">   --->   Core 82 'RAM' <Latency = 1> <II = 1> <Delay = 2.32> <Storage> <Opcode : 'load' 'store'> <Ports = 2> <Width = 32> <Depth = 16> <RAM>
ST_1 : Operation 53 [1/1] (1.58ns)   --->   "%store_ln411 = store i6 %add_ln411, i6 %global_pair_index" [Crypto1.cpp:411]   --->   Operation 53 'store' 'store_ln411' <Predicate = (!icmp_ln411)> <Delay = 1.58>
ST_1 : Operation 54 [1/1] (0.00ns)   --->   "%br_ln411 = br void %for.inc884.2" [Crypto1.cpp:411]   --->   Operation 54 'br' 'br_ln411' <Predicate = (!icmp_ln411)> <Delay = 0.00>

State 2 <SV = 1> <Delay = 2.32>
ST_2 : Operation 55 [1/2] (2.32ns)   --->   "%PermuteData_load = load i4 %PermuteData_addr" [Crypto1.cpp:415]   --->   Operation 55 'load' 'PermuteData_load' <Predicate = (!empty)> <Delay = 2.32> <CoreInst = "RAM">   --->   Core 82 'RAM' <Latency = 1> <II = 1> <Delay = 2.32> <Storage> <Opcode : 'load' 'store'> <Ports = 2> <Width = 32> <Depth = 16> <RAM>
ST_2 : Operation 56 [1/2] (2.32ns)   --->   "%PermuteData_1_load = load i4 %PermuteData_1_addr" [Crypto1.cpp:415]   --->   Operation 56 'load' 'PermuteData_1_load' <Predicate = (!empty)> <Delay = 2.32> <CoreInst = "RAM">   --->   Core 82 'RAM' <Latency = 1> <II = 1> <Delay = 2.32> <Storage> <Opcode : 'load' 'store'> <Ports = 2> <Width = 32> <Depth = 16> <RAM>
ST_2 : Operation 57 [1/2] (2.32ns)   --->   "%PermuteData_2_load = load i4 %PermuteData_2_addr" [Crypto1.cpp:415]   --->   Operation 57 'load' 'PermuteData_2_load' <Predicate = (empty)> <Delay = 2.32> <CoreInst = "RAM">   --->   Core 82 'RAM' <Latency = 1> <II = 1> <Delay = 2.32> <Storage> <Opcode : 'load' 'store'> <Ports = 2> <Width = 32> <Depth = 16> <RAM>
ST_2 : Operation 58 [1/2] (2.32ns)   --->   "%PermuteData_3_load = load i4 %PermuteData_3_addr" [Crypto1.cpp:415]   --->   Operation 58 'load' 'PermuteData_3_load' <Predicate = (empty)> <Delay = 2.32> <CoreInst = "RAM">   --->   Core 82 'RAM' <Latency = 1> <II = 1> <Delay = 2.32> <Storage> <Opcode : 'load' 'store'> <Ports = 2> <Width = 32> <Depth = 16> <RAM>

State 3 <SV = 2> <Delay = 5.80>
ST_3 : Operation 59 [20/20] (5.80ns)   --->   "%call_ret1 = call i64 @Configurable_PE.2, i32 %PermuteData_load, i32 %PermuteData_1_load, i32 %TwiddleFactor_5_read, i2 2, i3 4" [Crypto1.cpp:415]   --->   Operation 59 'call' 'call_ret1' <Predicate = (!icmp_ln411 & !empty)> <Delay = 5.80> <CoreType = "Generic">   --->   Core 0 '' <Latency = 0> <II = 1> <Delay = 1.00> <Generic> <Opcode : >
ST_3 : Operation 60 [20/20] (5.80ns)   --->   "%call_ret = call i64 @Configurable_PE.2, i32 %PermuteData_2_load, i32 %PermuteData_3_load, i32 %TwiddleFactor_5_read, i2 2, i3 4" [Crypto1.cpp:415]   --->   Operation 60 'call' 'call_ret' <Predicate = (!icmp_ln411 & empty)> <Delay = 5.80> <CoreType = "Generic">   --->   Core 0 '' <Latency = 0> <II = 1> <Delay = 1.00> <Generic> <Opcode : >

State 4 <SV = 3> <Delay = 5.80>
ST_4 : Operation 61 [19/20] (5.80ns)   --->   "%call_ret1 = call i64 @Configurable_PE.2, i32 %PermuteData_load, i32 %PermuteData_1_load, i32 %TwiddleFactor_5_read, i2 2, i3 4" [Crypto1.cpp:415]   --->   Operation 61 'call' 'call_ret1' <Predicate = (!icmp_ln411 & !empty)> <Delay = 5.80> <CoreType = "Generic">   --->   Core 0 '' <Latency = 0> <II = 1> <Delay = 1.00> <Generic> <Opcode : >
ST_4 : Operation 62 [19/20] (5.80ns)   --->   "%call_ret = call i64 @Configurable_PE.2, i32 %PermuteData_2_load, i32 %PermuteData_3_load, i32 %TwiddleFactor_5_read, i2 2, i3 4" [Crypto1.cpp:415]   --->   Operation 62 'call' 'call_ret' <Predicate = (!icmp_ln411 & empty)> <Delay = 5.80> <CoreType = "Generic">   --->   Core 0 '' <Latency = 0> <II = 1> <Delay = 1.00> <Generic> <Opcode : >

State 5 <SV = 4> <Delay = 5.80>
ST_5 : Operation 63 [18/20] (5.80ns)   --->   "%call_ret1 = call i64 @Configurable_PE.2, i32 %PermuteData_load, i32 %PermuteData_1_load, i32 %TwiddleFactor_5_read, i2 2, i3 4" [Crypto1.cpp:415]   --->   Operation 63 'call' 'call_ret1' <Predicate = (!icmp_ln411 & !empty)> <Delay = 5.80> <CoreType = "Generic">   --->   Core 0 '' <Latency = 0> <II = 1> <Delay = 1.00> <Generic> <Opcode : >
ST_5 : Operation 64 [18/20] (5.80ns)   --->   "%call_ret = call i64 @Configurable_PE.2, i32 %PermuteData_2_load, i32 %PermuteData_3_load, i32 %TwiddleFactor_5_read, i2 2, i3 4" [Crypto1.cpp:415]   --->   Operation 64 'call' 'call_ret' <Predicate = (!icmp_ln411 & empty)> <Delay = 5.80> <CoreType = "Generic">   --->   Core 0 '' <Latency = 0> <II = 1> <Delay = 1.00> <Generic> <Opcode : >

State 6 <SV = 5> <Delay = 5.80>
ST_6 : Operation 65 [17/20] (5.80ns)   --->   "%call_ret1 = call i64 @Configurable_PE.2, i32 %PermuteData_load, i32 %PermuteData_1_load, i32 %TwiddleFactor_5_read, i2 2, i3 4" [Crypto1.cpp:415]   --->   Operation 65 'call' 'call_ret1' <Predicate = (!icmp_ln411 & !empty)> <Delay = 5.80> <CoreType = "Generic">   --->   Core 0 '' <Latency = 0> <II = 1> <Delay = 1.00> <Generic> <Opcode : >
ST_6 : Operation 66 [17/20] (5.80ns)   --->   "%call_ret = call i64 @Configurable_PE.2, i32 %PermuteData_2_load, i32 %PermuteData_3_load, i32 %TwiddleFactor_5_read, i2 2, i3 4" [Crypto1.cpp:415]   --->   Operation 66 'call' 'call_ret' <Predicate = (!icmp_ln411 & empty)> <Delay = 5.80> <CoreType = "Generic">   --->   Core 0 '' <Latency = 0> <II = 1> <Delay = 1.00> <Generic> <Opcode : >

State 7 <SV = 6> <Delay = 5.80>
ST_7 : Operation 67 [16/20] (5.80ns)   --->   "%call_ret1 = call i64 @Configurable_PE.2, i32 %PermuteData_load, i32 %PermuteData_1_load, i32 %TwiddleFactor_5_read, i2 2, i3 4" [Crypto1.cpp:415]   --->   Operation 67 'call' 'call_ret1' <Predicate = (!icmp_ln411 & !empty)> <Delay = 5.80> <CoreType = "Generic">   --->   Core 0 '' <Latency = 0> <II = 1> <Delay = 1.00> <Generic> <Opcode : >
ST_7 : Operation 68 [16/20] (5.80ns)   --->   "%call_ret = call i64 @Configurable_PE.2, i32 %PermuteData_2_load, i32 %PermuteData_3_load, i32 %TwiddleFactor_5_read, i2 2, i3 4" [Crypto1.cpp:415]   --->   Operation 68 'call' 'call_ret' <Predicate = (!icmp_ln411 & empty)> <Delay = 5.80> <CoreType = "Generic">   --->   Core 0 '' <Latency = 0> <II = 1> <Delay = 1.00> <Generic> <Opcode : >

State 8 <SV = 7> <Delay = 5.80>
ST_8 : Operation 69 [15/20] (5.80ns)   --->   "%call_ret1 = call i64 @Configurable_PE.2, i32 %PermuteData_load, i32 %PermuteData_1_load, i32 %TwiddleFactor_5_read, i2 2, i3 4" [Crypto1.cpp:415]   --->   Operation 69 'call' 'call_ret1' <Predicate = (!icmp_ln411 & !empty)> <Delay = 5.80> <CoreType = "Generic">   --->   Core 0 '' <Latency = 0> <II = 1> <Delay = 1.00> <Generic> <Opcode : >
ST_8 : Operation 70 [15/20] (5.80ns)   --->   "%call_ret = call i64 @Configurable_PE.2, i32 %PermuteData_2_load, i32 %PermuteData_3_load, i32 %TwiddleFactor_5_read, i2 2, i3 4" [Crypto1.cpp:415]   --->   Operation 70 'call' 'call_ret' <Predicate = (!icmp_ln411 & empty)> <Delay = 5.80> <CoreType = "Generic">   --->   Core 0 '' <Latency = 0> <II = 1> <Delay = 1.00> <Generic> <Opcode : >

State 9 <SV = 8> <Delay = 5.80>
ST_9 : Operation 71 [14/20] (5.80ns)   --->   "%call_ret1 = call i64 @Configurable_PE.2, i32 %PermuteData_load, i32 %PermuteData_1_load, i32 %TwiddleFactor_5_read, i2 2, i3 4" [Crypto1.cpp:415]   --->   Operation 71 'call' 'call_ret1' <Predicate = (!icmp_ln411 & !empty)> <Delay = 5.80> <CoreType = "Generic">   --->   Core 0 '' <Latency = 0> <II = 1> <Delay = 1.00> <Generic> <Opcode : >
ST_9 : Operation 72 [14/20] (5.80ns)   --->   "%call_ret = call i64 @Configurable_PE.2, i32 %PermuteData_2_load, i32 %PermuteData_3_load, i32 %TwiddleFactor_5_read, i2 2, i3 4" [Crypto1.cpp:415]   --->   Operation 72 'call' 'call_ret' <Predicate = (!icmp_ln411 & empty)> <Delay = 5.80> <CoreType = "Generic">   --->   Core 0 '' <Latency = 0> <II = 1> <Delay = 1.00> <Generic> <Opcode : >

State 10 <SV = 9> <Delay = 5.80>
ST_10 : Operation 73 [13/20] (5.80ns)   --->   "%call_ret1 = call i64 @Configurable_PE.2, i32 %PermuteData_load, i32 %PermuteData_1_load, i32 %TwiddleFactor_5_read, i2 2, i3 4" [Crypto1.cpp:415]   --->   Operation 73 'call' 'call_ret1' <Predicate = (!icmp_ln411 & !empty)> <Delay = 5.80> <CoreType = "Generic">   --->   Core 0 '' <Latency = 0> <II = 1> <Delay = 1.00> <Generic> <Opcode : >
ST_10 : Operation 74 [13/20] (5.80ns)   --->   "%call_ret = call i64 @Configurable_PE.2, i32 %PermuteData_2_load, i32 %PermuteData_3_load, i32 %TwiddleFactor_5_read, i2 2, i3 4" [Crypto1.cpp:415]   --->   Operation 74 'call' 'call_ret' <Predicate = (!icmp_ln411 & empty)> <Delay = 5.80> <CoreType = "Generic">   --->   Core 0 '' <Latency = 0> <II = 1> <Delay = 1.00> <Generic> <Opcode : >

State 11 <SV = 10> <Delay = 5.80>
ST_11 : Operation 75 [12/20] (5.80ns)   --->   "%call_ret1 = call i64 @Configurable_PE.2, i32 %PermuteData_load, i32 %PermuteData_1_load, i32 %TwiddleFactor_5_read, i2 2, i3 4" [Crypto1.cpp:415]   --->   Operation 75 'call' 'call_ret1' <Predicate = (!icmp_ln411 & !empty)> <Delay = 5.80> <CoreType = "Generic">   --->   Core 0 '' <Latency = 0> <II = 1> <Delay = 1.00> <Generic> <Opcode : >
ST_11 : Operation 76 [12/20] (5.80ns)   --->   "%call_ret = call i64 @Configurable_PE.2, i32 %PermuteData_2_load, i32 %PermuteData_3_load, i32 %TwiddleFactor_5_read, i2 2, i3 4" [Crypto1.cpp:415]   --->   Operation 76 'call' 'call_ret' <Predicate = (!icmp_ln411 & empty)> <Delay = 5.80> <CoreType = "Generic">   --->   Core 0 '' <Latency = 0> <II = 1> <Delay = 1.00> <Generic> <Opcode : >

State 12 <SV = 11> <Delay = 5.80>
ST_12 : Operation 77 [11/20] (5.80ns)   --->   "%call_ret1 = call i64 @Configurable_PE.2, i32 %PermuteData_load, i32 %PermuteData_1_load, i32 %TwiddleFactor_5_read, i2 2, i3 4" [Crypto1.cpp:415]   --->   Operation 77 'call' 'call_ret1' <Predicate = (!icmp_ln411 & !empty)> <Delay = 5.80> <CoreType = "Generic">   --->   Core 0 '' <Latency = 0> <II = 1> <Delay = 1.00> <Generic> <Opcode : >
ST_12 : Operation 78 [11/20] (5.80ns)   --->   "%call_ret = call i64 @Configurable_PE.2, i32 %PermuteData_2_load, i32 %PermuteData_3_load, i32 %TwiddleFactor_5_read, i2 2, i3 4" [Crypto1.cpp:415]   --->   Operation 78 'call' 'call_ret' <Predicate = (!icmp_ln411 & empty)> <Delay = 5.80> <CoreType = "Generic">   --->   Core 0 '' <Latency = 0> <II = 1> <Delay = 1.00> <Generic> <Opcode : >

State 13 <SV = 12> <Delay = 5.80>
ST_13 : Operation 79 [10/20] (5.80ns)   --->   "%call_ret1 = call i64 @Configurable_PE.2, i32 %PermuteData_load, i32 %PermuteData_1_load, i32 %TwiddleFactor_5_read, i2 2, i3 4" [Crypto1.cpp:415]   --->   Operation 79 'call' 'call_ret1' <Predicate = (!icmp_ln411 & !empty)> <Delay = 5.80> <CoreType = "Generic">   --->   Core 0 '' <Latency = 0> <II = 1> <Delay = 1.00> <Generic> <Opcode : >
ST_13 : Operation 80 [10/20] (5.80ns)   --->   "%call_ret = call i64 @Configurable_PE.2, i32 %PermuteData_2_load, i32 %PermuteData_3_load, i32 %TwiddleFactor_5_read, i2 2, i3 4" [Crypto1.cpp:415]   --->   Operation 80 'call' 'call_ret' <Predicate = (!icmp_ln411 & empty)> <Delay = 5.80> <CoreType = "Generic">   --->   Core 0 '' <Latency = 0> <II = 1> <Delay = 1.00> <Generic> <Opcode : >

State 14 <SV = 13> <Delay = 5.80>
ST_14 : Operation 81 [9/20] (5.80ns)   --->   "%call_ret1 = call i64 @Configurable_PE.2, i32 %PermuteData_load, i32 %PermuteData_1_load, i32 %TwiddleFactor_5_read, i2 2, i3 4" [Crypto1.cpp:415]   --->   Operation 81 'call' 'call_ret1' <Predicate = (!icmp_ln411 & !empty)> <Delay = 5.80> <CoreType = "Generic">   --->   Core 0 '' <Latency = 0> <II = 1> <Delay = 1.00> <Generic> <Opcode : >
ST_14 : Operation 82 [9/20] (5.80ns)   --->   "%call_ret = call i64 @Configurable_PE.2, i32 %PermuteData_2_load, i32 %PermuteData_3_load, i32 %TwiddleFactor_5_read, i2 2, i3 4" [Crypto1.cpp:415]   --->   Operation 82 'call' 'call_ret' <Predicate = (!icmp_ln411 & empty)> <Delay = 5.80> <CoreType = "Generic">   --->   Core 0 '' <Latency = 0> <II = 1> <Delay = 1.00> <Generic> <Opcode : >

State 15 <SV = 14> <Delay = 5.80>
ST_15 : Operation 83 [8/20] (5.80ns)   --->   "%call_ret1 = call i64 @Configurable_PE.2, i32 %PermuteData_load, i32 %PermuteData_1_load, i32 %TwiddleFactor_5_read, i2 2, i3 4" [Crypto1.cpp:415]   --->   Operation 83 'call' 'call_ret1' <Predicate = (!icmp_ln411 & !empty)> <Delay = 5.80> <CoreType = "Generic">   --->   Core 0 '' <Latency = 0> <II = 1> <Delay = 1.00> <Generic> <Opcode : >
ST_15 : Operation 84 [8/20] (5.80ns)   --->   "%call_ret = call i64 @Configurable_PE.2, i32 %PermuteData_2_load, i32 %PermuteData_3_load, i32 %TwiddleFactor_5_read, i2 2, i3 4" [Crypto1.cpp:415]   --->   Operation 84 'call' 'call_ret' <Predicate = (!icmp_ln411 & empty)> <Delay = 5.80> <CoreType = "Generic">   --->   Core 0 '' <Latency = 0> <II = 1> <Delay = 1.00> <Generic> <Opcode : >

State 16 <SV = 15> <Delay = 5.80>
ST_16 : Operation 85 [7/20] (5.80ns)   --->   "%call_ret1 = call i64 @Configurable_PE.2, i32 %PermuteData_load, i32 %PermuteData_1_load, i32 %TwiddleFactor_5_read, i2 2, i3 4" [Crypto1.cpp:415]   --->   Operation 85 'call' 'call_ret1' <Predicate = (!icmp_ln411 & !empty)> <Delay = 5.80> <CoreType = "Generic">   --->   Core 0 '' <Latency = 0> <II = 1> <Delay = 1.00> <Generic> <Opcode : >
ST_16 : Operation 86 [7/20] (5.80ns)   --->   "%call_ret = call i64 @Configurable_PE.2, i32 %PermuteData_2_load, i32 %PermuteData_3_load, i32 %TwiddleFactor_5_read, i2 2, i3 4" [Crypto1.cpp:415]   --->   Operation 86 'call' 'call_ret' <Predicate = (!icmp_ln411 & empty)> <Delay = 5.80> <CoreType = "Generic">   --->   Core 0 '' <Latency = 0> <II = 1> <Delay = 1.00> <Generic> <Opcode : >

State 17 <SV = 16> <Delay = 5.80>
ST_17 : Operation 87 [6/20] (5.80ns)   --->   "%call_ret1 = call i64 @Configurable_PE.2, i32 %PermuteData_load, i32 %PermuteData_1_load, i32 %TwiddleFactor_5_read, i2 2, i3 4" [Crypto1.cpp:415]   --->   Operation 87 'call' 'call_ret1' <Predicate = (!icmp_ln411 & !empty)> <Delay = 5.80> <CoreType = "Generic">   --->   Core 0 '' <Latency = 0> <II = 1> <Delay = 1.00> <Generic> <Opcode : >
ST_17 : Operation 88 [6/20] (5.80ns)   --->   "%call_ret = call i64 @Configurable_PE.2, i32 %PermuteData_2_load, i32 %PermuteData_3_load, i32 %TwiddleFactor_5_read, i2 2, i3 4" [Crypto1.cpp:415]   --->   Operation 88 'call' 'call_ret' <Predicate = (!icmp_ln411 & empty)> <Delay = 5.80> <CoreType = "Generic">   --->   Core 0 '' <Latency = 0> <II = 1> <Delay = 1.00> <Generic> <Opcode : >

State 18 <SV = 17> <Delay = 5.80>
ST_18 : Operation 89 [5/20] (5.80ns)   --->   "%call_ret1 = call i64 @Configurable_PE.2, i32 %PermuteData_load, i32 %PermuteData_1_load, i32 %TwiddleFactor_5_read, i2 2, i3 4" [Crypto1.cpp:415]   --->   Operation 89 'call' 'call_ret1' <Predicate = (!icmp_ln411 & !empty)> <Delay = 5.80> <CoreType = "Generic">   --->   Core 0 '' <Latency = 0> <II = 1> <Delay = 1.00> <Generic> <Opcode : >
ST_18 : Operation 90 [5/20] (5.80ns)   --->   "%call_ret = call i64 @Configurable_PE.2, i32 %PermuteData_2_load, i32 %PermuteData_3_load, i32 %TwiddleFactor_5_read, i2 2, i3 4" [Crypto1.cpp:415]   --->   Operation 90 'call' 'call_ret' <Predicate = (!icmp_ln411 & empty)> <Delay = 5.80> <CoreType = "Generic">   --->   Core 0 '' <Latency = 0> <II = 1> <Delay = 1.00> <Generic> <Opcode : >

State 19 <SV = 18> <Delay = 5.80>
ST_19 : Operation 91 [4/20] (5.80ns)   --->   "%call_ret1 = call i64 @Configurable_PE.2, i32 %PermuteData_load, i32 %PermuteData_1_load, i32 %TwiddleFactor_5_read, i2 2, i3 4" [Crypto1.cpp:415]   --->   Operation 91 'call' 'call_ret1' <Predicate = (!icmp_ln411 & !empty)> <Delay = 5.80> <CoreType = "Generic">   --->   Core 0 '' <Latency = 0> <II = 1> <Delay = 1.00> <Generic> <Opcode : >
ST_19 : Operation 92 [4/20] (5.80ns)   --->   "%call_ret = call i64 @Configurable_PE.2, i32 %PermuteData_2_load, i32 %PermuteData_3_load, i32 %TwiddleFactor_5_read, i2 2, i3 4" [Crypto1.cpp:415]   --->   Operation 92 'call' 'call_ret' <Predicate = (!icmp_ln411 & empty)> <Delay = 5.80> <CoreType = "Generic">   --->   Core 0 '' <Latency = 0> <II = 1> <Delay = 1.00> <Generic> <Opcode : >

State 20 <SV = 19> <Delay = 5.80>
ST_20 : Operation 93 [3/20] (5.80ns)   --->   "%call_ret1 = call i64 @Configurable_PE.2, i32 %PermuteData_load, i32 %PermuteData_1_load, i32 %TwiddleFactor_5_read, i2 2, i3 4" [Crypto1.cpp:415]   --->   Operation 93 'call' 'call_ret1' <Predicate = (!icmp_ln411 & !empty)> <Delay = 5.80> <CoreType = "Generic">   --->   Core 0 '' <Latency = 0> <II = 1> <Delay = 1.00> <Generic> <Opcode : >
ST_20 : Operation 94 [3/20] (5.80ns)   --->   "%call_ret = call i64 @Configurable_PE.2, i32 %PermuteData_2_load, i32 %PermuteData_3_load, i32 %TwiddleFactor_5_read, i2 2, i3 4" [Crypto1.cpp:415]   --->   Operation 94 'call' 'call_ret' <Predicate = (!icmp_ln411 & empty)> <Delay = 5.80> <CoreType = "Generic">   --->   Core 0 '' <Latency = 0> <II = 1> <Delay = 1.00> <Generic> <Opcode : >

State 21 <SV = 20> <Delay = 5.80>
ST_21 : Operation 95 [2/20] (5.80ns)   --->   "%call_ret1 = call i64 @Configurable_PE.2, i32 %PermuteData_load, i32 %PermuteData_1_load, i32 %TwiddleFactor_5_read, i2 2, i3 4" [Crypto1.cpp:415]   --->   Operation 95 'call' 'call_ret1' <Predicate = (!icmp_ln411 & !empty)> <Delay = 5.80> <CoreType = "Generic">   --->   Core 0 '' <Latency = 0> <II = 1> <Delay = 1.00> <Generic> <Opcode : >
ST_21 : Operation 96 [2/20] (5.80ns)   --->   "%call_ret = call i64 @Configurable_PE.2, i32 %PermuteData_2_load, i32 %PermuteData_3_load, i32 %TwiddleFactor_5_read, i2 2, i3 4" [Crypto1.cpp:415]   --->   Operation 96 'call' 'call_ret' <Predicate = (!icmp_ln411 & empty)> <Delay = 5.80> <CoreType = "Generic">   --->   Core 0 '' <Latency = 0> <II = 1> <Delay = 1.00> <Generic> <Opcode : >

State 22 <SV = 21> <Delay = 4.11>
ST_22 : Operation 97 [1/20] (4.11ns)   --->   "%call_ret1 = call i64 @Configurable_PE.2, i32 %PermuteData_load, i32 %PermuteData_1_load, i32 %TwiddleFactor_5_read, i2 2, i3 4" [Crypto1.cpp:415]   --->   Operation 97 'call' 'call_ret1' <Predicate = (!icmp_ln411 & !empty)> <Delay = 4.11> <CoreType = "Generic">   --->   Core 0 '' <Latency = 0> <II = 1> <Delay = 1.00> <Generic> <Opcode : >
ST_22 : Operation 98 [1/1] (0.00ns)   --->   "%NTTData_addr_8_ret = extractvalue i64 %call_ret1" [Crypto1.cpp:415]   --->   Operation 98 'extractvalue' 'NTTData_addr_8_ret' <Predicate = (!empty)> <Delay = 0.00>
ST_22 : Operation 99 [1/1] (0.00ns)   --->   "%NTTData_1_addr_8_ret = extractvalue i64 %call_ret1" [Crypto1.cpp:415]   --->   Operation 99 'extractvalue' 'NTTData_1_addr_8_ret' <Predicate = (!empty)> <Delay = 0.00>
ST_22 : Operation 100 [1/20] (4.11ns)   --->   "%call_ret = call i64 @Configurable_PE.2, i32 %PermuteData_2_load, i32 %PermuteData_3_load, i32 %TwiddleFactor_5_read, i2 2, i3 4" [Crypto1.cpp:415]   --->   Operation 100 'call' 'call_ret' <Predicate = (!icmp_ln411 & empty)> <Delay = 4.11> <CoreType = "Generic">   --->   Core 0 '' <Latency = 0> <II = 1> <Delay = 1.00> <Generic> <Opcode : >
ST_22 : Operation 101 [1/1] (0.00ns)   --->   "%NTTData_2_addr_8_ret = extractvalue i64 %call_ret" [Crypto1.cpp:415]   --->   Operation 101 'extractvalue' 'NTTData_2_addr_8_ret' <Predicate = (empty)> <Delay = 0.00>
ST_22 : Operation 102 [1/1] (0.00ns)   --->   "%NTTData_3_addr_8_ret = extractvalue i64 %call_ret" [Crypto1.cpp:415]   --->   Operation 102 'extractvalue' 'NTTData_3_addr_8_ret' <Predicate = (empty)> <Delay = 0.00>
ST_22 : Operation 115 [1/1] (0.00ns)   --->   "%ret_ln0 = ret"   --->   Operation 115 'ret' 'ret_ln0' <Predicate = (icmp_ln411)> <Delay = 0.00>

State 23 <SV = 22> <Delay = 2.32>
ST_23 : Operation 103 [1/1] (0.00ns)   --->   "%rbegin1 = specregionbegin i32 @_ssdm_op_SpecRegionBegin, void @empty_24" [Crypto1.cpp:415]   --->   Operation 103 'specregionbegin' 'rbegin1' <Predicate = (!empty)> <Delay = 0.00>
ST_23 : Operation 104 [1/1] (2.32ns)   --->   "%store_ln415 = store i32 %NTTData_addr_8_ret, i4 %NTTData_addr" [Crypto1.cpp:415]   --->   Operation 104 'store' 'store_ln415' <Predicate = (!empty)> <Delay = 2.32> <CoreInst = "RAM">   --->   Core 82 'RAM' <Latency = 1> <II = 1> <Delay = 2.32> <Storage> <Opcode : 'load' 'store'> <Ports = 2> <Width = 32> <Depth = 16> <RAM>
ST_23 : Operation 105 [1/1] (2.32ns)   --->   "%store_ln415 = store i32 %NTTData_1_addr_8_ret, i4 %NTTData_1_addr" [Crypto1.cpp:415]   --->   Operation 105 'store' 'store_ln415' <Predicate = (!empty)> <Delay = 2.32> <CoreInst = "RAM">   --->   Core 82 'RAM' <Latency = 1> <II = 1> <Delay = 2.32> <Storage> <Opcode : 'load' 'store'> <Ports = 2> <Width = 32> <Depth = 16> <RAM>
ST_23 : Operation 106 [1/1] (0.00ns)   --->   "%specoccurrence_ln415 = specoccurrence void @_ssdm_op_SpecOccurrence, i64 2, void @empty_36" [Crypto1.cpp:415]   --->   Operation 106 'specoccurrence' 'specoccurrence_ln415' <Predicate = (!empty)> <Delay = 0.00>
ST_23 : Operation 107 [1/1] (0.00ns)   --->   "%rend51 = specregionend i32 @_ssdm_op_SpecRegionEnd, void @empty_24, i32 %rbegin1" [Crypto1.cpp:415]   --->   Operation 107 'specregionend' 'rend51' <Predicate = (!empty)> <Delay = 0.00>
ST_23 : Operation 108 [1/1] (0.00ns)   --->   "%br_ln415 = br void %arrayidx875.2.exit" [Crypto1.cpp:415]   --->   Operation 108 'br' 'br_ln415' <Predicate = (!empty)> <Delay = 0.00>
ST_23 : Operation 109 [1/1] (0.00ns)   --->   "%rbegin = specregionbegin i32 @_ssdm_op_SpecRegionBegin, void @empty_35" [Crypto1.cpp:415]   --->   Operation 109 'specregionbegin' 'rbegin' <Predicate = (empty)> <Delay = 0.00>
ST_23 : Operation 110 [1/1] (2.32ns)   --->   "%store_ln415 = store i32 %NTTData_2_addr_8_ret, i4 %NTTData_2_addr" [Crypto1.cpp:415]   --->   Operation 110 'store' 'store_ln415' <Predicate = (empty)> <Delay = 2.32> <CoreInst = "RAM">   --->   Core 82 'RAM' <Latency = 1> <II = 1> <Delay = 2.32> <Storage> <Opcode : 'load' 'store'> <Ports = 2> <Width = 32> <Depth = 16> <RAM>
ST_23 : Operation 111 [1/1] (2.32ns)   --->   "%store_ln415 = store i32 %NTTData_3_addr_8_ret, i4 %NTTData_3_addr" [Crypto1.cpp:415]   --->   Operation 111 'store' 'store_ln415' <Predicate = (empty)> <Delay = 2.32> <CoreInst = "RAM">   --->   Core 82 'RAM' <Latency = 1> <II = 1> <Delay = 2.32> <Storage> <Opcode : 'load' 'store'> <Ports = 2> <Width = 32> <Depth = 16> <RAM>
ST_23 : Operation 112 [1/1] (0.00ns)   --->   "%specoccurrence_ln415 = specoccurrence void @_ssdm_op_SpecOccurrence, i64 2, void @empty_36" [Crypto1.cpp:415]   --->   Operation 112 'specoccurrence' 'specoccurrence_ln415' <Predicate = (empty)> <Delay = 0.00>
ST_23 : Operation 113 [1/1] (0.00ns)   --->   "%rend53 = specregionend i32 @_ssdm_op_SpecRegionEnd, void @empty_35, i32 %rbegin" [Crypto1.cpp:415]   --->   Operation 113 'specregionend' 'rend53' <Predicate = (empty)> <Delay = 0.00>
ST_23 : Operation 114 [1/1] (0.00ns)   --->   "%br_ln415 = br void %arrayidx875.2.exit" [Crypto1.cpp:415]   --->   Operation 114 'br' 'br_ln415' <Predicate = (empty)> <Delay = 0.00>


============================================================
+ Verbose Summary: Binding
============================================================
STG Binding: 
---------------- STG Properties BEGIN ----------------
- Is combinational: 0
- Is one-state seq: 0
- Is datapath-only: 0
- Is pipelined: 0
- Is top level: 0
Port [ Return ] is wired: 1; IO mode=ap_ctrl_hs:ce=0
Port [ TwiddleFactor_5]:  wired=1; compound=0; hidden=0; nouse=0; global=0; static=0; extern=0; dir=0; type=0; pingpong=0; private_global=0; IO mode=ap_none:ce=0
Port [ PermuteData]:  wired=1; compound=1; hidden=0; nouse=0; global=0; static=0; extern=0; dir=0; type=1; pingpong=0; private_global=0; MemPort=[13]; IO mode=ap_memory:ce=0
Port [ PermuteData_2]:  wired=1; compound=1; hidden=0; nouse=0; global=0; static=0; extern=0; dir=0; type=1; pingpong=0; private_global=0; MemPort=[13]; IO mode=ap_memory:ce=0
Port [ PermuteData_1]:  wired=1; compound=1; hidden=0; nouse=0; global=0; static=0; extern=0; dir=0; type=1; pingpong=0; private_global=0; MemPort=[13]; IO mode=ap_memory:ce=0
Port [ PermuteData_3]:  wired=1; compound=1; hidden=0; nouse=0; global=0; static=0; extern=0; dir=0; type=1; pingpong=0; private_global=0; MemPort=[13]; IO mode=ap_memory:ce=0
Port [ NTTData]:  wired=1; compound=1; hidden=0; nouse=0; global=0; static=0; extern=0; dir=1; type=1; pingpong=0; private_global=0; MemPort=[03]; IO mode=ap_memory:ce=0
Port [ NTTData_2]:  wired=1; compound=1; hidden=0; nouse=0; global=0; static=0; extern=0; dir=1; type=1; pingpong=0; private_global=0; MemPort=[03]; IO mode=ap_memory:ce=0
Port [ NTTData_1]:  wired=1; compound=1; hidden=0; nouse=0; global=0; static=0; extern=0; dir=1; type=1; pingpong=0; private_global=0; MemPort=[03]; IO mode=ap_memory:ce=0
Port [ NTTData_3]:  wired=1; compound=1; hidden=0; nouse=0; global=0; static=0; extern=0; dir=1; type=1; pingpong=0; private_global=0; MemPort=[03]; IO mode=ap_memory:ce=0
---------------- STG Properties END ------------------

---------------- Datapath Model BEGIN ----------------

<LifeTime>
<method=bitvector/>
global_pair_index       (alloca           ) [ 010000000000000000000000]
TwiddleFactor_5_read    (read             ) [ 011111111111111111111110]
store_ln0               (store            ) [ 000000000000000000000000]
br_ln0                  (br               ) [ 000000000000000000000000]
m                       (load             ) [ 000000000000000000000000]
specpipeline_ln0        (specpipeline     ) [ 000000000000000000000000]
icmp_ln411              (icmp             ) [ 011111111111111111111110]
add_ln411               (add              ) [ 000000000000000000000000]
br_ln411                (br               ) [ 000000000000000000000000]
empty                   (trunc            ) [ 011111111111111111111111]
speclooptripcount_ln411 (speclooptripcount) [ 000000000000000000000000]
specloopname_ln411      (specloopname     ) [ 000000000000000000000000]
lshr_ln414_2            (partselect       ) [ 000000000000000000000000]
zext_ln414              (zext             ) [ 000000000000000000000000]
PermuteData_addr        (getelementptr    ) [ 011000000000000000000000]
PermuteData_2_addr      (getelementptr    ) [ 011000000000000000000000]
PermuteData_1_addr      (getelementptr    ) [ 011000000000000000000000]
PermuteData_3_addr      (getelementptr    ) [ 011000000000000000000000]
NTTData_addr            (getelementptr    ) [ 011111111111111111111111]
NTTData_2_addr          (getelementptr    ) [ 011111111111111111111111]
NTTData_1_addr          (getelementptr    ) [ 011111111111111111111111]
NTTData_3_addr          (getelementptr    ) [ 011111111111111111111111]
br_ln415                (br               ) [ 000000000000000000000000]
store_ln411             (store            ) [ 000000000000000000000000]
br_ln411                (br               ) [ 000000000000000000000000]
PermuteData_load        (load             ) [ 010111111111111111111110]
PermuteData_1_load      (load             ) [ 010111111111111111111110]
PermuteData_2_load      (load             ) [ 010111111111111111111110]
PermuteData_3_load      (load             ) [ 010111111111111111111110]
call_ret1               (call             ) [ 000000000000000000000000]
NTTData_addr_8_ret      (extractvalue     ) [ 010000000000000000000001]
NTTData_1_addr_8_ret    (extractvalue     ) [ 010000000000000000000001]
call_ret                (call             ) [ 000000000000000000000000]
NTTData_2_addr_8_ret    (extractvalue     ) [ 010000000000000000000001]
NTTData_3_addr_8_ret    (extractvalue     ) [ 010000000000000000000001]
rbegin1                 (specregionbegin  ) [ 000000000000000000000000]
store_ln415             (store            ) [ 000000000000000000000000]
store_ln415             (store            ) [ 000000000000000000000000]
specoccurrence_ln415    (specoccurrence   ) [ 000000000000000000000000]
rend51                  (specregionend    ) [ 000000000000000000000000]
br_ln415                (br               ) [ 000000000000000000000000]
rbegin                  (specregionbegin  ) [ 000000000000000000000000]
store_ln415             (store            ) [ 000000000000000000000000]
store_ln415             (store            ) [ 000000000000000000000000]
specoccurrence_ln415    (specoccurrence   ) [ 000000000000000000000000]
rend53                  (specregionend    ) [ 000000000000000000000000]
br_ln415                (br               ) [ 000000000000000000000000]
ret_ln0                 (ret              ) [ 000000000000000000000000]
</LifeTime>

<model>

<comp_list>
<comp id="0" class="1000" name="TwiddleFactor_5">
<pin_list>
<pin id="1" dir="1" index="0" bw="1" slack="0"/>
</pin_list>
<bind>
<StgValue><ssdm name="TwiddleFactor_5"/></StgValue>
</bind>
</comp>

<comp id="2" class="1000" name="PermuteData">
<pin_list>
<pin id="3" dir="1" index="0" bw="1" slack="0"/>
</pin_list>
<bind>
<StgValue><ssdm name="PermuteData"/><MemPortTyVec>1 3 </MemPortTyVec>
</StgValue>
</bind>
</comp>

<comp id="4" class="1000" name="PermuteData_2">
<pin_list>
<pin id="5" dir="1" index="0" bw="1" slack="0"/>
</pin_list>
<bind>
<StgValue><ssdm name="PermuteData_2"/><MemPortTyVec>1 3 </MemPortTyVec>
</StgValue>
</bind>
</comp>

<comp id="6" class="1000" name="PermuteData_1">
<pin_list>
<pin id="7" dir="1" index="0" bw="1" slack="0"/>
</pin_list>
<bind>
<StgValue><ssdm name="PermuteData_1"/><MemPortTyVec>1 3 </MemPortTyVec>
</StgValue>
</bind>
</comp>

<comp id="8" class="1000" name="PermuteData_3">
<pin_list>
<pin id="9" dir="1" index="0" bw="1" slack="0"/>
</pin_list>
<bind>
<StgValue><ssdm name="PermuteData_3"/><MemPortTyVec>1 3 </MemPortTyVec>
</StgValue>
</bind>
</comp>

<comp id="10" class="1000" name="NTTData">
<pin_list>
<pin id="11" dir="1" index="0" bw="1" slack="0"/>
</pin_list>
<bind>
<StgValue><ssdm name="NTTData"/><MemPortTyVec>0 3 </MemPortTyVec>
</StgValue>
</bind>
</comp>

<comp id="12" class="1000" name="NTTData_2">
<pin_list>
<pin id="13" dir="1" index="0" bw="1" slack="0"/>
</pin_list>
<bind>
<StgValue><ssdm name="NTTData_2"/><MemPortTyVec>0 3 </MemPortTyVec>
</StgValue>
</bind>
</comp>

<comp id="14" class="1000" name="NTTData_1">
<pin_list>
<pin id="15" dir="1" index="0" bw="1" slack="0"/>
</pin_list>
<bind>
<StgValue><ssdm name="NTTData_1"/><MemPortTyVec>0 3 </MemPortTyVec>
</StgValue>
</bind>
</comp>

<comp id="16" class="1000" name="NTTData_3">
<pin_list>
<pin id="17" dir="1" index="0" bw="1" slack="0"/>
</pin_list>
<bind>
<StgValue><ssdm name="NTTData_3"/><MemPortTyVec>0 3 </MemPortTyVec>
</StgValue>
</bind>
</comp>

<comp id="18" class="1001" name="const_18">
<pin_list>
<pin id="19" dir="1" index="0" bw="1" slack="0"/>
</pin_list>
<bind>
<StgValue><ssdm name=""/></StgValue>
</bind>
</comp>

<comp id="20" class="1001" name="const_20">
<pin_list>
<pin id="21" dir="1" index="0" bw="1" slack="0"/>
</pin_list>
<bind>
<StgValue><ssdm name="_ssdm_op_Read.ap_auto.i32"/></StgValue>
</bind>
</comp>

<comp id="22" class="1001" name="const_22">
<pin_list>
<pin id="23" dir="1" index="0" bw="1" slack="0"/>
</pin_list>
<bind>
<StgValue><ssdm name=""/></StgValue>
</bind>
</comp>

<comp id="24" class="1001" name="const_24">
<pin_list>
<pin id="25" dir="1" index="0" bw="1" slack="2147483647"/>
</pin_list>
<bind>
<StgValue><ssdm name="_ssdm_op_SpecPipeline"/></StgValue>
</bind>
</comp>

<comp id="26" class="1001" name="const_26">
<pin_list>
<pin id="27" dir="1" index="0" bw="1" slack="2147483647"/>
</pin_list>
<bind>
<StgValue><ssdm name=""/></StgValue>
</bind>
</comp>

<comp id="28" class="1001" name="const_28">
<pin_list>
<pin id="29" dir="1" index="0" bw="1" slack="2147483647"/>
</pin_list>
<bind>
<StgValue><ssdm name=""/></StgValue>
</bind>
</comp>

<comp id="30" class="1001" name="const_30">
<pin_list>
<pin id="31" dir="1" index="0" bw="1" slack="2147483647"/>
</pin_list>
<bind>
<StgValue><ssdm name="p_str"/></StgValue>
</bind>
</comp>

<comp id="32" class="1001" name="const_32">
<pin_list>
<pin id="33" dir="1" index="0" bw="1" slack="0"/>
</pin_list>
<bind>
<StgValue><ssdm name=""/></StgValue>
</bind>
</comp>

<comp id="34" class="1001" name="const_34">
<pin_list>
<pin id="35" dir="1" index="0" bw="1" slack="0"/>
</pin_list>
<bind>
<StgValue><ssdm name=""/></StgValue>
</bind>
</comp>

<comp id="36" class="1001" name="const_36">
<pin_list>
<pin id="37" dir="1" index="0" bw="1" slack="2147483647"/>
</pin_list>
<bind>
<StgValue><ssdm name="_ssdm_op_SpecLoopTripCount"/></StgValue>
</bind>
</comp>

<comp id="38" class="1001" name="const_38">
<pin_list>
<pin id="39" dir="1" index="0" bw="1" slack="2147483647"/>
</pin_list>
<bind>
<StgValue><ssdm name=""/></StgValue>
</bind>
</comp>

<comp id="40" class="1001" name="const_40">
<pin_list>
<pin id="41" dir="1" index="0" bw="1" slack="2147483647"/>
</pin_list>
<bind>
<StgValue><ssdm name="_ssdm_op_SpecLoopName"/></StgValue>
</bind>
</comp>

<comp id="42" class="1001" name="const_42">
<pin_list>
<pin id="43" dir="1" index="0" bw="1" slack="2147483647"/>
</pin_list>
<bind>
<StgValue><ssdm name="empty_31"/></StgValue>
</bind>
</comp>

<comp id="44" class="1001" name="const_44">
<pin_list>
<pin id="45" dir="1" index="0" bw="1" slack="0"/>
</pin_list>
<bind>
<StgValue><ssdm name="_ssdm_op_PartSelect.i4.i6.i32.i32"/></StgValue>
</bind>
</comp>

<comp id="46" class="1001" name="const_46">
<pin_list>
<pin id="47" dir="1" index="0" bw="1" slack="0"/>
</pin_list>
<bind>
<StgValue><ssdm name=""/></StgValue>
</bind>
</comp>

<comp id="48" class="1001" name="const_48">
<pin_list>
<pin id="49" dir="1" index="0" bw="1" slack="0"/>
</pin_list>
<bind>
<StgValue><ssdm name=""/></StgValue>
</bind>
</comp>

<comp id="50" class="1001" name="const_50">
<pin_list>
<pin id="51" dir="1" index="0" bw="1" slack="0"/>
</pin_list>
<bind>
<StgValue><ssdm name="Configurable_PE.2"/></StgValue>
</bind>
</comp>

<comp id="52" class="1001" name="const_52">
<pin_list>
<pin id="53" dir="1" index="0" bw="1" slack="0"/>
</pin_list>
<bind>
<StgValue><ssdm name=""/></StgValue>
</bind>
</comp>

<comp id="54" class="1001" name="const_54">
<pin_list>
<pin id="55" dir="1" index="0" bw="1" slack="0"/>
</pin_list>
<bind>
<StgValue><ssdm name=""/></StgValue>
</bind>
</comp>

<comp id="56" class="1001" name="const_56">
<pin_list>
<pin id="57" dir="1" index="0" bw="1" slack="2147483647"/>
</pin_list>
<bind>
<StgValue><ssdm name="_ssdm_op_SpecRegionBegin"/></StgValue>
</bind>
</comp>

<comp id="58" class="1001" name="const_58">
<pin_list>
<pin id="59" dir="1" index="0" bw="1" slack="2147483647"/>
</pin_list>
<bind>
<StgValue><ssdm name="empty_24"/></StgValue>
</bind>
</comp>

<comp id="60" class="1001" name="const_60">
<pin_list>
<pin id="61" dir="1" index="0" bw="1" slack="2147483647"/>
</pin_list>
<bind>
<StgValue><ssdm name="_ssdm_op_SpecOccurrence"/></StgValue>
</bind>
</comp>

<comp id="62" class="1001" name="const_62">
<pin_list>
<pin id="63" dir="1" index="0" bw="1" slack="2147483647"/>
</pin_list>
<bind>
<StgValue><ssdm name=""/></StgValue>
</bind>
</comp>

<comp id="64" class="1001" name="const_64">
<pin_list>
<pin id="65" dir="1" index="0" bw="1" slack="2147483647"/>
</pin_list>
<bind>
<StgValue><ssdm name="empty_36"/></StgValue>
</bind>
</comp>

<comp id="66" class="1001" name="const_66">
<pin_list>
<pin id="67" dir="1" index="0" bw="1" slack="2147483647"/>
</pin_list>
<bind>
<StgValue><ssdm name="_ssdm_op_SpecRegionEnd"/></StgValue>
</bind>
</comp>

<comp id="68" class="1001" name="const_68">
<pin_list>
<pin id="69" dir="1" index="0" bw="1" slack="2147483647"/>
</pin_list>
<bind>
<StgValue><ssdm name="empty_35"/></StgValue>
</bind>
</comp>

<comp id="70" class="1004" name="global_pair_index_fu_70">
<pin_list>
<pin id="71" dir="0" index="0" bw="1" slack="0"/>
<pin id="72" dir="1" index="1" bw="6" slack="0"/>
</pin_list>
<bind>
<opcode="alloca(26) " fcode="alloca"/>
<opset="global_pair_index/1 "/>
</bind>
</comp>

<comp id="74" class="1004" name="TwiddleFactor_5_read_read_fu_74">
<pin_list>
<pin id="75" dir="0" index="0" bw="32" slack="0"/>
<pin id="76" dir="0" index="1" bw="32" slack="0"/>
<pin id="77" dir="1" index="2" bw="32" slack="2"/>
</pin_list>
<bind>
<opcode="read(1150) " fcode="read"/>
<opset="TwiddleFactor_5_read/1 "/>
</bind>
</comp>

<comp id="80" class="1004" name="PermuteData_addr_gep_fu_80">
<pin_list>
<pin id="81" dir="0" index="0" bw="32" slack="0"/>
<pin id="82" dir="0" index="1" bw="1" slack="0"/>
<pin id="83" dir="0" index="2" bw="4" slack="0"/>
<pin id="84" dir="1" index="3" bw="4" slack="0"/>
</pin_list>
<bind>
<opcode="getelementptr(29) " fcode="getelementptr"/>
<opset="PermuteData_addr/1 "/>
</bind>
</comp>

<comp id="87" class="1004" name="PermuteData_2_addr_gep_fu_87">
<pin_list>
<pin id="88" dir="0" index="0" bw="32" slack="0"/>
<pin id="89" dir="0" index="1" bw="1" slack="0"/>
<pin id="90" dir="0" index="2" bw="4" slack="0"/>
<pin id="91" dir="1" index="3" bw="4" slack="0"/>
</pin_list>
<bind>
<opcode="getelementptr(29) " fcode="getelementptr"/>
<opset="PermuteData_2_addr/1 "/>
</bind>
</comp>

<comp id="94" class="1004" name="PermuteData_1_addr_gep_fu_94">
<pin_list>
<pin id="95" dir="0" index="0" bw="32" slack="0"/>
<pin id="96" dir="0" index="1" bw="1" slack="0"/>
<pin id="97" dir="0" index="2" bw="4" slack="0"/>
<pin id="98" dir="1" index="3" bw="4" slack="0"/>
</pin_list>
<bind>
<opcode="getelementptr(29) " fcode="getelementptr"/>
<opset="PermuteData_1_addr/1 "/>
</bind>
</comp>

<comp id="101" class="1004" name="PermuteData_3_addr_gep_fu_101">
<pin_list>
<pin id="102" dir="0" index="0" bw="32" slack="0"/>
<pin id="103" dir="0" index="1" bw="1" slack="0"/>
<pin id="104" dir="0" index="2" bw="4" slack="0"/>
<pin id="105" dir="1" index="3" bw="4" slack="0"/>
</pin_list>
<bind>
<opcode="getelementptr(29) " fcode="getelementptr"/>
<opset="PermuteData_3_addr/1 "/>
</bind>
</comp>

<comp id="108" class="1004" name="NTTData_addr_gep_fu_108">
<pin_list>
<pin id="109" dir="0" index="0" bw="32" slack="0"/>
<pin id="110" dir="0" index="1" bw="1" slack="0"/>
<pin id="111" dir="0" index="2" bw="4" slack="0"/>
<pin id="112" dir="1" index="3" bw="4" slack="22"/>
</pin_list>
<bind>
<opcode="getelementptr(29) " fcode="getelementptr"/>
<opset="NTTData_addr/1 "/>
</bind>
</comp>

<comp id="115" class="1004" name="NTTData_2_addr_gep_fu_115">
<pin_list>
<pin id="116" dir="0" index="0" bw="32" slack="0"/>
<pin id="117" dir="0" index="1" bw="1" slack="0"/>
<pin id="118" dir="0" index="2" bw="4" slack="0"/>
<pin id="119" dir="1" index="3" bw="4" slack="22"/>
</pin_list>
<bind>
<opcode="getelementptr(29) " fcode="getelementptr"/>
<opset="NTTData_2_addr/1 "/>
</bind>
</comp>

<comp id="122" class="1004" name="NTTData_1_addr_gep_fu_122">
<pin_list>
<pin id="123" dir="0" index="0" bw="32" slack="0"/>
<pin id="124" dir="0" index="1" bw="1" slack="0"/>
<pin id="125" dir="0" index="2" bw="4" slack="0"/>
<pin id="126" dir="1" index="3" bw="4" slack="22"/>
</pin_list>
<bind>
<opcode="getelementptr(29) " fcode="getelementptr"/>
<opset="NTTData_1_addr/1 "/>
</bind>
</comp>

<comp id="129" class="1004" name="NTTData_3_addr_gep_fu_129">
<pin_list>
<pin id="130" dir="0" index="0" bw="32" slack="0"/>
<pin id="131" dir="0" index="1" bw="1" slack="0"/>
<pin id="132" dir="0" index="2" bw="4" slack="0"/>
<pin id="133" dir="1" index="3" bw="4" slack="22"/>
</pin_list>
<bind>
<opcode="getelementptr(29) " fcode="getelementptr"/>
<opset="NTTData_3_addr/1 "/>
</bind>
</comp>

<comp id="136" class="1004" name="grp_access_fu_136">
<pin_list>
<pin id="137" dir="0" index="0" bw="4" slack="0"/>
<pin id="138" dir="0" index="1" bw="32" slack="2147483647"/>
<pin id="139" dir="0" index="2" bw="0" slack="2147483647"/>
<pin id="140" dir="1" index="3" bw="32" slack="1"/>
</pin_list>
<bind>
<opcode="load(27) " fcode="load"/>
<opset="PermuteData_load/1 "/>
</bind>
</comp>

<comp id="142" class="1004" name="grp_access_fu_142">
<pin_list>
<pin id="143" dir="0" index="0" bw="4" slack="0"/>
<pin id="144" dir="0" index="1" bw="32" slack="2147483647"/>
<pin id="145" dir="0" index="2" bw="0" slack="2147483647"/>
<pin id="146" dir="1" index="3" bw="32" slack="1"/>
</pin_list>
<bind>
<opcode="load(27) " fcode="load"/>
<opset="PermuteData_1_load/1 "/>
</bind>
</comp>

<comp id="148" class="1004" name="grp_access_fu_148">
<pin_list>
<pin id="149" dir="0" index="0" bw="4" slack="0"/>
<pin id="150" dir="0" index="1" bw="32" slack="2147483647"/>
<pin id="151" dir="0" index="2" bw="0" slack="2147483647"/>
<pin id="152" dir="1" index="3" bw="32" slack="1"/>
</pin_list>
<bind>
<opcode="load(27) " fcode="load"/>
<opset="PermuteData_2_load/1 "/>
</bind>
</comp>

<comp id="154" class="1004" name="grp_access_fu_154">
<pin_list>
<pin id="155" dir="0" index="0" bw="4" slack="0"/>
<pin id="156" dir="0" index="1" bw="32" slack="2147483647"/>
<pin id="157" dir="0" index="2" bw="0" slack="2147483647"/>
<pin id="158" dir="1" index="3" bw="32" slack="1"/>
</pin_list>
<bind>
<opcode="load(27) " fcode="load"/>
<opset="PermuteData_3_load/1 "/>
</bind>
</comp>

<comp id="160" class="1004" name="store_ln415_access_fu_160">
<pin_list>
<pin id="161" dir="0" index="0" bw="4" slack="22"/>
<pin id="162" dir="0" index="1" bw="32" slack="1"/>
<pin id="163" dir="0" index="2" bw="0" slack="2147483647"/>
<pin id="164" dir="1" index="3" bw="32" slack="2147483647"/>
</pin_list>
<bind>
<opcode="store(28) " fcode="store"/>
<opset="store_ln415/23 "/>
</bind>
</comp>

<comp id="165" class="1004" name="store_ln415_access_fu_165">
<pin_list>
<pin id="166" dir="0" index="0" bw="4" slack="22"/>
<pin id="167" dir="0" index="1" bw="32" slack="1"/>
<pin id="168" dir="0" index="2" bw="0" slack="2147483647"/>
<pin id="169" dir="1" index="3" bw="32" slack="2147483647"/>
</pin_list>
<bind>
<opcode="store(28) " fcode="store"/>
<opset="store_ln415/23 "/>
</bind>
</comp>

<comp id="170" class="1004" name="store_ln415_access_fu_170">
<pin_list>
<pin id="171" dir="0" index="0" bw="4" slack="22"/>
<pin id="172" dir="0" index="1" bw="32" slack="1"/>
<pin id="173" dir="0" index="2" bw="0" slack="2147483647"/>
<pin id="174" dir="1" index="3" bw="32" slack="2147483647"/>
</pin_list>
<bind>
<opcode="store(28) " fcode="store"/>
<opset="store_ln415/23 "/>
</bind>
</comp>

<comp id="175" class="1004" name="store_ln415_access_fu_175">
<pin_list>
<pin id="176" dir="0" index="0" bw="4" slack="22"/>
<pin id="177" dir="0" index="1" bw="32" slack="1"/>
<pin id="178" dir="0" index="2" bw="0" slack="2147483647"/>
<pin id="179" dir="1" index="3" bw="32" slack="2147483647"/>
</pin_list>
<bind>
<opcode="store(28) " fcode="store"/>
<opset="store_ln415/23 "/>
</bind>
</comp>

<comp id="181" class="1004" name="grp_Configurable_PE_2_fu_181">
<pin_list>
<pin id="182" dir="0" index="0" bw="64" slack="0"/>
<pin id="183" dir="0" index="1" bw="32" slack="1"/>
<pin id="184" dir="0" index="2" bw="32" slack="1"/>
<pin id="185" dir="0" index="3" bw="32" slack="2"/>
<pin id="186" dir="0" index="4" bw="2" slack="0"/>
<pin id="187" dir="0" index="5" bw="3" slack="0"/>
<pin id="188" dir="1" index="6" bw="64" slack="0"/>
</pin_list>
<bind>
<opcode="call(48) " fcode="call"/>
<opset="call_ret1/3 "/>
</bind>
</comp>

<comp id="192" class="1004" name="grp_Configurable_PE_2_fu_192">
<pin_list>
<pin id="193" dir="0" index="0" bw="64" slack="0"/>
<pin id="194" dir="0" index="1" bw="32" slack="1"/>
<pin id="195" dir="0" index="2" bw="32" slack="1"/>
<pin id="196" dir="0" index="3" bw="32" slack="2"/>
<pin id="197" dir="0" index="4" bw="2" slack="0"/>
<pin id="198" dir="0" index="5" bw="3" slack="0"/>
<pin id="199" dir="1" index="6" bw="64" slack="0"/>
</pin_list>
<bind>
<opcode="call(48) " fcode="call"/>
<opset="call_ret/3 "/>
</bind>
</comp>

<comp id="203" class="1004" name="store_ln0_store_fu_203">
<pin_list>
<pin id="204" dir="0" index="0" bw="1" slack="0"/>
<pin id="205" dir="0" index="1" bw="6" slack="0"/>
<pin id="206" dir="1" index="2" bw="0" slack="2147483647"/>
</pin_list>
<bind>
<opcode="store(28) " fcode="store"/>
<opset="store_ln0/1 "/>
</bind>
</comp>

<comp id="208" class="1004" name="m_load_fu_208">
<pin_list>
<pin id="209" dir="0" index="0" bw="6" slack="0"/>
<pin id="210" dir="1" index="1" bw="6" slack="0"/>
</pin_list>
<bind>
<opcode="load(27) " fcode="load"/>
<opset="m/1 "/>
</bind>
</comp>

<comp id="211" class="1004" name="icmp_ln411_fu_211">
<pin_list>
<pin id="212" dir="0" index="0" bw="6" slack="0"/>
<pin id="213" dir="0" index="1" bw="6" slack="0"/>
<pin id="214" dir="1" index="2" bw="1" slack="2"/>
</pin_list>
<bind>
<opcode="icmp(45) " fcode="icmp"/>
<opset="icmp_ln411/1 "/>
</bind>
</comp>

<comp id="217" class="1004" name="add_ln411_fu_217">
<pin_list>
<pin id="218" dir="0" index="0" bw="6" slack="0"/>
<pin id="219" dir="0" index="1" bw="1" slack="0"/>
<pin id="220" dir="1" index="2" bw="6" slack="0"/>
</pin_list>
<bind>
<opcode="add(8) " fcode="add"/>
<opset="add_ln411/1 "/>
</bind>
</comp>

<comp id="223" class="1004" name="empty_fu_223">
<pin_list>
<pin id="224" dir="0" index="0" bw="6" slack="0"/>
<pin id="225" dir="1" index="1" bw="1" slack="1"/>
</pin_list>
<bind>
<opcode="trunc(33) " fcode="trunc"/>
<opset="empty/1 "/>
</bind>
</comp>

<comp id="227" class="1004" name="lshr_ln414_2_fu_227">
<pin_list>
<pin id="228" dir="0" index="0" bw="4" slack="0"/>
<pin id="229" dir="0" index="1" bw="6" slack="0"/>
<pin id="230" dir="0" index="2" bw="1" slack="0"/>
<pin id="231" dir="0" index="3" bw="4" slack="0"/>
<pin id="232" dir="1" index="4" bw="4" slack="0"/>
</pin_list>
<bind>
<opcode="partselect(1002) " fcode="partselect"/>
<opset="lshr_ln414_2/1 "/>
</bind>
</comp>

<comp id="237" class="1004" name="zext_ln414_fu_237">
<pin_list>
<pin id="238" dir="0" index="0" bw="4" slack="0"/>
<pin id="239" dir="1" index="1" bw="64" slack="0"/>
</pin_list>
<bind>
<opcode="zext(34) " fcode="zext"/>
<opset="zext_ln414/1 "/>
</bind>
</comp>

<comp id="249" class="1004" name="store_ln411_store_fu_249">
<pin_list>
<pin id="250" dir="0" index="0" bw="6" slack="0"/>
<pin id="251" dir="0" index="1" bw="6" slack="0"/>
<pin id="252" dir="1" index="2" bw="0" slack="2147483647"/>
</pin_list>
<bind>
<opcode="store(28) " fcode="store"/>
<opset="store_ln411/1 "/>
</bind>
</comp>

<comp id="254" class="1004" name="NTTData_addr_8_ret_fu_254">
<pin_list>
<pin id="255" dir="0" index="0" bw="64" slack="0"/>
<pin id="256" dir="1" index="1" bw="32" slack="1"/>
</pin_list>
<bind>
<opcode="extractvalue(56) " fcode="extractvalue"/>
<opset="NTTData_addr_8_ret/22 "/>
</bind>
</comp>

<comp id="258" class="1004" name="NTTData_1_addr_8_ret_fu_258">
<pin_list>
<pin id="259" dir="0" index="0" bw="64" slack="0"/>
<pin id="260" dir="1" index="1" bw="32" slack="1"/>
</pin_list>
<bind>
<opcode="extractvalue(56) " fcode="extractvalue"/>
<opset="NTTData_1_addr_8_ret/22 "/>
</bind>
</comp>

<comp id="262" class="1004" name="NTTData_2_addr_8_ret_fu_262">
<pin_list>
<pin id="263" dir="0" index="0" bw="64" slack="0"/>
<pin id="264" dir="1" index="1" bw="32" slack="1"/>
</pin_list>
<bind>
<opcode="extractvalue(56) " fcode="extractvalue"/>
<opset="NTTData_2_addr_8_ret/22 "/>
</bind>
</comp>

<comp id="266" class="1004" name="NTTData_3_addr_8_ret_fu_266">
<pin_list>
<pin id="267" dir="0" index="0" bw="64" slack="0"/>
<pin id="268" dir="1" index="1" bw="32" slack="1"/>
</pin_list>
<bind>
<opcode="extractvalue(56) " fcode="extractvalue"/>
<opset="NTTData_3_addr_8_ret/22 "/>
</bind>
</comp>

<comp id="270" class="1005" name="global_pair_index_reg_270">
<pin_list>
<pin id="271" dir="0" index="0" bw="6" slack="0"/>
<pin id="272" dir="1" index="1" bw="6" slack="0"/>
</pin_list>
<bind>
<opset="global_pair_index "/>
</bind>
</comp>

<comp id="277" class="1005" name="TwiddleFactor_5_read_reg_277">
<pin_list>
<pin id="278" dir="0" index="0" bw="32" slack="2"/>
<pin id="279" dir="1" index="1" bw="32" slack="2"/>
</pin_list>
<bind>
<opset="TwiddleFactor_5_read "/>
</bind>
</comp>

<comp id="283" class="1005" name="icmp_ln411_reg_283">
<pin_list>
<pin id="284" dir="0" index="0" bw="1" slack="2"/>
<pin id="285" dir="1" index="1" bw="1" slack="2147483647"/>
</pin_list>
<bind>
<opset="icmp_ln411 "/>
</bind>
</comp>

<comp id="287" class="1005" name="empty_reg_287">
<pin_list>
<pin id="288" dir="0" index="0" bw="1" slack="1"/>
<pin id="289" dir="1" index="1" bw="1" slack="2147483647"/>
</pin_list>
<bind>
<opset="empty "/>
</bind>
</comp>

<comp id="291" class="1005" name="PermuteData_addr_reg_291">
<pin_list>
<pin id="292" dir="0" index="0" bw="4" slack="1"/>
<pin id="293" dir="1" index="1" bw="4" slack="1"/>
</pin_list>
<bind>
<opset="PermuteData_addr "/>
</bind>
</comp>

<comp id="296" class="1005" name="PermuteData_2_addr_reg_296">
<pin_list>
<pin id="297" dir="0" index="0" bw="4" slack="1"/>
<pin id="298" dir="1" index="1" bw="4" slack="1"/>
</pin_list>
<bind>
<opset="PermuteData_2_addr "/>
</bind>
</comp>

<comp id="301" class="1005" name="PermuteData_1_addr_reg_301">
<pin_list>
<pin id="302" dir="0" index="0" bw="4" slack="1"/>
<pin id="303" dir="1" index="1" bw="4" slack="1"/>
</pin_list>
<bind>
<opset="PermuteData_1_addr "/>
</bind>
</comp>

<comp id="306" class="1005" name="PermuteData_3_addr_reg_306">
<pin_list>
<pin id="307" dir="0" index="0" bw="4" slack="1"/>
<pin id="308" dir="1" index="1" bw="4" slack="1"/>
</pin_list>
<bind>
<opset="PermuteData_3_addr "/>
</bind>
</comp>

<comp id="311" class="1005" name="NTTData_addr_reg_311">
<pin_list>
<pin id="312" dir="0" index="0" bw="4" slack="22"/>
<pin id="313" dir="1" index="1" bw="4" slack="22"/>
</pin_list>
<bind>
<opset="NTTData_addr "/>
</bind>
</comp>

<comp id="316" class="1005" name="NTTData_2_addr_reg_316">
<pin_list>
<pin id="317" dir="0" index="0" bw="4" slack="22"/>
<pin id="318" dir="1" index="1" bw="4" slack="22"/>
</pin_list>
<bind>
<opset="NTTData_2_addr "/>
</bind>
</comp>

<comp id="321" class="1005" name="NTTData_1_addr_reg_321">
<pin_list>
<pin id="322" dir="0" index="0" bw="4" slack="22"/>
<pin id="323" dir="1" index="1" bw="4" slack="22"/>
</pin_list>
<bind>
<opset="NTTData_1_addr "/>
</bind>
</comp>

<comp id="326" class="1005" name="NTTData_3_addr_reg_326">
<pin_list>
<pin id="327" dir="0" index="0" bw="4" slack="22"/>
<pin id="328" dir="1" index="1" bw="4" slack="22"/>
</pin_list>
<bind>
<opset="NTTData_3_addr "/>
</bind>
</comp>

<comp id="331" class="1005" name="PermuteData_load_reg_331">
<pin_list>
<pin id="332" dir="0" index="0" bw="32" slack="1"/>
<pin id="333" dir="1" index="1" bw="32" slack="1"/>
</pin_list>
<bind>
<opset="PermuteData_load "/>
</bind>
</comp>

<comp id="336" class="1005" name="PermuteData_1_load_reg_336">
<pin_list>
<pin id="337" dir="0" index="0" bw="32" slack="1"/>
<pin id="338" dir="1" index="1" bw="32" slack="1"/>
</pin_list>
<bind>
<opset="PermuteData_1_load "/>
</bind>
</comp>

<comp id="341" class="1005" name="PermuteData_2_load_reg_341">
<pin_list>
<pin id="342" dir="0" index="0" bw="32" slack="1"/>
<pin id="343" dir="1" index="1" bw="32" slack="1"/>
</pin_list>
<bind>
<opset="PermuteData_2_load "/>
</bind>
</comp>

<comp id="346" class="1005" name="PermuteData_3_load_reg_346">
<pin_list>
<pin id="347" dir="0" index="0" bw="32" slack="1"/>
<pin id="348" dir="1" index="1" bw="32" slack="1"/>
</pin_list>
<bind>
<opset="PermuteData_3_load "/>
</bind>
</comp>

<comp id="351" class="1005" name="NTTData_addr_8_ret_reg_351">
<pin_list>
<pin id="352" dir="0" index="0" bw="32" slack="1"/>
<pin id="353" dir="1" index="1" bw="32" slack="1"/>
</pin_list>
<bind>
<opset="NTTData_addr_8_ret "/>
</bind>
</comp>

<comp id="356" class="1005" name="NTTData_1_addr_8_ret_reg_356">
<pin_list>
<pin id="357" dir="0" index="0" bw="32" slack="1"/>
<pin id="358" dir="1" index="1" bw="32" slack="1"/>
</pin_list>
<bind>
<opset="NTTData_1_addr_8_ret "/>
</bind>
</comp>

<comp id="361" class="1005" name="NTTData_2_addr_8_ret_reg_361">
<pin_list>
<pin id="362" dir="0" index="0" bw="32" slack="1"/>
<pin id="363" dir="1" index="1" bw="32" slack="1"/>
</pin_list>
<bind>
<opset="NTTData_2_addr_8_ret "/>
</bind>
</comp>

<comp id="366" class="1005" name="NTTData_3_addr_8_ret_reg_366">
<pin_list>
<pin id="367" dir="0" index="0" bw="32" slack="1"/>
<pin id="368" dir="1" index="1" bw="32" slack="1"/>
</pin_list>
<bind>
<opset="NTTData_3_addr_8_ret "/>
</bind>
</comp>

</comp_list>

<net_list>
<net id="73"><net_src comp="18" pin="0"/><net_sink comp="70" pin=0"/></net>

<net id="78"><net_src comp="20" pin="0"/><net_sink comp="74" pin=0"/></net>

<net id="79"><net_src comp="0" pin="0"/><net_sink comp="74" pin=1"/></net>

<net id="85"><net_src comp="2" pin="0"/><net_sink comp="80" pin=0"/></net>

<net id="86"><net_src comp="48" pin="0"/><net_sink comp="80" pin=1"/></net>

<net id="92"><net_src comp="4" pin="0"/><net_sink comp="87" pin=0"/></net>

<net id="93"><net_src comp="48" pin="0"/><net_sink comp="87" pin=1"/></net>

<net id="99"><net_src comp="6" pin="0"/><net_sink comp="94" pin=0"/></net>

<net id="100"><net_src comp="48" pin="0"/><net_sink comp="94" pin=1"/></net>

<net id="106"><net_src comp="8" pin="0"/><net_sink comp="101" pin=0"/></net>

<net id="107"><net_src comp="48" pin="0"/><net_sink comp="101" pin=1"/></net>

<net id="113"><net_src comp="10" pin="0"/><net_sink comp="108" pin=0"/></net>

<net id="114"><net_src comp="48" pin="0"/><net_sink comp="108" pin=1"/></net>

<net id="120"><net_src comp="12" pin="0"/><net_sink comp="115" pin=0"/></net>

<net id="121"><net_src comp="48" pin="0"/><net_sink comp="115" pin=1"/></net>

<net id="127"><net_src comp="14" pin="0"/><net_sink comp="122" pin=0"/></net>

<net id="128"><net_src comp="48" pin="0"/><net_sink comp="122" pin=1"/></net>

<net id="134"><net_src comp="16" pin="0"/><net_sink comp="129" pin=0"/></net>

<net id="135"><net_src comp="48" pin="0"/><net_sink comp="129" pin=1"/></net>

<net id="141"><net_src comp="80" pin="3"/><net_sink comp="136" pin=0"/></net>

<net id="147"><net_src comp="94" pin="3"/><net_sink comp="142" pin=0"/></net>

<net id="153"><net_src comp="87" pin="3"/><net_sink comp="148" pin=0"/></net>

<net id="159"><net_src comp="101" pin="3"/><net_sink comp="154" pin=0"/></net>

<net id="189"><net_src comp="50" pin="0"/><net_sink comp="181" pin=0"/></net>

<net id="190"><net_src comp="52" pin="0"/><net_sink comp="181" pin=4"/></net>

<net id="191"><net_src comp="54" pin="0"/><net_sink comp="181" pin=5"/></net>

<net id="200"><net_src comp="50" pin="0"/><net_sink comp="192" pin=0"/></net>

<net id="201"><net_src comp="52" pin="0"/><net_sink comp="192" pin=4"/></net>

<net id="202"><net_src comp="54" pin="0"/><net_sink comp="192" pin=5"/></net>

<net id="207"><net_src comp="22" pin="0"/><net_sink comp="203" pin=0"/></net>

<net id="215"><net_src comp="208" pin="1"/><net_sink comp="211" pin=0"/></net>

<net id="216"><net_src comp="32" pin="0"/><net_sink comp="211" pin=1"/></net>

<net id="221"><net_src comp="208" pin="1"/><net_sink comp="217" pin=0"/></net>

<net id="222"><net_src comp="34" pin="0"/><net_sink comp="217" pin=1"/></net>

<net id="226"><net_src comp="208" pin="1"/><net_sink comp="223" pin=0"/></net>

<net id="233"><net_src comp="44" pin="0"/><net_sink comp="227" pin=0"/></net>

<net id="234"><net_src comp="208" pin="1"/><net_sink comp="227" pin=1"/></net>

<net id="235"><net_src comp="18" pin="0"/><net_sink comp="227" pin=2"/></net>

<net id="236"><net_src comp="46" pin="0"/><net_sink comp="227" pin=3"/></net>

<net id="240"><net_src comp="227" pin="4"/><net_sink comp="237" pin=0"/></net>

<net id="241"><net_src comp="237" pin="1"/><net_sink comp="80" pin=2"/></net>

<net id="242"><net_src comp="237" pin="1"/><net_sink comp="87" pin=2"/></net>

<net id="243"><net_src comp="237" pin="1"/><net_sink comp="94" pin=2"/></net>

<net id="244"><net_src comp="237" pin="1"/><net_sink comp="101" pin=2"/></net>

<net id="245"><net_src comp="237" pin="1"/><net_sink comp="108" pin=2"/></net>

<net id="246"><net_src comp="237" pin="1"/><net_sink comp="115" pin=2"/></net>

<net id="247"><net_src comp="237" pin="1"/><net_sink comp="122" pin=2"/></net>

<net id="248"><net_src comp="237" pin="1"/><net_sink comp="129" pin=2"/></net>

<net id="253"><net_src comp="217" pin="2"/><net_sink comp="249" pin=0"/></net>

<net id="257"><net_src comp="181" pin="6"/><net_sink comp="254" pin=0"/></net>

<net id="261"><net_src comp="181" pin="6"/><net_sink comp="258" pin=0"/></net>

<net id="265"><net_src comp="192" pin="6"/><net_sink comp="262" pin=0"/></net>

<net id="269"><net_src comp="192" pin="6"/><net_sink comp="266" pin=0"/></net>

<net id="273"><net_src comp="70" pin="1"/><net_sink comp="270" pin=0"/></net>

<net id="274"><net_src comp="270" pin="1"/><net_sink comp="203" pin=1"/></net>

<net id="275"><net_src comp="270" pin="1"/><net_sink comp="208" pin=0"/></net>

<net id="276"><net_src comp="270" pin="1"/><net_sink comp="249" pin=1"/></net>

<net id="280"><net_src comp="74" pin="2"/><net_sink comp="277" pin=0"/></net>

<net id="281"><net_src comp="277" pin="1"/><net_sink comp="181" pin=3"/></net>

<net id="282"><net_src comp="277" pin="1"/><net_sink comp="192" pin=3"/></net>

<net id="286"><net_src comp="211" pin="2"/><net_sink comp="283" pin=0"/></net>

<net id="290"><net_src comp="223" pin="1"/><net_sink comp="287" pin=0"/></net>

<net id="294"><net_src comp="80" pin="3"/><net_sink comp="291" pin=0"/></net>

<net id="295"><net_src comp="291" pin="1"/><net_sink comp="136" pin=0"/></net>

<net id="299"><net_src comp="87" pin="3"/><net_sink comp="296" pin=0"/></net>

<net id="300"><net_src comp="296" pin="1"/><net_sink comp="148" pin=0"/></net>

<net id="304"><net_src comp="94" pin="3"/><net_sink comp="301" pin=0"/></net>

<net id="305"><net_src comp="301" pin="1"/><net_sink comp="142" pin=0"/></net>

<net id="309"><net_src comp="101" pin="3"/><net_sink comp="306" pin=0"/></net>

<net id="310"><net_src comp="306" pin="1"/><net_sink comp="154" pin=0"/></net>

<net id="314"><net_src comp="108" pin="3"/><net_sink comp="311" pin=0"/></net>

<net id="315"><net_src comp="311" pin="1"/><net_sink comp="160" pin=0"/></net>

<net id="319"><net_src comp="115" pin="3"/><net_sink comp="316" pin=0"/></net>

<net id="320"><net_src comp="316" pin="1"/><net_sink comp="170" pin=0"/></net>

<net id="324"><net_src comp="122" pin="3"/><net_sink comp="321" pin=0"/></net>

<net id="325"><net_src comp="321" pin="1"/><net_sink comp="165" pin=0"/></net>

<net id="329"><net_src comp="129" pin="3"/><net_sink comp="326" pin=0"/></net>

<net id="330"><net_src comp="326" pin="1"/><net_sink comp="175" pin=0"/></net>

<net id="334"><net_src comp="136" pin="3"/><net_sink comp="331" pin=0"/></net>

<net id="335"><net_src comp="331" pin="1"/><net_sink comp="181" pin=1"/></net>

<net id="339"><net_src comp="142" pin="3"/><net_sink comp="336" pin=0"/></net>

<net id="340"><net_src comp="336" pin="1"/><net_sink comp="181" pin=2"/></net>

<net id="344"><net_src comp="148" pin="3"/><net_sink comp="341" pin=0"/></net>

<net id="345"><net_src comp="341" pin="1"/><net_sink comp="192" pin=1"/></net>

<net id="349"><net_src comp="154" pin="3"/><net_sink comp="346" pin=0"/></net>

<net id="350"><net_src comp="346" pin="1"/><net_sink comp="192" pin=2"/></net>

<net id="354"><net_src comp="254" pin="1"/><net_sink comp="351" pin=0"/></net>

<net id="355"><net_src comp="351" pin="1"/><net_sink comp="160" pin=1"/></net>

<net id="359"><net_src comp="258" pin="1"/><net_sink comp="356" pin=0"/></net>

<net id="360"><net_src comp="356" pin="1"/><net_sink comp="165" pin=1"/></net>

<net id="364"><net_src comp="262" pin="1"/><net_sink comp="361" pin=0"/></net>

<net id="365"><net_src comp="361" pin="1"/><net_sink comp="170" pin=1"/></net>

<net id="369"><net_src comp="266" pin="1"/><net_sink comp="366" pin=0"/></net>

<net id="370"><net_src comp="366" pin="1"/><net_sink comp="175" pin=1"/></net>

</net_list>

</model> 
---------------- Datapath Model END ------------------

* FSMD analyzer results:
  - Output states:
	Port: NTTData | {23 }
	Port: NTTData_2 | {23 }
	Port: NTTData_1 | {23 }
	Port: NTTData_3 | {23 }
 - Input state : 
	Port: Crypto1_Pipeline_VITIS_LOOP_411_1125 : TwiddleFactor_5 | {1 }
	Port: Crypto1_Pipeline_VITIS_LOOP_411_1125 : PermuteData | {1 2 }
	Port: Crypto1_Pipeline_VITIS_LOOP_411_1125 : PermuteData_2 | {1 2 }
	Port: Crypto1_Pipeline_VITIS_LOOP_411_1125 : PermuteData_1 | {1 2 }
	Port: Crypto1_Pipeline_VITIS_LOOP_411_1125 : PermuteData_3 | {1 2 }
  - Chain level:
	State 1
		store_ln0 : 1
		m : 1
		icmp_ln411 : 2
		add_ln411 : 2
		br_ln411 : 3
		empty : 2
		lshr_ln414_2 : 2
		zext_ln414 : 3
		PermuteData_addr : 4
		PermuteData_2_addr : 4
		PermuteData_1_addr : 4
		PermuteData_3_addr : 4
		NTTData_addr : 4
		NTTData_2_addr : 4
		NTTData_1_addr : 4
		NTTData_3_addr : 4
		br_ln415 : 3
		PermuteData_load : 5
		PermuteData_1_load : 5
		PermuteData_2_load : 5
		PermuteData_3_load : 5
		store_ln411 : 3
	State 2
	State 3
	State 4
	State 5
	State 6
	State 7
	State 8
	State 9
	State 10
	State 11
	State 12
	State 13
	State 14
	State 15
	State 16
	State 17
	State 18
	State 19
	State 20
	State 21
	State 22
		NTTData_addr_8_ret : 1
		NTTData_1_addr_8_ret : 1
		NTTData_2_addr_8_ret : 1
		NTTData_3_addr_8_ret : 1
	State 23
		rend51 : 1
		rend53 : 1


============================================================
+ Verbose Summary: Datapath Resource usage 
============================================================

* Functional unit list:
|----------|---------------------------------|---------|---------|---------|---------|
| Operation|         Functional Unit         |   DSP   |  Delay  |    FF   |   LUT   |
|----------|---------------------------------|---------|---------|---------|---------|
|   call   |   grp_Configurable_PE_2_fu_181  |    18   | 15.0078 |   2193  |   2408  |
|          |   grp_Configurable_PE_2_fu_192  |    18   | 15.0078 |   2193  |   2408  |
|----------|---------------------------------|---------|---------|---------|---------|
|   icmp   |        icmp_ln411_fu_211        |    0    |    0    |    0    |    14   |
|----------|---------------------------------|---------|---------|---------|---------|
|    add   |         add_ln411_fu_217        |    0    |    0    |    0    |    14   |
|----------|---------------------------------|---------|---------|---------|---------|
|   read   | TwiddleFactor_5_read_read_fu_74 |    0    |    0    |    0    |    0    |
|----------|---------------------------------|---------|---------|---------|---------|
|   trunc  |           empty_fu_223          |    0    |    0    |    0    |    0    |
|----------|---------------------------------|---------|---------|---------|---------|
|partselect|       lshr_ln414_2_fu_227       |    0    |    0    |    0    |    0    |
|----------|---------------------------------|---------|---------|---------|---------|
|   zext   |        zext_ln414_fu_237        |    0    |    0    |    0    |    0    |
|----------|---------------------------------|---------|---------|---------|---------|
|          |    NTTData_addr_8_ret_fu_254    |    0    |    0    |    0    |    0    |
|extractvalue|   NTTData_1_addr_8_ret_fu_258   |    0    |    0    |    0    |    0    |
|          |   NTTData_2_addr_8_ret_fu_262   |    0    |    0    |    0    |    0    |
|          |   NTTData_3_addr_8_ret_fu_266   |    0    |    0    |    0    |    0    |
|----------|---------------------------------|---------|---------|---------|---------|
|   Total  |                                 |    36   | 30.0156 |   4386  |   4844  |
|----------|---------------------------------|---------|---------|---------|---------|

Memories:
N/A

* Register list:
+----------------------------+--------+
|                            |   FF   |
+----------------------------+--------+
|NTTData_1_addr_8_ret_reg_356|   32   |
|   NTTData_1_addr_reg_321   |    4   |
|NTTData_2_addr_8_ret_reg_361|   32   |
|   NTTData_2_addr_reg_316   |    4   |
|NTTData_3_addr_8_ret_reg_366|   32   |
|   NTTData_3_addr_reg_326   |    4   |
| NTTData_addr_8_ret_reg_351 |   32   |
|    NTTData_addr_reg_311    |    4   |
| PermuteData_1_addr_reg_301 |    4   |
| PermuteData_1_load_reg_336 |   32   |
| PermuteData_2_addr_reg_296 |    4   |
| PermuteData_2_load_reg_341 |   32   |
| PermuteData_3_addr_reg_306 |    4   |
| PermuteData_3_load_reg_346 |   32   |
|  PermuteData_addr_reg_291  |    4   |
|  PermuteData_load_reg_331  |   32   |
|TwiddleFactor_5_read_reg_277|   32   |
|        empty_reg_287       |    1   |
|  global_pair_index_reg_270 |    6   |
|     icmp_ln411_reg_283     |    1   |
+----------------------------+--------+
|            Total           |   328  |
+----------------------------+--------+

* Multiplexer (MUX) list: 
|-------------------|------|------|------|--------||---------||---------|
|        Comp       |  Pin | Size |  BW  | S x BW ||  Delay  ||   LUT   |
|-------------------|------|------|------|--------||---------||---------|
| grp_access_fu_136 |  p0  |   2  |   4  |    8   ||    9    |
| grp_access_fu_142 |  p0  |   2  |   4  |    8   ||    9    |
| grp_access_fu_148 |  p0  |   2  |   4  |    8   ||    9    |
| grp_access_fu_154 |  p0  |   2  |   4  |    8   ||    9    |
|-------------------|------|------|------|--------||---------||---------|
|       Total       |      |      |      |   32   ||  6.352  ||    36   |
|-------------------|------|------|------|--------||---------||---------|



* Summary:
+-----------+--------+--------+--------+--------+
|           |   DSP  |  Delay |   FF   |   LUT  |
+-----------+--------+--------+--------+--------+
|  Function |   36   |   30   |  4386  |  4844  |
|   Memory  |    -   |    -   |    -   |    -   |
|Multiplexer|    -   |    6   |    -   |   36   |
|  Register |    -   |    -   |   328  |    -   |
+-----------+--------+--------+--------+--------+
|   Total   |   36   |   36   |  4714  |  4880  |
+-----------+--------+--------+--------+--------+
