

================================================================
== Vitis HLS Report for 'Crypto1_Pipeline_VITIS_LOOP_333_513'
================================================================
* Date:           Thu Mar 27 00:01:04 2025

* Version:        2023.1 (Build 3854077 on May  4 2023)
* Project:        Crypto
* Solution:       solution1 (Vivado IP Flow Target)
* Product family: zynq
* Target device:  xc7z020-clg400-1


================================================================
== Performance Estimates
================================================================
+ Timing: 
    * Summary: 
    +--------+---------+----------+------------+
    |  Clock |  Target | Estimated| Uncertainty|
    +--------+---------+----------+------------+
    |ap_clk  |  8.00 ns|  5.802 ns|     2.16 ns|
    +--------+---------+----------+------------+

+ Latency: 
    * Summary: 
    +---------+---------+----------+----------+-----+-----+---------+
    |  Latency (cycles) |  Latency (absolute) |  Interval | Pipeline|
    |   min   |   max   |    min   |    max   | min | max |   Type  |
    +---------+---------+----------+----------+-----+-----+---------+
    |       55|       55|  0.440 us|  0.440 us|   55|   55|       no|
    +---------+---------+----------+----------+-----+-----+---------+

    + Detail: 
        * Instance: 
        N/A

        * Loop: 
        +--------------------+---------+---------+----------+-----------+-----------+------+----------+
        |                    |  Latency (cycles) | Iteration|  Initiation Interval  | Trip |          |
        |      Loop Name     |   min   |   max   |  Latency |  achieved |   target  | Count| Pipelined|
        +--------------------+---------+---------+----------+-----------+-----------+------+----------+
        |- VITIS_LOOP_333_5  |       53|       53|        23|          1|          1|    32|       yes|
        +--------------------+---------+---------+----------+-----------+-----------+------+----------+

============================================================
+ Verbose Summary: Synthesis Manager
============================================================
InlineROM: 1
ExposeGlobal: 0
============================================================
+ Verbose Summary: CDFG Model
============================================================
IsTopModel: 0
ResetActiveHigh: 1
IsCombinational: 0
IsDatapathOnly: 0
HasWiredReturn: 1
HasMFsm: 2
HasVarLatency: 1
IsPipeline: 0
IsRtlPipelined: 0
IsInstanceOverlapped: 0
IsDontTouch: 0
HasImplIP: 0
IsGatedGlobalClock: 0

+ Individual pipeline summary: 
  * Pipeline-0: initiation interval (II) = 1, depth = 23


============================================================
+ Verbose Summary: Schedule
============================================================
* Number of FSM states : 23
* Pipeline : 1
  Pipeline-0 : II = 1, D = 23, States = { 1 2 3 4 5 6 7 8 9 10 11 12 13 14 15 16 17 18 19 20 21 22 23 }
* Dataflow Pipeline: 0

* FSM state transitions: 
1 --> 2 
2 --> 3 
3 --> 4 
4 --> 5 
5 --> 6 
6 --> 7 
7 --> 8 
8 --> 9 
9 --> 10 
10 --> 11 
11 --> 12 
12 --> 13 
13 --> 14 
14 --> 15 
15 --> 16 
16 --> 17 
17 --> 18 
18 --> 19 
19 --> 20 
20 --> 21 
21 --> 22 
22 --> 23 
23 --> 

* FSM state operations: 

State 1 <SV = 0> <Delay = 3.41>
ST_1 : Operation 26 [1/1] (0.00ns)   --->   "%global_pair_index = alloca i32 1"   --->   Operation 26 'alloca' 'global_pair_index' <Predicate = true> <Delay = 0.00>
ST_1 : Operation 27 [1/1] (0.00ns)   --->   "%TwiddleFactor_2_read = read i32 @_ssdm_op_Read.ap_auto.i32, i32 %TwiddleFactor_2"   --->   Operation 27 'read' 'TwiddleFactor_2_read' <Predicate = true> <Delay = 0.00>
ST_1 : Operation 28 [1/1] (1.58ns)   --->   "%store_ln0 = store i6 0, i6 %global_pair_index"   --->   Operation 28 'store' 'store_ln0' <Predicate = true> <Delay = 1.58>
ST_1 : Operation 29 [1/1] (0.00ns)   --->   "%br_ln0 = br void %for.inc670.1"   --->   Operation 29 'br' 'br_ln0' <Predicate = true> <Delay = 0.00>
ST_1 : Operation 30 [1/1] (0.00ns)   --->   "%m = load i6 %global_pair_index"   --->   Operation 30 'load' 'm' <Predicate = true> <Delay = 0.00>
ST_1 : Operation 31 [1/1] (0.00ns)   --->   "%specpipeline_ln0 = specpipeline void @_ssdm_op_SpecPipeline, i32 4294967295, i32 0, i32 1, i32 0, void @p_str"   --->   Operation 31 'specpipeline' 'specpipeline_ln0' <Predicate = true> <Delay = 0.00>
ST_1 : Operation 32 [1/1] (1.82ns)   --->   "%icmp_ln333 = icmp_eq  i6 %m, i6 32" [Crypto1.cpp:333]   --->   Operation 32 'icmp' 'icmp_ln333' <Predicate = true> <Delay = 1.82> <CoreInst = "Cmp">   --->   Core 9 'Cmp' <Latency = 0> <II = 1> <Delay = 1.82> <FuncUnit> <Opcode : 'icmp'> <InPorts = 2> <OutPorts = 1>
ST_1 : Operation 33 [1/1] (1.82ns)   --->   "%add_ln333 = add i6 %m, i6 1" [Crypto1.cpp:333]   --->   Operation 33 'add' 'add_ln333' <Predicate = true> <Delay = 1.82> <CoreInst = "Adder">   --->   Core 1 'Adder' <Latency = 0> <II = 1> <Delay = 1.82> <FuncUnit> <Opcode : 'add' 'sub'> <InPorts = 2> <OutPorts = 1>
ST_1 : Operation 34 [1/1] (0.00ns)   --->   "%br_ln333 = br i1 %icmp_ln333, void %for.inc670.1.split, void %for.body680.1.preheader.exitStub" [Crypto1.cpp:333]   --->   Operation 34 'br' 'br_ln333' <Predicate = true> <Delay = 0.00>
ST_1 : Operation 35 [1/1] (0.00ns)   --->   "%empty = trunc i6 %m"   --->   Operation 35 'trunc' 'empty' <Predicate = (!icmp_ln333)> <Delay = 0.00>
ST_1 : Operation 36 [1/1] (0.00ns)   --->   "%speclooptripcount_ln333 = speclooptripcount void @_ssdm_op_SpecLoopTripCount, i64 32, i64 32, i64 32" [Crypto1.cpp:333]   --->   Operation 36 'speclooptripcount' 'speclooptripcount_ln333' <Predicate = (!icmp_ln333)> <Delay = 0.00>
ST_1 : Operation 37 [1/1] (0.00ns)   --->   "%specloopname_ln333 = specloopname void @_ssdm_op_SpecLoopName, void @empty_37" [Crypto1.cpp:333]   --->   Operation 37 'specloopname' 'specloopname_ln333' <Predicate = (!icmp_ln333)> <Delay = 0.00>
ST_1 : Operation 38 [1/1] (0.00ns)   --->   "%lshr_ln336_1 = partselect i4 @_ssdm_op_PartSelect.i4.i6.i32.i32, i6 %m, i32 1, i32 4" [Crypto1.cpp:336]   --->   Operation 38 'partselect' 'lshr_ln336_1' <Predicate = (!icmp_ln333)> <Delay = 0.00>
ST_1 : Operation 39 [1/1] (0.00ns)   --->   "%zext_ln336 = zext i4 %lshr_ln336_1" [Crypto1.cpp:336]   --->   Operation 39 'zext' 'zext_ln336' <Predicate = (!icmp_ln333)> <Delay = 0.00>
ST_1 : Operation 40 [1/1] (0.00ns)   --->   "%PermuteData_addr = getelementptr i32 %PermuteData, i64 0, i64 %zext_ln336" [Crypto1.cpp:337]   --->   Operation 40 'getelementptr' 'PermuteData_addr' <Predicate = (!icmp_ln333)> <Delay = 0.00>
ST_1 : Operation 41 [1/1] (0.00ns)   --->   "%PermuteData_2_addr = getelementptr i32 %PermuteData_2, i64 0, i64 %zext_ln336" [Crypto1.cpp:337]   --->   Operation 41 'getelementptr' 'PermuteData_2_addr' <Predicate = (!icmp_ln333)> <Delay = 0.00>
ST_1 : Operation 42 [1/1] (0.00ns)   --->   "%PermuteData_1_addr = getelementptr i32 %PermuteData_1, i64 0, i64 %zext_ln336" [Crypto1.cpp:337]   --->   Operation 42 'getelementptr' 'PermuteData_1_addr' <Predicate = (!icmp_ln333)> <Delay = 0.00>
ST_1 : Operation 43 [1/1] (0.00ns)   --->   "%PermuteData_3_addr = getelementptr i32 %PermuteData_3, i64 0, i64 %zext_ln336" [Crypto1.cpp:337]   --->   Operation 43 'getelementptr' 'PermuteData_3_addr' <Predicate = (!icmp_ln333)> <Delay = 0.00>
ST_1 : Operation 44 [1/1] (0.00ns)   --->   "%NTTData_addr = getelementptr i32 %NTTData, i64 0, i64 %zext_ln336" [Crypto1.cpp:337]   --->   Operation 44 'getelementptr' 'NTTData_addr' <Predicate = (!icmp_ln333)> <Delay = 0.00>
ST_1 : Operation 45 [1/1] (0.00ns)   --->   "%NTTData_2_addr = getelementptr i32 %NTTData_2, i64 0, i64 %zext_ln336" [Crypto1.cpp:337]   --->   Operation 45 'getelementptr' 'NTTData_2_addr' <Predicate = (!icmp_ln333)> <Delay = 0.00>
ST_1 : Operation 46 [1/1] (0.00ns)   --->   "%NTTData_1_addr = getelementptr i32 %NTTData_1, i64 0, i64 %zext_ln336" [Crypto1.cpp:337]   --->   Operation 46 'getelementptr' 'NTTData_1_addr' <Predicate = (!icmp_ln333)> <Delay = 0.00>
ST_1 : Operation 47 [1/1] (0.00ns)   --->   "%NTTData_3_addr = getelementptr i32 %NTTData_3, i64 0, i64 %zext_ln336" [Crypto1.cpp:337]   --->   Operation 47 'getelementptr' 'NTTData_3_addr' <Predicate = (!icmp_ln333)> <Delay = 0.00>
ST_1 : Operation 48 [1/1] (0.00ns)   --->   "%br_ln337 = br i1 %empty, void %xlx_occurrence.arrayidx661.1.case.0.7, void %xlx_occurrence.arrayidx661.1.case.2.6" [Crypto1.cpp:337]   --->   Operation 48 'br' 'br_ln337' <Predicate = (!icmp_ln333)> <Delay = 0.00>
ST_1 : Operation 49 [2/2] (2.32ns)   --->   "%PermuteData_load = load i4 %PermuteData_addr" [Crypto1.cpp:337]   --->   Operation 49 'load' 'PermuteData_load' <Predicate = (!icmp_ln333 & !empty)> <Delay = 2.32> <CoreInst = "RAM">   --->   Core 82 'RAM' <Latency = 1> <II = 1> <Delay = 2.32> <Storage> <Opcode : 'load' 'store'> <Ports = 2> <Width = 32> <Depth = 16> <RAM>
ST_1 : Operation 50 [2/2] (2.32ns)   --->   "%PermuteData_1_load = load i4 %PermuteData_1_addr" [Crypto1.cpp:337]   --->   Operation 50 'load' 'PermuteData_1_load' <Predicate = (!icmp_ln333 & !empty)> <Delay = 2.32> <CoreInst = "RAM">   --->   Core 82 'RAM' <Latency = 1> <II = 1> <Delay = 2.32> <Storage> <Opcode : 'load' 'store'> <Ports = 2> <Width = 32> <Depth = 16> <RAM>
ST_1 : Operation 51 [2/2] (2.32ns)   --->   "%PermuteData_2_load = load i4 %PermuteData_2_addr" [Crypto1.cpp:337]   --->   Operation 51 'load' 'PermuteData_2_load' <Predicate = (!icmp_ln333 & empty)> <Delay = 2.32> <CoreInst = "RAM">   --->   Core 82 'RAM' <Latency = 1> <II = 1> <Delay = 2.32> <Storage> <Opcode : 'load' 'store'> <Ports = 2> <Width = 32> <Depth = 16> <RAM>
ST_1 : Operation 52 [2/2] (2.32ns)   --->   "%PermuteData_3_load = load i4 %PermuteData_3_addr" [Crypto1.cpp:337]   --->   Operation 52 'load' 'PermuteData_3_load' <Predicate = (!icmp_ln333 & empty)> <Delay = 2.32> <CoreInst = "RAM">   --->   Core 82 'RAM' <Latency = 1> <II = 1> <Delay = 2.32> <Storage> <Opcode : 'load' 'store'> <Ports = 2> <Width = 32> <Depth = 16> <RAM>
ST_1 : Operation 53 [1/1] (1.58ns)   --->   "%store_ln333 = store i6 %add_ln333, i6 %global_pair_index" [Crypto1.cpp:333]   --->   Operation 53 'store' 'store_ln333' <Predicate = (!icmp_ln333)> <Delay = 1.58>
ST_1 : Operation 54 [1/1] (0.00ns)   --->   "%br_ln333 = br void %for.inc670.1" [Crypto1.cpp:333]   --->   Operation 54 'br' 'br_ln333' <Predicate = (!icmp_ln333)> <Delay = 0.00>

State 2 <SV = 1> <Delay = 2.32>
ST_2 : Operation 55 [1/2] (2.32ns)   --->   "%PermuteData_load = load i4 %PermuteData_addr" [Crypto1.cpp:337]   --->   Operation 55 'load' 'PermuteData_load' <Predicate = (!empty)> <Delay = 2.32> <CoreInst = "RAM">   --->   Core 82 'RAM' <Latency = 1> <II = 1> <Delay = 2.32> <Storage> <Opcode : 'load' 'store'> <Ports = 2> <Width = 32> <Depth = 16> <RAM>
ST_2 : Operation 56 [1/2] (2.32ns)   --->   "%PermuteData_1_load = load i4 %PermuteData_1_addr" [Crypto1.cpp:337]   --->   Operation 56 'load' 'PermuteData_1_load' <Predicate = (!empty)> <Delay = 2.32> <CoreInst = "RAM">   --->   Core 82 'RAM' <Latency = 1> <II = 1> <Delay = 2.32> <Storage> <Opcode : 'load' 'store'> <Ports = 2> <Width = 32> <Depth = 16> <RAM>
ST_2 : Operation 57 [1/2] (2.32ns)   --->   "%PermuteData_2_load = load i4 %PermuteData_2_addr" [Crypto1.cpp:337]   --->   Operation 57 'load' 'PermuteData_2_load' <Predicate = (empty)> <Delay = 2.32> <CoreInst = "RAM">   --->   Core 82 'RAM' <Latency = 1> <II = 1> <Delay = 2.32> <Storage> <Opcode : 'load' 'store'> <Ports = 2> <Width = 32> <Depth = 16> <RAM>
ST_2 : Operation 58 [1/2] (2.32ns)   --->   "%PermuteData_3_load = load i4 %PermuteData_3_addr" [Crypto1.cpp:337]   --->   Operation 58 'load' 'PermuteData_3_load' <Predicate = (empty)> <Delay = 2.32> <CoreInst = "RAM">   --->   Core 82 'RAM' <Latency = 1> <II = 1> <Delay = 2.32> <Storage> <Opcode : 'load' 'store'> <Ports = 2> <Width = 32> <Depth = 16> <RAM>

State 3 <SV = 2> <Delay = 5.80>
ST_3 : Operation 59 [20/20] (5.80ns)   --->   "%call_ret5 = call i64 @Configurable_PE.2, i32 %PermuteData_load, i32 %PermuteData_1_load, i32 %TwiddleFactor_2_read, i2 1, i3 3" [Crypto1.cpp:337]   --->   Operation 59 'call' 'call_ret5' <Predicate = (!icmp_ln333 & !empty)> <Delay = 5.80> <CoreType = "Generic">   --->   Core 0 '' <Latency = 0> <II = 1> <Delay = 1.00> <Generic> <Opcode : >
ST_3 : Operation 60 [20/20] (5.80ns)   --->   "%call_ret6 = call i64 @Configurable_PE.2, i32 %PermuteData_2_load, i32 %PermuteData_3_load, i32 %TwiddleFactor_2_read, i2 1, i3 3" [Crypto1.cpp:337]   --->   Operation 60 'call' 'call_ret6' <Predicate = (!icmp_ln333 & empty)> <Delay = 5.80> <CoreType = "Generic">   --->   Core 0 '' <Latency = 0> <II = 1> <Delay = 1.00> <Generic> <Opcode : >

State 4 <SV = 3> <Delay = 5.80>
ST_4 : Operation 61 [19/20] (5.80ns)   --->   "%call_ret5 = call i64 @Configurable_PE.2, i32 %PermuteData_load, i32 %PermuteData_1_load, i32 %TwiddleFactor_2_read, i2 1, i3 3" [Crypto1.cpp:337]   --->   Operation 61 'call' 'call_ret5' <Predicate = (!icmp_ln333 & !empty)> <Delay = 5.80> <CoreType = "Generic">   --->   Core 0 '' <Latency = 0> <II = 1> <Delay = 1.00> <Generic> <Opcode : >
ST_4 : Operation 62 [19/20] (5.80ns)   --->   "%call_ret6 = call i64 @Configurable_PE.2, i32 %PermuteData_2_load, i32 %PermuteData_3_load, i32 %TwiddleFactor_2_read, i2 1, i3 3" [Crypto1.cpp:337]   --->   Operation 62 'call' 'call_ret6' <Predicate = (!icmp_ln333 & empty)> <Delay = 5.80> <CoreType = "Generic">   --->   Core 0 '' <Latency = 0> <II = 1> <Delay = 1.00> <Generic> <Opcode : >

State 5 <SV = 4> <Delay = 5.80>
ST_5 : Operation 63 [18/20] (5.80ns)   --->   "%call_ret5 = call i64 @Configurable_PE.2, i32 %PermuteData_load, i32 %PermuteData_1_load, i32 %TwiddleFactor_2_read, i2 1, i3 3" [Crypto1.cpp:337]   --->   Operation 63 'call' 'call_ret5' <Predicate = (!icmp_ln333 & !empty)> <Delay = 5.80> <CoreType = "Generic">   --->   Core 0 '' <Latency = 0> <II = 1> <Delay = 1.00> <Generic> <Opcode : >
ST_5 : Operation 64 [18/20] (5.80ns)   --->   "%call_ret6 = call i64 @Configurable_PE.2, i32 %PermuteData_2_load, i32 %PermuteData_3_load, i32 %TwiddleFactor_2_read, i2 1, i3 3" [Crypto1.cpp:337]   --->   Operation 64 'call' 'call_ret6' <Predicate = (!icmp_ln333 & empty)> <Delay = 5.80> <CoreType = "Generic">   --->   Core 0 '' <Latency = 0> <II = 1> <Delay = 1.00> <Generic> <Opcode : >

State 6 <SV = 5> <Delay = 5.80>
ST_6 : Operation 65 [17/20] (5.80ns)   --->   "%call_ret5 = call i64 @Configurable_PE.2, i32 %PermuteData_load, i32 %PermuteData_1_load, i32 %TwiddleFactor_2_read, i2 1, i3 3" [Crypto1.cpp:337]   --->   Operation 65 'call' 'call_ret5' <Predicate = (!icmp_ln333 & !empty)> <Delay = 5.80> <CoreType = "Generic">   --->   Core 0 '' <Latency = 0> <II = 1> <Delay = 1.00> <Generic> <Opcode : >
ST_6 : Operation 66 [17/20] (5.80ns)   --->   "%call_ret6 = call i64 @Configurable_PE.2, i32 %PermuteData_2_load, i32 %PermuteData_3_load, i32 %TwiddleFactor_2_read, i2 1, i3 3" [Crypto1.cpp:337]   --->   Operation 66 'call' 'call_ret6' <Predicate = (!icmp_ln333 & empty)> <Delay = 5.80> <CoreType = "Generic">   --->   Core 0 '' <Latency = 0> <II = 1> <Delay = 1.00> <Generic> <Opcode : >

State 7 <SV = 6> <Delay = 5.80>
ST_7 : Operation 67 [16/20] (5.80ns)   --->   "%call_ret5 = call i64 @Configurable_PE.2, i32 %PermuteData_load, i32 %PermuteData_1_load, i32 %TwiddleFactor_2_read, i2 1, i3 3" [Crypto1.cpp:337]   --->   Operation 67 'call' 'call_ret5' <Predicate = (!icmp_ln333 & !empty)> <Delay = 5.80> <CoreType = "Generic">   --->   Core 0 '' <Latency = 0> <II = 1> <Delay = 1.00> <Generic> <Opcode : >
ST_7 : Operation 68 [16/20] (5.80ns)   --->   "%call_ret6 = call i64 @Configurable_PE.2, i32 %PermuteData_2_load, i32 %PermuteData_3_load, i32 %TwiddleFactor_2_read, i2 1, i3 3" [Crypto1.cpp:337]   --->   Operation 68 'call' 'call_ret6' <Predicate = (!icmp_ln333 & empty)> <Delay = 5.80> <CoreType = "Generic">   --->   Core 0 '' <Latency = 0> <II = 1> <Delay = 1.00> <Generic> <Opcode : >

State 8 <SV = 7> <Delay = 5.80>
ST_8 : Operation 69 [15/20] (5.80ns)   --->   "%call_ret5 = call i64 @Configurable_PE.2, i32 %PermuteData_load, i32 %PermuteData_1_load, i32 %TwiddleFactor_2_read, i2 1, i3 3" [Crypto1.cpp:337]   --->   Operation 69 'call' 'call_ret5' <Predicate = (!icmp_ln333 & !empty)> <Delay = 5.80> <CoreType = "Generic">   --->   Core 0 '' <Latency = 0> <II = 1> <Delay = 1.00> <Generic> <Opcode : >
ST_8 : Operation 70 [15/20] (5.80ns)   --->   "%call_ret6 = call i64 @Configurable_PE.2, i32 %PermuteData_2_load, i32 %PermuteData_3_load, i32 %TwiddleFactor_2_read, i2 1, i3 3" [Crypto1.cpp:337]   --->   Operation 70 'call' 'call_ret6' <Predicate = (!icmp_ln333 & empty)> <Delay = 5.80> <CoreType = "Generic">   --->   Core 0 '' <Latency = 0> <II = 1> <Delay = 1.00> <Generic> <Opcode : >

State 9 <SV = 8> <Delay = 5.80>
ST_9 : Operation 71 [14/20] (5.80ns)   --->   "%call_ret5 = call i64 @Configurable_PE.2, i32 %PermuteData_load, i32 %PermuteData_1_load, i32 %TwiddleFactor_2_read, i2 1, i3 3" [Crypto1.cpp:337]   --->   Operation 71 'call' 'call_ret5' <Predicate = (!icmp_ln333 & !empty)> <Delay = 5.80> <CoreType = "Generic">   --->   Core 0 '' <Latency = 0> <II = 1> <Delay = 1.00> <Generic> <Opcode : >
ST_9 : Operation 72 [14/20] (5.80ns)   --->   "%call_ret6 = call i64 @Configurable_PE.2, i32 %PermuteData_2_load, i32 %PermuteData_3_load, i32 %TwiddleFactor_2_read, i2 1, i3 3" [Crypto1.cpp:337]   --->   Operation 72 'call' 'call_ret6' <Predicate = (!icmp_ln333 & empty)> <Delay = 5.80> <CoreType = "Generic">   --->   Core 0 '' <Latency = 0> <II = 1> <Delay = 1.00> <Generic> <Opcode : >

State 10 <SV = 9> <Delay = 5.80>
ST_10 : Operation 73 [13/20] (5.80ns)   --->   "%call_ret5 = call i64 @Configurable_PE.2, i32 %PermuteData_load, i32 %PermuteData_1_load, i32 %TwiddleFactor_2_read, i2 1, i3 3" [Crypto1.cpp:337]   --->   Operation 73 'call' 'call_ret5' <Predicate = (!icmp_ln333 & !empty)> <Delay = 5.80> <CoreType = "Generic">   --->   Core 0 '' <Latency = 0> <II = 1> <Delay = 1.00> <Generic> <Opcode : >
ST_10 : Operation 74 [13/20] (5.80ns)   --->   "%call_ret6 = call i64 @Configurable_PE.2, i32 %PermuteData_2_load, i32 %PermuteData_3_load, i32 %TwiddleFactor_2_read, i2 1, i3 3" [Crypto1.cpp:337]   --->   Operation 74 'call' 'call_ret6' <Predicate = (!icmp_ln333 & empty)> <Delay = 5.80> <CoreType = "Generic">   --->   Core 0 '' <Latency = 0> <II = 1> <Delay = 1.00> <Generic> <Opcode : >

State 11 <SV = 10> <Delay = 5.80>
ST_11 : Operation 75 [12/20] (5.80ns)   --->   "%call_ret5 = call i64 @Configurable_PE.2, i32 %PermuteData_load, i32 %PermuteData_1_load, i32 %TwiddleFactor_2_read, i2 1, i3 3" [Crypto1.cpp:337]   --->   Operation 75 'call' 'call_ret5' <Predicate = (!icmp_ln333 & !empty)> <Delay = 5.80> <CoreType = "Generic">   --->   Core 0 '' <Latency = 0> <II = 1> <Delay = 1.00> <Generic> <Opcode : >
ST_11 : Operation 76 [12/20] (5.80ns)   --->   "%call_ret6 = call i64 @Configurable_PE.2, i32 %PermuteData_2_load, i32 %PermuteData_3_load, i32 %TwiddleFactor_2_read, i2 1, i3 3" [Crypto1.cpp:337]   --->   Operation 76 'call' 'call_ret6' <Predicate = (!icmp_ln333 & empty)> <Delay = 5.80> <CoreType = "Generic">   --->   Core 0 '' <Latency = 0> <II = 1> <Delay = 1.00> <Generic> <Opcode : >

State 12 <SV = 11> <Delay = 5.80>
ST_12 : Operation 77 [11/20] (5.80ns)   --->   "%call_ret5 = call i64 @Configurable_PE.2, i32 %PermuteData_load, i32 %PermuteData_1_load, i32 %TwiddleFactor_2_read, i2 1, i3 3" [Crypto1.cpp:337]   --->   Operation 77 'call' 'call_ret5' <Predicate = (!icmp_ln333 & !empty)> <Delay = 5.80> <CoreType = "Generic">   --->   Core 0 '' <Latency = 0> <II = 1> <Delay = 1.00> <Generic> <Opcode : >
ST_12 : Operation 78 [11/20] (5.80ns)   --->   "%call_ret6 = call i64 @Configurable_PE.2, i32 %PermuteData_2_load, i32 %PermuteData_3_load, i32 %TwiddleFactor_2_read, i2 1, i3 3" [Crypto1.cpp:337]   --->   Operation 78 'call' 'call_ret6' <Predicate = (!icmp_ln333 & empty)> <Delay = 5.80> <CoreType = "Generic">   --->   Core 0 '' <Latency = 0> <II = 1> <Delay = 1.00> <Generic> <Opcode : >

State 13 <SV = 12> <Delay = 5.80>
ST_13 : Operation 79 [10/20] (5.80ns)   --->   "%call_ret5 = call i64 @Configurable_PE.2, i32 %PermuteData_load, i32 %PermuteData_1_load, i32 %TwiddleFactor_2_read, i2 1, i3 3" [Crypto1.cpp:337]   --->   Operation 79 'call' 'call_ret5' <Predicate = (!icmp_ln333 & !empty)> <Delay = 5.80> <CoreType = "Generic">   --->   Core 0 '' <Latency = 0> <II = 1> <Delay = 1.00> <Generic> <Opcode : >
ST_13 : Operation 80 [10/20] (5.80ns)   --->   "%call_ret6 = call i64 @Configurable_PE.2, i32 %PermuteData_2_load, i32 %PermuteData_3_load, i32 %TwiddleFactor_2_read, i2 1, i3 3" [Crypto1.cpp:337]   --->   Operation 80 'call' 'call_ret6' <Predicate = (!icmp_ln333 & empty)> <Delay = 5.80> <CoreType = "Generic">   --->   Core 0 '' <Latency = 0> <II = 1> <Delay = 1.00> <Generic> <Opcode : >

State 14 <SV = 13> <Delay = 5.80>
ST_14 : Operation 81 [9/20] (5.80ns)   --->   "%call_ret5 = call i64 @Configurable_PE.2, i32 %PermuteData_load, i32 %PermuteData_1_load, i32 %TwiddleFactor_2_read, i2 1, i3 3" [Crypto1.cpp:337]   --->   Operation 81 'call' 'call_ret5' <Predicate = (!icmp_ln333 & !empty)> <Delay = 5.80> <CoreType = "Generic">   --->   Core 0 '' <Latency = 0> <II = 1> <Delay = 1.00> <Generic> <Opcode : >
ST_14 : Operation 82 [9/20] (5.80ns)   --->   "%call_ret6 = call i64 @Configurable_PE.2, i32 %PermuteData_2_load, i32 %PermuteData_3_load, i32 %TwiddleFactor_2_read, i2 1, i3 3" [Crypto1.cpp:337]   --->   Operation 82 'call' 'call_ret6' <Predicate = (!icmp_ln333 & empty)> <Delay = 5.80> <CoreType = "Generic">   --->   Core 0 '' <Latency = 0> <II = 1> <Delay = 1.00> <Generic> <Opcode : >

State 15 <SV = 14> <Delay = 5.80>
ST_15 : Operation 83 [8/20] (5.80ns)   --->   "%call_ret5 = call i64 @Configurable_PE.2, i32 %PermuteData_load, i32 %PermuteData_1_load, i32 %TwiddleFactor_2_read, i2 1, i3 3" [Crypto1.cpp:337]   --->   Operation 83 'call' 'call_ret5' <Predicate = (!icmp_ln333 & !empty)> <Delay = 5.80> <CoreType = "Generic">   --->   Core 0 '' <Latency = 0> <II = 1> <Delay = 1.00> <Generic> <Opcode : >
ST_15 : Operation 84 [8/20] (5.80ns)   --->   "%call_ret6 = call i64 @Configurable_PE.2, i32 %PermuteData_2_load, i32 %PermuteData_3_load, i32 %TwiddleFactor_2_read, i2 1, i3 3" [Crypto1.cpp:337]   --->   Operation 84 'call' 'call_ret6' <Predicate = (!icmp_ln333 & empty)> <Delay = 5.80> <CoreType = "Generic">   --->   Core 0 '' <Latency = 0> <II = 1> <Delay = 1.00> <Generic> <Opcode : >

State 16 <SV = 15> <Delay = 5.80>
ST_16 : Operation 85 [7/20] (5.80ns)   --->   "%call_ret5 = call i64 @Configurable_PE.2, i32 %PermuteData_load, i32 %PermuteData_1_load, i32 %TwiddleFactor_2_read, i2 1, i3 3" [Crypto1.cpp:337]   --->   Operation 85 'call' 'call_ret5' <Predicate = (!icmp_ln333 & !empty)> <Delay = 5.80> <CoreType = "Generic">   --->   Core 0 '' <Latency = 0> <II = 1> <Delay = 1.00> <Generic> <Opcode : >
ST_16 : Operation 86 [7/20] (5.80ns)   --->   "%call_ret6 = call i64 @Configurable_PE.2, i32 %PermuteData_2_load, i32 %PermuteData_3_load, i32 %TwiddleFactor_2_read, i2 1, i3 3" [Crypto1.cpp:337]   --->   Operation 86 'call' 'call_ret6' <Predicate = (!icmp_ln333 & empty)> <Delay = 5.80> <CoreType = "Generic">   --->   Core 0 '' <Latency = 0> <II = 1> <Delay = 1.00> <Generic> <Opcode : >

State 17 <SV = 16> <Delay = 5.80>
ST_17 : Operation 87 [6/20] (5.80ns)   --->   "%call_ret5 = call i64 @Configurable_PE.2, i32 %PermuteData_load, i32 %PermuteData_1_load, i32 %TwiddleFactor_2_read, i2 1, i3 3" [Crypto1.cpp:337]   --->   Operation 87 'call' 'call_ret5' <Predicate = (!icmp_ln333 & !empty)> <Delay = 5.80> <CoreType = "Generic">   --->   Core 0 '' <Latency = 0> <II = 1> <Delay = 1.00> <Generic> <Opcode : >
ST_17 : Operation 88 [6/20] (5.80ns)   --->   "%call_ret6 = call i64 @Configurable_PE.2, i32 %PermuteData_2_load, i32 %PermuteData_3_load, i32 %TwiddleFactor_2_read, i2 1, i3 3" [Crypto1.cpp:337]   --->   Operation 88 'call' 'call_ret6' <Predicate = (!icmp_ln333 & empty)> <Delay = 5.80> <CoreType = "Generic">   --->   Core 0 '' <Latency = 0> <II = 1> <Delay = 1.00> <Generic> <Opcode : >

State 18 <SV = 17> <Delay = 5.80>
ST_18 : Operation 89 [5/20] (5.80ns)   --->   "%call_ret5 = call i64 @Configurable_PE.2, i32 %PermuteData_load, i32 %PermuteData_1_load, i32 %TwiddleFactor_2_read, i2 1, i3 3" [Crypto1.cpp:337]   --->   Operation 89 'call' 'call_ret5' <Predicate = (!icmp_ln333 & !empty)> <Delay = 5.80> <CoreType = "Generic">   --->   Core 0 '' <Latency = 0> <II = 1> <Delay = 1.00> <Generic> <Opcode : >
ST_18 : Operation 90 [5/20] (5.80ns)   --->   "%call_ret6 = call i64 @Configurable_PE.2, i32 %PermuteData_2_load, i32 %PermuteData_3_load, i32 %TwiddleFactor_2_read, i2 1, i3 3" [Crypto1.cpp:337]   --->   Operation 90 'call' 'call_ret6' <Predicate = (!icmp_ln333 & empty)> <Delay = 5.80> <CoreType = "Generic">   --->   Core 0 '' <Latency = 0> <II = 1> <Delay = 1.00> <Generic> <Opcode : >

State 19 <SV = 18> <Delay = 5.80>
ST_19 : Operation 91 [4/20] (5.80ns)   --->   "%call_ret5 = call i64 @Configurable_PE.2, i32 %PermuteData_load, i32 %PermuteData_1_load, i32 %TwiddleFactor_2_read, i2 1, i3 3" [Crypto1.cpp:337]   --->   Operation 91 'call' 'call_ret5' <Predicate = (!icmp_ln333 & !empty)> <Delay = 5.80> <CoreType = "Generic">   --->   Core 0 '' <Latency = 0> <II = 1> <Delay = 1.00> <Generic> <Opcode : >
ST_19 : Operation 92 [4/20] (5.80ns)   --->   "%call_ret6 = call i64 @Configurable_PE.2, i32 %PermuteData_2_load, i32 %PermuteData_3_load, i32 %TwiddleFactor_2_read, i2 1, i3 3" [Crypto1.cpp:337]   --->   Operation 92 'call' 'call_ret6' <Predicate = (!icmp_ln333 & empty)> <Delay = 5.80> <CoreType = "Generic">   --->   Core 0 '' <Latency = 0> <II = 1> <Delay = 1.00> <Generic> <Opcode : >

State 20 <SV = 19> <Delay = 5.80>
ST_20 : Operation 93 [3/20] (5.80ns)   --->   "%call_ret5 = call i64 @Configurable_PE.2, i32 %PermuteData_load, i32 %PermuteData_1_load, i32 %TwiddleFactor_2_read, i2 1, i3 3" [Crypto1.cpp:337]   --->   Operation 93 'call' 'call_ret5' <Predicate = (!icmp_ln333 & !empty)> <Delay = 5.80> <CoreType = "Generic">   --->   Core 0 '' <Latency = 0> <II = 1> <Delay = 1.00> <Generic> <Opcode : >
ST_20 : Operation 94 [3/20] (5.80ns)   --->   "%call_ret6 = call i64 @Configurable_PE.2, i32 %PermuteData_2_load, i32 %PermuteData_3_load, i32 %TwiddleFactor_2_read, i2 1, i3 3" [Crypto1.cpp:337]   --->   Operation 94 'call' 'call_ret6' <Predicate = (!icmp_ln333 & empty)> <Delay = 5.80> <CoreType = "Generic">   --->   Core 0 '' <Latency = 0> <II = 1> <Delay = 1.00> <Generic> <Opcode : >

State 21 <SV = 20> <Delay = 5.80>
ST_21 : Operation 95 [2/20] (5.80ns)   --->   "%call_ret5 = call i64 @Configurable_PE.2, i32 %PermuteData_load, i32 %PermuteData_1_load, i32 %TwiddleFactor_2_read, i2 1, i3 3" [Crypto1.cpp:337]   --->   Operation 95 'call' 'call_ret5' <Predicate = (!icmp_ln333 & !empty)> <Delay = 5.80> <CoreType = "Generic">   --->   Core 0 '' <Latency = 0> <II = 1> <Delay = 1.00> <Generic> <Opcode : >
ST_21 : Operation 96 [2/20] (5.80ns)   --->   "%call_ret6 = call i64 @Configurable_PE.2, i32 %PermuteData_2_load, i32 %PermuteData_3_load, i32 %TwiddleFactor_2_read, i2 1, i3 3" [Crypto1.cpp:337]   --->   Operation 96 'call' 'call_ret6' <Predicate = (!icmp_ln333 & empty)> <Delay = 5.80> <CoreType = "Generic">   --->   Core 0 '' <Latency = 0> <II = 1> <Delay = 1.00> <Generic> <Opcode : >

State 22 <SV = 21> <Delay = 4.11>
ST_22 : Operation 97 [1/20] (4.11ns)   --->   "%call_ret5 = call i64 @Configurable_PE.2, i32 %PermuteData_load, i32 %PermuteData_1_load, i32 %TwiddleFactor_2_read, i2 1, i3 3" [Crypto1.cpp:337]   --->   Operation 97 'call' 'call_ret5' <Predicate = (!icmp_ln333 & !empty)> <Delay = 4.11> <CoreType = "Generic">   --->   Core 0 '' <Latency = 0> <II = 1> <Delay = 1.00> <Generic> <Opcode : >
ST_22 : Operation 98 [1/1] (0.00ns)   --->   "%NTTData_addr_2_ret = extractvalue i64 %call_ret5" [Crypto1.cpp:337]   --->   Operation 98 'extractvalue' 'NTTData_addr_2_ret' <Predicate = (!empty)> <Delay = 0.00>
ST_22 : Operation 99 [1/1] (0.00ns)   --->   "%NTTData_1_addr_2_ret = extractvalue i64 %call_ret5" [Crypto1.cpp:337]   --->   Operation 99 'extractvalue' 'NTTData_1_addr_2_ret' <Predicate = (!empty)> <Delay = 0.00>
ST_22 : Operation 100 [1/20] (4.11ns)   --->   "%call_ret6 = call i64 @Configurable_PE.2, i32 %PermuteData_2_load, i32 %PermuteData_3_load, i32 %TwiddleFactor_2_read, i2 1, i3 3" [Crypto1.cpp:337]   --->   Operation 100 'call' 'call_ret6' <Predicate = (!icmp_ln333 & empty)> <Delay = 4.11> <CoreType = "Generic">   --->   Core 0 '' <Latency = 0> <II = 1> <Delay = 1.00> <Generic> <Opcode : >
ST_22 : Operation 101 [1/1] (0.00ns)   --->   "%NTTData_2_addr_2_ret = extractvalue i64 %call_ret6" [Crypto1.cpp:337]   --->   Operation 101 'extractvalue' 'NTTData_2_addr_2_ret' <Predicate = (empty)> <Delay = 0.00>
ST_22 : Operation 102 [1/1] (0.00ns)   --->   "%NTTData_3_addr_2_ret = extractvalue i64 %call_ret6" [Crypto1.cpp:337]   --->   Operation 102 'extractvalue' 'NTTData_3_addr_2_ret' <Predicate = (empty)> <Delay = 0.00>
ST_22 : Operation 115 [1/1] (0.00ns)   --->   "%ret_ln0 = ret"   --->   Operation 115 'ret' 'ret_ln0' <Predicate = (icmp_ln333)> <Delay = 0.00>

State 23 <SV = 22> <Delay = 2.32>
ST_23 : Operation 103 [1/1] (0.00ns)   --->   "%rbegin = specregionbegin i32 @_ssdm_op_SpecRegionBegin, void @empty_2" [Crypto1.cpp:337]   --->   Operation 103 'specregionbegin' 'rbegin' <Predicate = (!empty)> <Delay = 0.00>
ST_23 : Operation 104 [1/1] (2.32ns)   --->   "%store_ln337 = store i32 %NTTData_addr_2_ret, i4 %NTTData_addr" [Crypto1.cpp:337]   --->   Operation 104 'store' 'store_ln337' <Predicate = (!empty)> <Delay = 2.32> <CoreInst = "RAM">   --->   Core 82 'RAM' <Latency = 1> <II = 1> <Delay = 2.32> <Storage> <Opcode : 'load' 'store'> <Ports = 2> <Width = 32> <Depth = 16> <RAM>
ST_23 : Operation 105 [1/1] (2.32ns)   --->   "%store_ln337 = store i32 %NTTData_1_addr_2_ret, i4 %NTTData_1_addr" [Crypto1.cpp:337]   --->   Operation 105 'store' 'store_ln337' <Predicate = (!empty)> <Delay = 2.32> <CoreInst = "RAM">   --->   Core 82 'RAM' <Latency = 1> <II = 1> <Delay = 2.32> <Storage> <Opcode : 'load' 'store'> <Ports = 2> <Width = 32> <Depth = 16> <RAM>
ST_23 : Operation 106 [1/1] (0.00ns)   --->   "%specoccurrence_ln337 = specoccurrence void @_ssdm_op_SpecOccurrence, i64 2, void @empty_36" [Crypto1.cpp:337]   --->   Operation 106 'specoccurrence' 'specoccurrence_ln337' <Predicate = (!empty)> <Delay = 0.00>
ST_23 : Operation 107 [1/1] (0.00ns)   --->   "%rend = specregionend i32 @_ssdm_op_SpecRegionEnd, void @empty_2, i32 %rbegin" [Crypto1.cpp:337]   --->   Operation 107 'specregionend' 'rend' <Predicate = (!empty)> <Delay = 0.00>
ST_23 : Operation 108 [1/1] (0.00ns)   --->   "%br_ln337 = br void %arrayidx661.1.exit" [Crypto1.cpp:337]   --->   Operation 108 'br' 'br_ln337' <Predicate = (!empty)> <Delay = 0.00>
ST_23 : Operation 109 [1/1] (0.00ns)   --->   "%rbegin5 = specregionbegin i32 @_ssdm_op_SpecRegionBegin, void @empty_1" [Crypto1.cpp:337]   --->   Operation 109 'specregionbegin' 'rbegin5' <Predicate = (empty)> <Delay = 0.00>
ST_23 : Operation 110 [1/1] (2.32ns)   --->   "%store_ln337 = store i32 %NTTData_2_addr_2_ret, i4 %NTTData_2_addr" [Crypto1.cpp:337]   --->   Operation 110 'store' 'store_ln337' <Predicate = (empty)> <Delay = 2.32> <CoreInst = "RAM">   --->   Core 82 'RAM' <Latency = 1> <II = 1> <Delay = 2.32> <Storage> <Opcode : 'load' 'store'> <Ports = 2> <Width = 32> <Depth = 16> <RAM>
ST_23 : Operation 111 [1/1] (2.32ns)   --->   "%store_ln337 = store i32 %NTTData_3_addr_2_ret, i4 %NTTData_3_addr" [Crypto1.cpp:337]   --->   Operation 111 'store' 'store_ln337' <Predicate = (empty)> <Delay = 2.32> <CoreInst = "RAM">   --->   Core 82 'RAM' <Latency = 1> <II = 1> <Delay = 2.32> <Storage> <Opcode : 'load' 'store'> <Ports = 2> <Width = 32> <Depth = 16> <RAM>
ST_23 : Operation 112 [1/1] (0.00ns)   --->   "%specoccurrence_ln337 = specoccurrence void @_ssdm_op_SpecOccurrence, i64 2, void @empty_36" [Crypto1.cpp:337]   --->   Operation 112 'specoccurrence' 'specoccurrence_ln337' <Predicate = (empty)> <Delay = 0.00>
ST_23 : Operation 113 [1/1] (0.00ns)   --->   "%rend37 = specregionend i32 @_ssdm_op_SpecRegionEnd, void @empty_1, i32 %rbegin5" [Crypto1.cpp:337]   --->   Operation 113 'specregionend' 'rend37' <Predicate = (empty)> <Delay = 0.00>
ST_23 : Operation 114 [1/1] (0.00ns)   --->   "%br_ln337 = br void %arrayidx661.1.exit" [Crypto1.cpp:337]   --->   Operation 114 'br' 'br_ln337' <Predicate = (empty)> <Delay = 0.00>


============================================================
+ Verbose Summary: Timing violations
============================================================
Target clock period: 8.000ns, clock uncertainty: 2.160ns.

 <State 1>: 3.413ns
The critical path consists of the following:
	'alloca' operation ('global_pair_index') [10]  (0.000 ns)
	'load' operation ('m') on local variable 'global_pair_index' [15]  (0.000 ns)
	'add' operation ('add_ln333', Crypto1.cpp:333) [18]  (1.825 ns)
	'store' operation ('store_ln333', Crypto1.cpp:333) of variable 'add_ln333', Crypto1.cpp:333 on local variable 'global_pair_index' [60]  (1.588 ns)

 <State 2>: 2.322ns
The critical path consists of the following:
	'load' operation ('PermuteData_2_load', Crypto1.cpp:337) on array 'PermuteData_2' [49]  (2.322 ns)

 <State 3>: 5.802ns
The critical path consists of the following:
	'call' operation ('call_ret6', Crypto1.cpp:337) to 'Configurable_PE.2' [51]  (5.802 ns)

 <State 4>: 5.802ns
The critical path consists of the following:
	'call' operation ('call_ret5', Crypto1.cpp:337) to 'Configurable_PE.2' [39]  (5.802 ns)

 <State 5>: 5.802ns
The critical path consists of the following:
	'call' operation ('call_ret5', Crypto1.cpp:337) to 'Configurable_PE.2' [39]  (5.802 ns)

 <State 6>: 5.802ns
The critical path consists of the following:
	'call' operation ('call_ret5', Crypto1.cpp:337) to 'Configurable_PE.2' [39]  (5.802 ns)

 <State 7>: 5.802ns
The critical path consists of the following:
	'call' operation ('call_ret5', Crypto1.cpp:337) to 'Configurable_PE.2' [39]  (5.802 ns)

 <State 8>: 5.802ns
The critical path consists of the following:
	'call' operation ('call_ret5', Crypto1.cpp:337) to 'Configurable_PE.2' [39]  (5.802 ns)

 <State 9>: 5.802ns
The critical path consists of the following:
	'call' operation ('call_ret5', Crypto1.cpp:337) to 'Configurable_PE.2' [39]  (5.802 ns)

 <State 10>: 5.802ns
The critical path consists of the following:
	'call' operation ('call_ret5', Crypto1.cpp:337) to 'Configurable_PE.2' [39]  (5.802 ns)

 <State 11>: 5.802ns
The critical path consists of the following:
	'call' operation ('call_ret5', Crypto1.cpp:337) to 'Configurable_PE.2' [39]  (5.802 ns)

 <State 12>: 5.802ns
The critical path consists of the following:
	'call' operation ('call_ret5', Crypto1.cpp:337) to 'Configurable_PE.2' [39]  (5.802 ns)

 <State 13>: 5.802ns
The critical path consists of the following:
	'call' operation ('call_ret6', Crypto1.cpp:337) to 'Configurable_PE.2' [51]  (5.802 ns)

 <State 14>: 5.802ns
The critical path consists of the following:
	'call' operation ('call_ret5', Crypto1.cpp:337) to 'Configurable_PE.2' [39]  (5.802 ns)

 <State 15>: 5.802ns
The critical path consists of the following:
	'call' operation ('call_ret6', Crypto1.cpp:337) to 'Configurable_PE.2' [51]  (5.802 ns)

 <State 16>: 5.802ns
The critical path consists of the following:
	'call' operation ('call_ret5', Crypto1.cpp:337) to 'Configurable_PE.2' [39]  (5.802 ns)

 <State 17>: 5.802ns
The critical path consists of the following:
	'call' operation ('call_ret6', Crypto1.cpp:337) to 'Configurable_PE.2' [51]  (5.802 ns)

 <State 18>: 5.802ns
The critical path consists of the following:
	'call' operation ('call_ret6', Crypto1.cpp:337) to 'Configurable_PE.2' [51]  (5.802 ns)

 <State 19>: 5.802ns
The critical path consists of the following:
	'call' operation ('call_ret5', Crypto1.cpp:337) to 'Configurable_PE.2' [39]  (5.802 ns)

 <State 20>: 5.802ns
The critical path consists of the following:
	'call' operation ('call_ret5', Crypto1.cpp:337) to 'Configurable_PE.2' [39]  (5.802 ns)

 <State 21>: 5.802ns
The critical path consists of the following:
	'call' operation ('call_ret6', Crypto1.cpp:337) to 'Configurable_PE.2' [51]  (5.802 ns)

 <State 22>: 4.110ns
The critical path consists of the following:
	'call' operation ('call_ret5', Crypto1.cpp:337) to 'Configurable_PE.2' [39]  (4.110 ns)

 <State 23>: 2.322ns
The critical path consists of the following:
	'store' operation ('store_ln337', Crypto1.cpp:337) of variable 'NTTData_2_addr_2_ret', Crypto1.cpp:337 on array 'NTTData_2' [53]  (2.322 ns)


============================================================
+ Verbose Summary: Binding
============================================================
N/A
* FSMD analyzer results:
  - Output states:
 - Input state : 
  - Chain level:
	State 1
	State 2
	State 3
	State 4
	State 5
	State 6
	State 7
	State 8
	State 9
	State 10
	State 11
	State 12
	State 13
	State 14
	State 15
	State 16
	State 17
	State 18
	State 19
	State 20
	State 21
	State 22
	State 23


============================================================
+ Verbose Summary: Datapath Resource usage 
============================================================
N/A
