

================================================================
== Vitis HLS Report for 'Crypto_Pipeline_MUL_INV_LOOP'
================================================================
* Date:           Tue Mar  4 14:33:16 2025

* Version:        2023.1 (Build 3854077 on May  4 2023)
* Project:        Crypto
* Solution:       solution1 (Vivado IP Flow Target)
* Product family: zynq
* Target device:  xc7z020-clg400-1


================================================================
== Performance Estimates
================================================================
+ Timing: 
    * Summary: 
    +--------+---------+----------+------------+
    |  Clock |  Target | Estimated| Uncertainty|
    +--------+---------+----------+------------+
    |ap_clk  |  8.00 ns|  5.655 ns|     2.16 ns|
    +--------+---------+----------+------------+

+ Latency: 
    * Summary: 
    +---------+---------+-----------+-----------+------+------+---------+
    |  Latency (cycles) |   Latency (absolute)  |   Interval  | Pipeline|
    |   min   |   max   |    min    |    max    |  min |  max |   Type  |
    +---------+---------+-----------+-----------+------+------+---------+
    |     4113|     4113|  32.904 us|  32.904 us|  4113|  4113|       no|
    +---------+---------+-----------+-----------+------+------+---------+

    + Detail: 
        * Instance: 
        N/A

        * Loop: 
        +----------------+---------+---------+----------+-----------+-----------+------+----------+
        |                |  Latency (cycles) | Iteration|  Initiation Interval  | Trip |          |
        |    Loop Name   |   min   |   max   |  Latency |  achieved |   target  | Count| Pipelined|
        +----------------+---------+---------+----------+-----------+-----------+------+----------+
        |- MUL_INV_LOOP  |     4111|     4111|        17|          1|          1|  4096|       yes|
        +----------------+---------+---------+----------+-----------+-----------+------+----------+

============================================================
+ Verbose Summary: Synthesis Manager
============================================================
InlineROM: 1
ExposeGlobal: 0
============================================================
+ Verbose Summary: CDFG Model
============================================================
IsTopModel: 0
ResetActiveHigh: 1
IsCombinational: 0
IsDatapathOnly: 0
HasWiredReturn: 1
HasMFsm: 2
HasVarLatency: 1
IsPipeline: 0
IsRtlPipelined: 0
IsInstanceOverlapped: 0
IsDontTouch: 0
HasImplIP: 0
IsGatedGlobalClock: 0

+ Individual pipeline summary: 
  * Pipeline-0: initiation interval (II) = 1, depth = 17


============================================================
+ Verbose Summary: Schedule
============================================================
* Number of FSM states : 17
* Pipeline : 1
  Pipeline-0 : II = 1, D = 17, States = { 1 2 3 4 5 6 7 8 9 10 11 12 13 14 15 16 17 }
* Dataflow Pipeline: 0

* FSM state transitions: 
1 --> 2 
2 --> 3 
3 --> 4 
4 --> 5 
5 --> 6 
6 --> 7 
7 --> 8 
8 --> 9 
9 --> 10 
10 --> 11 
11 --> 12 
12 --> 13 
13 --> 14 
14 --> 15 
15 --> 16 
16 --> 17 
17 --> 

* FSM state operations: 

State 1 <SV = 0> <Delay = 3.26>
ST_1 : Operation 20 [1/1] (0.00ns)   --->   "%j = alloca i32 1"   --->   Operation 20 'alloca' 'j' <Predicate = true> <Delay = 0.00>
ST_1 : Operation 21 [1/1] (0.00ns)   --->   "%RAMSel_cast_read = read i2 @_ssdm_op_Read.ap_auto.i2, i2 %RAMSel_cast"   --->   Operation 21 'read' 'RAMSel_cast_read' <Predicate = true> <Delay = 0.00>
ST_1 : Operation 22 [1/1] (1.58ns)   --->   "%store_ln0 = store i13 0, i13 %j"   --->   Operation 22 'store' 'store_ln0' <Predicate = true> <Delay = 1.58>
ST_1 : Operation 23 [1/1] (0.00ns)   --->   "%br_ln0 = br void %for.inc541"   --->   Operation 23 'br' 'br_ln0' <Predicate = true> <Delay = 0.00>
ST_1 : Operation 24 [1/1] (0.00ns)   --->   "%j_20 = load i13 %j" [Crypto.cpp:253]   --->   Operation 24 'load' 'j_20' <Predicate = true> <Delay = 0.00>
ST_1 : Operation 25 [1/1] (1.67ns)   --->   "%icmp_ln253 = icmp_eq  i13 %j_20, i13 4096" [Crypto.cpp:253]   --->   Operation 25 'icmp' 'icmp_ln253' <Predicate = true> <Delay = 1.67> <CoreInst = "Cmp">   --->   Core 9 'Cmp' <Latency = 0> <II = 1> <Delay = 1.67> <FuncUnit> <Opcode : 'icmp'> <InPorts = 2> <OutPorts = 1>
ST_1 : Operation 26 [1/1] (1.67ns)   --->   "%add_ln253 = add i13 %j_20, i13 1" [Crypto.cpp:253]   --->   Operation 26 'add' 'add_ln253' <Predicate = true> <Delay = 1.67> <CoreInst = "Adder">   --->   Core 1 'Adder' <Latency = 0> <II = 1> <Delay = 1.67> <FuncUnit> <Opcode : 'add' 'sub'> <InPorts = 2> <OutPorts = 1>
ST_1 : Operation 27 [1/1] (0.00ns)   --->   "%br_ln253 = br i1 %icmp_ln253, void %for.inc541.split, void %for.inc541.1.preheader.exitStub" [Crypto.cpp:253]   --->   Operation 27 'br' 'br_ln253' <Predicate = true> <Delay = 0.00>
ST_1 : Operation 28 [1/1] (0.00ns)   --->   "%zext_ln253 = zext i13 %j_20" [Crypto.cpp:253]   --->   Operation 28 'zext' 'zext_ln253' <Predicate = (!icmp_ln253)> <Delay = 0.00>
ST_1 : Operation 29 [1/1] (0.00ns)   --->   "%DataRAM_addr = getelementptr i32 %DataRAM, i64 0, i64 %zext_ln253" [Crypto.cpp:256]   --->   Operation 29 'getelementptr' 'DataRAM_addr' <Predicate = (!icmp_ln253)> <Delay = 0.00>
ST_1 : Operation 30 [1/1] (0.00ns)   --->   "%DataRAM_3_addr = getelementptr i32 %DataRAM_3, i64 0, i64 %zext_ln253" [Crypto.cpp:256]   --->   Operation 30 'getelementptr' 'DataRAM_3_addr' <Predicate = (!icmp_ln253)> <Delay = 0.00>
ST_1 : Operation 31 [1/1] (0.00ns)   --->   "%DataRAM_6_addr = getelementptr i32 %DataRAM_6, i64 0, i64 %zext_ln253" [Crypto.cpp:256]   --->   Operation 31 'getelementptr' 'DataRAM_6_addr' <Predicate = (!icmp_ln253)> <Delay = 0.00>
ST_1 : Operation 32 [1/1] (0.00ns)   --->   "%DataRAM_9_addr = getelementptr i32 %DataRAM_9, i64 0, i64 %zext_ln253" [Crypto.cpp:256]   --->   Operation 32 'getelementptr' 'DataRAM_9_addr' <Predicate = (!icmp_ln253)> <Delay = 0.00>
ST_1 : Operation 33 [2/2] (3.25ns)   --->   "%DataRAM_load = load i12 %DataRAM_addr" [Crypto.cpp:256]   --->   Operation 33 'load' 'DataRAM_load' <Predicate = (!icmp_ln253)> <Delay = 3.25> <CoreInst = "RAM">   --->   Core 82 'RAM' <Latency = 1> <II = 1> <Delay = 3.25> <Storage> <Opcode : 'load' 'store'> <Ports = 2> <Width = 32> <Depth = 4096> <RAM>
ST_1 : Operation 34 [2/2] (3.25ns)   --->   "%DataRAM_3_load = load i12 %DataRAM_3_addr" [Crypto.cpp:256]   --->   Operation 34 'load' 'DataRAM_3_load' <Predicate = (!icmp_ln253)> <Delay = 3.25> <CoreInst = "RAM">   --->   Core 82 'RAM' <Latency = 1> <II = 1> <Delay = 3.25> <Storage> <Opcode : 'load' 'store'> <Ports = 2> <Width = 32> <Depth = 4096> <RAM>
ST_1 : Operation 35 [2/2] (3.25ns)   --->   "%DataRAM_6_load = load i12 %DataRAM_6_addr" [Crypto.cpp:256]   --->   Operation 35 'load' 'DataRAM_6_load' <Predicate = (!icmp_ln253)> <Delay = 3.25> <CoreInst = "RAM">   --->   Core 82 'RAM' <Latency = 1> <II = 1> <Delay = 3.25> <Storage> <Opcode : 'load' 'store'> <Ports = 2> <Width = 32> <Depth = 4096> <RAM>
ST_1 : Operation 36 [2/2] (3.25ns)   --->   "%DataRAM_9_load = load i12 %DataRAM_9_addr" [Crypto.cpp:256]   --->   Operation 36 'load' 'DataRAM_9_load' <Predicate = (!icmp_ln253)> <Delay = 3.25> <CoreInst = "RAM">   --->   Core 82 'RAM' <Latency = 1> <II = 1> <Delay = 3.25> <Storage> <Opcode : 'load' 'store'> <Ports = 2> <Width = 32> <Depth = 4096> <RAM>
ST_1 : Operation 37 [1/1] (1.86ns)   --->   "%switch_ln258 = switch i2 %RAMSel_cast_read, void %arrayidx5343.case.3, i2 0, void %arrayidx5343.case.0, i2 1, void %arrayidx5343.case.1, i2 2, void %arrayidx5343.case.2" [Crypto.cpp:258]   --->   Operation 37 'switch' 'switch_ln258' <Predicate = (!icmp_ln253)> <Delay = 1.86>
ST_1 : Operation 38 [1/1] (1.58ns)   --->   "%store_ln253 = store i13 %add_ln253, i13 %j" [Crypto.cpp:253]   --->   Operation 38 'store' 'store_ln253' <Predicate = (!icmp_ln253)> <Delay = 1.58>
ST_1 : Operation 39 [1/1] (0.00ns)   --->   "%br_ln253 = br void %for.inc541" [Crypto.cpp:253]   --->   Operation 39 'br' 'br_ln253' <Predicate = (!icmp_ln253)> <Delay = 0.00>

State 2 <SV = 1> <Delay = 5.08>
ST_2 : Operation 40 [1/2] (3.25ns)   --->   "%DataRAM_load = load i12 %DataRAM_addr" [Crypto.cpp:256]   --->   Operation 40 'load' 'DataRAM_load' <Predicate = true> <Delay = 3.25> <CoreInst = "RAM">   --->   Core 82 'RAM' <Latency = 1> <II = 1> <Delay = 3.25> <Storage> <Opcode : 'load' 'store'> <Ports = 2> <Width = 32> <Depth = 4096> <RAM>
ST_2 : Operation 41 [1/2] (3.25ns)   --->   "%DataRAM_3_load = load i12 %DataRAM_3_addr" [Crypto.cpp:256]   --->   Operation 41 'load' 'DataRAM_3_load' <Predicate = true> <Delay = 3.25> <CoreInst = "RAM">   --->   Core 82 'RAM' <Latency = 1> <II = 1> <Delay = 3.25> <Storage> <Opcode : 'load' 'store'> <Ports = 2> <Width = 32> <Depth = 4096> <RAM>
ST_2 : Operation 42 [1/2] (3.25ns)   --->   "%DataRAM_6_load = load i12 %DataRAM_6_addr" [Crypto.cpp:256]   --->   Operation 42 'load' 'DataRAM_6_load' <Predicate = true> <Delay = 3.25> <CoreInst = "RAM">   --->   Core 82 'RAM' <Latency = 1> <II = 1> <Delay = 3.25> <Storage> <Opcode : 'load' 'store'> <Ports = 2> <Width = 32> <Depth = 4096> <RAM>
ST_2 : Operation 43 [1/2] (3.25ns)   --->   "%DataRAM_9_load = load i12 %DataRAM_9_addr" [Crypto.cpp:256]   --->   Operation 43 'load' 'DataRAM_9_load' <Predicate = true> <Delay = 3.25> <CoreInst = "RAM">   --->   Core 82 'RAM' <Latency = 1> <II = 1> <Delay = 3.25> <Storage> <Opcode : 'load' 'store'> <Ports = 2> <Width = 32> <Depth = 4096> <RAM>
ST_2 : Operation 44 [1/1] (1.82ns)   --->   "%MulInvInput = mux i32 @_ssdm_op_Mux.ap_auto.4i32.i2, i32 %DataRAM_load, i32 %DataRAM_3_load, i32 %DataRAM_6_load, i32 %DataRAM_9_load, i2 %RAMSel_cast_read" [Crypto.cpp:256]   --->   Operation 44 'mux' 'MulInvInput' <Predicate = true> <Delay = 1.82> <CoreInst = "Multiplexer">   --->   Core 76 'Multiplexer' <Latency = 0> <II = 1> <Delay = 1.82> <FuncUnit> <Opcode : 'mux'> <InPorts = 2> <OutPorts = 1>

State 3 <SV = 2> <Delay = 1.05>
ST_3 : Operation 45 [14/14] (1.05ns)   --->   "%MulInvRes = call i32 @MUL_MOD, i32 %MulInvInput, i32 1073487871, i2 0" [Crypto.cpp:257]   --->   Operation 45 'call' 'MulInvRes' <Predicate = (!icmp_ln253)> <Delay = 1.05> <CoreType = "Generic">   --->   Core 0 '' <Latency = 0> <II = 1> <Delay = 1.00> <Generic> <Opcode : >

State 4 <SV = 3> <Delay = 5.65>
ST_4 : Operation 46 [13/14] (5.65ns)   --->   "%MulInvRes = call i32 @MUL_MOD, i32 %MulInvInput, i32 1073487871, i2 0" [Crypto.cpp:257]   --->   Operation 46 'call' 'MulInvRes' <Predicate = (!icmp_ln253)> <Delay = 5.65> <CoreType = "Generic">   --->   Core 0 '' <Latency = 0> <II = 1> <Delay = 1.00> <Generic> <Opcode : >

State 5 <SV = 4> <Delay = 5.65>
ST_5 : Operation 47 [12/14] (5.65ns)   --->   "%MulInvRes = call i32 @MUL_MOD, i32 %MulInvInput, i32 1073487871, i2 0" [Crypto.cpp:257]   --->   Operation 47 'call' 'MulInvRes' <Predicate = (!icmp_ln253)> <Delay = 5.65> <CoreType = "Generic">   --->   Core 0 '' <Latency = 0> <II = 1> <Delay = 1.00> <Generic> <Opcode : >

State 6 <SV = 5> <Delay = 5.65>
ST_6 : Operation 48 [11/14] (5.65ns)   --->   "%MulInvRes = call i32 @MUL_MOD, i32 %MulInvInput, i32 1073487871, i2 0" [Crypto.cpp:257]   --->   Operation 48 'call' 'MulInvRes' <Predicate = (!icmp_ln253)> <Delay = 5.65> <CoreType = "Generic">   --->   Core 0 '' <Latency = 0> <II = 1> <Delay = 1.00> <Generic> <Opcode : >

State 7 <SV = 6> <Delay = 5.65>
ST_7 : Operation 49 [10/14] (5.65ns)   --->   "%MulInvRes = call i32 @MUL_MOD, i32 %MulInvInput, i32 1073487871, i2 0" [Crypto.cpp:257]   --->   Operation 49 'call' 'MulInvRes' <Predicate = (!icmp_ln253)> <Delay = 5.65> <CoreType = "Generic">   --->   Core 0 '' <Latency = 0> <II = 1> <Delay = 1.00> <Generic> <Opcode : >

State 8 <SV = 7> <Delay = 5.65>
ST_8 : Operation 50 [9/14] (5.65ns)   --->   "%MulInvRes = call i32 @MUL_MOD, i32 %MulInvInput, i32 1073487871, i2 0" [Crypto.cpp:257]   --->   Operation 50 'call' 'MulInvRes' <Predicate = (!icmp_ln253)> <Delay = 5.65> <CoreType = "Generic">   --->   Core 0 '' <Latency = 0> <II = 1> <Delay = 1.00> <Generic> <Opcode : >

State 9 <SV = 8> <Delay = 5.65>
ST_9 : Operation 51 [8/14] (5.65ns)   --->   "%MulInvRes = call i32 @MUL_MOD, i32 %MulInvInput, i32 1073487871, i2 0" [Crypto.cpp:257]   --->   Operation 51 'call' 'MulInvRes' <Predicate = (!icmp_ln253)> <Delay = 5.65> <CoreType = "Generic">   --->   Core 0 '' <Latency = 0> <II = 1> <Delay = 1.00> <Generic> <Opcode : >

State 10 <SV = 9> <Delay = 5.65>
ST_10 : Operation 52 [7/14] (5.65ns)   --->   "%MulInvRes = call i32 @MUL_MOD, i32 %MulInvInput, i32 1073487871, i2 0" [Crypto.cpp:257]   --->   Operation 52 'call' 'MulInvRes' <Predicate = (!icmp_ln253)> <Delay = 5.65> <CoreType = "Generic">   --->   Core 0 '' <Latency = 0> <II = 1> <Delay = 1.00> <Generic> <Opcode : >

State 11 <SV = 10> <Delay = 5.65>
ST_11 : Operation 53 [6/14] (5.65ns)   --->   "%MulInvRes = call i32 @MUL_MOD, i32 %MulInvInput, i32 1073487871, i2 0" [Crypto.cpp:257]   --->   Operation 53 'call' 'MulInvRes' <Predicate = (!icmp_ln253)> <Delay = 5.65> <CoreType = "Generic">   --->   Core 0 '' <Latency = 0> <II = 1> <Delay = 1.00> <Generic> <Opcode : >

State 12 <SV = 11> <Delay = 5.65>
ST_12 : Operation 54 [5/14] (5.65ns)   --->   "%MulInvRes = call i32 @MUL_MOD, i32 %MulInvInput, i32 1073487871, i2 0" [Crypto.cpp:257]   --->   Operation 54 'call' 'MulInvRes' <Predicate = (!icmp_ln253)> <Delay = 5.65> <CoreType = "Generic">   --->   Core 0 '' <Latency = 0> <II = 1> <Delay = 1.00> <Generic> <Opcode : >

State 13 <SV = 12> <Delay = 5.65>
ST_13 : Operation 55 [4/14] (5.65ns)   --->   "%MulInvRes = call i32 @MUL_MOD, i32 %MulInvInput, i32 1073487871, i2 0" [Crypto.cpp:257]   --->   Operation 55 'call' 'MulInvRes' <Predicate = (!icmp_ln253)> <Delay = 5.65> <CoreType = "Generic">   --->   Core 0 '' <Latency = 0> <II = 1> <Delay = 1.00> <Generic> <Opcode : >

State 14 <SV = 13> <Delay = 5.65>
ST_14 : Operation 56 [3/14] (5.65ns)   --->   "%MulInvRes = call i32 @MUL_MOD, i32 %MulInvInput, i32 1073487871, i2 0" [Crypto.cpp:257]   --->   Operation 56 'call' 'MulInvRes' <Predicate = (!icmp_ln253)> <Delay = 5.65> <CoreType = "Generic">   --->   Core 0 '' <Latency = 0> <II = 1> <Delay = 1.00> <Generic> <Opcode : >

State 15 <SV = 14> <Delay = 5.65>
ST_15 : Operation 57 [2/14] (5.65ns)   --->   "%MulInvRes = call i32 @MUL_MOD, i32 %MulInvInput, i32 1073487871, i2 0" [Crypto.cpp:257]   --->   Operation 57 'call' 'MulInvRes' <Predicate = (!icmp_ln253)> <Delay = 5.65> <CoreType = "Generic">   --->   Core 0 '' <Latency = 0> <II = 1> <Delay = 1.00> <Generic> <Opcode : >

State 16 <SV = 15> <Delay = 4.21>
ST_16 : Operation 58 [1/1] (0.00ns)   --->   "%specpipeline_ln254 = specpipeline void @_ssdm_op_SpecPipeline, i32 4294967295, i32 0, i32 0, i32 0, void @empty_28" [Crypto.cpp:254]   --->   Operation 58 'specpipeline' 'specpipeline_ln254' <Predicate = true> <Delay = 0.00>
ST_16 : Operation 59 [1/1] (0.00ns)   --->   "%speclooptripcount_ln255 = speclooptripcount void @_ssdm_op_SpecLoopTripCount, i64 4096, i64 4096, i64 4096" [Crypto.cpp:255]   --->   Operation 59 'speclooptripcount' 'speclooptripcount_ln255' <Predicate = true> <Delay = 0.00>
ST_16 : Operation 60 [1/1] (0.00ns)   --->   "%specloopname_ln253 = specloopname void @_ssdm_op_SpecLoopName, void @empty_16" [Crypto.cpp:253]   --->   Operation 60 'specloopname' 'specloopname_ln253' <Predicate = true> <Delay = 0.00>
ST_16 : Operation 61 [1/14] (4.21ns)   --->   "%MulInvRes = call i32 @MUL_MOD, i32 %MulInvInput, i32 1073487871, i2 0" [Crypto.cpp:257]   --->   Operation 61 'call' 'MulInvRes' <Predicate = (!icmp_ln253)> <Delay = 4.21> <CoreType = "Generic">   --->   Core 0 '' <Latency = 0> <II = 1> <Delay = 1.00> <Generic> <Opcode : >
ST_16 : Operation 70 [1/1] (0.00ns)   --->   "%ret_ln0 = ret"   --->   Operation 70 'ret' 'ret_ln0' <Predicate = (icmp_ln253)> <Delay = 0.00>

State 17 <SV = 16> <Delay = 3.25>
ST_17 : Operation 62 [1/1] (3.25ns)   --->   "%store_ln258 = store i32 %MulInvRes, i12 %DataRAM_6_addr" [Crypto.cpp:258]   --->   Operation 62 'store' 'store_ln258' <Predicate = (RAMSel_cast_read == 2)> <Delay = 3.25> <CoreInst = "RAM">   --->   Core 82 'RAM' <Latency = 1> <II = 1> <Delay = 3.25> <Storage> <Opcode : 'load' 'store'> <Ports = 2> <Width = 32> <Depth = 4096> <RAM>
ST_17 : Operation 63 [1/1] (0.00ns)   --->   "%br_ln258 = br void %arrayidx5343.exit" [Crypto.cpp:258]   --->   Operation 63 'br' 'br_ln258' <Predicate = (RAMSel_cast_read == 2)> <Delay = 0.00>
ST_17 : Operation 64 [1/1] (3.25ns)   --->   "%store_ln258 = store i32 %MulInvRes, i12 %DataRAM_3_addr" [Crypto.cpp:258]   --->   Operation 64 'store' 'store_ln258' <Predicate = (RAMSel_cast_read == 1)> <Delay = 3.25> <CoreInst = "RAM">   --->   Core 82 'RAM' <Latency = 1> <II = 1> <Delay = 3.25> <Storage> <Opcode : 'load' 'store'> <Ports = 2> <Width = 32> <Depth = 4096> <RAM>
ST_17 : Operation 65 [1/1] (0.00ns)   --->   "%br_ln258 = br void %arrayidx5343.exit" [Crypto.cpp:258]   --->   Operation 65 'br' 'br_ln258' <Predicate = (RAMSel_cast_read == 1)> <Delay = 0.00>
ST_17 : Operation 66 [1/1] (3.25ns)   --->   "%store_ln258 = store i32 %MulInvRes, i12 %DataRAM_addr" [Crypto.cpp:258]   --->   Operation 66 'store' 'store_ln258' <Predicate = (RAMSel_cast_read == 0)> <Delay = 3.25> <CoreInst = "RAM">   --->   Core 82 'RAM' <Latency = 1> <II = 1> <Delay = 3.25> <Storage> <Opcode : 'load' 'store'> <Ports = 2> <Width = 32> <Depth = 4096> <RAM>
ST_17 : Operation 67 [1/1] (0.00ns)   --->   "%br_ln258 = br void %arrayidx5343.exit" [Crypto.cpp:258]   --->   Operation 67 'br' 'br_ln258' <Predicate = (RAMSel_cast_read == 0)> <Delay = 0.00>
ST_17 : Operation 68 [1/1] (3.25ns)   --->   "%store_ln258 = store i32 %MulInvRes, i12 %DataRAM_9_addr" [Crypto.cpp:258]   --->   Operation 68 'store' 'store_ln258' <Predicate = (RAMSel_cast_read == 3)> <Delay = 3.25> <CoreInst = "RAM">   --->   Core 82 'RAM' <Latency = 1> <II = 1> <Delay = 3.25> <Storage> <Opcode : 'load' 'store'> <Ports = 2> <Width = 32> <Depth = 4096> <RAM>
ST_17 : Operation 69 [1/1] (0.00ns)   --->   "%br_ln258 = br void %arrayidx5343.exit" [Crypto.cpp:258]   --->   Operation 69 'br' 'br_ln258' <Predicate = (RAMSel_cast_read == 3)> <Delay = 0.00>


============================================================
+ Verbose Summary: Timing violations
============================================================
Target clock period: 8.000ns, clock uncertainty: 2.160ns.

 <State 1>: 3.268ns
The critical path consists of the following:
	'alloca' operation ('j') [6]  (0.000 ns)
	'load' operation ('j', Crypto.cpp:253) on local variable 'j' [11]  (0.000 ns)
	'add' operation ('add_ln253', Crypto.cpp:253) [13]  (1.679 ns)
	'store' operation ('store_ln253', Crypto.cpp:253) of variable 'add_ln253', Crypto.cpp:253 on local variable 'j' [44]  (1.588 ns)

 <State 2>: 5.081ns
The critical path consists of the following:
	'load' operation ('DataRAM_load', Crypto.cpp:256) on array 'DataRAM' [24]  (3.254 ns)
	'mux' operation ('MulInvInput', Crypto.cpp:256) [28]  (1.827 ns)

 <State 3>: 1.050ns
The critical path consists of the following:
	'call' operation ('MulInvRes', Crypto.cpp:257) to 'MUL_MOD' [29]  (1.050 ns)

 <State 4>: 5.655ns
The critical path consists of the following:
	'call' operation ('MulInvRes', Crypto.cpp:257) to 'MUL_MOD' [29]  (5.655 ns)

 <State 5>: 5.655ns
The critical path consists of the following:
	'call' operation ('MulInvRes', Crypto.cpp:257) to 'MUL_MOD' [29]  (5.655 ns)

 <State 6>: 5.655ns
The critical path consists of the following:
	'call' operation ('MulInvRes', Crypto.cpp:257) to 'MUL_MOD' [29]  (5.655 ns)

 <State 7>: 5.655ns
The critical path consists of the following:
	'call' operation ('MulInvRes', Crypto.cpp:257) to 'MUL_MOD' [29]  (5.655 ns)

 <State 8>: 5.655ns
The critical path consists of the following:
	'call' operation ('MulInvRes', Crypto.cpp:257) to 'MUL_MOD' [29]  (5.655 ns)

 <State 9>: 5.655ns
The critical path consists of the following:
	'call' operation ('MulInvRes', Crypto.cpp:257) to 'MUL_MOD' [29]  (5.655 ns)

 <State 10>: 5.655ns
The critical path consists of the following:
	'call' operation ('MulInvRes', Crypto.cpp:257) to 'MUL_MOD' [29]  (5.655 ns)

 <State 11>: 5.655ns
The critical path consists of the following:
	'call' operation ('MulInvRes', Crypto.cpp:257) to 'MUL_MOD' [29]  (5.655 ns)

 <State 12>: 5.655ns
The critical path consists of the following:
	'call' operation ('MulInvRes', Crypto.cpp:257) to 'MUL_MOD' [29]  (5.655 ns)

 <State 13>: 5.655ns
The critical path consists of the following:
	'call' operation ('MulInvRes', Crypto.cpp:257) to 'MUL_MOD' [29]  (5.655 ns)

 <State 14>: 5.655ns
The critical path consists of the following:
	'call' operation ('MulInvRes', Crypto.cpp:257) to 'MUL_MOD' [29]  (5.655 ns)

 <State 15>: 5.655ns
The critical path consists of the following:
	'call' operation ('MulInvRes', Crypto.cpp:257) to 'MUL_MOD' [29]  (5.655 ns)

 <State 16>: 4.218ns
The critical path consists of the following:
	'call' operation ('MulInvRes', Crypto.cpp:257) to 'MUL_MOD' [29]  (4.218 ns)

 <State 17>: 3.254ns
The critical path consists of the following:
	'store' operation ('store_ln258', Crypto.cpp:258) of variable 'MulInvRes', Crypto.cpp:257 on array 'DataRAM' [38]  (3.254 ns)


============================================================
+ Verbose Summary: Binding
============================================================
N/A
* FSMD analyzer results:
  - Output states:
 - Input state : 
  - Chain level:
	State 1
	State 2
	State 3
	State 4
	State 5
	State 6
	State 7
	State 8
	State 9
	State 10
	State 11
	State 12
	State 13
	State 14
	State 15
	State 16
	State 17


============================================================
+ Verbose Summary: Datapath Resource usage 
============================================================
N/A
