

================================================================
== Vitis HLS Report for 'Crypto1_Pipeline_WRITE_DATA_ROW_LOOP_WRITE_DATA_COL_LOOP'
================================================================
* Date:           Fri Apr  4 16:47:43 2025

* Version:        2024.1 (Build 5069499 on May 21 2024)
* Project:        Crypto
* Solution:       solution1 (Vivado IP Flow Target)
* Product family: virtex7
* Target device:  xc7vx485t-ffg1761-3


================================================================
== Performance Estimates
================================================================
+ Timing: 
    * Summary: 
    +--------+---------+----------+------------+
    |  Clock |  Target | Estimated| Uncertainty|
    +--------+---------+----------+------------+
    |ap_clk  |  6.00 ns|  3.765 ns|     1.62 ns|
    +--------+---------+----------+------------+

+ Latency: 
    * Summary: 
    +---------+---------+-----------+-----------+------+------+-----------------------------------------------+
    |  Latency (cycles) |   Latency (absolute)  |   Interval  |                    Pipeline                   |
    |   min   |   max   |    min    |    max    |  min |  max |                      Type                     |
    +---------+---------+-----------+-----------+------+------+-----------------------------------------------+
    |     4099|     4099|  24.594 us|  24.594 us|  4097|  4097|  loop auto-rewind stp(delay=0 clock cycles(s))|
    +---------+---------+-----------+-----------+------+------+-----------------------------------------------+

    + Detail: 
        * Instance: 
        N/A

        * Loop: 
        +-------------------------------------------+---------+---------+----------+-----------+-----------+------+----------+
        |                                           |  Latency (cycles) | Iteration|  Initiation Interval  | Trip |          |
        |                 Loop Name                 |   min   |   max   |  Latency |  achieved |   target  | Count| Pipelined|
        +-------------------------------------------+---------+---------+----------+-----------+-----------+------+----------+
        |- WRITE_DATA_ROW_LOOP_WRITE_DATA_COL_LOOP  |     4097|     4097|         3|          1|          1|  4096|       yes|
        +-------------------------------------------+---------+---------+----------+-----------+-----------+------+----------+

============================================================
+ Verbose Summary: Synthesis Manager
============================================================
InlineROM: 1
ExposeGlobal: 0
============================================================
+ Verbose Summary: CDFG Model
============================================================
IsTopModel: 0
ResetActiveHigh: 1
IsCombinational: 0
IsDatapathOnly: 0
HasWiredReturn: 1
HasMFsm: 2
HasVarLatency: 1
IsPipeline: 0
IsRtlPipelined: 0
IsInstanceOverlapped: 0
IsDontTouch: 0
HasImplIP: 0
IsGatedGlobalClock: 0

+ Individual pipeline summary: 
  * Pipeline-0: initiation interval (II) = 1, depth = 3


============================================================
+ Verbose Summary: Schedule
============================================================
* Number of FSM states : 3
* Pipeline : 1
  Pipeline-0 : II = 1, D = 3, States = { 1 2 3 }
* Dataflow Pipeline: 0

* FSM state transitions: 
1 --> 2 
2 --> 3 
3 --> 

* FSM state operations: 

State 1 <SV = 0> <Delay = 2.87>
ST_1 : Operation 6 [1/1] (0.00ns)   --->   "%k = alloca i32 1" [HLS/src/Crypto1.cpp:78]   --->   Operation 6 'alloca' 'k' <Predicate = true> <Delay = 0.00>
ST_1 : Operation 7 [1/1] (0.00ns)   --->   "%j = alloca i32 1" [HLS/src/Crypto1.cpp:76]   --->   Operation 7 'alloca' 'j' <Predicate = true> <Delay = 0.00>
ST_1 : Operation 8 [1/1] (0.00ns)   --->   "%indvar_flatten = alloca i32 1"   --->   Operation 8 'alloca' 'indvar_flatten' <Predicate = true> <Delay = 0.00>
ST_1 : Operation 9 [1/1] (0.00ns)   --->   "%specaxissidechannel_ln0 = specaxissidechannel void @_ssdm_op_SpecAXISSideChannel, i32 %DataInStream_V_data_V, i4 %DataInStream_V_keep_V, i4 %DataInStream_V_strb_V, i1 0, i1 %DataInStream_V_last_V, i1 0, i1 0, void @empty_3"   --->   Operation 9 'specaxissidechannel' 'specaxissidechannel_ln0' <Predicate = true> <Delay = 0.00>
ST_1 : Operation 10 [1/1] (0.00ns)   --->   "%specinterface_ln0 = specinterface void @_ssdm_op_SpecInterface, i1 %DataInStream_V_last_V, void @empty_25, i32 0, i32 0, void @empty_22, i32 0, i32 0, void @empty_5, void @empty_5, void @empty_5, i32 0, i32 0, i32 0, i32 0, void @empty_5, void @empty_5, i32 4294967295, i32 0, i32 0"   --->   Operation 10 'specinterface' 'specinterface_ln0' <Predicate = true> <Delay = 0.00>
ST_1 : Operation 11 [1/1] (0.00ns)   --->   "%specinterface_ln0 = specinterface void @_ssdm_op_SpecInterface, i4 %DataInStream_V_strb_V, void @empty_25, i32 0, i32 0, void @empty_22, i32 0, i32 0, void @empty_5, void @empty_5, void @empty_5, i32 0, i32 0, i32 0, i32 0, void @empty_5, void @empty_5, i32 4294967295, i32 0, i32 0"   --->   Operation 11 'specinterface' 'specinterface_ln0' <Predicate = true> <Delay = 0.00>
ST_1 : Operation 12 [1/1] (0.00ns)   --->   "%specinterface_ln0 = specinterface void @_ssdm_op_SpecInterface, i4 %DataInStream_V_keep_V, void @empty_25, i32 0, i32 0, void @empty_22, i32 0, i32 0, void @empty_5, void @empty_5, void @empty_5, i32 0, i32 0, i32 0, i32 0, void @empty_5, void @empty_5, i32 4294967295, i32 0, i32 0"   --->   Operation 12 'specinterface' 'specinterface_ln0' <Predicate = true> <Delay = 0.00>
ST_1 : Operation 13 [1/1] (0.00ns)   --->   "%specinterface_ln0 = specinterface void @_ssdm_op_SpecInterface, i32 %DataInStream_V_data_V, void @empty_25, i32 0, i32 0, void @empty_22, i32 0, i32 0, void @empty_5, void @empty_5, void @empty_5, i32 0, i32 0, i32 0, i32 0, void @empty_5, void @empty_5, i32 4294967295, i32 0, i32 0"   --->   Operation 13 'specinterface' 'specinterface_ln0' <Predicate = true> <Delay = 0.00>
ST_1 : Operation 14 [1/1] (0.00ns)   --->   "%mul_ln80_read = read i10 @_ssdm_op_Read.ap_auto.i10, i10 %mul_ln80"   --->   Operation 14 'read' 'mul_ln80_read' <Predicate = true> <Delay = 0.00>
ST_1 : Operation 15 [1/1] (0.80ns)   --->   "%store_ln0 = store i13 0, i13 %indvar_flatten"   --->   Operation 15 'store' 'store_ln0' <Predicate = true> <Delay = 0.80>
ST_1 : Operation 16 [1/1] (0.80ns)   --->   "%store_ln76 = store i7 0, i7 %j" [HLS/src/Crypto1.cpp:76]   --->   Operation 16 'store' 'store_ln76' <Predicate = true> <Delay = 0.80>
ST_1 : Operation 17 [1/1] (0.80ns)   --->   "%store_ln78 = store i7 0, i7 %k" [HLS/src/Crypto1.cpp:78]   --->   Operation 17 'store' 'store_ln78' <Predicate = true> <Delay = 0.80>
ST_1 : Operation 18 [1/1] (0.00ns)   --->   "%br_ln76 = br void %for.inc" [HLS/src/Crypto1.cpp:76]   --->   Operation 18 'br' 'br_ln76' <Predicate = true> <Delay = 0.00>
ST_1 : Operation 19 [1/1] (0.00ns)   --->   "%indvar_flatten_load = load i13 %indvar_flatten" [HLS/src/Crypto1.cpp:76]   --->   Operation 19 'load' 'indvar_flatten_load' <Predicate = true> <Delay = 0.00>
ST_1 : Operation 20 [1/1] (1.26ns)   --->   "%icmp_ln76 = icmp_eq  i13 %indvar_flatten_load, i13 4096" [HLS/src/Crypto1.cpp:76]   --->   Operation 20 'icmp' 'icmp_ln76' <Predicate = true> <Delay = 1.26> <CoreInst = "Cmp">   --->   Core 9 'Cmp' <Latency = 0> <II = 1> <Delay = 1.26> <FuncUnit> <Opcode : 'seteq' 'setne' 'setle' 'setge' 'setlt' 'setgt'> <InPorts = 2> <OutPorts = 1>
ST_1 : Operation 21 [1/1] (1.26ns)   --->   "%add_ln76_2 = add i13 %indvar_flatten_load, i13 1" [HLS/src/Crypto1.cpp:76]   --->   Operation 21 'add' 'add_ln76_2' <Predicate = true> <Delay = 1.26> <CoreInst = "Adder">   --->   Core 1 'Adder' <Latency = 0> <II = 1> <Delay = 1.26> <FuncUnit> <Opcode : 'add' 'sub'> <InPorts = 2> <OutPorts = 1>
ST_1 : Operation 22 [1/1] (0.00ns)   --->   "%br_ln76 = br i1 %icmp_ln76, void %for.inc15, void %for.inc.1.preheader.exitStub" [HLS/src/Crypto1.cpp:76]   --->   Operation 22 'br' 'br_ln76' <Predicate = true> <Delay = 0.00>
ST_1 : Operation 23 [1/1] (0.25ns)   --->   "%empty = read i41 @_ssdm_op_Read.axis.volatile.i32P0A.i4P0A.i4P0A.i1P0A, i32 %DataInStream_V_data_V, i4 %DataInStream_V_keep_V, i4 %DataInStream_V_strb_V, i1 %DataInStream_V_last_V" [HLS/src/Crypto1.cpp:79]   --->   Operation 23 'read' 'empty' <Predicate = (!icmp_ln76)> <Delay = 0.25> <CoreInst = "regslice">   --->   Core 136 'regslice' <Latency = 0> <II = 1> <Delay = 1.15> <Adapter> <Opcode : 'read' 'write'>
ST_1 : Operation 24 [1/1] (0.00ns)   --->   "%DataStreamReg_data = extractvalue i41 %empty" [HLS/src/Crypto1.cpp:79]   --->   Operation 24 'extractvalue' 'DataStreamReg_data' <Predicate = (!icmp_ln76)> <Delay = 0.00>
ST_1 : Operation 25 [1/1] (0.80ns)   --->   "%store_ln76 = store i13 %add_ln76_2, i13 %indvar_flatten" [HLS/src/Crypto1.cpp:76]   --->   Operation 25 'store' 'store_ln76' <Predicate = (!icmp_ln76)> <Delay = 0.80>

State 2 <SV = 1> <Delay = 3.76>
ST_2 : Operation 26 [1/1] (0.00ns)   --->   "%k_load = load i7 %k" [HLS/src/Crypto1.cpp:78]   --->   Operation 26 'load' 'k_load' <Predicate = true> <Delay = 0.00>
ST_2 : Operation 27 [1/1] (0.00ns)   --->   "%j_load = load i7 %j" [HLS/src/Crypto1.cpp:76]   --->   Operation 27 'load' 'j_load' <Predicate = true> <Delay = 0.00>
ST_2 : Operation 28 [1/1] (1.23ns)   --->   "%add_ln76 = add i7 %j_load, i7 1" [HLS/src/Crypto1.cpp:76]   --->   Operation 28 'add' 'add_ln76' <Predicate = true> <Delay = 1.23> <CoreInst = "Adder">   --->   Core 1 'Adder' <Latency = 0> <II = 1> <Delay = 1.23> <FuncUnit> <Opcode : 'add' 'sub'> <InPorts = 2> <OutPorts = 1>
ST_2 : Operation 29 [1/1] (1.23ns)   --->   "%icmp_ln78 = icmp_eq  i7 %k_load, i7 64" [HLS/src/Crypto1.cpp:78]   --->   Operation 29 'icmp' 'icmp_ln78' <Predicate = true> <Delay = 1.23> <CoreInst = "Cmp">   --->   Core 9 'Cmp' <Latency = 0> <II = 1> <Delay = 1.23> <FuncUnit> <Opcode : 'seteq' 'setne' 'setle' 'setge' 'setlt' 'setgt'> <InPorts = 2> <OutPorts = 1>
ST_2 : Operation 30 [1/1] (0.48ns)   --->   "%select_ln76 = select i1 %icmp_ln78, i7 0, i7 %k_load" [HLS/src/Crypto1.cpp:76]   --->   Operation 30 'select' 'select_ln76' <Predicate = true> <Delay = 0.48> <CoreInst = "Sel">   --->   Core 73 'Sel' <Latency = 0> <II = 1> <Delay = 0.48> <FuncUnit> <Opcode : 'select'> <InPorts = 3> <OutPorts = 1>
ST_2 : Operation 31 [1/1] (0.48ns)   --->   "%select_ln76_1 = select i1 %icmp_ln78, i7 %add_ln76, i7 %j_load" [HLS/src/Crypto1.cpp:76]   --->   Operation 31 'select' 'select_ln76_1' <Predicate = true> <Delay = 0.48> <CoreInst = "Sel">   --->   Core 73 'Sel' <Latency = 0> <II = 1> <Delay = 0.48> <FuncUnit> <Opcode : 'select'> <InPorts = 3> <OutPorts = 1>
ST_2 : Operation 32 [1/1] (0.00ns)   --->   "%trunc_ln78 = trunc i7 %select_ln76" [HLS/src/Crypto1.cpp:78]   --->   Operation 32 'trunc' 'trunc_ln78' <Predicate = true> <Delay = 0.00>
ST_2 : Operation 33 [1/1] (0.00ns)   --->   "%trunc_ln = partselect i3 @_ssdm_op_PartSelect.i3.i7.i32.i32, i7 %select_ln76, i32 3, i32 5" [HLS/src/Crypto1.cpp:79]   --->   Operation 33 'partselect' 'trunc_ln' <Predicate = true> <Delay = 0.00>
ST_2 : Operation 34 [1/1] (1.21ns)   --->   "%switch_ln80 = switch i3 %trunc_ln, void %arrayidx1467.case.7, i3 0, void %arrayidx1467.case.0, i3 1, void %arrayidx1467.case.1, i3 2, void %arrayidx1467.case.2, i3 3, void %arrayidx1467.case.3, i3 4, void %arrayidx1467.case.4, i3 5, void %arrayidx1467.case.5, i3 6, void %arrayidx1467.case.6" [HLS/src/Crypto1.cpp:80]   --->   Operation 34 'switch' 'switch_ln80' <Predicate = true> <Delay = 1.21>
ST_2 : Operation 35 [1/1] (1.23ns)   --->   "%add_ln78 = add i7 %select_ln76, i7 1" [HLS/src/Crypto1.cpp:78]   --->   Operation 35 'add' 'add_ln78' <Predicate = true> <Delay = 1.23> <CoreInst = "Adder">   --->   Core 1 'Adder' <Latency = 0> <II = 1> <Delay = 1.23> <FuncUnit> <Opcode : 'add' 'sub'> <InPorts = 2> <OutPorts = 1>
ST_2 : Operation 36 [1/1] (0.80ns)   --->   "%store_ln76 = store i7 %select_ln76_1, i7 %j" [HLS/src/Crypto1.cpp:76]   --->   Operation 36 'store' 'store_ln76' <Predicate = true> <Delay = 0.80>
ST_2 : Operation 37 [1/1] (0.80ns)   --->   "%store_ln78 = store i7 %add_ln78, i7 %k" [HLS/src/Crypto1.cpp:78]   --->   Operation 37 'store' 'store_ln78' <Predicate = true> <Delay = 0.80>
ST_2 : Operation 38 [1/1] (0.00ns)   --->   "%br_ln78 = br void %for.inc" [HLS/src/Crypto1.cpp:78]   --->   Operation 38 'br' 'br_ln78' <Predicate = true> <Delay = 0.00>
ST_2 : Operation 70 [1/1] (0.80ns)   --->   "%ret_ln0 = ret"   --->   Operation 70 'ret' 'ret_ln0' <Predicate = (icmp_ln76)> <Delay = 0.80>

State 3 <SV = 2> <Delay = 3.27>
ST_3 : Operation 39 [1/1] (0.00ns)   --->   "%specloopname_ln0 = specloopname void @_ssdm_op_SpecLoopName, void @WRITE_DATA_ROW_LOOP_WRITE_DATA_COL_LOOP_str"   --->   Operation 39 'specloopname' 'specloopname_ln0' <Predicate = true> <Delay = 0.00>
ST_3 : Operation 40 [1/1] (0.00ns)   --->   "%speclooptripcount_ln0 = speclooptripcount void @_ssdm_op_SpecLoopTripCount, i64 4096, i64 4096, i64 4096"   --->   Operation 40 'speclooptripcount' 'speclooptripcount_ln0' <Predicate = true> <Delay = 0.00>
ST_3 : Operation 41 [1/1] (0.00ns)   --->   "%zext_ln80 = zext i7 %select_ln76_1" [HLS/src/Crypto1.cpp:80]   --->   Operation 41 'zext' 'zext_ln80' <Predicate = true> <Delay = 0.00>
ST_3 : Operation 42 [1/1] (1.27ns)   --->   "%add_ln78_2 = add i10 %mul_ln80_read, i10 %zext_ln80" [HLS/src/Crypto1.cpp:78]   --->   Operation 42 'add' 'add_ln78_2' <Predicate = true> <Delay = 1.27> <CoreInst = "Adder">   --->   Core 1 'Adder' <Latency = 0> <II = 1> <Delay = 1.27> <FuncUnit> <Opcode : 'add' 'sub'> <InPorts = 2> <OutPorts = 1>
ST_3 : Operation 43 [1/1] (0.00ns)   --->   "%specpipeline_ln79 = specpipeline void @_ssdm_op_SpecPipeline, i32 4294967295, i32 0, i32 0, i32 0, void @empty_5" [HLS/src/Crypto1.cpp:79]   --->   Operation 43 'specpipeline' 'specpipeline_ln79' <Predicate = true> <Delay = 0.00>
ST_3 : Operation 44 [1/1] (0.00ns)   --->   "%tmp_s = bitconcatenate i13 @_ssdm_op_BitConcatenate.i13.i10.i3, i10 %add_ln78_2, i3 %trunc_ln78" [HLS/src/Crypto1.cpp:80]   --->   Operation 44 'bitconcatenate' 'tmp_s' <Predicate = true> <Delay = 0.00>
ST_3 : Operation 45 [1/1] (0.00ns)   --->   "%zext_ln80_3 = zext i13 %tmp_s" [HLS/src/Crypto1.cpp:80]   --->   Operation 45 'zext' 'zext_ln80_3' <Predicate = true> <Delay = 0.00>
ST_3 : Operation 46 [1/1] (0.00ns)   --->   "%DataRAM_addr = getelementptr i32 %DataRAM, i64 0, i64 %zext_ln80_3" [HLS/src/Crypto1.cpp:80]   --->   Operation 46 'getelementptr' 'DataRAM_addr' <Predicate = true> <Delay = 0.00>
ST_3 : Operation 47 [1/1] (0.00ns)   --->   "%DataRAM_1_addr = getelementptr i32 %DataRAM_1, i64 0, i64 %zext_ln80_3" [HLS/src/Crypto1.cpp:80]   --->   Operation 47 'getelementptr' 'DataRAM_1_addr' <Predicate = true> <Delay = 0.00>
ST_3 : Operation 48 [1/1] (0.00ns)   --->   "%DataRAM_2_addr = getelementptr i32 %DataRAM_2, i64 0, i64 %zext_ln80_3" [HLS/src/Crypto1.cpp:80]   --->   Operation 48 'getelementptr' 'DataRAM_2_addr' <Predicate = true> <Delay = 0.00>
ST_3 : Operation 49 [1/1] (0.00ns)   --->   "%DataRAM_3_addr = getelementptr i32 %DataRAM_3, i64 0, i64 %zext_ln80_3" [HLS/src/Crypto1.cpp:80]   --->   Operation 49 'getelementptr' 'DataRAM_3_addr' <Predicate = true> <Delay = 0.00>
ST_3 : Operation 50 [1/1] (0.00ns)   --->   "%DataRAM_4_addr = getelementptr i32 %DataRAM_4, i64 0, i64 %zext_ln80_3" [HLS/src/Crypto1.cpp:80]   --->   Operation 50 'getelementptr' 'DataRAM_4_addr' <Predicate = true> <Delay = 0.00>
ST_3 : Operation 51 [1/1] (0.00ns)   --->   "%DataRAM_5_addr = getelementptr i32 %DataRAM_5, i64 0, i64 %zext_ln80_3" [HLS/src/Crypto1.cpp:80]   --->   Operation 51 'getelementptr' 'DataRAM_5_addr' <Predicate = true> <Delay = 0.00>
ST_3 : Operation 52 [1/1] (0.00ns)   --->   "%DataRAM_6_addr = getelementptr i32 %DataRAM_6, i64 0, i64 %zext_ln80_3" [HLS/src/Crypto1.cpp:80]   --->   Operation 52 'getelementptr' 'DataRAM_6_addr' <Predicate = true> <Delay = 0.00>
ST_3 : Operation 53 [1/1] (0.00ns)   --->   "%DataRAM_7_addr = getelementptr i32 %DataRAM_7, i64 0, i64 %zext_ln80_3" [HLS/src/Crypto1.cpp:80]   --->   Operation 53 'getelementptr' 'DataRAM_7_addr' <Predicate = true> <Delay = 0.00>
ST_3 : Operation 54 [1/1] (1.99ns)   --->   "%store_ln80 = store i32 %DataStreamReg_data, i13 %DataRAM_6_addr" [HLS/src/Crypto1.cpp:80]   --->   Operation 54 'store' 'store_ln80' <Predicate = (trunc_ln == 6)> <Delay = 1.99> <CoreInst = "RAM">   --->   Core 81 'RAM' <Latency = 1> <II = 1> <Delay = 1.99> <Storage> <Opcode : 'load' 'store'> <Ports = 2> <Width = 32> <Depth = 6144> <RAM>
ST_3 : Operation 55 [1/1] (0.00ns)   --->   "%br_ln80 = br void %arrayidx1467.exit" [HLS/src/Crypto1.cpp:80]   --->   Operation 55 'br' 'br_ln80' <Predicate = (trunc_ln == 6)> <Delay = 0.00>
ST_3 : Operation 56 [1/1] (1.99ns)   --->   "%store_ln80 = store i32 %DataStreamReg_data, i13 %DataRAM_5_addr" [HLS/src/Crypto1.cpp:80]   --->   Operation 56 'store' 'store_ln80' <Predicate = (trunc_ln == 5)> <Delay = 1.99> <CoreInst = "RAM">   --->   Core 81 'RAM' <Latency = 1> <II = 1> <Delay = 1.99> <Storage> <Opcode : 'load' 'store'> <Ports = 2> <Width = 32> <Depth = 6144> <RAM>
ST_3 : Operation 57 [1/1] (0.00ns)   --->   "%br_ln80 = br void %arrayidx1467.exit" [HLS/src/Crypto1.cpp:80]   --->   Operation 57 'br' 'br_ln80' <Predicate = (trunc_ln == 5)> <Delay = 0.00>
ST_3 : Operation 58 [1/1] (1.99ns)   --->   "%store_ln80 = store i32 %DataStreamReg_data, i13 %DataRAM_4_addr" [HLS/src/Crypto1.cpp:80]   --->   Operation 58 'store' 'store_ln80' <Predicate = (trunc_ln == 4)> <Delay = 1.99> <CoreInst = "RAM">   --->   Core 81 'RAM' <Latency = 1> <II = 1> <Delay = 1.99> <Storage> <Opcode : 'load' 'store'> <Ports = 2> <Width = 32> <Depth = 6144> <RAM>
ST_3 : Operation 59 [1/1] (0.00ns)   --->   "%br_ln80 = br void %arrayidx1467.exit" [HLS/src/Crypto1.cpp:80]   --->   Operation 59 'br' 'br_ln80' <Predicate = (trunc_ln == 4)> <Delay = 0.00>
ST_3 : Operation 60 [1/1] (1.99ns)   --->   "%store_ln80 = store i32 %DataStreamReg_data, i13 %DataRAM_3_addr" [HLS/src/Crypto1.cpp:80]   --->   Operation 60 'store' 'store_ln80' <Predicate = (trunc_ln == 3)> <Delay = 1.99> <CoreInst = "RAM">   --->   Core 81 'RAM' <Latency = 1> <II = 1> <Delay = 1.99> <Storage> <Opcode : 'load' 'store'> <Ports = 2> <Width = 32> <Depth = 6144> <RAM>
ST_3 : Operation 61 [1/1] (0.00ns)   --->   "%br_ln80 = br void %arrayidx1467.exit" [HLS/src/Crypto1.cpp:80]   --->   Operation 61 'br' 'br_ln80' <Predicate = (trunc_ln == 3)> <Delay = 0.00>
ST_3 : Operation 62 [1/1] (1.99ns)   --->   "%store_ln80 = store i32 %DataStreamReg_data, i13 %DataRAM_2_addr" [HLS/src/Crypto1.cpp:80]   --->   Operation 62 'store' 'store_ln80' <Predicate = (trunc_ln == 2)> <Delay = 1.99> <CoreInst = "RAM">   --->   Core 81 'RAM' <Latency = 1> <II = 1> <Delay = 1.99> <Storage> <Opcode : 'load' 'store'> <Ports = 2> <Width = 32> <Depth = 6144> <RAM>
ST_3 : Operation 63 [1/1] (0.00ns)   --->   "%br_ln80 = br void %arrayidx1467.exit" [HLS/src/Crypto1.cpp:80]   --->   Operation 63 'br' 'br_ln80' <Predicate = (trunc_ln == 2)> <Delay = 0.00>
ST_3 : Operation 64 [1/1] (1.99ns)   --->   "%store_ln80 = store i32 %DataStreamReg_data, i13 %DataRAM_1_addr" [HLS/src/Crypto1.cpp:80]   --->   Operation 64 'store' 'store_ln80' <Predicate = (trunc_ln == 1)> <Delay = 1.99> <CoreInst = "RAM">   --->   Core 81 'RAM' <Latency = 1> <II = 1> <Delay = 1.99> <Storage> <Opcode : 'load' 'store'> <Ports = 2> <Width = 32> <Depth = 6144> <RAM>
ST_3 : Operation 65 [1/1] (0.00ns)   --->   "%br_ln80 = br void %arrayidx1467.exit" [HLS/src/Crypto1.cpp:80]   --->   Operation 65 'br' 'br_ln80' <Predicate = (trunc_ln == 1)> <Delay = 0.00>
ST_3 : Operation 66 [1/1] (1.99ns)   --->   "%store_ln80 = store i32 %DataStreamReg_data, i13 %DataRAM_addr" [HLS/src/Crypto1.cpp:80]   --->   Operation 66 'store' 'store_ln80' <Predicate = (trunc_ln == 0)> <Delay = 1.99> <CoreInst = "RAM">   --->   Core 81 'RAM' <Latency = 1> <II = 1> <Delay = 1.99> <Storage> <Opcode : 'load' 'store'> <Ports = 2> <Width = 32> <Depth = 6144> <RAM>
ST_3 : Operation 67 [1/1] (0.00ns)   --->   "%br_ln80 = br void %arrayidx1467.exit" [HLS/src/Crypto1.cpp:80]   --->   Operation 67 'br' 'br_ln80' <Predicate = (trunc_ln == 0)> <Delay = 0.00>
ST_3 : Operation 68 [1/1] (1.99ns)   --->   "%store_ln80 = store i32 %DataStreamReg_data, i13 %DataRAM_7_addr" [HLS/src/Crypto1.cpp:80]   --->   Operation 68 'store' 'store_ln80' <Predicate = (trunc_ln == 7)> <Delay = 1.99> <CoreInst = "RAM">   --->   Core 81 'RAM' <Latency = 1> <II = 1> <Delay = 1.99> <Storage> <Opcode : 'load' 'store'> <Ports = 2> <Width = 32> <Depth = 6144> <RAM>
ST_3 : Operation 69 [1/1] (0.00ns)   --->   "%br_ln80 = br void %arrayidx1467.exit" [HLS/src/Crypto1.cpp:80]   --->   Operation 69 'br' 'br_ln80' <Predicate = (trunc_ln == 7)> <Delay = 0.00>


============================================================
+ Verbose Summary: Timing violations
============================================================
Target clock period: 6.000ns, clock uncertainty: 1.620ns.

 <State 1>: 2.874ns
The critical path consists of the following:
	'store' operation 0 bit ('store_ln0') of constant 0 on local variable 'indvar_flatten' [23]  (0.807 ns)
	'load' operation 13 bit ('indvar_flatten_load', HLS/src/Crypto1.cpp:76) on local variable 'indvar_flatten' [28]  (0.000 ns)
	'add' operation 13 bit ('add_ln76_2', HLS/src/Crypto1.cpp:76) [30]  (1.260 ns)
	'store' operation 0 bit ('store_ln76', HLS/src/Crypto1.cpp:76) of variable 'add_ln76_2', HLS/src/Crypto1.cpp:76 on local variable 'indvar_flatten' [85]  (0.807 ns)

 <State 2>: 3.765ns
The critical path consists of the following:
	'load' operation 7 bit ('k_load', HLS/src/Crypto1.cpp:78) on local variable 'k', HLS/src/Crypto1.cpp:78 [33]  (0.000 ns)
	'icmp' operation 1 bit ('icmp_ln78', HLS/src/Crypto1.cpp:78) [38]  (1.235 ns)
	'select' operation 7 bit ('select_ln76', HLS/src/Crypto1.cpp:76) [39]  (0.488 ns)
	'add' operation 7 bit ('add_ln78', HLS/src/Crypto1.cpp:78) [84]  (1.235 ns)
	'store' operation 0 bit ('store_ln78', HLS/src/Crypto1.cpp:78) of variable 'add_ln78', HLS/src/Crypto1.cpp:78 on local variable 'k', HLS/src/Crypto1.cpp:78 [87]  (0.807 ns)

 <State 3>: 3.272ns
The critical path consists of the following:
	'add' operation 10 bit ('add_ln78_2', HLS/src/Crypto1.cpp:78) [42]  (1.274 ns)
	'getelementptr' operation 13 bit ('DataRAM_1_addr', HLS/src/Crypto1.cpp:80) [48]  (0.000 ns)
	'store' operation 0 bit ('store_ln80', HLS/src/Crypto1.cpp:80) of variable 'DataStreamReg.data', HLS/src/Crypto1.cpp:79 on array 'DataRAM_1' [75]  (1.998 ns)


============================================================
+ Verbose Summary: Binding
============================================================
N/A
* FSMD analyzer results:
  - Output states:
 - Input state : 
  - Chain level:
	State 1
	State 2
	State 3


============================================================
+ Verbose Summary: Datapath Resource usage 
============================================================
N/A
