

================================================================
== Vitis HLS Report for 'Crypto_Pipeline_MUL_INV_LOOP'
================================================================
* Date:           Thu Feb 27 10:54:15 2025

* Version:        2023.1 (Build 3854077 on May  4 2023)
* Project:        Crypto
* Solution:       solution1 (Vivado IP Flow Target)
* Product family: zynq
* Target device:  xc7z020-clg400-1


================================================================
== Performance Estimates
================================================================
+ Timing: 
    * Summary: 
    +--------+---------+----------+------------+
    |  Clock |  Target | Estimated| Uncertainty|
    +--------+---------+----------+------------+
    |ap_clk  |  8.00 ns|  5.655 ns|     2.16 ns|
    +--------+---------+----------+------------+

+ Latency: 
    * Summary: 
    +---------+---------+-----------+-----------+------+------+---------+
    |  Latency (cycles) |   Latency (absolute)  |   Interval  | Pipeline|
    |   min   |   max   |    min    |    max    |  min |  max |   Type  |
    +---------+---------+-----------+-----------+------+------+---------+
    |     4113|     4113|  32.904 us|  32.904 us|  4113|  4113|       no|
    +---------+---------+-----------+-----------+------+------+---------+

    + Detail: 
        * Instance: 
        +--------------------+---------+---------+---------+-----------+-----------+-----+-----+---------+
        |                    |         |  Latency (cycles) |   Latency (absolute)  |  Interval | Pipeline|
        |      Instance      |  Module |   min   |   max   |    min    |    max    | min | max |   Type  |
        +--------------------+---------+---------+---------+-----------+-----------+-----+-----+---------+
        |grp_MUL_MOD_fu_128  |MUL_MOD  |       12|       12|  96.000 ns|  96.000 ns|    1|    1|      yes|
        +--------------------+---------+---------+---------+-----------+-----------+-----+-----+---------+

        * Loop: 
        +----------------+---------+---------+----------+-----------+-----------+------+----------+
        |                |  Latency (cycles) | Iteration|  Initiation Interval  | Trip |          |
        |    Loop Name   |   min   |   max   |  Latency |  achieved |   target  | Count| Pipelined|
        +----------------+---------+---------+----------+-----------+-----------+------+----------+
        |- MUL_INV_LOOP  |     4111|     4111|        17|          1|          1|  4096|       yes|
        +----------------+---------+---------+----------+-----------+-----------+------+----------+

============================================================
+ Verbose Summary: Synthesis Manager
============================================================
InlineROM: 1
ExposeGlobal: 0
============================================================
+ Verbose Summary: CDFG Model
============================================================
IsTopModel: 0
ResetActiveHigh: 1
IsCombinational: 0
IsDatapathOnly: 0
HasWiredReturn: 1
HasMFsm: 2
HasVarLatency: 1
IsPipeline: 0
IsRtlPipelined: 0
IsInstanceOverlapped: 0
IsDontTouch: 0
HasImplIP: 0
IsGatedGlobalClock: 0

+ Individual pipeline summary: 
  * Pipeline-0: initiation interval (II) = 1, depth = 17


============================================================
+ Verbose Summary: Schedule
============================================================
* Number of FSM states : 17
* Pipeline : 1
  Pipeline-0 : II = 1, D = 17, States = { 1 2 3 4 5 6 7 8 9 10 11 12 13 14 15 16 17 }
* Dataflow Pipeline: 0

* FSM state transitions: 
1 --> 2 
2 --> 3 
3 --> 4 
4 --> 5 
5 --> 6 
6 --> 7 
7 --> 8 
8 --> 9 
9 --> 10 
10 --> 11 
11 --> 12 
12 --> 13 
13 --> 14 
14 --> 15 
15 --> 16 
16 --> 17 
17 --> 

* FSM state operations: 

State 1 <SV = 0> <Delay = 3.26>
ST_1 : Operation 20 [1/1] (0.00ns)   --->   "%j = alloca i32 1"   --->   Operation 20 'alloca' 'j' <Predicate = true> <Delay = 0.00>
ST_1 : Operation 21 [1/1] (0.00ns)   --->   "%RAMSel_cast_read = read i2 @_ssdm_op_Read.ap_auto.i2, i2 %RAMSel_cast"   --->   Operation 21 'read' 'RAMSel_cast_read' <Predicate = true> <Delay = 0.00>
ST_1 : Operation 22 [1/1] (1.58ns)   --->   "%store_ln0 = store i13 0, i13 %j"   --->   Operation 22 'store' 'store_ln0' <Predicate = true> <Delay = 1.58>
ST_1 : Operation 23 [1/1] (0.00ns)   --->   "%br_ln0 = br void %for.inc544"   --->   Operation 23 'br' 'br_ln0' <Predicate = true> <Delay = 0.00>
ST_1 : Operation 24 [1/1] (0.00ns)   --->   "%j_20 = load i13 %j" [Crypto.cpp:248]   --->   Operation 24 'load' 'j_20' <Predicate = true> <Delay = 0.00>
ST_1 : Operation 25 [1/1] (1.67ns)   --->   "%icmp_ln248 = icmp_eq  i13 %j_20, i13 4096" [Crypto.cpp:248]   --->   Operation 25 'icmp' 'icmp_ln248' <Predicate = true> <Delay = 1.67> <CoreInst = "Cmp">   --->   Core 9 'Cmp' <Latency = 0> <II = 1> <Delay = 1.67> <FuncUnit> <Opcode : 'icmp'> <InPorts = 2> <OutPorts = 1>
ST_1 : Operation 26 [1/1] (1.67ns)   --->   "%add_ln248 = add i13 %j_20, i13 1" [Crypto.cpp:248]   --->   Operation 26 'add' 'add_ln248' <Predicate = true> <Delay = 1.67> <CoreInst = "Adder">   --->   Core 1 'Adder' <Latency = 0> <II = 1> <Delay = 1.67> <FuncUnit> <Opcode : 'add' 'sub'> <InPorts = 2> <OutPorts = 1>
ST_1 : Operation 27 [1/1] (0.00ns)   --->   "%br_ln248 = br i1 %icmp_ln248, void %for.inc544.split, void %for.inc544.1.preheader.exitStub" [Crypto.cpp:248]   --->   Operation 27 'br' 'br_ln248' <Predicate = true> <Delay = 0.00>
ST_1 : Operation 28 [1/1] (0.00ns)   --->   "%zext_ln248 = zext i13 %j_20" [Crypto.cpp:248]   --->   Operation 28 'zext' 'zext_ln248' <Predicate = (!icmp_ln248)> <Delay = 0.00>
ST_1 : Operation 29 [1/1] (0.00ns)   --->   "%DataRAM_addr = getelementptr i32 %DataRAM, i64 0, i64 %zext_ln248" [Crypto.cpp:251]   --->   Operation 29 'getelementptr' 'DataRAM_addr' <Predicate = (!icmp_ln248)> <Delay = 0.00>
ST_1 : Operation 30 [1/1] (0.00ns)   --->   "%DataRAM_3_addr = getelementptr i32 %DataRAM_3, i64 0, i64 %zext_ln248" [Crypto.cpp:251]   --->   Operation 30 'getelementptr' 'DataRAM_3_addr' <Predicate = (!icmp_ln248)> <Delay = 0.00>
ST_1 : Operation 31 [1/1] (0.00ns)   --->   "%DataRAM_6_addr = getelementptr i32 %DataRAM_6, i64 0, i64 %zext_ln248" [Crypto.cpp:251]   --->   Operation 31 'getelementptr' 'DataRAM_6_addr' <Predicate = (!icmp_ln248)> <Delay = 0.00>
ST_1 : Operation 32 [1/1] (0.00ns)   --->   "%DataRAM_9_addr = getelementptr i32 %DataRAM_9, i64 0, i64 %zext_ln248" [Crypto.cpp:251]   --->   Operation 32 'getelementptr' 'DataRAM_9_addr' <Predicate = (!icmp_ln248)> <Delay = 0.00>
ST_1 : Operation 33 [2/2] (3.25ns)   --->   "%DataRAM_load = load i12 %DataRAM_addr" [Crypto.cpp:251]   --->   Operation 33 'load' 'DataRAM_load' <Predicate = (!icmp_ln248)> <Delay = 3.25> <CoreInst = "RAM">   --->   Core 82 'RAM' <Latency = 1> <II = 1> <Delay = 3.25> <Storage> <Opcode : 'load' 'store'> <Ports = 2> <Width = 32> <Depth = 4096> <RAM>
ST_1 : Operation 34 [2/2] (3.25ns)   --->   "%DataRAM_3_load = load i12 %DataRAM_3_addr" [Crypto.cpp:251]   --->   Operation 34 'load' 'DataRAM_3_load' <Predicate = (!icmp_ln248)> <Delay = 3.25> <CoreInst = "RAM">   --->   Core 82 'RAM' <Latency = 1> <II = 1> <Delay = 3.25> <Storage> <Opcode : 'load' 'store'> <Ports = 2> <Width = 32> <Depth = 4096> <RAM>
ST_1 : Operation 35 [2/2] (3.25ns)   --->   "%DataRAM_6_load = load i12 %DataRAM_6_addr" [Crypto.cpp:251]   --->   Operation 35 'load' 'DataRAM_6_load' <Predicate = (!icmp_ln248)> <Delay = 3.25> <CoreInst = "RAM">   --->   Core 82 'RAM' <Latency = 1> <II = 1> <Delay = 3.25> <Storage> <Opcode : 'load' 'store'> <Ports = 2> <Width = 32> <Depth = 4096> <RAM>
ST_1 : Operation 36 [2/2] (3.25ns)   --->   "%DataRAM_9_load = load i12 %DataRAM_9_addr" [Crypto.cpp:251]   --->   Operation 36 'load' 'DataRAM_9_load' <Predicate = (!icmp_ln248)> <Delay = 3.25> <CoreInst = "RAM">   --->   Core 82 'RAM' <Latency = 1> <II = 1> <Delay = 3.25> <Storage> <Opcode : 'load' 'store'> <Ports = 2> <Width = 32> <Depth = 4096> <RAM>
ST_1 : Operation 37 [1/1] (1.86ns)   --->   "%switch_ln253 = switch i2 %RAMSel_cast_read, void %arrayidx5373.case.3, i2 0, void %arrayidx5373.case.0, i2 1, void %arrayidx5373.case.1, i2 2, void %arrayidx5373.case.2" [Crypto.cpp:253]   --->   Operation 37 'switch' 'switch_ln253' <Predicate = (!icmp_ln248)> <Delay = 1.86>
ST_1 : Operation 38 [1/1] (1.58ns)   --->   "%store_ln248 = store i13 %add_ln248, i13 %j" [Crypto.cpp:248]   --->   Operation 38 'store' 'store_ln248' <Predicate = (!icmp_ln248)> <Delay = 1.58>
ST_1 : Operation 39 [1/1] (0.00ns)   --->   "%br_ln248 = br void %for.inc544" [Crypto.cpp:248]   --->   Operation 39 'br' 'br_ln248' <Predicate = (!icmp_ln248)> <Delay = 0.00>

State 2 <SV = 1> <Delay = 5.08>
ST_2 : Operation 40 [1/2] (3.25ns)   --->   "%DataRAM_load = load i12 %DataRAM_addr" [Crypto.cpp:251]   --->   Operation 40 'load' 'DataRAM_load' <Predicate = true> <Delay = 3.25> <CoreInst = "RAM">   --->   Core 82 'RAM' <Latency = 1> <II = 1> <Delay = 3.25> <Storage> <Opcode : 'load' 'store'> <Ports = 2> <Width = 32> <Depth = 4096> <RAM>
ST_2 : Operation 41 [1/2] (3.25ns)   --->   "%DataRAM_3_load = load i12 %DataRAM_3_addr" [Crypto.cpp:251]   --->   Operation 41 'load' 'DataRAM_3_load' <Predicate = true> <Delay = 3.25> <CoreInst = "RAM">   --->   Core 82 'RAM' <Latency = 1> <II = 1> <Delay = 3.25> <Storage> <Opcode : 'load' 'store'> <Ports = 2> <Width = 32> <Depth = 4096> <RAM>
ST_2 : Operation 42 [1/2] (3.25ns)   --->   "%DataRAM_6_load = load i12 %DataRAM_6_addr" [Crypto.cpp:251]   --->   Operation 42 'load' 'DataRAM_6_load' <Predicate = true> <Delay = 3.25> <CoreInst = "RAM">   --->   Core 82 'RAM' <Latency = 1> <II = 1> <Delay = 3.25> <Storage> <Opcode : 'load' 'store'> <Ports = 2> <Width = 32> <Depth = 4096> <RAM>
ST_2 : Operation 43 [1/2] (3.25ns)   --->   "%DataRAM_9_load = load i12 %DataRAM_9_addr" [Crypto.cpp:251]   --->   Operation 43 'load' 'DataRAM_9_load' <Predicate = true> <Delay = 3.25> <CoreInst = "RAM">   --->   Core 82 'RAM' <Latency = 1> <II = 1> <Delay = 3.25> <Storage> <Opcode : 'load' 'store'> <Ports = 2> <Width = 32> <Depth = 4096> <RAM>
ST_2 : Operation 44 [1/1] (1.82ns)   --->   "%MulInvInput = mux i32 @_ssdm_op_Mux.ap_auto.4i32.i2, i32 %DataRAM_load, i32 %DataRAM_3_load, i32 %DataRAM_6_load, i32 %DataRAM_9_load, i2 %RAMSel_cast_read" [Crypto.cpp:251]   --->   Operation 44 'mux' 'MulInvInput' <Predicate = true> <Delay = 1.82> <CoreInst = "Multiplexer">   --->   Core 76 'Multiplexer' <Latency = 0> <II = 1> <Delay = 1.82> <FuncUnit> <Opcode : 'mux'> <InPorts = 2> <OutPorts = 1>

State 3 <SV = 2> <Delay = 1.05>
ST_3 : Operation 45 [14/14] (1.05ns)   --->   "%MulInvRes = call i32 @MUL_MOD, i32 %MulInvInput, i32 1073487871, i2 0" [Crypto.cpp:252]   --->   Operation 45 'call' 'MulInvRes' <Predicate = (!icmp_ln248)> <Delay = 1.05> <CoreType = "Generic">   --->   Core 0 '' <Latency = 0> <II = 1> <Delay = 1.00> <Generic> <Opcode : >

State 4 <SV = 3> <Delay = 5.65>
ST_4 : Operation 46 [13/14] (5.65ns)   --->   "%MulInvRes = call i32 @MUL_MOD, i32 %MulInvInput, i32 1073487871, i2 0" [Crypto.cpp:252]   --->   Operation 46 'call' 'MulInvRes' <Predicate = (!icmp_ln248)> <Delay = 5.65> <CoreType = "Generic">   --->   Core 0 '' <Latency = 0> <II = 1> <Delay = 1.00> <Generic> <Opcode : >

State 5 <SV = 4> <Delay = 5.65>
ST_5 : Operation 47 [12/14] (5.65ns)   --->   "%MulInvRes = call i32 @MUL_MOD, i32 %MulInvInput, i32 1073487871, i2 0" [Crypto.cpp:252]   --->   Operation 47 'call' 'MulInvRes' <Predicate = (!icmp_ln248)> <Delay = 5.65> <CoreType = "Generic">   --->   Core 0 '' <Latency = 0> <II = 1> <Delay = 1.00> <Generic> <Opcode : >

State 6 <SV = 5> <Delay = 5.65>
ST_6 : Operation 48 [11/14] (5.65ns)   --->   "%MulInvRes = call i32 @MUL_MOD, i32 %MulInvInput, i32 1073487871, i2 0" [Crypto.cpp:252]   --->   Operation 48 'call' 'MulInvRes' <Predicate = (!icmp_ln248)> <Delay = 5.65> <CoreType = "Generic">   --->   Core 0 '' <Latency = 0> <II = 1> <Delay = 1.00> <Generic> <Opcode : >

State 7 <SV = 6> <Delay = 5.65>
ST_7 : Operation 49 [10/14] (5.65ns)   --->   "%MulInvRes = call i32 @MUL_MOD, i32 %MulInvInput, i32 1073487871, i2 0" [Crypto.cpp:252]   --->   Operation 49 'call' 'MulInvRes' <Predicate = (!icmp_ln248)> <Delay = 5.65> <CoreType = "Generic">   --->   Core 0 '' <Latency = 0> <II = 1> <Delay = 1.00> <Generic> <Opcode : >

State 8 <SV = 7> <Delay = 5.65>
ST_8 : Operation 50 [9/14] (5.65ns)   --->   "%MulInvRes = call i32 @MUL_MOD, i32 %MulInvInput, i32 1073487871, i2 0" [Crypto.cpp:252]   --->   Operation 50 'call' 'MulInvRes' <Predicate = (!icmp_ln248)> <Delay = 5.65> <CoreType = "Generic">   --->   Core 0 '' <Latency = 0> <II = 1> <Delay = 1.00> <Generic> <Opcode : >

State 9 <SV = 8> <Delay = 5.65>
ST_9 : Operation 51 [8/14] (5.65ns)   --->   "%MulInvRes = call i32 @MUL_MOD, i32 %MulInvInput, i32 1073487871, i2 0" [Crypto.cpp:252]   --->   Operation 51 'call' 'MulInvRes' <Predicate = (!icmp_ln248)> <Delay = 5.65> <CoreType = "Generic">   --->   Core 0 '' <Latency = 0> <II = 1> <Delay = 1.00> <Generic> <Opcode : >

State 10 <SV = 9> <Delay = 5.65>
ST_10 : Operation 52 [7/14] (5.65ns)   --->   "%MulInvRes = call i32 @MUL_MOD, i32 %MulInvInput, i32 1073487871, i2 0" [Crypto.cpp:252]   --->   Operation 52 'call' 'MulInvRes' <Predicate = (!icmp_ln248)> <Delay = 5.65> <CoreType = "Generic">   --->   Core 0 '' <Latency = 0> <II = 1> <Delay = 1.00> <Generic> <Opcode : >

State 11 <SV = 10> <Delay = 5.65>
ST_11 : Operation 53 [6/14] (5.65ns)   --->   "%MulInvRes = call i32 @MUL_MOD, i32 %MulInvInput, i32 1073487871, i2 0" [Crypto.cpp:252]   --->   Operation 53 'call' 'MulInvRes' <Predicate = (!icmp_ln248)> <Delay = 5.65> <CoreType = "Generic">   --->   Core 0 '' <Latency = 0> <II = 1> <Delay = 1.00> <Generic> <Opcode : >

State 12 <SV = 11> <Delay = 5.65>
ST_12 : Operation 54 [5/14] (5.65ns)   --->   "%MulInvRes = call i32 @MUL_MOD, i32 %MulInvInput, i32 1073487871, i2 0" [Crypto.cpp:252]   --->   Operation 54 'call' 'MulInvRes' <Predicate = (!icmp_ln248)> <Delay = 5.65> <CoreType = "Generic">   --->   Core 0 '' <Latency = 0> <II = 1> <Delay = 1.00> <Generic> <Opcode : >

State 13 <SV = 12> <Delay = 5.65>
ST_13 : Operation 55 [4/14] (5.65ns)   --->   "%MulInvRes = call i32 @MUL_MOD, i32 %MulInvInput, i32 1073487871, i2 0" [Crypto.cpp:252]   --->   Operation 55 'call' 'MulInvRes' <Predicate = (!icmp_ln248)> <Delay = 5.65> <CoreType = "Generic">   --->   Core 0 '' <Latency = 0> <II = 1> <Delay = 1.00> <Generic> <Opcode : >

State 14 <SV = 13> <Delay = 5.65>
ST_14 : Operation 56 [3/14] (5.65ns)   --->   "%MulInvRes = call i32 @MUL_MOD, i32 %MulInvInput, i32 1073487871, i2 0" [Crypto.cpp:252]   --->   Operation 56 'call' 'MulInvRes' <Predicate = (!icmp_ln248)> <Delay = 5.65> <CoreType = "Generic">   --->   Core 0 '' <Latency = 0> <II = 1> <Delay = 1.00> <Generic> <Opcode : >

State 15 <SV = 14> <Delay = 5.65>
ST_15 : Operation 57 [2/14] (5.65ns)   --->   "%MulInvRes = call i32 @MUL_MOD, i32 %MulInvInput, i32 1073487871, i2 0" [Crypto.cpp:252]   --->   Operation 57 'call' 'MulInvRes' <Predicate = (!icmp_ln248)> <Delay = 5.65> <CoreType = "Generic">   --->   Core 0 '' <Latency = 0> <II = 1> <Delay = 1.00> <Generic> <Opcode : >

State 16 <SV = 15> <Delay = 4.21>
ST_16 : Operation 58 [1/1] (0.00ns)   --->   "%specpipeline_ln249 = specpipeline void @_ssdm_op_SpecPipeline, i32 4294967295, i32 0, i32 0, i32 0, void @empty_27" [Crypto.cpp:249]   --->   Operation 58 'specpipeline' 'specpipeline_ln249' <Predicate = true> <Delay = 0.00>
ST_16 : Operation 59 [1/1] (0.00ns)   --->   "%speclooptripcount_ln250 = speclooptripcount void @_ssdm_op_SpecLoopTripCount, i64 4096, i64 4096, i64 4096" [Crypto.cpp:250]   --->   Operation 59 'speclooptripcount' 'speclooptripcount_ln250' <Predicate = true> <Delay = 0.00>
ST_16 : Operation 60 [1/1] (0.00ns)   --->   "%specloopname_ln248 = specloopname void @_ssdm_op_SpecLoopName, void @empty_24" [Crypto.cpp:248]   --->   Operation 60 'specloopname' 'specloopname_ln248' <Predicate = true> <Delay = 0.00>
ST_16 : Operation 61 [1/14] (4.21ns)   --->   "%MulInvRes = call i32 @MUL_MOD, i32 %MulInvInput, i32 1073487871, i2 0" [Crypto.cpp:252]   --->   Operation 61 'call' 'MulInvRes' <Predicate = (!icmp_ln248)> <Delay = 4.21> <CoreType = "Generic">   --->   Core 0 '' <Latency = 0> <II = 1> <Delay = 1.00> <Generic> <Opcode : >
ST_16 : Operation 70 [1/1] (0.00ns)   --->   "%ret_ln0 = ret"   --->   Operation 70 'ret' 'ret_ln0' <Predicate = (icmp_ln248)> <Delay = 0.00>

State 17 <SV = 16> <Delay = 3.25>
ST_17 : Operation 62 [1/1] (3.25ns)   --->   "%store_ln253 = store i32 %MulInvRes, i12 %DataRAM_6_addr" [Crypto.cpp:253]   --->   Operation 62 'store' 'store_ln253' <Predicate = (RAMSel_cast_read == 2)> <Delay = 3.25> <CoreInst = "RAM">   --->   Core 82 'RAM' <Latency = 1> <II = 1> <Delay = 3.25> <Storage> <Opcode : 'load' 'store'> <Ports = 2> <Width = 32> <Depth = 4096> <RAM>
ST_17 : Operation 63 [1/1] (0.00ns)   --->   "%br_ln253 = br void %arrayidx5373.exit" [Crypto.cpp:253]   --->   Operation 63 'br' 'br_ln253' <Predicate = (RAMSel_cast_read == 2)> <Delay = 0.00>
ST_17 : Operation 64 [1/1] (3.25ns)   --->   "%store_ln253 = store i32 %MulInvRes, i12 %DataRAM_3_addr" [Crypto.cpp:253]   --->   Operation 64 'store' 'store_ln253' <Predicate = (RAMSel_cast_read == 1)> <Delay = 3.25> <CoreInst = "RAM">   --->   Core 82 'RAM' <Latency = 1> <II = 1> <Delay = 3.25> <Storage> <Opcode : 'load' 'store'> <Ports = 2> <Width = 32> <Depth = 4096> <RAM>
ST_17 : Operation 65 [1/1] (0.00ns)   --->   "%br_ln253 = br void %arrayidx5373.exit" [Crypto.cpp:253]   --->   Operation 65 'br' 'br_ln253' <Predicate = (RAMSel_cast_read == 1)> <Delay = 0.00>
ST_17 : Operation 66 [1/1] (3.25ns)   --->   "%store_ln253 = store i32 %MulInvRes, i12 %DataRAM_addr" [Crypto.cpp:253]   --->   Operation 66 'store' 'store_ln253' <Predicate = (RAMSel_cast_read == 0)> <Delay = 3.25> <CoreInst = "RAM">   --->   Core 82 'RAM' <Latency = 1> <II = 1> <Delay = 3.25> <Storage> <Opcode : 'load' 'store'> <Ports = 2> <Width = 32> <Depth = 4096> <RAM>
ST_17 : Operation 67 [1/1] (0.00ns)   --->   "%br_ln253 = br void %arrayidx5373.exit" [Crypto.cpp:253]   --->   Operation 67 'br' 'br_ln253' <Predicate = (RAMSel_cast_read == 0)> <Delay = 0.00>
ST_17 : Operation 68 [1/1] (3.25ns)   --->   "%store_ln253 = store i32 %MulInvRes, i12 %DataRAM_9_addr" [Crypto.cpp:253]   --->   Operation 68 'store' 'store_ln253' <Predicate = (RAMSel_cast_read == 3)> <Delay = 3.25> <CoreInst = "RAM">   --->   Core 82 'RAM' <Latency = 1> <II = 1> <Delay = 3.25> <Storage> <Opcode : 'load' 'store'> <Ports = 2> <Width = 32> <Depth = 4096> <RAM>
ST_17 : Operation 69 [1/1] (0.00ns)   --->   "%br_ln253 = br void %arrayidx5373.exit" [Crypto.cpp:253]   --->   Operation 69 'br' 'br_ln253' <Predicate = (RAMSel_cast_read == 3)> <Delay = 0.00>


============================================================
+ Verbose Summary: Binding
============================================================
STG Binding: 
---------------- STG Properties BEGIN ----------------
- Is combinational: 0
- Is one-state seq: 0
- Is datapath-only: 0
- Is pipelined: 0
- Is top level: 0
Port [ Return ] is wired: 1; IO mode=ap_ctrl_hs:ce=0
Port [ DataRAM_9]:  wired=1; compound=1; hidden=0; nouse=0; global=0; static=0; extern=0; dir=2; type=1; pingpong=0; private_global=0; MemPort=[01]; IO mode=ap_memory:ce=0
Port [ DataRAM_6]:  wired=1; compound=1; hidden=0; nouse=0; global=0; static=0; extern=0; dir=2; type=1; pingpong=0; private_global=0; MemPort=[01]; IO mode=ap_memory:ce=0
Port [ DataRAM_3]:  wired=1; compound=1; hidden=0; nouse=0; global=0; static=0; extern=0; dir=2; type=1; pingpong=0; private_global=0; MemPort=[01]; IO mode=ap_memory:ce=0
Port [ DataRAM]:  wired=1; compound=1; hidden=0; nouse=0; global=0; static=0; extern=0; dir=2; type=1; pingpong=0; private_global=0; MemPort=[01]; IO mode=ap_memory:ce=0
Port [ RAMSel_cast]:  wired=1; compound=0; hidden=0; nouse=0; global=0; static=0; extern=0; dir=0; type=0; pingpong=0; private_global=0; IO mode=ap_none:ce=0
---------------- STG Properties END ------------------

---------------- Datapath Model BEGIN ----------------

<LifeTime>
<method=bitvector/>
j                       (alloca           ) [ 010000000000000000]
RAMSel_cast_read        (read             ) [ 011111111111111111]
store_ln0               (store            ) [ 000000000000000000]
br_ln0                  (br               ) [ 000000000000000000]
j_20                    (load             ) [ 000000000000000000]
icmp_ln248              (icmp             ) [ 011111111111111110]
add_ln248               (add              ) [ 000000000000000000]
br_ln248                (br               ) [ 000000000000000000]
zext_ln248              (zext             ) [ 000000000000000000]
DataRAM_addr            (getelementptr    ) [ 011111111111111111]
DataRAM_3_addr          (getelementptr    ) [ 011111111111111111]
DataRAM_6_addr          (getelementptr    ) [ 011111111111111111]
DataRAM_9_addr          (getelementptr    ) [ 011111111111111111]
switch_ln253            (switch           ) [ 000000000000000000]
store_ln248             (store            ) [ 000000000000000000]
br_ln248                (br               ) [ 000000000000000000]
DataRAM_load            (load             ) [ 000000000000000000]
DataRAM_3_load          (load             ) [ 000000000000000000]
DataRAM_6_load          (load             ) [ 000000000000000000]
DataRAM_9_load          (load             ) [ 000000000000000000]
MulInvInput             (mux              ) [ 010111111111111110]
specpipeline_ln249      (specpipeline     ) [ 000000000000000000]
speclooptripcount_ln250 (speclooptripcount) [ 000000000000000000]
specloopname_ln248      (specloopname     ) [ 000000000000000000]
MulInvRes               (call             ) [ 010000000000000001]
store_ln253             (store            ) [ 000000000000000000]
br_ln253                (br               ) [ 000000000000000000]
store_ln253             (store            ) [ 000000000000000000]
br_ln253                (br               ) [ 000000000000000000]
store_ln253             (store            ) [ 000000000000000000]
br_ln253                (br               ) [ 000000000000000000]
store_ln253             (store            ) [ 000000000000000000]
br_ln253                (br               ) [ 000000000000000000]
ret_ln0                 (ret              ) [ 000000000000000000]
</LifeTime>

<model>

<comp_list>
<comp id="0" class="1000" name="DataRAM_9">
<pin_list>
<pin id="1" dir="1" index="0" bw="1" slack="0"/>
</pin_list>
<bind>
<StgValue><ssdm name="DataRAM_9"/><MemPortTyVec>0 1 </MemPortTyVec>
</StgValue>
</bind>
</comp>

<comp id="2" class="1000" name="DataRAM_6">
<pin_list>
<pin id="3" dir="1" index="0" bw="1" slack="0"/>
</pin_list>
<bind>
<StgValue><ssdm name="DataRAM_6"/><MemPortTyVec>0 1 </MemPortTyVec>
</StgValue>
</bind>
</comp>

<comp id="4" class="1000" name="DataRAM_3">
<pin_list>
<pin id="5" dir="1" index="0" bw="1" slack="0"/>
</pin_list>
<bind>
<StgValue><ssdm name="DataRAM_3"/><MemPortTyVec>0 1 </MemPortTyVec>
</StgValue>
</bind>
</comp>

<comp id="6" class="1000" name="DataRAM">
<pin_list>
<pin id="7" dir="1" index="0" bw="1" slack="0"/>
</pin_list>
<bind>
<StgValue><ssdm name="DataRAM"/><MemPortTyVec>0 1 </MemPortTyVec>
</StgValue>
</bind>
</comp>

<comp id="8" class="1000" name="RAMSel_cast">
<pin_list>
<pin id="9" dir="1" index="0" bw="1" slack="0"/>
</pin_list>
<bind>
<StgValue><ssdm name="RAMSel_cast"/></StgValue>
</bind>
</comp>

<comp id="10" class="1001" name="const_10">
<pin_list>
<pin id="11" dir="1" index="0" bw="1" slack="0"/>
</pin_list>
<bind>
<StgValue><ssdm name=""/></StgValue>
</bind>
</comp>

<comp id="12" class="1001" name="const_12">
<pin_list>
<pin id="13" dir="1" index="0" bw="1" slack="0"/>
</pin_list>
<bind>
<StgValue><ssdm name="_ssdm_op_Read.ap_auto.i2"/></StgValue>
</bind>
</comp>

<comp id="14" class="1001" name="const_14">
<pin_list>
<pin id="15" dir="1" index="0" bw="1" slack="0"/>
</pin_list>
<bind>
<StgValue><ssdm name=""/></StgValue>
</bind>
</comp>

<comp id="16" class="1001" name="const_16">
<pin_list>
<pin id="17" dir="1" index="0" bw="1" slack="0"/>
</pin_list>
<bind>
<StgValue><ssdm name=""/></StgValue>
</bind>
</comp>

<comp id="18" class="1001" name="const_18">
<pin_list>
<pin id="19" dir="1" index="0" bw="1" slack="0"/>
</pin_list>
<bind>
<StgValue><ssdm name=""/></StgValue>
</bind>
</comp>

<comp id="20" class="1001" name="const_20">
<pin_list>
<pin id="21" dir="1" index="0" bw="1" slack="0"/>
</pin_list>
<bind>
<StgValue><ssdm name=""/></StgValue>
</bind>
</comp>

<comp id="22" class="1001" name="const_22">
<pin_list>
<pin id="23" dir="1" index="0" bw="1" slack="0"/>
</pin_list>
<bind>
<StgValue><ssdm name=""/></StgValue>
</bind>
</comp>

<comp id="24" class="1001" name="const_24">
<pin_list>
<pin id="25" dir="1" index="0" bw="1" slack="2147483647"/>
</pin_list>
<bind>
<StgValue><ssdm name=""/></StgValue>
</bind>
</comp>

<comp id="26" class="1001" name="const_26">
<pin_list>
<pin id="27" dir="1" index="0" bw="1" slack="2147483647"/>
</pin_list>
<bind>
<StgValue><ssdm name=""/></StgValue>
</bind>
</comp>

<comp id="28" class="1001" name="const_28">
<pin_list>
<pin id="29" dir="1" index="0" bw="1" slack="0"/>
</pin_list>
<bind>
<StgValue><ssdm name="_ssdm_op_Mux.ap_auto.4i32.i2"/></StgValue>
</bind>
</comp>

<comp id="30" class="1001" name="const_30">
<pin_list>
<pin id="31" dir="1" index="0" bw="1" slack="0"/>
</pin_list>
<bind>
<StgValue><ssdm name="MUL_MOD"/></StgValue>
</bind>
</comp>

<comp id="32" class="1001" name="const_32">
<pin_list>
<pin id="33" dir="1" index="0" bw="1" slack="0"/>
</pin_list>
<bind>
<StgValue><ssdm name=""/></StgValue>
</bind>
</comp>

<comp id="34" class="1001" name="const_34">
<pin_list>
<pin id="35" dir="1" index="0" bw="1" slack="2147483647"/>
</pin_list>
<bind>
<StgValue><ssdm name="_ssdm_op_SpecPipeline"/></StgValue>
</bind>
</comp>

<comp id="36" class="1001" name="const_36">
<pin_list>
<pin id="37" dir="1" index="0" bw="1" slack="2147483647"/>
</pin_list>
<bind>
<StgValue><ssdm name=""/></StgValue>
</bind>
</comp>

<comp id="38" class="1001" name="const_38">
<pin_list>
<pin id="39" dir="1" index="0" bw="1" slack="2147483647"/>
</pin_list>
<bind>
<StgValue><ssdm name=""/></StgValue>
</bind>
</comp>

<comp id="40" class="1001" name="const_40">
<pin_list>
<pin id="41" dir="1" index="0" bw="1" slack="2147483647"/>
</pin_list>
<bind>
<StgValue><ssdm name="empty_27"/></StgValue>
</bind>
</comp>

<comp id="42" class="1001" name="const_42">
<pin_list>
<pin id="43" dir="1" index="0" bw="1" slack="2147483647"/>
</pin_list>
<bind>
<StgValue><ssdm name="_ssdm_op_SpecLoopTripCount"/></StgValue>
</bind>
</comp>

<comp id="44" class="1001" name="const_44">
<pin_list>
<pin id="45" dir="1" index="0" bw="1" slack="2147483647"/>
</pin_list>
<bind>
<StgValue><ssdm name=""/></StgValue>
</bind>
</comp>

<comp id="46" class="1001" name="const_46">
<pin_list>
<pin id="47" dir="1" index="0" bw="1" slack="2147483647"/>
</pin_list>
<bind>
<StgValue><ssdm name="_ssdm_op_SpecLoopName"/></StgValue>
</bind>
</comp>

<comp id="48" class="1001" name="const_48">
<pin_list>
<pin id="49" dir="1" index="0" bw="1" slack="2147483647"/>
</pin_list>
<bind>
<StgValue><ssdm name="empty_24"/></StgValue>
</bind>
</comp>

<comp id="50" class="1004" name="j_fu_50">
<pin_list>
<pin id="51" dir="0" index="0" bw="1" slack="0"/>
<pin id="52" dir="1" index="1" bw="13" slack="0"/>
</pin_list>
<bind>
<opcode="alloca(26) " fcode="alloca"/>
<opset="j/1 "/>
</bind>
</comp>

<comp id="54" class="1004" name="RAMSel_cast_read_read_fu_54">
<pin_list>
<pin id="55" dir="0" index="0" bw="2" slack="0"/>
<pin id="56" dir="0" index="1" bw="2" slack="0"/>
<pin id="57" dir="1" index="2" bw="2" slack="1"/>
</pin_list>
<bind>
<opcode="read(1150) " fcode="read"/>
<opset="RAMSel_cast_read/1 "/>
</bind>
</comp>

<comp id="60" class="1004" name="DataRAM_addr_gep_fu_60">
<pin_list>
<pin id="61" dir="0" index="0" bw="32" slack="0"/>
<pin id="62" dir="0" index="1" bw="1" slack="0"/>
<pin id="63" dir="0" index="2" bw="13" slack="0"/>
<pin id="64" dir="1" index="3" bw="12" slack="0"/>
</pin_list>
<bind>
<opcode="getelementptr(29) " fcode="getelementptr"/>
<opset="DataRAM_addr/1 "/>
</bind>
</comp>

<comp id="67" class="1004" name="DataRAM_3_addr_gep_fu_67">
<pin_list>
<pin id="68" dir="0" index="0" bw="32" slack="0"/>
<pin id="69" dir="0" index="1" bw="1" slack="0"/>
<pin id="70" dir="0" index="2" bw="13" slack="0"/>
<pin id="71" dir="1" index="3" bw="12" slack="0"/>
</pin_list>
<bind>
<opcode="getelementptr(29) " fcode="getelementptr"/>
<opset="DataRAM_3_addr/1 "/>
</bind>
</comp>

<comp id="74" class="1004" name="DataRAM_6_addr_gep_fu_74">
<pin_list>
<pin id="75" dir="0" index="0" bw="32" slack="0"/>
<pin id="76" dir="0" index="1" bw="1" slack="0"/>
<pin id="77" dir="0" index="2" bw="13" slack="0"/>
<pin id="78" dir="1" index="3" bw="12" slack="0"/>
</pin_list>
<bind>
<opcode="getelementptr(29) " fcode="getelementptr"/>
<opset="DataRAM_6_addr/1 "/>
</bind>
</comp>

<comp id="81" class="1004" name="DataRAM_9_addr_gep_fu_81">
<pin_list>
<pin id="82" dir="0" index="0" bw="32" slack="0"/>
<pin id="83" dir="0" index="1" bw="1" slack="0"/>
<pin id="84" dir="0" index="2" bw="13" slack="0"/>
<pin id="85" dir="1" index="3" bw="12" slack="0"/>
</pin_list>
<bind>
<opcode="getelementptr(29) " fcode="getelementptr"/>
<opset="DataRAM_9_addr/1 "/>
</bind>
</comp>

<comp id="88" class="1004" name="grp_access_fu_88">
<pin_list>
<pin id="89" dir="0" index="0" bw="12" slack="16"/>
<pin id="90" dir="0" index="1" bw="32" slack="1"/>
<pin id="91" dir="0" index="2" bw="0" slack="0"/>
<pin id="93" dir="0" index="4" bw="12" slack="2147483647"/>
<pin id="94" dir="0" index="5" bw="32" slack="2147483647"/>
<pin id="95" dir="0" index="6" bw="0" slack="2147483647"/>
<pin id="92" dir="1" index="3" bw="32" slack="2147483647"/>
<pin id="96" dir="1" index="7" bw="32" slack="0"/>
</pin_list>
<bind>
<opcode="load(27) store(28) " fcode="store"/>
<opset="DataRAM_load/1 store_ln253/17 "/>
</bind>
</comp>

<comp id="98" class="1004" name="grp_access_fu_98">
<pin_list>
<pin id="99" dir="0" index="0" bw="12" slack="16"/>
<pin id="100" dir="0" index="1" bw="32" slack="1"/>
<pin id="101" dir="0" index="2" bw="0" slack="0"/>
<pin id="103" dir="0" index="4" bw="12" slack="2147483647"/>
<pin id="104" dir="0" index="5" bw="32" slack="2147483647"/>
<pin id="105" dir="0" index="6" bw="0" slack="2147483647"/>
<pin id="102" dir="1" index="3" bw="32" slack="2147483647"/>
<pin id="106" dir="1" index="7" bw="32" slack="0"/>
</pin_list>
<bind>
<opcode="load(27) store(28) " fcode="store"/>
<opset="DataRAM_3_load/1 store_ln253/17 "/>
</bind>
</comp>

<comp id="108" class="1004" name="grp_access_fu_108">
<pin_list>
<pin id="109" dir="0" index="0" bw="12" slack="16"/>
<pin id="110" dir="0" index="1" bw="32" slack="1"/>
<pin id="111" dir="0" index="2" bw="0" slack="0"/>
<pin id="113" dir="0" index="4" bw="12" slack="2147483647"/>
<pin id="114" dir="0" index="5" bw="32" slack="2147483647"/>
<pin id="115" dir="0" index="6" bw="0" slack="2147483647"/>
<pin id="112" dir="1" index="3" bw="32" slack="2147483647"/>
<pin id="116" dir="1" index="7" bw="32" slack="0"/>
</pin_list>
<bind>
<opcode="load(27) store(28) " fcode="store"/>
<opset="DataRAM_6_load/1 store_ln253/17 "/>
</bind>
</comp>

<comp id="118" class="1004" name="grp_access_fu_118">
<pin_list>
<pin id="119" dir="0" index="0" bw="12" slack="16"/>
<pin id="120" dir="0" index="1" bw="32" slack="1"/>
<pin id="121" dir="0" index="2" bw="0" slack="0"/>
<pin id="123" dir="0" index="4" bw="12" slack="2147483647"/>
<pin id="124" dir="0" index="5" bw="32" slack="2147483647"/>
<pin id="125" dir="0" index="6" bw="0" slack="2147483647"/>
<pin id="122" dir="1" index="3" bw="32" slack="2147483647"/>
<pin id="126" dir="1" index="7" bw="32" slack="0"/>
</pin_list>
<bind>
<opcode="load(27) store(28) " fcode="store"/>
<opset="DataRAM_9_load/1 store_ln253/17 "/>
</bind>
</comp>

<comp id="128" class="1004" name="grp_MUL_MOD_fu_128">
<pin_list>
<pin id="129" dir="0" index="0" bw="32" slack="0"/>
<pin id="130" dir="0" index="1" bw="32" slack="1"/>
<pin id="131" dir="0" index="2" bw="31" slack="0"/>
<pin id="132" dir="0" index="3" bw="1" slack="0"/>
<pin id="133" dir="1" index="4" bw="32" slack="1"/>
</pin_list>
<bind>
<opcode="call(48) " fcode="call"/>
<opset="MulInvRes/3 "/>
</bind>
</comp>

<comp id="137" class="1004" name="store_ln0_store_fu_137">
<pin_list>
<pin id="138" dir="0" index="0" bw="1" slack="0"/>
<pin id="139" dir="0" index="1" bw="13" slack="0"/>
<pin id="140" dir="1" index="2" bw="0" slack="2147483647"/>
</pin_list>
<bind>
<opcode="store(28) " fcode="store"/>
<opset="store_ln0/1 "/>
</bind>
</comp>

<comp id="142" class="1004" name="j_20_load_fu_142">
<pin_list>
<pin id="143" dir="0" index="0" bw="13" slack="0"/>
<pin id="144" dir="1" index="1" bw="13" slack="0"/>
</pin_list>
<bind>
<opcode="load(27) " fcode="load"/>
<opset="j_20/1 "/>
</bind>
</comp>

<comp id="145" class="1004" name="icmp_ln248_fu_145">
<pin_list>
<pin id="146" dir="0" index="0" bw="13" slack="0"/>
<pin id="147" dir="0" index="1" bw="13" slack="0"/>
<pin id="148" dir="1" index="2" bw="1" slack="2"/>
</pin_list>
<bind>
<opcode="icmp(45) " fcode="icmp"/>
<opset="icmp_ln248/1 "/>
</bind>
</comp>

<comp id="151" class="1004" name="add_ln248_fu_151">
<pin_list>
<pin id="152" dir="0" index="0" bw="13" slack="0"/>
<pin id="153" dir="0" index="1" bw="1" slack="0"/>
<pin id="154" dir="1" index="2" bw="13" slack="0"/>
</pin_list>
<bind>
<opcode="add(8) " fcode="add"/>
<opset="add_ln248/1 "/>
</bind>
</comp>

<comp id="157" class="1004" name="zext_ln248_fu_157">
<pin_list>
<pin id="158" dir="0" index="0" bw="13" slack="0"/>
<pin id="159" dir="1" index="1" bw="64" slack="0"/>
</pin_list>
<bind>
<opcode="zext(34) " fcode="zext"/>
<opset="zext_ln248/1 "/>
</bind>
</comp>

<comp id="165" class="1004" name="store_ln248_store_fu_165">
<pin_list>
<pin id="166" dir="0" index="0" bw="13" slack="0"/>
<pin id="167" dir="0" index="1" bw="13" slack="0"/>
<pin id="168" dir="1" index="2" bw="0" slack="2147483647"/>
</pin_list>
<bind>
<opcode="store(28) " fcode="store"/>
<opset="store_ln248/1 "/>
</bind>
</comp>

<comp id="170" class="1004" name="MulInvInput_fu_170">
<pin_list>
<pin id="171" dir="0" index="0" bw="32" slack="0"/>
<pin id="172" dir="0" index="1" bw="32" slack="0"/>
<pin id="173" dir="0" index="2" bw="32" slack="0"/>
<pin id="174" dir="0" index="3" bw="32" slack="0"/>
<pin id="175" dir="0" index="4" bw="32" slack="0"/>
<pin id="176" dir="0" index="5" bw="2" slack="1"/>
<pin id="177" dir="1" index="6" bw="32" slack="1"/>
</pin_list>
<bind>
<opcode="mux(1196) " fcode="mux"/>
<opset="MulInvInput/2 "/>
</bind>
</comp>

<comp id="183" class="1005" name="j_reg_183">
<pin_list>
<pin id="184" dir="0" index="0" bw="13" slack="0"/>
<pin id="185" dir="1" index="1" bw="13" slack="0"/>
</pin_list>
<bind>
<opset="j "/>
</bind>
</comp>

<comp id="190" class="1005" name="RAMSel_cast_read_reg_190">
<pin_list>
<pin id="191" dir="0" index="0" bw="2" slack="1"/>
<pin id="192" dir="1" index="1" bw="2" slack="1"/>
</pin_list>
<bind>
<opset="RAMSel_cast_read "/>
</bind>
</comp>

<comp id="195" class="1005" name="icmp_ln248_reg_195">
<pin_list>
<pin id="196" dir="0" index="0" bw="1" slack="2"/>
<pin id="197" dir="1" index="1" bw="1" slack="2147483647"/>
</pin_list>
<bind>
<opset="icmp_ln248 "/>
</bind>
</comp>

<comp id="199" class="1005" name="DataRAM_addr_reg_199">
<pin_list>
<pin id="200" dir="0" index="0" bw="12" slack="1"/>
<pin id="201" dir="1" index="1" bw="12" slack="1"/>
</pin_list>
<bind>
<opset="DataRAM_addr "/>
</bind>
</comp>

<comp id="205" class="1005" name="DataRAM_3_addr_reg_205">
<pin_list>
<pin id="206" dir="0" index="0" bw="12" slack="1"/>
<pin id="207" dir="1" index="1" bw="12" slack="1"/>
</pin_list>
<bind>
<opset="DataRAM_3_addr "/>
</bind>
</comp>

<comp id="211" class="1005" name="DataRAM_6_addr_reg_211">
<pin_list>
<pin id="212" dir="0" index="0" bw="12" slack="1"/>
<pin id="213" dir="1" index="1" bw="12" slack="1"/>
</pin_list>
<bind>
<opset="DataRAM_6_addr "/>
</bind>
</comp>

<comp id="217" class="1005" name="DataRAM_9_addr_reg_217">
<pin_list>
<pin id="218" dir="0" index="0" bw="12" slack="1"/>
<pin id="219" dir="1" index="1" bw="12" slack="1"/>
</pin_list>
<bind>
<opset="DataRAM_9_addr "/>
</bind>
</comp>

<comp id="223" class="1005" name="MulInvInput_reg_223">
<pin_list>
<pin id="224" dir="0" index="0" bw="32" slack="1"/>
<pin id="225" dir="1" index="1" bw="32" slack="1"/>
</pin_list>
<bind>
<opset="MulInvInput "/>
</bind>
</comp>

<comp id="228" class="1005" name="MulInvRes_reg_228">
<pin_list>
<pin id="229" dir="0" index="0" bw="32" slack="1"/>
<pin id="230" dir="1" index="1" bw="32" slack="1"/>
</pin_list>
<bind>
<opset="MulInvRes "/>
</bind>
</comp>

</comp_list>

<net_list>
<net id="53"><net_src comp="10" pin="0"/><net_sink comp="50" pin=0"/></net>

<net id="58"><net_src comp="12" pin="0"/><net_sink comp="54" pin=0"/></net>

<net id="59"><net_src comp="8" pin="0"/><net_sink comp="54" pin=1"/></net>

<net id="65"><net_src comp="6" pin="0"/><net_sink comp="60" pin=0"/></net>

<net id="66"><net_src comp="20" pin="0"/><net_sink comp="60" pin=1"/></net>

<net id="72"><net_src comp="4" pin="0"/><net_sink comp="67" pin=0"/></net>

<net id="73"><net_src comp="20" pin="0"/><net_sink comp="67" pin=1"/></net>

<net id="79"><net_src comp="2" pin="0"/><net_sink comp="74" pin=0"/></net>

<net id="80"><net_src comp="20" pin="0"/><net_sink comp="74" pin=1"/></net>

<net id="86"><net_src comp="0" pin="0"/><net_sink comp="81" pin=0"/></net>

<net id="87"><net_src comp="20" pin="0"/><net_sink comp="81" pin=1"/></net>

<net id="97"><net_src comp="60" pin="3"/><net_sink comp="88" pin=2"/></net>

<net id="107"><net_src comp="67" pin="3"/><net_sink comp="98" pin=2"/></net>

<net id="117"><net_src comp="74" pin="3"/><net_sink comp="108" pin=2"/></net>

<net id="127"><net_src comp="81" pin="3"/><net_sink comp="118" pin=2"/></net>

<net id="134"><net_src comp="30" pin="0"/><net_sink comp="128" pin=0"/></net>

<net id="135"><net_src comp="32" pin="0"/><net_sink comp="128" pin=2"/></net>

<net id="136"><net_src comp="22" pin="0"/><net_sink comp="128" pin=3"/></net>

<net id="141"><net_src comp="14" pin="0"/><net_sink comp="137" pin=0"/></net>

<net id="149"><net_src comp="142" pin="1"/><net_sink comp="145" pin=0"/></net>

<net id="150"><net_src comp="16" pin="0"/><net_sink comp="145" pin=1"/></net>

<net id="155"><net_src comp="142" pin="1"/><net_sink comp="151" pin=0"/></net>

<net id="156"><net_src comp="18" pin="0"/><net_sink comp="151" pin=1"/></net>

<net id="160"><net_src comp="142" pin="1"/><net_sink comp="157" pin=0"/></net>

<net id="161"><net_src comp="157" pin="1"/><net_sink comp="60" pin=2"/></net>

<net id="162"><net_src comp="157" pin="1"/><net_sink comp="67" pin=2"/></net>

<net id="163"><net_src comp="157" pin="1"/><net_sink comp="74" pin=2"/></net>

<net id="164"><net_src comp="157" pin="1"/><net_sink comp="81" pin=2"/></net>

<net id="169"><net_src comp="151" pin="2"/><net_sink comp="165" pin=0"/></net>

<net id="178"><net_src comp="28" pin="0"/><net_sink comp="170" pin=0"/></net>

<net id="179"><net_src comp="88" pin="7"/><net_sink comp="170" pin=1"/></net>

<net id="180"><net_src comp="98" pin="7"/><net_sink comp="170" pin=2"/></net>

<net id="181"><net_src comp="108" pin="7"/><net_sink comp="170" pin=3"/></net>

<net id="182"><net_src comp="118" pin="7"/><net_sink comp="170" pin=4"/></net>

<net id="186"><net_src comp="50" pin="1"/><net_sink comp="183" pin=0"/></net>

<net id="187"><net_src comp="183" pin="1"/><net_sink comp="137" pin=1"/></net>

<net id="188"><net_src comp="183" pin="1"/><net_sink comp="142" pin=0"/></net>

<net id="189"><net_src comp="183" pin="1"/><net_sink comp="165" pin=1"/></net>

<net id="193"><net_src comp="54" pin="2"/><net_sink comp="190" pin=0"/></net>

<net id="194"><net_src comp="190" pin="1"/><net_sink comp="170" pin=5"/></net>

<net id="198"><net_src comp="145" pin="2"/><net_sink comp="195" pin=0"/></net>

<net id="202"><net_src comp="60" pin="3"/><net_sink comp="199" pin=0"/></net>

<net id="203"><net_src comp="199" pin="1"/><net_sink comp="88" pin=2"/></net>

<net id="204"><net_src comp="199" pin="1"/><net_sink comp="88" pin=0"/></net>

<net id="208"><net_src comp="67" pin="3"/><net_sink comp="205" pin=0"/></net>

<net id="209"><net_src comp="205" pin="1"/><net_sink comp="98" pin=2"/></net>

<net id="210"><net_src comp="205" pin="1"/><net_sink comp="98" pin=0"/></net>

<net id="214"><net_src comp="74" pin="3"/><net_sink comp="211" pin=0"/></net>

<net id="215"><net_src comp="211" pin="1"/><net_sink comp="108" pin=2"/></net>

<net id="216"><net_src comp="211" pin="1"/><net_sink comp="108" pin=0"/></net>

<net id="220"><net_src comp="81" pin="3"/><net_sink comp="217" pin=0"/></net>

<net id="221"><net_src comp="217" pin="1"/><net_sink comp="118" pin=2"/></net>

<net id="222"><net_src comp="217" pin="1"/><net_sink comp="118" pin=0"/></net>

<net id="226"><net_src comp="170" pin="6"/><net_sink comp="223" pin=0"/></net>

<net id="227"><net_src comp="223" pin="1"/><net_sink comp="128" pin=1"/></net>

<net id="231"><net_src comp="128" pin="4"/><net_sink comp="228" pin=0"/></net>

<net id="232"><net_src comp="228" pin="1"/><net_sink comp="108" pin=1"/></net>

<net id="233"><net_src comp="228" pin="1"/><net_sink comp="98" pin=1"/></net>

<net id="234"><net_src comp="228" pin="1"/><net_sink comp="88" pin=1"/></net>

<net id="235"><net_src comp="228" pin="1"/><net_sink comp="118" pin=1"/></net>

</net_list>

</model> 
---------------- Datapath Model END ------------------

* FSMD analyzer results:
  - Output states:
	Port: DataRAM_9 | {17 }
	Port: DataRAM_6 | {17 }
	Port: DataRAM_3 | {17 }
	Port: DataRAM | {17 }
 - Input state : 
	Port: Crypto_Pipeline_MUL_INV_LOOP : DataRAM_9 | {1 2 }
	Port: Crypto_Pipeline_MUL_INV_LOOP : DataRAM_6 | {1 2 }
	Port: Crypto_Pipeline_MUL_INV_LOOP : DataRAM_3 | {1 2 }
	Port: Crypto_Pipeline_MUL_INV_LOOP : DataRAM | {1 2 }
	Port: Crypto_Pipeline_MUL_INV_LOOP : RAMSel_cast | {1 }
  - Chain level:
	State 1
		store_ln0 : 1
		j_20 : 1
		icmp_ln248 : 2
		add_ln248 : 2
		br_ln248 : 3
		zext_ln248 : 2
		DataRAM_addr : 3
		DataRAM_3_addr : 3
		DataRAM_6_addr : 3
		DataRAM_9_addr : 3
		DataRAM_load : 4
		DataRAM_3_load : 4
		DataRAM_6_load : 4
		DataRAM_9_load : 4
		store_ln248 : 3
	State 2
		MulInvInput : 1
	State 3
	State 4
	State 5
	State 6
	State 7
	State 8
	State 9
	State 10
	State 11
	State 12
	State 13
	State 14
	State 15
	State 16
	State 17


============================================================
+ Verbose Summary: Datapath Resource usage 
============================================================

* Functional unit list:
|----------|-----------------------------|---------|---------|---------|---------|
| Operation|       Functional Unit       |   DSP   |  Delay  |    FF   |   LUT   |
|----------|-----------------------------|---------|---------|---------|---------|
|   call   |      grp_MUL_MOD_fu_128     |    12   |  6.5906 |   919   |   743   |
|----------|-----------------------------|---------|---------|---------|---------|
|    mux   |      MulInvInput_fu_170     |    0    |    0    |    0    |    20   |
|----------|-----------------------------|---------|---------|---------|---------|
|   icmp   |      icmp_ln248_fu_145      |    0    |    0    |    0    |    14   |
|----------|-----------------------------|---------|---------|---------|---------|
|    add   |       add_ln248_fu_151      |    0    |    0    |    0    |    14   |
|----------|-----------------------------|---------|---------|---------|---------|
|   read   | RAMSel_cast_read_read_fu_54 |    0    |    0    |    0    |    0    |
|----------|-----------------------------|---------|---------|---------|---------|
|   zext   |      zext_ln248_fu_157      |    0    |    0    |    0    |    0    |
|----------|-----------------------------|---------|---------|---------|---------|
|   Total  |                             |    12   |  6.5906 |   919   |   791   |
|----------|-----------------------------|---------|---------|---------|---------|

Memories:
N/A

* Register list:
+------------------------+--------+
|                        |   FF   |
+------------------------+--------+
| DataRAM_3_addr_reg_205 |   12   |
| DataRAM_6_addr_reg_211 |   12   |
| DataRAM_9_addr_reg_217 |   12   |
|  DataRAM_addr_reg_199  |   12   |
|   MulInvInput_reg_223  |   32   |
|    MulInvRes_reg_228   |   32   |
|RAMSel_cast_read_reg_190|    2   |
|   icmp_ln248_reg_195   |    1   |
|        j_reg_183       |   13   |
+------------------------+--------+
|          Total         |   128  |
+------------------------+--------+

* Multiplexer (MUX) list: 
|-------------------|------|------|------|--------||---------||---------|
|        Comp       |  Pin | Size |  BW  | S x BW ||  Delay  ||   LUT   |
|-------------------|------|------|------|--------||---------||---------|
|  grp_access_fu_88 |  p2  |   2  |   0  |    0   ||    9    |
|  grp_access_fu_98 |  p2  |   2  |   0  |    0   ||    9    |
| grp_access_fu_108 |  p2  |   2  |   0  |    0   ||    9    |
| grp_access_fu_118 |  p2  |   2  |   0  |    0   ||    9    |
|-------------------|------|------|------|--------||---------||---------|
|       Total       |      |      |      |    0   ||  6.352  ||    36   |
|-------------------|------|------|------|--------||---------||---------|



* Summary:
+-----------+--------+--------+--------+--------+
|           |   DSP  |  Delay |   FF   |   LUT  |
+-----------+--------+--------+--------+--------+
|  Function |   12   |    6   |   919  |   791  |
|   Memory  |    -   |    -   |    -   |    -   |
|Multiplexer|    -   |    6   |    -   |   36   |
|  Register |    -   |    -   |   128  |    -   |
+-----------+--------+--------+--------+--------+
|   Total   |   12   |   12   |  1047  |   827  |
+-----------+--------+--------+--------+--------+
