

================================================================
== Vitis HLS Report for 'Crypto1_Pipeline_POLY_SUB_ROW_LOOP_POLY_SUB_COL_LOOP7'
================================================================
* Date:           Thu Mar 27 00:01:06 2025

* Version:        2023.1 (Build 3854077 on May  4 2023)
* Project:        Crypto
* Solution:       solution1 (Vivado IP Flow Target)
* Product family: zynq
* Target device:  xc7z020-clg400-1


================================================================
== Performance Estimates
================================================================
+ Timing: 
    * Summary: 
    +--------+---------+----------+------------+
    |  Clock |  Target | Estimated| Uncertainty|
    +--------+---------+----------+------------+
    |ap_clk  |  8.00 ns|  5.802 ns|     2.16 ns|
    +--------+---------+----------+------------+

+ Latency: 
    * Summary: 
    +---------+---------+-----------+-----------+-------+-------+---------+
    |  Latency (cycles) |   Latency (absolute)  |    Interval   | Pipeline|
    |   min   |   max   |    min    |    max    |  min  |  max  |   Type  |
    +---------+---------+-----------+-----------+-------+-------+---------+
    |    12308|    12308|  98.464 us|  98.464 us|  12308|  12308|       no|
    +---------+---------+-----------+-----------+-------+-------+---------+

    + Detail: 
        * Instance: 
        N/A

        * Loop: 
        +---------------------------------------+---------+---------+----------+-----------+-----------+------+----------+
        |                                       |  Latency (cycles) | Iteration|  Initiation Interval  | Trip |          |
        |               Loop Name               |   min   |   max   |  Latency |  achieved |   target  | Count| Pipelined|
        +---------------------------------------+---------+---------+----------+-----------+-----------+------+----------+
        |- POLY_SUB_ROW_LOOP_POLY_SUB_COL_LOOP  |    12306|    12306|        22|          3|          1|  4096|       yes|
        +---------------------------------------+---------+---------+----------+-----------+-----------+------+----------+

============================================================
+ Verbose Summary: Synthesis Manager
============================================================
InlineROM: 1
ExposeGlobal: 0
============================================================
+ Verbose Summary: CDFG Model
============================================================
IsTopModel: 0
ResetActiveHigh: 1
IsCombinational: 0
IsDatapathOnly: 0
HasWiredReturn: 1
HasMFsm: 2
HasVarLatency: 1
IsPipeline: 0
IsRtlPipelined: 0
IsInstanceOverlapped: 0
IsDontTouch: 0
HasImplIP: 0
IsGatedGlobalClock: 0

+ Individual pipeline summary: 
  * Pipeline-0: initiation interval (II) = 3, depth = 22


============================================================
+ Verbose Summary: Schedule
============================================================
* Number of FSM states : 22
* Pipeline : 1
  Pipeline-0 : II = 3, D = 22, States = { 1 2 3 4 5 6 7 8 9 10 11 12 13 14 15 16 17 18 19 20 21 22 }
* Dataflow Pipeline: 0

* FSM state transitions: 
1 --> 2 
2 --> 3 
3 --> 4 
4 --> 5 
5 --> 6 
6 --> 7 
7 --> 8 
8 --> 9 
9 --> 10 
10 --> 11 
11 --> 12 
12 --> 13 
13 --> 14 
14 --> 15 
15 --> 16 
16 --> 17 
17 --> 18 
18 --> 19 
19 --> 20 
20 --> 21 
21 --> 22 
22 --> 

* FSM state operations: 

State 1 <SV = 0> <Delay = 2.86>
ST_1 : Operation 25 [1/1] (0.00ns)   --->   "%k = alloca i32 1"   --->   Operation 25 'alloca' 'k' <Predicate = true> <Delay = 0.00>
ST_1 : Operation 26 [1/1] (0.00ns)   --->   "%j = alloca i32 1"   --->   Operation 26 'alloca' 'j' <Predicate = true> <Delay = 0.00>
ST_1 : Operation 27 [1/1] (0.00ns)   --->   "%indvar_flatten97 = alloca i32 1"   --->   Operation 27 'alloca' 'indvar_flatten97' <Predicate = true> <Delay = 0.00>
ST_1 : Operation 28 [1/1] (0.00ns)   --->   "%add_ln231_read = read i42 @_ssdm_op_Read.ap_auto.i42, i42 %add_ln231"   --->   Operation 28 'read' 'add_ln231_read' <Predicate = true> <Delay = 0.00>
ST_1 : Operation 29 [1/1] (0.00ns)   --->   "%add_ln230_read = read i42 @_ssdm_op_Read.ap_auto.i42, i42 %add_ln230"   --->   Operation 29 'read' 'add_ln230_read' <Predicate = true> <Delay = 0.00>
ST_1 : Operation 30 [1/1] (1.58ns)   --->   "%store_ln0 = store i13 0, i13 %indvar_flatten97"   --->   Operation 30 'store' 'store_ln0' <Predicate = true> <Delay = 1.58>
ST_1 : Operation 31 [1/1] (1.58ns)   --->   "%store_ln0 = store i7 0, i7 %j"   --->   Operation 31 'store' 'store_ln0' <Predicate = true> <Delay = 1.58>
ST_1 : Operation 32 [1/1] (1.58ns)   --->   "%store_ln0 = store i7 0, i7 %k"   --->   Operation 32 'store' 'store_ln0' <Predicate = true> <Delay = 1.58>
ST_1 : Operation 33 [1/1] (0.00ns)   --->   "%br_ln0 = br void %POLY_SUB_PE_LOOP_READ.1"   --->   Operation 33 'br' 'br_ln0' <Predicate = true> <Delay = 0.00>
ST_1 : Operation 34 [1/1] (0.00ns)   --->   "%indvar_flatten97_load = load i13 %indvar_flatten97" [Crypto1.cpp:220]   --->   Operation 34 'load' 'indvar_flatten97_load' <Predicate = true> <Delay = 0.00>
ST_1 : Operation 35 [1/1] (0.00ns)   --->   "%specpipeline_ln0 = specpipeline void @_ssdm_op_SpecPipeline, i32 4294967295, i32 0, i32 1, i32 0, void @p_str"   --->   Operation 35 'specpipeline' 'specpipeline_ln0' <Predicate = true> <Delay = 0.00>
ST_1 : Operation 36 [1/1] (1.67ns)   --->   "%icmp_ln220 = icmp_eq  i13 %indvar_flatten97_load, i13 4096" [Crypto1.cpp:220]   --->   Operation 36 'icmp' 'icmp_ln220' <Predicate = true> <Delay = 1.67> <CoreInst = "Cmp">   --->   Core 9 'Cmp' <Latency = 0> <II = 1> <Delay = 1.67> <FuncUnit> <Opcode : 'icmp'> <InPorts = 2> <OutPorts = 1>
ST_1 : Operation 37 [1/1] (1.67ns)   --->   "%add_ln220 = add i13 %indvar_flatten97_load, i13 1" [Crypto1.cpp:220]   --->   Operation 37 'add' 'add_ln220' <Predicate = true> <Delay = 1.67> <CoreInst = "Adder">   --->   Core 1 'Adder' <Latency = 0> <II = 1> <Delay = 1.67> <FuncUnit> <Opcode : 'add' 'sub'> <InPorts = 2> <OutPorts = 1>
ST_1 : Operation 38 [1/1] (0.00ns)   --->   "%br_ln220 = br i1 %icmp_ln220, void %for.inc404.1, void %POLY_SUB_PE_LOOP_READ.2.preheader.exitStub" [Crypto1.cpp:220]   --->   Operation 38 'br' 'br_ln220' <Predicate = true> <Delay = 0.00>
ST_1 : Operation 39 [1/1] (0.00ns)   --->   "%k_load = load i7 %k" [Crypto1.cpp:226]   --->   Operation 39 'load' 'k_load' <Predicate = (!icmp_ln220)> <Delay = 0.00>
ST_1 : Operation 40 [1/1] (0.00ns)   --->   "%j_load = load i7 %j" [Crypto1.cpp:220]   --->   Operation 40 'load' 'j_load' <Predicate = (!icmp_ln220)> <Delay = 0.00>
ST_1 : Operation 41 [1/1] (1.87ns)   --->   "%add_ln220_1 = add i7 %j_load, i7 1" [Crypto1.cpp:220]   --->   Operation 41 'add' 'add_ln220_1' <Predicate = (!icmp_ln220)> <Delay = 1.87> <CoreInst = "Adder">   --->   Core 1 'Adder' <Latency = 0> <II = 1> <Delay = 1.87> <FuncUnit> <Opcode : 'add' 'sub'> <InPorts = 2> <OutPorts = 1>
ST_1 : Operation 42 [1/1] (1.87ns)   --->   "%icmp_ln226 = icmp_eq  i7 %k_load, i7 64" [Crypto1.cpp:226]   --->   Operation 42 'icmp' 'icmp_ln226' <Predicate = (!icmp_ln220)> <Delay = 1.87> <CoreInst = "Cmp">   --->   Core 9 'Cmp' <Latency = 0> <II = 1> <Delay = 1.87> <FuncUnit> <Opcode : 'icmp'> <InPorts = 2> <OutPorts = 1>
ST_1 : Operation 43 [1/1] (0.99ns)   --->   "%select_ln220_2 = select i1 %icmp_ln226, i7 %add_ln220_1, i7 %j_load" [Crypto1.cpp:220]   --->   Operation 43 'select' 'select_ln220_2' <Predicate = (!icmp_ln220)> <Delay = 0.99> <CoreInst = "Sel">   --->   Core 73 'Sel' <Latency = 0> <II = 1> <Delay = 0.99> <FuncUnit> <Opcode : 'select'> <InPorts = 3> <OutPorts = 1>

State 2 <SV = 1> <Delay = 4.98>
ST_2 : Operation 44 [1/1] (0.99ns)   --->   "%select_ln220 = select i1 %icmp_ln226, i7 0, i7 %k_load" [Crypto1.cpp:220]   --->   Operation 44 'select' 'select_ln220' <Predicate = (!icmp_ln220)> <Delay = 0.99> <CoreInst = "Sel">   --->   Core 73 'Sel' <Latency = 0> <II = 1> <Delay = 0.99> <FuncUnit> <Opcode : 'select'> <InPorts = 3> <OutPorts = 1>
ST_2 : Operation 45 [1/1] (0.00ns)   --->   "%trunc_ln230 = trunc i42 %add_ln230_read" [Crypto1.cpp:230]   --->   Operation 45 'trunc' 'trunc_ln230' <Predicate = (!icmp_ln220)> <Delay = 0.00>
ST_2 : Operation 46 [1/1] (0.00ns)   --->   "%zext_ln230 = zext i7 %select_ln220_2" [Crypto1.cpp:230]   --->   Operation 46 'zext' 'zext_ln230' <Predicate = (!icmp_ln220)> <Delay = 0.00>
ST_2 : Operation 47 [1/1] (1.73ns)   --->   "%add_ln231_3 = add i10 %trunc_ln230, i10 %zext_ln230" [Crypto1.cpp:231]   --->   Operation 47 'add' 'add_ln231_3' <Predicate = (!icmp_ln220)> <Delay = 1.73> <CoreInst = "Adder">   --->   Core 1 'Adder' <Latency = 0> <II = 1> <Delay = 1.73> <FuncUnit> <Opcode : 'add' 'sub'> <InPorts = 2> <OutPorts = 1>
ST_2 : Operation 48 [1/1] (0.00ns)   --->   "%trunc_ln231 = trunc i42 %add_ln231_read" [Crypto1.cpp:231]   --->   Operation 48 'trunc' 'trunc_ln231' <Predicate = (!icmp_ln220)> <Delay = 0.00>
ST_2 : Operation 49 [1/1] (0.00ns)   --->   "%zext_ln231 = zext i7 %select_ln220_2" [Crypto1.cpp:231]   --->   Operation 49 'zext' 'zext_ln231' <Predicate = (!icmp_ln220)> <Delay = 0.00>
ST_2 : Operation 50 [1/1] (1.73ns)   --->   "%add_ln231_4 = add i10 %trunc_ln231, i10 %zext_ln231" [Crypto1.cpp:231]   --->   Operation 50 'add' 'add_ln231_4' <Predicate = (!icmp_ln220)> <Delay = 1.73> <CoreInst = "Adder">   --->   Core 1 'Adder' <Latency = 0> <II = 1> <Delay = 1.73> <FuncUnit> <Opcode : 'add' 'sub'> <InPorts = 2> <OutPorts = 1>
ST_2 : Operation 51 [1/1] (0.00ns)   --->   "%empty = trunc i7 %select_ln220" [Crypto1.cpp:220]   --->   Operation 51 'trunc' 'empty' <Predicate = (!icmp_ln220)> <Delay = 0.00>
ST_2 : Operation 52 [1/1] (0.00ns)   --->   "%tmp_s = bitconcatenate i13 @_ssdm_op_BitConcatenate.i13.i10.i3, i10 %add_ln231_3, i3 %empty" [Crypto1.cpp:230]   --->   Operation 52 'bitconcatenate' 'tmp_s' <Predicate = (!icmp_ln220)> <Delay = 0.00>
ST_2 : Operation 53 [1/1] (0.00ns)   --->   "%zext_ln230_2 = zext i13 %tmp_s" [Crypto1.cpp:230]   --->   Operation 53 'zext' 'zext_ln230_2' <Predicate = (!icmp_ln220)> <Delay = 0.00>
ST_2 : Operation 54 [1/1] (0.00ns)   --->   "%DataRAM_addr = getelementptr i32 %DataRAM, i64 0, i64 %zext_ln230_2" [Crypto1.cpp:230]   --->   Operation 54 'getelementptr' 'DataRAM_addr' <Predicate = (!icmp_ln220)> <Delay = 0.00>
ST_2 : Operation 55 [1/1] (0.00ns)   --->   "%tmp_57 = bitconcatenate i13 @_ssdm_op_BitConcatenate.i13.i10.i3, i10 %add_ln231_4, i3 %empty" [Crypto1.cpp:231]   --->   Operation 55 'bitconcatenate' 'tmp_57' <Predicate = (!icmp_ln220)> <Delay = 0.00>
ST_2 : Operation 56 [1/1] (0.00ns)   --->   "%zext_ln231_2 = zext i13 %tmp_57" [Crypto1.cpp:231]   --->   Operation 56 'zext' 'zext_ln231_2' <Predicate = (!icmp_ln220)> <Delay = 0.00>
ST_2 : Operation 57 [1/1] (0.00ns)   --->   "%DataRAM_addr_8 = getelementptr i32 %DataRAM, i64 0, i64 %zext_ln231_2" [Crypto1.cpp:231]   --->   Operation 57 'getelementptr' 'DataRAM_addr_8' <Predicate = (!icmp_ln220)> <Delay = 0.00>
ST_2 : Operation 58 [1/1] (0.00ns)   --->   "%DataRAM_1_addr = getelementptr i32 %DataRAM_1, i64 0, i64 %zext_ln230_2" [Crypto1.cpp:230]   --->   Operation 58 'getelementptr' 'DataRAM_1_addr' <Predicate = (!icmp_ln220)> <Delay = 0.00>
ST_2 : Operation 59 [1/1] (0.00ns)   --->   "%DataRAM_1_addr_8 = getelementptr i32 %DataRAM_1, i64 0, i64 %zext_ln231_2" [Crypto1.cpp:231]   --->   Operation 59 'getelementptr' 'DataRAM_1_addr_8' <Predicate = (!icmp_ln220)> <Delay = 0.00>
ST_2 : Operation 60 [1/1] (0.00ns)   --->   "%DataRAM_2_addr = getelementptr i32 %DataRAM_2, i64 0, i64 %zext_ln230_2" [Crypto1.cpp:230]   --->   Operation 60 'getelementptr' 'DataRAM_2_addr' <Predicate = (!icmp_ln220)> <Delay = 0.00>
ST_2 : Operation 61 [1/1] (0.00ns)   --->   "%DataRAM_2_addr_8 = getelementptr i32 %DataRAM_2, i64 0, i64 %zext_ln231_2" [Crypto1.cpp:231]   --->   Operation 61 'getelementptr' 'DataRAM_2_addr_8' <Predicate = (!icmp_ln220)> <Delay = 0.00>
ST_2 : Operation 62 [1/1] (0.00ns)   --->   "%DataRAM_3_addr = getelementptr i32 %DataRAM_3, i64 0, i64 %zext_ln230_2" [Crypto1.cpp:230]   --->   Operation 62 'getelementptr' 'DataRAM_3_addr' <Predicate = (!icmp_ln220)> <Delay = 0.00>
ST_2 : Operation 63 [1/1] (0.00ns)   --->   "%DataRAM_3_addr_8 = getelementptr i32 %DataRAM_3, i64 0, i64 %zext_ln231_2" [Crypto1.cpp:231]   --->   Operation 63 'getelementptr' 'DataRAM_3_addr_8' <Predicate = (!icmp_ln220)> <Delay = 0.00>
ST_2 : Operation 64 [1/1] (0.00ns)   --->   "%DataRAM_4_addr = getelementptr i32 %DataRAM_4, i64 0, i64 %zext_ln230_2" [Crypto1.cpp:230]   --->   Operation 64 'getelementptr' 'DataRAM_4_addr' <Predicate = (!icmp_ln220)> <Delay = 0.00>
ST_2 : Operation 65 [1/1] (0.00ns)   --->   "%DataRAM_4_addr_8 = getelementptr i32 %DataRAM_4, i64 0, i64 %zext_ln231_2" [Crypto1.cpp:231]   --->   Operation 65 'getelementptr' 'DataRAM_4_addr_8' <Predicate = (!icmp_ln220)> <Delay = 0.00>
ST_2 : Operation 66 [1/1] (0.00ns)   --->   "%DataRAM_5_addr = getelementptr i32 %DataRAM_5, i64 0, i64 %zext_ln230_2" [Crypto1.cpp:230]   --->   Operation 66 'getelementptr' 'DataRAM_5_addr' <Predicate = (!icmp_ln220)> <Delay = 0.00>
ST_2 : Operation 67 [1/1] (0.00ns)   --->   "%DataRAM_5_addr_8 = getelementptr i32 %DataRAM_5, i64 0, i64 %zext_ln231_2" [Crypto1.cpp:231]   --->   Operation 67 'getelementptr' 'DataRAM_5_addr_8' <Predicate = (!icmp_ln220)> <Delay = 0.00>
ST_2 : Operation 68 [1/1] (0.00ns)   --->   "%DataRAM_6_addr = getelementptr i32 %DataRAM_6, i64 0, i64 %zext_ln230_2" [Crypto1.cpp:230]   --->   Operation 68 'getelementptr' 'DataRAM_6_addr' <Predicate = (!icmp_ln220)> <Delay = 0.00>
ST_2 : Operation 69 [1/1] (0.00ns)   --->   "%DataRAM_6_addr_8 = getelementptr i32 %DataRAM_6, i64 0, i64 %zext_ln231_2" [Crypto1.cpp:231]   --->   Operation 69 'getelementptr' 'DataRAM_6_addr_8' <Predicate = (!icmp_ln220)> <Delay = 0.00>
ST_2 : Operation 70 [1/1] (0.00ns)   --->   "%DataRAM_7_addr = getelementptr i32 %DataRAM_7, i64 0, i64 %zext_ln230_2" [Crypto1.cpp:230]   --->   Operation 70 'getelementptr' 'DataRAM_7_addr' <Predicate = (!icmp_ln220)> <Delay = 0.00>
ST_2 : Operation 71 [1/1] (0.00ns)   --->   "%DataRAM_7_addr_8 = getelementptr i32 %DataRAM_7, i64 0, i64 %zext_ln231_2" [Crypto1.cpp:231]   --->   Operation 71 'getelementptr' 'DataRAM_7_addr_8' <Predicate = (!icmp_ln220)> <Delay = 0.00>
ST_2 : Operation 72 [1/1] (0.00ns)   --->   "%trunc_ln226_1 = partselect i3 @_ssdm_op_PartSelect.i3.i7.i32.i32, i7 %select_ln220, i32 3, i32 5" [Crypto1.cpp:226]   --->   Operation 72 'partselect' 'trunc_ln226_1' <Predicate = (!icmp_ln220)> <Delay = 0.00>
ST_2 : Operation 73 [2/2] (3.25ns)   --->   "%DataRAM_load = load i13 %DataRAM_addr" [Crypto1.cpp:230]   --->   Operation 73 'load' 'DataRAM_load' <Predicate = (!icmp_ln220)> <Delay = 3.25> <CoreInst = "RAM">   --->   Core 82 'RAM' <Latency = 1> <II = 1> <Delay = 3.25> <Storage> <Opcode : 'load' 'store'> <Ports = 2> <Width = 32> <Depth = 6144> <RAM>
ST_2 : Operation 74 [2/2] (3.25ns)   --->   "%DataRAM_1_load = load i13 %DataRAM_1_addr" [Crypto1.cpp:230]   --->   Operation 74 'load' 'DataRAM_1_load' <Predicate = (!icmp_ln220)> <Delay = 3.25> <CoreInst = "RAM">   --->   Core 82 'RAM' <Latency = 1> <II = 1> <Delay = 3.25> <Storage> <Opcode : 'load' 'store'> <Ports = 2> <Width = 32> <Depth = 6144> <RAM>
ST_2 : Operation 75 [2/2] (3.25ns)   --->   "%DataRAM_2_load = load i13 %DataRAM_2_addr" [Crypto1.cpp:230]   --->   Operation 75 'load' 'DataRAM_2_load' <Predicate = (!icmp_ln220)> <Delay = 3.25> <CoreInst = "RAM">   --->   Core 82 'RAM' <Latency = 1> <II = 1> <Delay = 3.25> <Storage> <Opcode : 'load' 'store'> <Ports = 2> <Width = 32> <Depth = 6144> <RAM>
ST_2 : Operation 76 [2/2] (3.25ns)   --->   "%DataRAM_3_load = load i13 %DataRAM_3_addr" [Crypto1.cpp:230]   --->   Operation 76 'load' 'DataRAM_3_load' <Predicate = (!icmp_ln220)> <Delay = 3.25> <CoreInst = "RAM">   --->   Core 82 'RAM' <Latency = 1> <II = 1> <Delay = 3.25> <Storage> <Opcode : 'load' 'store'> <Ports = 2> <Width = 32> <Depth = 6144> <RAM>
ST_2 : Operation 77 [2/2] (3.25ns)   --->   "%DataRAM_4_load = load i13 %DataRAM_4_addr" [Crypto1.cpp:230]   --->   Operation 77 'load' 'DataRAM_4_load' <Predicate = (!icmp_ln220)> <Delay = 3.25> <CoreInst = "RAM">   --->   Core 82 'RAM' <Latency = 1> <II = 1> <Delay = 3.25> <Storage> <Opcode : 'load' 'store'> <Ports = 2> <Width = 32> <Depth = 6144> <RAM>
ST_2 : Operation 78 [2/2] (3.25ns)   --->   "%DataRAM_5_load = load i13 %DataRAM_5_addr" [Crypto1.cpp:230]   --->   Operation 78 'load' 'DataRAM_5_load' <Predicate = (!icmp_ln220)> <Delay = 3.25> <CoreInst = "RAM">   --->   Core 82 'RAM' <Latency = 1> <II = 1> <Delay = 3.25> <Storage> <Opcode : 'load' 'store'> <Ports = 2> <Width = 32> <Depth = 6144> <RAM>
ST_2 : Operation 79 [2/2] (3.25ns)   --->   "%DataRAM_6_load = load i13 %DataRAM_6_addr" [Crypto1.cpp:230]   --->   Operation 79 'load' 'DataRAM_6_load' <Predicate = (!icmp_ln220)> <Delay = 3.25> <CoreInst = "RAM">   --->   Core 82 'RAM' <Latency = 1> <II = 1> <Delay = 3.25> <Storage> <Opcode : 'load' 'store'> <Ports = 2> <Width = 32> <Depth = 6144> <RAM>
ST_2 : Operation 80 [2/2] (3.25ns)   --->   "%DataRAM_7_load = load i13 %DataRAM_7_addr" [Crypto1.cpp:230]   --->   Operation 80 'load' 'DataRAM_7_load' <Predicate = (!icmp_ln220)> <Delay = 3.25> <CoreInst = "RAM">   --->   Core 82 'RAM' <Latency = 1> <II = 1> <Delay = 3.25> <Storage> <Opcode : 'load' 'store'> <Ports = 2> <Width = 32> <Depth = 6144> <RAM>
ST_2 : Operation 81 [2/2] (3.25ns)   --->   "%DataRAM_load_2 = load i13 %DataRAM_addr_8" [Crypto1.cpp:231]   --->   Operation 81 'load' 'DataRAM_load_2' <Predicate = (!icmp_ln220)> <Delay = 3.25> <CoreInst = "RAM">   --->   Core 82 'RAM' <Latency = 1> <II = 1> <Delay = 3.25> <Storage> <Opcode : 'load' 'store'> <Ports = 2> <Width = 32> <Depth = 6144> <RAM>
ST_2 : Operation 82 [2/2] (3.25ns)   --->   "%DataRAM_1_load_2 = load i13 %DataRAM_1_addr_8" [Crypto1.cpp:231]   --->   Operation 82 'load' 'DataRAM_1_load_2' <Predicate = (!icmp_ln220)> <Delay = 3.25> <CoreInst = "RAM">   --->   Core 82 'RAM' <Latency = 1> <II = 1> <Delay = 3.25> <Storage> <Opcode : 'load' 'store'> <Ports = 2> <Width = 32> <Depth = 6144> <RAM>
ST_2 : Operation 83 [2/2] (3.25ns)   --->   "%DataRAM_2_load_2 = load i13 %DataRAM_2_addr_8" [Crypto1.cpp:231]   --->   Operation 83 'load' 'DataRAM_2_load_2' <Predicate = (!icmp_ln220)> <Delay = 3.25> <CoreInst = "RAM">   --->   Core 82 'RAM' <Latency = 1> <II = 1> <Delay = 3.25> <Storage> <Opcode : 'load' 'store'> <Ports = 2> <Width = 32> <Depth = 6144> <RAM>
ST_2 : Operation 84 [2/2] (3.25ns)   --->   "%DataRAM_3_load_2 = load i13 %DataRAM_3_addr_8" [Crypto1.cpp:231]   --->   Operation 84 'load' 'DataRAM_3_load_2' <Predicate = (!icmp_ln220)> <Delay = 3.25> <CoreInst = "RAM">   --->   Core 82 'RAM' <Latency = 1> <II = 1> <Delay = 3.25> <Storage> <Opcode : 'load' 'store'> <Ports = 2> <Width = 32> <Depth = 6144> <RAM>
ST_2 : Operation 85 [2/2] (3.25ns)   --->   "%DataRAM_4_load_2 = load i13 %DataRAM_4_addr_8" [Crypto1.cpp:231]   --->   Operation 85 'load' 'DataRAM_4_load_2' <Predicate = (!icmp_ln220)> <Delay = 3.25> <CoreInst = "RAM">   --->   Core 82 'RAM' <Latency = 1> <II = 1> <Delay = 3.25> <Storage> <Opcode : 'load' 'store'> <Ports = 2> <Width = 32> <Depth = 6144> <RAM>
ST_2 : Operation 86 [2/2] (3.25ns)   --->   "%DataRAM_5_load_2 = load i13 %DataRAM_5_addr_8" [Crypto1.cpp:231]   --->   Operation 86 'load' 'DataRAM_5_load_2' <Predicate = (!icmp_ln220)> <Delay = 3.25> <CoreInst = "RAM">   --->   Core 82 'RAM' <Latency = 1> <II = 1> <Delay = 3.25> <Storage> <Opcode : 'load' 'store'> <Ports = 2> <Width = 32> <Depth = 6144> <RAM>
ST_2 : Operation 87 [2/2] (3.25ns)   --->   "%DataRAM_6_load_2 = load i13 %DataRAM_6_addr_8" [Crypto1.cpp:231]   --->   Operation 87 'load' 'DataRAM_6_load_2' <Predicate = (!icmp_ln220)> <Delay = 3.25> <CoreInst = "RAM">   --->   Core 82 'RAM' <Latency = 1> <II = 1> <Delay = 3.25> <Storage> <Opcode : 'load' 'store'> <Ports = 2> <Width = 32> <Depth = 6144> <RAM>
ST_2 : Operation 88 [2/2] (3.25ns)   --->   "%DataRAM_7_load_2 = load i13 %DataRAM_7_addr_8" [Crypto1.cpp:231]   --->   Operation 88 'load' 'DataRAM_7_load_2' <Predicate = (!icmp_ln220)> <Delay = 3.25> <CoreInst = "RAM">   --->   Core 82 'RAM' <Latency = 1> <II = 1> <Delay = 3.25> <Storage> <Opcode : 'load' 'store'> <Ports = 2> <Width = 32> <Depth = 6144> <RAM>
ST_2 : Operation 89 [1/1] (1.87ns)   --->   "%switch_ln241 = switch i3 %trunc_ln226_1, void %arrayidx35147.1.case.7, i3 0, void %arrayidx35147.1.case.0, i3 1, void %arrayidx35147.1.case.1, i3 2, void %arrayidx35147.1.case.2, i3 3, void %arrayidx35147.1.case.3, i3 4, void %arrayidx35147.1.case.4, i3 5, void %arrayidx35147.1.case.5, i3 6, void %arrayidx35147.1.case.6" [Crypto1.cpp:241]   --->   Operation 89 'switch' 'switch_ln241' <Predicate = (!icmp_ln220)> <Delay = 1.87>
ST_2 : Operation 90 [1/1] (0.00ns)   --->   "%br_ln241 = br void %arrayidx35147.1.exit" [Crypto1.cpp:241]   --->   Operation 90 'br' 'br_ln241' <Predicate = (!icmp_ln220 & trunc_ln226_1 == 6)> <Delay = 0.00>
ST_2 : Operation 91 [1/1] (0.00ns)   --->   "%br_ln241 = br void %arrayidx35147.1.exit" [Crypto1.cpp:241]   --->   Operation 91 'br' 'br_ln241' <Predicate = (!icmp_ln220 & trunc_ln226_1 == 5)> <Delay = 0.00>
ST_2 : Operation 92 [1/1] (0.00ns)   --->   "%br_ln241 = br void %arrayidx35147.1.exit" [Crypto1.cpp:241]   --->   Operation 92 'br' 'br_ln241' <Predicate = (!icmp_ln220 & trunc_ln226_1 == 4)> <Delay = 0.00>
ST_2 : Operation 93 [1/1] (0.00ns)   --->   "%br_ln241 = br void %arrayidx35147.1.exit" [Crypto1.cpp:241]   --->   Operation 93 'br' 'br_ln241' <Predicate = (!icmp_ln220 & trunc_ln226_1 == 3)> <Delay = 0.00>
ST_2 : Operation 94 [1/1] (0.00ns)   --->   "%br_ln241 = br void %arrayidx35147.1.exit" [Crypto1.cpp:241]   --->   Operation 94 'br' 'br_ln241' <Predicate = (!icmp_ln220 & trunc_ln226_1 == 2)> <Delay = 0.00>
ST_2 : Operation 95 [1/1] (0.00ns)   --->   "%br_ln241 = br void %arrayidx35147.1.exit" [Crypto1.cpp:241]   --->   Operation 95 'br' 'br_ln241' <Predicate = (!icmp_ln220 & trunc_ln226_1 == 1)> <Delay = 0.00>
ST_2 : Operation 96 [1/1] (0.00ns)   --->   "%br_ln241 = br void %arrayidx35147.1.exit" [Crypto1.cpp:241]   --->   Operation 96 'br' 'br_ln241' <Predicate = (!icmp_ln220 & trunc_ln226_1 == 0)> <Delay = 0.00>
ST_2 : Operation 97 [1/1] (0.00ns)   --->   "%br_ln241 = br void %arrayidx35147.1.exit" [Crypto1.cpp:241]   --->   Operation 97 'br' 'br_ln241' <Predicate = (!icmp_ln220 & trunc_ln226_1 == 7)> <Delay = 0.00>

State 3 <SV = 2> <Delay = 5.55>
ST_3 : Operation 98 [1/2] (3.25ns)   --->   "%DataRAM_load = load i13 %DataRAM_addr" [Crypto1.cpp:230]   --->   Operation 98 'load' 'DataRAM_load' <Predicate = (!icmp_ln220)> <Delay = 3.25> <CoreInst = "RAM">   --->   Core 82 'RAM' <Latency = 1> <II = 1> <Delay = 3.25> <Storage> <Opcode : 'load' 'store'> <Ports = 2> <Width = 32> <Depth = 6144> <RAM>
ST_3 : Operation 99 [1/2] (3.25ns)   --->   "%DataRAM_1_load = load i13 %DataRAM_1_addr" [Crypto1.cpp:230]   --->   Operation 99 'load' 'DataRAM_1_load' <Predicate = (!icmp_ln220)> <Delay = 3.25> <CoreInst = "RAM">   --->   Core 82 'RAM' <Latency = 1> <II = 1> <Delay = 3.25> <Storage> <Opcode : 'load' 'store'> <Ports = 2> <Width = 32> <Depth = 6144> <RAM>
ST_3 : Operation 100 [1/2] (3.25ns)   --->   "%DataRAM_2_load = load i13 %DataRAM_2_addr" [Crypto1.cpp:230]   --->   Operation 100 'load' 'DataRAM_2_load' <Predicate = (!icmp_ln220)> <Delay = 3.25> <CoreInst = "RAM">   --->   Core 82 'RAM' <Latency = 1> <II = 1> <Delay = 3.25> <Storage> <Opcode : 'load' 'store'> <Ports = 2> <Width = 32> <Depth = 6144> <RAM>
ST_3 : Operation 101 [1/2] (3.25ns)   --->   "%DataRAM_3_load = load i13 %DataRAM_3_addr" [Crypto1.cpp:230]   --->   Operation 101 'load' 'DataRAM_3_load' <Predicate = (!icmp_ln220)> <Delay = 3.25> <CoreInst = "RAM">   --->   Core 82 'RAM' <Latency = 1> <II = 1> <Delay = 3.25> <Storage> <Opcode : 'load' 'store'> <Ports = 2> <Width = 32> <Depth = 6144> <RAM>
ST_3 : Operation 102 [1/2] (3.25ns)   --->   "%DataRAM_4_load = load i13 %DataRAM_4_addr" [Crypto1.cpp:230]   --->   Operation 102 'load' 'DataRAM_4_load' <Predicate = (!icmp_ln220)> <Delay = 3.25> <CoreInst = "RAM">   --->   Core 82 'RAM' <Latency = 1> <II = 1> <Delay = 3.25> <Storage> <Opcode : 'load' 'store'> <Ports = 2> <Width = 32> <Depth = 6144> <RAM>
ST_3 : Operation 103 [1/2] (3.25ns)   --->   "%DataRAM_5_load = load i13 %DataRAM_5_addr" [Crypto1.cpp:230]   --->   Operation 103 'load' 'DataRAM_5_load' <Predicate = (!icmp_ln220)> <Delay = 3.25> <CoreInst = "RAM">   --->   Core 82 'RAM' <Latency = 1> <II = 1> <Delay = 3.25> <Storage> <Opcode : 'load' 'store'> <Ports = 2> <Width = 32> <Depth = 6144> <RAM>
ST_3 : Operation 104 [1/2] (3.25ns)   --->   "%DataRAM_6_load = load i13 %DataRAM_6_addr" [Crypto1.cpp:230]   --->   Operation 104 'load' 'DataRAM_6_load' <Predicate = (!icmp_ln220)> <Delay = 3.25> <CoreInst = "RAM">   --->   Core 82 'RAM' <Latency = 1> <II = 1> <Delay = 3.25> <Storage> <Opcode : 'load' 'store'> <Ports = 2> <Width = 32> <Depth = 6144> <RAM>
ST_3 : Operation 105 [1/2] (3.25ns)   --->   "%DataRAM_7_load = load i13 %DataRAM_7_addr" [Crypto1.cpp:230]   --->   Operation 105 'load' 'DataRAM_7_load' <Predicate = (!icmp_ln220)> <Delay = 3.25> <CoreInst = "RAM">   --->   Core 82 'RAM' <Latency = 1> <II = 1> <Delay = 3.25> <Storage> <Opcode : 'load' 'store'> <Ports = 2> <Width = 32> <Depth = 6144> <RAM>
ST_3 : Operation 106 [1/1] (2.30ns)   --->   "%SubInput1 = mux i32 @_ssdm_op_Mux.ap_auto.8i32.i3, i32 %DataRAM_load, i32 %DataRAM_1_load, i32 %DataRAM_2_load, i32 %DataRAM_3_load, i32 %DataRAM_4_load, i32 %DataRAM_5_load, i32 %DataRAM_6_load, i32 %DataRAM_7_load, i3 %trunc_ln226_1" [Crypto1.cpp:230]   --->   Operation 106 'mux' 'SubInput1' <Predicate = (!icmp_ln220)> <Delay = 2.30> <CoreInst = "Multiplexer">   --->   Core 76 'Multiplexer' <Latency = 0> <II = 1> <Delay = 2.30> <FuncUnit> <Opcode : 'mux'> <InPorts = 2> <OutPorts = 1>
ST_3 : Operation 107 [1/2] (3.25ns)   --->   "%DataRAM_load_2 = load i13 %DataRAM_addr_8" [Crypto1.cpp:231]   --->   Operation 107 'load' 'DataRAM_load_2' <Predicate = (!icmp_ln220)> <Delay = 3.25> <CoreInst = "RAM">   --->   Core 82 'RAM' <Latency = 1> <II = 1> <Delay = 3.25> <Storage> <Opcode : 'load' 'store'> <Ports = 2> <Width = 32> <Depth = 6144> <RAM>
ST_3 : Operation 108 [1/2] (3.25ns)   --->   "%DataRAM_1_load_2 = load i13 %DataRAM_1_addr_8" [Crypto1.cpp:231]   --->   Operation 108 'load' 'DataRAM_1_load_2' <Predicate = (!icmp_ln220)> <Delay = 3.25> <CoreInst = "RAM">   --->   Core 82 'RAM' <Latency = 1> <II = 1> <Delay = 3.25> <Storage> <Opcode : 'load' 'store'> <Ports = 2> <Width = 32> <Depth = 6144> <RAM>
ST_3 : Operation 109 [1/2] (3.25ns)   --->   "%DataRAM_2_load_2 = load i13 %DataRAM_2_addr_8" [Crypto1.cpp:231]   --->   Operation 109 'load' 'DataRAM_2_load_2' <Predicate = (!icmp_ln220)> <Delay = 3.25> <CoreInst = "RAM">   --->   Core 82 'RAM' <Latency = 1> <II = 1> <Delay = 3.25> <Storage> <Opcode : 'load' 'store'> <Ports = 2> <Width = 32> <Depth = 6144> <RAM>
ST_3 : Operation 110 [1/2] (3.25ns)   --->   "%DataRAM_3_load_2 = load i13 %DataRAM_3_addr_8" [Crypto1.cpp:231]   --->   Operation 110 'load' 'DataRAM_3_load_2' <Predicate = (!icmp_ln220)> <Delay = 3.25> <CoreInst = "RAM">   --->   Core 82 'RAM' <Latency = 1> <II = 1> <Delay = 3.25> <Storage> <Opcode : 'load' 'store'> <Ports = 2> <Width = 32> <Depth = 6144> <RAM>
ST_3 : Operation 111 [1/2] (3.25ns)   --->   "%DataRAM_4_load_2 = load i13 %DataRAM_4_addr_8" [Crypto1.cpp:231]   --->   Operation 111 'load' 'DataRAM_4_load_2' <Predicate = (!icmp_ln220)> <Delay = 3.25> <CoreInst = "RAM">   --->   Core 82 'RAM' <Latency = 1> <II = 1> <Delay = 3.25> <Storage> <Opcode : 'load' 'store'> <Ports = 2> <Width = 32> <Depth = 6144> <RAM>
ST_3 : Operation 112 [1/2] (3.25ns)   --->   "%DataRAM_5_load_2 = load i13 %DataRAM_5_addr_8" [Crypto1.cpp:231]   --->   Operation 112 'load' 'DataRAM_5_load_2' <Predicate = (!icmp_ln220)> <Delay = 3.25> <CoreInst = "RAM">   --->   Core 82 'RAM' <Latency = 1> <II = 1> <Delay = 3.25> <Storage> <Opcode : 'load' 'store'> <Ports = 2> <Width = 32> <Depth = 6144> <RAM>
ST_3 : Operation 113 [1/2] (3.25ns)   --->   "%DataRAM_6_load_2 = load i13 %DataRAM_6_addr_8" [Crypto1.cpp:231]   --->   Operation 113 'load' 'DataRAM_6_load_2' <Predicate = (!icmp_ln220)> <Delay = 3.25> <CoreInst = "RAM">   --->   Core 82 'RAM' <Latency = 1> <II = 1> <Delay = 3.25> <Storage> <Opcode : 'load' 'store'> <Ports = 2> <Width = 32> <Depth = 6144> <RAM>
ST_3 : Operation 114 [1/2] (3.25ns)   --->   "%DataRAM_7_load_2 = load i13 %DataRAM_7_addr_8" [Crypto1.cpp:231]   --->   Operation 114 'load' 'DataRAM_7_load_2' <Predicate = (!icmp_ln220)> <Delay = 3.25> <CoreInst = "RAM">   --->   Core 82 'RAM' <Latency = 1> <II = 1> <Delay = 3.25> <Storage> <Opcode : 'load' 'store'> <Ports = 2> <Width = 32> <Depth = 6144> <RAM>
ST_3 : Operation 115 [1/1] (2.30ns)   --->   "%SubInput2 = mux i32 @_ssdm_op_Mux.ap_auto.8i32.i3, i32 %DataRAM_load_2, i32 %DataRAM_1_load_2, i32 %DataRAM_2_load_2, i32 %DataRAM_3_load_2, i32 %DataRAM_4_load_2, i32 %DataRAM_5_load_2, i32 %DataRAM_6_load_2, i32 %DataRAM_7_load_2, i3 %trunc_ln226_1" [Crypto1.cpp:231]   --->   Operation 115 'mux' 'SubInput2' <Predicate = (!icmp_ln220)> <Delay = 2.30> <CoreInst = "Multiplexer">   --->   Core 76 'Multiplexer' <Latency = 0> <II = 1> <Delay = 2.30> <FuncUnit> <Opcode : 'mux'> <InPorts = 2> <OutPorts = 1>
ST_3 : Operation 116 [1/1] (1.87ns)   --->   "%add_ln226 = add i7 %select_ln220, i7 1" [Crypto1.cpp:226]   --->   Operation 116 'add' 'add_ln226' <Predicate = (!icmp_ln220)> <Delay = 1.87> <CoreInst = "Adder">   --->   Core 1 'Adder' <Latency = 0> <II = 1> <Delay = 1.87> <FuncUnit> <Opcode : 'add' 'sub'> <InPorts = 2> <OutPorts = 1>
ST_3 : Operation 117 [1/1] (1.58ns)   --->   "%store_ln226 = store i13 %add_ln220, i13 %indvar_flatten97" [Crypto1.cpp:226]   --->   Operation 117 'store' 'store_ln226' <Predicate = (!icmp_ln220)> <Delay = 1.58>
ST_3 : Operation 118 [1/1] (1.58ns)   --->   "%store_ln226 = store i7 %select_ln220_2, i7 %j" [Crypto1.cpp:226]   --->   Operation 118 'store' 'store_ln226' <Predicate = (!icmp_ln220)> <Delay = 1.58>
ST_3 : Operation 119 [1/1] (1.58ns)   --->   "%store_ln226 = store i7 %add_ln226, i7 %k" [Crypto1.cpp:226]   --->   Operation 119 'store' 'store_ln226' <Predicate = (!icmp_ln220)> <Delay = 1.58>
ST_3 : Operation 120 [1/1] (0.00ns)   --->   "%br_ln226 = br void %POLY_SUB_PE_LOOP_READ.1" [Crypto1.cpp:226]   --->   Operation 120 'br' 'br_ln226' <Predicate = (!icmp_ln220)> <Delay = 0.00>

State 4 <SV = 3> <Delay = 4.98>
ST_4 : Operation 121 [19/19] (4.98ns)   --->   "%SubRes = call i32 @Configurable_PE, i32 %SubInput1, i32 %SubInput2, i2 1, i2 1" [Crypto1.cpp:236]   --->   Operation 121 'call' 'SubRes' <Predicate = (!icmp_ln220)> <Delay = 4.98> <CoreType = "Generic">   --->   Core 0 '' <Latency = 0> <II = 1> <Delay = 1.00> <Generic> <Opcode : >

State 5 <SV = 4> <Delay = 5.80>
ST_5 : Operation 122 [18/19] (5.80ns)   --->   "%SubRes = call i32 @Configurable_PE, i32 %SubInput1, i32 %SubInput2, i2 1, i2 1" [Crypto1.cpp:236]   --->   Operation 122 'call' 'SubRes' <Predicate = true> <Delay = 5.80> <CoreType = "Generic">   --->   Core 0 '' <Latency = 0> <II = 1> <Delay = 1.00> <Generic> <Opcode : >

State 6 <SV = 5> <Delay = 5.80>
ST_6 : Operation 123 [17/19] (5.80ns)   --->   "%SubRes = call i32 @Configurable_PE, i32 %SubInput1, i32 %SubInput2, i2 1, i2 1" [Crypto1.cpp:236]   --->   Operation 123 'call' 'SubRes' <Predicate = true> <Delay = 5.80> <CoreType = "Generic">   --->   Core 0 '' <Latency = 0> <II = 1> <Delay = 1.00> <Generic> <Opcode : >

State 7 <SV = 6> <Delay = 5.80>
ST_7 : Operation 124 [16/19] (5.80ns)   --->   "%SubRes = call i32 @Configurable_PE, i32 %SubInput1, i32 %SubInput2, i2 1, i2 1" [Crypto1.cpp:236]   --->   Operation 124 'call' 'SubRes' <Predicate = (!icmp_ln220)> <Delay = 5.80> <CoreType = "Generic">   --->   Core 0 '' <Latency = 0> <II = 1> <Delay = 1.00> <Generic> <Opcode : >

State 8 <SV = 7> <Delay = 5.80>
ST_8 : Operation 125 [15/19] (5.80ns)   --->   "%SubRes = call i32 @Configurable_PE, i32 %SubInput1, i32 %SubInput2, i2 1, i2 1" [Crypto1.cpp:236]   --->   Operation 125 'call' 'SubRes' <Predicate = true> <Delay = 5.80> <CoreType = "Generic">   --->   Core 0 '' <Latency = 0> <II = 1> <Delay = 1.00> <Generic> <Opcode : >

State 9 <SV = 8> <Delay = 5.80>
ST_9 : Operation 126 [14/19] (5.80ns)   --->   "%SubRes = call i32 @Configurable_PE, i32 %SubInput1, i32 %SubInput2, i2 1, i2 1" [Crypto1.cpp:236]   --->   Operation 126 'call' 'SubRes' <Predicate = true> <Delay = 5.80> <CoreType = "Generic">   --->   Core 0 '' <Latency = 0> <II = 1> <Delay = 1.00> <Generic> <Opcode : >

State 10 <SV = 9> <Delay = 5.80>
ST_10 : Operation 127 [13/19] (5.80ns)   --->   "%SubRes = call i32 @Configurable_PE, i32 %SubInput1, i32 %SubInput2, i2 1, i2 1" [Crypto1.cpp:236]   --->   Operation 127 'call' 'SubRes' <Predicate = (!icmp_ln220)> <Delay = 5.80> <CoreType = "Generic">   --->   Core 0 '' <Latency = 0> <II = 1> <Delay = 1.00> <Generic> <Opcode : >

State 11 <SV = 10> <Delay = 5.80>
ST_11 : Operation 128 [12/19] (5.80ns)   --->   "%SubRes = call i32 @Configurable_PE, i32 %SubInput1, i32 %SubInput2, i2 1, i2 1" [Crypto1.cpp:236]   --->   Operation 128 'call' 'SubRes' <Predicate = true> <Delay = 5.80> <CoreType = "Generic">   --->   Core 0 '' <Latency = 0> <II = 1> <Delay = 1.00> <Generic> <Opcode : >

State 12 <SV = 11> <Delay = 5.80>
ST_12 : Operation 129 [11/19] (5.80ns)   --->   "%SubRes = call i32 @Configurable_PE, i32 %SubInput1, i32 %SubInput2, i2 1, i2 1" [Crypto1.cpp:236]   --->   Operation 129 'call' 'SubRes' <Predicate = true> <Delay = 5.80> <CoreType = "Generic">   --->   Core 0 '' <Latency = 0> <II = 1> <Delay = 1.00> <Generic> <Opcode : >

State 13 <SV = 12> <Delay = 5.80>
ST_13 : Operation 130 [10/19] (5.80ns)   --->   "%SubRes = call i32 @Configurable_PE, i32 %SubInput1, i32 %SubInput2, i2 1, i2 1" [Crypto1.cpp:236]   --->   Operation 130 'call' 'SubRes' <Predicate = (!icmp_ln220)> <Delay = 5.80> <CoreType = "Generic">   --->   Core 0 '' <Latency = 0> <II = 1> <Delay = 1.00> <Generic> <Opcode : >

State 14 <SV = 13> <Delay = 5.80>
ST_14 : Operation 131 [9/19] (5.80ns)   --->   "%SubRes = call i32 @Configurable_PE, i32 %SubInput1, i32 %SubInput2, i2 1, i2 1" [Crypto1.cpp:236]   --->   Operation 131 'call' 'SubRes' <Predicate = true> <Delay = 5.80> <CoreType = "Generic">   --->   Core 0 '' <Latency = 0> <II = 1> <Delay = 1.00> <Generic> <Opcode : >

State 15 <SV = 14> <Delay = 5.80>
ST_15 : Operation 132 [8/19] (5.80ns)   --->   "%SubRes = call i32 @Configurable_PE, i32 %SubInput1, i32 %SubInput2, i2 1, i2 1" [Crypto1.cpp:236]   --->   Operation 132 'call' 'SubRes' <Predicate = true> <Delay = 5.80> <CoreType = "Generic">   --->   Core 0 '' <Latency = 0> <II = 1> <Delay = 1.00> <Generic> <Opcode : >

State 16 <SV = 15> <Delay = 5.80>
ST_16 : Operation 133 [7/19] (5.80ns)   --->   "%SubRes = call i32 @Configurable_PE, i32 %SubInput1, i32 %SubInput2, i2 1, i2 1" [Crypto1.cpp:236]   --->   Operation 133 'call' 'SubRes' <Predicate = (!icmp_ln220)> <Delay = 5.80> <CoreType = "Generic">   --->   Core 0 '' <Latency = 0> <II = 1> <Delay = 1.00> <Generic> <Opcode : >

State 17 <SV = 16> <Delay = 5.80>
ST_17 : Operation 134 [6/19] (5.80ns)   --->   "%SubRes = call i32 @Configurable_PE, i32 %SubInput1, i32 %SubInput2, i2 1, i2 1" [Crypto1.cpp:236]   --->   Operation 134 'call' 'SubRes' <Predicate = true> <Delay = 5.80> <CoreType = "Generic">   --->   Core 0 '' <Latency = 0> <II = 1> <Delay = 1.00> <Generic> <Opcode : >

State 18 <SV = 17> <Delay = 5.80>
ST_18 : Operation 135 [5/19] (5.80ns)   --->   "%SubRes = call i32 @Configurable_PE, i32 %SubInput1, i32 %SubInput2, i2 1, i2 1" [Crypto1.cpp:236]   --->   Operation 135 'call' 'SubRes' <Predicate = true> <Delay = 5.80> <CoreType = "Generic">   --->   Core 0 '' <Latency = 0> <II = 1> <Delay = 1.00> <Generic> <Opcode : >

State 19 <SV = 18> <Delay = 5.80>
ST_19 : Operation 136 [4/19] (5.80ns)   --->   "%SubRes = call i32 @Configurable_PE, i32 %SubInput1, i32 %SubInput2, i2 1, i2 1" [Crypto1.cpp:236]   --->   Operation 136 'call' 'SubRes' <Predicate = (!icmp_ln220)> <Delay = 5.80> <CoreType = "Generic">   --->   Core 0 '' <Latency = 0> <II = 1> <Delay = 1.00> <Generic> <Opcode : >
ST_19 : Operation 152 [1/1] (0.00ns)   --->   "%ret_ln0 = ret"   --->   Operation 152 'ret' 'ret_ln0' <Predicate = (icmp_ln220)> <Delay = 0.00>

State 20 <SV = 19> <Delay = 5.80>
ST_20 : Operation 137 [3/19] (5.80ns)   --->   "%SubRes = call i32 @Configurable_PE, i32 %SubInput1, i32 %SubInput2, i2 1, i2 1" [Crypto1.cpp:236]   --->   Operation 137 'call' 'SubRes' <Predicate = true> <Delay = 5.80> <CoreType = "Generic">   --->   Core 0 '' <Latency = 0> <II = 1> <Delay = 1.00> <Generic> <Opcode : >

State 21 <SV = 20> <Delay = 5.80>
ST_21 : Operation 138 [2/19] (5.80ns)   --->   "%SubRes = call i32 @Configurable_PE, i32 %SubInput1, i32 %SubInput2, i2 1, i2 1" [Crypto1.cpp:236]   --->   Operation 138 'call' 'SubRes' <Predicate = true> <Delay = 5.80> <CoreType = "Generic">   --->   Core 0 '' <Latency = 0> <II = 1> <Delay = 1.00> <Generic> <Opcode : >

State 22 <SV = 21> <Delay = 5.08>
ST_22 : Operation 139 [1/1] (0.00ns)   --->   "%specloopname_ln0 = specloopname void @_ssdm_op_SpecLoopName, void @POLY_SUB_ROW_LOOP_POLY_SUB_COL_LOOP_str"   --->   Operation 139 'specloopname' 'specloopname_ln0' <Predicate = true> <Delay = 0.00>
ST_22 : Operation 140 [1/1] (0.00ns)   --->   "%speclooptripcount_ln0 = speclooptripcount void @_ssdm_op_SpecLoopTripCount, i64 4096, i64 4096, i64 4096"   --->   Operation 140 'speclooptripcount' 'speclooptripcount_ln0' <Predicate = true> <Delay = 0.00>
ST_22 : Operation 141 [1/1] (0.00ns)   --->   "%specpipeline_ln0 = specpipeline void @_ssdm_op_SpecPipeline, i32 4294967295, i32 0, i32 1, i32 0, void @p_str"   --->   Operation 141 'specpipeline' 'specpipeline_ln0' <Predicate = true> <Delay = 0.00>
ST_22 : Operation 142 [1/1] (0.00ns)   --->   "%specloopname_ln226 = specloopname void @_ssdm_op_SpecLoopName, void @empty_22" [Crypto1.cpp:226]   --->   Operation 142 'specloopname' 'specloopname_ln226' <Predicate = true> <Delay = 0.00>
ST_22 : Operation 143 [1/19] (1.82ns)   --->   "%SubRes = call i32 @Configurable_PE, i32 %SubInput1, i32 %SubInput2, i2 1, i2 1" [Crypto1.cpp:236]   --->   Operation 143 'call' 'SubRes' <Predicate = (!icmp_ln220)> <Delay = 1.82> <CoreType = "Generic">   --->   Core 0 '' <Latency = 0> <II = 1> <Delay = 1.00> <Generic> <Opcode : >
ST_22 : Operation 144 [1/1] (3.25ns)   --->   "%store_ln241 = store i32 %SubRes, i13 %DataRAM_6_addr" [Crypto1.cpp:241]   --->   Operation 144 'store' 'store_ln241' <Predicate = (trunc_ln226_1 == 6)> <Delay = 3.25> <CoreInst = "RAM">   --->   Core 82 'RAM' <Latency = 1> <II = 1> <Delay = 3.25> <Storage> <Opcode : 'load' 'store'> <Ports = 2> <Width = 32> <Depth = 6144> <RAM>
ST_22 : Operation 145 [1/1] (3.25ns)   --->   "%store_ln241 = store i32 %SubRes, i13 %DataRAM_5_addr" [Crypto1.cpp:241]   --->   Operation 145 'store' 'store_ln241' <Predicate = (trunc_ln226_1 == 5)> <Delay = 3.25> <CoreInst = "RAM">   --->   Core 82 'RAM' <Latency = 1> <II = 1> <Delay = 3.25> <Storage> <Opcode : 'load' 'store'> <Ports = 2> <Width = 32> <Depth = 6144> <RAM>
ST_22 : Operation 146 [1/1] (3.25ns)   --->   "%store_ln241 = store i32 %SubRes, i13 %DataRAM_4_addr" [Crypto1.cpp:241]   --->   Operation 146 'store' 'store_ln241' <Predicate = (trunc_ln226_1 == 4)> <Delay = 3.25> <CoreInst = "RAM">   --->   Core 82 'RAM' <Latency = 1> <II = 1> <Delay = 3.25> <Storage> <Opcode : 'load' 'store'> <Ports = 2> <Width = 32> <Depth = 6144> <RAM>
ST_22 : Operation 147 [1/1] (3.25ns)   --->   "%store_ln241 = store i32 %SubRes, i13 %DataRAM_3_addr" [Crypto1.cpp:241]   --->   Operation 147 'store' 'store_ln241' <Predicate = (trunc_ln226_1 == 3)> <Delay = 3.25> <CoreInst = "RAM">   --->   Core 82 'RAM' <Latency = 1> <II = 1> <Delay = 3.25> <Storage> <Opcode : 'load' 'store'> <Ports = 2> <Width = 32> <Depth = 6144> <RAM>
ST_22 : Operation 148 [1/1] (3.25ns)   --->   "%store_ln241 = store i32 %SubRes, i13 %DataRAM_2_addr" [Crypto1.cpp:241]   --->   Operation 148 'store' 'store_ln241' <Predicate = (trunc_ln226_1 == 2)> <Delay = 3.25> <CoreInst = "RAM">   --->   Core 82 'RAM' <Latency = 1> <II = 1> <Delay = 3.25> <Storage> <Opcode : 'load' 'store'> <Ports = 2> <Width = 32> <Depth = 6144> <RAM>
ST_22 : Operation 149 [1/1] (3.25ns)   --->   "%store_ln241 = store i32 %SubRes, i13 %DataRAM_1_addr" [Crypto1.cpp:241]   --->   Operation 149 'store' 'store_ln241' <Predicate = (trunc_ln226_1 == 1)> <Delay = 3.25> <CoreInst = "RAM">   --->   Core 82 'RAM' <Latency = 1> <II = 1> <Delay = 3.25> <Storage> <Opcode : 'load' 'store'> <Ports = 2> <Width = 32> <Depth = 6144> <RAM>
ST_22 : Operation 150 [1/1] (3.25ns)   --->   "%store_ln241 = store i32 %SubRes, i13 %DataRAM_addr" [Crypto1.cpp:241]   --->   Operation 150 'store' 'store_ln241' <Predicate = (trunc_ln226_1 == 0)> <Delay = 3.25> <CoreInst = "RAM">   --->   Core 82 'RAM' <Latency = 1> <II = 1> <Delay = 3.25> <Storage> <Opcode : 'load' 'store'> <Ports = 2> <Width = 32> <Depth = 6144> <RAM>
ST_22 : Operation 151 [1/1] (3.25ns)   --->   "%store_ln241 = store i32 %SubRes, i13 %DataRAM_7_addr" [Crypto1.cpp:241]   --->   Operation 151 'store' 'store_ln241' <Predicate = (trunc_ln226_1 == 7)> <Delay = 3.25> <CoreInst = "RAM">   --->   Core 82 'RAM' <Latency = 1> <II = 1> <Delay = 3.25> <Storage> <Opcode : 'load' 'store'> <Ports = 2> <Width = 32> <Depth = 6144> <RAM>


============================================================
+ Verbose Summary: Timing violations
============================================================
Target clock period: 8.000ns, clock uncertainty: 2.160ns.

 <State 1>: 2.863ns
The critical path consists of the following:
	'alloca' operation ('k') [11]  (0.000 ns)
	'load' operation ('k_load', Crypto1.cpp:226) on local variable 'k' [27]  (0.000 ns)
	'icmp' operation ('icmp_ln226', Crypto1.cpp:226) [32]  (1.870 ns)
	'select' operation ('select_ln220_2', Crypto1.cpp:220) [34]  (0.993 ns)

 <State 2>: 4.985ns
The critical path consists of the following:
	'add' operation ('add_ln231_3', Crypto1.cpp:231) [37]  (1.731 ns)
	'getelementptr' operation ('DataRAM_addr', Crypto1.cpp:230) [46]  (0.000 ns)
	'load' operation ('DataRAM_load', Crypto1.cpp:230) on array 'DataRAM' [65]  (3.254 ns)

 <State 3>: 5.558ns
The critical path consists of the following:
	'load' operation ('DataRAM_load', Crypto1.cpp:230) on array 'DataRAM' [65]  (3.254 ns)
	'mux' operation ('SubInput1', Crypto1.cpp:230) [73]  (2.304 ns)

 <State 4>: 4.987ns
The critical path consists of the following:
	'call' operation ('SubRes', Crypto1.cpp:236) to 'Configurable_PE' [83]  (4.987 ns)

 <State 5>: 5.802ns
The critical path consists of the following:
	'call' operation ('SubRes', Crypto1.cpp:236) to 'Configurable_PE' [83]  (5.802 ns)

 <State 6>: 5.802ns
The critical path consists of the following:
	'call' operation ('SubRes', Crypto1.cpp:236) to 'Configurable_PE' [83]  (5.802 ns)

 <State 7>: 5.802ns
The critical path consists of the following:
	'call' operation ('SubRes', Crypto1.cpp:236) to 'Configurable_PE' [83]  (5.802 ns)

 <State 8>: 5.802ns
The critical path consists of the following:
	'call' operation ('SubRes', Crypto1.cpp:236) to 'Configurable_PE' [83]  (5.802 ns)

 <State 9>: 5.802ns
The critical path consists of the following:
	'call' operation ('SubRes', Crypto1.cpp:236) to 'Configurable_PE' [83]  (5.802 ns)

 <State 10>: 5.802ns
The critical path consists of the following:
	'call' operation ('SubRes', Crypto1.cpp:236) to 'Configurable_PE' [83]  (5.802 ns)

 <State 11>: 5.802ns
The critical path consists of the following:
	'call' operation ('SubRes', Crypto1.cpp:236) to 'Configurable_PE' [83]  (5.802 ns)

 <State 12>: 5.802ns
The critical path consists of the following:
	'call' operation ('SubRes', Crypto1.cpp:236) to 'Configurable_PE' [83]  (5.802 ns)

 <State 13>: 5.802ns
The critical path consists of the following:
	'call' operation ('SubRes', Crypto1.cpp:236) to 'Configurable_PE' [83]  (5.802 ns)

 <State 14>: 5.802ns
The critical path consists of the following:
	'call' operation ('SubRes', Crypto1.cpp:236) to 'Configurable_PE' [83]  (5.802 ns)

 <State 15>: 5.802ns
The critical path consists of the following:
	'call' operation ('SubRes', Crypto1.cpp:236) to 'Configurable_PE' [83]  (5.802 ns)

 <State 16>: 5.802ns
The critical path consists of the following:
	'call' operation ('SubRes', Crypto1.cpp:236) to 'Configurable_PE' [83]  (5.802 ns)

 <State 17>: 5.802ns
The critical path consists of the following:
	'call' operation ('SubRes', Crypto1.cpp:236) to 'Configurable_PE' [83]  (5.802 ns)

 <State 18>: 5.802ns
The critical path consists of the following:
	'call' operation ('SubRes', Crypto1.cpp:236) to 'Configurable_PE' [83]  (5.802 ns)

 <State 19>: 5.802ns
The critical path consists of the following:
	'call' operation ('SubRes', Crypto1.cpp:236) to 'Configurable_PE' [83]  (5.802 ns)

 <State 20>: 5.802ns
The critical path consists of the following:
	'call' operation ('SubRes', Crypto1.cpp:236) to 'Configurable_PE' [83]  (5.802 ns)

 <State 21>: 5.802ns
The critical path consists of the following:
	'call' operation ('SubRes', Crypto1.cpp:236) to 'Configurable_PE' [83]  (5.802 ns)

 <State 22>: 5.081ns
The critical path consists of the following:
	'call' operation ('SubRes', Crypto1.cpp:236) to 'Configurable_PE' [83]  (1.827 ns)
	'store' operation ('store_ln241', Crypto1.cpp:241) of variable 'SubRes', Crypto1.cpp:236 on array 'DataRAM' [104]  (3.254 ns)


============================================================
+ Verbose Summary: Binding
============================================================
N/A
* FSMD analyzer results:
  - Output states:
 - Input state : 
  - Chain level:
	State 1
	State 2
	State 3
	State 4
	State 5
	State 6
	State 7
	State 8
	State 9
	State 10
	State 11
	State 12
	State 13
	State 14
	State 15
	State 16
	State 17
	State 18
	State 19
	State 20
	State 21
	State 22


============================================================
+ Verbose Summary: Datapath Resource usage 
============================================================
N/A
