

================================================================
== Vitis HLS Report for 'Crypto_Pipeline_VITIS_LOOP_82_2'
================================================================
* Date:           Tue Mar  4 21:31:46 2025

* Version:        2023.1 (Build 3854077 on May  4 2023)
* Project:        Crypto
* Solution:       solution1 (Vivado IP Flow Target)
* Product family: zynq
* Target device:  xc7z020-clg400-1


================================================================
== Performance Estimates
================================================================
+ Timing: 
    * Summary: 
    +--------+---------+----------+------------+
    |  Clock |  Target | Estimated| Uncertainty|
    +--------+---------+----------+------------+
    |ap_clk  |  8.00 ns|  5.081 ns|     2.16 ns|
    +--------+---------+----------+------------+

+ Latency: 
    * Summary: 
    +---------+---------+-----------+-----------+------+------+---------+
    |  Latency (cycles) |   Latency (absolute)  |   Interval  | Pipeline|
    |   min   |   max   |    min    |    max    |  min |  max |   Type  |
    +---------+---------+-----------+-----------+------+------+---------+
    |     4099|     4099|  32.792 us|  32.792 us|  4099|  4099|       no|
    +---------+---------+-----------+-----------+------+------+---------+

    + Detail: 
        * Instance: 
        N/A

        * Loop: 
        +-------------------+---------+---------+----------+-----------+-----------+------+----------+
        |                   |  Latency (cycles) | Iteration|  Initiation Interval  | Trip |          |
        |     Loop Name     |   min   |   max   |  Latency |  achieved |   target  | Count| Pipelined|
        +-------------------+---------+---------+----------+-----------+-----------+------+----------+
        |- VITIS_LOOP_82_2  |     4097|     4097|         3|          1|          1|  4096|       yes|
        +-------------------+---------+---------+----------+-----------+-----------+------+----------+



================================================================
== Utilization Estimates
================================================================
* Summary: 
+-----------------+---------+-----+--------+-------+-----+
|       Name      | BRAM_18K| DSP |   FF   |  LUT  | URAM|
+-----------------+---------+-----+--------+-------+-----+
|DSP              |        -|    -|       -|      -|    -|
|Expression       |        -|    -|       0|     33|    -|
|FIFO             |        -|    -|       -|      -|    -|
|Instance         |        -|    -|       0|     20|    -|
|Memory           |        -|    -|       -|      -|    -|
|Multiplexer      |        -|    -|       -|     36|    -|
|Register         |        -|    -|      74|      -|    -|
+-----------------+---------+-----+--------+-------+-----+
|Total            |        0|    0|      74|     89|    0|
+-----------------+---------+-----+--------+-------+-----+
|Available        |      280|  220|  106400|  53200|    0|
+-----------------+---------+-----+--------+-------+-----+
|Utilization (%)  |        0|    0|      ~0|     ~0|    0|
+-----------------+---------+-----+--------+-------+-----+

+ Detail: 
    * Instance: 
    +---------------------+----------------+---------+----+---+----+-----+
    |       Instance      |     Module     | BRAM_18K| DSP| FF| LUT| URAM|
    +---------------------+----------------+---------+----+---+----+-----+
    |mux_4_2_32_1_1_U309  |mux_4_2_32_1_1  |        0|   0|  0|  20|    0|
    +---------------------+----------------+---------+----+---+----+-----+
    |Total                |                |        0|   0|  0|  20|    0|
    +---------------------+----------------+---------+----+---+----+-----+

    * DSP: 
    N/A

    * Memory: 
    N/A

    * FIFO: 
    N/A

    * Expression: 
    +---------------------+----------+----+---+----+------------+------------+
    |    Variable Name    | Operation| DSP| FF| LUT| Bitwidth P0| Bitwidth P1|
    +---------------------+----------+----+---+----+------------+------------+
    |add_ln82_fu_143_p2   |         +|   0|  0|  14|          13|           1|
    |icmp_ln82_fu_137_p2  |      icmp|   0|  0|  17|          13|          14|
    |ap_enable_pp0        |       xor|   0|  0|   2|           1|           2|
    +---------------------+----------+----+---+----+------------+------------+
    |Total                |          |   0|  0|  33|          27|          17|
    +---------------------+----------+----+---+----+------------+------------+

    * Multiplexer: 
    +-------------------------+----+-----------+-----+-----------+
    |           Name          | LUT| Input Size| Bits| Total Bits|
    +-------------------------+----+-----------+-----+-----------+
    |ap_done_int              |   9|          2|    1|          2|
    |ap_enable_reg_pp0_iter1  |   9|          2|    1|          2|
    |ap_sig_allocacmp_j       |   9|          2|   13|         26|
    |j_1_fu_54                |   9|          2|   13|         26|
    +-------------------------+----+-----------+-----+-----------+
    |Total                    |  36|          8|   28|         56|
    +-------------------------+----+-----------+-----+-----------+

    * Register: 
    +----------------------------------+----+----+-----+-----------+
    |               Name               | FF | LUT| Bits| Const Bits|
    +----------------------------------+----+----+-----+-----------+
    |ap_CS_fsm                         |   1|   0|    1|          0|
    |ap_done_reg                       |   1|   0|    1|          0|
    |ap_enable_reg_pp0_iter1           |   1|   0|    1|          0|
    |ap_enable_reg_pp0_iter2           |   1|   0|    1|          0|
    |ap_loop_exit_ready_pp0_iter1_reg  |   1|   0|    1|          0|
    |j_1_fu_54                         |  13|   0|   13|          0|
    |tmp_reg_224                       |  32|   0|   32|          0|
    |trunc_ln82_reg_199                |  12|   0|   12|          0|
    |trunc_ln82_reg_199_pp0_iter1_reg  |  12|   0|   12|          0|
    +----------------------------------+----+----+-----+-----------+
    |Total                             |  74|   0|   74|          0|
    +----------------------------------+----+----+-----+-----------+



================================================================
== Interface
================================================================
* Summary: 
+------------------------+-----+-----+------------+---------------------------------+--------------+
|        RTL Ports       | Dir | Bits|  Protocol  |          Source Object          |    C Type    |
+------------------------+-----+-----+------------+---------------------------------+--------------+
|ap_clk                  |   in|    1|  ap_ctrl_hs|  Crypto_Pipeline_VITIS_LOOP_82_2|  return value|
|ap_rst                  |   in|    1|  ap_ctrl_hs|  Crypto_Pipeline_VITIS_LOOP_82_2|  return value|
|ap_start                |   in|    1|  ap_ctrl_hs|  Crypto_Pipeline_VITIS_LOOP_82_2|  return value|
|ap_done                 |  out|    1|  ap_ctrl_hs|  Crypto_Pipeline_VITIS_LOOP_82_2|  return value|
|ap_idle                 |  out|    1|  ap_ctrl_hs|  Crypto_Pipeline_VITIS_LOOP_82_2|  return value|
|ap_ready                |  out|    1|  ap_ctrl_hs|  Crypto_Pipeline_VITIS_LOOP_82_2|  return value|
|DataRAM_address0        |  out|   12|   ap_memory|                          DataRAM|         array|
|DataRAM_ce0             |  out|    1|   ap_memory|                          DataRAM|         array|
|DataRAM_q0              |   in|   32|   ap_memory|                          DataRAM|         array|
|DataRAM_3_address0      |  out|   12|   ap_memory|                        DataRAM_3|         array|
|DataRAM_3_ce0           |  out|    1|   ap_memory|                        DataRAM_3|         array|
|DataRAM_3_q0            |   in|   32|   ap_memory|                        DataRAM_3|         array|
|DataRAM_6_address0      |  out|   12|   ap_memory|                        DataRAM_6|         array|
|DataRAM_6_ce0           |  out|    1|   ap_memory|                        DataRAM_6|         array|
|DataRAM_6_q0            |   in|   32|   ap_memory|                        DataRAM_6|         array|
|DataRAM_9_address0      |  out|   12|   ap_memory|                        DataRAM_9|         array|
|DataRAM_9_ce0           |  out|    1|   ap_memory|                        DataRAM_9|         array|
|DataRAM_9_q0            |   in|   32|   ap_memory|                        DataRAM_9|         array|
|RAMSel_cast             |   in|    2|     ap_none|                      RAMSel_cast|        scalar|
|DataOutStream_address0  |  out|   14|   ap_memory|                    DataOutStream|         array|
|DataOutStream_ce0       |  out|    1|   ap_memory|                    DataOutStream|         array|
|DataOutStream_we0       |  out|    1|   ap_memory|                    DataOutStream|         array|
|DataOutStream_d0        |  out|   32|   ap_memory|                    DataOutStream|         array|
+------------------------+-----+-----+------------+---------------------------------+--------------+

============================================================
+ Verbose Summary: Synthesis Manager
============================================================
InlineROM: 1
ExposeGlobal: 0
============================================================
+ Verbose Summary: CDFG Model
============================================================
IsTopModel: 0
ResetActiveHigh: 1
IsCombinational: 2
IsDatapathOnly: 2
HasWiredReturn: 1
HasMFsm: 2
HasVarLatency: 1
IsPipeline: 0
IsRtlPipelined: 0
IsInstanceOverlapped: 0
IsDontTouch: 0
HasImplIP: 0
IsGatedGlobalClock: 0

+ Individual pipeline summary: 
  * Pipeline-0: initiation interval (II) = 1, depth = 3


============================================================
+ Verbose Summary: Schedule
============================================================
* Number of FSM states : 3
* Pipeline : 1
  Pipeline-0 : II = 1, D = 3, States = { 1 2 3 }
* Dataflow Pipeline: 0

* FSM state transitions: 
1 --> 2 
2 --> 3 
3 --> 

* FSM state operations: 

State 1 <SV = 0> <Delay = 3.26>
ST_1 : Operation 6 [1/1] (0.00ns)   --->   "%j_1 = alloca i32 1"   --->   Operation 6 'alloca' 'j_1' <Predicate = true> <Delay = 0.00>
ST_1 : Operation 7 [1/1] (0.00ns)   --->   "%specmemcore_ln0 = specmemcore void @_ssdm_op_SpecMemCore, i32 %DataOutStream, i64 666, i64 207, i64 1"   --->   Operation 7 'specmemcore' 'specmemcore_ln0' <Predicate = true> <Delay = 0.00>
ST_1 : Operation 8 [1/1] (0.00ns)   --->   "%specinterface_ln0 = specinterface void @_ssdm_op_SpecInterface, i32 %DataOutStream, void @empty, i32 0, i32 0, void @empty_28, i32 1, i32 0, void @empty_28, void @empty_28, void @empty_28, i32 0, i32 0, i32 0, i32 0, void @empty_28, void @empty_28, i32 4294967295, i32 0"   --->   Operation 8 'specinterface' 'specinterface_ln0' <Predicate = true> <Delay = 0.00>
ST_1 : Operation 9 [1/1] (0.00ns)   --->   "%RAMSel_cast_read = read i2 @_ssdm_op_Read.ap_auto.i2, i2 %RAMSel_cast"   --->   Operation 9 'read' 'RAMSel_cast_read' <Predicate = true> <Delay = 0.00>
ST_1 : Operation 10 [1/1] (1.58ns)   --->   "%store_ln0 = store i13 0, i13 %j_1"   --->   Operation 10 'store' 'store_ln0' <Predicate = true> <Delay = 1.58>
ST_1 : Operation 11 [1/1] (0.00ns)   --->   "%br_ln0 = br void %for.inc86"   --->   Operation 11 'br' 'br_ln0' <Predicate = true> <Delay = 0.00>
ST_1 : Operation 12 [1/1] (0.00ns)   --->   "%j = load i13 %j_1" [Crypto.cpp:82]   --->   Operation 12 'load' 'j' <Predicate = true> <Delay = 0.00>
ST_1 : Operation 13 [1/1] (1.67ns)   --->   "%icmp_ln82 = icmp_eq  i13 %j, i13 4096" [Crypto.cpp:82]   --->   Operation 13 'icmp' 'icmp_ln82' <Predicate = true> <Delay = 1.67> <CoreInst = "Cmp">   --->   Core 9 'Cmp' <Latency = 0> <II = 1> <Delay = 1.81> <FuncUnit> <Opcode : 'icmp'> <InPorts = 2> <OutPorts = 1>
ST_1 : Operation 14 [1/1] (1.67ns)   --->   "%add_ln82 = add i13 %j, i13 1" [Crypto.cpp:82]   --->   Operation 14 'add' 'add_ln82' <Predicate = true> <Delay = 1.67> <CoreInst = "Adder">   --->   Core 1 'Adder' <Latency = 0> <II = 1> <Delay = 1.67> <FuncUnit> <Opcode : 'add' 'sub'> <InPorts = 2> <OutPorts = 1>
ST_1 : Operation 15 [1/1] (0.00ns)   --->   "%br_ln82 = br i1 %icmp_ln82, void %for.inc86.split, void %for.inc86.1.preheader.exitStub" [Crypto.cpp:82]   --->   Operation 15 'br' 'br_ln82' <Predicate = true> <Delay = 0.00>
ST_1 : Operation 16 [1/1] (0.00ns)   --->   "%zext_ln82 = zext i13 %j" [Crypto.cpp:82]   --->   Operation 16 'zext' 'zext_ln82' <Predicate = (!icmp_ln82)> <Delay = 0.00>
ST_1 : Operation 17 [1/1] (0.00ns)   --->   "%trunc_ln82 = trunc i13 %j" [Crypto.cpp:82]   --->   Operation 17 'trunc' 'trunc_ln82' <Predicate = (!icmp_ln82)> <Delay = 0.00>
ST_1 : Operation 18 [1/1] (0.00ns)   --->   "%DataRAM_addr = getelementptr i32 %DataRAM, i64 0, i64 %zext_ln82" [Crypto.cpp:84]   --->   Operation 18 'getelementptr' 'DataRAM_addr' <Predicate = (!icmp_ln82)> <Delay = 0.00>
ST_1 : Operation 19 [1/1] (0.00ns)   --->   "%DataRAM_3_addr = getelementptr i32 %DataRAM_3, i64 0, i64 %zext_ln82" [Crypto.cpp:84]   --->   Operation 19 'getelementptr' 'DataRAM_3_addr' <Predicate = (!icmp_ln82)> <Delay = 0.00>
ST_1 : Operation 20 [1/1] (0.00ns)   --->   "%DataRAM_6_addr = getelementptr i32 %DataRAM_6, i64 0, i64 %zext_ln82" [Crypto.cpp:84]   --->   Operation 20 'getelementptr' 'DataRAM_6_addr' <Predicate = (!icmp_ln82)> <Delay = 0.00>
ST_1 : Operation 21 [1/1] (0.00ns)   --->   "%DataRAM_9_addr = getelementptr i32 %DataRAM_9, i64 0, i64 %zext_ln82" [Crypto.cpp:84]   --->   Operation 21 'getelementptr' 'DataRAM_9_addr' <Predicate = (!icmp_ln82)> <Delay = 0.00>
ST_1 : Operation 22 [2/2] (3.25ns)   --->   "%DataRAM_load = load i12 %DataRAM_addr" [Crypto.cpp:84]   --->   Operation 22 'load' 'DataRAM_load' <Predicate = (!icmp_ln82)> <Delay = 3.25> <CoreInst = "RAM">   --->   Core 82 'RAM' <Latency = 1> <II = 1> <Delay = 3.25> <Storage> <Opcode : 'load' 'store'> <Ports = 2> <Width = 32> <Depth = 4096> <RAM>
ST_1 : Operation 23 [2/2] (3.25ns)   --->   "%DataRAM_3_load = load i12 %DataRAM_3_addr" [Crypto.cpp:84]   --->   Operation 23 'load' 'DataRAM_3_load' <Predicate = (!icmp_ln82)> <Delay = 3.25> <CoreInst = "RAM">   --->   Core 82 'RAM' <Latency = 1> <II = 1> <Delay = 3.25> <Storage> <Opcode : 'load' 'store'> <Ports = 2> <Width = 32> <Depth = 4096> <RAM>
ST_1 : Operation 24 [2/2] (3.25ns)   --->   "%DataRAM_6_load = load i12 %DataRAM_6_addr" [Crypto.cpp:84]   --->   Operation 24 'load' 'DataRAM_6_load' <Predicate = (!icmp_ln82)> <Delay = 3.25> <CoreInst = "RAM">   --->   Core 82 'RAM' <Latency = 1> <II = 1> <Delay = 3.25> <Storage> <Opcode : 'load' 'store'> <Ports = 2> <Width = 32> <Depth = 4096> <RAM>
ST_1 : Operation 25 [2/2] (3.25ns)   --->   "%DataRAM_9_load = load i12 %DataRAM_9_addr" [Crypto.cpp:84]   --->   Operation 25 'load' 'DataRAM_9_load' <Predicate = (!icmp_ln82)> <Delay = 3.25> <CoreInst = "RAM">   --->   Core 82 'RAM' <Latency = 1> <II = 1> <Delay = 3.25> <Storage> <Opcode : 'load' 'store'> <Ports = 2> <Width = 32> <Depth = 4096> <RAM>
ST_1 : Operation 26 [1/1] (1.58ns)   --->   "%store_ln82 = store i13 %add_ln82, i13 %j_1" [Crypto.cpp:82]   --->   Operation 26 'store' 'store_ln82' <Predicate = (!icmp_ln82)> <Delay = 1.58>

State 2 <SV = 1> <Delay = 5.08>
ST_2 : Operation 27 [1/2] (3.25ns)   --->   "%DataRAM_load = load i12 %DataRAM_addr" [Crypto.cpp:84]   --->   Operation 27 'load' 'DataRAM_load' <Predicate = true> <Delay = 3.25> <CoreInst = "RAM">   --->   Core 82 'RAM' <Latency = 1> <II = 1> <Delay = 3.25> <Storage> <Opcode : 'load' 'store'> <Ports = 2> <Width = 32> <Depth = 4096> <RAM>
ST_2 : Operation 28 [1/2] (3.25ns)   --->   "%DataRAM_3_load = load i12 %DataRAM_3_addr" [Crypto.cpp:84]   --->   Operation 28 'load' 'DataRAM_3_load' <Predicate = true> <Delay = 3.25> <CoreInst = "RAM">   --->   Core 82 'RAM' <Latency = 1> <II = 1> <Delay = 3.25> <Storage> <Opcode : 'load' 'store'> <Ports = 2> <Width = 32> <Depth = 4096> <RAM>
ST_2 : Operation 29 [1/2] (3.25ns)   --->   "%DataRAM_6_load = load i12 %DataRAM_6_addr" [Crypto.cpp:84]   --->   Operation 29 'load' 'DataRAM_6_load' <Predicate = true> <Delay = 3.25> <CoreInst = "RAM">   --->   Core 82 'RAM' <Latency = 1> <II = 1> <Delay = 3.25> <Storage> <Opcode : 'load' 'store'> <Ports = 2> <Width = 32> <Depth = 4096> <RAM>
ST_2 : Operation 30 [1/2] (3.25ns)   --->   "%DataRAM_9_load = load i12 %DataRAM_9_addr" [Crypto.cpp:84]   --->   Operation 30 'load' 'DataRAM_9_load' <Predicate = true> <Delay = 3.25> <CoreInst = "RAM">   --->   Core 82 'RAM' <Latency = 1> <II = 1> <Delay = 3.25> <Storage> <Opcode : 'load' 'store'> <Ports = 2> <Width = 32> <Depth = 4096> <RAM>
ST_2 : Operation 31 [1/1] (1.82ns)   --->   "%tmp = mux i32 @_ssdm_op_Mux.ap_auto.4i32.i2, i32 %DataRAM_load, i32 %DataRAM_3_load, i32 %DataRAM_6_load, i32 %DataRAM_9_load, i2 %RAMSel_cast_read" [Crypto.cpp:84]   --->   Operation 31 'mux' 'tmp' <Predicate = true> <Delay = 1.82> <CoreInst = "Multiplexer">   --->   Core 76 'Multiplexer' <Latency = 0> <II = 1> <Delay = 1.82> <FuncUnit> <Opcode : 'mux'> <InPorts = 2> <OutPorts = 1>
ST_2 : Operation 39 [1/1] (0.00ns)   --->   "%ret_ln0 = ret"   --->   Operation 39 'ret' 'ret_ln0' <Predicate = (icmp_ln82)> <Delay = 0.00>

State 3 <SV = 2> <Delay = 3.25>
ST_3 : Operation 32 [1/1] (0.00ns)   --->   "%specpipeline_ln83 = specpipeline void @_ssdm_op_SpecPipeline, i32 4294967295, i32 0, i32 0, i32 0, void @empty_28" [Crypto.cpp:83]   --->   Operation 32 'specpipeline' 'specpipeline_ln83' <Predicate = true> <Delay = 0.00>
ST_3 : Operation 33 [1/1] (0.00ns)   --->   "%speclooptripcount_ln82 = speclooptripcount void @_ssdm_op_SpecLoopTripCount, i64 4096, i64 4096, i64 4096" [Crypto.cpp:82]   --->   Operation 33 'speclooptripcount' 'speclooptripcount_ln82' <Predicate = true> <Delay = 0.00>
ST_3 : Operation 34 [1/1] (0.00ns)   --->   "%specloopname_ln82 = specloopname void @_ssdm_op_SpecLoopName, void @empty_8" [Crypto.cpp:82]   --->   Operation 34 'specloopname' 'specloopname_ln82' <Predicate = true> <Delay = 0.00>
ST_3 : Operation 35 [1/1] (0.00ns)   --->   "%zext_ln84 = zext i12 %trunc_ln82" [Crypto.cpp:84]   --->   Operation 35 'zext' 'zext_ln84' <Predicate = true> <Delay = 0.00>
ST_3 : Operation 36 [1/1] (0.00ns)   --->   "%DataOutStream_addr = getelementptr i32 %DataOutStream, i64 0, i64 %zext_ln84" [Crypto.cpp:84]   --->   Operation 36 'getelementptr' 'DataOutStream_addr' <Predicate = true> <Delay = 0.00>
ST_3 : Operation 37 [1/1] (3.25ns)   --->   "%store_ln84 = store i32 %tmp, i14 %DataOutStream_addr" [Crypto.cpp:84]   --->   Operation 37 'store' 'store_ln84' <Predicate = true> <Delay = 3.25> <CoreInst = "RAM_1P">   --->   Core 86 'RAM_1P' <Latency = 1> <II = 1> <Delay = 3.25> <Storage> <Opcode : 'load' 'store'> <Ports = 1> <Width = 32> <Depth = 12288> <RAM>
ST_3 : Operation 38 [1/1] (0.00ns)   --->   "%br_ln82 = br void %for.inc86" [Crypto.cpp:82]   --->   Operation 38 'br' 'br_ln82' <Predicate = true> <Delay = 0.00>


============================================================
+ Verbose Summary: Binding
============================================================
STG Binding: 
---------------- STG Properties BEGIN ----------------
- Is combinational: 0
- Is one-state seq: 0
- Is datapath-only: 0
- Is pipelined: 0
- Is top level: 0
Port [ Return ] is wired: 1; IO mode=ap_ctrl_hs:ce=0
Port [ DataRAM]:  wired=1; compound=1; hidden=0; nouse=0; global=0; static=0; extern=0; dir=0; type=1; pingpong=0; private_global=0; MemPort=[13]; IO mode=ap_memory:ce=0
Port [ DataRAM_3]:  wired=1; compound=1; hidden=0; nouse=0; global=0; static=0; extern=0; dir=0; type=1; pingpong=0; private_global=0; MemPort=[13]; IO mode=ap_memory:ce=0
Port [ DataRAM_6]:  wired=1; compound=1; hidden=0; nouse=0; global=0; static=0; extern=0; dir=0; type=1; pingpong=0; private_global=0; MemPort=[13]; IO mode=ap_memory:ce=0
Port [ DataRAM_9]:  wired=1; compound=1; hidden=0; nouse=0; global=0; static=0; extern=0; dir=0; type=1; pingpong=0; private_global=0; MemPort=[13]; IO mode=ap_memory:ce=0
Port [ RAMSel_cast]:  wired=1; compound=0; hidden=0; nouse=0; global=0; static=0; extern=0; dir=0; type=0; pingpong=0; private_global=0; IO mode=ap_none:ce=0
Port [ DataOutStream]:  wired=1; compound=1; hidden=0; nouse=0; global=0; static=0; extern=0; dir=1; type=1; pingpong=0; private_global=0; MemPort=[0]; IO mode=ap_memory:ce=0
---------------- STG Properties END ------------------

---------------- Datapath Model BEGIN ----------------

<LifeTime>
<method=bitvector/>
j_1                    (alloca           ) [ 0100]
specmemcore_ln0        (specmemcore      ) [ 0000]
specinterface_ln0      (specinterface    ) [ 0000]
RAMSel_cast_read       (read             ) [ 0110]
store_ln0              (store            ) [ 0000]
br_ln0                 (br               ) [ 0000]
j                      (load             ) [ 0000]
icmp_ln82              (icmp             ) [ 0110]
add_ln82               (add              ) [ 0000]
br_ln82                (br               ) [ 0000]
zext_ln82              (zext             ) [ 0000]
trunc_ln82             (trunc            ) [ 0111]
DataRAM_addr           (getelementptr    ) [ 0110]
DataRAM_3_addr         (getelementptr    ) [ 0110]
DataRAM_6_addr         (getelementptr    ) [ 0110]
DataRAM_9_addr         (getelementptr    ) [ 0110]
store_ln82             (store            ) [ 0000]
DataRAM_load           (load             ) [ 0000]
DataRAM_3_load         (load             ) [ 0000]
DataRAM_6_load         (load             ) [ 0000]
DataRAM_9_load         (load             ) [ 0000]
tmp                    (mux              ) [ 0101]
specpipeline_ln83      (specpipeline     ) [ 0000]
speclooptripcount_ln82 (speclooptripcount) [ 0000]
specloopname_ln82      (specloopname     ) [ 0000]
zext_ln84              (zext             ) [ 0000]
DataOutStream_addr     (getelementptr    ) [ 0000]
store_ln84             (store            ) [ 0000]
br_ln82                (br               ) [ 0000]
ret_ln0                (ret              ) [ 0000]
</LifeTime>

<model>

<comp_list>
<comp id="0" class="1000" name="DataRAM">
<pin_list>
<pin id="1" dir="1" index="0" bw="1" slack="0"/>
</pin_list>
<bind>
<StgValue><ssdm name="DataRAM"/><MemPortTyVec>1 3 </MemPortTyVec>
</StgValue>
</bind>
</comp>

<comp id="2" class="1000" name="DataRAM_3">
<pin_list>
<pin id="3" dir="1" index="0" bw="1" slack="0"/>
</pin_list>
<bind>
<StgValue><ssdm name="DataRAM_3"/><MemPortTyVec>1 3 </MemPortTyVec>
</StgValue>
</bind>
</comp>

<comp id="4" class="1000" name="DataRAM_6">
<pin_list>
<pin id="5" dir="1" index="0" bw="1" slack="0"/>
</pin_list>
<bind>
<StgValue><ssdm name="DataRAM_6"/><MemPortTyVec>1 3 </MemPortTyVec>
</StgValue>
</bind>
</comp>

<comp id="6" class="1000" name="DataRAM_9">
<pin_list>
<pin id="7" dir="1" index="0" bw="1" slack="0"/>
</pin_list>
<bind>
<StgValue><ssdm name="DataRAM_9"/><MemPortTyVec>1 3 </MemPortTyVec>
</StgValue>
</bind>
</comp>

<comp id="8" class="1000" name="RAMSel_cast">
<pin_list>
<pin id="9" dir="1" index="0" bw="1" slack="0"/>
</pin_list>
<bind>
<StgValue><ssdm name="RAMSel_cast"/></StgValue>
</bind>
</comp>

<comp id="10" class="1000" name="DataOutStream">
<pin_list>
<pin id="11" dir="1" index="0" bw="1" slack="0"/>
</pin_list>
<bind>
<StgValue><ssdm name="DataOutStream"/><MemPortTyVec>0 </MemPortTyVec>
</StgValue>
</bind>
</comp>

<comp id="12" class="1001" name="const_12">
<pin_list>
<pin id="13" dir="1" index="0" bw="1" slack="0"/>
</pin_list>
<bind>
<StgValue><ssdm name=""/></StgValue>
</bind>
</comp>

<comp id="14" class="1001" name="const_14">
<pin_list>
<pin id="15" dir="1" index="0" bw="1" slack="2147483647"/>
</pin_list>
<bind>
<StgValue><ssdm name="_ssdm_op_SpecMemCore"/></StgValue>
</bind>
</comp>

<comp id="16" class="1001" name="const_16">
<pin_list>
<pin id="17" dir="1" index="0" bw="1" slack="2147483647"/>
</pin_list>
<bind>
<StgValue><ssdm name=""/></StgValue>
</bind>
</comp>

<comp id="18" class="1001" name="const_18">
<pin_list>
<pin id="19" dir="1" index="0" bw="1" slack="2147483647"/>
</pin_list>
<bind>
<StgValue><ssdm name=""/></StgValue>
</bind>
</comp>

<comp id="20" class="1001" name="const_20">
<pin_list>
<pin id="21" dir="1" index="0" bw="1" slack="2147483647"/>
</pin_list>
<bind>
<StgValue><ssdm name=""/></StgValue>
</bind>
</comp>

<comp id="22" class="1001" name="const_22">
<pin_list>
<pin id="23" dir="1" index="0" bw="1" slack="2147483647"/>
</pin_list>
<bind>
<StgValue><ssdm name="_ssdm_op_SpecInterface"/></StgValue>
</bind>
</comp>

<comp id="24" class="1001" name="const_24">
<pin_list>
<pin id="25" dir="1" index="0" bw="1" slack="2147483647"/>
</pin_list>
<bind>
<StgValue><ssdm name="empty"/></StgValue>
</bind>
</comp>

<comp id="26" class="1001" name="const_26">
<pin_list>
<pin id="27" dir="1" index="0" bw="1" slack="2147483647"/>
</pin_list>
<bind>
<StgValue><ssdm name=""/></StgValue>
</bind>
</comp>

<comp id="28" class="1001" name="const_28">
<pin_list>
<pin id="29" dir="1" index="0" bw="1" slack="2147483647"/>
</pin_list>
<bind>
<StgValue><ssdm name="empty_28"/></StgValue>
</bind>
</comp>

<comp id="30" class="1001" name="const_30">
<pin_list>
<pin id="31" dir="1" index="0" bw="1" slack="2147483647"/>
</pin_list>
<bind>
<StgValue><ssdm name=""/></StgValue>
</bind>
</comp>

<comp id="32" class="1001" name="const_32">
<pin_list>
<pin id="33" dir="1" index="0" bw="1" slack="0"/>
</pin_list>
<bind>
<StgValue><ssdm name="_ssdm_op_Read.ap_auto.i2"/></StgValue>
</bind>
</comp>

<comp id="34" class="1001" name="const_34">
<pin_list>
<pin id="35" dir="1" index="0" bw="1" slack="0"/>
</pin_list>
<bind>
<StgValue><ssdm name=""/></StgValue>
</bind>
</comp>

<comp id="36" class="1001" name="const_36">
<pin_list>
<pin id="37" dir="1" index="0" bw="1" slack="0"/>
</pin_list>
<bind>
<StgValue><ssdm name=""/></StgValue>
</bind>
</comp>

<comp id="38" class="1001" name="const_38">
<pin_list>
<pin id="39" dir="1" index="0" bw="1" slack="0"/>
</pin_list>
<bind>
<StgValue><ssdm name=""/></StgValue>
</bind>
</comp>

<comp id="40" class="1001" name="const_40">
<pin_list>
<pin id="41" dir="1" index="0" bw="1" slack="0"/>
</pin_list>
<bind>
<StgValue><ssdm name=""/></StgValue>
</bind>
</comp>

<comp id="42" class="1001" name="const_42">
<pin_list>
<pin id="43" dir="1" index="0" bw="1" slack="0"/>
</pin_list>
<bind>
<StgValue><ssdm name="_ssdm_op_Mux.ap_auto.4i32.i2"/></StgValue>
</bind>
</comp>

<comp id="44" class="1001" name="const_44">
<pin_list>
<pin id="45" dir="1" index="0" bw="1" slack="2147483647"/>
</pin_list>
<bind>
<StgValue><ssdm name="_ssdm_op_SpecPipeline"/></StgValue>
</bind>
</comp>

<comp id="46" class="1001" name="const_46">
<pin_list>
<pin id="47" dir="1" index="0" bw="1" slack="2147483647"/>
</pin_list>
<bind>
<StgValue><ssdm name="_ssdm_op_SpecLoopTripCount"/></StgValue>
</bind>
</comp>

<comp id="48" class="1001" name="const_48">
<pin_list>
<pin id="49" dir="1" index="0" bw="1" slack="2147483647"/>
</pin_list>
<bind>
<StgValue><ssdm name=""/></StgValue>
</bind>
</comp>

<comp id="50" class="1001" name="const_50">
<pin_list>
<pin id="51" dir="1" index="0" bw="1" slack="2147483647"/>
</pin_list>
<bind>
<StgValue><ssdm name="_ssdm_op_SpecLoopName"/></StgValue>
</bind>
</comp>

<comp id="52" class="1001" name="const_52">
<pin_list>
<pin id="53" dir="1" index="0" bw="1" slack="2147483647"/>
</pin_list>
<bind>
<StgValue><ssdm name="empty_8"/></StgValue>
</bind>
</comp>

<comp id="54" class="1004" name="j_1_fu_54">
<pin_list>
<pin id="55" dir="0" index="0" bw="1" slack="0"/>
<pin id="56" dir="1" index="1" bw="13" slack="0"/>
</pin_list>
<bind>
<opcode="alloca(26) " fcode="alloca"/>
<opset="j_1/1 "/>
</bind>
</comp>

<comp id="58" class="1004" name="RAMSel_cast_read_read_fu_58">
<pin_list>
<pin id="59" dir="0" index="0" bw="2" slack="0"/>
<pin id="60" dir="0" index="1" bw="2" slack="0"/>
<pin id="61" dir="1" index="2" bw="2" slack="1"/>
</pin_list>
<bind>
<opcode="read(1150) " fcode="read"/>
<opset="RAMSel_cast_read/1 "/>
</bind>
</comp>

<comp id="64" class="1004" name="DataRAM_addr_gep_fu_64">
<pin_list>
<pin id="65" dir="0" index="0" bw="32" slack="0"/>
<pin id="66" dir="0" index="1" bw="1" slack="0"/>
<pin id="67" dir="0" index="2" bw="13" slack="0"/>
<pin id="68" dir="1" index="3" bw="12" slack="0"/>
</pin_list>
<bind>
<opcode="getelementptr(29) " fcode="getelementptr"/>
<opset="DataRAM_addr/1 "/>
</bind>
</comp>

<comp id="71" class="1004" name="DataRAM_3_addr_gep_fu_71">
<pin_list>
<pin id="72" dir="0" index="0" bw="32" slack="0"/>
<pin id="73" dir="0" index="1" bw="1" slack="0"/>
<pin id="74" dir="0" index="2" bw="13" slack="0"/>
<pin id="75" dir="1" index="3" bw="12" slack="0"/>
</pin_list>
<bind>
<opcode="getelementptr(29) " fcode="getelementptr"/>
<opset="DataRAM_3_addr/1 "/>
</bind>
</comp>

<comp id="78" class="1004" name="DataRAM_6_addr_gep_fu_78">
<pin_list>
<pin id="79" dir="0" index="0" bw="32" slack="0"/>
<pin id="80" dir="0" index="1" bw="1" slack="0"/>
<pin id="81" dir="0" index="2" bw="13" slack="0"/>
<pin id="82" dir="1" index="3" bw="12" slack="0"/>
</pin_list>
<bind>
<opcode="getelementptr(29) " fcode="getelementptr"/>
<opset="DataRAM_6_addr/1 "/>
</bind>
</comp>

<comp id="85" class="1004" name="DataRAM_9_addr_gep_fu_85">
<pin_list>
<pin id="86" dir="0" index="0" bw="32" slack="0"/>
<pin id="87" dir="0" index="1" bw="1" slack="0"/>
<pin id="88" dir="0" index="2" bw="13" slack="0"/>
<pin id="89" dir="1" index="3" bw="12" slack="0"/>
</pin_list>
<bind>
<opcode="getelementptr(29) " fcode="getelementptr"/>
<opset="DataRAM_9_addr/1 "/>
</bind>
</comp>

<comp id="92" class="1004" name="grp_access_fu_92">
<pin_list>
<pin id="93" dir="0" index="0" bw="12" slack="0"/>
<pin id="94" dir="0" index="1" bw="32" slack="2147483647"/>
<pin id="95" dir="0" index="2" bw="0" slack="2147483647"/>
<pin id="96" dir="1" index="3" bw="32" slack="0"/>
</pin_list>
<bind>
<opcode="load(27) " fcode="load"/>
<opset="DataRAM_load/1 "/>
</bind>
</comp>

<comp id="98" class="1004" name="grp_access_fu_98">
<pin_list>
<pin id="99" dir="0" index="0" bw="12" slack="0"/>
<pin id="100" dir="0" index="1" bw="32" slack="2147483647"/>
<pin id="101" dir="0" index="2" bw="0" slack="2147483647"/>
<pin id="102" dir="1" index="3" bw="32" slack="0"/>
</pin_list>
<bind>
<opcode="load(27) " fcode="load"/>
<opset="DataRAM_3_load/1 "/>
</bind>
</comp>

<comp id="104" class="1004" name="grp_access_fu_104">
<pin_list>
<pin id="105" dir="0" index="0" bw="12" slack="0"/>
<pin id="106" dir="0" index="1" bw="32" slack="2147483647"/>
<pin id="107" dir="0" index="2" bw="0" slack="2147483647"/>
<pin id="108" dir="1" index="3" bw="32" slack="0"/>
</pin_list>
<bind>
<opcode="load(27) " fcode="load"/>
<opset="DataRAM_6_load/1 "/>
</bind>
</comp>

<comp id="110" class="1004" name="grp_access_fu_110">
<pin_list>
<pin id="111" dir="0" index="0" bw="12" slack="0"/>
<pin id="112" dir="0" index="1" bw="32" slack="2147483647"/>
<pin id="113" dir="0" index="2" bw="0" slack="2147483647"/>
<pin id="114" dir="1" index="3" bw="32" slack="0"/>
</pin_list>
<bind>
<opcode="load(27) " fcode="load"/>
<opset="DataRAM_9_load/1 "/>
</bind>
</comp>

<comp id="116" class="1004" name="DataOutStream_addr_gep_fu_116">
<pin_list>
<pin id="117" dir="0" index="0" bw="32" slack="0"/>
<pin id="118" dir="0" index="1" bw="1" slack="0"/>
<pin id="119" dir="0" index="2" bw="12" slack="0"/>
<pin id="120" dir="1" index="3" bw="14" slack="0"/>
</pin_list>
<bind>
<opcode="getelementptr(29) " fcode="getelementptr"/>
<opset="DataOutStream_addr/3 "/>
</bind>
</comp>

<comp id="123" class="1004" name="store_ln84_access_fu_123">
<pin_list>
<pin id="124" dir="0" index="0" bw="14" slack="0"/>
<pin id="125" dir="0" index="1" bw="32" slack="1"/>
<pin id="126" dir="0" index="2" bw="0" slack="2147483647"/>
<pin id="127" dir="1" index="3" bw="32" slack="2147483647"/>
</pin_list>
<bind>
<opcode="store(28) " fcode="store"/>
<opset="store_ln84/3 "/>
</bind>
</comp>

<comp id="129" class="1004" name="store_ln0_store_fu_129">
<pin_list>
<pin id="130" dir="0" index="0" bw="1" slack="0"/>
<pin id="131" dir="0" index="1" bw="13" slack="0"/>
<pin id="132" dir="1" index="2" bw="0" slack="2147483647"/>
</pin_list>
<bind>
<opcode="store(28) " fcode="store"/>
<opset="store_ln0/1 "/>
</bind>
</comp>

<comp id="134" class="1004" name="j_load_fu_134">
<pin_list>
<pin id="135" dir="0" index="0" bw="13" slack="0"/>
<pin id="136" dir="1" index="1" bw="13" slack="0"/>
</pin_list>
<bind>
<opcode="load(27) " fcode="load"/>
<opset="j/1 "/>
</bind>
</comp>

<comp id="137" class="1004" name="icmp_ln82_fu_137">
<pin_list>
<pin id="138" dir="0" index="0" bw="13" slack="0"/>
<pin id="139" dir="0" index="1" bw="13" slack="0"/>
<pin id="140" dir="1" index="2" bw="1" slack="1"/>
</pin_list>
<bind>
<opcode="icmp(45) " fcode="icmp"/>
<opset="icmp_ln82/1 "/>
</bind>
</comp>

<comp id="143" class="1004" name="add_ln82_fu_143">
<pin_list>
<pin id="144" dir="0" index="0" bw="13" slack="0"/>
<pin id="145" dir="0" index="1" bw="1" slack="0"/>
<pin id="146" dir="1" index="2" bw="13" slack="0"/>
</pin_list>
<bind>
<opcode="add(8) " fcode="add"/>
<opset="add_ln82/1 "/>
</bind>
</comp>

<comp id="149" class="1004" name="zext_ln82_fu_149">
<pin_list>
<pin id="150" dir="0" index="0" bw="13" slack="0"/>
<pin id="151" dir="1" index="1" bw="64" slack="0"/>
</pin_list>
<bind>
<opcode="zext(34) " fcode="zext"/>
<opset="zext_ln82/1 "/>
</bind>
</comp>

<comp id="157" class="1004" name="trunc_ln82_fu_157">
<pin_list>
<pin id="158" dir="0" index="0" bw="13" slack="0"/>
<pin id="159" dir="1" index="1" bw="12" slack="2"/>
</pin_list>
<bind>
<opcode="trunc(33) " fcode="trunc"/>
<opset="trunc_ln82/1 "/>
</bind>
</comp>

<comp id="161" class="1004" name="store_ln82_store_fu_161">
<pin_list>
<pin id="162" dir="0" index="0" bw="13" slack="0"/>
<pin id="163" dir="0" index="1" bw="13" slack="0"/>
<pin id="164" dir="1" index="2" bw="0" slack="2147483647"/>
</pin_list>
<bind>
<opcode="store(28) " fcode="store"/>
<opset="store_ln82/1 "/>
</bind>
</comp>

<comp id="166" class="1004" name="tmp_fu_166">
<pin_list>
<pin id="167" dir="0" index="0" bw="32" slack="0"/>
<pin id="168" dir="0" index="1" bw="32" slack="0"/>
<pin id="169" dir="0" index="2" bw="32" slack="0"/>
<pin id="170" dir="0" index="3" bw="32" slack="0"/>
<pin id="171" dir="0" index="4" bw="32" slack="0"/>
<pin id="172" dir="0" index="5" bw="2" slack="1"/>
<pin id="173" dir="1" index="6" bw="32" slack="1"/>
</pin_list>
<bind>
<opcode="mux(1196) " fcode="mux"/>
<opset="tmp/2 "/>
</bind>
</comp>

<comp id="179" class="1004" name="zext_ln84_fu_179">
<pin_list>
<pin id="180" dir="0" index="0" bw="12" slack="2"/>
<pin id="181" dir="1" index="1" bw="64" slack="0"/>
</pin_list>
<bind>
<opcode="zext(34) " fcode="zext"/>
<opset="zext_ln84/3 "/>
</bind>
</comp>

<comp id="183" class="1005" name="j_1_reg_183">
<pin_list>
<pin id="184" dir="0" index="0" bw="13" slack="0"/>
<pin id="185" dir="1" index="1" bw="13" slack="0"/>
</pin_list>
<bind>
<opset="j_1 "/>
</bind>
</comp>

<comp id="190" class="1005" name="RAMSel_cast_read_reg_190">
<pin_list>
<pin id="191" dir="0" index="0" bw="2" slack="1"/>
<pin id="192" dir="1" index="1" bw="2" slack="1"/>
</pin_list>
<bind>
<opset="RAMSel_cast_read "/>
</bind>
</comp>

<comp id="195" class="1005" name="icmp_ln82_reg_195">
<pin_list>
<pin id="196" dir="0" index="0" bw="1" slack="1"/>
<pin id="197" dir="1" index="1" bw="1" slack="2147483647"/>
</pin_list>
<bind>
<opset="icmp_ln82 "/>
</bind>
</comp>

<comp id="199" class="1005" name="trunc_ln82_reg_199">
<pin_list>
<pin id="200" dir="0" index="0" bw="12" slack="2"/>
<pin id="201" dir="1" index="1" bw="12" slack="2"/>
</pin_list>
<bind>
<opset="trunc_ln82 "/>
</bind>
</comp>

<comp id="204" class="1005" name="DataRAM_addr_reg_204">
<pin_list>
<pin id="205" dir="0" index="0" bw="12" slack="1"/>
<pin id="206" dir="1" index="1" bw="12" slack="1"/>
</pin_list>
<bind>
<opset="DataRAM_addr "/>
</bind>
</comp>

<comp id="209" class="1005" name="DataRAM_3_addr_reg_209">
<pin_list>
<pin id="210" dir="0" index="0" bw="12" slack="1"/>
<pin id="211" dir="1" index="1" bw="12" slack="1"/>
</pin_list>
<bind>
<opset="DataRAM_3_addr "/>
</bind>
</comp>

<comp id="214" class="1005" name="DataRAM_6_addr_reg_214">
<pin_list>
<pin id="215" dir="0" index="0" bw="12" slack="1"/>
<pin id="216" dir="1" index="1" bw="12" slack="1"/>
</pin_list>
<bind>
<opset="DataRAM_6_addr "/>
</bind>
</comp>

<comp id="219" class="1005" name="DataRAM_9_addr_reg_219">
<pin_list>
<pin id="220" dir="0" index="0" bw="12" slack="1"/>
<pin id="221" dir="1" index="1" bw="12" slack="1"/>
</pin_list>
<bind>
<opset="DataRAM_9_addr "/>
</bind>
</comp>

<comp id="224" class="1005" name="tmp_reg_224">
<pin_list>
<pin id="225" dir="0" index="0" bw="32" slack="1"/>
<pin id="226" dir="1" index="1" bw="32" slack="1"/>
</pin_list>
<bind>
<opset="tmp "/>
</bind>
</comp>

</comp_list>

<net_list>
<net id="57"><net_src comp="12" pin="0"/><net_sink comp="54" pin=0"/></net>

<net id="62"><net_src comp="32" pin="0"/><net_sink comp="58" pin=0"/></net>

<net id="63"><net_src comp="8" pin="0"/><net_sink comp="58" pin=1"/></net>

<net id="69"><net_src comp="0" pin="0"/><net_sink comp="64" pin=0"/></net>

<net id="70"><net_src comp="40" pin="0"/><net_sink comp="64" pin=1"/></net>

<net id="76"><net_src comp="2" pin="0"/><net_sink comp="71" pin=0"/></net>

<net id="77"><net_src comp="40" pin="0"/><net_sink comp="71" pin=1"/></net>

<net id="83"><net_src comp="4" pin="0"/><net_sink comp="78" pin=0"/></net>

<net id="84"><net_src comp="40" pin="0"/><net_sink comp="78" pin=1"/></net>

<net id="90"><net_src comp="6" pin="0"/><net_sink comp="85" pin=0"/></net>

<net id="91"><net_src comp="40" pin="0"/><net_sink comp="85" pin=1"/></net>

<net id="97"><net_src comp="64" pin="3"/><net_sink comp="92" pin=0"/></net>

<net id="103"><net_src comp="71" pin="3"/><net_sink comp="98" pin=0"/></net>

<net id="109"><net_src comp="78" pin="3"/><net_sink comp="104" pin=0"/></net>

<net id="115"><net_src comp="85" pin="3"/><net_sink comp="110" pin=0"/></net>

<net id="121"><net_src comp="10" pin="0"/><net_sink comp="116" pin=0"/></net>

<net id="122"><net_src comp="40" pin="0"/><net_sink comp="116" pin=1"/></net>

<net id="128"><net_src comp="116" pin="3"/><net_sink comp="123" pin=0"/></net>

<net id="133"><net_src comp="34" pin="0"/><net_sink comp="129" pin=0"/></net>

<net id="141"><net_src comp="134" pin="1"/><net_sink comp="137" pin=0"/></net>

<net id="142"><net_src comp="36" pin="0"/><net_sink comp="137" pin=1"/></net>

<net id="147"><net_src comp="134" pin="1"/><net_sink comp="143" pin=0"/></net>

<net id="148"><net_src comp="38" pin="0"/><net_sink comp="143" pin=1"/></net>

<net id="152"><net_src comp="134" pin="1"/><net_sink comp="149" pin=0"/></net>

<net id="153"><net_src comp="149" pin="1"/><net_sink comp="64" pin=2"/></net>

<net id="154"><net_src comp="149" pin="1"/><net_sink comp="71" pin=2"/></net>

<net id="155"><net_src comp="149" pin="1"/><net_sink comp="78" pin=2"/></net>

<net id="156"><net_src comp="149" pin="1"/><net_sink comp="85" pin=2"/></net>

<net id="160"><net_src comp="134" pin="1"/><net_sink comp="157" pin=0"/></net>

<net id="165"><net_src comp="143" pin="2"/><net_sink comp="161" pin=0"/></net>

<net id="174"><net_src comp="42" pin="0"/><net_sink comp="166" pin=0"/></net>

<net id="175"><net_src comp="92" pin="3"/><net_sink comp="166" pin=1"/></net>

<net id="176"><net_src comp="98" pin="3"/><net_sink comp="166" pin=2"/></net>

<net id="177"><net_src comp="104" pin="3"/><net_sink comp="166" pin=3"/></net>

<net id="178"><net_src comp="110" pin="3"/><net_sink comp="166" pin=4"/></net>

<net id="182"><net_src comp="179" pin="1"/><net_sink comp="116" pin=2"/></net>

<net id="186"><net_src comp="54" pin="1"/><net_sink comp="183" pin=0"/></net>

<net id="187"><net_src comp="183" pin="1"/><net_sink comp="129" pin=1"/></net>

<net id="188"><net_src comp="183" pin="1"/><net_sink comp="134" pin=0"/></net>

<net id="189"><net_src comp="183" pin="1"/><net_sink comp="161" pin=1"/></net>

<net id="193"><net_src comp="58" pin="2"/><net_sink comp="190" pin=0"/></net>

<net id="194"><net_src comp="190" pin="1"/><net_sink comp="166" pin=5"/></net>

<net id="198"><net_src comp="137" pin="2"/><net_sink comp="195" pin=0"/></net>

<net id="202"><net_src comp="157" pin="1"/><net_sink comp="199" pin=0"/></net>

<net id="203"><net_src comp="199" pin="1"/><net_sink comp="179" pin=0"/></net>

<net id="207"><net_src comp="64" pin="3"/><net_sink comp="204" pin=0"/></net>

<net id="208"><net_src comp="204" pin="1"/><net_sink comp="92" pin=0"/></net>

<net id="212"><net_src comp="71" pin="3"/><net_sink comp="209" pin=0"/></net>

<net id="213"><net_src comp="209" pin="1"/><net_sink comp="98" pin=0"/></net>

<net id="217"><net_src comp="78" pin="3"/><net_sink comp="214" pin=0"/></net>

<net id="218"><net_src comp="214" pin="1"/><net_sink comp="104" pin=0"/></net>

<net id="222"><net_src comp="85" pin="3"/><net_sink comp="219" pin=0"/></net>

<net id="223"><net_src comp="219" pin="1"/><net_sink comp="110" pin=0"/></net>

<net id="227"><net_src comp="166" pin="6"/><net_sink comp="224" pin=0"/></net>

<net id="228"><net_src comp="224" pin="1"/><net_sink comp="123" pin=1"/></net>

</net_list>

</model> 
---------------- Datapath Model END ------------------

* FSMD analyzer results:
  - Output states:
	Port: DataOutStream | {3 }
 - Input state : 
	Port: Crypto_Pipeline_VITIS_LOOP_82_2 : DataRAM | {1 2 }
	Port: Crypto_Pipeline_VITIS_LOOP_82_2 : DataRAM_3 | {1 2 }
	Port: Crypto_Pipeline_VITIS_LOOP_82_2 : DataRAM_6 | {1 2 }
	Port: Crypto_Pipeline_VITIS_LOOP_82_2 : DataRAM_9 | {1 2 }
	Port: Crypto_Pipeline_VITIS_LOOP_82_2 : RAMSel_cast | {1 }
	Port: Crypto_Pipeline_VITIS_LOOP_82_2 : DataOutStream | {}
  - Chain level:
	State 1
		store_ln0 : 1
		j : 1
		icmp_ln82 : 2
		add_ln82 : 2
		br_ln82 : 3
		zext_ln82 : 2
		trunc_ln82 : 2
		DataRAM_addr : 3
		DataRAM_3_addr : 3
		DataRAM_6_addr : 3
		DataRAM_9_addr : 3
		DataRAM_load : 4
		DataRAM_3_load : 4
		DataRAM_6_load : 4
		DataRAM_9_load : 4
		store_ln82 : 3
	State 2
		tmp : 1
	State 3
		DataOutStream_addr : 1
		store_ln84 : 2


============================================================
+ Verbose Summary: Datapath Resource usage 
============================================================

* Functional unit list:
|----------|-----------------------------|---------|---------|
| Operation|       Functional Unit       |    FF   |   LUT   |
|----------|-----------------------------|---------|---------|
|    mux   |          tmp_fu_166         |    0    |    20   |
|----------|-----------------------------|---------|---------|
|   icmp   |       icmp_ln82_fu_137      |    0    |    14   |
|----------|-----------------------------|---------|---------|
|    add   |       add_ln82_fu_143       |    0    |    14   |
|----------|-----------------------------|---------|---------|
|   read   | RAMSel_cast_read_read_fu_58 |    0    |    0    |
|----------|-----------------------------|---------|---------|
|   zext   |       zext_ln82_fu_149      |    0    |    0    |
|          |       zext_ln84_fu_179      |    0    |    0    |
|----------|-----------------------------|---------|---------|
|   trunc  |      trunc_ln82_fu_157      |    0    |    0    |
|----------|-----------------------------|---------|---------|
|   Total  |                             |    0    |    48   |
|----------|-----------------------------|---------|---------|

Memories:
N/A

* Register list:
+------------------------+--------+
|                        |   FF   |
+------------------------+--------+
| DataRAM_3_addr_reg_209 |   12   |
| DataRAM_6_addr_reg_214 |   12   |
| DataRAM_9_addr_reg_219 |   12   |
|  DataRAM_addr_reg_204  |   12   |
|RAMSel_cast_read_reg_190|    2   |
|    icmp_ln82_reg_195   |    1   |
|       j_1_reg_183      |   13   |
|       tmp_reg_224      |   32   |
|   trunc_ln82_reg_199   |   12   |
+------------------------+--------+
|          Total         |   108  |
+------------------------+--------+

* Multiplexer (MUX) list: 
|-------------------|------|------|------|--------||---------||---------|
|        Comp       |  Pin | Size |  BW  | S x BW ||  Delay  ||   LUT   |
|-------------------|------|------|------|--------||---------||---------|
|  grp_access_fu_92 |  p0  |   2  |  12  |   24   ||    9    |
|  grp_access_fu_98 |  p0  |   2  |  12  |   24   ||    9    |
| grp_access_fu_104 |  p0  |   2  |  12  |   24   ||    9    |
| grp_access_fu_110 |  p0  |   2  |  12  |   24   ||    9    |
|-------------------|------|------|------|--------||---------||---------|
|       Total       |      |      |      |   96   ||  6.352  ||    36   |
|-------------------|------|------|------|--------||---------||---------|



* Summary:
+-----------+--------+--------+--------+
|           |  Delay |   FF   |   LUT  |
+-----------+--------+--------+--------+
|  Function |    -   |    0   |   48   |
|   Memory  |    -   |    -   |    -   |
|Multiplexer|    6   |    -   |   36   |
|  Register |    -   |   108  |    -   |
+-----------+--------+--------+--------+
|   Total   |    6   |   108  |   84   |
+-----------+--------+--------+--------+
