/data-ssd/home/xiangchenmeng/work/Crypto/Crypto/solution1/.autopilot/db/DATAMemory.pp.0.cpp:1317:7: warning: Added loop label VITIS_LOOP_1223_1:   [xilinx-label-all-loops]
      for (i = 0; i < __N - 1; ++i) {
      ^~~
      VITIS_LOOP_1223_1: 
/data-ssd/home/xiangchenmeng/work/Crypto/Crypto/solution1/.autopilot/db/DATAMemory.pp.0.cpp:1317:7: note: FIX-IT applied suggested code changes
/data-ssd/home/xiangchenmeng/work/Crypto/Crypto/solution1/.autopilot/db/DATAMemory.pp.0.cpp:2291:5: warning: Added loop label VITIS_LOOP_676_1:   [xilinx-label-all-loops]
    for (unsigned i = low; i != high; ++i) {
    ^~~
    VITIS_LOOP_676_1: 
/data-ssd/home/xiangchenmeng/work/Crypto/Crypto/solution1/.autopilot/db/DATAMemory.pp.0.cpp:2291:5: note: FIX-IT applied suggested code changes
/data-ssd/home/xiangchenmeng/work/Crypto/Crypto/solution1/.autopilot/db/DATAMemory.pp.0.cpp:2305:5: warning: Added loop label VITIS_LOOP_690_1:   [xilinx-label-all-loops]
    for (unsigned i = low; i != high; ++i) {
    ^~~
    VITIS_LOOP_690_1: 
/data-ssd/home/xiangchenmeng/work/Crypto/Crypto/solution1/.autopilot/db/DATAMemory.pp.0.cpp:2305:5: note: FIX-IT applied suggested code changes
/data-ssd/home/xiangchenmeng/work/Crypto/Crypto/solution1/.autopilot/db/DATAMemory.pp.0.cpp:2319:5: warning: Added loop label VITIS_LOOP_704_1:   [xilinx-label-all-loops]
    for (unsigned i = low; i != high; ++i) {
    ^~~
    VITIS_LOOP_704_1: 
/data-ssd/home/xiangchenmeng/work/Crypto/Crypto/solution1/.autopilot/db/DATAMemory.pp.0.cpp:2319:5: note: FIX-IT applied suggested code changes
/data-ssd/home/xiangchenmeng/work/Crypto/Crypto/solution1/.autopilot/db/DATAMemory.pp.0.cpp:3948:7: warning: Added loop label VITIS_LOOP_1247_1:   [xilinx-label-all-loops]
      for (i = 0; i < __N - 1; ++i) {
      ^~~
      VITIS_LOOP_1247_1: 
/data-ssd/home/xiangchenmeng/work/Crypto/Crypto/solution1/.autopilot/db/DATAMemory.pp.0.cpp:3948:7: note: FIX-IT applied suggested code changes
/data-ssd/home/xiangchenmeng/work/Crypto/Crypto/solution1/.autopilot/db/DATAMemory.pp.0.cpp:38364:5: warning: Added loop label VITIS_LOOP_7_1:   [xilinx-label-all-loops]
    for(int i = 0; i < BANKNum; i++){
    ^~~
    VITIS_LOOP_7_1: 
/data-ssd/home/xiangchenmeng/work/Crypto/Crypto/solution1/.autopilot/db/DATAMemory.pp.0.cpp:38364:5: note: FIX-IT applied suggested code changes
/data-ssd/home/xiangchenmeng/work/Crypto/Crypto/solution1/.autopilot/db/DATAMemory.pp.0.cpp:38370:5: warning: Added loop label VITIS_LOOP_13_1:   [xilinx-label-all-loops]
    for(int i = 0; i < BANKNum; i++){
    ^~~
    VITIS_LOOP_13_1: 
/data-ssd/home/xiangchenmeng/work/Crypto/Crypto/solution1/.autopilot/db/DATAMemory.pp.0.cpp:38370:5: note: FIX-IT applied suggested code changes
