

================================================================
== Vitis HLS Report for 'MUL_MOD_2'
================================================================
* Date:           Wed Feb  5 12:49:43 2025

* Version:        2023.1 (Build 3854077 on May  4 2023)
* Project:        Crypto
* Solution:       solution1 (Vivado IP Flow Target)
* Product family: zynq
* Target device:  xc7z020-clg400-1


================================================================
== Performance Estimates
================================================================
+ Timing: 
    * Summary: 
    +--------+---------+----------+------------+
    |  Clock |  Target | Estimated| Uncertainty|
    +--------+---------+----------+------------+
    |ap_clk  |  7.00 ns|  5.056 ns|     1.89 ns|
    +--------+---------+----------+------------+

+ Latency: 
    * Summary: 
    +---------+---------+-----------+-----------+-----+-----+---------+
    |  Latency (cycles) |   Latency (absolute)  |  Interval | Pipeline|
    |   min   |   max   |    min    |    max    | min | max |   Type  |
    +---------+---------+-----------+-----------+-----+-----+---------+
    |       14|       14|  98.000 ns|  98.000 ns|    1|    1|      yes|
    +---------+---------+-----------+-----------+-----+-----+---------+

    + Detail: 
        * Instance: 
        N/A

        * Loop: 
        N/A

============================================================
+ Verbose Summary: Synthesis Manager
============================================================
InlineROM: 1
ExposeGlobal: 0
============================================================
+ Verbose Summary: CDFG Model
============================================================
IsTopModel: 0
ResetActiveHigh: 1
IsCombinational: 0
IsDatapathOnly: 0
HasWiredReturn: 1
HasMFsm: 2
HasVarLatency: 0
IsPipeline: 1
IsRtlPipelined: 1
IsInstanceOverlapped: 0
IsDontTouch: 0
HasImplIP: 0
IsGatedGlobalClock: 0

+ Individual pipeline summary: 
  * Pipeline-0: initiation interval (II) = 1, depth = 15


============================================================
+ Verbose Summary: Schedule
============================================================
* Number of FSM states : 15
* Pipeline : 1
  Pipeline-0 : II = 1, D = 15, States = { 1 2 3 4 5 6 7 8 9 10 11 12 13 14 15 }
* Dataflow Pipeline: 0

* FSM state transitions: 
1 --> 2 
2 --> 3 
3 --> 4 
4 --> 5 
5 --> 6 
6 --> 7 
7 --> 8 
8 --> 9 
9 --> 10 
10 --> 11 
11 --> 12 
12 --> 13 
13 --> 14 
14 --> 15 
15 --> 

* FSM state operations: 

State 1 <SV = 0> <Delay = 3.34>
ST_1 : Operation 16 [1/1] (0.00ns)   --->   "%MOD_INDEX_read = read i2 @_ssdm_op_Read.ap_auto.i2, i2 %MOD_INDEX" [Arithmetic.cpp:62]   --->   Operation 16 'read' 'MOD_INDEX_read' <Predicate = true> <Delay = 0.00>
ST_1 : Operation 17 [1/1] (0.00ns)   --->   "%input2_val_read = read i32 @_ssdm_op_Read.ap_auto.i32, i32 %input2_val" [Arithmetic.cpp:62]   --->   Operation 17 'read' 'input2_val_read' <Predicate = true> <Delay = 0.00>
ST_1 : Operation 18 [1/1] (0.00ns)   --->   "%input1_val_read = read i32 @_ssdm_op_Read.ap_auto.i32, i32 %input1_val" [Arithmetic.cpp:62]   --->   Operation 18 'read' 'input1_val_read' <Predicate = true> <Delay = 0.00>
ST_1 : Operation 19 [1/1] (0.00ns)   --->   "%input2_low = trunc i32 %input2_val_read" [Arithmetic.cpp:62]   --->   Operation 19 'trunc' 'input2_low' <Predicate = true> <Delay = 0.00>
ST_1 : Operation 20 [1/1] (0.00ns)   --->   "%input1_low = trunc i32 %input1_val_read" [Arithmetic.cpp:62]   --->   Operation 20 'trunc' 'input1_low' <Predicate = true> <Delay = 0.00>
ST_1 : Operation 21 [1/1] (0.00ns)   --->   "%zext_ln17 = zext i16 %input1_low" [Arithmetic.cpp:17->Arithmetic.cpp:69]   --->   Operation 21 'zext' 'zext_ln17' <Predicate = true> <Delay = 0.00>
ST_1 : Operation 22 [1/1] (0.00ns)   --->   "%input1_high = partselect i16 @_ssdm_op_PartSelect.i16.i32.i32.i32, i32 %input1_val_read, i32 16, i32 31" [Arithmetic.cpp:18->Arithmetic.cpp:69]   --->   Operation 22 'partselect' 'input1_high' <Predicate = true> <Delay = 0.00>
ST_1 : Operation 23 [1/1] (0.00ns)   --->   "%zext_ln18 = zext i16 %input1_high" [Arithmetic.cpp:18->Arithmetic.cpp:69]   --->   Operation 23 'zext' 'zext_ln18' <Predicate = true> <Delay = 0.00>
ST_1 : Operation 24 [1/1] (0.00ns)   --->   "%zext_ln19 = zext i16 %input2_low" [Arithmetic.cpp:19->Arithmetic.cpp:69]   --->   Operation 24 'zext' 'zext_ln19' <Predicate = true> <Delay = 0.00>
ST_1 : Operation 25 [1/1] (0.00ns)   --->   "%input2_high = partselect i16 @_ssdm_op_PartSelect.i16.i32.i32.i32, i32 %input2_val_read, i32 16, i32 31" [Arithmetic.cpp:20->Arithmetic.cpp:69]   --->   Operation 25 'partselect' 'input2_high' <Predicate = true> <Delay = 0.00>
ST_1 : Operation 26 [1/1] (0.00ns)   --->   "%zext_ln20 = zext i16 %input2_high" [Arithmetic.cpp:20->Arithmetic.cpp:69]   --->   Operation 26 'zext' 'zext_ln20' <Predicate = true> <Delay = 0.00>
ST_1 : Operation 27 [2/2] (3.34ns)   --->   "%temp1 = mul i32 %zext_ln19, i32 %zext_ln17" [Arithmetic.cpp:22->Arithmetic.cpp:69]   --->   Operation 27 'mul' 'temp1' <Predicate = true> <Delay = 3.34> <CoreInst = "Multiplier">   --->   Core 3 'Multiplier' <Latency = 1> <II = 1> <Delay = 3.34> <FuncUnit> <Opcode : 'mul'> <InPorts = 2> <OutPorts = 1>
ST_1 : Operation 28 [2/2] (3.34ns)   --->   "%temp2 = mul i32 %zext_ln20, i32 %zext_ln17" [Arithmetic.cpp:23->Arithmetic.cpp:69]   --->   Operation 28 'mul' 'temp2' <Predicate = true> <Delay = 3.34> <CoreInst = "Multiplier">   --->   Core 3 'Multiplier' <Latency = 1> <II = 1> <Delay = 3.34> <FuncUnit> <Opcode : 'mul'> <InPorts = 2> <OutPorts = 1>
ST_1 : Operation 29 [3/3] (1.05ns) (grouped into DSP with root node add_ln30)   --->   "%temp3 = mul i32 %zext_ln19, i32 %zext_ln18" [Arithmetic.cpp:24->Arithmetic.cpp:69]   --->   Operation 29 'mul' 'temp3' <Predicate = true> <Delay = 1.05> <CoreInst = "DSP48">   --->   Core 119 'DSP48' <Latency = 3> <II = 1> <Delay = 2.15> <IPBlock> <Opcode : '<invalid operator> ' 'mul' 'add' 'sub' 'select'> <InPorts = 0> <OutPorts = 1> <Sync> <CReg>
ST_1 : Operation 30 [2/2] (3.34ns)   --->   "%temp4 = mul i32 %zext_ln20, i32 %zext_ln18" [Arithmetic.cpp:25->Arithmetic.cpp:69]   --->   Operation 30 'mul' 'temp4' <Predicate = true> <Delay = 3.34> <CoreInst = "Multiplier">   --->   Core 3 'Multiplier' <Latency = 1> <II = 1> <Delay = 3.34> <FuncUnit> <Opcode : 'mul'> <InPorts = 2> <OutPorts = 1>

State 2 <SV = 1> <Delay = 3.34>
ST_2 : Operation 31 [1/2] (3.34ns)   --->   "%temp1 = mul i32 %zext_ln19, i32 %zext_ln17" [Arithmetic.cpp:22->Arithmetic.cpp:69]   --->   Operation 31 'mul' 'temp1' <Predicate = true> <Delay = 3.34> <CoreInst = "Multiplier">   --->   Core 3 'Multiplier' <Latency = 1> <II = 1> <Delay = 3.34> <FuncUnit> <Opcode : 'mul'> <InPorts = 2> <OutPorts = 1>
ST_2 : Operation 32 [1/2] (3.34ns)   --->   "%temp2 = mul i32 %zext_ln20, i32 %zext_ln17" [Arithmetic.cpp:23->Arithmetic.cpp:69]   --->   Operation 32 'mul' 'temp2' <Predicate = true> <Delay = 3.34> <CoreInst = "Multiplier">   --->   Core 3 'Multiplier' <Latency = 1> <II = 1> <Delay = 3.34> <FuncUnit> <Opcode : 'mul'> <InPorts = 2> <OutPorts = 1>
ST_2 : Operation 33 [2/3] (1.05ns) (grouped into DSP with root node add_ln30)   --->   "%temp3 = mul i32 %zext_ln19, i32 %zext_ln18" [Arithmetic.cpp:24->Arithmetic.cpp:69]   --->   Operation 33 'mul' 'temp3' <Predicate = true> <Delay = 1.05> <CoreInst = "DSP48">   --->   Core 119 'DSP48' <Latency = 3> <II = 1> <Delay = 2.15> <IPBlock> <Opcode : '<invalid operator> ' 'mul' 'add' 'sub' 'select'> <InPorts = 0> <OutPorts = 1> <Sync> <CReg>
ST_2 : Operation 34 [1/2] (3.34ns)   --->   "%temp4 = mul i32 %zext_ln20, i32 %zext_ln18" [Arithmetic.cpp:25->Arithmetic.cpp:69]   --->   Operation 34 'mul' 'temp4' <Predicate = true> <Delay = 3.34> <CoreInst = "Multiplier">   --->   Core 3 'Multiplier' <Latency = 1> <II = 1> <Delay = 3.34> <FuncUnit> <Opcode : 'mul'> <InPorts = 2> <OutPorts = 1>

State 3 <SV = 2> <Delay = 2.10>
ST_3 : Operation 35 [1/3] (0.00ns) (grouped into DSP with root node add_ln30)   --->   "%temp3 = mul i32 %zext_ln19, i32 %zext_ln18" [Arithmetic.cpp:24->Arithmetic.cpp:69]   --->   Operation 35 'mul' 'temp3' <Predicate = true> <Delay = 0.00> <CoreInst = "DSP48">   --->   Core 119 'DSP48' <Latency = 3> <II = 1> <Delay = 2.15> <IPBlock> <Opcode : '<invalid operator> ' 'mul' 'add' 'sub' 'select'> <InPorts = 0> <OutPorts = 1> <Sync> <CReg>
ST_3 : Operation 36 [1/1] (0.00ns)   --->   "%zext_ln30 = zext i32 %temp2" [Arithmetic.cpp:30->Arithmetic.cpp:69]   --->   Operation 36 'zext' 'zext_ln30' <Predicate = true> <Delay = 0.00>
ST_3 : Operation 37 [1/1] (0.00ns) (grouped into DSP with root node add_ln30)   --->   "%zext_ln30_1 = zext i32 %temp3" [Arithmetic.cpp:30->Arithmetic.cpp:69]   --->   Operation 37 'zext' 'zext_ln30_1' <Predicate = true> <Delay = 0.00>
ST_3 : Operation 38 [2/2] (2.10ns) (root node of the DSP)   --->   "%add_ln30 = add i33 %zext_ln30, i33 %zext_ln30_1" [Arithmetic.cpp:30->Arithmetic.cpp:69]   --->   Operation 38 'add' 'add_ln30' <Predicate = true> <Delay = 2.10> <CoreInst = "DSP48">   --->   Core 119 'DSP48' <Latency = 3> <II = 1> <Delay = 2.15> <IPBlock> <Opcode : '<invalid operator> ' 'mul' 'add' 'sub' 'select'> <InPorts = 0> <OutPorts = 1> <Sync> <CReg>

State 4 <SV = 3> <Delay = 2.10>
ST_4 : Operation 39 [1/2] (2.10ns) (root node of the DSP)   --->   "%add_ln30 = add i33 %zext_ln30, i33 %zext_ln30_1" [Arithmetic.cpp:30->Arithmetic.cpp:69]   --->   Operation 39 'add' 'add_ln30' <Predicate = true> <Delay = 2.10> <CoreInst = "DSP48">   --->   Core 119 'DSP48' <Latency = 3> <II = 1> <Delay = 2.15> <IPBlock> <Opcode : '<invalid operator> ' 'mul' 'add' 'sub' 'select'> <InPorts = 0> <OutPorts = 1> <Sync> <CReg>

State 5 <SV = 4> <Delay = 3.52>
ST_5 : Operation 40 [1/1] (0.00ns)   --->   "%sum1 = bitconcatenate i64 @_ssdm_op_BitConcatenate.i64.i32.i32, i32 %temp4, i32 %temp1" [Arithmetic.cpp:29->Arithmetic.cpp:69]   --->   Operation 40 'bitconcatenate' 'sum1' <Predicate = true> <Delay = 0.00>
ST_5 : Operation 41 [1/1] (0.00ns)   --->   "%sum2 = bitconcatenate i49 @_ssdm_op_BitConcatenate.i49.i33.i16, i33 %add_ln30, i16 0" [Arithmetic.cpp:30->Arithmetic.cpp:69]   --->   Operation 41 'bitconcatenate' 'sum2' <Predicate = true> <Delay = 0.00>
ST_5 : Operation 42 [1/1] (0.00ns)   --->   "%zext_ln28 = zext i49 %sum2" [Arithmetic.cpp:28->Arithmetic.cpp:69]   --->   Operation 42 'zext' 'zext_ln28' <Predicate = true> <Delay = 0.00>
ST_5 : Operation 43 [1/1] (3.52ns)   --->   "%res_mult = add i64 %sum1, i64 %zext_ln28" [Arithmetic.cpp:32->Arithmetic.cpp:69]   --->   Operation 43 'add' 'res_mult' <Predicate = true> <Delay = 3.52> <CoreInst = "Adder">   --->   Core 1 'Adder' <Latency = 0> <II = 1> <Delay = 3.52> <FuncUnit> <Opcode : 'add' 'sub'> <InPorts = 2> <OutPorts = 1>
ST_5 : Operation 44 [1/1] (0.00ns)   --->   "%input1_low_1 = partselect i16 @_ssdm_op_PartSelect.i16.i64.i32.i32, i64 %res_mult, i32 30, i32 45" [Arithmetic.cpp:73]   --->   Operation 44 'partselect' 'input1_low_1' <Predicate = true> <Delay = 0.00>
ST_5 : Operation 45 [1/1] (0.00ns)   --->   "%input1_high_1 = partselect i16 @_ssdm_op_PartSelect.i16.i64.i32.i32, i64 %res_mult, i32 46, i32 61" [Arithmetic.cpp:18->Arithmetic.cpp:75]   --->   Operation 45 'partselect' 'input1_high_1' <Predicate = true> <Delay = 0.00>

State 6 <SV = 5> <Delay = 5.05>
ST_6 : Operation 46 [1/1] (1.70ns)   --->   "%m = mux i20 @_ssdm_op_Mux.ap_auto.3i20.i2, i20 1015804, i20 753680, i20 524347, i2 %MOD_INDEX_read" [Arithmetic.cpp:64]   --->   Operation 46 'mux' 'm' <Predicate = true> <Delay = 1.70> <CoreInst = "Multiplexer">   --->   Core 76 'Multiplexer' <Latency = 0> <II = 1> <Delay = 1.70> <FuncUnit> <Opcode : 'mux'> <InPorts = 2> <OutPorts = 1>
ST_6 : Operation 47 [1/1] (0.00ns)   --->   "%input2_low_1 = trunc i20 %m" [Arithmetic.cpp:64]   --->   Operation 47 'trunc' 'input2_low_1' <Predicate = true> <Delay = 0.00>
ST_6 : Operation 48 [1/1] (0.00ns)   --->   "%zext_ln17_1 = zext i16 %input1_low_1" [Arithmetic.cpp:17->Arithmetic.cpp:75]   --->   Operation 48 'zext' 'zext_ln17_1' <Predicate = true> <Delay = 0.00>
ST_6 : Operation 49 [1/1] (0.00ns)   --->   "%zext_ln18_1 = zext i16 %input1_high_1" [Arithmetic.cpp:18->Arithmetic.cpp:75]   --->   Operation 49 'zext' 'zext_ln18_1' <Predicate = true> <Delay = 0.00>
ST_6 : Operation 50 [1/1] (0.00ns)   --->   "%zext_ln19_1 = zext i16 %input2_low_1" [Arithmetic.cpp:19->Arithmetic.cpp:75]   --->   Operation 50 'zext' 'zext_ln19_1' <Predicate = true> <Delay = 0.00>
ST_6 : Operation 51 [1/1] (0.00ns)   --->   "%input2_high_1 = partselect i4 @_ssdm_op_PartSelect.i4.i20.i32.i32, i20 %m, i32 16, i32 19" [Arithmetic.cpp:20->Arithmetic.cpp:75]   --->   Operation 51 'partselect' 'input2_high_1' <Predicate = true> <Delay = 0.00>
ST_6 : Operation 52 [1/1] (0.00ns)   --->   "%sext_ln20 = sext i4 %input2_high_1" [Arithmetic.cpp:20->Arithmetic.cpp:75]   --->   Operation 52 'sext' 'sext_ln20' <Predicate = true> <Delay = 0.00>
ST_6 : Operation 53 [1/1] (0.00ns)   --->   "%zext_ln20_1 = zext i16 %sext_ln20" [Arithmetic.cpp:20->Arithmetic.cpp:75]   --->   Operation 53 'zext' 'zext_ln20_1' <Predicate = true> <Delay = 0.00>
ST_6 : Operation 54 [2/2] (3.34ns)   --->   "%temp1_1 = mul i32 %zext_ln17_1, i32 %zext_ln19_1" [Arithmetic.cpp:22->Arithmetic.cpp:75]   --->   Operation 54 'mul' 'temp1_1' <Predicate = true> <Delay = 3.34> <CoreInst = "Multiplier">   --->   Core 3 'Multiplier' <Latency = 1> <II = 1> <Delay = 3.34> <FuncUnit> <Opcode : 'mul'> <InPorts = 2> <OutPorts = 1>
ST_6 : Operation 55 [2/2] (3.34ns)   --->   "%temp2_1 = mul i32 %zext_ln17_1, i32 %zext_ln20_1" [Arithmetic.cpp:23->Arithmetic.cpp:75]   --->   Operation 55 'mul' 'temp2_1' <Predicate = true> <Delay = 3.34> <CoreInst = "Multiplier">   --->   Core 3 'Multiplier' <Latency = 1> <II = 1> <Delay = 3.34> <FuncUnit> <Opcode : 'mul'> <InPorts = 2> <OutPorts = 1>
ST_6 : Operation 56 [2/2] (3.34ns)   --->   "%temp3_1 = mul i32 %zext_ln18_1, i32 %zext_ln19_1" [Arithmetic.cpp:24->Arithmetic.cpp:75]   --->   Operation 56 'mul' 'temp3_1' <Predicate = true> <Delay = 3.34> <CoreInst = "Multiplier">   --->   Core 3 'Multiplier' <Latency = 1> <II = 1> <Delay = 3.34> <FuncUnit> <Opcode : 'mul'> <InPorts = 2> <OutPorts = 1>
ST_6 : Operation 57 [2/2] (3.34ns)   --->   "%temp4_1 = mul i32 %zext_ln18_1, i32 %zext_ln20_1" [Arithmetic.cpp:25->Arithmetic.cpp:75]   --->   Operation 57 'mul' 'temp4_1' <Predicate = true> <Delay = 3.34> <CoreInst = "Multiplier">   --->   Core 3 'Multiplier' <Latency = 1> <II = 1> <Delay = 3.34> <FuncUnit> <Opcode : 'mul'> <InPorts = 2> <OutPorts = 1>

State 7 <SV = 6> <Delay = 3.34>
ST_7 : Operation 58 [1/2] (3.34ns)   --->   "%temp1_1 = mul i32 %zext_ln17_1, i32 %zext_ln19_1" [Arithmetic.cpp:22->Arithmetic.cpp:75]   --->   Operation 58 'mul' 'temp1_1' <Predicate = true> <Delay = 3.34> <CoreInst = "Multiplier">   --->   Core 3 'Multiplier' <Latency = 1> <II = 1> <Delay = 3.34> <FuncUnit> <Opcode : 'mul'> <InPorts = 2> <OutPorts = 1>
ST_7 : Operation 59 [1/2] (3.34ns)   --->   "%temp2_1 = mul i32 %zext_ln17_1, i32 %zext_ln20_1" [Arithmetic.cpp:23->Arithmetic.cpp:75]   --->   Operation 59 'mul' 'temp2_1' <Predicate = true> <Delay = 3.34> <CoreInst = "Multiplier">   --->   Core 3 'Multiplier' <Latency = 1> <II = 1> <Delay = 3.34> <FuncUnit> <Opcode : 'mul'> <InPorts = 2> <OutPorts = 1>
ST_7 : Operation 60 [1/2] (3.34ns)   --->   "%temp3_1 = mul i32 %zext_ln18_1, i32 %zext_ln19_1" [Arithmetic.cpp:24->Arithmetic.cpp:75]   --->   Operation 60 'mul' 'temp3_1' <Predicate = true> <Delay = 3.34> <CoreInst = "Multiplier">   --->   Core 3 'Multiplier' <Latency = 1> <II = 1> <Delay = 3.34> <FuncUnit> <Opcode : 'mul'> <InPorts = 2> <OutPorts = 1>
ST_7 : Operation 61 [1/2] (3.34ns)   --->   "%temp4_1 = mul i32 %zext_ln18_1, i32 %zext_ln20_1" [Arithmetic.cpp:25->Arithmetic.cpp:75]   --->   Operation 61 'mul' 'temp4_1' <Predicate = true> <Delay = 3.34> <CoreInst = "Multiplier">   --->   Core 3 'Multiplier' <Latency = 1> <II = 1> <Delay = 3.34> <FuncUnit> <Opcode : 'mul'> <InPorts = 2> <OutPorts = 1>
ST_7 : Operation 62 [1/1] (0.00ns)   --->   "%trunc_ln29 = trunc i32 %temp4_1" [Arithmetic.cpp:29->Arithmetic.cpp:75]   --->   Operation 62 'trunc' 'trunc_ln29' <Predicate = true> <Delay = 0.00>

State 8 <SV = 7> <Delay = 2.55>
ST_8 : Operation 63 [1/1] (0.00ns)   --->   "%zext_ln30_2 = zext i32 %temp2_1" [Arithmetic.cpp:30->Arithmetic.cpp:75]   --->   Operation 63 'zext' 'zext_ln30_2' <Predicate = true> <Delay = 0.00>
ST_8 : Operation 64 [1/1] (0.00ns)   --->   "%zext_ln30_3 = zext i32 %temp3_1" [Arithmetic.cpp:30->Arithmetic.cpp:75]   --->   Operation 64 'zext' 'zext_ln30_3' <Predicate = true> <Delay = 0.00>
ST_8 : Operation 65 [1/1] (2.55ns)   --->   "%add_ln30_3 = add i32 %temp2_1, i32 %temp3_1" [Arithmetic.cpp:30->Arithmetic.cpp:75]   --->   Operation 65 'add' 'add_ln30_3' <Predicate = true> <Delay = 2.55> <CoreInst = "Adder">   --->   Core 1 'Adder' <Latency = 0> <II = 1> <Delay = 2.55> <FuncUnit> <Opcode : 'add' 'sub'> <InPorts = 2> <OutPorts = 1>
ST_8 : Operation 66 [1/1] (2.55ns)   --->   "%add_ln30_1 = add i33 %zext_ln30_2, i33 %zext_ln30_3" [Arithmetic.cpp:30->Arithmetic.cpp:75]   --->   Operation 66 'add' 'add_ln30_1' <Predicate = true> <Delay = 2.55> <CoreInst = "Adder">   --->   Core 1 'Adder' <Latency = 0> <II = 1> <Delay = 2.55> <FuncUnit> <Opcode : 'add' 'sub'> <InPorts = 2> <OutPorts = 1>

State 9 <SV = 8> <Delay = 3.52>
ST_9 : Operation 67 [1/1] (0.00ns)   --->   "%sum1_1 = bitconcatenate i64 @_ssdm_op_BitConcatenate.i64.i32.i32, i32 %temp4_1, i32 %temp1_1" [Arithmetic.cpp:29->Arithmetic.cpp:75]   --->   Operation 67 'bitconcatenate' 'sum1_1' <Predicate = true> <Delay = 0.00>
ST_9 : Operation 68 [1/1] (0.00ns)   --->   "%sum2_1 = bitconcatenate i49 @_ssdm_op_BitConcatenate.i49.i33.i16, i33 %add_ln30_1, i16 0" [Arithmetic.cpp:30->Arithmetic.cpp:75]   --->   Operation 68 'bitconcatenate' 'sum2_1' <Predicate = true> <Delay = 0.00>
ST_9 : Operation 69 [1/1] (0.00ns)   --->   "%zext_ln28_1 = zext i49 %sum2_1" [Arithmetic.cpp:28->Arithmetic.cpp:75]   --->   Operation 69 'zext' 'zext_ln28_1' <Predicate = true> <Delay = 0.00>
ST_9 : Operation 70 [1/1] (0.00ns)   --->   "%tmp = bitconcatenate i48 @_ssdm_op_BitConcatenate.i48.i16.i32, i16 %trunc_ln29, i32 %temp1_1" [Arithmetic.cpp:32->Arithmetic.cpp:75]   --->   Operation 70 'bitconcatenate' 'tmp' <Predicate = true> <Delay = 0.00>
ST_9 : Operation 71 [1/1] (0.00ns)   --->   "%trunc_ln2 = bitconcatenate i48 @_ssdm_op_BitConcatenate.i48.i32.i16, i32 %add_ln30_3, i16 0" [Arithmetic.cpp:32->Arithmetic.cpp:75]   --->   Operation 71 'bitconcatenate' 'trunc_ln2' <Predicate = true> <Delay = 0.00>
ST_9 : Operation 72 [1/1] (3.52ns)   --->   "%res_mult_shift = add i64 %zext_ln28_1, i64 %sum1_1" [Arithmetic.cpp:32->Arithmetic.cpp:75]   --->   Operation 72 'add' 'res_mult_shift' <Predicate = true> <Delay = 3.52> <CoreInst = "Adder">   --->   Core 1 'Adder' <Latency = 0> <II = 1> <Delay = 3.52> <FuncUnit> <Opcode : 'add' 'sub'> <InPorts = 2> <OutPorts = 1>
ST_9 : Operation 73 [1/1] (3.10ns)   --->   "%add_ln74 = add i48 %trunc_ln2, i48 %tmp" [Arithmetic.cpp:74]   --->   Operation 73 'add' 'add_ln74' <Predicate = true> <Delay = 3.10> <CoreInst = "Adder">   --->   Core 1 'Adder' <Latency = 0> <II = 1> <Delay = 3.10> <FuncUnit> <Opcode : 'add' 'sub'> <InPorts = 2> <OutPorts = 1>
ST_9 : Operation 74 [1/1] (0.00ns)   --->   "%res_mult_shift_part = partselect i16 @_ssdm_op_PartSelect.i16.i48.i32.i32, i48 %add_ln74, i32 32, i32 47" [Arithmetic.cpp:80]   --->   Operation 74 'partselect' 'res_mult_shift_part' <Predicate = true> <Delay = 0.00>
ST_9 : Operation 75 [1/1] (0.00ns)   --->   "%trunc_ln3 = partselect i16 @_ssdm_op_PartSelect.i16.i64.i32.i32, i64 %res_mult_shift, i32 48, i32 63" [Arithmetic.cpp:24->Arithmetic.cpp:81]   --->   Operation 75 'partselect' 'trunc_ln3' <Predicate = true> <Delay = 0.00>

State 10 <SV = 9> <Delay = 5.05>
ST_10 : Operation 76 [1/1] (1.70ns)   --->   "%mod = mux i31 @_ssdm_op_Mux.ap_auto.3i31.i2, i31 1073750017, i31 1073815553, i31 1073872897, i2 %MOD_INDEX_read" [Arithmetic.cpp:89]   --->   Operation 76 'mux' 'mod' <Predicate = true> <Delay = 1.70> <CoreInst = "Multiplexer">   --->   Core 76 'Multiplexer' <Latency = 0> <II = 1> <Delay = 1.70> <FuncUnit> <Opcode : 'mux'> <InPorts = 2> <OutPorts = 1>
ST_10 : Operation 77 [1/1] (0.00ns)   --->   "%input2_low_2 = trunc i31 %mod" [Arithmetic.cpp:62]   --->   Operation 77 'trunc' 'input2_low_2' <Predicate = true> <Delay = 0.00>
ST_10 : Operation 78 [1/1] (0.00ns)   --->   "%zext_ln17_2 = zext i16 %res_mult_shift_part" [Arithmetic.cpp:17->Arithmetic.cpp:81]   --->   Operation 78 'zext' 'zext_ln17_2' <Predicate = true> <Delay = 0.00>
ST_10 : Operation 79 [1/1] (0.00ns)   --->   "%zext_ln17_3 = zext i16 %res_mult_shift_part" [Arithmetic.cpp:17->Arithmetic.cpp:81]   --->   Operation 79 'zext' 'zext_ln17_3' <Predicate = true> <Delay = 0.00>
ST_10 : Operation 80 [1/1] (0.00ns)   --->   "%zext_ln19_2 = zext i16 %input2_low_2" [Arithmetic.cpp:19->Arithmetic.cpp:81]   --->   Operation 80 'zext' 'zext_ln19_2' <Predicate = true> <Delay = 0.00>
ST_10 : Operation 81 [1/1] (0.00ns)   --->   "%input2_high_2 = partselect i15 @_ssdm_op_PartSelect.i15.i31.i32.i32, i31 %mod, i32 16, i32 30" [Arithmetic.cpp:20->Arithmetic.cpp:81]   --->   Operation 81 'partselect' 'input2_high_2' <Predicate = true> <Delay = 0.00>
ST_10 : Operation 82 [1/1] (0.00ns)   --->   "%zext_ln20_2 = zext i15 %input2_high_2" [Arithmetic.cpp:20->Arithmetic.cpp:81]   --->   Operation 82 'zext' 'zext_ln20_2' <Predicate = true> <Delay = 0.00>
ST_10 : Operation 83 [2/2] (3.34ns)   --->   "%temp1_2 = mul i32 %zext_ln17_2, i32 %zext_ln19_2" [Arithmetic.cpp:22->Arithmetic.cpp:81]   --->   Operation 83 'mul' 'temp1_2' <Predicate = true> <Delay = 3.34> <CoreInst = "Multiplier">   --->   Core 3 'Multiplier' <Latency = 1> <II = 1> <Delay = 3.34> <FuncUnit> <Opcode : 'mul'> <InPorts = 2> <OutPorts = 1>
ST_10 : Operation 84 [3/3] (1.05ns) (grouped into DSP with root node add_ln30_2)   --->   "%temp2_2 = mul i31 %zext_ln17_3, i31 %zext_ln20_2" [Arithmetic.cpp:23->Arithmetic.cpp:81]   --->   Operation 84 'mul' 'temp2_2' <Predicate = true> <Delay = 1.05> <CoreInst = "DSP48">   --->   Core 119 'DSP48' <Latency = 3> <II = 1> <Delay = 2.15> <IPBlock> <Opcode : '<invalid operator> ' 'mul' 'add' 'sub' 'select'> <InPorts = 0> <OutPorts = 1> <Sync> <CReg>
ST_10 : Operation 85 [1/1] (0.00ns)   --->   "%zext_ln24 = zext i16 %trunc_ln3" [Arithmetic.cpp:24->Arithmetic.cpp:81]   --->   Operation 85 'zext' 'zext_ln24' <Predicate = true> <Delay = 0.00>
ST_10 : Operation 86 [1/1] (0.00ns)   --->   "%zext_ln24_1 = zext i16 %trunc_ln3" [Arithmetic.cpp:24->Arithmetic.cpp:81]   --->   Operation 86 'zext' 'zext_ln24_1' <Predicate = true> <Delay = 0.00>
ST_10 : Operation 87 [2/2] (3.34ns)   --->   "%temp3_2 = mul i32 %zext_ln19_2, i32 %zext_ln24" [Arithmetic.cpp:24->Arithmetic.cpp:81]   --->   Operation 87 'mul' 'temp3_2' <Predicate = true> <Delay = 3.34> <CoreInst = "Multiplier">   --->   Core 3 'Multiplier' <Latency = 1> <II = 1> <Delay = 3.34> <FuncUnit> <Opcode : 'mul'> <InPorts = 2> <OutPorts = 1>
ST_10 : Operation 88 [2/2] (3.34ns)   --->   "%temp4_2 = mul i31 %zext_ln20_2, i31 %zext_ln24_1" [Arithmetic.cpp:25->Arithmetic.cpp:81]   --->   Operation 88 'mul' 'temp4_2' <Predicate = true> <Delay = 3.34> <CoreInst = "Multiplier">   --->   Core 3 'Multiplier' <Latency = 1> <II = 1> <Delay = 3.34> <FuncUnit> <Opcode : 'mul'> <InPorts = 2> <OutPorts = 1>

State 11 <SV = 10> <Delay = 3.34>
ST_11 : Operation 89 [1/2] (3.34ns)   --->   "%temp1_2 = mul i32 %zext_ln17_2, i32 %zext_ln19_2" [Arithmetic.cpp:22->Arithmetic.cpp:81]   --->   Operation 89 'mul' 'temp1_2' <Predicate = true> <Delay = 3.34> <CoreInst = "Multiplier">   --->   Core 3 'Multiplier' <Latency = 1> <II = 1> <Delay = 3.34> <FuncUnit> <Opcode : 'mul'> <InPorts = 2> <OutPorts = 1>
ST_11 : Operation 90 [2/3] (1.05ns) (grouped into DSP with root node add_ln30_2)   --->   "%temp2_2 = mul i31 %zext_ln17_3, i31 %zext_ln20_2" [Arithmetic.cpp:23->Arithmetic.cpp:81]   --->   Operation 90 'mul' 'temp2_2' <Predicate = true> <Delay = 1.05> <CoreInst = "DSP48">   --->   Core 119 'DSP48' <Latency = 3> <II = 1> <Delay = 2.15> <IPBlock> <Opcode : '<invalid operator> ' 'mul' 'add' 'sub' 'select'> <InPorts = 0> <OutPorts = 1> <Sync> <CReg>
ST_11 : Operation 91 [1/2] (3.34ns)   --->   "%temp3_2 = mul i32 %zext_ln19_2, i32 %zext_ln24" [Arithmetic.cpp:24->Arithmetic.cpp:81]   --->   Operation 91 'mul' 'temp3_2' <Predicate = true> <Delay = 3.34> <CoreInst = "Multiplier">   --->   Core 3 'Multiplier' <Latency = 1> <II = 1> <Delay = 3.34> <FuncUnit> <Opcode : 'mul'> <InPorts = 2> <OutPorts = 1>
ST_11 : Operation 92 [1/2] (3.34ns)   --->   "%temp4_2 = mul i31 %zext_ln20_2, i31 %zext_ln24_1" [Arithmetic.cpp:25->Arithmetic.cpp:81]   --->   Operation 92 'mul' 'temp4_2' <Predicate = true> <Delay = 3.34> <CoreInst = "Multiplier">   --->   Core 3 'Multiplier' <Latency = 1> <II = 1> <Delay = 3.34> <FuncUnit> <Opcode : 'mul'> <InPorts = 2> <OutPorts = 1>

State 12 <SV = 11> <Delay = 3.52>
ST_12 : Operation 93 [1/3] (0.00ns) (grouped into DSP with root node add_ln30_2)   --->   "%temp2_2 = mul i31 %zext_ln17_3, i31 %zext_ln20_2" [Arithmetic.cpp:23->Arithmetic.cpp:81]   --->   Operation 93 'mul' 'temp2_2' <Predicate = true> <Delay = 0.00> <CoreInst = "DSP48">   --->   Core 119 'DSP48' <Latency = 3> <II = 1> <Delay = 2.15> <IPBlock> <Opcode : '<invalid operator> ' 'mul' 'add' 'sub' 'select'> <InPorts = 0> <OutPorts = 1> <Sync> <CReg>
ST_12 : Operation 94 [1/1] (0.00ns)   --->   "%sum1_2 = bitconcatenate i63 @_ssdm_op_BitConcatenate.i63.i31.i32, i31 %temp4_2, i32 %temp1_2" [Arithmetic.cpp:29->Arithmetic.cpp:81]   --->   Operation 94 'bitconcatenate' 'sum1_2' <Predicate = true> <Delay = 0.00>
ST_12 : Operation 95 [1/1] (0.00ns)   --->   "%zext_ln28_2 = zext i63 %sum1_2" [Arithmetic.cpp:28->Arithmetic.cpp:81]   --->   Operation 95 'zext' 'zext_ln28_2' <Predicate = true> <Delay = 0.00>
ST_12 : Operation 96 [1/1] (0.00ns) (grouped into DSP with root node add_ln30_2)   --->   "%zext_ln30_4 = zext i31 %temp2_2" [Arithmetic.cpp:30->Arithmetic.cpp:81]   --->   Operation 96 'zext' 'zext_ln30_4' <Predicate = true> <Delay = 0.00>
ST_12 : Operation 97 [1/1] (0.00ns)   --->   "%zext_ln30_5 = zext i32 %temp3_2" [Arithmetic.cpp:30->Arithmetic.cpp:81]   --->   Operation 97 'zext' 'zext_ln30_5' <Predicate = true> <Delay = 0.00>
ST_12 : Operation 98 [2/2] (2.10ns) (root node of the DSP)   --->   "%add_ln30_2 = add i33 %zext_ln30_4, i33 %zext_ln30_5" [Arithmetic.cpp:30->Arithmetic.cpp:81]   --->   Operation 98 'add' 'add_ln30_2' <Predicate = true> <Delay = 2.10> <CoreInst = "DSP48">   --->   Core 119 'DSP48' <Latency = 3> <II = 1> <Delay = 2.15> <IPBlock> <Opcode : '<invalid operator> ' 'mul' 'add' 'sub' 'select'> <InPorts = 0> <OutPorts = 1> <Sync> <CReg>
ST_12 : Operation 99 [1/1] (3.52ns)   --->   "%res_shift = sub i64 %res_mult, i64 %zext_ln28_2" [Arithmetic.cpp:32->Arithmetic.cpp:81]   --->   Operation 99 'sub' 'res_shift' <Predicate = true> <Delay = 3.52> <CoreInst = "Adder">   --->   Core 1 'Adder' <Latency = 0> <II = 1> <Delay = 3.52> <FuncUnit> <Opcode : 'add' 'sub'> <InPorts = 2> <OutPorts = 1>

State 13 <SV = 12> <Delay = 2.10>
ST_13 : Operation 100 [1/2] (2.10ns) (root node of the DSP)   --->   "%add_ln30_2 = add i33 %zext_ln30_4, i33 %zext_ln30_5" [Arithmetic.cpp:30->Arithmetic.cpp:81]   --->   Operation 100 'add' 'add_ln30_2' <Predicate = true> <Delay = 2.10> <CoreInst = "DSP48">   --->   Core 119 'DSP48' <Latency = 3> <II = 1> <Delay = 2.15> <IPBlock> <Opcode : '<invalid operator> ' 'mul' 'add' 'sub' 'select'> <InPorts = 0> <OutPorts = 1> <Sync> <CReg>

State 14 <SV = 13> <Delay = 3.52>
ST_14 : Operation 101 [1/1] (0.00ns)   --->   "%sum2_2 = bitconcatenate i49 @_ssdm_op_BitConcatenate.i49.i33.i16, i33 %add_ln30_2, i16 0" [Arithmetic.cpp:30->Arithmetic.cpp:81]   --->   Operation 101 'bitconcatenate' 'sum2_2' <Predicate = true> <Delay = 0.00>
ST_14 : Operation 102 [1/1] (0.00ns)   --->   "%zext_ln28_3 = zext i49 %sum2_2" [Arithmetic.cpp:28->Arithmetic.cpp:81]   --->   Operation 102 'zext' 'zext_ln28_3' <Predicate = true> <Delay = 0.00>
ST_14 : Operation 103 [1/1] (3.52ns)   --->   "%sub_ln85 = sub i64 %res_shift, i64 %zext_ln28_3" [Arithmetic.cpp:85]   --->   Operation 103 'sub' 'sub_ln85' <Predicate = true> <Delay = 3.52> <CoreInst = "Adder">   --->   Core 1 'Adder' <Latency = 0> <II = 1> <Delay = 3.52> <FuncUnit> <Opcode : 'add' 'sub'> <InPorts = 2> <OutPorts = 1>

State 15 <SV = 14> <Delay = 4.21>
ST_15 : Operation 104 [1/1] (0.00ns)   --->   "%specpipeline_ln62 = specpipeline void @_ssdm_op_SpecPipeline, i32 4294967295, i32 0, i32 0, i32 0, void @empty_26" [Arithmetic.cpp:62]   --->   Operation 104 'specpipeline' 'specpipeline_ln62' <Predicate = true> <Delay = 0.00>
ST_15 : Operation 105 [1/1] (0.00ns)   --->   "%zext_ln89 = zext i31 %mod" [Arithmetic.cpp:89]   --->   Operation 105 'zext' 'zext_ln89' <Predicate = true> <Delay = 0.00>
ST_15 : Operation 106 [1/1] (3.52ns)   --->   "%sub_ln89 = sub i64 %sub_ln85, i64 %zext_ln89" [Arithmetic.cpp:89]   --->   Operation 106 'sub' 'sub_ln89' <Predicate = true> <Delay = 3.52> <CoreInst = "Adder">   --->   Core 1 'Adder' <Latency = 0> <II = 1> <Delay = 3.52> <FuncUnit> <Opcode : 'add' 'sub'> <InPorts = 2> <OutPorts = 1>
ST_15 : Operation 107 [1/1] (0.00ns)   --->   "%zext_ln90_cast = bitconcatenate i32 @_ssdm_op_BitConcatenate.i32.i31.i1, i31 %mod, i1 0" [Arithmetic.cpp:90]   --->   Operation 107 'bitconcatenate' 'zext_ln90_cast' <Predicate = true> <Delay = 0.00>
ST_15 : Operation 108 [1/1] (0.00ns)   --->   "%zext_ln90 = zext i32 %zext_ln90_cast" [Arithmetic.cpp:90]   --->   Operation 108 'zext' 'zext_ln90' <Predicate = true> <Delay = 0.00>
ST_15 : Operation 109 [1/1] (3.52ns)   --->   "%sub_ln90 = sub i64 %sub_ln85, i64 %zext_ln90" [Arithmetic.cpp:90]   --->   Operation 109 'sub' 'sub_ln90' <Predicate = true> <Delay = 3.52> <CoreInst = "Adder">   --->   Core 1 'Adder' <Latency = 0> <II = 1> <Delay = 3.52> <FuncUnit> <Opcode : 'add' 'sub'> <InPorts = 2> <OutPorts = 1>
ST_15 : Operation 110 [1/1] (0.00ns) (grouped into LUT with out node select_ln92_1)   --->   "%tmp_1 = bitselect i1 @_ssdm_op_BitSelect.i1.i64.i32, i64 %sub_ln89, i32 63" [Arithmetic.cpp:92]   --->   Operation 110 'bitselect' 'tmp_1' <Predicate = true> <Delay = 0.00>
ST_15 : Operation 111 [1/1] (0.00ns) (grouped into LUT with out node select_ln92_1)   --->   "%tmp_2 = bitselect i1 @_ssdm_op_BitSelect.i1.i64.i32, i64 %sub_ln90, i32 63" [Arithmetic.cpp:92]   --->   Operation 111 'bitselect' 'tmp_2' <Predicate = true> <Delay = 0.00>
ST_15 : Operation 112 [1/1] (0.00ns) (grouped into LUT with out node select_ln92_1)   --->   "%trunc_ln92 = trunc i64 %sub_ln85" [Arithmetic.cpp:92]   --->   Operation 112 'trunc' 'trunc_ln92' <Predicate = true> <Delay = 0.00>
ST_15 : Operation 113 [1/1] (0.00ns) (grouped into LUT with out node select_ln92_1)   --->   "%trunc_ln92_1 = trunc i64 %sub_ln89" [Arithmetic.cpp:92]   --->   Operation 113 'trunc' 'trunc_ln92_1' <Predicate = true> <Delay = 0.00>
ST_15 : Operation 114 [1/1] (0.00ns) (grouped into LUT with out node select_ln92_1)   --->   "%trunc_ln92_2 = trunc i64 %sub_ln90" [Arithmetic.cpp:92]   --->   Operation 114 'trunc' 'trunc_ln92_2' <Predicate = true> <Delay = 0.00>
ST_15 : Operation 115 [1/1] (0.00ns) (grouped into LUT with out node select_ln92_1)   --->   "%select_ln92 = select i1 %tmp_2, i32 %trunc_ln92_1, i32 %trunc_ln92_2" [Arithmetic.cpp:92]   --->   Operation 115 'select' 'select_ln92' <Predicate = true> <Delay = 0.00> <CoreInst = "Sel">   --->   Core 73 'Sel' <Latency = 0> <II = 1> <Delay = 0.69> <FuncUnit> <Opcode : 'select'> <InPorts = 3> <OutPorts = 1>
ST_15 : Operation 116 [1/1] (0.69ns) (out node of the LUT)   --->   "%select_ln92_1 = select i1 %tmp_1, i32 %trunc_ln92, i32 %select_ln92" [Arithmetic.cpp:92]   --->   Operation 116 'select' 'select_ln92_1' <Predicate = true> <Delay = 0.69> <CoreInst = "Sel">   --->   Core 73 'Sel' <Latency = 0> <II = 1> <Delay = 0.69> <FuncUnit> <Opcode : 'select'> <InPorts = 3> <OutPorts = 1>
ST_15 : Operation 117 [1/1] (0.00ns)   --->   "%ret_ln94 = ret i32 %select_ln92_1" [Arithmetic.cpp:94]   --->   Operation 117 'ret' 'ret_ln94' <Predicate = true> <Delay = 0.00>


============================================================
+ Verbose Summary: Timing violations
============================================================
Target clock period: 7.000ns, clock uncertainty: 1.890ns.

 <State 1>: 3.349ns
The critical path consists of the following:
	wire read operation ('input2_val_read', Arithmetic.cpp:62) on port 'input2_val' (Arithmetic.cpp:62) [5]  (0.000 ns)
	'mul' operation ('temp1', Arithmetic.cpp:22->Arithmetic.cpp:69) [20]  (3.349 ns)

 <State 2>: 3.349ns
The critical path consists of the following:
	'mul' operation ('temp1', Arithmetic.cpp:22->Arithmetic.cpp:69) [20]  (3.349 ns)

 <State 3>: 2.100ns
The critical path consists of the following:
	'mul' operation of DSP[27] ('temp3', Arithmetic.cpp:24->Arithmetic.cpp:69) [22]  (0.000 ns)
	'add' operation of DSP[27] ('add_ln30', Arithmetic.cpp:30->Arithmetic.cpp:69) [27]  (2.100 ns)

 <State 4>: 2.100ns
The critical path consists of the following:
	'add' operation of DSP[27] ('add_ln30', Arithmetic.cpp:30->Arithmetic.cpp:69) [27]  (2.100 ns)

 <State 5>: 3.520ns
The critical path consists of the following:
	'add' operation ('res_mult', Arithmetic.cpp:32->Arithmetic.cpp:69) [30]  (3.520 ns)

 <State 6>: 5.056ns
The critical path consists of the following:
	'mux' operation ('m', Arithmetic.cpp:64) [12]  (1.707 ns)
	'mul' operation ('temp1', Arithmetic.cpp:22->Arithmetic.cpp:75) [39]  (3.349 ns)

 <State 7>: 3.349ns
The critical path consists of the following:
	'mul' operation ('temp1', Arithmetic.cpp:22->Arithmetic.cpp:75) [39]  (3.349 ns)

 <State 8>: 2.552ns
The critical path consists of the following:
	'add' operation ('add_ln30_3', Arithmetic.cpp:30->Arithmetic.cpp:75) [47]  (2.552 ns)

 <State 9>: 3.520ns
The critical path consists of the following:
	'add' operation ('res_mult_shift', Arithmetic.cpp:32->Arithmetic.cpp:75) [53]  (3.520 ns)

 <State 10>: 5.056ns
The critical path consists of the following:
	'mux' operation ('mod', Arithmetic.cpp:89) [10]  (1.707 ns)
	'mul' operation ('temp1', Arithmetic.cpp:22->Arithmetic.cpp:81) [61]  (3.349 ns)

 <State 11>: 3.349ns
The critical path consists of the following:
	'mul' operation ('temp1', Arithmetic.cpp:22->Arithmetic.cpp:81) [61]  (3.349 ns)

 <State 12>: 3.520ns
The critical path consists of the following:
	'sub' operation ('res_shift', Arithmetic.cpp:32->Arithmetic.cpp:81) [75]  (3.520 ns)

 <State 13>: 2.100ns
The critical path consists of the following:
	'add' operation of DSP[72] ('add_ln30_2', Arithmetic.cpp:30->Arithmetic.cpp:81) [72]  (2.100 ns)

 <State 14>: 3.520ns
The critical path consists of the following:
	'sub' operation ('sub_ln85', Arithmetic.cpp:85) [76]  (3.520 ns)

 <State 15>: 4.218ns
The critical path consists of the following:
	'sub' operation ('sub_ln89', Arithmetic.cpp:89) [78]  (3.520 ns)
	'select' operation ('select_ln92_1', Arithmetic.cpp:92) [88]  (0.698 ns)


============================================================
+ Verbose Summary: Binding
============================================================
N/A
* FSMD analyzer results:
  - Output states:
 - Input state : 
  - Chain level:
	State 1
	State 2
	State 3
	State 4
	State 5
	State 6
	State 7
	State 8
	State 9
	State 10
	State 11
	State 12
	State 13
	State 14
	State 15


============================================================
+ Verbose Summary: Datapath Resource usage 
============================================================
N/A
