/data-ssd/home/xiangchenmeng/work/Crypto/Crypto/solution1/.autopilot/db/PE_ARRAY.pp.0.cpp:1316:7: warning: Added loop label VITIS_LOOP_1223_1:   [xilinx-label-all-loops]
      for (i = 0; i < __N - 1; ++i) {
      ^~~
      VITIS_LOOP_1223_1: 
/data-ssd/home/xiangchenmeng/work/Crypto/Crypto/solution1/.autopilot/db/PE_ARRAY.pp.0.cpp:1316:7: note: FIX-IT applied suggested code changes
/data-ssd/home/xiangchenmeng/work/Crypto/Crypto/solution1/.autopilot/db/PE_ARRAY.pp.0.cpp:2290:5: warning: Added loop label VITIS_LOOP_676_1:   [xilinx-label-all-loops]
    for (unsigned i = low; i != high; ++i) {
    ^~~
    VITIS_LOOP_676_1: 
/data-ssd/home/xiangchenmeng/work/Crypto/Crypto/solution1/.autopilot/db/PE_ARRAY.pp.0.cpp:2290:5: note: FIX-IT applied suggested code changes
/data-ssd/home/xiangchenmeng/work/Crypto/Crypto/solution1/.autopilot/db/PE_ARRAY.pp.0.cpp:2304:5: warning: Added loop label VITIS_LOOP_690_1:   [xilinx-label-all-loops]
    for (unsigned i = low; i != high; ++i) {
    ^~~
    VITIS_LOOP_690_1: 
/data-ssd/home/xiangchenmeng/work/Crypto/Crypto/solution1/.autopilot/db/PE_ARRAY.pp.0.cpp:2304:5: note: FIX-IT applied suggested code changes
/data-ssd/home/xiangchenmeng/work/Crypto/Crypto/solution1/.autopilot/db/PE_ARRAY.pp.0.cpp:2318:5: warning: Added loop label VITIS_LOOP_704_1:   [xilinx-label-all-loops]
    for (unsigned i = low; i != high; ++i) {
    ^~~
    VITIS_LOOP_704_1: 
/data-ssd/home/xiangchenmeng/work/Crypto/Crypto/solution1/.autopilot/db/PE_ARRAY.pp.0.cpp:2318:5: note: FIX-IT applied suggested code changes
/data-ssd/home/xiangchenmeng/work/Crypto/Crypto/solution1/.autopilot/db/PE_ARRAY.pp.0.cpp:3947:7: warning: Added loop label VITIS_LOOP_1247_1:   [xilinx-label-all-loops]
      for (i = 0; i < __N - 1; ++i) {
      ^~~
      VITIS_LOOP_1247_1: 
/data-ssd/home/xiangchenmeng/work/Crypto/Crypto/solution1/.autopilot/db/PE_ARRAY.pp.0.cpp:3947:7: note: FIX-IT applied suggested code changes
/data-ssd/home/xiangchenmeng/work/Crypto/Crypto/solution1/.autopilot/db/PE_ARRAY.pp.0.cpp:38406:21: warning: Added loop label VITIS_LOOP_21_1:   [xilinx-label-all-loops]
                    for (int i = 0; i < BANKNum/PE_NUM; i++){
                    ^~~
                    VITIS_LOOP_21_1: 
/data-ssd/home/xiangchenmeng/work/Crypto/Crypto/solution1/.autopilot/db/PE_ARRAY.pp.0.cpp:38406:21: note: FIX-IT applied suggested code changes
/data-ssd/home/xiangchenmeng/work/Crypto/Crypto/solution1/.autopilot/db/PE_ARRAY.pp.0.cpp:38407:25: warning: Added loop label VITIS_LOOP_22_2:   [xilinx-label-all-loops]
                        for (int j = 0; j < PE_NUM; j++){
                        ^~~
                        VITIS_LOOP_22_2: 
/data-ssd/home/xiangchenmeng/work/Crypto/Crypto/solution1/.autopilot/db/PE_ARRAY.pp.0.cpp:38407:25: note: FIX-IT applied suggested code changes
/data-ssd/home/xiangchenmeng/work/Crypto/Crypto/solution1/.autopilot/db/PE_ARRAY.pp.0.cpp:38416:21: warning: Added loop label VITIS_LOOP_31_3:   [xilinx-label-all-loops]
                    for (int i = 0; i < BANKNum/(2*PE_NUM); i++){
                    ^~~
                    VITIS_LOOP_31_3: 
/data-ssd/home/xiangchenmeng/work/Crypto/Crypto/solution1/.autopilot/db/PE_ARRAY.pp.0.cpp:38416:21: note: FIX-IT applied suggested code changes
/data-ssd/home/xiangchenmeng/work/Crypto/Crypto/solution1/.autopilot/db/PE_ARRAY.pp.0.cpp:38417:25: warning: Added loop label VITIS_LOOP_32_4:   [xilinx-label-all-loops]
                        for (int j = 0; j < PE_NUM; j++){
                        ^~~
                        VITIS_LOOP_32_4: 
/data-ssd/home/xiangchenmeng/work/Crypto/Crypto/solution1/.autopilot/db/PE_ARRAY.pp.0.cpp:38417:25: note: FIX-IT applied suggested code changes
