/home/meng/HLS/Crypto/Crypto/solution1/.autopilot/db/pow_mod.pp.0.cpp:1320:7: warning: Added loop label VITIS_LOOP_1213_1:   [xilinx-label-all-loops]
      for (i = 0; i < __N - 1; ++i) {
      ^~~
      VITIS_LOOP_1213_1: 
/home/meng/HLS/Crypto/Crypto/solution1/.autopilot/db/pow_mod.pp.0.cpp:1320:7: note: FIX-IT applied suggested code changes
/home/meng/HLS/Crypto/Crypto/solution1/.autopilot/db/pow_mod.pp.0.cpp:2294:5: warning: Added loop label VITIS_LOOP_676_1:   [xilinx-label-all-loops]
    for (unsigned i = low; i != high; ++i) {
    ^~~
    VITIS_LOOP_676_1: 
/home/meng/HLS/Crypto/Crypto/solution1/.autopilot/db/pow_mod.pp.0.cpp:2294:5: note: FIX-IT applied suggested code changes
/home/meng/HLS/Crypto/Crypto/solution1/.autopilot/db/pow_mod.pp.0.cpp:2308:5: warning: Added loop label VITIS_LOOP_690_1:   [xilinx-label-all-loops]
    for (unsigned i = low; i != high; ++i) {
    ^~~
    VITIS_LOOP_690_1: 
/home/meng/HLS/Crypto/Crypto/solution1/.autopilot/db/pow_mod.pp.0.cpp:2308:5: note: FIX-IT applied suggested code changes
/home/meng/HLS/Crypto/Crypto/solution1/.autopilot/db/pow_mod.pp.0.cpp:2322:5: warning: Added loop label VITIS_LOOP_704_1:   [xilinx-label-all-loops]
    for (unsigned i = low; i != high; ++i) {
    ^~~
    VITIS_LOOP_704_1: 
/home/meng/HLS/Crypto/Crypto/solution1/.autopilot/db/pow_mod.pp.0.cpp:2322:5: note: FIX-IT applied suggested code changes
/home/meng/HLS/Crypto/Crypto/solution1/.autopilot/db/pow_mod.pp.0.cpp:3933:7: warning: Added loop label VITIS_LOOP_1247_1:   [xilinx-label-all-loops]
      for (i = 0; i < __N - 1; ++i) {
      ^~~
      VITIS_LOOP_1247_1: 
/home/meng/HLS/Crypto/Crypto/solution1/.autopilot/db/pow_mod.pp.0.cpp:3933:7: note: FIX-IT applied suggested code changes
/home/meng/HLS/Crypto/Crypto/solution1/.autopilot/db/pow_mod.pp.0.cpp:38387:5: warning: Added loop label VITIS_LOOP_9_1:   [xilinx-label-all-loops]
    for (int i = 0; i < 4; i++) {
    ^~~
    VITIS_LOOP_9_1: 
/home/meng/HLS/Crypto/Crypto/solution1/.autopilot/db/pow_mod.pp.0.cpp:38387:5: note: FIX-IT applied suggested code changes
/home/meng/HLS/Crypto/Crypto/solution1/.autopilot/db/pow_mod.pp.0.cpp:38412:5: warning: Added loop label VITIS_LOOP_41_1:   [xilinx-label-all-loops]
    while (e > 0) {
    ^~~~~
    VITIS_LOOP_41_1: 
/home/meng/HLS/Crypto/Crypto/solution1/.autopilot/db/pow_mod.pp.0.cpp:38412:5: note: FIX-IT applied suggested code changes
