

================================================================
== Vitis HLS Report for 'SUB_MOD'
================================================================
* Date:           Tue Mar  4 21:31:42 2025

* Version:        2023.1 (Build 3854077 on May  4 2023)
* Project:        Crypto
* Solution:       solution1 (Vivado IP Flow Target)
* Product family: zynq
* Target device:  xc7z020-clg400-1


================================================================
== Performance Estimates
================================================================
+ Timing: 
    * Summary: 
    +--------+---------+----------+------------+
    |  Clock |  Target | Estimated| Uncertainty|
    +--------+---------+----------+------------+
    |ap_clk  |  8.00 ns|  5.802 ns|     2.16 ns|
    +--------+---------+----------+------------+

+ Latency: 
    * Summary: 
    +---------+---------+----------+----------+-----+-----+---------+
    |  Latency (cycles) |  Latency (absolute) |  Interval | Pipeline|
    |   min   |   max   |    min   |    max   | min | max |   Type  |
    +---------+---------+----------+----------+-----+-----+---------+
    |        0|        0|      0 ns|      0 ns|    1|    1|      yes|
    +---------+---------+----------+----------+-----+-----+---------+

    + Detail: 
        * Instance: 
        N/A

        * Loop: 
        N/A



================================================================
== Utilization Estimates
================================================================
* Summary: 
+-----------------+---------+-----+--------+-------+-----+
|       Name      | BRAM_18K| DSP |   FF   |  LUT  | URAM|
+-----------------+---------+-----+--------+-------+-----+
|DSP              |        -|    -|       -|      -|    -|
|Expression       |        -|    -|       0|    110|    -|
|FIFO             |        -|    -|       -|      -|    -|
|Instance         |        -|    -|       0|     14|    -|
|Memory           |        -|    -|       -|      -|    -|
|Multiplexer      |        -|    -|       -|      -|    -|
|Register         |        -|    -|       -|      -|    -|
+-----------------+---------+-----+--------+-------+-----+
|Total            |        0|    0|       0|    124|    0|
+-----------------+---------+-----+--------+-------+-----+
|Available        |      280|  220|  106400|  53200|    0|
+-----------------+---------+-----+--------+-------+-----+
|Utilization (%)  |        0|    0|       0|     ~0|    0|
+-----------------+---------+-----+--------+-------+-----+

+ Detail: 
    * Instance: 
    +--------------------+----------------+---------+----+---+----+-----+
    |      Instance      |     Module     | BRAM_18K| DSP| FF| LUT| URAM|
    +--------------------+----------------+---------+----+---+----+-----+
    |mux_3_2_31_1_0_U48  |mux_3_2_31_1_0  |        0|   0|  0|  14|    0|
    +--------------------+----------------+---------+----+---+----+-----+
    |Total               |                |        0|   0|  0|  14|    0|
    +--------------------+----------------+---------+----+---+----+-----+

    * DSP: 
    N/A

    * Memory: 
    N/A

    * FIFO: 
    N/A

    * Expression: 
    +-------------------+----------+----+---+----+------------+------------+
    |   Variable Name   | Operation| DSP| FF| LUT| Bitwidth P0| Bitwidth P1|
    +-------------------+----------+----+---+----+------------+------------+
    |add_ln56_fu_70_p2  |         +|   0|  0|  39|          32|          32|
    |sub_ln53_fu_40_p2  |         -|   0|  0|  39|          32|          32|
    |ap_return          |    select|   0|  0|  32|           1|          32|
    +-------------------+----------+----+---+----+------------+------------+
    |Total              |          |   0|  0| 110|          65|          96|
    +-------------------+----------+----+---+----+------------+------------+

    * Multiplexer: 
    N/A

    * Register: 
    N/A



================================================================
== Interface
================================================================
* Summary: 
+------------+-----+-----+------------+--------------+--------------+
|  RTL Ports | Dir | Bits|  Protocol  | Source Object|    C Type    |
+------------+-----+-----+------------+--------------+--------------+
|ap_ready    |  out|    1|  ap_ctrl_hs|       SUB_MOD|  return value|
|ap_return   |  out|   32|  ap_ctrl_hs|       SUB_MOD|  return value|
|input1_val  |   in|   32|     ap_none|    input1_val|        scalar|
|input2_val  |   in|   32|     ap_none|    input2_val|        scalar|
|MOD_INDEX   |   in|    2|     ap_none|     MOD_INDEX|        scalar|
+------------+-----+-----+------------+--------------+--------------+

============================================================
+ Verbose Summary: Synthesis Manager
============================================================
InlineROM: 1
ExposeGlobal: 0
============================================================
+ Verbose Summary: CDFG Model
============================================================
IsTopModel: 0
ResetActiveHigh: 1
IsCombinational: 1
IsDatapathOnly: 2
HasWiredReturn: 1
HasMFsm: 2
HasVarLatency: 0
IsPipeline: 1
IsRtlPipelined: 0
IsInstanceOverlapped: 0
IsDontTouch: 0
HasImplIP: 0
IsGatedGlobalClock: 0

+ Individual pipeline summary: 
  * Pipeline-0: initiation interval (II) = 1, depth = 1


============================================================
+ Verbose Summary: Schedule
============================================================
* Number of FSM states : 1
* Pipeline : 1
  Pipeline-0 : II = 1, D = 1, States = { 1 }
* Dataflow Pipeline: 0

* FSM state transitions: 
1 --> 

* FSM state operations: 

State 1 <SV = 0> <Delay = 5.80>
ST_1 : Operation 2 [1/1] (0.00ns)   --->   "%MOD_INDEX_read = read i2 @_ssdm_op_Read.ap_auto.i2, i2 %MOD_INDEX"   --->   Operation 2 'read' 'MOD_INDEX_read' <Predicate = true> <Delay = 0.00>
ST_1 : Operation 3 [1/1] (0.00ns)   --->   "%input2_val_read = read i32 @_ssdm_op_Read.ap_auto.i32, i32 %input2_val"   --->   Operation 3 'read' 'input2_val_read' <Predicate = true> <Delay = 0.00>
ST_1 : Operation 4 [1/1] (0.00ns)   --->   "%input1_val_read = read i32 @_ssdm_op_Read.ap_auto.i32, i32 %input1_val"   --->   Operation 4 'read' 'input1_val_read' <Predicate = true> <Delay = 0.00>
ST_1 : Operation 5 [1/1] (2.55ns)   --->   "%sub_ln53 = sub i32 %input1_val_read, i32 %input2_val_read" [Arithmetic.cpp:53]   --->   Operation 5 'sub' 'sub_ln53' <Predicate = true> <Delay = 2.55> <CoreInst = "Adder">   --->   Core 1 'Adder' <Latency = 0> <II = 1> <Delay = 2.55> <FuncUnit> <Opcode : 'add' 'sub'> <InPorts = 2> <OutPorts = 1>
ST_1 : Operation 6 [1/1] (0.00ns)   --->   "%tmp = bitselect i1 @_ssdm_op_BitSelect.i1.i32.i32, i32 %sub_ln53, i32 31" [Arithmetic.cpp:55]   --->   Operation 6 'bitselect' 'tmp' <Predicate = true> <Delay = 0.00>
ST_1 : Operation 7 [1/1] (0.00ns) (grouped into LUT with out node add_ln56)   --->   "%zext_ln56_cast = mux i31 @_ssdm_op_Mux.ap_auto.3i31.i2, i31 1073750017, i31 1073815553, i31 1073872897, i2 %MOD_INDEX_read" [Arithmetic.cpp:56]   --->   Operation 7 'mux' 'zext_ln56_cast' <Predicate = (tmp)> <Delay = 0.00> <CoreInst = "Multiplexer">   --->   Core 76 'Multiplexer' <Latency = 0> <II = 1> <Delay = 1.70> <FuncUnit> <Opcode : 'mux'> <InPorts = 2> <OutPorts = 1>
ST_1 : Operation 8 [1/1] (0.00ns) (grouped into LUT with out node add_ln56)   --->   "%zext_ln56 = zext i31 %zext_ln56_cast" [Arithmetic.cpp:56]   --->   Operation 8 'zext' 'zext_ln56' <Predicate = (tmp)> <Delay = 0.00>
ST_1 : Operation 9 [1/1] (2.55ns) (out node of the LUT)   --->   "%add_ln56 = add i32 %zext_ln56, i32 %sub_ln53" [Arithmetic.cpp:56]   --->   Operation 9 'add' 'add_ln56' <Predicate = (tmp)> <Delay = 2.55> <CoreInst = "Adder">   --->   Core 1 'Adder' <Latency = 0> <II = 1> <Delay = 2.55> <FuncUnit> <Opcode : 'add' 'sub'> <InPorts = 2> <OutPorts = 1>
ST_1 : Operation 10 [1/1] (0.69ns)   --->   "%select_ln55 = select i1 %tmp, i32 %add_ln56, i32 %sub_ln53" [Arithmetic.cpp:55]   --->   Operation 10 'select' 'select_ln55' <Predicate = true> <Delay = 0.69> <CoreInst = "Sel">   --->   Core 73 'Sel' <Latency = 0> <II = 1> <Delay = 0.69> <FuncUnit> <Opcode : 'select'> <InPorts = 3> <OutPorts = 1>
ST_1 : Operation 11 [1/1] (0.00ns)   --->   "%ret_ln58 = ret i32 %select_ln55" [Arithmetic.cpp:58]   --->   Operation 11 'ret' 'ret_ln58' <Predicate = true> <Delay = 0.00>


============================================================
+ Verbose Summary: Binding
============================================================
STG Binding: 
---------------- STG Properties BEGIN ----------------
- Is combinational: 1
- Is one-state seq: 0
- Is datapath-only: 0
- Is pipelined: 1
- Is top level: 0
Port [ Return ] is wired: 1; IO mode=ap_ctrl_hs:ce=0
Port [ input1_val]:  wired=1; compound=0; hidden=0; nouse=0; global=0; static=0; extern=0; dir=0; type=0; pingpong=0; private_global=0; IO mode=ap_none:ce=0
Port [ input2_val]:  wired=1; compound=0; hidden=0; nouse=0; global=0; static=0; extern=0; dir=0; type=0; pingpong=0; private_global=0; IO mode=ap_none:ce=0
Port [ MOD_INDEX]:  wired=1; compound=0; hidden=0; nouse=0; global=0; static=0; extern=0; dir=0; type=0; pingpong=0; private_global=0; IO mode=ap_none:ce=0
---------------- STG Properties END ------------------

---------------- Datapath Model BEGIN ----------------

<LifeTime>
<method=bitvector/>
MOD_INDEX_read  (read     ) [ 00]
input2_val_read (read     ) [ 00]
input1_val_read (read     ) [ 00]
sub_ln53        (sub      ) [ 00]
tmp             (bitselect) [ 01]
zext_ln56_cast  (mux      ) [ 00]
zext_ln56       (zext     ) [ 00]
add_ln56        (add      ) [ 00]
select_ln55     (select   ) [ 00]
ret_ln58        (ret      ) [ 00]
</LifeTime>

<model>

<comp_list>
<comp id="0" class="1000" name="input1_val">
<pin_list>
<pin id="1" dir="1" index="0" bw="1" slack="0"/>
</pin_list>
<bind>
<StgValue><ssdm name="input1_val"/></StgValue>
</bind>
</comp>

<comp id="2" class="1000" name="input2_val">
<pin_list>
<pin id="3" dir="1" index="0" bw="1" slack="0"/>
</pin_list>
<bind>
<StgValue><ssdm name="input2_val"/></StgValue>
</bind>
</comp>

<comp id="4" class="1000" name="MOD_INDEX">
<pin_list>
<pin id="5" dir="1" index="0" bw="1" slack="0"/>
</pin_list>
<bind>
<StgValue><ssdm name="MOD_INDEX"/></StgValue>
</bind>
</comp>

<comp id="6" class="1001" name="const_6">
<pin_list>
<pin id="7" dir="1" index="0" bw="1" slack="0"/>
</pin_list>
<bind>
<StgValue><ssdm name="_ssdm_op_Read.ap_auto.i2"/></StgValue>
</bind>
</comp>

<comp id="8" class="1001" name="const_8">
<pin_list>
<pin id="9" dir="1" index="0" bw="1" slack="0"/>
</pin_list>
<bind>
<StgValue><ssdm name="_ssdm_op_Read.ap_auto.i32"/></StgValue>
</bind>
</comp>

<comp id="10" class="1001" name="const_10">
<pin_list>
<pin id="11" dir="1" index="0" bw="1" slack="0"/>
</pin_list>
<bind>
<StgValue><ssdm name="_ssdm_op_BitSelect.i1.i32.i32"/></StgValue>
</bind>
</comp>

<comp id="12" class="1001" name="const_12">
<pin_list>
<pin id="13" dir="1" index="0" bw="1" slack="0"/>
</pin_list>
<bind>
<StgValue><ssdm name=""/></StgValue>
</bind>
</comp>

<comp id="14" class="1001" name="const_14">
<pin_list>
<pin id="15" dir="1" index="0" bw="1" slack="0"/>
</pin_list>
<bind>
<StgValue><ssdm name="_ssdm_op_Mux.ap_auto.3i31.i2"/></StgValue>
</bind>
</comp>

<comp id="16" class="1001" name="const_16">
<pin_list>
<pin id="17" dir="1" index="0" bw="1" slack="0"/>
</pin_list>
<bind>
<StgValue><ssdm name=""/></StgValue>
</bind>
</comp>

<comp id="18" class="1001" name="const_18">
<pin_list>
<pin id="19" dir="1" index="0" bw="1" slack="0"/>
</pin_list>
<bind>
<StgValue><ssdm name=""/></StgValue>
</bind>
</comp>

<comp id="20" class="1001" name="const_20">
<pin_list>
<pin id="21" dir="1" index="0" bw="1" slack="0"/>
</pin_list>
<bind>
<StgValue><ssdm name=""/></StgValue>
</bind>
</comp>

<comp id="22" class="1004" name="MOD_INDEX_read_read_fu_22">
<pin_list>
<pin id="23" dir="0" index="0" bw="2" slack="0"/>
<pin id="24" dir="0" index="1" bw="2" slack="0"/>
<pin id="25" dir="1" index="2" bw="2" slack="0"/>
</pin_list>
<bind>
<opcode="read(1150) " fcode="read"/>
<opset="MOD_INDEX_read/1 "/>
</bind>
</comp>

<comp id="28" class="1004" name="input2_val_read_read_fu_28">
<pin_list>
<pin id="29" dir="0" index="0" bw="32" slack="0"/>
<pin id="30" dir="0" index="1" bw="32" slack="0"/>
<pin id="31" dir="1" index="2" bw="32" slack="0"/>
</pin_list>
<bind>
<opcode="read(1150) " fcode="read"/>
<opset="input2_val_read/1 "/>
</bind>
</comp>

<comp id="34" class="1004" name="input1_val_read_read_fu_34">
<pin_list>
<pin id="35" dir="0" index="0" bw="32" slack="0"/>
<pin id="36" dir="0" index="1" bw="32" slack="0"/>
<pin id="37" dir="1" index="2" bw="32" slack="0"/>
</pin_list>
<bind>
<opcode="read(1150) " fcode="read"/>
<opset="input1_val_read/1 "/>
</bind>
</comp>

<comp id="40" class="1004" name="sub_ln53_fu_40">
<pin_list>
<pin id="41" dir="0" index="0" bw="32" slack="0"/>
<pin id="42" dir="0" index="1" bw="32" slack="0"/>
<pin id="43" dir="1" index="2" bw="32" slack="0"/>
</pin_list>
<bind>
<opcode="sub(10) " fcode="sub"/>
<opset="sub_ln53/1 "/>
</bind>
</comp>

<comp id="46" class="1004" name="tmp_fu_46">
<pin_list>
<pin id="47" dir="0" index="0" bw="1" slack="0"/>
<pin id="48" dir="0" index="1" bw="32" slack="0"/>
<pin id="49" dir="0" index="2" bw="6" slack="0"/>
<pin id="50" dir="1" index="3" bw="1" slack="0"/>
</pin_list>
<bind>
<opcode="bitselect(1000) " fcode="bitselect"/>
<opset="tmp/1 "/>
</bind>
</comp>

<comp id="54" class="1004" name="zext_ln56_cast_fu_54">
<pin_list>
<pin id="55" dir="0" index="0" bw="31" slack="0"/>
<pin id="56" dir="0" index="1" bw="31" slack="0"/>
<pin id="57" dir="0" index="2" bw="31" slack="0"/>
<pin id="58" dir="0" index="3" bw="31" slack="0"/>
<pin id="59" dir="0" index="4" bw="2" slack="0"/>
<pin id="60" dir="1" index="5" bw="31" slack="0"/>
</pin_list>
<bind>
<opcode="mux(1196) " fcode="mux"/>
<opset="zext_ln56_cast/1 "/>
</bind>
</comp>

<comp id="66" class="1004" name="zext_ln56_fu_66">
<pin_list>
<pin id="67" dir="0" index="0" bw="31" slack="0"/>
<pin id="68" dir="1" index="1" bw="32" slack="0"/>
</pin_list>
<bind>
<opcode="zext(34) " fcode="zext"/>
<opset="zext_ln56/1 "/>
</bind>
</comp>

<comp id="70" class="1004" name="add_ln56_fu_70">
<pin_list>
<pin id="71" dir="0" index="0" bw="31" slack="0"/>
<pin id="72" dir="0" index="1" bw="32" slack="0"/>
<pin id="73" dir="1" index="2" bw="32" slack="0"/>
</pin_list>
<bind>
<opcode="add(8) " fcode="add"/>
<opset="add_ln56/1 "/>
</bind>
</comp>

<comp id="76" class="1004" name="select_ln55_fu_76">
<pin_list>
<pin id="77" dir="0" index="0" bw="1" slack="0"/>
<pin id="78" dir="0" index="1" bw="32" slack="0"/>
<pin id="79" dir="0" index="2" bw="32" slack="0"/>
<pin id="80" dir="1" index="3" bw="32" slack="2147483647"/>
</pin_list>
<bind>
<opcode="select(49) " fcode="select"/>
<opset="select_ln55/1 "/>
</bind>
</comp>

</comp_list>

<net_list>
<net id="26"><net_src comp="6" pin="0"/><net_sink comp="22" pin=0"/></net>

<net id="27"><net_src comp="4" pin="0"/><net_sink comp="22" pin=1"/></net>

<net id="32"><net_src comp="8" pin="0"/><net_sink comp="28" pin=0"/></net>

<net id="33"><net_src comp="2" pin="0"/><net_sink comp="28" pin=1"/></net>

<net id="38"><net_src comp="8" pin="0"/><net_sink comp="34" pin=0"/></net>

<net id="39"><net_src comp="0" pin="0"/><net_sink comp="34" pin=1"/></net>

<net id="44"><net_src comp="34" pin="2"/><net_sink comp="40" pin=0"/></net>

<net id="45"><net_src comp="28" pin="2"/><net_sink comp="40" pin=1"/></net>

<net id="51"><net_src comp="10" pin="0"/><net_sink comp="46" pin=0"/></net>

<net id="52"><net_src comp="40" pin="2"/><net_sink comp="46" pin=1"/></net>

<net id="53"><net_src comp="12" pin="0"/><net_sink comp="46" pin=2"/></net>

<net id="61"><net_src comp="14" pin="0"/><net_sink comp="54" pin=0"/></net>

<net id="62"><net_src comp="16" pin="0"/><net_sink comp="54" pin=1"/></net>

<net id="63"><net_src comp="18" pin="0"/><net_sink comp="54" pin=2"/></net>

<net id="64"><net_src comp="20" pin="0"/><net_sink comp="54" pin=3"/></net>

<net id="65"><net_src comp="22" pin="2"/><net_sink comp="54" pin=4"/></net>

<net id="69"><net_src comp="54" pin="5"/><net_sink comp="66" pin=0"/></net>

<net id="74"><net_src comp="66" pin="1"/><net_sink comp="70" pin=0"/></net>

<net id="75"><net_src comp="40" pin="2"/><net_sink comp="70" pin=1"/></net>

<net id="81"><net_src comp="46" pin="3"/><net_sink comp="76" pin=0"/></net>

<net id="82"><net_src comp="70" pin="2"/><net_sink comp="76" pin=1"/></net>

<net id="83"><net_src comp="40" pin="2"/><net_sink comp="76" pin=2"/></net>

</net_list>

</model> 
---------------- Datapath Model END ------------------

* FSMD analyzer results:
  - Output states:
 - Input state : 
	Port: SUB_MOD : input1_val | {1 }
	Port: SUB_MOD : input2_val | {1 }
	Port: SUB_MOD : MOD_INDEX | {1 }
  - Chain level:
	State 1
		tmp : 1
		zext_ln56 : 1
		add_ln56 : 2
		select_ln55 : 3
		ret_ln58 : 4


============================================================
+ Verbose Summary: Datapath Resource usage 
============================================================

* Functional unit list:
|----------|----------------------------|---------|---------|
| Operation|       Functional Unit      |    FF   |   LUT   |
|----------|----------------------------|---------|---------|
|    sub   |       sub_ln53_fu_40       |    0    |    39   |
|----------|----------------------------|---------|---------|
|    add   |       add_ln56_fu_70       |    0    |    39   |
|----------|----------------------------|---------|---------|
|  select  |      select_ln55_fu_76     |    0    |    32   |
|----------|----------------------------|---------|---------|
|    mux   |    zext_ln56_cast_fu_54    |    0    |    14   |
|----------|----------------------------|---------|---------|
|          |  MOD_INDEX_read_read_fu_22 |    0    |    0    |
|   read   | input2_val_read_read_fu_28 |    0    |    0    |
|          | input1_val_read_read_fu_34 |    0    |    0    |
|----------|----------------------------|---------|---------|
| bitselect|          tmp_fu_46         |    0    |    0    |
|----------|----------------------------|---------|---------|
|   zext   |       zext_ln56_fu_66      |    0    |    0    |
|----------|----------------------------|---------|---------|
|   Total  |                            |    0    |   124   |
|----------|----------------------------|---------|---------|

Memories:
N/A

* Register list:
N/A

* Multiplexer (MUX) list: 
|--------|------|------|------|--------|
|  Comp  |  Pin | Size |  BW  | S x BW |
|--------|------|------|------|--------|
|  Total |      |      |      |    0   |
|--------|------|------|------|--------|



* Summary:
+-----------+--------+--------+
|           |   FF   |   LUT  |
+-----------+--------+--------+
|  Function |    0   |   124  |
|   Memory  |    -   |    -   |
|Multiplexer|    -   |    -   |
|  Register |    -   |    -   |
+-----------+--------+--------+
|   Total   |    0   |   124  |
+-----------+--------+--------+
