/home/meng/HLS/Crypto/Crypto/solution1/.autopilot/db/TwiddleMemory.pp.0.cpp:1325:7: warning: Added loop label VITIS_LOOP_1213_1:   [xilinx-label-all-loops]
      for (i = 0; i < __N - 1; ++i) {
      ^~~
      VITIS_LOOP_1213_1: 
/home/meng/HLS/Crypto/Crypto/solution1/.autopilot/db/TwiddleMemory.pp.0.cpp:1325:7: note: FIX-IT applied suggested code changes
/home/meng/HLS/Crypto/Crypto/solution1/.autopilot/db/TwiddleMemory.pp.0.cpp:2299:5: warning: Added loop label VITIS_LOOP_676_1:   [xilinx-label-all-loops]
    for (unsigned i = low; i != high; ++i) {
    ^~~
    VITIS_LOOP_676_1: 
/home/meng/HLS/Crypto/Crypto/solution1/.autopilot/db/TwiddleMemory.pp.0.cpp:2299:5: note: FIX-IT applied suggested code changes
/home/meng/HLS/Crypto/Crypto/solution1/.autopilot/db/TwiddleMemory.pp.0.cpp:2313:5: warning: Added loop label VITIS_LOOP_690_1:   [xilinx-label-all-loops]
    for (unsigned i = low; i != high; ++i) {
    ^~~
    VITIS_LOOP_690_1: 
/home/meng/HLS/Crypto/Crypto/solution1/.autopilot/db/TwiddleMemory.pp.0.cpp:2313:5: note: FIX-IT applied suggested code changes
/home/meng/HLS/Crypto/Crypto/solution1/.autopilot/db/TwiddleMemory.pp.0.cpp:2327:5: warning: Added loop label VITIS_LOOP_704_1:   [xilinx-label-all-loops]
    for (unsigned i = low; i != high; ++i) {
    ^~~
    VITIS_LOOP_704_1: 
/home/meng/HLS/Crypto/Crypto/solution1/.autopilot/db/TwiddleMemory.pp.0.cpp:2327:5: note: FIX-IT applied suggested code changes
/home/meng/HLS/Crypto/Crypto/solution1/.autopilot/db/TwiddleMemory.pp.0.cpp:3938:7: warning: Added loop label VITIS_LOOP_1247_1:   [xilinx-label-all-loops]
      for (i = 0; i < __N - 1; ++i) {
      ^~~
      VITIS_LOOP_1247_1: 
/home/meng/HLS/Crypto/Crypto/solution1/.autopilot/db/TwiddleMemory.pp.0.cpp:3938:7: note: FIX-IT applied suggested code changes
/home/meng/HLS/Crypto/Crypto/solution1/.autopilot/db/TwiddleMemory.pp.0.cpp:38355:5: warning: Added loop label VITIS_LOOP_7_1:   [xilinx-label-all-loops]
    for(int i = 0; i < PE_NUM; i++){
    ^~~
    VITIS_LOOP_7_1: 
/home/meng/HLS/Crypto/Crypto/solution1/.autopilot/db/TwiddleMemory.pp.0.cpp:38355:5: note: FIX-IT applied suggested code changes
/home/meng/HLS/Crypto/Crypto/solution1/.autopilot/db/TwiddleMemory.pp.0.cpp:38359:5: warning: Added loop label VITIS_LOOP_11_2:   [xilinx-label-all-loops]
    for(int i = 0; i < PE_NUM; i++){
    ^~~
    VITIS_LOOP_11_2: 
/home/meng/HLS/Crypto/Crypto/solution1/.autopilot/db/TwiddleMemory.pp.0.cpp:38359:5: note: FIX-IT applied suggested code changes
/home/meng/HLS/Crypto/Crypto/solution1/.autopilot/db/TwiddleMemory.pp.0.cpp:38369:9: warning: Added loop label VITIS_LOOP_21_1:   [xilinx-label-all-loops]
        for(int i = 0; i < PE_NUM; i++){
        ^~~
        VITIS_LOOP_21_1: 
/home/meng/HLS/Crypto/Crypto/solution1/.autopilot/db/TwiddleMemory.pp.0.cpp:38369:9: note: FIX-IT applied suggested code changes
/home/meng/HLS/Crypto/Crypto/solution1/.autopilot/db/TwiddleMemory.pp.0.cpp:38375:9: warning: Added loop label VITIS_LOOP_27_2:   [xilinx-label-all-loops]
        for(int i = 0; i < PE_NUM; i++){
        ^~~
        VITIS_LOOP_27_2: 
/home/meng/HLS/Crypto/Crypto/solution1/.autopilot/db/TwiddleMemory.pp.0.cpp:38375:9: note: FIX-IT applied suggested code changes
