
****** Vitis HLS - High-Level Synthesis from C, C++ and OpenCL v2023.1 (64-bit)
  **** SW Build 3854077 on May  4 2023
  **** IP Build 3864474 on Sun May  7 20:36:21 MDT 2023
  **** SharedData Build 3865790 on Sun May 07 13:33:03 MDT 2023
    ** Copyright 1986-2022 Xilinx, Inc. All Rights Reserved.
    ** Copyright 2022-2023 Advanced Micro Devices, Inc. All Rights Reserved.

source /home/meng/Software/VIvado/Vitis_HLS/2023.1/scripts/vitis_hls/hls.tcl -notrace
INFO: [HLS 200-10] Running '/home/meng/Software/VIvado/Vitis_HLS/2023.1/bin/unwrapped/lnx64.o/vitis_hls'
INFO: [HLS 200-10] For user 'meng' on host 'meng-OptiPlex-5000' (Linux_x86_64 version 6.8.0-52-generic) on Mon Mar 24 15:01:09 HKT 2025
INFO: [HLS 200-10] On os Ubuntu 22.04.4 LTS
INFO: [HLS 200-10] In directory '/home/meng/HLS/Crypto'
Sourcing Tcl script 'script.tcl'
INFO: [HLS 200-1510] Running: source script.tcl
INFO: [HLS 200-1510] Running: open_project -reset Crypto 
INFO: [HLS 200-10] Opening and resetting project '/home/meng/HLS/Crypto/Crypto'.
INFO: [HLS 200-1510] Running: add_files TwiddleMemory.cpp 
INFO: [HLS 200-10] Adding design file 'TwiddleMemory.cpp' to the project
INFO: [HLS 200-1510] Running: add_files Crypto.cpp 
INFO: [HLS 200-10] Adding design file 'Crypto.cpp' to the project
INFO: [HLS 200-1510] Running: add_files Crypto1.cpp 
INFO: [HLS 200-10] Adding design file 'Crypto1.cpp' to the project
INFO: [HLS 200-1510] Running: add_files DATAMemory.cpp 
INFO: [HLS 200-10] Adding design file 'DATAMemory.cpp' to the project
INFO: [HLS 200-1510] Running: add_files PE_ARRAY.cpp 
INFO: [HLS 200-10] Adding design file 'PE_ARRAY.cpp' to the project
INFO: [HLS 200-1510] Running: add_files PE_UNIT.cpp 
INFO: [HLS 200-10] Adding design file 'PE_UNIT.cpp' to the project
INFO: [HLS 200-1510] Running: add_files Arithmetic.cpp 
INFO: [HLS 200-10] Adding design file 'Arithmetic.cpp' to the project
INFO: [HLS 200-1510] Running: add_files Crypto_TB.cpp 
INFO: [HLS 200-10] Adding design file 'Crypto_TB.cpp' to the project
INFO: [HLS 200-1510] Running: add_files AddressGen.cpp 
INFO: [HLS 200-10] Adding design file 'AddressGen.cpp' to the project
INFO: [HLS 200-1510] Running: add_files AddressGen_TB.cpp 
INFO: [HLS 200-10] Adding design file 'AddressGen_TB.cpp' to the project
INFO: [HLS 200-1510] Running: add_files Utils.cpp 
INFO: [HLS 200-10] Adding design file 'Utils.cpp' to the project
INFO: [HLS 200-1510] Running: add_files pow_mod.cpp 
INFO: [HLS 200-10] Adding design file 'pow_mod.cpp' to the project
INFO: [HLS 200-1510] Running: add_files poly.txt 
WARNING: [HLS 200-40] Cannot find design file 'poly.txt'
INFO: [HLS 200-1510] Running: add_files basis.txt 
WARNING: [HLS 200-40] Cannot find design file 'basis.txt'
INFO: [HLS 200-1510] Running: add_files ret.txt 
WARNING: [HLS 200-40] Cannot find design file 'ret.txt'
INFO: [HLS 200-1510] Running: add_files # 
WARNING: [HLS 200-40] Cannot find design file '#'
INFO: [HLS 200-1510] Running: add_files Add 
WARNING: [HLS 200-40] Cannot find design file 'Add'
INFO: [HLS 200-1510] Running: add_files all 
WARNING: [HLS 200-40] Cannot find design file 'all'
INFO: [HLS 200-1510] Running: add_files necessary 
WARNING: [HLS 200-40] Cannot find design file 'necessary'
INFO: [HLS 200-1510] Running: add_files source 
WARNING: [HLS 200-40] Cannot find design file 'source'
INFO: [HLS 200-1510] Running: add_files files 
WARNING: [HLS 200-40] Cannot find design file 'files'
INFO: [HLS 200-1510] Running: add_files -cflags -I. TwiddleMemory.hpp 
INFO: [HLS 200-10] Adding design file 'TwiddleMemory.hpp' to the project
INFO: [HLS 200-1510] Running: add_files -cflags -I. define.h 
INFO: [HLS 200-10] Adding design file 'define.h' to the project
INFO: [HLS 200-1510] Running: add_files -cflags -I. Crypto.hpp 
INFO: [HLS 200-10] Adding design file 'Crypto.hpp' to the project
INFO: [HLS 200-1510] Running: add_files -cflags -I. Crypto1.hpp 
INFO: [HLS 200-10] Adding design file 'Crypto1.hpp' to the project
INFO: [HLS 200-1510] Running: add_files -cflags -I. DATAMemory.hpp 
INFO: [HLS 200-10] Adding design file 'DATAMemory.hpp' to the project
INFO: [HLS 200-1510] Running: add_files -cflags -I. PE_ARRAY.hpp 
INFO: [HLS 200-10] Adding design file 'PE_ARRAY.hpp' to the project
INFO: [HLS 200-1510] Running: add_files -cflags -I. PE_UNIT.hpp 
INFO: [HLS 200-10] Adding design file 'PE_UNIT.hpp' to the project
INFO: [HLS 200-1510] Running: add_files -cflags -I. Arithmetic.hpp 
INFO: [HLS 200-10] Adding design file 'Arithmetic.hpp' to the project
INFO: [HLS 200-1510] Running: add_files -cflags -I. Crypto_TB.hpp 
INFO: [HLS 200-10] Adding design file 'Crypto_TB.hpp' to the project
INFO: [HLS 200-1510] Running: add_files -cflags -I. AddressGen.hpp 
INFO: [HLS 200-10] Adding design file 'AddressGen.hpp' to the project
INFO: [HLS 200-1510] Running: add_files -cflags -I. AddressGen_TB.hpp 
INFO: [HLS 200-10] Adding design file 'AddressGen_TB.hpp' to the project
INFO: [HLS 200-1510] Running: add_files -cflags -I. Utils.hpp 
INFO: [HLS 200-10] Adding design file 'Utils.hpp' to the project
INFO: [HLS 200-1510] Running: add_files -cflags -I. pow_mod.h 
WARNING: [HLS 200-40] Cannot find design file 'pow_mod.h'
INFO: [HLS 200-1510] Running: add_files -cflags -I. # 
WARNING: [HLS 200-40] Cannot find design file '#'
INFO: [HLS 200-1510] Running: add_files -cflags -I. Add 
WARNING: [HLS 200-40] Cannot find design file 'Add'
INFO: [HLS 200-1510] Running: add_files -cflags -I. all 
WARNING: [HLS 200-40] Cannot find design file 'all'
INFO: [HLS 200-1510] Running: add_files -cflags -I. necessary 
WARNING: [HLS 200-40] Cannot find design file 'necessary'
INFO: [HLS 200-1510] Running: add_files -cflags -I. header 
WARNING: [HLS 200-40] Cannot find design file 'header'
INFO: [HLS 200-1510] Running: add_files -cflags -I. files 
WARNING: [HLS 200-40] Cannot find design file 'files'
INFO: [HLS 200-1510] Running: add_files -tb main_TB.cpp 
INFO: [HLS 200-10] Adding test bench file 'main_TB.cpp' to the project
INFO: [HLS 200-1510] Running: set_top Crypto1 
INFO: [HLS 200-1510] Running: open_solution solution1 -reset 
INFO: [HLS 200-10] Creating and opening solution '/home/meng/HLS/Crypto/Crypto/solution1'.
INFO: [HLS 200-10] Cleaning up the solution database.
INFO: [HLS 200-1505] Using default flow_target 'vivado'
Resolution: For help on HLS 200-1505 see www.xilinx.com/cgi-bin/docs/rdoc?v=2023.1;t=hls+guidance;d=200-1505.html
INFO: [HLS 200-1510] Running: set_part xc7vx690tffg1761-2 
INFO: [HLS 200-1611] Setting target device to 'xc7vx690t-ffg1761-2'
INFO: [HLS 200-1510] Running: create_clock -period 4 
INFO: [SYN 201-201] Setting up clock 'default' with a period of 4ns.
INFO: [HLS 200-1510] Running: csynth_design 
WARNING: [HLS 200-40] Cannot find source file header; skipping it.
WARNING: [HLS 200-40] Cannot find source file pow_mod.h; skipping it.
WARNING: [HLS 200-40] Cannot find source file files; skipping it.
WARNING: [HLS 200-40] Cannot find source file source; skipping it.
WARNING: [HLS 200-40] Cannot find source file necessary; skipping it.
WARNING: [HLS 200-40] Cannot find source file all; skipping it.
WARNING: [HLS 200-40] Cannot find source file Add; skipping it.
WARNING: [HLS 200-40] Cannot find source file #; skipping it.
WARNING: [HLS 200-40] Cannot find source file ret.txt; skipping it.
WARNING: [HLS 200-40] Cannot find source file basis.txt; skipping it.
WARNING: [HLS 200-40] Cannot find source file poly.txt; skipping it.
INFO: [HLS 200-111] Finished File checks and directory preparation: CPU user time: 0.04 seconds. CPU system time: 0.01 seconds. Elapsed time: 0.04 seconds; current allocated memory: 1.451 GB.
INFO: [HLS 200-10] Analyzing design file 'pow_mod.cpp' ... 
WARNING: [HLS 207-5533] 'factor' in '#pragma HLS array_partition' is ignored (pow_mod.cpp:78:50)
WARNING: [HLS 207-5533] 'factor' in '#pragma HLS array_partition' is ignored (pow_mod.cpp:79:51)
WARNING: [HLS 207-5533] 'factor' in '#pragma HLS array_partition' is ignored (pow_mod.cpp:80:49)
INFO: [HLS 200-10] Analyzing design file 'Utils.cpp' ... 
INFO: [HLS 200-10] Analyzing design file 'AddressGen_TB.cpp' ... 
INFO: [HLS 200-10] Analyzing design file 'AddressGen.cpp' ... 
WARNING: [HLS 207-5168] shifting a negative signed value is undefined (AddressGen.cpp:72:21)
WARNING: [HLS 207-4591] operator '>>' has lower precedence than '-'; '-' will be evaluated first (AddressGen.cpp:87:88)
INFO: [HLS 207-4428] place parentheses around the '-' expression to silence this warning (AddressGen.cpp:87:88)
WARNING: [HLS 207-4591] operator '>>' has lower precedence than '-'; '-' will be evaluated first (AddressGen.cpp:91:88)
INFO: [HLS 207-4428] place parentheses around the '-' expression to silence this warning (AddressGen.cpp:91:88)
INFO: [HLS 200-10] Analyzing design file 'Crypto_TB.cpp' ... 
INFO: [HLS 200-10] Analyzing design file 'Arithmetic.cpp' ... 
INFO: [HLS 200-10] Analyzing design file 'PE_UNIT.cpp' ... 
INFO: [HLS 200-10] Analyzing design file 'PE_ARRAY.cpp' ... 
INFO: [HLS 200-10] Analyzing design file 'DATAMemory.cpp' ... 
INFO: [HLS 200-10] Analyzing design file 'Crypto1.cpp' ... 
INFO: [HLS 200-10] Analyzing design file 'Crypto.cpp' ... 
INFO: [HLS 200-10] Analyzing design file 'TwiddleMemory.cpp' ... 
INFO: [HLS 200-111] Finished Source Code Analysis and Preprocessing: CPU user time: 20.02 seconds. CPU system time: 4.72 seconds. Elapsed time: 24.76 seconds; current allocated memory: 1.456 GB.
INFO: [HLS 200-777] Using interface defaults for 'Vivado' flow target.
WARNING: [HLS 200-1995] There were 448,323 instructions in the design after the 'Compile/Link' phase of compilation. See the Design Size Report for more details: /home/meng/HLS/Crypto/Crypto/solution1/syn/report/csynth_design_size.rpt
WARNING: [HLS 200-1995] There were 26,045,144 instructions in the design after the 'Unroll/Inline' phase of compilation. See the Design Size Report for more details: /home/meng/HLS/Crypto/Crypto/solution1/syn/report/csynth_design_size.rpt
