

================================================================
== Vitis HLS Report for 'Crypto1_Pipeline_VITIS_LOOP_342_616'
================================================================
* Date:           Fri Apr  4 16:48:01 2025

* Version:        2024.1 (Build 5069499 on May 21 2024)
* Project:        Crypto
* Solution:       solution1 (Vivado IP Flow Target)
* Product family: virtex7
* Target device:  xc7vx485t-ffg1761-3


================================================================
== Performance Estimates
================================================================
+ Timing: 
    * Summary: 
    +--------+---------+----------+------------+
    |  Clock |  Target | Estimated| Uncertainty|
    +--------+---------+----------+------------+
    |ap_clk  |  6.00 ns|  3.927 ns|     1.62 ns|
    +--------+---------+----------+------------+

+ Latency: 
    * Summary: 
    +---------+---------+-----------+-----------+-----+-----+-----------------------------------------------+
    |  Latency (cycles) |   Latency (absolute)  |  Interval |                    Pipeline                   |
    |   min   |   max   |    min    |    max    | min | max |                      Type                     |
    +---------+---------+-----------+-----------+-----+-----+-----------------------------------------------+
    |       14|       14|  84.000 ns|  84.000 ns|   12|   12|  loop auto-rewind stp(delay=0 clock cycles(s))|
    +---------+---------+-----------+-----------+-----+-----+-----------------------------------------------+

    + Detail: 
        * Instance: 
        N/A

        * Loop: 
        +--------------------+---------+---------+----------+-----------+-----------+------+----------+
        |                    |  Latency (cycles) | Iteration|  Initiation Interval  | Trip |          |
        |      Loop Name     |   min   |   max   |  Latency |  achieved |   target  | Count| Pipelined|
        +--------------------+---------+---------+----------+-----------+-----------+------+----------+
        |- VITIS_LOOP_342_6  |       12|       12|         9|          4|          1|     2|       yes|
        +--------------------+---------+---------+----------+-----------+-----------+------+----------+



================================================================
== Utilization Estimates
================================================================
* Summary: 
+-----------------+---------+------+--------+--------+-----+
|       Name      | BRAM_18K|  DSP |   FF   |   LUT  | URAM|
+-----------------+---------+------+--------+--------+-----+
|DSP              |        -|     -|       -|       -|    -|
|Expression       |        -|     -|       0|     937|    -|
|FIFO             |        -|     -|       -|       -|    -|
|Instance         |        -|     -|    1376|     544|    -|
|Memory           |        -|     -|       -|       -|    -|
|Multiplexer      |        -|     -|    3037|    1852|    -|
|Register         |        -|     -|     991|       -|    -|
+-----------------+---------+------+--------+--------+-----+
|Total            |        0|     0|    5404|    3333|    0|
+-----------------+---------+------+--------+--------+-----+
|Available        |     2060|  2800|  607200|  303600|    0|
+-----------------+---------+------+--------+--------+-----+
|Utilization (%)  |        0|     0|      ~0|       1|    0|
+-----------------+---------+------+--------+--------+-----+

+ Detail: 
    * Instance: 
    +----------------------------+----------------------+---------+----+----+----+-----+
    |          Instance          |        Module        | BRAM_18K| DSP| FF | LUT| URAM|
    +----------------------------+----------------------+---------+----+----+----+-----+
    |sparsemux_9_2_32_1_1_U2129  |sparsemux_9_2_32_1_1  |        0|   0|  43|  17|    0|
    |sparsemux_9_2_32_1_1_U2130  |sparsemux_9_2_32_1_1  |        0|   0|  43|  17|    0|
    |sparsemux_9_2_32_1_1_U2131  |sparsemux_9_2_32_1_1  |        0|   0|  43|  17|    0|
    |sparsemux_9_2_32_1_1_U2132  |sparsemux_9_2_32_1_1  |        0|   0|  43|  17|    0|
    |sparsemux_9_2_32_1_1_U2133  |sparsemux_9_2_32_1_1  |        0|   0|  43|  17|    0|
    |sparsemux_9_2_32_1_1_U2134  |sparsemux_9_2_32_1_1  |        0|   0|  43|  17|    0|
    |sparsemux_9_2_32_1_1_U2135  |sparsemux_9_2_32_1_1  |        0|   0|  43|  17|    0|
    |sparsemux_9_2_32_1_1_U2136  |sparsemux_9_2_32_1_1  |        0|   0|  43|  17|    0|
    |sparsemux_9_2_32_1_1_U2137  |sparsemux_9_2_32_1_1  |        0|   0|  43|  17|    0|
    |sparsemux_9_2_32_1_1_U2138  |sparsemux_9_2_32_1_1  |        0|   0|  43|  17|    0|
    |sparsemux_9_2_32_1_1_U2139  |sparsemux_9_2_32_1_1  |        0|   0|  43|  17|    0|
    |sparsemux_9_2_32_1_1_U2140  |sparsemux_9_2_32_1_1  |        0|   0|  43|  17|    0|
    |sparsemux_9_2_32_1_1_U2141  |sparsemux_9_2_32_1_1  |        0|   0|  43|  17|    0|
    |sparsemux_9_2_32_1_1_U2142  |sparsemux_9_2_32_1_1  |        0|   0|  43|  17|    0|
    |sparsemux_9_2_32_1_1_U2143  |sparsemux_9_2_32_1_1  |        0|   0|  43|  17|    0|
    |sparsemux_9_2_32_1_1_U2144  |sparsemux_9_2_32_1_1  |        0|   0|  43|  17|    0|
    |sparsemux_9_2_32_1_1_U2145  |sparsemux_9_2_32_1_1  |        0|   0|  43|  17|    0|
    |sparsemux_9_2_32_1_1_U2146  |sparsemux_9_2_32_1_1  |        0|   0|  43|  17|    0|
    |sparsemux_9_2_32_1_1_U2147  |sparsemux_9_2_32_1_1  |        0|   0|  43|  17|    0|
    |sparsemux_9_2_32_1_1_U2148  |sparsemux_9_2_32_1_1  |        0|   0|  43|  17|    0|
    |sparsemux_9_2_32_1_1_U2149  |sparsemux_9_2_32_1_1  |        0|   0|  43|  17|    0|
    |sparsemux_9_2_32_1_1_U2150  |sparsemux_9_2_32_1_1  |        0|   0|  43|  17|    0|
    |sparsemux_9_2_32_1_1_U2151  |sparsemux_9_2_32_1_1  |        0|   0|  43|  17|    0|
    |sparsemux_9_2_32_1_1_U2152  |sparsemux_9_2_32_1_1  |        0|   0|  43|  17|    0|
    |sparsemux_9_2_32_1_1_U2153  |sparsemux_9_2_32_1_1  |        0|   0|  43|  17|    0|
    |sparsemux_9_2_32_1_1_U2154  |sparsemux_9_2_32_1_1  |        0|   0|  43|  17|    0|
    |sparsemux_9_2_32_1_1_U2155  |sparsemux_9_2_32_1_1  |        0|   0|  43|  17|    0|
    |sparsemux_9_2_32_1_1_U2156  |sparsemux_9_2_32_1_1  |        0|   0|  43|  17|    0|
    |sparsemux_9_2_32_1_1_U2157  |sparsemux_9_2_32_1_1  |        0|   0|  43|  17|    0|
    |sparsemux_9_2_32_1_1_U2158  |sparsemux_9_2_32_1_1  |        0|   0|  43|  17|    0|
    |sparsemux_9_2_32_1_1_U2159  |sparsemux_9_2_32_1_1  |        0|   0|  43|  17|    0|
    |sparsemux_9_2_32_1_1_U2160  |sparsemux_9_2_32_1_1  |        0|   0|  43|  17|    0|
    +----------------------------+----------------------+---------+----+----+----+-----+
    |Total                       |                      |        0|   0|1376| 544|    0|
    +----------------------------+----------------------+---------+----+----+----+-----+

    * DSP: 
    N/A

    * Memory: 
    N/A

    * FIFO: 
    N/A

    * Expression: 
    +----------------------------+----------+----+---+----+------------+------------+
    |        Variable Name       | Operation| DSP| FF| LUT| Bitwidth P0| Bitwidth P1|
    +----------------------------+----------+----+---+----+------------+------------+
    |add_ln342_fu_4313_p2        |         +|   0|  0|  14|           7|           6|
    |add_ln345_10_fu_5148_p2     |         +|   0|  0|  17|          10|          10|
    |add_ln345_11_fu_5172_p2     |         +|   0|  0|  17|          10|          10|
    |add_ln345_12_fu_5480_p2     |         +|   0|  0|  17|          10|          10|
    |add_ln345_13_fu_5504_p2     |         +|   0|  0|  17|          10|          10|
    |add_ln345_14_fu_5624_p2     |         +|   0|  0|  17|          10|          10|
    |add_ln345_15_fu_5648_p2     |         +|   0|  0|  17|          10|          10|
    |add_ln345_16_fu_5196_p2     |         +|   0|  0|  17|          10|          10|
    |add_ln345_17_fu_5220_p2     |         +|   0|  0|  17|          10|          10|
    |add_ln345_18_fu_5528_p2     |         +|   0|  0|  17|          10|          10|
    |add_ln345_19_fu_5552_p2     |         +|   0|  0|  17|          10|          10|
    |add_ln345_1_fu_4294_p2      |         +|   0|  0|  17|          10|          10|
    |add_ln345_20_fu_5672_p2     |         +|   0|  0|  17|          10|          10|
    |add_ln345_21_fu_5696_p2     |         +|   0|  0|  17|          10|          10|
    |add_ln345_22_fu_5768_p2     |         +|   0|  0|  17|          10|          10|
    |add_ln345_23_fu_5792_p2     |         +|   0|  0|  17|          10|          10|
    |add_ln345_24_fu_5576_p2     |         +|   0|  0|  17|          10|          10|
    |add_ln345_25_fu_5600_p2     |         +|   0|  0|  17|          10|          10|
    |add_ln345_26_fu_5720_p2     |         +|   0|  0|  17|          10|          10|
    |add_ln345_27_fu_5744_p2     |         +|   0|  0|  17|          10|          10|
    |add_ln345_28_fu_5816_p2     |         +|   0|  0|  17|          10|          10|
    |add_ln345_29_fu_5840_p2     |         +|   0|  0|  17|          10|          10|
    |add_ln345_2_fu_4720_p2      |         +|   0|  0|  17|          10|          10|
    |add_ln345_30_fu_5864_p2     |         +|   0|  0|  17|          10|          10|
    |add_ln345_31_fu_5874_p2     |         +|   0|  0|  17|          10|          10|
    |add_ln345_3_fu_4744_p2      |         +|   0|  0|  17|          10|          10|
    |add_ln345_4_fu_5100_p2      |         +|   0|  0|  17|          10|          10|
    |add_ln345_5_fu_5124_p2      |         +|   0|  0|  17|          10|          10|
    |add_ln345_6_fu_5432_p2      |         +|   0|  0|  17|          10|          10|
    |add_ln345_7_fu_5456_p2      |         +|   0|  0|  17|          10|          10|
    |add_ln345_8_fu_4768_p2      |         +|   0|  0|  17|          10|          10|
    |add_ln345_9_fu_4792_p2      |         +|   0|  0|  17|          10|          10|
    |add_ln345_fu_4270_p2        |         +|   0|  0|  17|          10|          10|
    |ap_condition_3299           |       and|   0|  0|   2|           1|           1|
    |ap_condition_3303           |       and|   0|  0|   2|           1|           1|
    |ap_condition_3307           |       and|   0|  0|   2|           1|           1|
    |ap_condition_3311           |       and|   0|  0|   2|           1|           1|
    |ap_condition_3315           |       and|   0|  0|   2|           1|           1|
    |ap_condition_3319           |       and|   0|  0|   2|           1|           1|
    |ap_condition_3323           |       and|   0|  0|   2|           1|           1|
    |ap_condition_3327           |       and|   0|  0|   2|           1|           1|
    |ap_condition_3331           |       and|   0|  0|   2|           1|           1|
    |ap_condition_3335           |       and|   0|  0|   2|           1|           1|
    |ap_condition_3339           |       and|   0|  0|   2|           1|           1|
    |ap_condition_3343           |       and|   0|  0|   2|           1|           1|
    |ap_condition_3347           |       and|   0|  0|   2|           1|           1|
    |ap_condition_3351           |       and|   0|  0|   2|           1|           1|
    |ap_condition_3355           |       and|   0|  0|   2|           1|           1|
    |ap_condition_3359           |       and|   0|  0|   2|           1|           1|
    |grp_fu_3297_p2              |      icmp|   0|  0|  11|           3|           1|
    |icmp_ln347_fu_3569_p2       |      icmp|   0|  0|  14|           7|           6|
    |select_ln345_10_fu_5143_p3  |    select|   0|  0|  10|           1|          10|
    |select_ln345_11_fu_5167_p3  |    select|   0|  0|  10|           1|          10|
    |select_ln345_12_fu_5475_p3  |    select|   0|  0|  10|           1|          10|
    |select_ln345_13_fu_5499_p3  |    select|   0|  0|  10|           1|          10|
    |select_ln345_14_fu_5619_p3  |    select|   0|  0|  10|           1|          10|
    |select_ln345_15_fu_5643_p3  |    select|   0|  0|  10|           1|          10|
    |select_ln345_16_fu_5191_p3  |    select|   0|  0|  10|           1|          10|
    |select_ln345_17_fu_5215_p3  |    select|   0|  0|  10|           1|          10|
    |select_ln345_18_fu_5523_p3  |    select|   0|  0|  10|           1|          10|
    |select_ln345_19_fu_5547_p3  |    select|   0|  0|  10|           1|          10|
    |select_ln345_1_fu_4289_p3   |    select|   0|  0|  10|           1|          10|
    |select_ln345_20_fu_5667_p3  |    select|   0|  0|  10|           1|          10|
    |select_ln345_21_fu_5691_p3  |    select|   0|  0|  10|           1|          10|
    |select_ln345_22_fu_5763_p3  |    select|   0|  0|  10|           1|          10|
    |select_ln345_23_fu_5787_p3  |    select|   0|  0|  10|           1|          10|
    |select_ln345_24_fu_5571_p3  |    select|   0|  0|  10|           1|          10|
    |select_ln345_25_fu_5595_p3  |    select|   0|  0|  10|           1|          10|
    |select_ln345_26_fu_5715_p3  |    select|   0|  0|  10|           1|          10|
    |select_ln345_27_fu_5739_p3  |    select|   0|  0|  10|           1|          10|
    |select_ln345_28_fu_5811_p3  |    select|   0|  0|  10|           1|          10|
    |select_ln345_29_fu_5835_p3  |    select|   0|  0|  10|           1|          10|
    |select_ln345_2_fu_4715_p3   |    select|   0|  0|  10|           1|          10|
    |select_ln345_30_fu_5859_p3  |    select|   0|  0|  10|           1|          10|
    |select_ln345_31_fu_5869_p3  |    select|   0|  0|  10|           1|          10|
    |select_ln345_3_fu_4739_p3   |    select|   0|  0|  10|           1|          10|
    |select_ln345_4_fu_5095_p3   |    select|   0|  0|  10|           1|          10|
    |select_ln345_5_fu_5119_p3   |    select|   0|  0|  10|           1|          10|
    |select_ln345_6_fu_5427_p3   |    select|   0|  0|  10|           1|          10|
    |select_ln345_7_fu_5451_p3   |    select|   0|  0|  10|           1|          10|
    |select_ln345_8_fu_4763_p3   |    select|   0|  0|  10|           1|          10|
    |select_ln345_9_fu_4787_p3   |    select|   0|  0|  10|           1|          10|
    |select_ln345_fu_4265_p3     |    select|   0|  0|  10|           1|          10|
    |ap_enable_pp0               |       xor|   0|  0|   2|           1|           2|
    +----------------------------+----------+----+---+----+------------+------------+
    |Total                       |          |   0|  0| 937|         386|         671|
    +----------------------------+----------+----+---+----+------------+------------+

    * Multiplexer: 
    +----------------------------------+----+-----------+-----+-----------+
    |               Name               | LUT| Input Size| Bits| Total Bits|
    +----------------------------------+----+-----------+-----+-----------+
    |DataRAM_1_address0_local          |  37|          9|   13|        117|
    |DataRAM_1_address1_local          |  37|          9|   13|        117|
    |DataRAM_1_d0_local                |  21|          5|   32|        160|
    |DataRAM_1_d1_local                |  21|          5|   32|        160|
    |DataRAM_2_address0_local          |  37|          9|   13|        117|
    |DataRAM_2_address1_local          |  37|          9|   13|        117|
    |DataRAM_2_d0_local                |  21|          5|   32|        160|
    |DataRAM_2_d1_local                |  21|          5|   32|        160|
    |DataRAM_3_address0_local          |  37|          9|   13|        117|
    |DataRAM_3_address1_local          |  37|          9|   13|        117|
    |DataRAM_3_d0_local                |  21|          5|   32|        160|
    |DataRAM_3_d1_local                |  21|          5|   32|        160|
    |DataRAM_4_address0_local          |  37|          9|   13|        117|
    |DataRAM_4_address1_local          |  37|          9|   13|        117|
    |DataRAM_4_d0_local                |  21|          5|   32|        160|
    |DataRAM_4_d1_local                |  21|          5|   32|        160|
    |DataRAM_5_address0_local          |  37|          9|   13|        117|
    |DataRAM_5_address1_local          |  37|          9|   13|        117|
    |DataRAM_5_d0_local                |  21|          5|   32|        160|
    |DataRAM_5_d1_local                |  21|          5|   32|        160|
    |DataRAM_6_address0_local          |  37|          9|   13|        117|
    |DataRAM_6_address1_local          |  37|          9|   13|        117|
    |DataRAM_6_d0_local                |  21|          5|   32|        160|
    |DataRAM_6_d1_local                |  21|          5|   32|        160|
    |DataRAM_7_address0_local          |  37|          9|   13|        117|
    |DataRAM_7_address1_local          |  37|          9|   13|        117|
    |DataRAM_7_d0_local                |  21|          5|   32|        160|
    |DataRAM_7_d1_local                |  21|          5|   32|        160|
    |DataRAM_address0_local            |  37|          9|   13|        117|
    |DataRAM_address1_local            |  37|          9|   13|        117|
    |DataRAM_d0_local                  |  21|          5|   32|        160|
    |DataRAM_d1_local                  |  21|          5|   32|        160|
    |NTTData_1_address0_local          |  21|          5|    4|         20|
    |NTTData_1_address1_local          |  21|          5|    4|         20|
    |NTTData_1_address2_local          |  21|          5|    4|         20|
    |NTTData_1_address3_local          |  21|          5|    4|         20|
    |NTTData_1_address4_local          |  21|          5|    4|         20|
    |NTTData_1_address5_local          |  21|          5|    4|         20|
    |NTTData_1_address6_local          |  21|          5|    4|         20|
    |NTTData_1_address7_local          |  21|          5|    4|         20|
    |NTTData_2_address0_local          |  21|          5|    4|         20|
    |NTTData_2_address1_local          |  21|          5|    4|         20|
    |NTTData_2_address2_local          |  21|          5|    4|         20|
    |NTTData_2_address3_local          |  21|          5|    4|         20|
    |NTTData_2_address4_local          |  21|          5|    4|         20|
    |NTTData_2_address5_local          |  21|          5|    4|         20|
    |NTTData_2_address6_local          |  21|          5|    4|         20|
    |NTTData_2_address7_local          |  21|          5|    4|         20|
    |NTTData_3_address0_local          |  21|          5|    4|         20|
    |NTTData_3_address1_local          |  21|          5|    4|         20|
    |NTTData_3_address2_local          |  21|          5|    4|         20|
    |NTTData_3_address3_local          |  21|          5|    4|         20|
    |NTTData_3_address4_local          |  21|          5|    4|         20|
    |NTTData_3_address5_local          |  21|          5|    4|         20|
    |NTTData_3_address6_local          |  21|          5|    4|         20|
    |NTTData_3_address7_local          |  21|          5|    4|         20|
    |NTTData_address0_local            |  21|          5|    4|         20|
    |NTTData_address1_local            |  21|          5|    4|         20|
    |NTTData_address2_local            |  21|          5|    4|         20|
    |NTTData_address3_local            |  21|          5|    4|         20|
    |NTTData_address4_local            |  21|          5|    4|         20|
    |NTTData_address5_local            |  21|          5|    4|         20|
    |NTTData_address6_local            |  21|          5|    4|         20|
    |NTTData_address7_local            |  21|          5|    4|         20|
    |OutputIndex_address0_local        |  21|          5|    6|         30|
    |OutputIndex_address1_local        |  21|          5|    6|         30|
    |OutputIndex_address2_local        |  21|          5|    6|         30|
    |OutputIndex_address3_local        |  21|          5|    6|         30|
    |OutputIndex_address4_local        |  21|          5|    6|         30|
    |OutputIndex_address5_local        |  21|          5|    6|         30|
    |OutputIndex_address6_local        |  21|          5|    6|         30|
    |OutputIndex_address7_local        |  21|          5|    6|         30|
    |ap_NS_fsm                         |  21|          5|    1|          5|
    |ap_done_int                       |   9|          2|    1|          2|
    |ap_enable_reg_pp0_iter0           |   9|          2|    1|          2|
    |ap_enable_reg_pp0_iter1           |   9|          2|    1|          2|
    |ap_enable_reg_pp0_iter2           |   9|          2|    1|          2|
    |ap_loop_exit_ready_pp0_iter1_reg  |   9|          2|    1|          2|
    |ap_sig_allocacmp_l_6              |   9|          2|    7|         14|
    |l_fu_308                          |   9|          2|    7|         14|
    +----------------------------------+----+-----------+-----+-----------+
    |Total                             |1852|        443|  916|       5355|
    +----------------------------------+----+-----------+-----+-----------+

    * Register: 
    +-------------------------------------+----+----+-----+-----------+
    |                 Name                | FF | LUT| Bits| Const Bits|
    +-------------------------------------+----+----+-----+-----------+
    |add_ln345_30_reg_7563                |  10|   0|   10|          0|
    |add_ln345_31_reg_7568                |  10|   0|   10|          0|
    |ap_CS_fsm                            |   4|   0|    4|          0|
    |ap_done_reg                          |   1|   0|    1|          0|
    |ap_enable_reg_pp0_iter0_reg          |   1|   0|    1|          0|
    |ap_enable_reg_pp0_iter1              |   1|   0|    1|          0|
    |ap_enable_reg_pp0_iter2              |   1|   0|    1|          0|
    |ap_loop_exit_ready_pp0_iter1_reg     |   1|   0|    1|          0|
    |icmp_ln345_reg_6436                  |   1|   0|    1|          0|
    |icmp_ln345_reg_6436_pp0_iter1_reg    |   1|   0|    1|          0|
    |icmp_ln347_1_reg_6432                |   1|   0|    1|          0|
    |icmp_ln347_1_reg_6432_pp0_iter1_reg  |   1|   0|    1|          0|
    |icmp_ln347_reg_6440                  |   1|   0|    1|          0|
    |icmp_ln347_reg_6440_pp0_iter1_reg    |   1|   0|    1|          0|
    |l_6_reg_6368                         |   7|   0|    7|          0|
    |l_fu_308                             |   7|   0|    7|          0|
    |p_cast29_reg_6356                    |  13|   0|   64|         51|
    |tmp_241_reg_6381                     |   1|   0|    1|          0|
    |tmp_242_reg_6410                     |   1|   0|    1|          0|
    |tmp_243_reg_6691                     |   1|   0|    1|          0|
    |tmp_244_reg_6963                     |   1|   0|    1|          0|
    |tmp_285_reg_6727                     |  32|   0|   32|          0|
    |tmp_286_reg_6733                     |  32|   0|   32|          0|
    |tmp_287_reg_6739                     |  32|   0|   32|          0|
    |tmp_288_reg_6745                     |  32|   0|   32|          0|
    |tmp_289_reg_6751                     |  32|   0|   32|          0|
    |tmp_290_reg_6757                     |  32|   0|   32|          0|
    |tmp_293_reg_6681                     |   2|   0|    2|          0|
    |tmp_295_reg_7015                     |  32|   0|   32|          0|
    |tmp_296_reg_7021                     |  32|   0|   32|          0|
    |tmp_297_reg_7027                     |  32|   0|   32|          0|
    |tmp_298_reg_7033                     |  32|   0|   32|          0|
    |tmp_299_reg_7039                     |  32|   0|   32|          0|
    |tmp_300_reg_7045                     |  32|   0|   32|          0|
    |tmp_305_reg_7291                     |  32|   0|   32|          0|
    |tmp_306_reg_7297                     |  32|   0|   32|          0|
    |tmp_307_reg_7303                     |  32|   0|   32|          0|
    |tmp_308_reg_7309                     |  32|   0|   32|          0|
    |tmp_309_reg_7315                     |  32|   0|   32|          0|
    |tmp_310_reg_7321                     |  32|   0|   32|          0|
    |tmp_313_reg_7527                     |  32|   0|   32|          0|
    |tmp_314_reg_7533                     |  32|   0|   32|          0|
    |tmp_315_reg_7539                     |  32|   0|   32|          0|
    |tmp_316_reg_7545                     |  32|   0|   32|          0|
    |tmp_317_reg_7551                     |  32|   0|   32|          0|
    |tmp_318_reg_7557                     |  32|   0|   32|          0|
    |tmp_875_cast_reg_6344                |  13|   0|   64|         51|
    |tmp_876_cast_reg_6332                |  13|   0|   64|         51|
    |tmp_877_cast_reg_6320                |  13|   0|   64|         51|
    |tmp_878_cast_reg_6308                |  13|   0|   64|         51|
    |tmp_879_cast_reg_6296                |  13|   0|   64|         51|
    |tmp_880_cast_reg_6284                |  13|   0|   64|         51|
    |tmp_881_cast_reg_6272                |  13|   0|   64|         51|
    |trunc_ln347_10_reg_6813              |   2|   0|    2|          0|
    |trunc_ln347_11_reg_6838              |   2|   0|    2|          0|
    |trunc_ln347_12_reg_6863              |   2|   0|    2|          0|
    |trunc_ln347_13_reg_6888              |   2|   0|    2|          0|
    |trunc_ln347_14_reg_6913              |   2|   0|    2|          0|
    |trunc_ln347_15_reg_6938              |   2|   0|    2|          0|
    |trunc_ln347_16_reg_7051              |   2|   0|    2|          0|
    |trunc_ln347_17_reg_7076              |   2|   0|    2|          0|
    |trunc_ln347_18_reg_7101              |   2|   0|    2|          0|
    |trunc_ln347_19_reg_7126              |   2|   0|    2|          0|
    |trunc_ln347_1_reg_6501               |   2|   0|    2|          0|
    |trunc_ln347_20_reg_7151              |   2|   0|    2|          0|
    |trunc_ln347_21_reg_7176              |   2|   0|    2|          0|
    |trunc_ln347_22_reg_7201              |   2|   0|    2|          0|
    |trunc_ln347_23_reg_7226              |   2|   0|    2|          0|
    |trunc_ln347_24_reg_7327              |   2|   0|    2|          0|
    |trunc_ln347_25_reg_7352              |   2|   0|    2|          0|
    |trunc_ln347_26_reg_7377              |   2|   0|    2|          0|
    |trunc_ln347_27_reg_7402              |   2|   0|    2|          0|
    |trunc_ln347_28_reg_7427              |   2|   0|    2|          0|
    |trunc_ln347_29_reg_7452              |   2|   0|    2|          0|
    |trunc_ln347_2_reg_6526               |   2|   0|    2|          0|
    |trunc_ln347_30_reg_7477              |   2|   0|    2|          0|
    |trunc_ln347_31_reg_7502              |   2|   0|    2|          0|
    |trunc_ln347_3_reg_6551               |   2|   0|    2|          0|
    |trunc_ln347_4_reg_6576               |   2|   0|    2|          0|
    |trunc_ln347_5_reg_6601               |   2|   0|    2|          0|
    |trunc_ln347_6_reg_6626               |   2|   0|    2|          0|
    |trunc_ln347_7_reg_6651               |   2|   0|    2|          0|
    |trunc_ln347_8_reg_6763               |   2|   0|    2|          0|
    |trunc_ln347_9_reg_6788               |   2|   0|    2|          0|
    |trunc_ln347_reg_6476                 |   2|   0|    2|          0|
    +-------------------------------------+----+----+-----+-----------+
    |Total                                | 991|   0| 1399|        408|
    +-------------------------------------+----+----+-----+-----------+



================================================================
== Interface
================================================================
* Summary: 
+----------------------+-----+-----+------------+-------------------------------------+--------------+
|       RTL Ports      | Dir | Bits|  Protocol  |            Source Object            |    C Type    |
+----------------------+-----+-----+------------+-------------------------------------+--------------+
|ap_clk                |   in|    1|  ap_ctrl_hs|  Crypto1_Pipeline_VITIS_LOOP_342_616|  return value|
|ap_rst                |   in|    1|  ap_ctrl_hs|  Crypto1_Pipeline_VITIS_LOOP_342_616|  return value|
|ap_start              |   in|    1|  ap_ctrl_hs|  Crypto1_Pipeline_VITIS_LOOP_342_616|  return value|
|ap_done               |  out|    1|  ap_ctrl_hs|  Crypto1_Pipeline_VITIS_LOOP_342_616|  return value|
|ap_idle               |  out|    1|  ap_ctrl_hs|  Crypto1_Pipeline_VITIS_LOOP_342_616|  return value|
|ap_ready              |  out|    1|  ap_ctrl_hs|  Crypto1_Pipeline_VITIS_LOOP_342_616|  return value|
|DataRAM_3_address0    |  out|   13|   ap_memory|                            DataRAM_3|         array|
|DataRAM_3_ce0         |  out|    1|   ap_memory|                            DataRAM_3|         array|
|DataRAM_3_we0         |  out|    1|   ap_memory|                            DataRAM_3|         array|
|DataRAM_3_d0          |  out|   32|   ap_memory|                            DataRAM_3|         array|
|DataRAM_3_address1    |  out|   13|   ap_memory|                            DataRAM_3|         array|
|DataRAM_3_ce1         |  out|    1|   ap_memory|                            DataRAM_3|         array|
|DataRAM_3_we1         |  out|    1|   ap_memory|                            DataRAM_3|         array|
|DataRAM_3_d1          |  out|   32|   ap_memory|                            DataRAM_3|         array|
|empty_49              |   in|   13|     ap_none|                             empty_49|        scalar|
|tmp_875               |   in|   13|     ap_none|                              tmp_875|        scalar|
|tmp_876               |   in|   13|     ap_none|                              tmp_876|        scalar|
|tmp_877               |   in|   13|     ap_none|                              tmp_877|        scalar|
|tmp_878               |   in|   13|     ap_none|                              tmp_878|        scalar|
|tmp_879               |   in|   13|     ap_none|                              tmp_879|        scalar|
|tmp_880               |   in|   13|     ap_none|                              tmp_880|        scalar|
|tmp_881               |   in|   13|     ap_none|                              tmp_881|        scalar|
|DataRAM_2_address0    |  out|   13|   ap_memory|                            DataRAM_2|         array|
|DataRAM_2_ce0         |  out|    1|   ap_memory|                            DataRAM_2|         array|
|DataRAM_2_we0         |  out|    1|   ap_memory|                            DataRAM_2|         array|
|DataRAM_2_d0          |  out|   32|   ap_memory|                            DataRAM_2|         array|
|DataRAM_2_address1    |  out|   13|   ap_memory|                            DataRAM_2|         array|
|DataRAM_2_ce1         |  out|    1|   ap_memory|                            DataRAM_2|         array|
|DataRAM_2_we1         |  out|    1|   ap_memory|                            DataRAM_2|         array|
|DataRAM_2_d1          |  out|   32|   ap_memory|                            DataRAM_2|         array|
|DataRAM_1_address0    |  out|   13|   ap_memory|                            DataRAM_1|         array|
|DataRAM_1_ce0         |  out|    1|   ap_memory|                            DataRAM_1|         array|
|DataRAM_1_we0         |  out|    1|   ap_memory|                            DataRAM_1|         array|
|DataRAM_1_d0          |  out|   32|   ap_memory|                            DataRAM_1|         array|
|DataRAM_1_address1    |  out|   13|   ap_memory|                            DataRAM_1|         array|
|DataRAM_1_ce1         |  out|    1|   ap_memory|                            DataRAM_1|         array|
|DataRAM_1_we1         |  out|    1|   ap_memory|                            DataRAM_1|         array|
|DataRAM_1_d1          |  out|   32|   ap_memory|                            DataRAM_1|         array|
|DataRAM_address0      |  out|   13|   ap_memory|                              DataRAM|         array|
|DataRAM_ce0           |  out|    1|   ap_memory|                              DataRAM|         array|
|DataRAM_we0           |  out|    1|   ap_memory|                              DataRAM|         array|
|DataRAM_d0            |  out|   32|   ap_memory|                              DataRAM|         array|
|DataRAM_address1      |  out|   13|   ap_memory|                              DataRAM|         array|
|DataRAM_ce1           |  out|    1|   ap_memory|                              DataRAM|         array|
|DataRAM_we1           |  out|    1|   ap_memory|                              DataRAM|         array|
|DataRAM_d1            |  out|   32|   ap_memory|                              DataRAM|         array|
|DataRAM_4_address0    |  out|   13|   ap_memory|                            DataRAM_4|         array|
|DataRAM_4_ce0         |  out|    1|   ap_memory|                            DataRAM_4|         array|
|DataRAM_4_we0         |  out|    1|   ap_memory|                            DataRAM_4|         array|
|DataRAM_4_d0          |  out|   32|   ap_memory|                            DataRAM_4|         array|
|DataRAM_4_address1    |  out|   13|   ap_memory|                            DataRAM_4|         array|
|DataRAM_4_ce1         |  out|    1|   ap_memory|                            DataRAM_4|         array|
|DataRAM_4_we1         |  out|    1|   ap_memory|                            DataRAM_4|         array|
|DataRAM_4_d1          |  out|   32|   ap_memory|                            DataRAM_4|         array|
|DataRAM_5_address0    |  out|   13|   ap_memory|                            DataRAM_5|         array|
|DataRAM_5_ce0         |  out|    1|   ap_memory|                            DataRAM_5|         array|
|DataRAM_5_we0         |  out|    1|   ap_memory|                            DataRAM_5|         array|
|DataRAM_5_d0          |  out|   32|   ap_memory|                            DataRAM_5|         array|
|DataRAM_5_address1    |  out|   13|   ap_memory|                            DataRAM_5|         array|
|DataRAM_5_ce1         |  out|    1|   ap_memory|                            DataRAM_5|         array|
|DataRAM_5_we1         |  out|    1|   ap_memory|                            DataRAM_5|         array|
|DataRAM_5_d1          |  out|   32|   ap_memory|                            DataRAM_5|         array|
|DataRAM_6_address0    |  out|   13|   ap_memory|                            DataRAM_6|         array|
|DataRAM_6_ce0         |  out|    1|   ap_memory|                            DataRAM_6|         array|
|DataRAM_6_we0         |  out|    1|   ap_memory|                            DataRAM_6|         array|
|DataRAM_6_d0          |  out|   32|   ap_memory|                            DataRAM_6|         array|
|DataRAM_6_address1    |  out|   13|   ap_memory|                            DataRAM_6|         array|
|DataRAM_6_ce1         |  out|    1|   ap_memory|                            DataRAM_6|         array|
|DataRAM_6_we1         |  out|    1|   ap_memory|                            DataRAM_6|         array|
|DataRAM_6_d1          |  out|   32|   ap_memory|                            DataRAM_6|         array|
|DataRAM_7_address0    |  out|   13|   ap_memory|                            DataRAM_7|         array|
|DataRAM_7_ce0         |  out|    1|   ap_memory|                            DataRAM_7|         array|
|DataRAM_7_we0         |  out|    1|   ap_memory|                            DataRAM_7|         array|
|DataRAM_7_d0          |  out|   32|   ap_memory|                            DataRAM_7|         array|
|DataRAM_7_address1    |  out|   13|   ap_memory|                            DataRAM_7|         array|
|DataRAM_7_ce1         |  out|    1|   ap_memory|                            DataRAM_7|         array|
|DataRAM_7_we1         |  out|    1|   ap_memory|                            DataRAM_7|         array|
|DataRAM_7_d1          |  out|   32|   ap_memory|                            DataRAM_7|         array|
|OutputIndex_address0  |  out|    6|   ap_memory|                          OutputIndex|         array|
|OutputIndex_ce0       |  out|    1|   ap_memory|                          OutputIndex|         array|
|OutputIndex_q0        |   in|    6|   ap_memory|                          OutputIndex|         array|
|OutputIndex_address1  |  out|    6|   ap_memory|                          OutputIndex|         array|
|OutputIndex_ce1       |  out|    1|   ap_memory|                          OutputIndex|         array|
|OutputIndex_q1        |   in|    6|   ap_memory|                          OutputIndex|         array|
|OutputIndex_address2  |  out|    6|   ap_memory|                          OutputIndex|         array|
|OutputIndex_ce2       |  out|    1|   ap_memory|                          OutputIndex|         array|
|OutputIndex_q2        |   in|    6|   ap_memory|                          OutputIndex|         array|
|OutputIndex_address3  |  out|    6|   ap_memory|                          OutputIndex|         array|
|OutputIndex_ce3       |  out|    1|   ap_memory|                          OutputIndex|         array|
|OutputIndex_q3        |   in|    6|   ap_memory|                          OutputIndex|         array|
|OutputIndex_address4  |  out|    6|   ap_memory|                          OutputIndex|         array|
|OutputIndex_ce4       |  out|    1|   ap_memory|                          OutputIndex|         array|
|OutputIndex_q4        |   in|    6|   ap_memory|                          OutputIndex|         array|
|OutputIndex_address5  |  out|    6|   ap_memory|                          OutputIndex|         array|
|OutputIndex_ce5       |  out|    1|   ap_memory|                          OutputIndex|         array|
|OutputIndex_q5        |   in|    6|   ap_memory|                          OutputIndex|         array|
|OutputIndex_address6  |  out|    6|   ap_memory|                          OutputIndex|         array|
|OutputIndex_ce6       |  out|    1|   ap_memory|                          OutputIndex|         array|
|OutputIndex_q6        |   in|    6|   ap_memory|                          OutputIndex|         array|
|OutputIndex_address7  |  out|    6|   ap_memory|                          OutputIndex|         array|
|OutputIndex_ce7       |  out|    1|   ap_memory|                          OutputIndex|         array|
|OutputIndex_q7        |   in|    6|   ap_memory|                          OutputIndex|         array|
|NTTData_address0      |  out|    4|   ap_memory|                              NTTData|         array|
|NTTData_ce0           |  out|    1|   ap_memory|                              NTTData|         array|
|NTTData_q0            |   in|   32|   ap_memory|                              NTTData|         array|
|NTTData_address1      |  out|    4|   ap_memory|                              NTTData|         array|
|NTTData_ce1           |  out|    1|   ap_memory|                              NTTData|         array|
|NTTData_q1            |   in|   32|   ap_memory|                              NTTData|         array|
|NTTData_address2      |  out|    4|   ap_memory|                              NTTData|         array|
|NTTData_ce2           |  out|    1|   ap_memory|                              NTTData|         array|
|NTTData_q2            |   in|   32|   ap_memory|                              NTTData|         array|
|NTTData_address3      |  out|    4|   ap_memory|                              NTTData|         array|
|NTTData_ce3           |  out|    1|   ap_memory|                              NTTData|         array|
|NTTData_q3            |   in|   32|   ap_memory|                              NTTData|         array|
|NTTData_address4      |  out|    4|   ap_memory|                              NTTData|         array|
|NTTData_ce4           |  out|    1|   ap_memory|                              NTTData|         array|
|NTTData_q4            |   in|   32|   ap_memory|                              NTTData|         array|
|NTTData_address5      |  out|    4|   ap_memory|                              NTTData|         array|
|NTTData_ce5           |  out|    1|   ap_memory|                              NTTData|         array|
|NTTData_q5            |   in|   32|   ap_memory|                              NTTData|         array|
|NTTData_address6      |  out|    4|   ap_memory|                              NTTData|         array|
|NTTData_ce6           |  out|    1|   ap_memory|                              NTTData|         array|
|NTTData_q6            |   in|   32|   ap_memory|                              NTTData|         array|
|NTTData_address7      |  out|    4|   ap_memory|                              NTTData|         array|
|NTTData_ce7           |  out|    1|   ap_memory|                              NTTData|         array|
|NTTData_q7            |   in|   32|   ap_memory|                              NTTData|         array|
|NTTData_1_address0    |  out|    4|   ap_memory|                            NTTData_1|         array|
|NTTData_1_ce0         |  out|    1|   ap_memory|                            NTTData_1|         array|
|NTTData_1_q0          |   in|   32|   ap_memory|                            NTTData_1|         array|
|NTTData_1_address1    |  out|    4|   ap_memory|                            NTTData_1|         array|
|NTTData_1_ce1         |  out|    1|   ap_memory|                            NTTData_1|         array|
|NTTData_1_q1          |   in|   32|   ap_memory|                            NTTData_1|         array|
|NTTData_1_address2    |  out|    4|   ap_memory|                            NTTData_1|         array|
|NTTData_1_ce2         |  out|    1|   ap_memory|                            NTTData_1|         array|
|NTTData_1_q2          |   in|   32|   ap_memory|                            NTTData_1|         array|
|NTTData_1_address3    |  out|    4|   ap_memory|                            NTTData_1|         array|
|NTTData_1_ce3         |  out|    1|   ap_memory|                            NTTData_1|         array|
|NTTData_1_q3          |   in|   32|   ap_memory|                            NTTData_1|         array|
|NTTData_1_address4    |  out|    4|   ap_memory|                            NTTData_1|         array|
|NTTData_1_ce4         |  out|    1|   ap_memory|                            NTTData_1|         array|
|NTTData_1_q4          |   in|   32|   ap_memory|                            NTTData_1|         array|
|NTTData_1_address5    |  out|    4|   ap_memory|                            NTTData_1|         array|
|NTTData_1_ce5         |  out|    1|   ap_memory|                            NTTData_1|         array|
|NTTData_1_q5          |   in|   32|   ap_memory|                            NTTData_1|         array|
|NTTData_1_address6    |  out|    4|   ap_memory|                            NTTData_1|         array|
|NTTData_1_ce6         |  out|    1|   ap_memory|                            NTTData_1|         array|
|NTTData_1_q6          |   in|   32|   ap_memory|                            NTTData_1|         array|
|NTTData_1_address7    |  out|    4|   ap_memory|                            NTTData_1|         array|
|NTTData_1_ce7         |  out|    1|   ap_memory|                            NTTData_1|         array|
|NTTData_1_q7          |   in|   32|   ap_memory|                            NTTData_1|         array|
|NTTData_2_address0    |  out|    4|   ap_memory|                            NTTData_2|         array|
|NTTData_2_ce0         |  out|    1|   ap_memory|                            NTTData_2|         array|
|NTTData_2_q0          |   in|   32|   ap_memory|                            NTTData_2|         array|
|NTTData_2_address1    |  out|    4|   ap_memory|                            NTTData_2|         array|
|NTTData_2_ce1         |  out|    1|   ap_memory|                            NTTData_2|         array|
|NTTData_2_q1          |   in|   32|   ap_memory|                            NTTData_2|         array|
|NTTData_2_address2    |  out|    4|   ap_memory|                            NTTData_2|         array|
|NTTData_2_ce2         |  out|    1|   ap_memory|                            NTTData_2|         array|
|NTTData_2_q2          |   in|   32|   ap_memory|                            NTTData_2|         array|
|NTTData_2_address3    |  out|    4|   ap_memory|                            NTTData_2|         array|
|NTTData_2_ce3         |  out|    1|   ap_memory|                            NTTData_2|         array|
|NTTData_2_q3          |   in|   32|   ap_memory|                            NTTData_2|         array|
|NTTData_2_address4    |  out|    4|   ap_memory|                            NTTData_2|         array|
|NTTData_2_ce4         |  out|    1|   ap_memory|                            NTTData_2|         array|
|NTTData_2_q4          |   in|   32|   ap_memory|                            NTTData_2|         array|
|NTTData_2_address5    |  out|    4|   ap_memory|                            NTTData_2|         array|
|NTTData_2_ce5         |  out|    1|   ap_memory|                            NTTData_2|         array|
|NTTData_2_q5          |   in|   32|   ap_memory|                            NTTData_2|         array|
|NTTData_2_address6    |  out|    4|   ap_memory|                            NTTData_2|         array|
|NTTData_2_ce6         |  out|    1|   ap_memory|                            NTTData_2|         array|
|NTTData_2_q6          |   in|   32|   ap_memory|                            NTTData_2|         array|
|NTTData_2_address7    |  out|    4|   ap_memory|                            NTTData_2|         array|
|NTTData_2_ce7         |  out|    1|   ap_memory|                            NTTData_2|         array|
|NTTData_2_q7          |   in|   32|   ap_memory|                            NTTData_2|         array|
|NTTData_3_address0    |  out|    4|   ap_memory|                            NTTData_3|         array|
|NTTData_3_ce0         |  out|    1|   ap_memory|                            NTTData_3|         array|
|NTTData_3_q0          |   in|   32|   ap_memory|                            NTTData_3|         array|
|NTTData_3_address1    |  out|    4|   ap_memory|                            NTTData_3|         array|
|NTTData_3_ce1         |  out|    1|   ap_memory|                            NTTData_3|         array|
|NTTData_3_q1          |   in|   32|   ap_memory|                            NTTData_3|         array|
|NTTData_3_address2    |  out|    4|   ap_memory|                            NTTData_3|         array|
|NTTData_3_ce2         |  out|    1|   ap_memory|                            NTTData_3|         array|
|NTTData_3_q2          |   in|   32|   ap_memory|                            NTTData_3|         array|
|NTTData_3_address3    |  out|    4|   ap_memory|                            NTTData_3|         array|
|NTTData_3_ce3         |  out|    1|   ap_memory|                            NTTData_3|         array|
|NTTData_3_q3          |   in|   32|   ap_memory|                            NTTData_3|         array|
|NTTData_3_address4    |  out|    4|   ap_memory|                            NTTData_3|         array|
|NTTData_3_ce4         |  out|    1|   ap_memory|                            NTTData_3|         array|
|NTTData_3_q4          |   in|   32|   ap_memory|                            NTTData_3|         array|
|NTTData_3_address5    |  out|    4|   ap_memory|                            NTTData_3|         array|
|NTTData_3_ce5         |  out|    1|   ap_memory|                            NTTData_3|         array|
|NTTData_3_q5          |   in|   32|   ap_memory|                            NTTData_3|         array|
|NTTData_3_address6    |  out|    4|   ap_memory|                            NTTData_3|         array|
|NTTData_3_ce6         |  out|    1|   ap_memory|                            NTTData_3|         array|
|NTTData_3_q6          |   in|   32|   ap_memory|                            NTTData_3|         array|
|NTTData_3_address7    |  out|    4|   ap_memory|                            NTTData_3|         array|
|NTTData_3_ce7         |  out|    1|   ap_memory|                            NTTData_3|         array|
|NTTData_3_q7          |   in|   32|   ap_memory|                            NTTData_3|         array|
|cmp391_2              |   in|    1|     ap_none|                             cmp391_2|        scalar|
|ReadAddr_1248_reload  |   in|   10|     ap_none|                 ReadAddr_1248_reload|        scalar|
|ReadAddr_1216_reload  |   in|   10|     ap_none|                 ReadAddr_1216_reload|        scalar|
|empty                 |   in|   10|     ap_none|                                empty|        scalar|
|ReadAddr_1249_reload  |   in|   10|     ap_none|                 ReadAddr_1249_reload|        scalar|
|ReadAddr_1217_reload  |   in|   10|     ap_none|                 ReadAddr_1217_reload|        scalar|
|ReadAddr_1250_reload  |   in|   10|     ap_none|                 ReadAddr_1250_reload|        scalar|
|ReadAddr_1218_reload  |   in|   10|     ap_none|                 ReadAddr_1218_reload|        scalar|
|ReadAddr_1251_reload  |   in|   10|     ap_none|                 ReadAddr_1251_reload|        scalar|
|ReadAddr_1219_reload  |   in|   10|     ap_none|                 ReadAddr_1219_reload|        scalar|
|ReadAddr_1252_reload  |   in|   10|     ap_none|                 ReadAddr_1252_reload|        scalar|
|ReadAddr_1220_reload  |   in|   10|     ap_none|                 ReadAddr_1220_reload|        scalar|
|ReadAddr_1253_reload  |   in|   10|     ap_none|                 ReadAddr_1253_reload|        scalar|
|ReadAddr_1221_reload  |   in|   10|     ap_none|                 ReadAddr_1221_reload|        scalar|
|ReadAddr_1254_reload  |   in|   10|     ap_none|                 ReadAddr_1254_reload|        scalar|
|ReadAddr_1222_reload  |   in|   10|     ap_none|                 ReadAddr_1222_reload|        scalar|
|ReadAddr_1255_reload  |   in|   10|     ap_none|                 ReadAddr_1255_reload|        scalar|
|ReadAddr_1223_reload  |   in|   10|     ap_none|                 ReadAddr_1223_reload|        scalar|
|ReadAddr_1256_reload  |   in|   10|     ap_none|                 ReadAddr_1256_reload|        scalar|
|ReadAddr_1224_reload  |   in|   10|     ap_none|                 ReadAddr_1224_reload|        scalar|
|ReadAddr_1257_reload  |   in|   10|     ap_none|                 ReadAddr_1257_reload|        scalar|
|ReadAddr_1225_reload  |   in|   10|     ap_none|                 ReadAddr_1225_reload|        scalar|
|ReadAddr_1258_reload  |   in|   10|     ap_none|                 ReadAddr_1258_reload|        scalar|
|ReadAddr_1226_reload  |   in|   10|     ap_none|                 ReadAddr_1226_reload|        scalar|
|ReadAddr_1259_reload  |   in|   10|     ap_none|                 ReadAddr_1259_reload|        scalar|
|ReadAddr_1227_reload  |   in|   10|     ap_none|                 ReadAddr_1227_reload|        scalar|
|ReadAddr_1260_reload  |   in|   10|     ap_none|                 ReadAddr_1260_reload|        scalar|
|ReadAddr_1228_reload  |   in|   10|     ap_none|                 ReadAddr_1228_reload|        scalar|
|ReadAddr_1261_reload  |   in|   10|     ap_none|                 ReadAddr_1261_reload|        scalar|
|ReadAddr_1229_reload  |   in|   10|     ap_none|                 ReadAddr_1229_reload|        scalar|
|ReadAddr_1262_reload  |   in|   10|     ap_none|                 ReadAddr_1262_reload|        scalar|
|ReadAddr_1230_reload  |   in|   10|     ap_none|                 ReadAddr_1230_reload|        scalar|
|ReadAddr_1263_reload  |   in|   10|     ap_none|                 ReadAddr_1263_reload|        scalar|
|ReadAddr_1231_reload  |   in|   10|     ap_none|                 ReadAddr_1231_reload|        scalar|
|ReadAddr_1264_reload  |   in|   10|     ap_none|                 ReadAddr_1264_reload|        scalar|
|ReadAddr_1232_reload  |   in|   10|     ap_none|                 ReadAddr_1232_reload|        scalar|
|ReadAddr_1265_reload  |   in|   10|     ap_none|                 ReadAddr_1265_reload|        scalar|
|ReadAddr_1233_reload  |   in|   10|     ap_none|                 ReadAddr_1233_reload|        scalar|
|ReadAddr_1266_reload  |   in|   10|     ap_none|                 ReadAddr_1266_reload|        scalar|
|ReadAddr_1234_reload  |   in|   10|     ap_none|                 ReadAddr_1234_reload|        scalar|
|ReadAddr_1267_reload  |   in|   10|     ap_none|                 ReadAddr_1267_reload|        scalar|
|ReadAddr_1235_reload  |   in|   10|     ap_none|                 ReadAddr_1235_reload|        scalar|
|ReadAddr_1268_reload  |   in|   10|     ap_none|                 ReadAddr_1268_reload|        scalar|
|ReadAddr_1236_reload  |   in|   10|     ap_none|                 ReadAddr_1236_reload|        scalar|
|ReadAddr_1269_reload  |   in|   10|     ap_none|                 ReadAddr_1269_reload|        scalar|
|ReadAddr_1237_reload  |   in|   10|     ap_none|                 ReadAddr_1237_reload|        scalar|
|ReadAddr_1270_reload  |   in|   10|     ap_none|                 ReadAddr_1270_reload|        scalar|
|ReadAddr_1238_reload  |   in|   10|     ap_none|                 ReadAddr_1238_reload|        scalar|
|ReadAddr_1271_reload  |   in|   10|     ap_none|                 ReadAddr_1271_reload|        scalar|
|ReadAddr_1239_reload  |   in|   10|     ap_none|                 ReadAddr_1239_reload|        scalar|
|ReadAddr_1272_reload  |   in|   10|     ap_none|                 ReadAddr_1272_reload|        scalar|
|ReadAddr_1240_reload  |   in|   10|     ap_none|                 ReadAddr_1240_reload|        scalar|
|ReadAddr_1273_reload  |   in|   10|     ap_none|                 ReadAddr_1273_reload|        scalar|
|ReadAddr_1241_reload  |   in|   10|     ap_none|                 ReadAddr_1241_reload|        scalar|
|ReadAddr_1274_reload  |   in|   10|     ap_none|                 ReadAddr_1274_reload|        scalar|
|ReadAddr_1242_reload  |   in|   10|     ap_none|                 ReadAddr_1242_reload|        scalar|
|ReadAddr_1275_reload  |   in|   10|     ap_none|                 ReadAddr_1275_reload|        scalar|
|ReadAddr_1243_reload  |   in|   10|     ap_none|                 ReadAddr_1243_reload|        scalar|
|ReadAddr_1276_reload  |   in|   10|     ap_none|                 ReadAddr_1276_reload|        scalar|
|ReadAddr_1244_reload  |   in|   10|     ap_none|                 ReadAddr_1244_reload|        scalar|
|ReadAddr_1277_reload  |   in|   10|     ap_none|                 ReadAddr_1277_reload|        scalar|
|ReadAddr_1245_reload  |   in|   10|     ap_none|                 ReadAddr_1245_reload|        scalar|
|ReadAddr_1278_reload  |   in|   10|     ap_none|                 ReadAddr_1278_reload|        scalar|
|ReadAddr_1246_reload  |   in|   10|     ap_none|                 ReadAddr_1246_reload|        scalar|
|ReadAddr_1279_reload  |   in|   10|     ap_none|                 ReadAddr_1279_reload|        scalar|
|ReadAddr_1247_reload  |   in|   10|     ap_none|                 ReadAddr_1247_reload|        scalar|
+----------------------+-----+-----+------------+-------------------------------------+--------------+

