

================================================================
== Vitis HLS Report for 'Crypto_Pipeline_POLY_MUL_LOOP24'
================================================================
* Date:           Tue Mar  4 14:33:29 2025

* Version:        2023.1 (Build 3854077 on May  4 2023)
* Project:        Crypto
* Solution:       solution1 (Vivado IP Flow Target)
* Product family: zynq
* Target device:  xc7z020-clg400-1


================================================================
== Performance Estimates
================================================================
+ Timing: 
    * Summary: 
    +--------+---------+----------+------------+
    |  Clock |  Target | Estimated| Uncertainty|
    +--------+---------+----------+------------+
    |ap_clk  |  8.00 ns|  5.655 ns|     2.16 ns|
    +--------+---------+----------+------------+

+ Latency: 
    * Summary: 
    +---------+---------+-----------+-----------+------+------+---------+
    |  Latency (cycles) |   Latency (absolute)  |   Interval  | Pipeline|
    |   min   |   max   |    min    |    max    |  min |  max |   Type  |
    +---------+---------+-----------+-----------+------+------+---------+
    |     4113|     4113|  32.904 us|  32.904 us|  4113|  4113|       no|
    +---------+---------+-----------+-----------+------+------+---------+

    + Detail: 
        * Instance: 
        +----------------------+-----------+---------+---------+-----------+-----------+-----+-----+---------+
        |                      |           |  Latency (cycles) |   Latency (absolute)  |  Interval | Pipeline|
        |       Instance       |   Module  |   min   |   max   |    min    |    max    | min | max |   Type  |
        +----------------------+-----------+---------+---------+-----------+-----------+-----+-----+---------+
        |grp_MUL_MOD_1_fu_238  |MUL_MOD_1  |       12|       12|  96.000 ns|  96.000 ns|    1|    1|      yes|
        +----------------------+-----------+---------+---------+-----------+-----------+-----+-----+---------+

        * Loop: 
        +-----------------+---------+---------+----------+-----------+-----------+------+----------+
        |                 |  Latency (cycles) | Iteration|  Initiation Interval  | Trip |          |
        |    Loop Name    |   min   |   max   |  Latency |  achieved |   target  | Count| Pipelined|
        +-----------------+---------+---------+----------+-----------+-----------+------+----------+
        |- POLY_MUL_LOOP  |     4111|     4111|        20|          4|          1|  1024|       yes|
        +-----------------+---------+---------+----------+-----------+-----------+------+----------+



================================================================
== Utilization Estimates
================================================================
* Summary: 
+-----------------+---------+-----+--------+-------+-----+
|       Name      | BRAM_18K| DSP |   FF   |  LUT  | URAM|
+-----------------+---------+-----+--------+-------+-----+
|DSP              |        -|    -|       -|      -|    -|
|Expression       |        -|    -|       0|     52|    -|
|FIFO             |        -|    -|       -|      -|    -|
|Instance         |        -|   12|    1401|   1016|    -|
|Memory           |        -|    -|       -|      -|    -|
|Multiplexer      |        -|    -|       -|    432|    -|
|Register         |        -|    -|    1655|    544|    -|
+-----------------+---------+-----+--------+-------+-----+
|Total            |        0|   12|    3056|   2044|    0|
+-----------------+---------+-----+--------+-------+-----+
|Available        |      280|  220|  106400|  53200|    0|
+-----------------+---------+-----+--------+-------+-----+
|Utilization (%)  |        0|    5|       2|      3|    0|
+-----------------+---------+-----+--------+-------+-----+

+ Detail: 
    * Instance: 
    +----------------------+----------------+---------+----+------+-----+-----+
    |       Instance       |     Module     | BRAM_18K| DSP|  FF  | LUT | URAM|
    +----------------------+----------------+---------+----+------+-----+-----+
    |grp_MUL_MOD_1_fu_238  |MUL_MOD_1       |        0|  12|  1401|  936|    0|
    |mux_4_2_32_1_1_U205   |mux_4_2_32_1_1  |        0|   0|     0|   20|    0|
    |mux_4_2_32_1_1_U206   |mux_4_2_32_1_1  |        0|   0|     0|   20|    0|
    |mux_4_2_32_1_1_U207   |mux_4_2_32_1_1  |        0|   0|     0|   20|    0|
    |mux_4_2_32_1_1_U208   |mux_4_2_32_1_1  |        0|   0|     0|   20|    0|
    +----------------------+----------------+---------+----+------+-----+-----+
    |Total                 |                |        0|  12|  1401| 1016|    0|
    +----------------------+----------------+---------+----+------+-----+-----+

    * DSP: 
    N/A

    * Memory: 
    N/A

    * FIFO: 
    N/A

    * Expression: 
    +----------------------+----------+----+---+----+------------+------------+
    |     Variable Name    | Operation| DSP| FF| LUT| Bitwidth P0| Bitwidth P1|
    +----------------------+----------+----+---+----+------------+------------+
    |add_ln150_fu_352_p2   |         +|   0|  0|  14|          13|           3|
    |or_ln150_1_fu_363_p2  |        or|   0|  0|  12|          12|           2|
    |or_ln150_2_fu_376_p2  |        or|   0|  0|  12|          12|           2|
    |or_ln150_fu_338_p2    |        or|   0|  0|  12|          12|           1|
    |ap_enable_pp0         |       xor|   0|  0|   2|           1|           2|
    +----------------------+----------+----+---+----+------------+------------+
    |Total                 |          |   0|  0|  52|          50|          10|
    +----------------------+----------+----+---+----+------------+------------+

    * Multiplexer: 
    +---------------------------------+----+-----------+-----+-----------+
    |               Name              | LUT| Input Size| Bits| Total Bits|
    +---------------------------------+----+-----------+-----+-----------+
    |DataRAM_11_address0              |  25|          5|   12|         60|
    |DataRAM_11_address1              |  25|          5|   12|         60|
    |DataRAM_11_d0                    |  14|          3|   32|         96|
    |DataRAM_11_d1                    |  14|          3|   32|         96|
    |DataRAM_2_address0               |  25|          5|   12|         60|
    |DataRAM_2_address1               |  25|          5|   12|         60|
    |DataRAM_2_d0                     |  14|          3|   32|         96|
    |DataRAM_2_d1                     |  14|          3|   32|         96|
    |DataRAM_5_address0               |  25|          5|   12|         60|
    |DataRAM_5_address1               |  25|          5|   12|         60|
    |DataRAM_5_d0                     |  14|          3|   32|         96|
    |DataRAM_5_d1                     |  14|          3|   32|         96|
    |DataRAM_8_address0               |  25|          5|   12|         60|
    |DataRAM_8_address1               |  25|          5|   12|         60|
    |DataRAM_8_d0                     |  14|          3|   32|         96|
    |DataRAM_8_d1                     |  14|          3|   32|         96|
    |ap_NS_fsm                        |  25|          5|    1|          5|
    |ap_done_int                      |   9|          2|    1|          2|
    |ap_enable_reg_pp0_iter0          |   9|          2|    1|          2|
    |ap_enable_reg_pp0_iter1          |   9|          2|    1|          2|
    |ap_sig_allocacmp_j_15            |   9|          2|   13|         26|
    |grp_MUL_MOD_1_fu_238_input1_val  |  25|          5|   32|        160|
    |grp_MUL_MOD_1_fu_238_input2_val  |  25|          5|   32|        160|
    |j_fu_58                          |   9|          2|   13|         26|
    +---------------------------------+----+-----------+-----+-----------+
    |Total                            | 432|         89|  446|       1631|
    +---------------------------------+----+-----------+-----+-----------+

    * Register: 
    +----------------------------------+----+----+-----+-----------+
    |               Name               | FF | LUT| Bits| Const Bits|
    +----------------------------------+----+----+-----+-----------+
    |DataRAM_11_addr_4_reg_453         |  11|   0|   12|          1|
    |DataRAM_11_addr_5_reg_483         |  11|   0|   12|          1|
    |DataRAM_11_addr_6_reg_503         |  10|   0|   12|          2|
    |DataRAM_11_addr_reg_433           |  12|   0|   12|          0|
    |DataRAM_2_addr_4_reg_438          |  11|   0|   12|          1|
    |DataRAM_2_addr_5_reg_468          |  11|   0|   12|          1|
    |DataRAM_2_addr_6_reg_488          |  10|   0|   12|          2|
    |DataRAM_2_addr_reg_418            |  12|   0|   12|          0|
    |DataRAM_5_addr_4_reg_443          |  11|   0|   12|          1|
    |DataRAM_5_addr_5_reg_473          |  11|   0|   12|          1|
    |DataRAM_5_addr_6_reg_493          |  10|   0|   12|          2|
    |DataRAM_5_addr_reg_423            |  12|   0|   12|          0|
    |DataRAM_8_addr_4_reg_448          |  11|   0|   12|          1|
    |DataRAM_8_addr_5_reg_478          |  11|   0|   12|          1|
    |DataRAM_8_addr_6_reg_498          |  10|   0|   12|          2|
    |DataRAM_8_addr_reg_428            |  12|   0|   12|          0|
    |MulInput1_1_reg_508               |  32|   0|   32|          0|
    |MulInput1_2_reg_518               |  32|   0|   32|          0|
    |MulInput1_3_reg_528               |  32|   0|   32|          0|
    |MulInput1_reg_458                 |  32|   0|   32|          0|
    |MulInput2_1_reg_513               |  32|   0|   32|          0|
    |MulInput2_2_reg_523               |  32|   0|   32|          0|
    |MulInput2_3_reg_533               |  32|   0|   32|          0|
    |MulInput2_reg_463                 |  32|   0|   32|          0|
    |ap_CS_fsm                         |   4|   0|    4|          0|
    |ap_done_reg                       |   1|   0|    1|          0|
    |ap_enable_reg_pp0_iter0_reg       |   1|   0|    1|          0|
    |ap_enable_reg_pp0_iter1           |   1|   0|    1|          0|
    |ap_enable_reg_pp0_iter2           |   1|   0|    1|          0|
    |ap_enable_reg_pp0_iter3           |   1|   0|    1|          0|
    |ap_enable_reg_pp0_iter4           |   1|   0|    1|          0|
    |ap_loop_exit_ready_pp0_iter1_reg  |   1|   0|    1|          0|
    |ap_loop_exit_ready_pp0_iter2_reg  |   1|   0|    1|          0|
    |ap_loop_exit_ready_pp0_iter3_reg  |   1|   0|    1|          0|
    |call_ret8_reg_538                 |  32|   0|   32|          0|
    |call_ret9_reg_546                 |  32|   0|   32|          0|
    |empty_reg_412                     |  12|   0|   12|          0|
    |j_fu_58                           |  13|   0|   13|          0|
    |reg_298                           |  32|   0|   32|          0|
    |tmp_reg_408                       |   1|   0|    1|          0|
    |DataRAM_11_addr_4_reg_453         |  64|  32|   12|          1|
    |DataRAM_11_addr_5_reg_483         |  64|  32|   12|          1|
    |DataRAM_11_addr_6_reg_503         |  64|  32|   12|          2|
    |DataRAM_11_addr_reg_433           |  64|  32|   12|          0|
    |DataRAM_2_addr_4_reg_438          |  64|  32|   12|          1|
    |DataRAM_2_addr_5_reg_468          |  64|  32|   12|          1|
    |DataRAM_2_addr_6_reg_488          |  64|  32|   12|          2|
    |DataRAM_2_addr_reg_418            |  64|  32|   12|          0|
    |DataRAM_5_addr_4_reg_443          |  64|  32|   12|          1|
    |DataRAM_5_addr_5_reg_473          |  64|  32|   12|          1|
    |DataRAM_5_addr_6_reg_493          |  64|  32|   12|          2|
    |DataRAM_5_addr_reg_423            |  64|  32|   12|          0|
    |DataRAM_8_addr_4_reg_448          |  64|  32|   12|          1|
    |DataRAM_8_addr_5_reg_478          |  64|  32|   12|          1|
    |DataRAM_8_addr_6_reg_498          |  64|  32|   12|          2|
    |DataRAM_8_addr_reg_428            |  64|  32|   12|          0|
    |tmp_reg_408                       |  64|  32|    1|          0|
    +----------------------------------+----+----+-----+-----------+
    |Total                             |1655| 544|  776|         32|
    +----------------------------------+----+----+-----+-----------+



================================================================
== Interface
================================================================
* Summary: 
+---------------------+-----+-----+------------+---------------------------------+--------------+
|      RTL Ports      | Dir | Bits|  Protocol  |          Source Object          |    C Type    |
+---------------------+-----+-----+------------+---------------------------------+--------------+
|ap_clk               |   in|    1|  ap_ctrl_hs|  Crypto_Pipeline_POLY_MUL_LOOP24|  return value|
|ap_rst               |   in|    1|  ap_ctrl_hs|  Crypto_Pipeline_POLY_MUL_LOOP24|  return value|
|ap_start             |   in|    1|  ap_ctrl_hs|  Crypto_Pipeline_POLY_MUL_LOOP24|  return value|
|ap_done              |  out|    1|  ap_ctrl_hs|  Crypto_Pipeline_POLY_MUL_LOOP24|  return value|
|ap_idle              |  out|    1|  ap_ctrl_hs|  Crypto_Pipeline_POLY_MUL_LOOP24|  return value|
|ap_ready             |  out|    1|  ap_ctrl_hs|  Crypto_Pipeline_POLY_MUL_LOOP24|  return value|
|DataRAM_2_address0   |  out|   12|   ap_memory|                        DataRAM_2|         array|
|DataRAM_2_ce0        |  out|    1|   ap_memory|                        DataRAM_2|         array|
|DataRAM_2_we0        |  out|    1|   ap_memory|                        DataRAM_2|         array|
|DataRAM_2_d0         |  out|   32|   ap_memory|                        DataRAM_2|         array|
|DataRAM_2_q0         |   in|   32|   ap_memory|                        DataRAM_2|         array|
|DataRAM_2_address1   |  out|   12|   ap_memory|                        DataRAM_2|         array|
|DataRAM_2_ce1        |  out|    1|   ap_memory|                        DataRAM_2|         array|
|DataRAM_2_we1        |  out|    1|   ap_memory|                        DataRAM_2|         array|
|DataRAM_2_d1         |  out|   32|   ap_memory|                        DataRAM_2|         array|
|DataRAM_2_q1         |   in|   32|   ap_memory|                        DataRAM_2|         array|
|DataRAM_5_address0   |  out|   12|   ap_memory|                        DataRAM_5|         array|
|DataRAM_5_ce0        |  out|    1|   ap_memory|                        DataRAM_5|         array|
|DataRAM_5_we0        |  out|    1|   ap_memory|                        DataRAM_5|         array|
|DataRAM_5_d0         |  out|   32|   ap_memory|                        DataRAM_5|         array|
|DataRAM_5_q0         |   in|   32|   ap_memory|                        DataRAM_5|         array|
|DataRAM_5_address1   |  out|   12|   ap_memory|                        DataRAM_5|         array|
|DataRAM_5_ce1        |  out|    1|   ap_memory|                        DataRAM_5|         array|
|DataRAM_5_we1        |  out|    1|   ap_memory|                        DataRAM_5|         array|
|DataRAM_5_d1         |  out|   32|   ap_memory|                        DataRAM_5|         array|
|DataRAM_5_q1         |   in|   32|   ap_memory|                        DataRAM_5|         array|
|DataRAM_8_address0   |  out|   12|   ap_memory|                        DataRAM_8|         array|
|DataRAM_8_ce0        |  out|    1|   ap_memory|                        DataRAM_8|         array|
|DataRAM_8_we0        |  out|    1|   ap_memory|                        DataRAM_8|         array|
|DataRAM_8_d0         |  out|   32|   ap_memory|                        DataRAM_8|         array|
|DataRAM_8_q0         |   in|   32|   ap_memory|                        DataRAM_8|         array|
|DataRAM_8_address1   |  out|   12|   ap_memory|                        DataRAM_8|         array|
|DataRAM_8_ce1        |  out|    1|   ap_memory|                        DataRAM_8|         array|
|DataRAM_8_we1        |  out|    1|   ap_memory|                        DataRAM_8|         array|
|DataRAM_8_d1         |  out|   32|   ap_memory|                        DataRAM_8|         array|
|DataRAM_8_q1         |   in|   32|   ap_memory|                        DataRAM_8|         array|
|DataRAM_11_address0  |  out|   12|   ap_memory|                       DataRAM_11|         array|
|DataRAM_11_ce0       |  out|    1|   ap_memory|                       DataRAM_11|         array|
|DataRAM_11_we0       |  out|    1|   ap_memory|                       DataRAM_11|         array|
|DataRAM_11_d0        |  out|   32|   ap_memory|                       DataRAM_11|         array|
|DataRAM_11_q0        |   in|   32|   ap_memory|                       DataRAM_11|         array|
|DataRAM_11_address1  |  out|   12|   ap_memory|                       DataRAM_11|         array|
|DataRAM_11_ce1       |  out|    1|   ap_memory|                       DataRAM_11|         array|
|DataRAM_11_we1       |  out|    1|   ap_memory|                       DataRAM_11|         array|
|DataRAM_11_d1        |  out|   32|   ap_memory|                       DataRAM_11|         array|
|DataRAM_11_q1        |   in|   32|   ap_memory|                       DataRAM_11|         array|
|RAMSel_cast          |   in|    2|     ap_none|                      RAMSel_cast|        scalar|
|RAMSel1_cast         |   in|    2|     ap_none|                     RAMSel1_cast|        scalar|
+---------------------+-----+-----+------------+---------------------------------+--------------+

