

================================================================
== Vitis HLS Report for 'Crypto1_Pipeline_POLY_MUL_ROW_LOOP10'
================================================================
* Date:           Fri Apr  4 16:48:02 2025

* Version:        2024.1 (Build 5069499 on May 21 2024)
* Project:        Crypto
* Solution:       solution1 (Vivado IP Flow Target)
* Product family: virtex7
* Target device:  xc7vx485t-ffg1761-3


================================================================
== Performance Estimates
================================================================
+ Timing: 
    * Summary: 
    +--------+---------+----------+------------+
    |  Clock |  Target | Estimated| Uncertainty|
    +--------+---------+----------+------------+
    |ap_clk  |  6.00 ns|  4.079 ns|     1.62 ns|
    +--------+---------+----------+------------+

+ Latency: 
    * Summary: 
    +---------+---------+----------+----------+-----+-----+-----------------------------------------------+
    |  Latency (cycles) |  Latency (absolute) |  Interval |                    Pipeline                   |
    |   min   |   max   |    min   |    max   | min | max |                      Type                     |
    +---------+---------+----------+----------+-----+-----+-----------------------------------------------+
    |      793|      793|  4.758 us|  4.758 us|  780|  780|  loop auto-rewind stp(delay=0 clock cycles(s))|
    +---------+---------+----------+----------+-----+-----+-----------------------------------------------+

    + Detail: 
        * Instance: 
        +-----------------------------+-----------------+---------+---------+-----------+-----------+-----+-----+---------+
        |                             |                 |  Latency (cycles) |   Latency (absolute)  |  Interval | Pipeline|
        |           Instance          |      Module     |   min   |   max   |    min    |    max    | min | max |   Type  |
        +-----------------------------+-----------------+---------+---------+-----------+-----------+-----+-----+---------+
        |grp_Configurable_PE_fu_1182  |Configurable_PE  |       13|       13|  78.000 ns|  78.000 ns|    1|    1|      yes|
        |grp_Configurable_PE_fu_1192  |Configurable_PE  |       13|       13|  78.000 ns|  78.000 ns|    1|    1|      yes|
        |grp_Configurable_PE_fu_1202  |Configurable_PE  |       13|       13|  78.000 ns|  78.000 ns|    1|    1|      yes|
        |grp_Configurable_PE_fu_1212  |Configurable_PE  |       13|       13|  78.000 ns|  78.000 ns|    1|    1|      yes|
        |grp_Configurable_PE_fu_1222  |Configurable_PE  |       13|       13|  78.000 ns|  78.000 ns|    1|    1|      yes|
        |grp_Configurable_PE_fu_1232  |Configurable_PE  |       13|       13|  78.000 ns|  78.000 ns|    1|    1|      yes|
        +-----------------------------+-----------------+---------+---------+-----------+-----------+-----+-----+---------+

        * Loop: 
        +---------------------+---------+---------+----------+-----------+-----------+------+----------+
        |                     |  Latency (cycles) | Iteration|  Initiation Interval  | Trip |          |
        |      Loop Name      |   min   |   max   |  Latency |  achieved |   target  | Count| Pipelined|
        +---------------------+---------+---------+----------+-----------+-----------+------+----------+
        |- POLY_MUL_ROW_LOOP  |      791|      791|        36|         12|          1|    64|       yes|
        +---------------------+---------+---------+----------+-----------+-----------+------+----------+



================================================================
== Utilization Estimates
================================================================
* Summary: 
+-----------------+---------+------+--------+--------+-----+
|       Name      | BRAM_18K|  DSP |   FF   |   LUT  | URAM|
+-----------------+---------+------+--------+--------+-----+
|DSP              |        -|     -|       -|       -|    -|
|Expression       |        -|     -|       0|     153|    -|
|FIFO             |        -|     -|       -|       -|    -|
|Instance         |        -|     -|       -|       -|    -|
|Memory           |        -|     -|       -|       -|    -|
|Multiplexer      |        -|     -|    1309|    1782|    -|
|Register         |        -|     -|    8081|     704|    -|
+-----------------+---------+------+--------+--------+-----+
|Total            |        0|     0|    9390|    2639|    0|
+-----------------+---------+------+--------+--------+-----+
|Available        |     2060|  2800|  607200|  303600|    0|
+-----------------+---------+------+--------+--------+-----+
|Utilization (%)  |        0|     0|       1|      ~0|    0|
+-----------------+---------+------+--------+--------+-----+

+ Detail: 
    * Instance: 
    N/A

    * DSP: 
    N/A

    * Memory: 
    N/A

    * FIFO: 
    N/A

    * Expression: 
    +-----------------------+----------+----+---+----+------------+------------+
    |     Variable Name     | Operation| DSP| FF| LUT| Bitwidth P0| Bitwidth P1|
    +-----------------------+----------+----+---+----+------------+------------+
    |add_ln257_fu_1316_p2   |         +|   0|  0|  14|           7|           1|
    |p_cast2_fu_1326_p2     |         +|   0|  0|  17|          10|          10|
    |p_cast3_fu_1352_p2     |         +|   0|  0|  17|          10|          10|
    |ap_condition_1571      |       and|   0|  0|   2|           1|           1|
    |ap_condition_1576      |       and|   0|  0|   2|           1|           1|
    |ap_condition_1581      |       and|   0|  0|   2|           1|           1|
    |ap_condition_1586      |       and|   0|  0|   2|           1|           1|
    |ap_condition_1591      |       and|   0|  0|   2|           1|           1|
    |ap_condition_1596      |       and|   0|  0|   2|           1|           1|
    |ap_condition_1601      |       and|   0|  0|   2|           1|           1|
    |ap_condition_1607      |       and|   0|  0|   2|           1|           1|
    |ap_condition_1613      |       and|   0|  0|   2|           1|           1|
    |ap_condition_1619      |       and|   0|  0|   2|           1|           1|
    |ap_condition_1625      |       and|   0|  0|   2|           1|           1|
    |ap_condition_1641      |       and|   0|  0|   2|           1|           1|
    |ap_condition_1646      |       and|   0|  0|   2|           1|           1|
    |ap_condition_1651      |       and|   0|  0|   2|           1|           1|
    |ap_condition_1656      |       and|   0|  0|   2|           1|           1|
    |ap_condition_1661      |       and|   0|  0|   2|           1|           1|
    |ap_condition_1666      |       and|   0|  0|   2|           1|           1|
    |ap_condition_1671      |       and|   0|  0|   2|           1|           1|
    |ap_condition_1676      |       and|   0|  0|   2|           1|           1|
    |ap_condition_1681      |       and|   0|  0|   2|           1|           1|
    |ap_condition_1686      |       and|   0|  0|   2|           1|           1|
    |ap_condition_1691      |       and|   0|  0|   2|           1|           1|
    |ap_condition_1706      |       and|   0|  0|   2|           1|           1|
    |ap_condition_1711      |       and|   0|  0|   2|           1|           1|
    |ap_condition_1716      |       and|   0|  0|   2|           1|           1|
    |ap_condition_1721      |       and|   0|  0|   2|           1|           1|
    |ap_condition_1726      |       and|   0|  0|   2|           1|           1|
    |ap_condition_1731      |       and|   0|  0|   2|           1|           1|
    |ap_condition_1736      |       and|   0|  0|   2|           1|           1|
    |ap_condition_1741      |       and|   0|  0|   2|           1|           1|
    |ap_condition_1746      |       and|   0|  0|   2|           1|           1|
    |ap_condition_1751      |       and|   0|  0|   2|           1|           1|
    |ap_condition_1756      |       and|   0|  0|   2|           1|           1|
    |ap_condition_1771      |       and|   0|  0|   2|           1|           1|
    |ap_condition_1776      |       and|   0|  0|   2|           1|           1|
    |ap_condition_1781      |       and|   0|  0|   2|           1|           1|
    |ap_condition_1786      |       and|   0|  0|   2|           1|           1|
    |ap_condition_1791      |       and|   0|  0|   2|           1|           1|
    |ap_condition_1796      |       and|   0|  0|   2|           1|           1|
    |ap_condition_1801      |       and|   0|  0|   2|           1|           1|
    |ap_condition_1806      |       and|   0|  0|   2|           1|           1|
    |ap_condition_1811      |       and|   0|  0|   2|           1|           1|
    |ap_condition_1816      |       and|   0|  0|   2|           1|           1|
    |ap_condition_1821      |       and|   0|  0|   2|           1|           1|
    |icmp_ln257_fu_1310_p2  |      icmp|   0|  0|  15|           7|           8|
    |ap_enable_pp0          |       xor|   0|  0|   2|           1|           2|
    +-----------------------+----------+----+---+----+------------+------------+
    |Total                  |          |   0|  0| 153|          79|          75|
    +-----------------------+----------+----+---+----+------------+------------+

    * Multiplexer: 
    +----------------------------------------+----+-----------+-----+-----------+
    |                  Name                  | LUT| Input Size| Bits| Total Bits|
    +----------------------------------------+----+-----------+-----+-----------+
    |DataRAM_1_address0_local                |  53|         13|   13|        169|
    |DataRAM_1_address1_local                |  53|         13|   13|        169|
    |DataRAM_1_d0_local                      |  17|          4|   32|        128|
    |DataRAM_1_d1_local                      |  13|          3|   32|         96|
    |DataRAM_2_address0_local                |  53|         13|   13|        169|
    |DataRAM_2_address1_local                |  53|         13|   13|        169|
    |DataRAM_2_d0_local                      |  17|          4|   32|        128|
    |DataRAM_2_d1_local                      |  13|          3|   32|         96|
    |DataRAM_3_address0_local                |  53|         13|   13|        169|
    |DataRAM_3_address1_local                |  53|         13|   13|        169|
    |DataRAM_3_d0_local                      |  17|          4|   32|        128|
    |DataRAM_3_d1_local                      |  13|          3|   32|         96|
    |DataRAM_4_address0_local                |  53|         13|   13|        169|
    |DataRAM_4_address1_local                |  53|         13|   13|        169|
    |DataRAM_4_d0_local                      |  17|          4|   32|        128|
    |DataRAM_4_d1_local                      |  13|          3|   32|         96|
    |DataRAM_5_address0_local                |  53|         13|   13|        169|
    |DataRAM_5_address1_local                |  53|         13|   13|        169|
    |DataRAM_5_d0_local                      |  17|          4|   32|        128|
    |DataRAM_5_d1_local                      |  13|          3|   32|         96|
    |DataRAM_6_address0_local                |  53|         13|   13|        169|
    |DataRAM_6_address1_local                |  53|         13|   13|        169|
    |DataRAM_6_d0_local                      |  21|          5|   32|        160|
    |DataRAM_6_d1_local                      |  21|          5|   32|        160|
    |DataRAM_7_address0_local                |  53|         13|   13|        169|
    |DataRAM_7_address1_local                |  53|         13|   13|        169|
    |DataRAM_7_d0_local                      |  21|          5|   32|        160|
    |DataRAM_7_d1_local                      |  21|          5|   32|        160|
    |DataRAM_address0_local                  |  53|         13|   13|        169|
    |DataRAM_address1_local                  |  53|         13|   13|        169|
    |DataRAM_d0_local                        |  17|          4|   32|        128|
    |DataRAM_d1_local                        |  13|          3|   32|         96|
    |ap_NS_fsm                               |  53|         13|    1|         13|
    |ap_done_int                             |   9|          2|    1|          2|
    |ap_enable_reg_pp0_iter0                 |   9|          2|    1|          2|
    |ap_enable_reg_pp0_iter1                 |   9|          2|    1|          2|
    |ap_sig_allocacmp_j_5                    |   9|          2|    7|         14|
    |grp_Configurable_PE_fu_1182_input1_val  |  49|         12|   32|        384|
    |grp_Configurable_PE_fu_1182_input2_val  |  49|         12|   32|        384|
    |grp_Configurable_PE_fu_1192_input1_val  |  49|         12|   32|        384|
    |grp_Configurable_PE_fu_1192_input2_val  |  49|         12|   32|        384|
    |grp_Configurable_PE_fu_1202_input1_val  |  49|         12|   32|        384|
    |grp_Configurable_PE_fu_1202_input2_val  |  49|         12|   32|        384|
    |grp_Configurable_PE_fu_1212_input1_val  |  49|         12|   32|        384|
    |grp_Configurable_PE_fu_1212_input2_val  |  49|         12|   32|        384|
    |grp_Configurable_PE_fu_1222_input1_val  |  45|         11|   32|        352|
    |grp_Configurable_PE_fu_1222_input2_val  |  45|         11|   32|        352|
    |grp_Configurable_PE_fu_1232_input1_val  |  45|         11|   32|        352|
    |grp_Configurable_PE_fu_1232_input2_val  |  45|         11|   32|        352|
    |j_fu_70                                 |   9|          2|    7|         14|
    +----------------------------------------+----+-----------+-----+-----------+
    |Total                                   |1782|        433| 1122|       9215|
    +----------------------------------------+----+-----------+-----+-----------+

    * Register: 
    +-------------------------------------------+----+----+-----+-----------+
    |                    Name                   | FF | LUT| Bits| Const Bits|
    +-------------------------------------------+----+----+-----+-----------+
    |DataRAM_1_addr_107_reg_1773                |  10|   0|   13|          3|
    |DataRAM_1_addr_107_reg_1773_pp0_iter1_reg  |  10|   0|   13|          3|
    |DataRAM_1_addr_109_reg_1940                |  10|   0|   13|          3|
    |DataRAM_1_addr_109_reg_1940_pp0_iter1_reg  |  10|   0|   13|          3|
    |DataRAM_1_addr_111_reg_2101                |  10|   0|   13|          3|
    |DataRAM_1_addr_111_reg_2101_pp0_iter1_reg  |  10|   0|   13|          3|
    |DataRAM_1_addr_113_reg_2268                |  10|   0|   13|          3|
    |DataRAM_1_addr_113_reg_2268_pp0_iter1_reg  |  10|   0|   13|          3|
    |DataRAM_1_addr_115_reg_2429                |  10|   0|   13|          3|
    |DataRAM_1_addr_115_reg_2429_pp0_iter1_reg  |  10|   0|   13|          3|
    |DataRAM_1_addr_117_reg_2596                |  10|   0|   13|          3|
    |DataRAM_1_addr_117_reg_2596_pp0_iter1_reg  |  10|   0|   13|          3|
    |DataRAM_1_addr_119_reg_2757                |  10|   0|   13|          3|
    |DataRAM_1_addr_reg_1692                    |  10|   0|   13|          3|
    |DataRAM_1_addr_reg_1692_pp0_iter1_reg      |  10|   0|   13|          3|
    |DataRAM_1_load_46_reg_1875                 |  32|   0|   32|          0|
    |DataRAM_1_load_47_reg_2015                 |  32|   0|   32|          0|
    |DataRAM_1_load_48_reg_2035                 |  32|   0|   32|          0|
    |DataRAM_1_load_49_reg_2183                 |  32|   0|   32|          0|
    |DataRAM_1_load_50_reg_2203                 |  32|   0|   32|          0|
    |DataRAM_1_load_51_reg_2343                 |  32|   0|   32|          0|
    |DataRAM_1_load_52_reg_2363                 |  32|   0|   32|          0|
    |DataRAM_1_load_53_reg_2511                 |  32|   0|   32|          0|
    |DataRAM_1_load_54_reg_2531                 |  32|   0|   32|          0|
    |DataRAM_1_load_55_reg_2671                 |  32|   0|   32|          0|
    |DataRAM_1_load_56_reg_2691                 |  32|   0|   32|          0|
    |DataRAM_1_load_57_reg_2839                 |  32|   0|   32|          0|
    |DataRAM_1_load_58_reg_2859                 |  32|   0|   32|          0|
    |DataRAM_1_load_59_reg_2919                 |  32|   0|   32|          0|
    |DataRAM_1_load_60_reg_2939                 |  32|   0|   32|          0|
    |DataRAM_1_load_reg_1855                    |  32|   0|   32|          0|
    |DataRAM_2_addr_107_reg_1784                |  10|   0|   13|          3|
    |DataRAM_2_addr_107_reg_1784_pp0_iter1_reg  |  10|   0|   13|          3|
    |DataRAM_2_addr_109_reg_1950                |  10|   0|   13|          3|
    |DataRAM_2_addr_109_reg_1950_pp0_iter1_reg  |  10|   0|   13|          3|
    |DataRAM_2_addr_111_reg_2112                |  10|   0|   13|          3|
    |DataRAM_2_addr_111_reg_2112_pp0_iter1_reg  |  10|   0|   13|          3|
    |DataRAM_2_addr_113_reg_2278                |  10|   0|   13|          3|
    |DataRAM_2_addr_113_reg_2278_pp0_iter1_reg  |  10|   0|   13|          3|
    |DataRAM_2_addr_115_reg_2440                |  10|   0|   13|          3|
    |DataRAM_2_addr_115_reg_2440_pp0_iter1_reg  |  10|   0|   13|          3|
    |DataRAM_2_addr_117_reg_2606                |  10|   0|   13|          3|
    |DataRAM_2_addr_117_reg_2606_pp0_iter1_reg  |  10|   0|   13|          3|
    |DataRAM_2_addr_119_reg_2768                |  10|   0|   13|          3|
    |DataRAM_2_addr_reg_1702                    |  10|   0|   13|          3|
    |DataRAM_2_addr_reg_1702_pp0_iter1_reg      |  10|   0|   13|          3|
    |DataRAM_2_load_46_reg_1880                 |  32|   0|   32|          0|
    |DataRAM_2_load_47_reg_2020                 |  32|   0|   32|          0|
    |DataRAM_2_load_48_reg_2040                 |  32|   0|   32|          0|
    |DataRAM_2_load_49_reg_2188                 |  32|   0|   32|          0|
    |DataRAM_2_load_50_reg_2208                 |  32|   0|   32|          0|
    |DataRAM_2_load_51_reg_2348                 |  32|   0|   32|          0|
    |DataRAM_2_load_52_reg_2368                 |  32|   0|   32|          0|
    |DataRAM_2_load_53_reg_2516                 |  32|   0|   32|          0|
    |DataRAM_2_load_54_reg_2536                 |  32|   0|   32|          0|
    |DataRAM_2_load_55_reg_2676                 |  32|   0|   32|          0|
    |DataRAM_2_load_56_reg_2696                 |  32|   0|   32|          0|
    |DataRAM_2_load_57_reg_2844                 |  32|   0|   32|          0|
    |DataRAM_2_load_58_reg_2864                 |  32|   0|   32|          0|
    |DataRAM_2_load_59_reg_2924                 |  32|   0|   32|          0|
    |DataRAM_2_load_60_reg_2944                 |  32|   0|   32|          0|
    |DataRAM_2_load_reg_1860                    |  32|   0|   32|          0|
    |DataRAM_3_addr_107_reg_1795                |  10|   0|   13|          3|
    |DataRAM_3_addr_107_reg_1795_pp0_iter1_reg  |  10|   0|   13|          3|
    |DataRAM_3_addr_109_reg_1960                |  10|   0|   13|          3|
    |DataRAM_3_addr_109_reg_1960_pp0_iter1_reg  |  10|   0|   13|          3|
    |DataRAM_3_addr_111_reg_2123                |  10|   0|   13|          3|
    |DataRAM_3_addr_111_reg_2123_pp0_iter1_reg  |  10|   0|   13|          3|
    |DataRAM_3_addr_113_reg_2288                |  10|   0|   13|          3|
    |DataRAM_3_addr_113_reg_2288_pp0_iter1_reg  |  10|   0|   13|          3|
    |DataRAM_3_addr_115_reg_2451                |  10|   0|   13|          3|
    |DataRAM_3_addr_115_reg_2451_pp0_iter1_reg  |  10|   0|   13|          3|
    |DataRAM_3_addr_117_reg_2616                |  10|   0|   13|          3|
    |DataRAM_3_addr_117_reg_2616_pp0_iter1_reg  |  10|   0|   13|          3|
    |DataRAM_3_addr_119_reg_2779                |  10|   0|   13|          3|
    |DataRAM_3_addr_reg_1712                    |  10|   0|   13|          3|
    |DataRAM_3_addr_reg_1712_pp0_iter1_reg      |  10|   0|   13|          3|
    |DataRAM_3_load_46_reg_1885                 |  32|   0|   32|          0|
    |DataRAM_3_load_47_reg_2025                 |  32|   0|   32|          0|
    |DataRAM_3_load_48_reg_2045                 |  32|   0|   32|          0|
    |DataRAM_3_load_49_reg_2193                 |  32|   0|   32|          0|
    |DataRAM_3_load_50_reg_2213                 |  32|   0|   32|          0|
    |DataRAM_3_load_51_reg_2353                 |  32|   0|   32|          0|
    |DataRAM_3_load_52_reg_2373                 |  32|   0|   32|          0|
    |DataRAM_3_load_53_reg_2521                 |  32|   0|   32|          0|
    |DataRAM_3_load_54_reg_2541                 |  32|   0|   32|          0|
    |DataRAM_3_load_55_reg_2681                 |  32|   0|   32|          0|
    |DataRAM_3_load_56_reg_2701                 |  32|   0|   32|          0|
    |DataRAM_3_load_57_reg_2849                 |  32|   0|   32|          0|
    |DataRAM_3_load_58_reg_2869                 |  32|   0|   32|          0|
    |DataRAM_3_load_59_reg_2929                 |  32|   0|   32|          0|
    |DataRAM_3_load_60_reg_2949                 |  32|   0|   32|          0|
    |DataRAM_3_load_reg_1865                    |  32|   0|   32|          0|
    |DataRAM_4_addr_107_reg_1806                |  10|   0|   13|          3|
    |DataRAM_4_addr_107_reg_1806_pp0_iter1_reg  |  10|   0|   13|          3|
    |DataRAM_4_addr_109_reg_1970                |  10|   0|   13|          3|
    |DataRAM_4_addr_109_reg_1970_pp0_iter1_reg  |  10|   0|   13|          3|
    |DataRAM_4_addr_111_reg_2134                |  10|   0|   13|          3|
    |DataRAM_4_addr_111_reg_2134_pp0_iter1_reg  |  10|   0|   13|          3|
    |DataRAM_4_addr_113_reg_2298                |  10|   0|   13|          3|
    |DataRAM_4_addr_113_reg_2298_pp0_iter1_reg  |  10|   0|   13|          3|
    |DataRAM_4_addr_115_reg_2462                |  10|   0|   13|          3|
    |DataRAM_4_addr_115_reg_2462_pp0_iter1_reg  |  10|   0|   13|          3|
    |DataRAM_4_addr_117_reg_2626                |  10|   0|   13|          3|
    |DataRAM_4_addr_117_reg_2626_pp0_iter1_reg  |  10|   0|   13|          3|
    |DataRAM_4_addr_119_reg_2790                |  10|   0|   13|          3|
    |DataRAM_4_addr_reg_1722                    |  10|   0|   13|          3|
    |DataRAM_4_addr_reg_1722_pp0_iter1_reg      |  10|   0|   13|          3|
    |DataRAM_5_addr_107_reg_1817                |  10|   0|   13|          3|
    |DataRAM_5_addr_107_reg_1817_pp0_iter1_reg  |  10|   0|   13|          3|
    |DataRAM_5_addr_109_reg_1980                |  10|   0|   13|          3|
    |DataRAM_5_addr_109_reg_1980_pp0_iter1_reg  |  10|   0|   13|          3|
    |DataRAM_5_addr_111_reg_2145                |  10|   0|   13|          3|
    |DataRAM_5_addr_111_reg_2145_pp0_iter1_reg  |  10|   0|   13|          3|
    |DataRAM_5_addr_113_reg_2308                |  10|   0|   13|          3|
    |DataRAM_5_addr_113_reg_2308_pp0_iter1_reg  |  10|   0|   13|          3|
    |DataRAM_5_addr_115_reg_2473                |  10|   0|   13|          3|
    |DataRAM_5_addr_115_reg_2473_pp0_iter1_reg  |  10|   0|   13|          3|
    |DataRAM_5_addr_117_reg_2636                |  10|   0|   13|          3|
    |DataRAM_5_addr_117_reg_2636_pp0_iter1_reg  |  10|   0|   13|          3|
    |DataRAM_5_addr_119_reg_2801                |  10|   0|   13|          3|
    |DataRAM_5_addr_reg_1732                    |  10|   0|   13|          3|
    |DataRAM_5_addr_reg_1732_pp0_iter1_reg      |  10|   0|   13|          3|
    |DataRAM_6_addr_107_reg_1828                |  10|   0|   13|          3|
    |DataRAM_6_addr_109_reg_1990                |  10|   0|   13|          3|
    |DataRAM_6_addr_111_reg_2156                |  10|   0|   13|          3|
    |DataRAM_6_addr_113_reg_2318                |  10|   0|   13|          3|
    |DataRAM_6_addr_115_reg_2484                |  10|   0|   13|          3|
    |DataRAM_6_addr_117_reg_2646                |  10|   0|   13|          3|
    |DataRAM_6_addr_119_reg_2812                |  10|   0|   13|          3|
    |DataRAM_6_addr_reg_1742                    |  10|   0|   13|          3|
    |DataRAM_7_addr_107_reg_1839                |  10|   0|   13|          3|
    |DataRAM_7_addr_109_reg_2000                |  10|   0|   13|          3|
    |DataRAM_7_addr_111_reg_2167                |  10|   0|   13|          3|
    |DataRAM_7_addr_113_reg_2328                |  10|   0|   13|          3|
    |DataRAM_7_addr_115_reg_2495                |  10|   0|   13|          3|
    |DataRAM_7_addr_117_reg_2656                |  10|   0|   13|          3|
    |DataRAM_7_addr_119_reg_2823                |  10|   0|   13|          3|
    |DataRAM_7_addr_reg_1752                    |  10|   0|   13|          3|
    |DataRAM_addr_107_reg_1762                  |  10|   0|   13|          3|
    |DataRAM_addr_107_reg_1762_pp0_iter1_reg    |  10|   0|   13|          3|
    |DataRAM_addr_109_reg_1930                  |  10|   0|   13|          3|
    |DataRAM_addr_109_reg_1930_pp0_iter1_reg    |  10|   0|   13|          3|
    |DataRAM_addr_111_reg_2090                  |  10|   0|   13|          3|
    |DataRAM_addr_111_reg_2090_pp0_iter1_reg    |  10|   0|   13|          3|
    |DataRAM_addr_113_reg_2258                  |  10|   0|   13|          3|
    |DataRAM_addr_113_reg_2258_pp0_iter1_reg    |  10|   0|   13|          3|
    |DataRAM_addr_115_reg_2418                  |  10|   0|   13|          3|
    |DataRAM_addr_115_reg_2418_pp0_iter1_reg    |  10|   0|   13|          3|
    |DataRAM_addr_117_reg_2586                  |  10|   0|   13|          3|
    |DataRAM_addr_117_reg_2586_pp0_iter1_reg    |  10|   0|   13|          3|
    |DataRAM_addr_119_reg_2746                  |  10|   0|   13|          3|
    |DataRAM_addr_reg_1671                      |  10|   0|   13|          3|
    |DataRAM_addr_reg_1671_pp0_iter1_reg        |  10|   0|   13|          3|
    |DataRAM_load_46_reg_1870                   |  32|   0|   32|          0|
    |DataRAM_load_47_reg_2010                   |  32|   0|   32|          0|
    |DataRAM_load_48_reg_2030                   |  32|   0|   32|          0|
    |DataRAM_load_49_reg_2178                   |  32|   0|   32|          0|
    |DataRAM_load_50_reg_2198                   |  32|   0|   32|          0|
    |DataRAM_load_51_reg_2338                   |  32|   0|   32|          0|
    |DataRAM_load_52_reg_2358                   |  32|   0|   32|          0|
    |DataRAM_load_53_reg_2506                   |  32|   0|   32|          0|
    |DataRAM_load_54_reg_2526                   |  32|   0|   32|          0|
    |DataRAM_load_55_reg_2666                   |  32|   0|   32|          0|
    |DataRAM_load_56_reg_2686                   |  32|   0|   32|          0|
    |DataRAM_load_57_reg_2834                   |  32|   0|   32|          0|
    |DataRAM_load_58_reg_2854                   |  32|   0|   32|          0|
    |DataRAM_load_59_reg_2914                   |  32|   0|   32|          0|
    |DataRAM_load_60_reg_2934                   |  32|   0|   32|          0|
    |DataRAM_load_reg_1850                      |  32|   0|   32|          0|
    |MulInput1_32_reg_2050                      |  32|   0|   32|          0|
    |MulInput1_33_reg_2218                      |  32|   0|   32|          0|
    |MulInput1_34_reg_2378                      |  32|   0|   32|          0|
    |MulInput1_35_reg_2546                      |  32|   0|   32|          0|
    |MulInput1_36_reg_2706                      |  32|   0|   32|          0|
    |MulInput1_37_reg_2874                      |  32|   0|   32|          0|
    |MulInput1_38_reg_2954                      |  32|   0|   32|          0|
    |MulInput1_39_reg_1900                      |  32|   0|   32|          0|
    |MulInput1_40_reg_2060                      |  32|   0|   32|          0|
    |MulInput1_41_reg_2228                      |  32|   0|   32|          0|
    |MulInput1_42_reg_2388                      |  32|   0|   32|          0|
    |MulInput1_43_reg_2556                      |  32|   0|   32|          0|
    |MulInput1_44_reg_2716                      |  32|   0|   32|          0|
    |MulInput1_45_reg_2884                      |  32|   0|   32|          0|
    |MulInput1_46_reg_2964                      |  32|   0|   32|          0|
    |MulInput1_47_reg_1910                      |  32|   0|   32|          0|
    |MulInput1_48_reg_2070                      |  32|   0|   32|          0|
    |MulInput1_49_reg_2238                      |  32|   0|   32|          0|
    |MulInput1_50_reg_2398                      |  32|   0|   32|          0|
    |MulInput1_51_reg_2566                      |  32|   0|   32|          0|
    |MulInput1_52_reg_2726                      |  32|   0|   32|          0|
    |MulInput1_53_reg_2894                      |  32|   0|   32|          0|
    |MulInput1_54_reg_2974                      |  32|   0|   32|          0|
    |MulInput1_55_reg_1920                      |  32|   0|   32|          0|
    |MulInput1_56_reg_2080                      |  32|   0|   32|          0|
    |MulInput1_57_reg_2248                      |  32|   0|   32|          0|
    |MulInput1_58_reg_2408                      |  32|   0|   32|          0|
    |MulInput1_59_reg_2576                      |  32|   0|   32|          0|
    |MulInput1_60_reg_2736                      |  32|   0|   32|          0|
    |MulInput1_61_reg_2904                      |  32|   0|   32|          0|
    |MulInput1_62_reg_2984                      |  32|   0|   32|          0|
    |MulInput1_reg_1890                         |  32|   0|   32|          0|
    |MulInput2_32_reg_2055                      |  32|   0|   32|          0|
    |MulInput2_33_reg_2223                      |  32|   0|   32|          0|
    |MulInput2_34_reg_2383                      |  32|   0|   32|          0|
    |MulInput2_35_reg_2551                      |  32|   0|   32|          0|
    |MulInput2_36_reg_2711                      |  32|   0|   32|          0|
    |MulInput2_37_reg_2879                      |  32|   0|   32|          0|
    |MulInput2_38_reg_2959                      |  32|   0|   32|          0|
    |MulInput2_39_reg_1905                      |  32|   0|   32|          0|
    |MulInput2_40_reg_2065                      |  32|   0|   32|          0|
    |MulInput2_41_reg_2233                      |  32|   0|   32|          0|
    |MulInput2_42_reg_2393                      |  32|   0|   32|          0|
    |MulInput2_43_reg_2561                      |  32|   0|   32|          0|
    |MulInput2_44_reg_2721                      |  32|   0|   32|          0|
    |MulInput2_45_reg_2889                      |  32|   0|   32|          0|
    |MulInput2_46_reg_2969                      |  32|   0|   32|          0|
    |MulInput2_47_reg_1915                      |  32|   0|   32|          0|
    |MulInput2_48_reg_2075                      |  32|   0|   32|          0|
    |MulInput2_49_reg_2243                      |  32|   0|   32|          0|
    |MulInput2_50_reg_2403                      |  32|   0|   32|          0|
    |MulInput2_51_reg_2571                      |  32|   0|   32|          0|
    |MulInput2_52_reg_2731                      |  32|   0|   32|          0|
    |MulInput2_53_reg_2899                      |  32|   0|   32|          0|
    |MulInput2_54_reg_2979                      |  32|   0|   32|          0|
    |MulInput2_55_reg_1925                      |  32|   0|   32|          0|
    |MulInput2_56_reg_2085                      |  32|   0|   32|          0|
    |MulInput2_57_reg_2253                      |  32|   0|   32|          0|
    |MulInput2_58_reg_2413                      |  32|   0|   32|          0|
    |MulInput2_59_reg_2581                      |  32|   0|   32|          0|
    |MulInput2_60_reg_2741                      |  32|   0|   32|          0|
    |MulInput2_61_reg_2909                      |  32|   0|   32|          0|
    |MulInput2_62_reg_2989                      |  32|   0|   32|          0|
    |MulInput2_reg_1895                         |  32|   0|   32|          0|
    |MulRes_102_reg_3074                        |  32|   0|   32|          0|
    |MulRes_105_reg_3019                        |  32|   0|   32|          0|
    |MulRes_106_reg_3049                        |  32|   0|   32|          0|
    |MulRes_110_reg_3079                        |  32|   0|   32|          0|
    |MulRes_111_reg_3084                        |  32|   0|   32|          0|
    |MulRes_112_reg_3089                        |  32|   0|   32|          0|
    |MulRes_113_reg_3094                        |  32|   0|   32|          0|
    |MulRes_114_reg_3099                        |  32|   0|   32|          0|
    |MulRes_115_reg_3104                        |  32|   0|   32|          0|
    |MulRes_116_reg_3109                        |  32|   0|   32|          0|
    |MulRes_117_reg_3114                        |  32|   0|   32|          0|
    |MulRes_118_reg_3119                        |  32|   0|   32|          0|
    |MulRes_119_reg_3124                        |  32|   0|   32|          0|
    |MulRes_120_reg_3129                        |  32|   0|   32|          0|
    |MulRes_121_reg_3134                        |  32|   0|   32|          0|
    |MulRes_122_reg_3139                        |  32|   0|   32|          0|
    |MulRes_123_reg_3144                        |  32|   0|   32|          0|
    |MulRes_124_reg_3149                        |  32|   0|   32|          0|
    |MulRes_125_reg_3154                        |  32|   0|   32|          0|
    |MulRes_126_reg_3159                        |  32|   0|   32|          0|
    |MulRes_65_reg_2994                         |  32|   0|   32|          0|
    |MulRes_66_reg_3024                         |  32|   0|   32|          0|
    |MulRes_70_reg_3054                         |  32|   0|   32|          0|
    |MulRes_73_reg_2999                         |  32|   0|   32|          0|
    |MulRes_74_reg_3029                         |  32|   0|   32|          0|
    |MulRes_78_reg_3059                         |  32|   0|   32|          0|
    |MulRes_81_reg_3004                         |  32|   0|   32|          0|
    |MulRes_82_reg_3034                         |  32|   0|   32|          0|
    |MulRes_86_reg_3064                         |  32|   0|   32|          0|
    |MulRes_89_reg_3009                         |  32|   0|   32|          0|
    |MulRes_90_reg_3039                         |  32|   0|   32|          0|
    |MulRes_94_reg_3069                         |  32|   0|   32|          0|
    |MulRes_97_reg_3014                         |  32|   0|   32|          0|
    |MulRes_98_reg_3044                         |  32|   0|   32|          0|
    |ap_CS_fsm                                  |  12|   0|   12|          0|
    |ap_done_reg                                |   1|   0|    1|          0|
    |ap_enable_reg_pp0_iter0_reg                |   1|   0|    1|          0|
    |ap_enable_reg_pp0_iter1                    |   1|   0|    1|          0|
    |ap_enable_reg_pp0_iter2                    |   1|   0|    1|          0|
    |ap_loop_exit_ready_pp0_iter1_reg           |   1|   0|    1|          0|
    |icmp_ln257_reg_1656                        |   1|   0|    1|          0|
    |j_fu_70                                    |   7|   0|    7|          0|
    |p_cast2_reg_1660                           |  10|   0|   10|          0|
    |p_cast3_reg_1676                           |  10|   0|   10|          0|
    |reg_1242                                   |  32|   0|   32|          0|
    |reg_1247                                   |  32|   0|   32|          0|
    |reg_1252                                   |  32|   0|   32|          0|
    |reg_1257                                   |  32|   0|   32|          0|
    |reg_1262                                   |  32|   0|   32|          0|
    |reg_1267                                   |  32|   0|   32|          0|
    |reg_1272                                   |  32|   0|   32|          0|
    |reg_1277                                   |  32|   0|   32|          0|
    |reg_1282                                   |  32|   0|   32|          0|
    |reg_1287                                   |  32|   0|   32|          0|
    |reg_1292                                   |  32|   0|   32|          0|
    |reg_1297                                   |  32|   0|   32|          0|
    |DataRAM_1_addr_119_reg_2757                |  64|  32|   13|          3|
    |DataRAM_2_addr_119_reg_2768                |  64|  32|   13|          3|
    |DataRAM_3_addr_119_reg_2779                |  64|  32|   13|          3|
    |DataRAM_4_addr_119_reg_2790                |  64|  32|   13|          3|
    |DataRAM_5_addr_119_reg_2801                |  64|  32|   13|          3|
    |DataRAM_6_addr_107_reg_1828                |  64|  32|   13|          3|
    |DataRAM_6_addr_109_reg_1990                |  64|  32|   13|          3|
    |DataRAM_6_addr_111_reg_2156                |  64|  32|   13|          3|
    |DataRAM_6_addr_113_reg_2318                |  64|  32|   13|          3|
    |DataRAM_6_addr_115_reg_2484                |  64|  32|   13|          3|
    |DataRAM_6_addr_117_reg_2646                |  64|  32|   13|          3|
    |DataRAM_6_addr_119_reg_2812                |  64|  32|   13|          3|
    |DataRAM_6_addr_reg_1742                    |  64|  32|   13|          3|
    |DataRAM_7_addr_107_reg_1839                |  64|  32|   13|          3|
    |DataRAM_7_addr_109_reg_2000                |  64|  32|   13|          3|
    |DataRAM_7_addr_111_reg_2167                |  64|  32|   13|          3|
    |DataRAM_7_addr_113_reg_2328                |  64|  32|   13|          3|
    |DataRAM_7_addr_115_reg_2495                |  64|  32|   13|          3|
    |DataRAM_7_addr_117_reg_2656                |  64|  32|   13|          3|
    |DataRAM_7_addr_119_reg_2823                |  64|  32|   13|          3|
    |DataRAM_7_addr_reg_1752                    |  64|  32|   13|          3|
    |DataRAM_addr_119_reg_2746                  |  64|  32|   13|          3|
    +-------------------------------------------+----+----+-----+-----------+
    |Total                                      |8081| 704| 7277|        384|
    +-------------------------------------------+----+----+-----+-----------+



================================================================
== Interface
================================================================
* Summary: 
+--------------------------------------+-----+-----+------------+--------------------------------------+--------------+
|               RTL Ports              | Dir | Bits|  Protocol  |             Source Object            |    C Type    |
+--------------------------------------+-----+-----+------------+--------------------------------------+--------------+
|ap_clk                                |   in|    1|  ap_ctrl_hs|  Crypto1_Pipeline_POLY_MUL_ROW_LOOP10|  return value|
|ap_rst                                |   in|    1|  ap_ctrl_hs|  Crypto1_Pipeline_POLY_MUL_ROW_LOOP10|  return value|
|ap_start                              |   in|    1|  ap_ctrl_hs|  Crypto1_Pipeline_POLY_MUL_ROW_LOOP10|  return value|
|ap_done                               |  out|    1|  ap_ctrl_hs|  Crypto1_Pipeline_POLY_MUL_ROW_LOOP10|  return value|
|ap_idle                               |  out|    1|  ap_ctrl_hs|  Crypto1_Pipeline_POLY_MUL_ROW_LOOP10|  return value|
|ap_ready                              |  out|    1|  ap_ctrl_hs|  Crypto1_Pipeline_POLY_MUL_ROW_LOOP10|  return value|
|grp_Configurable_PE_fu_60776_p_din1   |  out|   32|  ap_ctrl_hs|  Crypto1_Pipeline_POLY_MUL_ROW_LOOP10|  return value|
|grp_Configurable_PE_fu_60776_p_din2   |  out|   32|  ap_ctrl_hs|  Crypto1_Pipeline_POLY_MUL_ROW_LOOP10|  return value|
|grp_Configurable_PE_fu_60776_p_din3   |  out|    2|  ap_ctrl_hs|  Crypto1_Pipeline_POLY_MUL_ROW_LOOP10|  return value|
|grp_Configurable_PE_fu_60776_p_din4   |  out|    2|  ap_ctrl_hs|  Crypto1_Pipeline_POLY_MUL_ROW_LOOP10|  return value|
|grp_Configurable_PE_fu_60776_p_dout0  |   in|   32|  ap_ctrl_hs|  Crypto1_Pipeline_POLY_MUL_ROW_LOOP10|  return value|
|grp_Configurable_PE_fu_60776_p_ce     |  out|    1|  ap_ctrl_hs|  Crypto1_Pipeline_POLY_MUL_ROW_LOOP10|  return value|
|grp_Configurable_PE_fu_60783_p_din1   |  out|   32|  ap_ctrl_hs|  Crypto1_Pipeline_POLY_MUL_ROW_LOOP10|  return value|
|grp_Configurable_PE_fu_60783_p_din2   |  out|   32|  ap_ctrl_hs|  Crypto1_Pipeline_POLY_MUL_ROW_LOOP10|  return value|
|grp_Configurable_PE_fu_60783_p_din3   |  out|    2|  ap_ctrl_hs|  Crypto1_Pipeline_POLY_MUL_ROW_LOOP10|  return value|
|grp_Configurable_PE_fu_60783_p_din4   |  out|    2|  ap_ctrl_hs|  Crypto1_Pipeline_POLY_MUL_ROW_LOOP10|  return value|
|grp_Configurable_PE_fu_60783_p_dout0  |   in|   32|  ap_ctrl_hs|  Crypto1_Pipeline_POLY_MUL_ROW_LOOP10|  return value|
|grp_Configurable_PE_fu_60783_p_ce     |  out|    1|  ap_ctrl_hs|  Crypto1_Pipeline_POLY_MUL_ROW_LOOP10|  return value|
|grp_Configurable_PE_fu_60790_p_din1   |  out|   32|  ap_ctrl_hs|  Crypto1_Pipeline_POLY_MUL_ROW_LOOP10|  return value|
|grp_Configurable_PE_fu_60790_p_din2   |  out|   32|  ap_ctrl_hs|  Crypto1_Pipeline_POLY_MUL_ROW_LOOP10|  return value|
|grp_Configurable_PE_fu_60790_p_din3   |  out|    2|  ap_ctrl_hs|  Crypto1_Pipeline_POLY_MUL_ROW_LOOP10|  return value|
|grp_Configurable_PE_fu_60790_p_din4   |  out|    2|  ap_ctrl_hs|  Crypto1_Pipeline_POLY_MUL_ROW_LOOP10|  return value|
|grp_Configurable_PE_fu_60790_p_dout0  |   in|   32|  ap_ctrl_hs|  Crypto1_Pipeline_POLY_MUL_ROW_LOOP10|  return value|
|grp_Configurable_PE_fu_60790_p_ce     |  out|    1|  ap_ctrl_hs|  Crypto1_Pipeline_POLY_MUL_ROW_LOOP10|  return value|
|grp_Configurable_PE_fu_60797_p_din1   |  out|   32|  ap_ctrl_hs|  Crypto1_Pipeline_POLY_MUL_ROW_LOOP10|  return value|
|grp_Configurable_PE_fu_60797_p_din2   |  out|   32|  ap_ctrl_hs|  Crypto1_Pipeline_POLY_MUL_ROW_LOOP10|  return value|
|grp_Configurable_PE_fu_60797_p_din3   |  out|    2|  ap_ctrl_hs|  Crypto1_Pipeline_POLY_MUL_ROW_LOOP10|  return value|
|grp_Configurable_PE_fu_60797_p_din4   |  out|    2|  ap_ctrl_hs|  Crypto1_Pipeline_POLY_MUL_ROW_LOOP10|  return value|
|grp_Configurable_PE_fu_60797_p_dout0  |   in|   32|  ap_ctrl_hs|  Crypto1_Pipeline_POLY_MUL_ROW_LOOP10|  return value|
|grp_Configurable_PE_fu_60797_p_ce     |  out|    1|  ap_ctrl_hs|  Crypto1_Pipeline_POLY_MUL_ROW_LOOP10|  return value|
|grp_Configurable_PE_fu_60804_p_din1   |  out|   32|  ap_ctrl_hs|  Crypto1_Pipeline_POLY_MUL_ROW_LOOP10|  return value|
|grp_Configurable_PE_fu_60804_p_din2   |  out|   32|  ap_ctrl_hs|  Crypto1_Pipeline_POLY_MUL_ROW_LOOP10|  return value|
|grp_Configurable_PE_fu_60804_p_din3   |  out|    2|  ap_ctrl_hs|  Crypto1_Pipeline_POLY_MUL_ROW_LOOP10|  return value|
|grp_Configurable_PE_fu_60804_p_din4   |  out|    2|  ap_ctrl_hs|  Crypto1_Pipeline_POLY_MUL_ROW_LOOP10|  return value|
|grp_Configurable_PE_fu_60804_p_dout0  |   in|   32|  ap_ctrl_hs|  Crypto1_Pipeline_POLY_MUL_ROW_LOOP10|  return value|
|grp_Configurable_PE_fu_60804_p_ce     |  out|    1|  ap_ctrl_hs|  Crypto1_Pipeline_POLY_MUL_ROW_LOOP10|  return value|
|grp_Configurable_PE_fu_60811_p_din1   |  out|   32|  ap_ctrl_hs|  Crypto1_Pipeline_POLY_MUL_ROW_LOOP10|  return value|
|grp_Configurable_PE_fu_60811_p_din2   |  out|   32|  ap_ctrl_hs|  Crypto1_Pipeline_POLY_MUL_ROW_LOOP10|  return value|
|grp_Configurable_PE_fu_60811_p_din3   |  out|    2|  ap_ctrl_hs|  Crypto1_Pipeline_POLY_MUL_ROW_LOOP10|  return value|
|grp_Configurable_PE_fu_60811_p_din4   |  out|    2|  ap_ctrl_hs|  Crypto1_Pipeline_POLY_MUL_ROW_LOOP10|  return value|
|grp_Configurable_PE_fu_60811_p_dout0  |   in|   32|  ap_ctrl_hs|  Crypto1_Pipeline_POLY_MUL_ROW_LOOP10|  return value|
|grp_Configurable_PE_fu_60811_p_ce     |  out|    1|  ap_ctrl_hs|  Crypto1_Pipeline_POLY_MUL_ROW_LOOP10|  return value|
|empty_56                              |   in|   10|     ap_none|                              empty_56|        scalar|
|DataRAM_address0                      |  out|   13|   ap_memory|                               DataRAM|         array|
|DataRAM_ce0                           |  out|    1|   ap_memory|                               DataRAM|         array|
|DataRAM_we0                           |  out|    1|   ap_memory|                               DataRAM|         array|
|DataRAM_d0                            |  out|   32|   ap_memory|                               DataRAM|         array|
|DataRAM_q0                            |   in|   32|   ap_memory|                               DataRAM|         array|
|DataRAM_address1                      |  out|   13|   ap_memory|                               DataRAM|         array|
|DataRAM_ce1                           |  out|    1|   ap_memory|                               DataRAM|         array|
|DataRAM_we1                           |  out|    1|   ap_memory|                               DataRAM|         array|
|DataRAM_d1                            |  out|   32|   ap_memory|                               DataRAM|         array|
|DataRAM_q1                            |   in|   32|   ap_memory|                               DataRAM|         array|
|empty                                 |   in|   10|     ap_none|                                 empty|        scalar|
|DataRAM_1_address0                    |  out|   13|   ap_memory|                             DataRAM_1|         array|
|DataRAM_1_ce0                         |  out|    1|   ap_memory|                             DataRAM_1|         array|
|DataRAM_1_we0                         |  out|    1|   ap_memory|                             DataRAM_1|         array|
|DataRAM_1_d0                          |  out|   32|   ap_memory|                             DataRAM_1|         array|
|DataRAM_1_q0                          |   in|   32|   ap_memory|                             DataRAM_1|         array|
|DataRAM_1_address1                    |  out|   13|   ap_memory|                             DataRAM_1|         array|
|DataRAM_1_ce1                         |  out|    1|   ap_memory|                             DataRAM_1|         array|
|DataRAM_1_we1                         |  out|    1|   ap_memory|                             DataRAM_1|         array|
|DataRAM_1_d1                          |  out|   32|   ap_memory|                             DataRAM_1|         array|
|DataRAM_1_q1                          |   in|   32|   ap_memory|                             DataRAM_1|         array|
|DataRAM_2_address0                    |  out|   13|   ap_memory|                             DataRAM_2|         array|
|DataRAM_2_ce0                         |  out|    1|   ap_memory|                             DataRAM_2|         array|
|DataRAM_2_we0                         |  out|    1|   ap_memory|                             DataRAM_2|         array|
|DataRAM_2_d0                          |  out|   32|   ap_memory|                             DataRAM_2|         array|
|DataRAM_2_q0                          |   in|   32|   ap_memory|                             DataRAM_2|         array|
|DataRAM_2_address1                    |  out|   13|   ap_memory|                             DataRAM_2|         array|
|DataRAM_2_ce1                         |  out|    1|   ap_memory|                             DataRAM_2|         array|
|DataRAM_2_we1                         |  out|    1|   ap_memory|                             DataRAM_2|         array|
|DataRAM_2_d1                          |  out|   32|   ap_memory|                             DataRAM_2|         array|
|DataRAM_2_q1                          |   in|   32|   ap_memory|                             DataRAM_2|         array|
|DataRAM_3_address0                    |  out|   13|   ap_memory|                             DataRAM_3|         array|
|DataRAM_3_ce0                         |  out|    1|   ap_memory|                             DataRAM_3|         array|
|DataRAM_3_we0                         |  out|    1|   ap_memory|                             DataRAM_3|         array|
|DataRAM_3_d0                          |  out|   32|   ap_memory|                             DataRAM_3|         array|
|DataRAM_3_q0                          |   in|   32|   ap_memory|                             DataRAM_3|         array|
|DataRAM_3_address1                    |  out|   13|   ap_memory|                             DataRAM_3|         array|
|DataRAM_3_ce1                         |  out|    1|   ap_memory|                             DataRAM_3|         array|
|DataRAM_3_we1                         |  out|    1|   ap_memory|                             DataRAM_3|         array|
|DataRAM_3_d1                          |  out|   32|   ap_memory|                             DataRAM_3|         array|
|DataRAM_3_q1                          |   in|   32|   ap_memory|                             DataRAM_3|         array|
|DataRAM_4_address0                    |  out|   13|   ap_memory|                             DataRAM_4|         array|
|DataRAM_4_ce0                         |  out|    1|   ap_memory|                             DataRAM_4|         array|
|DataRAM_4_we0                         |  out|    1|   ap_memory|                             DataRAM_4|         array|
|DataRAM_4_d0                          |  out|   32|   ap_memory|                             DataRAM_4|         array|
|DataRAM_4_q0                          |   in|   32|   ap_memory|                             DataRAM_4|         array|
|DataRAM_4_address1                    |  out|   13|   ap_memory|                             DataRAM_4|         array|
|DataRAM_4_ce1                         |  out|    1|   ap_memory|                             DataRAM_4|         array|
|DataRAM_4_we1                         |  out|    1|   ap_memory|                             DataRAM_4|         array|
|DataRAM_4_d1                          |  out|   32|   ap_memory|                             DataRAM_4|         array|
|DataRAM_4_q1                          |   in|   32|   ap_memory|                             DataRAM_4|         array|
|DataRAM_5_address0                    |  out|   13|   ap_memory|                             DataRAM_5|         array|
|DataRAM_5_ce0                         |  out|    1|   ap_memory|                             DataRAM_5|         array|
|DataRAM_5_we0                         |  out|    1|   ap_memory|                             DataRAM_5|         array|
|DataRAM_5_d0                          |  out|   32|   ap_memory|                             DataRAM_5|         array|
|DataRAM_5_q0                          |   in|   32|   ap_memory|                             DataRAM_5|         array|
|DataRAM_5_address1                    |  out|   13|   ap_memory|                             DataRAM_5|         array|
|DataRAM_5_ce1                         |  out|    1|   ap_memory|                             DataRAM_5|         array|
|DataRAM_5_we1                         |  out|    1|   ap_memory|                             DataRAM_5|         array|
|DataRAM_5_d1                          |  out|   32|   ap_memory|                             DataRAM_5|         array|
|DataRAM_5_q1                          |   in|   32|   ap_memory|                             DataRAM_5|         array|
|DataRAM_6_address0                    |  out|   13|   ap_memory|                             DataRAM_6|         array|
|DataRAM_6_ce0                         |  out|    1|   ap_memory|                             DataRAM_6|         array|
|DataRAM_6_we0                         |  out|    1|   ap_memory|                             DataRAM_6|         array|
|DataRAM_6_d0                          |  out|   32|   ap_memory|                             DataRAM_6|         array|
|DataRAM_6_q0                          |   in|   32|   ap_memory|                             DataRAM_6|         array|
|DataRAM_6_address1                    |  out|   13|   ap_memory|                             DataRAM_6|         array|
|DataRAM_6_ce1                         |  out|    1|   ap_memory|                             DataRAM_6|         array|
|DataRAM_6_we1                         |  out|    1|   ap_memory|                             DataRAM_6|         array|
|DataRAM_6_d1                          |  out|   32|   ap_memory|                             DataRAM_6|         array|
|DataRAM_6_q1                          |   in|   32|   ap_memory|                             DataRAM_6|         array|
|DataRAM_7_address0                    |  out|   13|   ap_memory|                             DataRAM_7|         array|
|DataRAM_7_ce0                         |  out|    1|   ap_memory|                             DataRAM_7|         array|
|DataRAM_7_we0                         |  out|    1|   ap_memory|                             DataRAM_7|         array|
|DataRAM_7_d0                          |  out|   32|   ap_memory|                             DataRAM_7|         array|
|DataRAM_7_q0                          |   in|   32|   ap_memory|                             DataRAM_7|         array|
|DataRAM_7_address1                    |  out|   13|   ap_memory|                             DataRAM_7|         array|
|DataRAM_7_ce1                         |  out|    1|   ap_memory|                             DataRAM_7|         array|
|DataRAM_7_we1                         |  out|    1|   ap_memory|                             DataRAM_7|         array|
|DataRAM_7_d1                          |  out|   32|   ap_memory|                             DataRAM_7|         array|
|DataRAM_7_q1                          |   in|   32|   ap_memory|                             DataRAM_7|         array|
+--------------------------------------+-----+-----+------------+--------------------------------------+--------------+

