

================================================================
== Vitis HLS Report for 'Crypto1_Pipeline_POLY_SUB_ROW_LOOP'
================================================================
* Date:           Fri Apr  4 16:48:02 2025

* Version:        2024.1 (Build 5069499 on May 21 2024)
* Project:        Crypto
* Solution:       solution1 (Vivado IP Flow Target)
* Product family: virtex7
* Target device:  xc7vx485t-ffg1761-3


================================================================
== Performance Estimates
================================================================
+ Timing: 
    * Summary: 
    +--------+---------+----------+------------+
    |  Clock |  Target | Estimated| Uncertainty|
    +--------+---------+----------+------------+
    |ap_clk  |  6.00 ns|  4.079 ns|     1.62 ns|
    +--------+---------+----------+------------+

+ Latency: 
    * Summary: 
    +---------+---------+----------+----------+-----+-----+-----------------------------------------------+
    |  Latency (cycles) |  Latency (absolute) |  Interval |                    Pipeline                   |
    |   min   |   max   |    min   |    max   | min | max |                      Type                     |
    +---------+---------+----------+----------+-----+-----+-----------------------------------------------+
    |      793|      793|  4.758 us|  4.758 us|  780|  780|  loop auto-rewind stp(delay=0 clock cycles(s))|
    +---------+---------+----------+----------+-----+-----+-----------------------------------------------+

    + Detail: 
        * Instance: 
        +-----------------------------+-----------------+---------+---------+-----------+-----------+-----+-----+---------+
        |                             |                 |  Latency (cycles) |   Latency (absolute)  |  Interval | Pipeline|
        |           Instance          |      Module     |   min   |   max   |    min    |    max    | min | max |   Type  |
        +-----------------------------+-----------------+---------+---------+-----------+-----------+-----+-----+---------+
        |grp_Configurable_PE_fu_1184  |Configurable_PE  |       13|       13|  78.000 ns|  78.000 ns|    1|    1|      yes|
        |grp_Configurable_PE_fu_1194  |Configurable_PE  |       13|       13|  78.000 ns|  78.000 ns|    1|    1|      yes|
        |grp_Configurable_PE_fu_1204  |Configurable_PE  |       13|       13|  78.000 ns|  78.000 ns|    1|    1|      yes|
        |grp_Configurable_PE_fu_1214  |Configurable_PE  |       13|       13|  78.000 ns|  78.000 ns|    1|    1|      yes|
        |grp_Configurable_PE_fu_1224  |Configurable_PE  |       13|       13|  78.000 ns|  78.000 ns|    1|    1|      yes|
        |grp_Configurable_PE_fu_1234  |Configurable_PE  |       13|       13|  78.000 ns|  78.000 ns|    1|    1|      yes|
        +-----------------------------+-----------------+---------+---------+-----------+-----------+-----+-----+---------+

        * Loop: 
        +---------------------+---------+---------+----------+-----------+-----------+------+----------+
        |                     |  Latency (cycles) | Iteration|  Initiation Interval  | Trip |          |
        |      Loop Name      |   min   |   max   |  Latency |  achieved |   target  | Count| Pipelined|
        +---------------------+---------+---------+----------+-----------+-----------+------+----------+
        |- POLY_SUB_ROW_LOOP  |      791|      791|        36|         12|          1|    64|       yes|
        +---------------------+---------+---------+----------+-----------+-----------+------+----------+



================================================================
== Utilization Estimates
================================================================
* Summary: 
+-----------------+---------+------+--------+--------+-----+
|       Name      | BRAM_18K|  DSP |   FF   |   LUT  | URAM|
+-----------------+---------+------+--------+--------+-----+
|DSP              |        -|     -|       -|       -|    -|
|Expression       |        -|     -|       0|     153|    -|
|FIFO             |        -|     -|       -|       -|    -|
|Instance         |        -|     -|       -|       -|    -|
|Memory           |        -|     -|       -|       -|    -|
|Multiplexer      |        -|     -|    1309|    1782|    -|
|Register         |        -|     -|    8081|     704|    -|
+-----------------+---------+------+--------+--------+-----+
|Total            |        0|     0|    9390|    2639|    0|
+-----------------+---------+------+--------+--------+-----+
|Available        |     2060|  2800|  607200|  303600|    0|
+-----------------+---------+------+--------+--------+-----+
|Utilization (%)  |        0|     0|       1|      ~0|    0|
+-----------------+---------+------+--------+--------+-----+

+ Detail: 
    * Instance: 
    N/A

    * DSP: 
    N/A

    * Memory: 
    N/A

    * FIFO: 
    N/A

    * Expression: 
    +-----------------------+----------+----+---+----+------------+------------+
    |     Variable Name     | Operation| DSP| FF| LUT| Bitwidth P0| Bitwidth P1|
    +-----------------------+----------+----+---+----+------------+------------+
    |add_ln220_fu_1318_p2   |         +|   0|  0|  14|           7|           1|
    |p_cast2_fu_1328_p2     |         +|   0|  0|  17|          10|          10|
    |p_cast3_fu_1354_p2     |         +|   0|  0|  17|          10|          10|
    |ap_condition_1571      |       and|   0|  0|   2|           1|           1|
    |ap_condition_1576      |       and|   0|  0|   2|           1|           1|
    |ap_condition_1581      |       and|   0|  0|   2|           1|           1|
    |ap_condition_1586      |       and|   0|  0|   2|           1|           1|
    |ap_condition_1591      |       and|   0|  0|   2|           1|           1|
    |ap_condition_1596      |       and|   0|  0|   2|           1|           1|
    |ap_condition_1601      |       and|   0|  0|   2|           1|           1|
    |ap_condition_1607      |       and|   0|  0|   2|           1|           1|
    |ap_condition_1613      |       and|   0|  0|   2|           1|           1|
    |ap_condition_1619      |       and|   0|  0|   2|           1|           1|
    |ap_condition_1625      |       and|   0|  0|   2|           1|           1|
    |ap_condition_1642      |       and|   0|  0|   2|           1|           1|
    |ap_condition_1647      |       and|   0|  0|   2|           1|           1|
    |ap_condition_1652      |       and|   0|  0|   2|           1|           1|
    |ap_condition_1657      |       and|   0|  0|   2|           1|           1|
    |ap_condition_1662      |       and|   0|  0|   2|           1|           1|
    |ap_condition_1667      |       and|   0|  0|   2|           1|           1|
    |ap_condition_1672      |       and|   0|  0|   2|           1|           1|
    |ap_condition_1677      |       and|   0|  0|   2|           1|           1|
    |ap_condition_1682      |       and|   0|  0|   2|           1|           1|
    |ap_condition_1687      |       and|   0|  0|   2|           1|           1|
    |ap_condition_1692      |       and|   0|  0|   2|           1|           1|
    |ap_condition_1707      |       and|   0|  0|   2|           1|           1|
    |ap_condition_1712      |       and|   0|  0|   2|           1|           1|
    |ap_condition_1717      |       and|   0|  0|   2|           1|           1|
    |ap_condition_1722      |       and|   0|  0|   2|           1|           1|
    |ap_condition_1727      |       and|   0|  0|   2|           1|           1|
    |ap_condition_1732      |       and|   0|  0|   2|           1|           1|
    |ap_condition_1737      |       and|   0|  0|   2|           1|           1|
    |ap_condition_1742      |       and|   0|  0|   2|           1|           1|
    |ap_condition_1747      |       and|   0|  0|   2|           1|           1|
    |ap_condition_1752      |       and|   0|  0|   2|           1|           1|
    |ap_condition_1757      |       and|   0|  0|   2|           1|           1|
    |ap_condition_1772      |       and|   0|  0|   2|           1|           1|
    |ap_condition_1777      |       and|   0|  0|   2|           1|           1|
    |ap_condition_1782      |       and|   0|  0|   2|           1|           1|
    |ap_condition_1787      |       and|   0|  0|   2|           1|           1|
    |ap_condition_1792      |       and|   0|  0|   2|           1|           1|
    |ap_condition_1797      |       and|   0|  0|   2|           1|           1|
    |ap_condition_1802      |       and|   0|  0|   2|           1|           1|
    |ap_condition_1807      |       and|   0|  0|   2|           1|           1|
    |ap_condition_1812      |       and|   0|  0|   2|           1|           1|
    |ap_condition_1817      |       and|   0|  0|   2|           1|           1|
    |ap_condition_1822      |       and|   0|  0|   2|           1|           1|
    |icmp_ln220_fu_1312_p2  |      icmp|   0|  0|  15|           7|           8|
    |ap_enable_pp0          |       xor|   0|  0|   2|           1|           2|
    +-----------------------+----------+----+---+----+------------+------------+
    |Total                  |          |   0|  0| 153|          79|          75|
    +-----------------------+----------+----+---+----+------------+------------+

    * Multiplexer: 
    +----------------------------------------+----+-----------+-----+-----------+
    |                  Name                  | LUT| Input Size| Bits| Total Bits|
    +----------------------------------------+----+-----------+-----+-----------+
    |DataRAM_1_address0_local                |  53|         13|   13|        169|
    |DataRAM_1_address1_local                |  53|         13|   13|        169|
    |DataRAM_1_d0_local                      |  17|          4|   32|        128|
    |DataRAM_1_d1_local                      |  13|          3|   32|         96|
    |DataRAM_2_address0_local                |  53|         13|   13|        169|
    |DataRAM_2_address1_local                |  53|         13|   13|        169|
    |DataRAM_2_d0_local                      |  17|          4|   32|        128|
    |DataRAM_2_d1_local                      |  13|          3|   32|         96|
    |DataRAM_3_address0_local                |  53|         13|   13|        169|
    |DataRAM_3_address1_local                |  53|         13|   13|        169|
    |DataRAM_3_d0_local                      |  17|          4|   32|        128|
    |DataRAM_3_d1_local                      |  13|          3|   32|         96|
    |DataRAM_4_address0_local                |  53|         13|   13|        169|
    |DataRAM_4_address1_local                |  53|         13|   13|        169|
    |DataRAM_4_d0_local                      |  17|          4|   32|        128|
    |DataRAM_4_d1_local                      |  13|          3|   32|         96|
    |DataRAM_5_address0_local                |  53|         13|   13|        169|
    |DataRAM_5_address1_local                |  53|         13|   13|        169|
    |DataRAM_5_d0_local                      |  17|          4|   32|        128|
    |DataRAM_5_d1_local                      |  13|          3|   32|         96|
    |DataRAM_6_address0_local                |  53|         13|   13|        169|
    |DataRAM_6_address1_local                |  53|         13|   13|        169|
    |DataRAM_6_d0_local                      |  21|          5|   32|        160|
    |DataRAM_6_d1_local                      |  21|          5|   32|        160|
    |DataRAM_7_address0_local                |  53|         13|   13|        169|
    |DataRAM_7_address1_local                |  53|         13|   13|        169|
    |DataRAM_7_d0_local                      |  21|          5|   32|        160|
    |DataRAM_7_d1_local                      |  21|          5|   32|        160|
    |DataRAM_address0_local                  |  53|         13|   13|        169|
    |DataRAM_address1_local                  |  53|         13|   13|        169|
    |DataRAM_d0_local                        |  17|          4|   32|        128|
    |DataRAM_d1_local                        |  13|          3|   32|         96|
    |ap_NS_fsm                               |  53|         13|    1|         13|
    |ap_done_int                             |   9|          2|    1|          2|
    |ap_enable_reg_pp0_iter0                 |   9|          2|    1|          2|
    |ap_enable_reg_pp0_iter1                 |   9|          2|    1|          2|
    |ap_sig_allocacmp_j_3                    |   9|          2|    7|         14|
    |grp_Configurable_PE_fu_1184_input1_val  |  49|         12|   32|        384|
    |grp_Configurable_PE_fu_1184_input2_val  |  49|         12|   32|        384|
    |grp_Configurable_PE_fu_1194_input1_val  |  49|         12|   32|        384|
    |grp_Configurable_PE_fu_1194_input2_val  |  49|         12|   32|        384|
    |grp_Configurable_PE_fu_1204_input1_val  |  49|         12|   32|        384|
    |grp_Configurable_PE_fu_1204_input2_val  |  49|         12|   32|        384|
    |grp_Configurable_PE_fu_1214_input1_val  |  49|         12|   32|        384|
    |grp_Configurable_PE_fu_1214_input2_val  |  49|         12|   32|        384|
    |grp_Configurable_PE_fu_1224_input1_val  |  45|         11|   32|        352|
    |grp_Configurable_PE_fu_1224_input2_val  |  45|         11|   32|        352|
    |grp_Configurable_PE_fu_1234_input1_val  |  45|         11|   32|        352|
    |grp_Configurable_PE_fu_1234_input2_val  |  45|         11|   32|        352|
    |j_fu_72                                 |   9|          2|    7|         14|
    +----------------------------------------+----+-----------+-----+-----------+
    |Total                                   |1782|        433| 1122|       9215|
    +----------------------------------------+----+-----------+-----+-----------+

    * Register: 
    +------------------------------------------+----+----+-----+-----------+
    |                   Name                   | FF | LUT| Bits| Const Bits|
    +------------------------------------------+----+----+-----+-----------+
    |DataRAM_1_addr_16_reg_1694                |  10|   0|   13|          3|
    |DataRAM_1_addr_16_reg_1694_pp0_iter1_reg  |  10|   0|   13|          3|
    |DataRAM_1_addr_18_reg_1775                |  10|   0|   13|          3|
    |DataRAM_1_addr_18_reg_1775_pp0_iter1_reg  |  10|   0|   13|          3|
    |DataRAM_1_addr_20_reg_1942                |  10|   0|   13|          3|
    |DataRAM_1_addr_20_reg_1942_pp0_iter1_reg  |  10|   0|   13|          3|
    |DataRAM_1_addr_22_reg_2103                |  10|   0|   13|          3|
    |DataRAM_1_addr_22_reg_2103_pp0_iter1_reg  |  10|   0|   13|          3|
    |DataRAM_1_addr_24_reg_2270                |  10|   0|   13|          3|
    |DataRAM_1_addr_24_reg_2270_pp0_iter1_reg  |  10|   0|   13|          3|
    |DataRAM_1_addr_26_reg_2431                |  10|   0|   13|          3|
    |DataRAM_1_addr_26_reg_2431_pp0_iter1_reg  |  10|   0|   13|          3|
    |DataRAM_1_addr_28_reg_2598                |  10|   0|   13|          3|
    |DataRAM_1_addr_28_reg_2598_pp0_iter1_reg  |  10|   0|   13|          3|
    |DataRAM_1_addr_30_reg_2759                |  10|   0|   13|          3|
    |DataRAM_1_load_16_reg_1857                |  32|   0|   32|          0|
    |DataRAM_1_load_17_reg_1877                |  32|   0|   32|          0|
    |DataRAM_1_load_18_reg_2017                |  32|   0|   32|          0|
    |DataRAM_1_load_19_reg_2037                |  32|   0|   32|          0|
    |DataRAM_1_load_20_reg_2185                |  32|   0|   32|          0|
    |DataRAM_1_load_21_reg_2205                |  32|   0|   32|          0|
    |DataRAM_1_load_22_reg_2345                |  32|   0|   32|          0|
    |DataRAM_1_load_23_reg_2365                |  32|   0|   32|          0|
    |DataRAM_1_load_24_reg_2513                |  32|   0|   32|          0|
    |DataRAM_1_load_25_reg_2533                |  32|   0|   32|          0|
    |DataRAM_1_load_26_reg_2673                |  32|   0|   32|          0|
    |DataRAM_1_load_27_reg_2693                |  32|   0|   32|          0|
    |DataRAM_1_load_28_reg_2841                |  32|   0|   32|          0|
    |DataRAM_1_load_29_reg_2861                |  32|   0|   32|          0|
    |DataRAM_1_load_30_reg_2921                |  32|   0|   32|          0|
    |DataRAM_1_load_reg_2941                   |  32|   0|   32|          0|
    |DataRAM_2_addr_16_reg_1704                |  10|   0|   13|          3|
    |DataRAM_2_addr_16_reg_1704_pp0_iter1_reg  |  10|   0|   13|          3|
    |DataRAM_2_addr_18_reg_1786                |  10|   0|   13|          3|
    |DataRAM_2_addr_18_reg_1786_pp0_iter1_reg  |  10|   0|   13|          3|
    |DataRAM_2_addr_20_reg_1952                |  10|   0|   13|          3|
    |DataRAM_2_addr_20_reg_1952_pp0_iter1_reg  |  10|   0|   13|          3|
    |DataRAM_2_addr_22_reg_2114                |  10|   0|   13|          3|
    |DataRAM_2_addr_22_reg_2114_pp0_iter1_reg  |  10|   0|   13|          3|
    |DataRAM_2_addr_24_reg_2280                |  10|   0|   13|          3|
    |DataRAM_2_addr_24_reg_2280_pp0_iter1_reg  |  10|   0|   13|          3|
    |DataRAM_2_addr_26_reg_2442                |  10|   0|   13|          3|
    |DataRAM_2_addr_26_reg_2442_pp0_iter1_reg  |  10|   0|   13|          3|
    |DataRAM_2_addr_28_reg_2608                |  10|   0|   13|          3|
    |DataRAM_2_addr_28_reg_2608_pp0_iter1_reg  |  10|   0|   13|          3|
    |DataRAM_2_addr_30_reg_2770                |  10|   0|   13|          3|
    |DataRAM_2_load_16_reg_1862                |  32|   0|   32|          0|
    |DataRAM_2_load_17_reg_1882                |  32|   0|   32|          0|
    |DataRAM_2_load_18_reg_2022                |  32|   0|   32|          0|
    |DataRAM_2_load_19_reg_2042                |  32|   0|   32|          0|
    |DataRAM_2_load_20_reg_2190                |  32|   0|   32|          0|
    |DataRAM_2_load_21_reg_2210                |  32|   0|   32|          0|
    |DataRAM_2_load_22_reg_2350                |  32|   0|   32|          0|
    |DataRAM_2_load_23_reg_2370                |  32|   0|   32|          0|
    |DataRAM_2_load_24_reg_2518                |  32|   0|   32|          0|
    |DataRAM_2_load_25_reg_2538                |  32|   0|   32|          0|
    |DataRAM_2_load_26_reg_2678                |  32|   0|   32|          0|
    |DataRAM_2_load_27_reg_2698                |  32|   0|   32|          0|
    |DataRAM_2_load_28_reg_2846                |  32|   0|   32|          0|
    |DataRAM_2_load_29_reg_2866                |  32|   0|   32|          0|
    |DataRAM_2_load_30_reg_2926                |  32|   0|   32|          0|
    |DataRAM_2_load_reg_2946                   |  32|   0|   32|          0|
    |DataRAM_3_addr_16_reg_1714                |  10|   0|   13|          3|
    |DataRAM_3_addr_16_reg_1714_pp0_iter1_reg  |  10|   0|   13|          3|
    |DataRAM_3_addr_18_reg_1797                |  10|   0|   13|          3|
    |DataRAM_3_addr_18_reg_1797_pp0_iter1_reg  |  10|   0|   13|          3|
    |DataRAM_3_addr_20_reg_1962                |  10|   0|   13|          3|
    |DataRAM_3_addr_20_reg_1962_pp0_iter1_reg  |  10|   0|   13|          3|
    |DataRAM_3_addr_22_reg_2125                |  10|   0|   13|          3|
    |DataRAM_3_addr_22_reg_2125_pp0_iter1_reg  |  10|   0|   13|          3|
    |DataRAM_3_addr_24_reg_2290                |  10|   0|   13|          3|
    |DataRAM_3_addr_24_reg_2290_pp0_iter1_reg  |  10|   0|   13|          3|
    |DataRAM_3_addr_26_reg_2453                |  10|   0|   13|          3|
    |DataRAM_3_addr_26_reg_2453_pp0_iter1_reg  |  10|   0|   13|          3|
    |DataRAM_3_addr_28_reg_2618                |  10|   0|   13|          3|
    |DataRAM_3_addr_28_reg_2618_pp0_iter1_reg  |  10|   0|   13|          3|
    |DataRAM_3_addr_30_reg_2781                |  10|   0|   13|          3|
    |DataRAM_3_load_16_reg_1867                |  32|   0|   32|          0|
    |DataRAM_3_load_17_reg_1887                |  32|   0|   32|          0|
    |DataRAM_3_load_18_reg_2027                |  32|   0|   32|          0|
    |DataRAM_3_load_19_reg_2047                |  32|   0|   32|          0|
    |DataRAM_3_load_20_reg_2195                |  32|   0|   32|          0|
    |DataRAM_3_load_21_reg_2215                |  32|   0|   32|          0|
    |DataRAM_3_load_22_reg_2355                |  32|   0|   32|          0|
    |DataRAM_3_load_23_reg_2375                |  32|   0|   32|          0|
    |DataRAM_3_load_24_reg_2523                |  32|   0|   32|          0|
    |DataRAM_3_load_25_reg_2543                |  32|   0|   32|          0|
    |DataRAM_3_load_26_reg_2683                |  32|   0|   32|          0|
    |DataRAM_3_load_27_reg_2703                |  32|   0|   32|          0|
    |DataRAM_3_load_28_reg_2851                |  32|   0|   32|          0|
    |DataRAM_3_load_29_reg_2871                |  32|   0|   32|          0|
    |DataRAM_3_load_30_reg_2931                |  32|   0|   32|          0|
    |DataRAM_3_load_reg_2951                   |  32|   0|   32|          0|
    |DataRAM_4_addr_16_reg_1724                |  10|   0|   13|          3|
    |DataRAM_4_addr_16_reg_1724_pp0_iter1_reg  |  10|   0|   13|          3|
    |DataRAM_4_addr_18_reg_1808                |  10|   0|   13|          3|
    |DataRAM_4_addr_18_reg_1808_pp0_iter1_reg  |  10|   0|   13|          3|
    |DataRAM_4_addr_20_reg_1972                |  10|   0|   13|          3|
    |DataRAM_4_addr_20_reg_1972_pp0_iter1_reg  |  10|   0|   13|          3|
    |DataRAM_4_addr_22_reg_2136                |  10|   0|   13|          3|
    |DataRAM_4_addr_22_reg_2136_pp0_iter1_reg  |  10|   0|   13|          3|
    |DataRAM_4_addr_24_reg_2300                |  10|   0|   13|          3|
    |DataRAM_4_addr_24_reg_2300_pp0_iter1_reg  |  10|   0|   13|          3|
    |DataRAM_4_addr_26_reg_2464                |  10|   0|   13|          3|
    |DataRAM_4_addr_26_reg_2464_pp0_iter1_reg  |  10|   0|   13|          3|
    |DataRAM_4_addr_28_reg_2628                |  10|   0|   13|          3|
    |DataRAM_4_addr_28_reg_2628_pp0_iter1_reg  |  10|   0|   13|          3|
    |DataRAM_4_addr_30_reg_2792                |  10|   0|   13|          3|
    |DataRAM_5_addr_16_reg_1734                |  10|   0|   13|          3|
    |DataRAM_5_addr_16_reg_1734_pp0_iter1_reg  |  10|   0|   13|          3|
    |DataRAM_5_addr_18_reg_1819                |  10|   0|   13|          3|
    |DataRAM_5_addr_18_reg_1819_pp0_iter1_reg  |  10|   0|   13|          3|
    |DataRAM_5_addr_20_reg_1982                |  10|   0|   13|          3|
    |DataRAM_5_addr_20_reg_1982_pp0_iter1_reg  |  10|   0|   13|          3|
    |DataRAM_5_addr_22_reg_2147                |  10|   0|   13|          3|
    |DataRAM_5_addr_22_reg_2147_pp0_iter1_reg  |  10|   0|   13|          3|
    |DataRAM_5_addr_24_reg_2310                |  10|   0|   13|          3|
    |DataRAM_5_addr_24_reg_2310_pp0_iter1_reg  |  10|   0|   13|          3|
    |DataRAM_5_addr_26_reg_2475                |  10|   0|   13|          3|
    |DataRAM_5_addr_26_reg_2475_pp0_iter1_reg  |  10|   0|   13|          3|
    |DataRAM_5_addr_28_reg_2638                |  10|   0|   13|          3|
    |DataRAM_5_addr_28_reg_2638_pp0_iter1_reg  |  10|   0|   13|          3|
    |DataRAM_5_addr_30_reg_2803                |  10|   0|   13|          3|
    |DataRAM_6_addr_16_reg_1744                |  10|   0|   13|          3|
    |DataRAM_6_addr_18_reg_1830                |  10|   0|   13|          3|
    |DataRAM_6_addr_20_reg_1992                |  10|   0|   13|          3|
    |DataRAM_6_addr_22_reg_2158                |  10|   0|   13|          3|
    |DataRAM_6_addr_24_reg_2320                |  10|   0|   13|          3|
    |DataRAM_6_addr_26_reg_2486                |  10|   0|   13|          3|
    |DataRAM_6_addr_28_reg_2648                |  10|   0|   13|          3|
    |DataRAM_6_addr_30_reg_2814                |  10|   0|   13|          3|
    |DataRAM_7_addr_16_reg_1754                |  10|   0|   13|          3|
    |DataRAM_7_addr_18_reg_1841                |  10|   0|   13|          3|
    |DataRAM_7_addr_20_reg_2002                |  10|   0|   13|          3|
    |DataRAM_7_addr_22_reg_2169                |  10|   0|   13|          3|
    |DataRAM_7_addr_24_reg_2330                |  10|   0|   13|          3|
    |DataRAM_7_addr_26_reg_2497                |  10|   0|   13|          3|
    |DataRAM_7_addr_28_reg_2658                |  10|   0|   13|          3|
    |DataRAM_7_addr_30_reg_2825                |  10|   0|   13|          3|
    |DataRAM_addr_16_reg_1673                  |  10|   0|   13|          3|
    |DataRAM_addr_16_reg_1673_pp0_iter1_reg    |  10|   0|   13|          3|
    |DataRAM_addr_18_reg_1764                  |  10|   0|   13|          3|
    |DataRAM_addr_18_reg_1764_pp0_iter1_reg    |  10|   0|   13|          3|
    |DataRAM_addr_20_reg_1932                  |  10|   0|   13|          3|
    |DataRAM_addr_20_reg_1932_pp0_iter1_reg    |  10|   0|   13|          3|
    |DataRAM_addr_22_reg_2092                  |  10|   0|   13|          3|
    |DataRAM_addr_22_reg_2092_pp0_iter1_reg    |  10|   0|   13|          3|
    |DataRAM_addr_24_reg_2260                  |  10|   0|   13|          3|
    |DataRAM_addr_24_reg_2260_pp0_iter1_reg    |  10|   0|   13|          3|
    |DataRAM_addr_26_reg_2420                  |  10|   0|   13|          3|
    |DataRAM_addr_26_reg_2420_pp0_iter1_reg    |  10|   0|   13|          3|
    |DataRAM_addr_28_reg_2588                  |  10|   0|   13|          3|
    |DataRAM_addr_28_reg_2588_pp0_iter1_reg    |  10|   0|   13|          3|
    |DataRAM_addr_30_reg_2748                  |  10|   0|   13|          3|
    |DataRAM_load_16_reg_1852                  |  32|   0|   32|          0|
    |DataRAM_load_17_reg_1872                  |  32|   0|   32|          0|
    |DataRAM_load_18_reg_2012                  |  32|   0|   32|          0|
    |DataRAM_load_19_reg_2032                  |  32|   0|   32|          0|
    |DataRAM_load_20_reg_2180                  |  32|   0|   32|          0|
    |DataRAM_load_21_reg_2200                  |  32|   0|   32|          0|
    |DataRAM_load_22_reg_2340                  |  32|   0|   32|          0|
    |DataRAM_load_23_reg_2360                  |  32|   0|   32|          0|
    |DataRAM_load_24_reg_2508                  |  32|   0|   32|          0|
    |DataRAM_load_25_reg_2528                  |  32|   0|   32|          0|
    |DataRAM_load_26_reg_2668                  |  32|   0|   32|          0|
    |DataRAM_load_27_reg_2688                  |  32|   0|   32|          0|
    |DataRAM_load_28_reg_2836                  |  32|   0|   32|          0|
    |DataRAM_load_29_reg_2856                  |  32|   0|   32|          0|
    |DataRAM_load_30_reg_2916                  |  32|   0|   32|          0|
    |DataRAM_load_reg_2936                     |  32|   0|   32|          0|
    |SubInput1_63_reg_2052                     |  32|   0|   32|          0|
    |SubInput1_64_reg_2220                     |  32|   0|   32|          0|
    |SubInput1_65_reg_2380                     |  32|   0|   32|          0|
    |SubInput1_66_reg_2548                     |  32|   0|   32|          0|
    |SubInput1_67_reg_2708                     |  32|   0|   32|          0|
    |SubInput1_68_reg_2876                     |  32|   0|   32|          0|
    |SubInput1_69_reg_2956                     |  32|   0|   32|          0|
    |SubInput1_70_reg_1902                     |  32|   0|   32|          0|
    |SubInput1_71_reg_2062                     |  32|   0|   32|          0|
    |SubInput1_72_reg_2230                     |  32|   0|   32|          0|
    |SubInput1_73_reg_2390                     |  32|   0|   32|          0|
    |SubInput1_74_reg_2558                     |  32|   0|   32|          0|
    |SubInput1_75_reg_2718                     |  32|   0|   32|          0|
    |SubInput1_76_reg_2886                     |  32|   0|   32|          0|
    |SubInput1_77_reg_2966                     |  32|   0|   32|          0|
    |SubInput1_78_reg_1912                     |  32|   0|   32|          0|
    |SubInput1_79_reg_2072                     |  32|   0|   32|          0|
    |SubInput1_80_reg_2240                     |  32|   0|   32|          0|
    |SubInput1_81_reg_2400                     |  32|   0|   32|          0|
    |SubInput1_82_reg_2568                     |  32|   0|   32|          0|
    |SubInput1_83_reg_2728                     |  32|   0|   32|          0|
    |SubInput1_84_reg_2896                     |  32|   0|   32|          0|
    |SubInput1_85_reg_2976                     |  32|   0|   32|          0|
    |SubInput1_86_reg_1922                     |  32|   0|   32|          0|
    |SubInput1_87_reg_2082                     |  32|   0|   32|          0|
    |SubInput1_88_reg_2250                     |  32|   0|   32|          0|
    |SubInput1_89_reg_2410                     |  32|   0|   32|          0|
    |SubInput1_90_reg_2578                     |  32|   0|   32|          0|
    |SubInput1_91_reg_2738                     |  32|   0|   32|          0|
    |SubInput1_92_reg_2906                     |  32|   0|   32|          0|
    |SubInput1_93_reg_2986                     |  32|   0|   32|          0|
    |SubInput1_reg_1892                        |  32|   0|   32|          0|
    |SubInput2_63_reg_2057                     |  32|   0|   32|          0|
    |SubInput2_64_reg_2225                     |  32|   0|   32|          0|
    |SubInput2_65_reg_2385                     |  32|   0|   32|          0|
    |SubInput2_66_reg_2553                     |  32|   0|   32|          0|
    |SubInput2_67_reg_2713                     |  32|   0|   32|          0|
    |SubInput2_68_reg_2881                     |  32|   0|   32|          0|
    |SubInput2_69_reg_2961                     |  32|   0|   32|          0|
    |SubInput2_70_reg_1907                     |  32|   0|   32|          0|
    |SubInput2_71_reg_2067                     |  32|   0|   32|          0|
    |SubInput2_72_reg_2235                     |  32|   0|   32|          0|
    |SubInput2_73_reg_2395                     |  32|   0|   32|          0|
    |SubInput2_74_reg_2563                     |  32|   0|   32|          0|
    |SubInput2_75_reg_2723                     |  32|   0|   32|          0|
    |SubInput2_76_reg_2891                     |  32|   0|   32|          0|
    |SubInput2_77_reg_2971                     |  32|   0|   32|          0|
    |SubInput2_78_reg_1917                     |  32|   0|   32|          0|
    |SubInput2_79_reg_2077                     |  32|   0|   32|          0|
    |SubInput2_80_reg_2245                     |  32|   0|   32|          0|
    |SubInput2_81_reg_2405                     |  32|   0|   32|          0|
    |SubInput2_82_reg_2573                     |  32|   0|   32|          0|
    |SubInput2_83_reg_2733                     |  32|   0|   32|          0|
    |SubInput2_84_reg_2901                     |  32|   0|   32|          0|
    |SubInput2_85_reg_2981                     |  32|   0|   32|          0|
    |SubInput2_86_reg_1927                     |  32|   0|   32|          0|
    |SubInput2_87_reg_2087                     |  32|   0|   32|          0|
    |SubInput2_88_reg_2255                     |  32|   0|   32|          0|
    |SubInput2_89_reg_2415                     |  32|   0|   32|          0|
    |SubInput2_90_reg_2583                     |  32|   0|   32|          0|
    |SubInput2_91_reg_2743                     |  32|   0|   32|          0|
    |SubInput2_92_reg_2911                     |  32|   0|   32|          0|
    |SubInput2_93_reg_2991                     |  32|   0|   32|          0|
    |SubInput2_reg_1897                        |  32|   0|   32|          0|
    |SubRes_127_reg_3001                       |  32|   0|   32|          0|
    |SubRes_128_reg_3031                       |  32|   0|   32|          0|
    |SubRes_132_reg_3061                       |  32|   0|   32|          0|
    |SubRes_135_reg_3006                       |  32|   0|   32|          0|
    |SubRes_136_reg_3036                       |  32|   0|   32|          0|
    |SubRes_140_reg_3066                       |  32|   0|   32|          0|
    |SubRes_143_reg_3011                       |  32|   0|   32|          0|
    |SubRes_144_reg_3041                       |  32|   0|   32|          0|
    |SubRes_148_reg_3071                       |  32|   0|   32|          0|
    |SubRes_151_reg_3016                       |  32|   0|   32|          0|
    |SubRes_152_reg_3046                       |  32|   0|   32|          0|
    |SubRes_156_reg_3076                       |  32|   0|   32|          0|
    |SubRes_159_reg_3021                       |  32|   0|   32|          0|
    |SubRes_160_reg_3051                       |  32|   0|   32|          0|
    |SubRes_164_reg_3081                       |  32|   0|   32|          0|
    |SubRes_165_reg_3086                       |  32|   0|   32|          0|
    |SubRes_166_reg_3091                       |  32|   0|   32|          0|
    |SubRes_167_reg_3096                       |  32|   0|   32|          0|
    |SubRes_168_reg_3101                       |  32|   0|   32|          0|
    |SubRes_169_reg_3106                       |  32|   0|   32|          0|
    |SubRes_170_reg_3111                       |  32|   0|   32|          0|
    |SubRes_171_reg_3116                       |  32|   0|   32|          0|
    |SubRes_172_reg_3121                       |  32|   0|   32|          0|
    |SubRes_173_reg_3126                       |  32|   0|   32|          0|
    |SubRes_174_reg_3131                       |  32|   0|   32|          0|
    |SubRes_175_reg_3136                       |  32|   0|   32|          0|
    |SubRes_176_reg_3141                       |  32|   0|   32|          0|
    |SubRes_177_reg_3146                       |  32|   0|   32|          0|
    |SubRes_178_reg_3151                       |  32|   0|   32|          0|
    |SubRes_179_reg_3156                       |  32|   0|   32|          0|
    |SubRes_180_reg_3161                       |  32|   0|   32|          0|
    |SubRes_2_reg_2996                         |  32|   0|   32|          0|
    |SubRes_3_reg_3026                         |  32|   0|   32|          0|
    |SubRes_7_reg_3056                         |  32|   0|   32|          0|
    |ap_CS_fsm                                 |  12|   0|   12|          0|
    |ap_done_reg                               |   1|   0|    1|          0|
    |ap_enable_reg_pp0_iter0_reg               |   1|   0|    1|          0|
    |ap_enable_reg_pp0_iter1                   |   1|   0|    1|          0|
    |ap_enable_reg_pp0_iter2                   |   1|   0|    1|          0|
    |ap_loop_exit_ready_pp0_iter1_reg          |   1|   0|    1|          0|
    |icmp_ln220_reg_1658                       |   1|   0|    1|          0|
    |j_fu_72                                   |   7|   0|    7|          0|
    |p_cast2_reg_1662                          |  10|   0|   10|          0|
    |p_cast3_reg_1678                          |  10|   0|   10|          0|
    |reg_1244                                  |  32|   0|   32|          0|
    |reg_1249                                  |  32|   0|   32|          0|
    |reg_1254                                  |  32|   0|   32|          0|
    |reg_1259                                  |  32|   0|   32|          0|
    |reg_1264                                  |  32|   0|   32|          0|
    |reg_1269                                  |  32|   0|   32|          0|
    |reg_1274                                  |  32|   0|   32|          0|
    |reg_1279                                  |  32|   0|   32|          0|
    |reg_1284                                  |  32|   0|   32|          0|
    |reg_1289                                  |  32|   0|   32|          0|
    |reg_1294                                  |  32|   0|   32|          0|
    |reg_1299                                  |  32|   0|   32|          0|
    |DataRAM_1_addr_30_reg_2759                |  64|  32|   13|          3|
    |DataRAM_2_addr_30_reg_2770                |  64|  32|   13|          3|
    |DataRAM_3_addr_30_reg_2781                |  64|  32|   13|          3|
    |DataRAM_4_addr_30_reg_2792                |  64|  32|   13|          3|
    |DataRAM_5_addr_30_reg_2803                |  64|  32|   13|          3|
    |DataRAM_6_addr_16_reg_1744                |  64|  32|   13|          3|
    |DataRAM_6_addr_18_reg_1830                |  64|  32|   13|          3|
    |DataRAM_6_addr_20_reg_1992                |  64|  32|   13|          3|
    |DataRAM_6_addr_22_reg_2158                |  64|  32|   13|          3|
    |DataRAM_6_addr_24_reg_2320                |  64|  32|   13|          3|
    |DataRAM_6_addr_26_reg_2486                |  64|  32|   13|          3|
    |DataRAM_6_addr_28_reg_2648                |  64|  32|   13|          3|
    |DataRAM_6_addr_30_reg_2814                |  64|  32|   13|          3|
    |DataRAM_7_addr_16_reg_1754                |  64|  32|   13|          3|
    |DataRAM_7_addr_18_reg_1841                |  64|  32|   13|          3|
    |DataRAM_7_addr_20_reg_2002                |  64|  32|   13|          3|
    |DataRAM_7_addr_22_reg_2169                |  64|  32|   13|          3|
    |DataRAM_7_addr_24_reg_2330                |  64|  32|   13|          3|
    |DataRAM_7_addr_26_reg_2497                |  64|  32|   13|          3|
    |DataRAM_7_addr_28_reg_2658                |  64|  32|   13|          3|
    |DataRAM_7_addr_30_reg_2825                |  64|  32|   13|          3|
    |DataRAM_addr_30_reg_2748                  |  64|  32|   13|          3|
    +------------------------------------------+----+----+-----+-----------+
    |Total                                     |8081| 704| 7277|        384|
    +------------------------------------------+----+----+-----+-----------+



================================================================
== Interface
================================================================
* Summary: 
+--------------------------------------+-----+-----+------------+------------------------------------+--------------+
|               RTL Ports              | Dir | Bits|  Protocol  |            Source Object           |    C Type    |
+--------------------------------------+-----+-----+------------+------------------------------------+--------------+
|ap_clk                                |   in|    1|  ap_ctrl_hs|  Crypto1_Pipeline_POLY_SUB_ROW_LOOP|  return value|
|ap_rst                                |   in|    1|  ap_ctrl_hs|  Crypto1_Pipeline_POLY_SUB_ROW_LOOP|  return value|
|ap_start                              |   in|    1|  ap_ctrl_hs|  Crypto1_Pipeline_POLY_SUB_ROW_LOOP|  return value|
|ap_done                               |  out|    1|  ap_ctrl_hs|  Crypto1_Pipeline_POLY_SUB_ROW_LOOP|  return value|
|ap_idle                               |  out|    1|  ap_ctrl_hs|  Crypto1_Pipeline_POLY_SUB_ROW_LOOP|  return value|
|ap_ready                              |  out|    1|  ap_ctrl_hs|  Crypto1_Pipeline_POLY_SUB_ROW_LOOP|  return value|
|grp_Configurable_PE_fu_60818_p_din1   |  out|   32|  ap_ctrl_hs|  Crypto1_Pipeline_POLY_SUB_ROW_LOOP|  return value|
|grp_Configurable_PE_fu_60818_p_din2   |  out|   32|  ap_ctrl_hs|  Crypto1_Pipeline_POLY_SUB_ROW_LOOP|  return value|
|grp_Configurable_PE_fu_60818_p_din3   |  out|    2|  ap_ctrl_hs|  Crypto1_Pipeline_POLY_SUB_ROW_LOOP|  return value|
|grp_Configurable_PE_fu_60818_p_din4   |  out|    2|  ap_ctrl_hs|  Crypto1_Pipeline_POLY_SUB_ROW_LOOP|  return value|
|grp_Configurable_PE_fu_60818_p_dout0  |   in|   32|  ap_ctrl_hs|  Crypto1_Pipeline_POLY_SUB_ROW_LOOP|  return value|
|grp_Configurable_PE_fu_60818_p_ce     |  out|    1|  ap_ctrl_hs|  Crypto1_Pipeline_POLY_SUB_ROW_LOOP|  return value|
|grp_Configurable_PE_fu_60825_p_din1   |  out|   32|  ap_ctrl_hs|  Crypto1_Pipeline_POLY_SUB_ROW_LOOP|  return value|
|grp_Configurable_PE_fu_60825_p_din2   |  out|   32|  ap_ctrl_hs|  Crypto1_Pipeline_POLY_SUB_ROW_LOOP|  return value|
|grp_Configurable_PE_fu_60825_p_din3   |  out|    2|  ap_ctrl_hs|  Crypto1_Pipeline_POLY_SUB_ROW_LOOP|  return value|
|grp_Configurable_PE_fu_60825_p_din4   |  out|    2|  ap_ctrl_hs|  Crypto1_Pipeline_POLY_SUB_ROW_LOOP|  return value|
|grp_Configurable_PE_fu_60825_p_dout0  |   in|   32|  ap_ctrl_hs|  Crypto1_Pipeline_POLY_SUB_ROW_LOOP|  return value|
|grp_Configurable_PE_fu_60825_p_ce     |  out|    1|  ap_ctrl_hs|  Crypto1_Pipeline_POLY_SUB_ROW_LOOP|  return value|
|grp_Configurable_PE_fu_60832_p_din1   |  out|   32|  ap_ctrl_hs|  Crypto1_Pipeline_POLY_SUB_ROW_LOOP|  return value|
|grp_Configurable_PE_fu_60832_p_din2   |  out|   32|  ap_ctrl_hs|  Crypto1_Pipeline_POLY_SUB_ROW_LOOP|  return value|
|grp_Configurable_PE_fu_60832_p_din3   |  out|    2|  ap_ctrl_hs|  Crypto1_Pipeline_POLY_SUB_ROW_LOOP|  return value|
|grp_Configurable_PE_fu_60832_p_din4   |  out|    2|  ap_ctrl_hs|  Crypto1_Pipeline_POLY_SUB_ROW_LOOP|  return value|
|grp_Configurable_PE_fu_60832_p_dout0  |   in|   32|  ap_ctrl_hs|  Crypto1_Pipeline_POLY_SUB_ROW_LOOP|  return value|
|grp_Configurable_PE_fu_60832_p_ce     |  out|    1|  ap_ctrl_hs|  Crypto1_Pipeline_POLY_SUB_ROW_LOOP|  return value|
|grp_Configurable_PE_fu_60839_p_din1   |  out|   32|  ap_ctrl_hs|  Crypto1_Pipeline_POLY_SUB_ROW_LOOP|  return value|
|grp_Configurable_PE_fu_60839_p_din2   |  out|   32|  ap_ctrl_hs|  Crypto1_Pipeline_POLY_SUB_ROW_LOOP|  return value|
|grp_Configurable_PE_fu_60839_p_din3   |  out|    2|  ap_ctrl_hs|  Crypto1_Pipeline_POLY_SUB_ROW_LOOP|  return value|
|grp_Configurable_PE_fu_60839_p_din4   |  out|    2|  ap_ctrl_hs|  Crypto1_Pipeline_POLY_SUB_ROW_LOOP|  return value|
|grp_Configurable_PE_fu_60839_p_dout0  |   in|   32|  ap_ctrl_hs|  Crypto1_Pipeline_POLY_SUB_ROW_LOOP|  return value|
|grp_Configurable_PE_fu_60839_p_ce     |  out|    1|  ap_ctrl_hs|  Crypto1_Pipeline_POLY_SUB_ROW_LOOP|  return value|
|grp_Configurable_PE_fu_60846_p_din1   |  out|   32|  ap_ctrl_hs|  Crypto1_Pipeline_POLY_SUB_ROW_LOOP|  return value|
|grp_Configurable_PE_fu_60846_p_din2   |  out|   32|  ap_ctrl_hs|  Crypto1_Pipeline_POLY_SUB_ROW_LOOP|  return value|
|grp_Configurable_PE_fu_60846_p_din3   |  out|    2|  ap_ctrl_hs|  Crypto1_Pipeline_POLY_SUB_ROW_LOOP|  return value|
|grp_Configurable_PE_fu_60846_p_din4   |  out|    2|  ap_ctrl_hs|  Crypto1_Pipeline_POLY_SUB_ROW_LOOP|  return value|
|grp_Configurable_PE_fu_60846_p_dout0  |   in|   32|  ap_ctrl_hs|  Crypto1_Pipeline_POLY_SUB_ROW_LOOP|  return value|
|grp_Configurable_PE_fu_60846_p_ce     |  out|    1|  ap_ctrl_hs|  Crypto1_Pipeline_POLY_SUB_ROW_LOOP|  return value|
|grp_Configurable_PE_fu_60853_p_din1   |  out|   32|  ap_ctrl_hs|  Crypto1_Pipeline_POLY_SUB_ROW_LOOP|  return value|
|grp_Configurable_PE_fu_60853_p_din2   |  out|   32|  ap_ctrl_hs|  Crypto1_Pipeline_POLY_SUB_ROW_LOOP|  return value|
|grp_Configurable_PE_fu_60853_p_din3   |  out|    2|  ap_ctrl_hs|  Crypto1_Pipeline_POLY_SUB_ROW_LOOP|  return value|
|grp_Configurable_PE_fu_60853_p_din4   |  out|    2|  ap_ctrl_hs|  Crypto1_Pipeline_POLY_SUB_ROW_LOOP|  return value|
|grp_Configurable_PE_fu_60853_p_dout0  |   in|   32|  ap_ctrl_hs|  Crypto1_Pipeline_POLY_SUB_ROW_LOOP|  return value|
|grp_Configurable_PE_fu_60853_p_ce     |  out|    1|  ap_ctrl_hs|  Crypto1_Pipeline_POLY_SUB_ROW_LOOP|  return value|
|empty_54                              |   in|   10|     ap_none|                            empty_54|        scalar|
|DataRAM_address0                      |  out|   13|   ap_memory|                             DataRAM|         array|
|DataRAM_ce0                           |  out|    1|   ap_memory|                             DataRAM|         array|
|DataRAM_we0                           |  out|    1|   ap_memory|                             DataRAM|         array|
|DataRAM_d0                            |  out|   32|   ap_memory|                             DataRAM|         array|
|DataRAM_q0                            |   in|   32|   ap_memory|                             DataRAM|         array|
|DataRAM_address1                      |  out|   13|   ap_memory|                             DataRAM|         array|
|DataRAM_ce1                           |  out|    1|   ap_memory|                             DataRAM|         array|
|DataRAM_we1                           |  out|    1|   ap_memory|                             DataRAM|         array|
|DataRAM_d1                            |  out|   32|   ap_memory|                             DataRAM|         array|
|DataRAM_q1                            |   in|   32|   ap_memory|                             DataRAM|         array|
|empty                                 |   in|   10|     ap_none|                               empty|        scalar|
|DataRAM_1_address0                    |  out|   13|   ap_memory|                           DataRAM_1|         array|
|DataRAM_1_ce0                         |  out|    1|   ap_memory|                           DataRAM_1|         array|
|DataRAM_1_we0                         |  out|    1|   ap_memory|                           DataRAM_1|         array|
|DataRAM_1_d0                          |  out|   32|   ap_memory|                           DataRAM_1|         array|
|DataRAM_1_q0                          |   in|   32|   ap_memory|                           DataRAM_1|         array|
|DataRAM_1_address1                    |  out|   13|   ap_memory|                           DataRAM_1|         array|
|DataRAM_1_ce1                         |  out|    1|   ap_memory|                           DataRAM_1|         array|
|DataRAM_1_we1                         |  out|    1|   ap_memory|                           DataRAM_1|         array|
|DataRAM_1_d1                          |  out|   32|   ap_memory|                           DataRAM_1|         array|
|DataRAM_1_q1                          |   in|   32|   ap_memory|                           DataRAM_1|         array|
|DataRAM_2_address0                    |  out|   13|   ap_memory|                           DataRAM_2|         array|
|DataRAM_2_ce0                         |  out|    1|   ap_memory|                           DataRAM_2|         array|
|DataRAM_2_we0                         |  out|    1|   ap_memory|                           DataRAM_2|         array|
|DataRAM_2_d0                          |  out|   32|   ap_memory|                           DataRAM_2|         array|
|DataRAM_2_q0                          |   in|   32|   ap_memory|                           DataRAM_2|         array|
|DataRAM_2_address1                    |  out|   13|   ap_memory|                           DataRAM_2|         array|
|DataRAM_2_ce1                         |  out|    1|   ap_memory|                           DataRAM_2|         array|
|DataRAM_2_we1                         |  out|    1|   ap_memory|                           DataRAM_2|         array|
|DataRAM_2_d1                          |  out|   32|   ap_memory|                           DataRAM_2|         array|
|DataRAM_2_q1                          |   in|   32|   ap_memory|                           DataRAM_2|         array|
|DataRAM_3_address0                    |  out|   13|   ap_memory|                           DataRAM_3|         array|
|DataRAM_3_ce0                         |  out|    1|   ap_memory|                           DataRAM_3|         array|
|DataRAM_3_we0                         |  out|    1|   ap_memory|                           DataRAM_3|         array|
|DataRAM_3_d0                          |  out|   32|   ap_memory|                           DataRAM_3|         array|
|DataRAM_3_q0                          |   in|   32|   ap_memory|                           DataRAM_3|         array|
|DataRAM_3_address1                    |  out|   13|   ap_memory|                           DataRAM_3|         array|
|DataRAM_3_ce1                         |  out|    1|   ap_memory|                           DataRAM_3|         array|
|DataRAM_3_we1                         |  out|    1|   ap_memory|                           DataRAM_3|         array|
|DataRAM_3_d1                          |  out|   32|   ap_memory|                           DataRAM_3|         array|
|DataRAM_3_q1                          |   in|   32|   ap_memory|                           DataRAM_3|         array|
|DataRAM_4_address0                    |  out|   13|   ap_memory|                           DataRAM_4|         array|
|DataRAM_4_ce0                         |  out|    1|   ap_memory|                           DataRAM_4|         array|
|DataRAM_4_we0                         |  out|    1|   ap_memory|                           DataRAM_4|         array|
|DataRAM_4_d0                          |  out|   32|   ap_memory|                           DataRAM_4|         array|
|DataRAM_4_q0                          |   in|   32|   ap_memory|                           DataRAM_4|         array|
|DataRAM_4_address1                    |  out|   13|   ap_memory|                           DataRAM_4|         array|
|DataRAM_4_ce1                         |  out|    1|   ap_memory|                           DataRAM_4|         array|
|DataRAM_4_we1                         |  out|    1|   ap_memory|                           DataRAM_4|         array|
|DataRAM_4_d1                          |  out|   32|   ap_memory|                           DataRAM_4|         array|
|DataRAM_4_q1                          |   in|   32|   ap_memory|                           DataRAM_4|         array|
|DataRAM_5_address0                    |  out|   13|   ap_memory|                           DataRAM_5|         array|
|DataRAM_5_ce0                         |  out|    1|   ap_memory|                           DataRAM_5|         array|
|DataRAM_5_we0                         |  out|    1|   ap_memory|                           DataRAM_5|         array|
|DataRAM_5_d0                          |  out|   32|   ap_memory|                           DataRAM_5|         array|
|DataRAM_5_q0                          |   in|   32|   ap_memory|                           DataRAM_5|         array|
|DataRAM_5_address1                    |  out|   13|   ap_memory|                           DataRAM_5|         array|
|DataRAM_5_ce1                         |  out|    1|   ap_memory|                           DataRAM_5|         array|
|DataRAM_5_we1                         |  out|    1|   ap_memory|                           DataRAM_5|         array|
|DataRAM_5_d1                          |  out|   32|   ap_memory|                           DataRAM_5|         array|
|DataRAM_5_q1                          |   in|   32|   ap_memory|                           DataRAM_5|         array|
|DataRAM_6_address0                    |  out|   13|   ap_memory|                           DataRAM_6|         array|
|DataRAM_6_ce0                         |  out|    1|   ap_memory|                           DataRAM_6|         array|
|DataRAM_6_we0                         |  out|    1|   ap_memory|                           DataRAM_6|         array|
|DataRAM_6_d0                          |  out|   32|   ap_memory|                           DataRAM_6|         array|
|DataRAM_6_q0                          |   in|   32|   ap_memory|                           DataRAM_6|         array|
|DataRAM_6_address1                    |  out|   13|   ap_memory|                           DataRAM_6|         array|
|DataRAM_6_ce1                         |  out|    1|   ap_memory|                           DataRAM_6|         array|
|DataRAM_6_we1                         |  out|    1|   ap_memory|                           DataRAM_6|         array|
|DataRAM_6_d1                          |  out|   32|   ap_memory|                           DataRAM_6|         array|
|DataRAM_6_q1                          |   in|   32|   ap_memory|                           DataRAM_6|         array|
|DataRAM_7_address0                    |  out|   13|   ap_memory|                           DataRAM_7|         array|
|DataRAM_7_ce0                         |  out|    1|   ap_memory|                           DataRAM_7|         array|
|DataRAM_7_we0                         |  out|    1|   ap_memory|                           DataRAM_7|         array|
|DataRAM_7_d0                          |  out|   32|   ap_memory|                           DataRAM_7|         array|
|DataRAM_7_q0                          |   in|   32|   ap_memory|                           DataRAM_7|         array|
|DataRAM_7_address1                    |  out|   13|   ap_memory|                           DataRAM_7|         array|
|DataRAM_7_ce1                         |  out|    1|   ap_memory|                           DataRAM_7|         array|
|DataRAM_7_we1                         |  out|    1|   ap_memory|                           DataRAM_7|         array|
|DataRAM_7_d1                          |  out|   32|   ap_memory|                           DataRAM_7|         array|
|DataRAM_7_q1                          |   in|   32|   ap_memory|                           DataRAM_7|         array|
+--------------------------------------+-----+-----+------------+------------------------------------+--------------+

