

================================================================
== Vitis HLS Report for 'Crypto_Pipeline_VITIS_LOOP_72_2'
================================================================
* Date:           Thu Feb 27 10:54:29 2025

* Version:        2023.1 (Build 3854077 on May  4 2023)
* Project:        Crypto
* Solution:       solution1 (Vivado IP Flow Target)
* Product family: zynq
* Target device:  xc7z020-clg400-1


================================================================
== Performance Estimates
================================================================
+ Timing: 
    * Summary: 
    +--------+---------+----------+------------+
    |  Clock |  Target | Estimated| Uncertainty|
    +--------+---------+----------+------------+
    |ap_clk  |  8.00 ns|  5.081 ns|     2.16 ns|
    +--------+---------+----------+------------+

+ Latency: 
    * Summary: 
    +---------+---------+-----------+-----------+------+------+---------+
    |  Latency (cycles) |   Latency (absolute)  |   Interval  | Pipeline|
    |   min   |   max   |    min    |    max    |  min |  max |   Type  |
    +---------+---------+-----------+-----------+------+------+---------+
    |     4099|     4099|  32.792 us|  32.792 us|  4099|  4099|       no|
    +---------+---------+-----------+-----------+------+------+---------+

    + Detail: 
        * Instance: 
        N/A

        * Loop: 
        +-------------------+---------+---------+----------+-----------+-----------+------+----------+
        |                   |  Latency (cycles) | Iteration|  Initiation Interval  | Trip |          |
        |     Loop Name     |   min   |   max   |  Latency |  achieved |   target  | Count| Pipelined|
        +-------------------+---------+---------+----------+-----------+-----------+------+----------+
        |- VITIS_LOOP_72_2  |     4097|     4097|         3|          1|          1|  4096|       yes|
        +-------------------+---------+---------+----------+-----------+-----------+------+----------+



================================================================
== Utilization Estimates
================================================================
* Summary: 
+-----------------+---------+-----+--------+-------+-----+
|       Name      | BRAM_18K| DSP |   FF   |  LUT  | URAM|
+-----------------+---------+-----+--------+-------+-----+
|DSP              |        -|    -|       -|      -|    -|
|Expression       |        -|    -|       0|     33|    -|
|FIFO             |        -|    -|       -|      -|    -|
|Instance         |        -|    -|       0|     20|    -|
|Memory           |        -|    -|       -|      -|    -|
|Multiplexer      |        -|    -|       -|     36|    -|
|Register         |        -|    -|      74|      -|    -|
+-----------------+---------+-----+--------+-------+-----+
|Total            |        0|    0|      74|     89|    0|
+-----------------+---------+-----+--------+-------+-----+
|Available        |      280|  220|  106400|  53200|    0|
+-----------------+---------+-----+--------+-------+-----+
|Utilization (%)  |        0|    0|      ~0|     ~0|    0|
+-----------------+---------+-----+--------+-------+-----+

+ Detail: 
    * Instance: 
    +---------------------+----------------+---------+----+---+----+-----+
    |       Instance      |     Module     | BRAM_18K| DSP| FF| LUT| URAM|
    +---------------------+----------------+---------+----+---+----+-----+
    |mux_4_2_32_1_1_U309  |mux_4_2_32_1_1  |        0|   0|  0|  20|    0|
    +---------------------+----------------+---------+----+---+----+-----+
    |Total                |                |        0|   0|  0|  20|    0|
    +---------------------+----------------+---------+----+---+----+-----+

    * DSP: 
    N/A

    * Memory: 
    N/A

    * FIFO: 
    N/A

    * Expression: 
    +---------------------+----------+----+---+----+------------+------------+
    |    Variable Name    | Operation| DSP| FF| LUT| Bitwidth P0| Bitwidth P1|
    +---------------------+----------+----+---+----+------------+------------+
    |add_ln72_fu_143_p2   |         +|   0|  0|  14|          13|           1|
    |icmp_ln72_fu_137_p2  |      icmp|   0|  0|  17|          13|          14|
    |ap_enable_pp0        |       xor|   0|  0|   2|           1|           2|
    +---------------------+----------+----+---+----+------------+------------+
    |Total                |          |   0|  0|  33|          27|          17|
    +---------------------+----------+----+---+----+------------+------------+

    * Multiplexer: 
    +-------------------------+----+-----------+-----+-----------+
    |           Name          | LUT| Input Size| Bits| Total Bits|
    +-------------------------+----+-----------+-----+-----------+
    |ap_done_int              |   9|          2|    1|          2|
    |ap_enable_reg_pp0_iter1  |   9|          2|    1|          2|
    |ap_sig_allocacmp_j       |   9|          2|   13|         26|
    |j_1_fu_54                |   9|          2|   13|         26|
    +-------------------------+----+-----------+-----+-----------+
    |Total                    |  36|          8|   28|         56|
    +-------------------------+----+-----------+-----+-----------+

    * Register: 
    +----------------------------------+----+----+-----+-----------+
    |               Name               | FF | LUT| Bits| Const Bits|
    +----------------------------------+----+----+-----+-----------+
    |ap_CS_fsm                         |   1|   0|    1|          0|
    |ap_done_reg                       |   1|   0|    1|          0|
    |ap_enable_reg_pp0_iter1           |   1|   0|    1|          0|
    |ap_enable_reg_pp0_iter2           |   1|   0|    1|          0|
    |ap_loop_exit_ready_pp0_iter1_reg  |   1|   0|    1|          0|
    |j_1_fu_54                         |  13|   0|   13|          0|
    |tmp_reg_224                       |  32|   0|   32|          0|
    |trunc_ln72_reg_199                |  12|   0|   12|          0|
    |trunc_ln72_reg_199_pp0_iter1_reg  |  12|   0|   12|          0|
    +----------------------------------+----+----+-----+-----------+
    |Total                             |  74|   0|   74|          0|
    +----------------------------------+----+----+-----+-----------+



================================================================
== Interface
================================================================
* Summary: 
+--------------------+-----+-----+------------+---------------------------------+--------------+
|      RTL Ports     | Dir | Bits|  Protocol  |          Source Object          |    C Type    |
+--------------------+-----+-----+------------+---------------------------------+--------------+
|ap_clk              |   in|    1|  ap_ctrl_hs|  Crypto_Pipeline_VITIS_LOOP_72_2|  return value|
|ap_rst              |   in|    1|  ap_ctrl_hs|  Crypto_Pipeline_VITIS_LOOP_72_2|  return value|
|ap_start            |   in|    1|  ap_ctrl_hs|  Crypto_Pipeline_VITIS_LOOP_72_2|  return value|
|ap_done             |  out|    1|  ap_ctrl_hs|  Crypto_Pipeline_VITIS_LOOP_72_2|  return value|
|ap_idle             |  out|    1|  ap_ctrl_hs|  Crypto_Pipeline_VITIS_LOOP_72_2|  return value|
|ap_ready            |  out|    1|  ap_ctrl_hs|  Crypto_Pipeline_VITIS_LOOP_72_2|  return value|
|DataRAM_address0    |  out|   12|   ap_memory|                          DataRAM|         array|
|DataRAM_ce0         |  out|    1|   ap_memory|                          DataRAM|         array|
|DataRAM_q0          |   in|   32|   ap_memory|                          DataRAM|         array|
|DataRAM_3_address0  |  out|   12|   ap_memory|                        DataRAM_3|         array|
|DataRAM_3_ce0       |  out|    1|   ap_memory|                        DataRAM_3|         array|
|DataRAM_3_q0        |   in|   32|   ap_memory|                        DataRAM_3|         array|
|DataRAM_6_address0  |  out|   12|   ap_memory|                        DataRAM_6|         array|
|DataRAM_6_ce0       |  out|    1|   ap_memory|                        DataRAM_6|         array|
|DataRAM_6_q0        |   in|   32|   ap_memory|                        DataRAM_6|         array|
|DataRAM_9_address0  |  out|   12|   ap_memory|                        DataRAM_9|         array|
|DataRAM_9_ce0       |  out|    1|   ap_memory|                        DataRAM_9|         array|
|DataRAM_9_q0        |   in|   32|   ap_memory|                        DataRAM_9|         array|
|RAMSel_cast         |   in|    2|     ap_none|                      RAMSel_cast|        scalar|
|DataIn_address0     |  out|   14|   ap_memory|                           DataIn|         array|
|DataIn_ce0          |  out|    1|   ap_memory|                           DataIn|         array|
|DataIn_we0          |  out|    1|   ap_memory|                           DataIn|         array|
|DataIn_d0           |  out|   32|   ap_memory|                           DataIn|         array|
+--------------------+-----+-----+------------+---------------------------------+--------------+

