

================================================================
== Vitis HLS Report for 'Crypto1_Pipeline_NTT_COL_LOOP'
================================================================
* Date:           Fri Apr  4 16:47:57 2025

* Version:        2024.1 (Build 5069499 on May 21 2024)
* Project:        Crypto
* Solution:       solution1 (Vivado IP Flow Target)
* Product family: virtex7
* Target device:  xc7vx485t-ffg1761-3


================================================================
== Performance Estimates
================================================================
+ Timing: 
    * Summary: 
    +--------+---------+----------+------------+
    |  Clock |  Target | Estimated| Uncertainty|
    +--------+---------+----------+------------+
    |ap_clk  |  6.00 ns|  4.006 ns|     1.62 ns|
    +--------+---------+----------+------------+

+ Latency: 
    * Summary: 
    +---------+---------+-----------+-----------+-----+-----+-----------------------------------------------+
    |  Latency (cycles) |   Latency (absolute)  |  Interval |                    Pipeline                   |
    |   min   |   max   |    min    |    max    | min | max |                      Type                     |
    +---------+---------+-----------+-----------+-----+-----+-----------------------------------------------+
    |       12|       12|  72.000 ns|  72.000 ns|   11|   11|  loop auto-rewind stp(delay=0 clock cycles(s))|
    +---------+---------+-----------+-----------+-----+-----+-----------------------------------------------+

    + Detail: 
        * Instance: 
        N/A

        * Loop: 
        +----------------+---------+---------+----------+-----------+-----------+------+----------+
        |                |  Latency (cycles) | Iteration|  Initiation Interval  | Trip |          |
        |    Loop Name   |   min   |   max   |  Latency |  achieved |   target  | Count| Pipelined|
        +----------------+---------+---------+----------+-----------+-----------+------+----------+
        |- NTT_COL_LOOP  |       10|       10|         7|          4|          1|     2|       yes|
        +----------------+---------+---------+----------+-----------+-----------+------+----------+



================================================================
== Utilization Estimates
================================================================
* Summary: 
+-----------------+---------+------+--------+--------+-----+
|       Name      | BRAM_18K|  DSP |   FF   |   LUT  | URAM|
+-----------------+---------+------+--------+--------+-----+
|DSP              |        -|     -|       -|       -|    -|
|Expression       |        -|     -|       0|    8890|    -|
|FIFO             |        -|     -|       -|       -|    -|
|Instance         |        -|     -|       -|       -|    -|
|Memory           |        -|     -|       -|       -|    -|
|Multiplexer      |        -|     -|    4890|    1323|    -|
|Register         |        -|     -|    3068|       -|    -|
+-----------------+---------+------+--------+--------+-----+
|Total            |        0|     0|    7958|   10213|    0|
+-----------------+---------+------+--------+--------+-----+
|Available        |     2060|  2800|  607200|  303600|    0|
+-----------------+---------+------+--------+--------+-----+
|Utilization (%)  |        0|     0|       1|       3|    0|
+-----------------+---------+------+--------+--------+-----+

+ Detail: 
    * Instance: 
    N/A

    * DSP: 
    N/A

    * Memory: 
    N/A

    * FIFO: 
    N/A

    * Expression: 
    +----------------------------+----------+----+---+----+------------+------------+
    |        Variable Name       | Operation| DSP| FF| LUT| Bitwidth P0| Bitwidth P1|
    +----------------------------+----------+----+---+----+------------+------------+
    |ReadAddr_510_fu_3546_p2     |         +|   0|  0|  20|          13|          13|
    |ReadAddr_511_fu_3598_p2     |         +|   0|  0|  20|          13|          13|
    |ReadAddr_512_fu_4237_p2     |         +|   0|  0|  20|          13|          13|
    |ReadAddr_513_fu_4290_p2     |         +|   0|  0|  20|          13|          13|
    |ReadAddr_514_fu_5672_p2     |         +|   0|  0|  20|          13|          13|
    |ReadAddr_515_fu_5725_p2     |         +|   0|  0|  20|          13|          13|
    |ReadAddr_516_fu_6891_p2     |         +|   0|  0|  20|          13|          13|
    |ReadAddr_517_fu_6949_p2     |         +|   0|  0|  20|          13|          13|
    |ReadAddr_518_fu_3650_p2     |         +|   0|  0|  20|          13|          13|
    |ReadAddr_519_fu_3702_p2     |         +|   0|  0|  20|          13|          13|
    |ReadAddr_520_fu_4385_p2     |         +|   0|  0|  20|          13|          13|
    |ReadAddr_521_fu_4438_p2     |         +|   0|  0|  20|          13|          13|
    |ReadAddr_522_fu_5814_p2     |         +|   0|  0|  20|          13|          13|
    |ReadAddr_523_fu_5867_p2     |         +|   0|  0|  20|          13|          13|
    |ReadAddr_524_fu_7043_p2     |         +|   0|  0|  20|          13|          13|
    |ReadAddr_525_fu_7101_p2     |         +|   0|  0|  20|          13|          13|
    |ReadAddr_526_fu_3754_p2     |         +|   0|  0|  20|          13|          13|
    |ReadAddr_527_fu_3806_p2     |         +|   0|  0|  20|          13|          13|
    |ReadAddr_528_fu_4533_p2     |         +|   0|  0|  20|          13|          13|
    |ReadAddr_529_fu_4586_p2     |         +|   0|  0|  20|          13|          13|
    |ReadAddr_530_fu_5956_p2     |         +|   0|  0|  20|          13|          13|
    |ReadAddr_531_fu_6009_p2     |         +|   0|  0|  20|          13|          13|
    |ReadAddr_532_fu_7195_p2     |         +|   0|  0|  20|          13|          13|
    |ReadAddr_533_fu_7253_p2     |         +|   0|  0|  20|          13|          13|
    |ReadAddr_534_fu_3858_p2     |         +|   0|  0|  20|          13|          13|
    |ReadAddr_535_fu_3910_p2     |         +|   0|  0|  20|          13|          13|
    |ReadAddr_536_fu_4681_p2     |         +|   0|  0|  20|          13|          13|
    |ReadAddr_537_fu_4734_p2     |         +|   0|  0|  20|          13|          13|
    |ReadAddr_538_fu_6098_p2     |         +|   0|  0|  20|          13|          13|
    |ReadAddr_539_fu_6151_p2     |         +|   0|  0|  20|          13|          13|
    |ReadAddr_540_fu_7347_p2     |         +|   0|  0|  20|          13|          13|
    |ReadAddr_541_fu_7405_p2     |         +|   0|  0|  20|          13|          13|
    |add_ln296_fu_7803_p2        |         +|   0|  0|  14|           7|           6|
    |add_ln299_fu_3530_p2        |         +|   0|  0|  14|           7|           2|
    |add_ln300_16_fu_4454_p2     |         +|   0|  0|  17|          10|          10|
    |add_ln300_24_fu_4602_p2     |         +|   0|  0|  17|          10|          10|
    |add_ln300_63_fu_4179_p2     |         +|   0|  0|  17|          10|          10|
    |add_ln300_64_fu_5596_p2     |         +|   0|  0|  17|          10|          10|
    |add_ln300_65_fu_5614_p2     |         +|   0|  0|  17|          10|          10|
    |add_ln300_66_fu_6815_p2     |         +|   0|  0|  17|          10|          10|
    |add_ln300_67_fu_6833_p2     |         +|   0|  0|  17|          10|          10|
    |add_ln300_68_fu_6904_p2     |         +|   0|  0|  17|          10|          10|
    |add_ln300_69_fu_6962_p2     |         +|   0|  0|  17|          10|          10|
    |add_ln300_70_fu_4327_p2     |         +|   0|  0|  17|          10|          10|
    |add_ln300_71_fu_5738_p2     |         +|   0|  0|  17|          10|          10|
    |add_ln300_72_fu_5756_p2     |         +|   0|  0|  17|          10|          10|
    |add_ln300_73_fu_6967_p2     |         +|   0|  0|  17|          10|          10|
    |add_ln300_74_fu_6985_p2     |         +|   0|  0|  17|          10|          10|
    |add_ln300_75_fu_7056_p2     |         +|   0|  0|  17|          10|          10|
    |add_ln300_76_fu_7114_p2     |         +|   0|  0|  17|          10|          10|
    |add_ln300_77_fu_4475_p2     |         +|   0|  0|  17|          10|          10|
    |add_ln300_78_fu_5880_p2     |         +|   0|  0|  17|          10|          10|
    |add_ln300_79_fu_5898_p2     |         +|   0|  0|  17|          10|          10|
    |add_ln300_80_fu_7119_p2     |         +|   0|  0|  17|          10|          10|
    |add_ln300_81_fu_7137_p2     |         +|   0|  0|  17|          10|          10|
    |add_ln300_82_fu_7208_p2     |         +|   0|  0|  17|          10|          10|
    |add_ln300_83_fu_7266_p2     |         +|   0|  0|  17|          10|          10|
    |add_ln300_84_fu_4623_p2     |         +|   0|  0|  17|          10|          10|
    |add_ln300_85_fu_6022_p2     |         +|   0|  0|  17|          10|          10|
    |add_ln300_86_fu_6040_p2     |         +|   0|  0|  17|          10|          10|
    |add_ln300_87_fu_7271_p2     |         +|   0|  0|  17|          10|          10|
    |add_ln300_88_fu_7289_p2     |         +|   0|  0|  17|          10|          10|
    |add_ln300_89_fu_7360_p2     |         +|   0|  0|  17|          10|          10|
    |add_ln300_8_fu_4306_p2      |         +|   0|  0|  17|          10|          10|
    |add_ln300_90_fu_7570_p2     |         +|   0|  0|  17|          10|          10|
    |add_ln300_fu_4158_p2        |         +|   0|  0|  17|          10|          10|
    |sub_ln299_10_fu_4345_p2     |         -|   0|  0|  14|           7|           7|
    |sub_ln299_11_fu_4398_p2     |         -|   0|  0|  14|           7|           7|
    |sub_ln299_12_fu_5774_p2     |         -|   0|  0|  14|           7|           7|
    |sub_ln299_13_fu_5827_p2     |         -|   0|  0|  14|           7|           7|
    |sub_ln299_14_fu_7003_p2     |         -|   0|  0|  14|           7|           7|
    |sub_ln299_15_fu_7061_p2     |         -|   0|  0|  14|           7|           7|
    |sub_ln299_16_fu_3712_p2     |         -|   0|  0|  14|           7|           7|
    |sub_ln299_17_fu_3764_p2     |         -|   0|  0|  14|           7|           7|
    |sub_ln299_18_fu_4493_p2     |         -|   0|  0|  14|           7|           7|
    |sub_ln299_19_fu_4546_p2     |         -|   0|  0|  14|           7|           7|
    |sub_ln299_1_fu_3556_p2      |         -|   0|  0|  14|           7|           7|
    |sub_ln299_20_fu_5916_p2     |         -|   0|  0|  14|           7|           7|
    |sub_ln299_21_fu_5969_p2     |         -|   0|  0|  14|           7|           7|
    |sub_ln299_22_fu_7155_p2     |         -|   0|  0|  14|           7|           7|
    |sub_ln299_23_fu_7213_p2     |         -|   0|  0|  14|           7|           7|
    |sub_ln299_24_fu_3816_p2     |         -|   0|  0|  14|           7|           7|
    |sub_ln299_25_fu_3868_p2     |         -|   0|  0|  14|           7|           7|
    |sub_ln299_26_fu_4641_p2     |         -|   0|  0|  14|           7|           7|
    |sub_ln299_27_fu_4694_p2     |         -|   0|  0|  14|           7|           7|
    |sub_ln299_28_fu_6058_p2     |         -|   0|  0|  14|           7|           7|
    |sub_ln299_29_fu_6111_p2     |         -|   0|  0|  14|           7|           7|
    |sub_ln299_2_fu_4197_p2      |         -|   0|  0|  14|           7|           7|
    |sub_ln299_30_fu_7307_p2     |         -|   0|  0|  14|           7|           7|
    |sub_ln299_31_fu_7365_p2     |         -|   0|  0|  14|           7|           7|
    |sub_ln299_3_fu_4250_p2      |         -|   0|  0|  14|           7|           7|
    |sub_ln299_4_fu_5632_p2      |         -|   0|  0|  14|           7|           7|
    |sub_ln299_5_fu_5685_p2      |         -|   0|  0|  14|           7|           7|
    |sub_ln299_6_fu_6851_p2      |         -|   0|  0|  14|           7|           7|
    |sub_ln299_7_fu_6909_p2      |         -|   0|  0|  14|           7|           7|
    |sub_ln299_8_fu_3608_p2      |         -|   0|  0|  14|           7|           7|
    |sub_ln299_9_fu_3660_p2      |         -|   0|  0|  14|           7|           7|
    |sub_ln299_fu_3498_p2        |         -|   0|  0|  14|           7|           7|
    |and_ln299_10_fu_4376_p2     |       and|   0|  0|   7|           7|           7|
    |and_ln299_11_fu_4429_p2     |       and|   0|  0|   7|           7|           7|
    |and_ln299_12_fu_5805_p2     |       and|   0|  0|   7|           7|           7|
    |and_ln299_13_fu_5858_p2     |       and|   0|  0|   7|           7|           7|
    |and_ln299_14_fu_7034_p2     |       and|   0|  0|   7|           7|           7|
    |and_ln299_15_fu_7092_p2     |       and|   0|  0|   7|           7|           7|
    |and_ln299_16_fu_3744_p2     |       and|   0|  0|   7|           7|           7|
    |and_ln299_17_fu_3796_p2     |       and|   0|  0|   7|           7|           7|
    |and_ln299_18_fu_4524_p2     |       and|   0|  0|   7|           7|           7|
    |and_ln299_19_fu_4577_p2     |       and|   0|  0|   7|           7|           7|
    |and_ln299_1_fu_3588_p2      |       and|   0|  0|   7|           7|           7|
    |and_ln299_20_fu_5947_p2     |       and|   0|  0|   7|           7|           7|
    |and_ln299_21_fu_6000_p2     |       and|   0|  0|   7|           7|           7|
    |and_ln299_22_fu_7186_p2     |       and|   0|  0|   7|           7|           7|
    |and_ln299_23_fu_7244_p2     |       and|   0|  0|   7|           7|           7|
    |and_ln299_24_fu_3848_p2     |       and|   0|  0|   7|           7|           7|
    |and_ln299_25_fu_3900_p2     |       and|   0|  0|   7|           7|           7|
    |and_ln299_26_fu_4672_p2     |       and|   0|  0|   7|           7|           7|
    |and_ln299_27_fu_4725_p2     |       and|   0|  0|   7|           7|           7|
    |and_ln299_28_fu_6089_p2     |       and|   0|  0|   7|           7|           7|
    |and_ln299_29_fu_6142_p2     |       and|   0|  0|   7|           7|           7|
    |and_ln299_2_fu_4228_p2      |       and|   0|  0|   7|           7|           7|
    |and_ln299_30_fu_7338_p2     |       and|   0|  0|   7|           7|           7|
    |and_ln299_31_fu_7396_p2     |       and|   0|  0|   7|           7|           7|
    |and_ln299_3_fu_4281_p2      |       and|   0|  0|   7|           7|           7|
    |and_ln299_4_fu_5663_p2      |       and|   0|  0|   7|           7|           7|
    |and_ln299_5_fu_5716_p2      |       and|   0|  0|   7|           7|           7|
    |and_ln299_6_fu_6882_p2      |       and|   0|  0|   7|           7|           7|
    |and_ln299_7_fu_6940_p2      |       and|   0|  0|   7|           7|           7|
    |and_ln299_8_fu_3640_p2      |       and|   0|  0|   7|           7|           7|
    |and_ln299_9_fu_3692_p2      |       and|   0|  0|   7|           7|           7|
    |and_ln299_fu_3536_p2        |       and|   0|  0|   7|           7|           7|
    |icmp_ln299_fu_4747_p2       |      icmp|   0|  0|  14|           7|           1|
    |icmp_ln302_fu_6276_p2       |      icmp|   0|  0|  14|           7|           6|
    |ReadAddr_542_fu_5000_p3     |    select|   0|  0|  32|           1|          32|
    |ReadAddr_543_fu_4992_p3     |    select|   0|  0|  32|           1|          32|
    |ReadAddr_544_fu_4984_p3     |    select|   0|  0|  32|           1|          32|
    |ReadAddr_545_fu_4976_p3     |    select|   0|  0|  32|           1|          32|
    |ReadAddr_546_fu_6269_p3     |    select|   0|  0|  32|           1|          32|
    |ReadAddr_547_fu_6262_p3     |    select|   0|  0|  32|           1|          32|
    |ReadAddr_548_fu_7519_p3     |    select|   0|  0|  32|           1|          32|
    |ReadAddr_549_fu_7512_p3     |    select|   0|  0|  32|           1|          32|
    |ReadAddr_550_fu_4968_p3     |    select|   0|  0|  32|           1|          32|
    |ReadAddr_551_fu_4960_p3     |    select|   0|  0|  32|           1|          32|
    |ReadAddr_552_fu_4952_p3     |    select|   0|  0|  32|           1|          32|
    |ReadAddr_553_fu_4944_p3     |    select|   0|  0|  32|           1|          32|
    |ReadAddr_554_fu_6255_p3     |    select|   0|  0|  32|           1|          32|
    |ReadAddr_555_fu_6248_p3     |    select|   0|  0|  32|           1|          32|
    |ReadAddr_556_fu_7505_p3     |    select|   0|  0|  32|           1|          32|
    |ReadAddr_557_fu_7498_p3     |    select|   0|  0|  32|           1|          32|
    |ReadAddr_558_fu_4936_p3     |    select|   0|  0|  32|           1|          32|
    |ReadAddr_559_fu_4928_p3     |    select|   0|  0|  32|           1|          32|
    |ReadAddr_560_fu_4920_p3     |    select|   0|  0|  32|           1|          32|
    |ReadAddr_561_fu_4912_p3     |    select|   0|  0|  32|           1|          32|
    |ReadAddr_562_fu_6241_p3     |    select|   0|  0|  32|           1|          32|
    |ReadAddr_563_fu_6234_p3     |    select|   0|  0|  32|           1|          32|
    |ReadAddr_564_fu_7491_p3     |    select|   0|  0|  32|           1|          32|
    |ReadAddr_565_fu_7484_p3     |    select|   0|  0|  32|           1|          32|
    |ReadAddr_566_fu_4904_p3     |    select|   0|  0|  32|           1|          32|
    |ReadAddr_567_fu_4896_p3     |    select|   0|  0|  32|           1|          32|
    |ReadAddr_568_fu_4888_p3     |    select|   0|  0|  32|           1|          32|
    |ReadAddr_569_fu_4880_p3     |    select|   0|  0|  32|           1|          32|
    |ReadAddr_570_fu_6227_p3     |    select|   0|  0|  32|           1|          32|
    |ReadAddr_571_fu_6220_p3     |    select|   0|  0|  32|           1|          32|
    |ReadAddr_572_fu_7477_p3     |    select|   0|  0|  32|           1|          32|
    |ReadAddr_573_fu_7470_p3     |    select|   0|  0|  32|           1|          32|
    |ReadAddr_574_fu_4872_p3     |    select|   0|  0|  32|           1|          32|
    |ReadAddr_575_fu_4864_p3     |    select|   0|  0|  32|           1|          32|
    |ReadAddr_576_fu_4856_p3     |    select|   0|  0|  32|           1|          32|
    |ReadAddr_577_fu_4848_p3     |    select|   0|  0|  32|           1|          32|
    |ReadAddr_578_fu_6213_p3     |    select|   0|  0|  32|           1|          32|
    |ReadAddr_579_fu_6206_p3     |    select|   0|  0|  32|           1|          32|
    |ReadAddr_580_fu_7463_p3     |    select|   0|  0|  32|           1|          32|
    |ReadAddr_581_fu_7456_p3     |    select|   0|  0|  32|           1|          32|
    |ReadAddr_582_fu_4840_p3     |    select|   0|  0|  32|           1|          32|
    |ReadAddr_583_fu_4832_p3     |    select|   0|  0|  32|           1|          32|
    |ReadAddr_584_fu_4824_p3     |    select|   0|  0|  32|           1|          32|
    |ReadAddr_585_fu_4816_p3     |    select|   0|  0|  32|           1|          32|
    |ReadAddr_586_fu_6199_p3     |    select|   0|  0|  32|           1|          32|
    |ReadAddr_587_fu_6192_p3     |    select|   0|  0|  32|           1|          32|
    |ReadAddr_588_fu_7449_p3     |    select|   0|  0|  32|           1|          32|
    |ReadAddr_589_fu_7442_p3     |    select|   0|  0|  32|           1|          32|
    |ReadAddr_590_fu_4808_p3     |    select|   0|  0|  32|           1|          32|
    |ReadAddr_591_fu_4800_p3     |    select|   0|  0|  32|           1|          32|
    |ReadAddr_592_fu_4792_p3     |    select|   0|  0|  32|           1|          32|
    |ReadAddr_593_fu_4784_p3     |    select|   0|  0|  32|           1|          32|
    |ReadAddr_594_fu_6185_p3     |    select|   0|  0|  32|           1|          32|
    |ReadAddr_595_fu_6178_p3     |    select|   0|  0|  32|           1|          32|
    |ReadAddr_596_fu_7435_p3     |    select|   0|  0|  32|           1|          32|
    |ReadAddr_597_fu_7428_p3     |    select|   0|  0|  32|           1|          32|
    |ReadAddr_598_fu_4776_p3     |    select|   0|  0|  32|           1|          32|
    |ReadAddr_599_fu_4768_p3     |    select|   0|  0|  32|           1|          32|
    |ReadAddr_600_fu_4760_p3     |    select|   0|  0|  32|           1|          32|
    |ReadAddr_601_fu_4752_p3     |    select|   0|  0|  32|           1|          32|
    |ReadAddr_602_fu_6171_p3     |    select|   0|  0|  32|           1|          32|
    |ReadAddr_603_fu_6164_p3     |    select|   0|  0|  32|           1|          32|
    |ReadAddr_604_fu_7421_p3     |    select|   0|  0|  32|           1|          32|
    |ReadAddr_605_fu_7414_p3     |    select|   0|  0|  32|           1|          32|
    |ReadAddr_606_fu_7691_p3     |    select|   0|  0|  32|           1|          32|
    |ReadAddr_607_fu_7698_p3     |    select|   0|  0|  32|           1|          32|
    |ReadAddr_608_fu_6453_p3     |    select|   0|  0|  32|           1|          32|
    |ReadAddr_609_fu_6460_p3     |    select|   0|  0|  32|           1|          32|
    |ReadAddr_610_fu_5008_p3     |    select|   0|  0|  32|           1|          32|
    |ReadAddr_611_fu_5015_p3     |    select|   0|  0|  32|           1|          32|
    |ReadAddr_612_fu_5022_p3     |    select|   0|  0|  32|           1|          32|
    |ReadAddr_613_fu_5029_p3     |    select|   0|  0|  32|           1|          32|
    |ReadAddr_614_fu_7705_p3     |    select|   0|  0|  32|           1|          32|
    |ReadAddr_615_fu_7712_p3     |    select|   0|  0|  32|           1|          32|
    |ReadAddr_616_fu_6467_p3     |    select|   0|  0|  32|           1|          32|
    |ReadAddr_617_fu_6474_p3     |    select|   0|  0|  32|           1|          32|
    |ReadAddr_618_fu_5036_p3     |    select|   0|  0|  32|           1|          32|
    |ReadAddr_619_fu_5043_p3     |    select|   0|  0|  32|           1|          32|
    |ReadAddr_620_fu_5050_p3     |    select|   0|  0|  32|           1|          32|
    |ReadAddr_621_fu_5057_p3     |    select|   0|  0|  32|           1|          32|
    |ReadAddr_622_fu_7719_p3     |    select|   0|  0|  32|           1|          32|
    |ReadAddr_623_fu_7726_p3     |    select|   0|  0|  32|           1|          32|
    |ReadAddr_624_fu_6481_p3     |    select|   0|  0|  32|           1|          32|
    |ReadAddr_625_fu_6488_p3     |    select|   0|  0|  32|           1|          32|
    |ReadAddr_626_fu_5064_p3     |    select|   0|  0|  32|           1|          32|
    |ReadAddr_627_fu_5071_p3     |    select|   0|  0|  32|           1|          32|
    |ReadAddr_628_fu_5078_p3     |    select|   0|  0|  32|           1|          32|
    |ReadAddr_629_fu_5085_p3     |    select|   0|  0|  32|           1|          32|
    |ReadAddr_630_fu_7733_p3     |    select|   0|  0|  32|           1|          32|
    |ReadAddr_631_fu_7740_p3     |    select|   0|  0|  32|           1|          32|
    |ReadAddr_632_fu_6495_p3     |    select|   0|  0|  32|           1|          32|
    |ReadAddr_633_fu_6502_p3     |    select|   0|  0|  32|           1|          32|
    |ReadAddr_634_fu_5092_p3     |    select|   0|  0|  32|           1|          32|
    |ReadAddr_635_fu_5099_p3     |    select|   0|  0|  32|           1|          32|
    |ReadAddr_636_fu_5106_p3     |    select|   0|  0|  32|           1|          32|
    |ReadAddr_637_fu_5113_p3     |    select|   0|  0|  32|           1|          32|
    |ReadAddr_638_fu_7747_p3     |    select|   0|  0|  32|           1|          32|
    |ReadAddr_639_fu_7754_p3     |    select|   0|  0|  32|           1|          32|
    |ReadAddr_640_fu_6509_p3     |    select|   0|  0|  32|           1|          32|
    |ReadAddr_641_fu_6516_p3     |    select|   0|  0|  32|           1|          32|
    |ReadAddr_642_fu_5120_p3     |    select|   0|  0|  32|           1|          32|
    |ReadAddr_643_fu_5127_p3     |    select|   0|  0|  32|           1|          32|
    |ReadAddr_644_fu_5134_p3     |    select|   0|  0|  32|           1|          32|
    |ReadAddr_645_fu_5141_p3     |    select|   0|  0|  32|           1|          32|
    |ReadAddr_646_fu_7761_p3     |    select|   0|  0|  32|           1|          32|
    |ReadAddr_647_fu_7768_p3     |    select|   0|  0|  32|           1|          32|
    |ReadAddr_648_fu_6523_p3     |    select|   0|  0|  32|           1|          32|
    |ReadAddr_649_fu_6530_p3     |    select|   0|  0|  32|           1|          32|
    |ReadAddr_650_fu_5148_p3     |    select|   0|  0|  32|           1|          32|
    |ReadAddr_651_fu_5155_p3     |    select|   0|  0|  32|           1|          32|
    |ReadAddr_652_fu_5162_p3     |    select|   0|  0|  32|           1|          32|
    |ReadAddr_653_fu_5169_p3     |    select|   0|  0|  32|           1|          32|
    |ReadAddr_654_fu_7775_p3     |    select|   0|  0|  32|           1|          32|
    |ReadAddr_655_fu_7782_p3     |    select|   0|  0|  32|           1|          32|
    |ReadAddr_656_fu_6537_p3     |    select|   0|  0|  32|           1|          32|
    |ReadAddr_657_fu_6544_p3     |    select|   0|  0|  32|           1|          32|
    |ReadAddr_658_fu_5176_p3     |    select|   0|  0|  32|           1|          32|
    |ReadAddr_659_fu_5183_p3     |    select|   0|  0|  32|           1|          32|
    |ReadAddr_660_fu_5190_p3     |    select|   0|  0|  32|           1|          32|
    |ReadAddr_661_fu_5197_p3     |    select|   0|  0|  32|           1|          32|
    |ReadAddr_662_fu_7789_p3     |    select|   0|  0|  32|           1|          32|
    |ReadAddr_663_fu_7796_p3     |    select|   0|  0|  32|           1|          32|
    |ReadAddr_664_fu_6551_p3     |    select|   0|  0|  32|           1|          32|
    |ReadAddr_665_fu_6558_p3     |    select|   0|  0|  32|           1|          32|
    |ReadAddr_666_fu_5204_p3     |    select|   0|  0|  32|           1|          32|
    |ReadAddr_667_fu_5211_p3     |    select|   0|  0|  32|           1|          32|
    |ReadAddr_668_fu_5218_p3     |    select|   0|  0|  32|           1|          32|
    |ReadAddr_669_fu_5225_p3     |    select|   0|  0|  32|           1|          32|
    |grp_fu_2954_p3              |    select|   0|  0|  32|           1|          32|
    |grp_fu_2961_p3              |    select|   0|  0|  32|           1|          32|
    |grp_fu_2968_p3              |    select|   0|  0|  32|           1|          32|
    |grp_fu_2975_p3              |    select|   0|  0|  32|           1|          32|
    |grp_fu_2982_p3              |    select|   0|  0|  32|           1|          32|
    |grp_fu_2989_p3              |    select|   0|  0|  32|           1|          32|
    |grp_fu_2996_p3              |    select|   0|  0|  32|           1|          32|
    |grp_fu_3003_p3              |    select|   0|  0|  32|           1|          32|
    |select_ln300_10_fu_7589_p3  |    select|   0|  0|  32|           1|          32|
    |select_ln300_11_fu_7596_p3  |    select|   0|  0|  32|           1|          32|
    |select_ln300_16_fu_6361_p3  |    select|   0|  0|  32|           1|          32|
    |select_ln300_17_fu_6369_p3  |    select|   0|  0|  32|           1|          32|
    |select_ln300_18_fu_7603_p3  |    select|   0|  0|  32|           1|          32|
    |select_ln300_19_fu_7610_p3  |    select|   0|  0|  32|           1|          32|
    |select_ln300_1_fu_6337_p3   |    select|   0|  0|  32|           1|          32|
    |select_ln300_24_fu_6377_p3  |    select|   0|  0|  32|           1|          32|
    |select_ln300_25_fu_6385_p3  |    select|   0|  0|  32|           1|          32|
    |select_ln300_26_fu_7617_p3  |    select|   0|  0|  32|           1|          32|
    |select_ln300_27_fu_7624_p3  |    select|   0|  0|  32|           1|          32|
    |select_ln300_2_fu_7575_p3   |    select|   0|  0|  32|           1|          32|
    |select_ln300_3_fu_7582_p3   |    select|   0|  0|  32|           1|          32|
    |select_ln300_8_fu_6345_p3   |    select|   0|  0|  32|           1|          32|
    |select_ln300_9_fu_6353_p3   |    select|   0|  0|  32|           1|          32|
    |select_ln300_fu_6329_p3     |    select|   0|  0|  32|           1|          32|
    |select_ln302_10_fu_7536_p3  |    select|   0|  0|  32|           1|          32|
    |select_ln302_11_fu_7541_p3  |    select|   0|  0|  32|           1|          32|
    |select_ln302_12_fu_8020_p3  |    select|   0|  0|  32|           1|          32|
    |select_ln302_13_fu_8025_p3  |    select|   0|  0|  32|           1|          32|
    |select_ln302_14_fu_8162_p3  |    select|   0|  0|  32|           1|          32|
    |select_ln302_15_fu_8167_p3  |    select|   0|  0|  32|           1|          32|
    |select_ln302_16_fu_6305_p3  |    select|   0|  0|  32|           1|          32|
    |select_ln302_17_fu_6311_p3  |    select|   0|  0|  32|           1|          32|
    |select_ln302_18_fu_7546_p3  |    select|   0|  0|  32|           1|          32|
    |select_ln302_19_fu_7551_p3  |    select|   0|  0|  32|           1|          32|
    |select_ln302_1_fu_6287_p3   |    select|   0|  0|  32|           1|          32|
    |select_ln302_20_fu_8030_p3  |    select|   0|  0|  32|           1|          32|
    |select_ln302_21_fu_8035_p3  |    select|   0|  0|  32|           1|          32|
    |select_ln302_22_fu_8172_p3  |    select|   0|  0|  32|           1|          32|
    |select_ln302_23_fu_8177_p3  |    select|   0|  0|  32|           1|          32|
    |select_ln302_24_fu_6317_p3  |    select|   0|  0|  32|           1|          32|
    |select_ln302_25_fu_6323_p3  |    select|   0|  0|  32|           1|          32|
    |select_ln302_26_fu_7556_p3  |    select|   0|  0|  32|           1|          32|
    |select_ln302_27_fu_7561_p3  |    select|   0|  0|  32|           1|          32|
    |select_ln302_28_fu_8040_p3  |    select|   0|  0|  32|           1|          32|
    |select_ln302_29_fu_8045_p3  |    select|   0|  0|  32|           1|          32|
    |select_ln302_2_fu_7526_p3   |    select|   0|  0|  32|           1|          32|
    |select_ln302_30_fu_8182_p3  |    select|   0|  0|  32|           1|          32|
    |select_ln302_31_fu_8187_p3  |    select|   0|  0|  32|           1|          32|
    |select_ln302_3_fu_7531_p3   |    select|   0|  0|  32|           1|          32|
    |select_ln302_4_fu_8010_p3   |    select|   0|  0|  32|           1|          32|
    |select_ln302_5_fu_8015_p3   |    select|   0|  0|  32|           1|          32|
    |select_ln302_6_fu_8152_p3   |    select|   0|  0|  32|           1|          32|
    |select_ln302_7_fu_8157_p3   |    select|   0|  0|  32|           1|          32|
    |select_ln302_8_fu_6293_p3   |    select|   0|  0|  32|           1|          32|
    |select_ln302_9_fu_6299_p3   |    select|   0|  0|  32|           1|          32|
    |select_ln302_fu_6281_p3     |    select|   0|  0|  32|           1|          32|
    |storemerge100_fu_8245_p3    |    select|   0|  0|  32|           1|          32|
    |storemerge101_fu_7684_p3    |    select|   0|  0|  32|           1|          32|
    |storemerge108_fu_8238_p3    |    select|   0|  0|  32|           1|          32|
    |storemerge109_fu_7677_p3    |    select|   0|  0|  32|           1|          32|
    |storemerge120_fu_8230_p3    |    select|   0|  0|  32|           1|          32|
    |storemerge121_fu_7669_p3    |    select|   0|  0|  32|           1|          32|
    |storemerge132_fu_8222_p3    |    select|   0|  0|  32|           1|          32|
    |storemerge133_fu_7661_p3    |    select|   0|  0|  32|           1|          32|
    |storemerge144_fu_8215_p3    |    select|   0|  0|  32|           1|          32|
    |storemerge145_fu_7654_p3    |    select|   0|  0|  32|           1|          32|
    |storemerge156_fu_8208_p3    |    select|   0|  0|  32|           1|          32|
    |storemerge157_fu_7647_p3    |    select|   0|  0|  32|           1|          32|
    |storemerge168_fu_8200_p3    |    select|   0|  0|  32|           1|          32|
    |storemerge169_fu_7639_p3    |    select|   0|  0|  32|           1|          32|
    |storemerge180_fu_8192_p3    |    select|   0|  0|  32|           1|          32|
    |storemerge181_fu_7631_p3    |    select|   0|  0|  32|           1|          32|
    |storemerge192_fu_8116_p3    |    select|   0|  0|  32|           1|          32|
    |storemerge193_fu_6446_p3    |    select|   0|  0|  32|           1|          32|
    |storemerge204_fu_8109_p3    |    select|   0|  0|  32|           1|          32|
    |storemerge205_fu_6439_p3    |    select|   0|  0|  32|           1|          32|
    |storemerge216_fu_8101_p3    |    select|   0|  0|  32|           1|          32|
    |storemerge217_fu_6431_p3    |    select|   0|  0|  32|           1|          32|
    |storemerge228_fu_8093_p3    |    select|   0|  0|  32|           1|          32|
    |storemerge229_fu_6423_p3    |    select|   0|  0|  32|           1|          32|
    |storemerge240_fu_8086_p3    |    select|   0|  0|  32|           1|          32|
    |storemerge241_fu_6416_p3    |    select|   0|  0|  32|           1|          32|
    |storemerge252_fu_8079_p3    |    select|   0|  0|  32|           1|          32|
    |storemerge253_fu_6409_p3    |    select|   0|  0|  32|           1|          32|
    |storemerge264_fu_8071_p3    |    select|   0|  0|  32|           1|          32|
    |storemerge265_fu_6401_p3    |    select|   0|  0|  32|           1|          32|
    |storemerge276_fu_8063_p3    |    select|   0|  0|  32|           1|          32|
    |storemerge277_fu_6393_p3    |    select|   0|  0|  32|           1|          32|
    |ap_enable_pp0               |       xor|   0|  0|   2|           1|           2|
    |xor_ln299_100_fu_6922_p2    |       xor|   0|  0|   2|           1|           2|
    |xor_ln299_101_fu_3622_p2    |       xor|   0|  0|   2|           1|           2|
    |xor_ln299_102_fu_3674_p2    |       xor|   0|  0|   2|           1|           2|
    |xor_ln299_103_fu_4358_p2    |       xor|   0|  0|   2|           1|           2|
    |xor_ln299_104_fu_4411_p2    |       xor|   0|  0|   2|           1|           2|
    |xor_ln299_105_fu_5787_p2    |       xor|   0|  0|   2|           1|           2|
    |xor_ln299_106_fu_5840_p2    |       xor|   0|  0|   2|           1|           2|
    |xor_ln299_107_fu_7016_p2    |       xor|   0|  0|   2|           1|           2|
    |xor_ln299_108_fu_7074_p2    |       xor|   0|  0|   2|           1|           2|
    |xor_ln299_109_fu_3726_p2    |       xor|   0|  0|   2|           1|           2|
    |xor_ln299_110_fu_3778_p2    |       xor|   0|  0|   2|           1|           2|
    |xor_ln299_111_fu_4506_p2    |       xor|   0|  0|   2|           1|           2|
    |xor_ln299_112_fu_4559_p2    |       xor|   0|  0|   2|           1|           2|
    |xor_ln299_113_fu_5929_p2    |       xor|   0|  0|   2|           1|           2|
    |xor_ln299_114_fu_5982_p2    |       xor|   0|  0|   2|           1|           2|
    |xor_ln299_115_fu_7168_p2    |       xor|   0|  0|   2|           1|           2|
    |xor_ln299_116_fu_7226_p2    |       xor|   0|  0|   2|           1|           2|
    |xor_ln299_117_fu_3830_p2    |       xor|   0|  0|   2|           1|           2|
    |xor_ln299_118_fu_3882_p2    |       xor|   0|  0|   2|           1|           2|
    |xor_ln299_119_fu_4654_p2    |       xor|   0|  0|   2|           1|           2|
    |xor_ln299_120_fu_4707_p2    |       xor|   0|  0|   2|           1|           2|
    |xor_ln299_121_fu_6071_p2    |       xor|   0|  0|   2|           1|           2|
    |xor_ln299_122_fu_6124_p2    |       xor|   0|  0|   2|           1|           2|
    |xor_ln299_123_fu_7320_p2    |       xor|   0|  0|   2|           1|           2|
    |xor_ln299_124_fu_7378_p2    |       xor|   0|  0|   2|           1|           2|
    |xor_ln299_94_fu_3512_p2     |       xor|   0|  0|   2|           1|           2|
    |xor_ln299_95_fu_4210_p2     |       xor|   0|  0|   2|           1|           2|
    |xor_ln299_96_fu_4263_p2     |       xor|   0|  0|   2|           1|           2|
    |xor_ln299_97_fu_5645_p2     |       xor|   0|  0|   2|           1|           2|
    |xor_ln299_98_fu_5698_p2     |       xor|   0|  0|   2|           1|           2|
    |xor_ln299_99_fu_6864_p2     |       xor|   0|  0|   2|           1|           2|
    |xor_ln299_fu_3570_p2        |       xor|   0|  0|   2|           1|           2|
    +----------------------------+----------+----+---+----+------------+------------+
    |Total                       |          |   0|  0|8890|        1461|        8177|
    +----------------------------+----------+----+---+----+------------+------------+

    * Multiplexer: 
    +-----------------------------+----+-----------+-----+-----------+
    |             Name            | LUT| Input Size| Bits| Total Bits|
    +-----------------------------+----+-----------+-----+-----------+
    |DataRAM_1_address0_local     |  21|          5|   13|         65|
    |DataRAM_1_address1_local     |  21|          5|   13|         65|
    |DataRAM_2_address0_local     |  21|          5|   13|         65|
    |DataRAM_2_address1_local     |  21|          5|   13|         65|
    |DataRAM_3_address0_local     |  21|          5|   13|         65|
    |DataRAM_3_address1_local     |  21|          5|   13|         65|
    |DataRAM_4_address0_local     |  21|          5|   13|         65|
    |DataRAM_4_address1_local     |  21|          5|   13|         65|
    |DataRAM_5_address0_local     |  21|          5|   13|         65|
    |DataRAM_5_address1_local     |  21|          5|   13|         65|
    |DataRAM_6_address0_local     |  21|          5|   13|         65|
    |DataRAM_6_address1_local     |  21|          5|   13|         65|
    |DataRAM_7_address0_local     |  21|          5|   13|         65|
    |DataRAM_7_address1_local     |  21|          5|   13|         65|
    |DataRAM_address0_local       |  21|          5|   13|         65|
    |DataRAM_address1_local       |  21|          5|   13|         65|
    |ReadAddr_447_fu_580          |   9|          2|   32|         64|
    |ReadAddr_448_fu_584          |   9|          2|   32|         64|
    |ReadAddr_449_fu_588          |   9|          2|   32|         64|
    |ReadAddr_450_fu_592          |   9|          2|   32|         64|
    |ReadAddr_451_fu_596          |   9|          2|   32|         64|
    |ReadAddr_452_fu_600          |   9|          2|   32|         64|
    |ReadAddr_453_fu_604          |   9|          2|   32|         64|
    |ReadAddr_454_fu_608          |   9|          2|   32|         64|
    |ReadAddr_455_fu_612          |   9|          2|   32|         64|
    |ReadAddr_456_fu_616          |   9|          2|   32|         64|
    |ReadAddr_457_fu_620          |   9|          2|   32|         64|
    |ReadAddr_458_fu_624          |   9|          2|   32|         64|
    |ReadAddr_459_fu_628          |   9|          2|   32|         64|
    |ReadAddr_460_fu_632          |   9|          2|   32|         64|
    |ReadAddr_461_fu_636          |   9|          2|   32|         64|
    |ReadAddr_462_fu_640          |   9|          2|   32|         64|
    |ReadAddr_463_fu_644          |   9|          2|   32|         64|
    |ReadAddr_464_fu_648          |   9|          2|   32|         64|
    |ReadAddr_465_fu_652          |   9|          2|   32|         64|
    |ReadAddr_466_fu_656          |   9|          2|   32|         64|
    |ReadAddr_467_fu_660          |   9|          2|   32|         64|
    |ReadAddr_468_fu_664          |   9|          2|   32|         64|
    |ReadAddr_469_fu_668          |   9|          2|   32|         64|
    |ReadAddr_470_fu_672          |   9|          2|   32|         64|
    |ReadAddr_471_fu_676          |   9|          2|   32|         64|
    |ReadAddr_472_fu_680          |   9|          2|   32|         64|
    |ReadAddr_473_fu_684          |   9|          2|   32|         64|
    |ReadAddr_474_fu_688          |   9|          2|   32|         64|
    |ReadAddr_475_fu_692          |   9|          2|   32|         64|
    |ReadAddr_476_fu_696          |   9|          2|   32|         64|
    |ReadAddr_477_fu_700          |   9|          2|   32|         64|
    |ReadAddr_478_fu_704          |   9|          2|   32|         64|
    |ReadAddr_479_fu_708          |   9|          2|   32|         64|
    |ReadAddr_480_fu_712          |   9|          2|   32|         64|
    |ReadAddr_481_fu_716          |   9|          2|   32|         64|
    |ReadAddr_482_fu_720          |   9|          2|   32|         64|
    |ReadAddr_483_fu_724          |   9|          2|   32|         64|
    |ReadAddr_484_fu_728          |   9|          2|   32|         64|
    |ReadAddr_485_fu_732          |   9|          2|   32|         64|
    |ReadAddr_486_fu_736          |   9|          2|   32|         64|
    |ReadAddr_487_fu_740          |   9|          2|   32|         64|
    |ReadAddr_488_fu_744          |   9|          2|   32|         64|
    |ReadAddr_489_fu_748          |   9|          2|   32|         64|
    |ReadAddr_490_fu_752          |   9|          2|   32|         64|
    |ReadAddr_491_fu_756          |   9|          2|   32|         64|
    |ReadAddr_492_fu_760          |   9|          2|   32|         64|
    |ReadAddr_493_fu_764          |   9|          2|   32|         64|
    |ReadAddr_494_fu_768          |   9|          2|   32|         64|
    |ReadAddr_495_fu_772          |   9|          2|   32|         64|
    |ReadAddr_496_fu_776          |   9|          2|   32|         64|
    |ReadAddr_497_fu_780          |   9|          2|   32|         64|
    |ReadAddr_498_fu_784          |   9|          2|   32|         64|
    |ReadAddr_499_fu_788          |   9|          2|   32|         64|
    |ReadAddr_500_fu_792          |   9|          2|   32|         64|
    |ReadAddr_501_fu_796          |   9|          2|   32|         64|
    |ReadAddr_502_fu_800          |   9|          2|   32|         64|
    |ReadAddr_503_fu_804          |   9|          2|   32|         64|
    |ReadAddr_504_fu_808          |   9|          2|   32|         64|
    |ReadAddr_505_fu_812          |   9|          2|   32|         64|
    |ReadAddr_506_fu_816          |   9|          2|   32|         64|
    |ReadAddr_507_fu_820          |   9|          2|   32|         64|
    |ReadAddr_508_fu_824          |   9|          2|   32|         64|
    |ReadAddr_509_fu_828          |   9|          2|   32|         64|
    |ReadAddr_fu_576              |   9|          2|   32|         64|
    |ReadData_1_address0_local    |  21|          5|    4|         20|
    |ReadData_1_address1_local    |  21|          5|    4|         20|
    |ReadData_1_d0_local          |  21|          5|   32|        160|
    |ReadData_1_d1_local          |  21|          5|   32|        160|
    |ReadData_2_address0_local    |  21|          5|    4|         20|
    |ReadData_2_address1_local    |  21|          5|    4|         20|
    |ReadData_2_d0_local          |  21|          5|   32|        160|
    |ReadData_2_d1_local          |  21|          5|   32|        160|
    |ReadData_3_address0_local    |  21|          5|    4|         20|
    |ReadData_3_address1_local    |  21|          5|    4|         20|
    |ReadData_3_d0_local          |  21|          5|   32|        160|
    |ReadData_3_d1_local          |  21|          5|   32|        160|
    |ReadData_address0_local      |  21|          5|    4|         20|
    |ReadData_address1_local      |  21|          5|    4|         20|
    |ReadData_d0_local            |  21|          5|   32|        160|
    |ReadData_d1_local            |  21|          5|   32|        160|
    |ap_NS_fsm                    |  21|          5|    1|          5|
    |ap_done_int                  |   9|          2|    1|          2|
    |ap_enable_reg_pp0_iter0      |   9|          2|    1|          2|
    |ap_enable_reg_pp0_iter0_reg  |   9|          2|    1|          2|
    |ap_enable_reg_pp0_iter1      |   9|          2|    1|          2|
    |ap_sig_allocacmp_l_10        |   9|          2|    7|         14|
    |l_fu_572                     |   9|          2|    7|         14|
    +-----------------------------+----+-----------+-----+-----------+
    |Total                        |1323|        305| 2563|       6617|
    +-----------------------------+----+-----------+-----+-----------+

    * Register: 
    +--------------------------------+----+----+-----+-----------+
    |              Name              | FF | LUT| Bits| Const Bits|
    +--------------------------------+----+----+-----+-----------+
    |ReadAddr_447_fu_580             |  32|   0|   32|          0|
    |ReadAddr_448_fu_584             |  32|   0|   32|          0|
    |ReadAddr_449_fu_588             |  32|   0|   32|          0|
    |ReadAddr_450_fu_592             |  32|   0|   32|          0|
    |ReadAddr_451_fu_596             |  32|   0|   32|          0|
    |ReadAddr_452_fu_600             |  32|   0|   32|          0|
    |ReadAddr_453_fu_604             |  32|   0|   32|          0|
    |ReadAddr_454_fu_608             |  32|   0|   32|          0|
    |ReadAddr_455_fu_612             |  32|   0|   32|          0|
    |ReadAddr_456_fu_616             |  32|   0|   32|          0|
    |ReadAddr_457_fu_620             |  32|   0|   32|          0|
    |ReadAddr_458_fu_624             |  32|   0|   32|          0|
    |ReadAddr_459_fu_628             |  32|   0|   32|          0|
    |ReadAddr_460_fu_632             |  32|   0|   32|          0|
    |ReadAddr_461_fu_636             |  32|   0|   32|          0|
    |ReadAddr_462_fu_640             |  32|   0|   32|          0|
    |ReadAddr_463_fu_644             |  32|   0|   32|          0|
    |ReadAddr_464_fu_648             |  32|   0|   32|          0|
    |ReadAddr_465_fu_652             |  32|   0|   32|          0|
    |ReadAddr_466_fu_656             |  32|   0|   32|          0|
    |ReadAddr_467_fu_660             |  32|   0|   32|          0|
    |ReadAddr_468_fu_664             |  32|   0|   32|          0|
    |ReadAddr_469_fu_668             |  32|   0|   32|          0|
    |ReadAddr_470_fu_672             |  32|   0|   32|          0|
    |ReadAddr_471_fu_676             |  32|   0|   32|          0|
    |ReadAddr_472_fu_680             |  32|   0|   32|          0|
    |ReadAddr_473_fu_684             |  32|   0|   32|          0|
    |ReadAddr_474_fu_688             |  32|   0|   32|          0|
    |ReadAddr_475_fu_692             |  32|   0|   32|          0|
    |ReadAddr_476_fu_696             |  32|   0|   32|          0|
    |ReadAddr_477_fu_700             |  32|   0|   32|          0|
    |ReadAddr_478_fu_704             |  32|   0|   32|          0|
    |ReadAddr_479_fu_708             |  32|   0|   32|          0|
    |ReadAddr_480_fu_712             |  32|   0|   32|          0|
    |ReadAddr_481_fu_716             |  32|   0|   32|          0|
    |ReadAddr_482_fu_720             |  32|   0|   32|          0|
    |ReadAddr_483_fu_724             |  32|   0|   32|          0|
    |ReadAddr_484_fu_728             |  32|   0|   32|          0|
    |ReadAddr_485_fu_732             |  32|   0|   32|          0|
    |ReadAddr_486_fu_736             |  32|   0|   32|          0|
    |ReadAddr_487_fu_740             |  32|   0|   32|          0|
    |ReadAddr_488_fu_744             |  32|   0|   32|          0|
    |ReadAddr_489_fu_748             |  32|   0|   32|          0|
    |ReadAddr_490_fu_752             |  32|   0|   32|          0|
    |ReadAddr_491_fu_756             |  32|   0|   32|          0|
    |ReadAddr_492_fu_760             |  32|   0|   32|          0|
    |ReadAddr_493_fu_764             |  32|   0|   32|          0|
    |ReadAddr_494_fu_768             |  32|   0|   32|          0|
    |ReadAddr_495_fu_772             |  32|   0|   32|          0|
    |ReadAddr_496_fu_776             |  32|   0|   32|          0|
    |ReadAddr_497_fu_780             |  32|   0|   32|          0|
    |ReadAddr_498_fu_784             |  32|   0|   32|          0|
    |ReadAddr_499_fu_788             |  32|   0|   32|          0|
    |ReadAddr_500_fu_792             |  32|   0|   32|          0|
    |ReadAddr_501_fu_796             |  32|   0|   32|          0|
    |ReadAddr_502_fu_800             |  32|   0|   32|          0|
    |ReadAddr_503_fu_804             |  32|   0|   32|          0|
    |ReadAddr_504_fu_808             |  32|   0|   32|          0|
    |ReadAddr_505_fu_812             |  32|   0|   32|          0|
    |ReadAddr_506_fu_816             |  32|   0|   32|          0|
    |ReadAddr_507_fu_820             |  32|   0|   32|          0|
    |ReadAddr_508_fu_824             |  32|   0|   32|          0|
    |ReadAddr_509_fu_828             |  32|   0|   32|          0|
    |ReadAddr_510_reg_9616           |  13|   0|   13|          0|
    |ReadAddr_511_reg_9626           |  13|   0|   13|          0|
    |ReadAddr_518_reg_9636           |  13|   0|   13|          0|
    |ReadAddr_519_reg_9646           |  13|   0|   13|          0|
    |ReadAddr_526_reg_9656           |  13|   0|   13|          0|
    |ReadAddr_527_reg_9666           |  13|   0|   13|          0|
    |ReadAddr_534_reg_9676           |  13|   0|   13|          0|
    |ReadAddr_535_reg_9686           |  13|   0|   13|          0|
    |ReadAddr_fu_576                 |  32|   0|   32|          0|
    |add_ln299_reg_9588              |   7|   0|    7|          0|
    |add_ln300_68_reg_10110          |  10|   0|   10|          0|
    |add_ln300_69_reg_10115          |  10|   0|   10|          0|
    |add_ln300_75_reg_10140          |  10|   0|   10|          0|
    |add_ln300_76_reg_10145          |  10|   0|   10|          0|
    |add_ln300_82_reg_10170          |  10|   0|   10|          0|
    |add_ln300_83_reg_10175          |  10|   0|   10|          0|
    |add_ln300_89_reg_10200          |  10|   0|   10|          0|
    |add_ln300_90_reg_10205          |  10|   0|   10|          0|
    |ap_CS_fsm                       |   4|   0|    4|          0|
    |ap_done_reg                     |   1|   0|    1|          0|
    |ap_enable_reg_pp0_iter0_reg     |   1|   0|    1|          0|
    |ap_enable_reg_pp0_iter1         |   1|   0|    1|          0|
    |icmp_ln299_reg_9832             |   1|   0|    1|          0|
    |icmp_ln302_reg_10014            |   1|   0|    1|          0|
    |k_2_cast_reg_9511               |   6|   0|    7|          1|
    |l_10_reg_9539                   |   7|   0|    7|          0|
    |l_fu_572                        |   7|   0|    7|          0|
    |lshr_ln1_reg_9696               |   4|   0|    4|          0|
    |mul_cast_reg_9483               |  12|   0|   13|          1|
    |storemerge100_reg_10369         |  32|   0|   32|          0|
    |storemerge101_reg_10225         |  32|   0|   32|          0|
    |storemerge108_reg_10364         |  32|   0|   32|          0|
    |storemerge109_reg_10220         |  32|   0|   32|          0|
    |storemerge144_reg_10359         |  32|   0|   32|          0|
    |storemerge145_reg_10215         |  32|   0|   32|          0|
    |storemerge156_reg_10354         |  32|   0|   32|          0|
    |storemerge157_reg_10210         |  32|   0|   32|          0|
    |storemerge192_reg_10337         |  32|   0|   32|          0|
    |storemerge193_reg_10073         |  32|   0|   32|          0|
    |storemerge204_reg_10332         |  32|   0|   32|          0|
    |storemerge205_reg_10068         |  32|   0|   32|          0|
    |storemerge240_reg_10327         |  32|   0|   32|          0|
    |storemerge241_reg_10063         |  32|   0|   32|          0|
    |storemerge252_reg_10322         |  32|   0|   32|          0|
    |storemerge253_reg_10058         |  32|   0|   32|          0|
    |tmp_336_reg_9552                |   1|   0|    1|          0|
    |tmp_338_reg_9701                |   1|   0|    1|          0|
    |tmp_339_reg_9568                |   1|   0|    1|          0|
    |tmp_339_reg_9568_pp0_iter1_reg  |   1|   0|    1|          0|
    |tmp_340_reg_9887                |   1|   0|    1|          0|
    |tmp_560_reg_9874                |   3|   0|    3|          0|
    |tmp_561_reg_9556                |   2|   0|    2|          0|
    |tmp_563_reg_9707                |   2|   0|    2|          0|
    |trunc_ln300_63_reg_9631         |  10|   0|   10|          0|
    |trunc_ln300_64_reg_9732         |  10|   0|   10|          0|
    |trunc_ln300_65_reg_9737         |  10|   0|   10|          0|
    |trunc_ln300_66_reg_9914         |  10|   0|   10|          0|
    |trunc_ln300_67_reg_9919         |  10|   0|   10|          0|
    |trunc_ln300_70_reg_9641         |  10|   0|   10|          0|
    |trunc_ln300_71_reg_9651         |  10|   0|   10|          0|
    |trunc_ln300_72_reg_9762         |  10|   0|   10|          0|
    |trunc_ln300_73_reg_9767         |  10|   0|   10|          0|
    |trunc_ln300_74_reg_9944         |  10|   0|   10|          0|
    |trunc_ln300_75_reg_9949         |  10|   0|   10|          0|
    |trunc_ln300_78_reg_9661         |  10|   0|   10|          0|
    |trunc_ln300_79_reg_9671         |  10|   0|   10|          0|
    |trunc_ln300_80_reg_9792         |  10|   0|   10|          0|
    |trunc_ln300_81_reg_9797         |  10|   0|   10|          0|
    |trunc_ln300_82_reg_9974         |  10|   0|   10|          0|
    |trunc_ln300_83_reg_9979         |  10|   0|   10|          0|
    |trunc_ln300_86_reg_9681         |  10|   0|   10|          0|
    |trunc_ln300_87_reg_9691         |  10|   0|   10|          0|
    |trunc_ln300_88_reg_9822         |  10|   0|   10|          0|
    |trunc_ln300_89_reg_9827         |  10|   0|   10|          0|
    |trunc_ln300_90_reg_10004        |  10|   0|   10|          0|
    |trunc_ln300_91_reg_10009        |  10|   0|   10|          0|
    |trunc_ln300_reg_9621            |  10|   0|   10|          0|
    |zext_ln296_reg_9868             |   4|   0|   64|         60|
    |zext_ln302_14_reg_10236         |   2|   0|   64|         62|
    |zext_ln302_19_reg_10078         |   3|   0|   64|         61|
    |zext_ln302_24_reg_10342         |   2|   0|   64|         62|
    |zext_ln302_29_reg_10084         |   2|   0|   64|         62|
    |zext_ln302_34_reg_10348         |   1|   0|   64|         63|
    |zext_ln302_4_reg_10230          |   3|   0|   64|         61|
    |zext_ln302_9_reg_9881           |   3|   0|   64|         61|
    +--------------------------------+----+----+-----+-----------+
    |Total                           |3068|   0| 3562|        494|
    +--------------------------------+----+----+-----+-----------+



================================================================
== Interface
================================================================
* Summary: 
+-------------------------+-----+-----+------------+-------------------------------+--------------+
|        RTL Ports        | Dir | Bits|  Protocol  |         Source Object         |    C Type    |
+-------------------------+-----+-----+------------+-------------------------------+--------------+
|ap_clk                   |   in|    1|  ap_ctrl_hs|  Crypto1_Pipeline_NTT_COL_LOOP|  return value|
|ap_rst                   |   in|    1|  ap_ctrl_hs|  Crypto1_Pipeline_NTT_COL_LOOP|  return value|
|ap_start                 |   in|    1|  ap_ctrl_hs|  Crypto1_Pipeline_NTT_COL_LOOP|  return value|
|ap_done                  |  out|    1|  ap_ctrl_hs|  Crypto1_Pipeline_NTT_COL_LOOP|  return value|
|ap_idle                  |  out|    1|  ap_ctrl_hs|  Crypto1_Pipeline_NTT_COL_LOOP|  return value|
|ap_ready                 |  out|    1|  ap_ctrl_hs|  Crypto1_Pipeline_NTT_COL_LOOP|  return value|
|ReadAddr_255             |   in|   32|     ap_none|                   ReadAddr_255|        scalar|
|ReadAddr_254             |   in|   32|     ap_none|                   ReadAddr_254|        scalar|
|ReadAddr_253             |   in|   32|     ap_none|                   ReadAddr_253|        scalar|
|ReadAddr_252             |   in|   32|     ap_none|                   ReadAddr_252|        scalar|
|ReadAddr_251             |   in|   32|     ap_none|                   ReadAddr_251|        scalar|
|ReadAddr_250             |   in|   32|     ap_none|                   ReadAddr_250|        scalar|
|ReadAddr_249             |   in|   32|     ap_none|                   ReadAddr_249|        scalar|
|ReadAddr_248             |   in|   32|     ap_none|                   ReadAddr_248|        scalar|
|ReadAddr_247             |   in|   32|     ap_none|                   ReadAddr_247|        scalar|
|ReadAddr_246             |   in|   32|     ap_none|                   ReadAddr_246|        scalar|
|ReadAddr_245             |   in|   32|     ap_none|                   ReadAddr_245|        scalar|
|ReadAddr_244             |   in|   32|     ap_none|                   ReadAddr_244|        scalar|
|ReadAddr_243             |   in|   32|     ap_none|                   ReadAddr_243|        scalar|
|ReadAddr_242             |   in|   32|     ap_none|                   ReadAddr_242|        scalar|
|ReadAddr_241             |   in|   32|     ap_none|                   ReadAddr_241|        scalar|
|ReadAddr_240             |   in|   32|     ap_none|                   ReadAddr_240|        scalar|
|ReadAddr_239             |   in|   32|     ap_none|                   ReadAddr_239|        scalar|
|ReadAddr_238             |   in|   32|     ap_none|                   ReadAddr_238|        scalar|
|ReadAddr_237             |   in|   32|     ap_none|                   ReadAddr_237|        scalar|
|ReadAddr_236             |   in|   32|     ap_none|                   ReadAddr_236|        scalar|
|ReadAddr_235             |   in|   32|     ap_none|                   ReadAddr_235|        scalar|
|ReadAddr_234             |   in|   32|     ap_none|                   ReadAddr_234|        scalar|
|ReadAddr_233             |   in|   32|     ap_none|                   ReadAddr_233|        scalar|
|ReadAddr_232             |   in|   32|     ap_none|                   ReadAddr_232|        scalar|
|ReadAddr_231             |   in|   32|     ap_none|                   ReadAddr_231|        scalar|
|ReadAddr_230             |   in|   32|     ap_none|                   ReadAddr_230|        scalar|
|ReadAddr_229             |   in|   32|     ap_none|                   ReadAddr_229|        scalar|
|ReadAddr_228             |   in|   32|     ap_none|                   ReadAddr_228|        scalar|
|ReadAddr_227             |   in|   32|     ap_none|                   ReadAddr_227|        scalar|
|ReadAddr_226             |   in|   32|     ap_none|                   ReadAddr_226|        scalar|
|ReadAddr_225             |   in|   32|     ap_none|                   ReadAddr_225|        scalar|
|ReadAddr_224             |   in|   32|     ap_none|                   ReadAddr_224|        scalar|
|ReadAddr_223             |   in|   32|     ap_none|                   ReadAddr_223|        scalar|
|ReadAddr_222             |   in|   32|     ap_none|                   ReadAddr_222|        scalar|
|ReadAddr_221             |   in|   32|     ap_none|                   ReadAddr_221|        scalar|
|ReadAddr_220             |   in|   32|     ap_none|                   ReadAddr_220|        scalar|
|ReadAddr_219             |   in|   32|     ap_none|                   ReadAddr_219|        scalar|
|ReadAddr_218             |   in|   32|     ap_none|                   ReadAddr_218|        scalar|
|ReadAddr_217             |   in|   32|     ap_none|                   ReadAddr_217|        scalar|
|ReadAddr_216             |   in|   32|     ap_none|                   ReadAddr_216|        scalar|
|ReadAddr_215             |   in|   32|     ap_none|                   ReadAddr_215|        scalar|
|ReadAddr_214             |   in|   32|     ap_none|                   ReadAddr_214|        scalar|
|ReadAddr_213             |   in|   32|     ap_none|                   ReadAddr_213|        scalar|
|ReadAddr_212             |   in|   32|     ap_none|                   ReadAddr_212|        scalar|
|ReadAddr_211             |   in|   32|     ap_none|                   ReadAddr_211|        scalar|
|ReadAddr_210             |   in|   32|     ap_none|                   ReadAddr_210|        scalar|
|ReadAddr_209             |   in|   32|     ap_none|                   ReadAddr_209|        scalar|
|ReadAddr_208             |   in|   32|     ap_none|                   ReadAddr_208|        scalar|
|ReadAddr_207             |   in|   32|     ap_none|                   ReadAddr_207|        scalar|
|ReadAddr_206             |   in|   32|     ap_none|                   ReadAddr_206|        scalar|
|ReadAddr_205             |   in|   32|     ap_none|                   ReadAddr_205|        scalar|
|ReadAddr_204             |   in|   32|     ap_none|                   ReadAddr_204|        scalar|
|ReadAddr_203             |   in|   32|     ap_none|                   ReadAddr_203|        scalar|
|ReadAddr_202             |   in|   32|     ap_none|                   ReadAddr_202|        scalar|
|ReadAddr_201             |   in|   32|     ap_none|                   ReadAddr_201|        scalar|
|ReadAddr_200             |   in|   32|     ap_none|                   ReadAddr_200|        scalar|
|ReadAddr_199             |   in|   32|     ap_none|                   ReadAddr_199|        scalar|
|ReadAddr_198             |   in|   32|     ap_none|                   ReadAddr_198|        scalar|
|ReadAddr_197             |   in|   32|     ap_none|                   ReadAddr_197|        scalar|
|ReadAddr_196             |   in|   32|     ap_none|                   ReadAddr_196|        scalar|
|ReadAddr_195             |   in|   32|     ap_none|                   ReadAddr_195|        scalar|
|ReadAddr_194             |   in|   32|     ap_none|                   ReadAddr_194|        scalar|
|ReadAddr_193             |   in|   32|     ap_none|                   ReadAddr_193|        scalar|
|ReadAddr_192             |   in|   32|     ap_none|                   ReadAddr_192|        scalar|
|ReadData_3_address0      |  out|    4|   ap_memory|                     ReadData_3|         array|
|ReadData_3_ce0           |  out|    1|   ap_memory|                     ReadData_3|         array|
|ReadData_3_we0           |  out|    1|   ap_memory|                     ReadData_3|         array|
|ReadData_3_d0            |  out|   32|   ap_memory|                     ReadData_3|         array|
|ReadData_3_address1      |  out|    4|   ap_memory|                     ReadData_3|         array|
|ReadData_3_ce1           |  out|    1|   ap_memory|                     ReadData_3|         array|
|ReadData_3_we1           |  out|    1|   ap_memory|                     ReadData_3|         array|
|ReadData_3_d1            |  out|   32|   ap_memory|                     ReadData_3|         array|
|ReadData_2_address0      |  out|    4|   ap_memory|                     ReadData_2|         array|
|ReadData_2_ce0           |  out|    1|   ap_memory|                     ReadData_2|         array|
|ReadData_2_we0           |  out|    1|   ap_memory|                     ReadData_2|         array|
|ReadData_2_d0            |  out|   32|   ap_memory|                     ReadData_2|         array|
|ReadData_2_address1      |  out|    4|   ap_memory|                     ReadData_2|         array|
|ReadData_2_ce1           |  out|    1|   ap_memory|                     ReadData_2|         array|
|ReadData_2_we1           |  out|    1|   ap_memory|                     ReadData_2|         array|
|ReadData_2_d1            |  out|   32|   ap_memory|                     ReadData_2|         array|
|ReadData_1_address0      |  out|    4|   ap_memory|                     ReadData_1|         array|
|ReadData_1_ce0           |  out|    1|   ap_memory|                     ReadData_1|         array|
|ReadData_1_we0           |  out|    1|   ap_memory|                     ReadData_1|         array|
|ReadData_1_d0            |  out|   32|   ap_memory|                     ReadData_1|         array|
|ReadData_1_address1      |  out|    4|   ap_memory|                     ReadData_1|         array|
|ReadData_1_ce1           |  out|    1|   ap_memory|                     ReadData_1|         array|
|ReadData_1_we1           |  out|    1|   ap_memory|                     ReadData_1|         array|
|ReadData_1_d1            |  out|   32|   ap_memory|                     ReadData_1|         array|
|ReadData_address0        |  out|    4|   ap_memory|                       ReadData|         array|
|ReadData_ce0             |  out|    1|   ap_memory|                       ReadData|         array|
|ReadData_we0             |  out|    1|   ap_memory|                       ReadData|         array|
|ReadData_d0              |  out|   32|   ap_memory|                       ReadData|         array|
|ReadData_address1        |  out|    4|   ap_memory|                       ReadData|         array|
|ReadData_ce1             |  out|    1|   ap_memory|                       ReadData|         array|
|ReadData_we1             |  out|    1|   ap_memory|                       ReadData|         array|
|ReadData_d1              |  out|   32|   ap_memory|                       ReadData|         array|
|k_2                      |   in|    6|     ap_none|                            k_2|        scalar|
|empty_63                 |   in|    7|     ap_none|                       empty_63|        scalar|
|mul                      |   in|   12|     ap_none|                            mul|        scalar|
|empty                    |   in|   10|     ap_none|                          empty|        scalar|
|DataRAM_address0         |  out|   13|   ap_memory|                        DataRAM|         array|
|DataRAM_ce0              |  out|    1|   ap_memory|                        DataRAM|         array|
|DataRAM_q0               |   in|   32|   ap_memory|                        DataRAM|         array|
|DataRAM_address1         |  out|   13|   ap_memory|                        DataRAM|         array|
|DataRAM_ce1              |  out|    1|   ap_memory|                        DataRAM|         array|
|DataRAM_q1               |   in|   32|   ap_memory|                        DataRAM|         array|
|DataRAM_4_address0       |  out|   13|   ap_memory|                      DataRAM_4|         array|
|DataRAM_4_ce0            |  out|    1|   ap_memory|                      DataRAM_4|         array|
|DataRAM_4_q0             |   in|   32|   ap_memory|                      DataRAM_4|         array|
|DataRAM_4_address1       |  out|   13|   ap_memory|                      DataRAM_4|         array|
|DataRAM_4_ce1            |  out|    1|   ap_memory|                      DataRAM_4|         array|
|DataRAM_4_q1             |   in|   32|   ap_memory|                      DataRAM_4|         array|
|DataRAM_1_address0       |  out|   13|   ap_memory|                      DataRAM_1|         array|
|DataRAM_1_ce0            |  out|    1|   ap_memory|                      DataRAM_1|         array|
|DataRAM_1_q0             |   in|   32|   ap_memory|                      DataRAM_1|         array|
|DataRAM_1_address1       |  out|   13|   ap_memory|                      DataRAM_1|         array|
|DataRAM_1_ce1            |  out|    1|   ap_memory|                      DataRAM_1|         array|
|DataRAM_1_q1             |   in|   32|   ap_memory|                      DataRAM_1|         array|
|DataRAM_5_address0       |  out|   13|   ap_memory|                      DataRAM_5|         array|
|DataRAM_5_ce0            |  out|    1|   ap_memory|                      DataRAM_5|         array|
|DataRAM_5_q0             |   in|   32|   ap_memory|                      DataRAM_5|         array|
|DataRAM_5_address1       |  out|   13|   ap_memory|                      DataRAM_5|         array|
|DataRAM_5_ce1            |  out|    1|   ap_memory|                      DataRAM_5|         array|
|DataRAM_5_q1             |   in|   32|   ap_memory|                      DataRAM_5|         array|
|DataRAM_2_address0       |  out|   13|   ap_memory|                      DataRAM_2|         array|
|DataRAM_2_ce0            |  out|    1|   ap_memory|                      DataRAM_2|         array|
|DataRAM_2_q0             |   in|   32|   ap_memory|                      DataRAM_2|         array|
|DataRAM_2_address1       |  out|   13|   ap_memory|                      DataRAM_2|         array|
|DataRAM_2_ce1            |  out|    1|   ap_memory|                      DataRAM_2|         array|
|DataRAM_2_q1             |   in|   32|   ap_memory|                      DataRAM_2|         array|
|DataRAM_6_address0       |  out|   13|   ap_memory|                      DataRAM_6|         array|
|DataRAM_6_ce0            |  out|    1|   ap_memory|                      DataRAM_6|         array|
|DataRAM_6_q0             |   in|   32|   ap_memory|                      DataRAM_6|         array|
|DataRAM_6_address1       |  out|   13|   ap_memory|                      DataRAM_6|         array|
|DataRAM_6_ce1            |  out|    1|   ap_memory|                      DataRAM_6|         array|
|DataRAM_6_q1             |   in|   32|   ap_memory|                      DataRAM_6|         array|
|DataRAM_3_address0       |  out|   13|   ap_memory|                      DataRAM_3|         array|
|DataRAM_3_ce0            |  out|    1|   ap_memory|                      DataRAM_3|         array|
|DataRAM_3_q0             |   in|   32|   ap_memory|                      DataRAM_3|         array|
|DataRAM_3_address1       |  out|   13|   ap_memory|                      DataRAM_3|         array|
|DataRAM_3_ce1            |  out|    1|   ap_memory|                      DataRAM_3|         array|
|DataRAM_3_q1             |   in|   32|   ap_memory|                      DataRAM_3|         array|
|DataRAM_7_address0       |  out|   13|   ap_memory|                      DataRAM_7|         array|
|DataRAM_7_ce0            |  out|    1|   ap_memory|                      DataRAM_7|         array|
|DataRAM_7_q0             |   in|   32|   ap_memory|                      DataRAM_7|         array|
|DataRAM_7_address1       |  out|   13|   ap_memory|                      DataRAM_7|         array|
|DataRAM_7_ce1            |  out|    1|   ap_memory|                      DataRAM_7|         array|
|DataRAM_7_q1             |   in|   32|   ap_memory|                      DataRAM_7|         array|
|DataRAM_4_load_98        |   in|   32|     ap_none|              DataRAM_4_load_98|        scalar|
|DataRAM_load_146         |   in|   32|     ap_none|               DataRAM_load_146|        scalar|
|DataRAM_4_load_99        |   in|   32|     ap_none|              DataRAM_4_load_99|        scalar|
|DataRAM_load_147         |   in|   32|     ap_none|               DataRAM_load_147|        scalar|
|DataRAM_4_load_100       |   in|   32|     ap_none|             DataRAM_4_load_100|        scalar|
|DataRAM_load_148         |   in|   32|     ap_none|               DataRAM_load_148|        scalar|
|DataRAM_4_load_101       |   in|   32|     ap_none|             DataRAM_4_load_101|        scalar|
|DataRAM_load_149         |   in|   32|     ap_none|               DataRAM_load_149|        scalar|
|DataRAM_4_load_102       |   in|   32|     ap_none|             DataRAM_4_load_102|        scalar|
|DataRAM_load_150         |   in|   32|     ap_none|               DataRAM_load_150|        scalar|
|DataRAM_4_load_103       |   in|   32|     ap_none|             DataRAM_4_load_103|        scalar|
|DataRAM_load_151         |   in|   32|     ap_none|               DataRAM_load_151|        scalar|
|DataRAM_4_load_104       |   in|   32|     ap_none|             DataRAM_4_load_104|        scalar|
|DataRAM_load_152         |   in|   32|     ap_none|               DataRAM_load_152|        scalar|
|DataRAM_4_load_105       |   in|   32|     ap_none|             DataRAM_4_load_105|        scalar|
|DataRAM_load_153         |   in|   32|     ap_none|               DataRAM_load_153|        scalar|
|DataRAM_5_load_98        |   in|   32|     ap_none|              DataRAM_5_load_98|        scalar|
|DataRAM_1_load_146       |   in|   32|     ap_none|             DataRAM_1_load_146|        scalar|
|DataRAM_5_load_99        |   in|   32|     ap_none|              DataRAM_5_load_99|        scalar|
|DataRAM_1_load_147       |   in|   32|     ap_none|             DataRAM_1_load_147|        scalar|
|DataRAM_5_load_100       |   in|   32|     ap_none|             DataRAM_5_load_100|        scalar|
|DataRAM_1_load_148       |   in|   32|     ap_none|             DataRAM_1_load_148|        scalar|
|DataRAM_5_load_101       |   in|   32|     ap_none|             DataRAM_5_load_101|        scalar|
|DataRAM_1_load_149       |   in|   32|     ap_none|             DataRAM_1_load_149|        scalar|
|DataRAM_5_load_102       |   in|   32|     ap_none|             DataRAM_5_load_102|        scalar|
|DataRAM_1_load_150       |   in|   32|     ap_none|             DataRAM_1_load_150|        scalar|
|DataRAM_5_load_103       |   in|   32|     ap_none|             DataRAM_5_load_103|        scalar|
|DataRAM_1_load_151       |   in|   32|     ap_none|             DataRAM_1_load_151|        scalar|
|DataRAM_5_load_104       |   in|   32|     ap_none|             DataRAM_5_load_104|        scalar|
|DataRAM_1_load_152       |   in|   32|     ap_none|             DataRAM_1_load_152|        scalar|
|DataRAM_5_load_105       |   in|   32|     ap_none|             DataRAM_5_load_105|        scalar|
|DataRAM_1_load_153       |   in|   32|     ap_none|             DataRAM_1_load_153|        scalar|
|DataRAM_6_load_98        |   in|   32|     ap_none|              DataRAM_6_load_98|        scalar|
|DataRAM_2_load_146       |   in|   32|     ap_none|             DataRAM_2_load_146|        scalar|
|DataRAM_6_load_99        |   in|   32|     ap_none|              DataRAM_6_load_99|        scalar|
|DataRAM_2_load_147       |   in|   32|     ap_none|             DataRAM_2_load_147|        scalar|
|DataRAM_6_load_100       |   in|   32|     ap_none|             DataRAM_6_load_100|        scalar|
|DataRAM_2_load_148       |   in|   32|     ap_none|             DataRAM_2_load_148|        scalar|
|DataRAM_6_load_101       |   in|   32|     ap_none|             DataRAM_6_load_101|        scalar|
|DataRAM_2_load_149       |   in|   32|     ap_none|             DataRAM_2_load_149|        scalar|
|DataRAM_6_load_102       |   in|   32|     ap_none|             DataRAM_6_load_102|        scalar|
|DataRAM_2_load_150       |   in|   32|     ap_none|             DataRAM_2_load_150|        scalar|
|DataRAM_6_load_103       |   in|   32|     ap_none|             DataRAM_6_load_103|        scalar|
|DataRAM_2_load_151       |   in|   32|     ap_none|             DataRAM_2_load_151|        scalar|
|DataRAM_6_load_104       |   in|   32|     ap_none|             DataRAM_6_load_104|        scalar|
|DataRAM_2_load_152       |   in|   32|     ap_none|             DataRAM_2_load_152|        scalar|
|DataRAM_6_load_105       |   in|   32|     ap_none|             DataRAM_6_load_105|        scalar|
|DataRAM_2_load_153       |   in|   32|     ap_none|             DataRAM_2_load_153|        scalar|
|DataRAM_7_load_98        |   in|   32|     ap_none|              DataRAM_7_load_98|        scalar|
|DataRAM_3_load_146       |   in|   32|     ap_none|             DataRAM_3_load_146|        scalar|
|DataRAM_7_load_99        |   in|   32|     ap_none|              DataRAM_7_load_99|        scalar|
|DataRAM_3_load_147       |   in|   32|     ap_none|             DataRAM_3_load_147|        scalar|
|DataRAM_7_load_100       |   in|   32|     ap_none|             DataRAM_7_load_100|        scalar|
|DataRAM_3_load_148       |   in|   32|     ap_none|             DataRAM_3_load_148|        scalar|
|DataRAM_7_load_101       |   in|   32|     ap_none|             DataRAM_7_load_101|        scalar|
|DataRAM_3_load_149       |   in|   32|     ap_none|             DataRAM_3_load_149|        scalar|
|DataRAM_7_load_102       |   in|   32|     ap_none|             DataRAM_7_load_102|        scalar|
|DataRAM_3_load_150       |   in|   32|     ap_none|             DataRAM_3_load_150|        scalar|
|DataRAM_7_load_103       |   in|   32|     ap_none|             DataRAM_7_load_103|        scalar|
|DataRAM_3_load_151       |   in|   32|     ap_none|             DataRAM_3_load_151|        scalar|
|DataRAM_7_load_104       |   in|   32|     ap_none|             DataRAM_7_load_104|        scalar|
|DataRAM_3_load_152       |   in|   32|     ap_none|             DataRAM_3_load_152|        scalar|
|DataRAM_7_load_105       |   in|   32|     ap_none|             DataRAM_7_load_105|        scalar|
|DataRAM_3_load_153       |   in|   32|     ap_none|             DataRAM_3_load_153|        scalar|
|cmp391                   |   in|    1|     ap_none|                         cmp391|        scalar|
|ReadAddr_575_out         |  out|   32|      ap_vld|               ReadAddr_575_out|       pointer|
|ReadAddr_575_out_ap_vld  |  out|    1|      ap_vld|               ReadAddr_575_out|       pointer|
|ReadAddr_574_out         |  out|   32|      ap_vld|               ReadAddr_574_out|       pointer|
|ReadAddr_574_out_ap_vld  |  out|    1|      ap_vld|               ReadAddr_574_out|       pointer|
|ReadAddr_573_out         |  out|   32|      ap_vld|               ReadAddr_573_out|       pointer|
|ReadAddr_573_out_ap_vld  |  out|    1|      ap_vld|               ReadAddr_573_out|       pointer|
|ReadAddr_572_out         |  out|   32|      ap_vld|               ReadAddr_572_out|       pointer|
|ReadAddr_572_out_ap_vld  |  out|    1|      ap_vld|               ReadAddr_572_out|       pointer|
|ReadAddr_571_out         |  out|   32|      ap_vld|               ReadAddr_571_out|       pointer|
|ReadAddr_571_out_ap_vld  |  out|    1|      ap_vld|               ReadAddr_571_out|       pointer|
|ReadAddr_570_out         |  out|   32|      ap_vld|               ReadAddr_570_out|       pointer|
|ReadAddr_570_out_ap_vld  |  out|    1|      ap_vld|               ReadAddr_570_out|       pointer|
|ReadAddr_569_out         |  out|   32|      ap_vld|               ReadAddr_569_out|       pointer|
|ReadAddr_569_out_ap_vld  |  out|    1|      ap_vld|               ReadAddr_569_out|       pointer|
|ReadAddr_568_out         |  out|   32|      ap_vld|               ReadAddr_568_out|       pointer|
|ReadAddr_568_out_ap_vld  |  out|    1|      ap_vld|               ReadAddr_568_out|       pointer|
|ReadAddr_567_out         |  out|   32|      ap_vld|               ReadAddr_567_out|       pointer|
|ReadAddr_567_out_ap_vld  |  out|    1|      ap_vld|               ReadAddr_567_out|       pointer|
|ReadAddr_566_out         |  out|   32|      ap_vld|               ReadAddr_566_out|       pointer|
|ReadAddr_566_out_ap_vld  |  out|    1|      ap_vld|               ReadAddr_566_out|       pointer|
|ReadAddr_565_out         |  out|   32|      ap_vld|               ReadAddr_565_out|       pointer|
|ReadAddr_565_out_ap_vld  |  out|    1|      ap_vld|               ReadAddr_565_out|       pointer|
|ReadAddr_564_out         |  out|   32|      ap_vld|               ReadAddr_564_out|       pointer|
|ReadAddr_564_out_ap_vld  |  out|    1|      ap_vld|               ReadAddr_564_out|       pointer|
|ReadAddr_563_out         |  out|   32|      ap_vld|               ReadAddr_563_out|       pointer|
|ReadAddr_563_out_ap_vld  |  out|    1|      ap_vld|               ReadAddr_563_out|       pointer|
|ReadAddr_562_out         |  out|   32|      ap_vld|               ReadAddr_562_out|       pointer|
|ReadAddr_562_out_ap_vld  |  out|    1|      ap_vld|               ReadAddr_562_out|       pointer|
|ReadAddr_561_out         |  out|   32|      ap_vld|               ReadAddr_561_out|       pointer|
|ReadAddr_561_out_ap_vld  |  out|    1|      ap_vld|               ReadAddr_561_out|       pointer|
|ReadAddr_560_out         |  out|   32|      ap_vld|               ReadAddr_560_out|       pointer|
|ReadAddr_560_out_ap_vld  |  out|    1|      ap_vld|               ReadAddr_560_out|       pointer|
|ReadAddr_559_out         |  out|   32|      ap_vld|               ReadAddr_559_out|       pointer|
|ReadAddr_559_out_ap_vld  |  out|    1|      ap_vld|               ReadAddr_559_out|       pointer|
|ReadAddr_558_out         |  out|   32|      ap_vld|               ReadAddr_558_out|       pointer|
|ReadAddr_558_out_ap_vld  |  out|    1|      ap_vld|               ReadAddr_558_out|       pointer|
|ReadAddr_557_out         |  out|   32|      ap_vld|               ReadAddr_557_out|       pointer|
|ReadAddr_557_out_ap_vld  |  out|    1|      ap_vld|               ReadAddr_557_out|       pointer|
|ReadAddr_556_out         |  out|   32|      ap_vld|               ReadAddr_556_out|       pointer|
|ReadAddr_556_out_ap_vld  |  out|    1|      ap_vld|               ReadAddr_556_out|       pointer|
|ReadAddr_555_out         |  out|   32|      ap_vld|               ReadAddr_555_out|       pointer|
|ReadAddr_555_out_ap_vld  |  out|    1|      ap_vld|               ReadAddr_555_out|       pointer|
|ReadAddr_554_out         |  out|   32|      ap_vld|               ReadAddr_554_out|       pointer|
|ReadAddr_554_out_ap_vld  |  out|    1|      ap_vld|               ReadAddr_554_out|       pointer|
|ReadAddr_553_out         |  out|   32|      ap_vld|               ReadAddr_553_out|       pointer|
|ReadAddr_553_out_ap_vld  |  out|    1|      ap_vld|               ReadAddr_553_out|       pointer|
|ReadAddr_552_out         |  out|   32|      ap_vld|               ReadAddr_552_out|       pointer|
|ReadAddr_552_out_ap_vld  |  out|    1|      ap_vld|               ReadAddr_552_out|       pointer|
|ReadAddr_551_out         |  out|   32|      ap_vld|               ReadAddr_551_out|       pointer|
|ReadAddr_551_out_ap_vld  |  out|    1|      ap_vld|               ReadAddr_551_out|       pointer|
|ReadAddr_550_out         |  out|   32|      ap_vld|               ReadAddr_550_out|       pointer|
|ReadAddr_550_out_ap_vld  |  out|    1|      ap_vld|               ReadAddr_550_out|       pointer|
|ReadAddr_549_out         |  out|   32|      ap_vld|               ReadAddr_549_out|       pointer|
|ReadAddr_549_out_ap_vld  |  out|    1|      ap_vld|               ReadAddr_549_out|       pointer|
|ReadAddr_548_out         |  out|   32|      ap_vld|               ReadAddr_548_out|       pointer|
|ReadAddr_548_out_ap_vld  |  out|    1|      ap_vld|               ReadAddr_548_out|       pointer|
|ReadAddr_547_out         |  out|   32|      ap_vld|               ReadAddr_547_out|       pointer|
|ReadAddr_547_out_ap_vld  |  out|    1|      ap_vld|               ReadAddr_547_out|       pointer|
|ReadAddr_546_out         |  out|   32|      ap_vld|               ReadAddr_546_out|       pointer|
|ReadAddr_546_out_ap_vld  |  out|    1|      ap_vld|               ReadAddr_546_out|       pointer|
|ReadAddr_545_out         |  out|   32|      ap_vld|               ReadAddr_545_out|       pointer|
|ReadAddr_545_out_ap_vld  |  out|    1|      ap_vld|               ReadAddr_545_out|       pointer|
|ReadAddr_544_out         |  out|   32|      ap_vld|               ReadAddr_544_out|       pointer|
|ReadAddr_544_out_ap_vld  |  out|    1|      ap_vld|               ReadAddr_544_out|       pointer|
|ReadAddr_543_out         |  out|   32|      ap_vld|               ReadAddr_543_out|       pointer|
|ReadAddr_543_out_ap_vld  |  out|    1|      ap_vld|               ReadAddr_543_out|       pointer|
|ReadAddr_542_out         |  out|   32|      ap_vld|               ReadAddr_542_out|       pointer|
|ReadAddr_542_out_ap_vld  |  out|    1|      ap_vld|               ReadAddr_542_out|       pointer|
|ReadAddr_541_out         |  out|   32|      ap_vld|               ReadAddr_541_out|       pointer|
|ReadAddr_541_out_ap_vld  |  out|    1|      ap_vld|               ReadAddr_541_out|       pointer|
|ReadAddr_540_out         |  out|   32|      ap_vld|               ReadAddr_540_out|       pointer|
|ReadAddr_540_out_ap_vld  |  out|    1|      ap_vld|               ReadAddr_540_out|       pointer|
|ReadAddr_539_out         |  out|   32|      ap_vld|               ReadAddr_539_out|       pointer|
|ReadAddr_539_out_ap_vld  |  out|    1|      ap_vld|               ReadAddr_539_out|       pointer|
|ReadAddr_538_out         |  out|   32|      ap_vld|               ReadAddr_538_out|       pointer|
|ReadAddr_538_out_ap_vld  |  out|    1|      ap_vld|               ReadAddr_538_out|       pointer|
|ReadAddr_537_out         |  out|   32|      ap_vld|               ReadAddr_537_out|       pointer|
|ReadAddr_537_out_ap_vld  |  out|    1|      ap_vld|               ReadAddr_537_out|       pointer|
|ReadAddr_536_out         |  out|   32|      ap_vld|               ReadAddr_536_out|       pointer|
|ReadAddr_536_out_ap_vld  |  out|    1|      ap_vld|               ReadAddr_536_out|       pointer|
|ReadAddr_535_out         |  out|   32|      ap_vld|               ReadAddr_535_out|       pointer|
|ReadAddr_535_out_ap_vld  |  out|    1|      ap_vld|               ReadAddr_535_out|       pointer|
|ReadAddr_534_out         |  out|   32|      ap_vld|               ReadAddr_534_out|       pointer|
|ReadAddr_534_out_ap_vld  |  out|    1|      ap_vld|               ReadAddr_534_out|       pointer|
|ReadAddr_533_out         |  out|   32|      ap_vld|               ReadAddr_533_out|       pointer|
|ReadAddr_533_out_ap_vld  |  out|    1|      ap_vld|               ReadAddr_533_out|       pointer|
|ReadAddr_532_out         |  out|   32|      ap_vld|               ReadAddr_532_out|       pointer|
|ReadAddr_532_out_ap_vld  |  out|    1|      ap_vld|               ReadAddr_532_out|       pointer|
|ReadAddr_531_out         |  out|   32|      ap_vld|               ReadAddr_531_out|       pointer|
|ReadAddr_531_out_ap_vld  |  out|    1|      ap_vld|               ReadAddr_531_out|       pointer|
|ReadAddr_530_out         |  out|   32|      ap_vld|               ReadAddr_530_out|       pointer|
|ReadAddr_530_out_ap_vld  |  out|    1|      ap_vld|               ReadAddr_530_out|       pointer|
|ReadAddr_529_out         |  out|   32|      ap_vld|               ReadAddr_529_out|       pointer|
|ReadAddr_529_out_ap_vld  |  out|    1|      ap_vld|               ReadAddr_529_out|       pointer|
|ReadAddr_528_out         |  out|   32|      ap_vld|               ReadAddr_528_out|       pointer|
|ReadAddr_528_out_ap_vld  |  out|    1|      ap_vld|               ReadAddr_528_out|       pointer|
|ReadAddr_527_out         |  out|   32|      ap_vld|               ReadAddr_527_out|       pointer|
|ReadAddr_527_out_ap_vld  |  out|    1|      ap_vld|               ReadAddr_527_out|       pointer|
|ReadAddr_526_out         |  out|   32|      ap_vld|               ReadAddr_526_out|       pointer|
|ReadAddr_526_out_ap_vld  |  out|    1|      ap_vld|               ReadAddr_526_out|       pointer|
|ReadAddr_525_out         |  out|   32|      ap_vld|               ReadAddr_525_out|       pointer|
|ReadAddr_525_out_ap_vld  |  out|    1|      ap_vld|               ReadAddr_525_out|       pointer|
|ReadAddr_524_out         |  out|   32|      ap_vld|               ReadAddr_524_out|       pointer|
|ReadAddr_524_out_ap_vld  |  out|    1|      ap_vld|               ReadAddr_524_out|       pointer|
|ReadAddr_523_out         |  out|   32|      ap_vld|               ReadAddr_523_out|       pointer|
|ReadAddr_523_out_ap_vld  |  out|    1|      ap_vld|               ReadAddr_523_out|       pointer|
|ReadAddr_522_out         |  out|   32|      ap_vld|               ReadAddr_522_out|       pointer|
|ReadAddr_522_out_ap_vld  |  out|    1|      ap_vld|               ReadAddr_522_out|       pointer|
|ReadAddr_521_out         |  out|   32|      ap_vld|               ReadAddr_521_out|       pointer|
|ReadAddr_521_out_ap_vld  |  out|    1|      ap_vld|               ReadAddr_521_out|       pointer|
|ReadAddr_520_out         |  out|   32|      ap_vld|               ReadAddr_520_out|       pointer|
|ReadAddr_520_out_ap_vld  |  out|    1|      ap_vld|               ReadAddr_520_out|       pointer|
|ReadAddr_519_out         |  out|   32|      ap_vld|               ReadAddr_519_out|       pointer|
|ReadAddr_519_out_ap_vld  |  out|    1|      ap_vld|               ReadAddr_519_out|       pointer|
|ReadAddr_518_out         |  out|   32|      ap_vld|               ReadAddr_518_out|       pointer|
|ReadAddr_518_out_ap_vld  |  out|    1|      ap_vld|               ReadAddr_518_out|       pointer|
|ReadAddr_517_out         |  out|   32|      ap_vld|               ReadAddr_517_out|       pointer|
|ReadAddr_517_out_ap_vld  |  out|    1|      ap_vld|               ReadAddr_517_out|       pointer|
|ReadAddr_516_out         |  out|   32|      ap_vld|               ReadAddr_516_out|       pointer|
|ReadAddr_516_out_ap_vld  |  out|    1|      ap_vld|               ReadAddr_516_out|       pointer|
|ReadAddr_515_out         |  out|   32|      ap_vld|               ReadAddr_515_out|       pointer|
|ReadAddr_515_out_ap_vld  |  out|    1|      ap_vld|               ReadAddr_515_out|       pointer|
|ReadAddr_514_out         |  out|   32|      ap_vld|               ReadAddr_514_out|       pointer|
|ReadAddr_514_out_ap_vld  |  out|    1|      ap_vld|               ReadAddr_514_out|       pointer|
|ReadAddr_513_out         |  out|   32|      ap_vld|               ReadAddr_513_out|       pointer|
|ReadAddr_513_out_ap_vld  |  out|    1|      ap_vld|               ReadAddr_513_out|       pointer|
|ReadAddr_512_out         |  out|   32|      ap_vld|               ReadAddr_512_out|       pointer|
|ReadAddr_512_out_ap_vld  |  out|    1|      ap_vld|               ReadAddr_512_out|       pointer|
+-------------------------+-----+-----+------------+-------------------------------+--------------+

