

================================================================
== Vitis HLS Report for 'Crypto1_Pipeline_INTT_COL_LOOP'
================================================================
* Date:           Fri Apr  4 16:47:53 2025

* Version:        2024.1 (Build 5069499 on May 21 2024)
* Project:        Crypto
* Solution:       solution1 (Vivado IP Flow Target)
* Product family: virtex7
* Target device:  xc7vx485t-ffg1761-3


================================================================
== Performance Estimates
================================================================
+ Timing: 
    * Summary: 
    +--------+---------+----------+------------+
    |  Clock |  Target | Estimated| Uncertainty|
    +--------+---------+----------+------------+
    |ap_clk  |  6.00 ns|  4.006 ns|     1.62 ns|
    +--------+---------+----------+------------+

+ Latency: 
    * Summary: 
    +---------+---------+-----------+-----------+-----+-----+-----------------------------------------------+
    |  Latency (cycles) |   Latency (absolute)  |  Interval |                    Pipeline                   |
    |   min   |   max   |    min    |    max    | min | max |                      Type                     |
    +---------+---------+-----------+-----------+-----+-----+-----------------------------------------------+
    |       12|       12|  72.000 ns|  72.000 ns|   11|   11|  loop auto-rewind stp(delay=0 clock cycles(s))|
    +---------+---------+-----------+-----------+-----+-----+-----------------------------------------------+

    + Detail: 
        * Instance: 
        N/A

        * Loop: 
        +-----------------+---------+---------+----------+-----------+-----------+------+----------+
        |                 |  Latency (cycles) | Iteration|  Initiation Interval  | Trip |          |
        |    Loop Name    |   min   |   max   |  Latency |  achieved |   target  | Count| Pipelined|
        +-----------------+---------+---------+----------+-----------+-----------+------+----------+
        |- INTT_COL_LOOP  |       10|       10|         7|          4|          1|     2|       yes|
        +-----------------+---------+---------+----------+-----------+-----------+------+----------+



================================================================
== Utilization Estimates
================================================================
* Summary: 
+-----------------+---------+------+--------+--------+-----+
|       Name      | BRAM_18K|  DSP |   FF   |   LUT  | URAM|
+-----------------+---------+------+--------+--------+-----+
|DSP              |        -|     -|       -|       -|    -|
|Expression       |        -|     -|       0|    8890|    -|
|FIFO             |        -|     -|       -|       -|    -|
|Instance         |        -|     -|       -|       -|    -|
|Memory           |        -|     -|       -|       -|    -|
|Multiplexer      |        -|     -|    4890|    1323|    -|
|Register         |        -|     -|    3068|       -|    -|
+-----------------+---------+------+--------+--------+-----+
|Total            |        0|     0|    7958|   10213|    0|
+-----------------+---------+------+--------+--------+-----+
|Available        |     2060|  2800|  607200|  303600|    0|
+-----------------+---------+------+--------+--------+-----+
|Utilization (%)  |        0|     0|       1|       3|    0|
+-----------------+---------+------+--------+--------+-----+

+ Detail: 
    * Instance: 
    N/A

    * DSP: 
    N/A

    * Memory: 
    N/A

    * FIFO: 
    N/A

    * Expression: 
    +----------------------------+----------+----+---+----+------------+------------+
    |        Variable Name       | Operation| DSP| FF| LUT| Bitwidth P0| Bitwidth P1|
    +----------------------------+----------+----+---+----+------------+------------+
    |ReadAddr_1116_fu_3598_p2    |         +|   0|  0|  20|          13|          13|
    |ReadAddr_1117_fu_4237_p2    |         +|   0|  0|  20|          13|          13|
    |ReadAddr_1118_fu_4290_p2    |         +|   0|  0|  20|          13|          13|
    |ReadAddr_1119_fu_5725_p2    |         +|   0|  0|  20|          13|          13|
    |ReadAddr_1120_fu_5778_p2    |         +|   0|  0|  20|          13|          13|
    |ReadAddr_1121_fu_6931_p2    |         +|   0|  0|  20|          13|          13|
    |ReadAddr_1122_fu_6989_p2    |         +|   0|  0|  20|          13|          13|
    |ReadAddr_1123_fu_3650_p2    |         +|   0|  0|  20|          13|          13|
    |ReadAddr_1124_fu_3702_p2    |         +|   0|  0|  20|          13|          13|
    |ReadAddr_1125_fu_4385_p2    |         +|   0|  0|  20|          13|          13|
    |ReadAddr_1126_fu_4438_p2    |         +|   0|  0|  20|          13|          13|
    |ReadAddr_1127_fu_5867_p2    |         +|   0|  0|  20|          13|          13|
    |ReadAddr_1128_fu_5920_p2    |         +|   0|  0|  20|          13|          13|
    |ReadAddr_1129_fu_7083_p2    |         +|   0|  0|  20|          13|          13|
    |ReadAddr_1130_fu_7141_p2    |         +|   0|  0|  20|          13|          13|
    |ReadAddr_1131_fu_3754_p2    |         +|   0|  0|  20|          13|          13|
    |ReadAddr_1132_fu_3806_p2    |         +|   0|  0|  20|          13|          13|
    |ReadAddr_1133_fu_4533_p2    |         +|   0|  0|  20|          13|          13|
    |ReadAddr_1134_fu_4586_p2    |         +|   0|  0|  20|          13|          13|
    |ReadAddr_1135_fu_6009_p2    |         +|   0|  0|  20|          13|          13|
    |ReadAddr_1136_fu_6062_p2    |         +|   0|  0|  20|          13|          13|
    |ReadAddr_1137_fu_7235_p2    |         +|   0|  0|  20|          13|          13|
    |ReadAddr_1138_fu_7293_p2    |         +|   0|  0|  20|          13|          13|
    |ReadAddr_1139_fu_3858_p2    |         +|   0|  0|  20|          13|          13|
    |ReadAddr_1140_fu_3910_p2    |         +|   0|  0|  20|          13|          13|
    |ReadAddr_1141_fu_4681_p2    |         +|   0|  0|  20|          13|          13|
    |ReadAddr_1142_fu_4734_p2    |         +|   0|  0|  20|          13|          13|
    |ReadAddr_1143_fu_6151_p2    |         +|   0|  0|  20|          13|          13|
    |ReadAddr_1144_fu_6204_p2    |         +|   0|  0|  20|          13|          13|
    |ReadAddr_1145_fu_7387_p2    |         +|   0|  0|  20|          13|          13|
    |ReadAddr_1146_fu_7445_p2    |         +|   0|  0|  20|          13|          13|
    |ReadAddr_fu_3546_p2         |         +|   0|  0|  20|          13|          13|
    |add_ln369_fu_7803_p2        |         +|   0|  0|  14|           7|           6|
    |add_ln374_fu_3530_p2        |         +|   0|  0|  14|           7|           2|
    |add_ln375_16_fu_4454_p2     |         +|   0|  0|  17|          10|          10|
    |add_ln375_24_fu_4602_p2     |         +|   0|  0|  17|          10|          10|
    |add_ln375_63_fu_4179_p2     |         +|   0|  0|  17|          10|          10|
    |add_ln375_64_fu_5649_p2     |         +|   0|  0|  17|          10|          10|
    |add_ln375_65_fu_5667_p2     |         +|   0|  0|  17|          10|          10|
    |add_ln375_66_fu_6855_p2     |         +|   0|  0|  17|          10|          10|
    |add_ln375_67_fu_6873_p2     |         +|   0|  0|  17|          10|          10|
    |add_ln375_68_fu_6944_p2     |         +|   0|  0|  17|          10|          10|
    |add_ln375_69_fu_7002_p2     |         +|   0|  0|  17|          10|          10|
    |add_ln375_70_fu_4327_p2     |         +|   0|  0|  17|          10|          10|
    |add_ln375_71_fu_5791_p2     |         +|   0|  0|  17|          10|          10|
    |add_ln375_72_fu_5809_p2     |         +|   0|  0|  17|          10|          10|
    |add_ln375_73_fu_7007_p2     |         +|   0|  0|  17|          10|          10|
    |add_ln375_74_fu_7025_p2     |         +|   0|  0|  17|          10|          10|
    |add_ln375_75_fu_7096_p2     |         +|   0|  0|  17|          10|          10|
    |add_ln375_76_fu_7154_p2     |         +|   0|  0|  17|          10|          10|
    |add_ln375_77_fu_4475_p2     |         +|   0|  0|  17|          10|          10|
    |add_ln375_78_fu_5933_p2     |         +|   0|  0|  17|          10|          10|
    |add_ln375_79_fu_5951_p2     |         +|   0|  0|  17|          10|          10|
    |add_ln375_80_fu_7159_p2     |         +|   0|  0|  17|          10|          10|
    |add_ln375_81_fu_7177_p2     |         +|   0|  0|  17|          10|          10|
    |add_ln375_82_fu_7248_p2     |         +|   0|  0|  17|          10|          10|
    |add_ln375_83_fu_7306_p2     |         +|   0|  0|  17|          10|          10|
    |add_ln375_84_fu_4623_p2     |         +|   0|  0|  17|          10|          10|
    |add_ln375_85_fu_6075_p2     |         +|   0|  0|  17|          10|          10|
    |add_ln375_86_fu_6093_p2     |         +|   0|  0|  17|          10|          10|
    |add_ln375_87_fu_7311_p2     |         +|   0|  0|  17|          10|          10|
    |add_ln375_88_fu_7329_p2     |         +|   0|  0|  17|          10|          10|
    |add_ln375_89_fu_7400_p2     |         +|   0|  0|  17|          10|          10|
    |add_ln375_8_fu_4306_p2      |         +|   0|  0|  17|          10|          10|
    |add_ln375_90_fu_7570_p2     |         +|   0|  0|  17|          10|          10|
    |add_ln375_fu_4158_p2        |         +|   0|  0|  17|          10|          10|
    |sub_ln374_10_fu_4345_p2     |         -|   0|  0|  14|           7|           7|
    |sub_ln374_11_fu_4398_p2     |         -|   0|  0|  14|           7|           7|
    |sub_ln374_12_fu_5827_p2     |         -|   0|  0|  14|           7|           7|
    |sub_ln374_13_fu_5880_p2     |         -|   0|  0|  14|           7|           7|
    |sub_ln374_14_fu_7043_p2     |         -|   0|  0|  14|           7|           7|
    |sub_ln374_15_fu_7101_p2     |         -|   0|  0|  14|           7|           7|
    |sub_ln374_16_fu_3712_p2     |         -|   0|  0|  14|           7|           7|
    |sub_ln374_17_fu_3764_p2     |         -|   0|  0|  14|           7|           7|
    |sub_ln374_18_fu_4493_p2     |         -|   0|  0|  14|           7|           7|
    |sub_ln374_19_fu_4546_p2     |         -|   0|  0|  14|           7|           7|
    |sub_ln374_1_fu_3556_p2      |         -|   0|  0|  14|           7|           7|
    |sub_ln374_20_fu_5969_p2     |         -|   0|  0|  14|           7|           7|
    |sub_ln374_21_fu_6022_p2     |         -|   0|  0|  14|           7|           7|
    |sub_ln374_22_fu_7195_p2     |         -|   0|  0|  14|           7|           7|
    |sub_ln374_23_fu_7253_p2     |         -|   0|  0|  14|           7|           7|
    |sub_ln374_24_fu_3816_p2     |         -|   0|  0|  14|           7|           7|
    |sub_ln374_25_fu_3868_p2     |         -|   0|  0|  14|           7|           7|
    |sub_ln374_26_fu_4641_p2     |         -|   0|  0|  14|           7|           7|
    |sub_ln374_27_fu_4694_p2     |         -|   0|  0|  14|           7|           7|
    |sub_ln374_28_fu_6111_p2     |         -|   0|  0|  14|           7|           7|
    |sub_ln374_29_fu_6164_p2     |         -|   0|  0|  14|           7|           7|
    |sub_ln374_2_fu_4197_p2      |         -|   0|  0|  14|           7|           7|
    |sub_ln374_30_fu_7347_p2     |         -|   0|  0|  14|           7|           7|
    |sub_ln374_31_fu_7405_p2     |         -|   0|  0|  14|           7|           7|
    |sub_ln374_3_fu_4250_p2      |         -|   0|  0|  14|           7|           7|
    |sub_ln374_4_fu_5685_p2      |         -|   0|  0|  14|           7|           7|
    |sub_ln374_5_fu_5738_p2      |         -|   0|  0|  14|           7|           7|
    |sub_ln374_6_fu_6891_p2      |         -|   0|  0|  14|           7|           7|
    |sub_ln374_7_fu_6949_p2      |         -|   0|  0|  14|           7|           7|
    |sub_ln374_8_fu_3608_p2      |         -|   0|  0|  14|           7|           7|
    |sub_ln374_9_fu_3660_p2      |         -|   0|  0|  14|           7|           7|
    |sub_ln374_fu_3498_p2        |         -|   0|  0|  14|           7|           7|
    |and_ln374_10_fu_4376_p2     |       and|   0|  0|   7|           7|           7|
    |and_ln374_11_fu_4429_p2     |       and|   0|  0|   7|           7|           7|
    |and_ln374_12_fu_5858_p2     |       and|   0|  0|   7|           7|           7|
    |and_ln374_13_fu_5911_p2     |       and|   0|  0|   7|           7|           7|
    |and_ln374_14_fu_7074_p2     |       and|   0|  0|   7|           7|           7|
    |and_ln374_15_fu_7132_p2     |       and|   0|  0|   7|           7|           7|
    |and_ln374_16_fu_3744_p2     |       and|   0|  0|   7|           7|           7|
    |and_ln374_17_fu_3796_p2     |       and|   0|  0|   7|           7|           7|
    |and_ln374_18_fu_4524_p2     |       and|   0|  0|   7|           7|           7|
    |and_ln374_19_fu_4577_p2     |       and|   0|  0|   7|           7|           7|
    |and_ln374_1_fu_3588_p2      |       and|   0|  0|   7|           7|           7|
    |and_ln374_20_fu_6000_p2     |       and|   0|  0|   7|           7|           7|
    |and_ln374_21_fu_6053_p2     |       and|   0|  0|   7|           7|           7|
    |and_ln374_22_fu_7226_p2     |       and|   0|  0|   7|           7|           7|
    |and_ln374_23_fu_7284_p2     |       and|   0|  0|   7|           7|           7|
    |and_ln374_24_fu_3848_p2     |       and|   0|  0|   7|           7|           7|
    |and_ln374_25_fu_3900_p2     |       and|   0|  0|   7|           7|           7|
    |and_ln374_26_fu_4672_p2     |       and|   0|  0|   7|           7|           7|
    |and_ln374_27_fu_4725_p2     |       and|   0|  0|   7|           7|           7|
    |and_ln374_28_fu_6142_p2     |       and|   0|  0|   7|           7|           7|
    |and_ln374_29_fu_6195_p2     |       and|   0|  0|   7|           7|           7|
    |and_ln374_2_fu_4228_p2      |       and|   0|  0|   7|           7|           7|
    |and_ln374_30_fu_7378_p2     |       and|   0|  0|   7|           7|           7|
    |and_ln374_31_fu_7436_p2     |       and|   0|  0|   7|           7|           7|
    |and_ln374_3_fu_4281_p2      |       and|   0|  0|   7|           7|           7|
    |and_ln374_4_fu_5716_p2      |       and|   0|  0|   7|           7|           7|
    |and_ln374_5_fu_5769_p2      |       and|   0|  0|   7|           7|           7|
    |and_ln374_6_fu_6922_p2      |       and|   0|  0|   7|           7|           7|
    |and_ln374_7_fu_6980_p2      |       and|   0|  0|   7|           7|           7|
    |and_ln374_8_fu_3640_p2      |       and|   0|  0|   7|           7|           7|
    |and_ln374_9_fu_3692_p2      |       and|   0|  0|   7|           7|           7|
    |and_ln374_fu_3536_p2        |       and|   0|  0|   7|           7|           7|
    |icmp_ln372_fu_5596_p2       |      icmp|   0|  0|  14|           7|           6|
    |icmp_ln374_fu_4747_p2       |      icmp|   0|  0|  14|           7|           1|
    |ReadAddr_1147_fu_5000_p3    |    select|   0|  0|  32|           1|          32|
    |ReadAddr_1148_fu_4992_p3    |    select|   0|  0|  32|           1|          32|
    |ReadAddr_1149_fu_4984_p3    |    select|   0|  0|  32|           1|          32|
    |ReadAddr_1150_fu_4976_p3    |    select|   0|  0|  32|           1|          32|
    |ReadAddr_1151_fu_6322_p3    |    select|   0|  0|  32|           1|          32|
    |ReadAddr_1152_fu_6315_p3    |    select|   0|  0|  32|           1|          32|
    |ReadAddr_1153_fu_7559_p3    |    select|   0|  0|  32|           1|          32|
    |ReadAddr_1154_fu_7552_p3    |    select|   0|  0|  32|           1|          32|
    |ReadAddr_1155_fu_4968_p3    |    select|   0|  0|  32|           1|          32|
    |ReadAddr_1156_fu_4960_p3    |    select|   0|  0|  32|           1|          32|
    |ReadAddr_1157_fu_4952_p3    |    select|   0|  0|  32|           1|          32|
    |ReadAddr_1158_fu_4944_p3    |    select|   0|  0|  32|           1|          32|
    |ReadAddr_1159_fu_6308_p3    |    select|   0|  0|  32|           1|          32|
    |ReadAddr_1160_fu_6301_p3    |    select|   0|  0|  32|           1|          32|
    |ReadAddr_1161_fu_7545_p3    |    select|   0|  0|  32|           1|          32|
    |ReadAddr_1162_fu_7538_p3    |    select|   0|  0|  32|           1|          32|
    |ReadAddr_1163_fu_4936_p3    |    select|   0|  0|  32|           1|          32|
    |ReadAddr_1164_fu_4928_p3    |    select|   0|  0|  32|           1|          32|
    |ReadAddr_1165_fu_4920_p3    |    select|   0|  0|  32|           1|          32|
    |ReadAddr_1166_fu_4912_p3    |    select|   0|  0|  32|           1|          32|
    |ReadAddr_1167_fu_6294_p3    |    select|   0|  0|  32|           1|          32|
    |ReadAddr_1168_fu_6287_p3    |    select|   0|  0|  32|           1|          32|
    |ReadAddr_1169_fu_7531_p3    |    select|   0|  0|  32|           1|          32|
    |ReadAddr_1170_fu_7524_p3    |    select|   0|  0|  32|           1|          32|
    |ReadAddr_1171_fu_4904_p3    |    select|   0|  0|  32|           1|          32|
    |ReadAddr_1172_fu_4896_p3    |    select|   0|  0|  32|           1|          32|
    |ReadAddr_1173_fu_4888_p3    |    select|   0|  0|  32|           1|          32|
    |ReadAddr_1174_fu_4880_p3    |    select|   0|  0|  32|           1|          32|
    |ReadAddr_1175_fu_6280_p3    |    select|   0|  0|  32|           1|          32|
    |ReadAddr_1176_fu_6273_p3    |    select|   0|  0|  32|           1|          32|
    |ReadAddr_1177_fu_7517_p3    |    select|   0|  0|  32|           1|          32|
    |ReadAddr_1178_fu_7510_p3    |    select|   0|  0|  32|           1|          32|
    |ReadAddr_1179_fu_4872_p3    |    select|   0|  0|  32|           1|          32|
    |ReadAddr_1180_fu_4864_p3    |    select|   0|  0|  32|           1|          32|
    |ReadAddr_1181_fu_4856_p3    |    select|   0|  0|  32|           1|          32|
    |ReadAddr_1182_fu_4848_p3    |    select|   0|  0|  32|           1|          32|
    |ReadAddr_1183_fu_6266_p3    |    select|   0|  0|  32|           1|          32|
    |ReadAddr_1184_fu_6259_p3    |    select|   0|  0|  32|           1|          32|
    |ReadAddr_1185_fu_7503_p3    |    select|   0|  0|  32|           1|          32|
    |ReadAddr_1186_fu_7496_p3    |    select|   0|  0|  32|           1|          32|
    |ReadAddr_1187_fu_4840_p3    |    select|   0|  0|  32|           1|          32|
    |ReadAddr_1188_fu_4832_p3    |    select|   0|  0|  32|           1|          32|
    |ReadAddr_1189_fu_4824_p3    |    select|   0|  0|  32|           1|          32|
    |ReadAddr_1190_fu_4816_p3    |    select|   0|  0|  32|           1|          32|
    |ReadAddr_1191_fu_6252_p3    |    select|   0|  0|  32|           1|          32|
    |ReadAddr_1192_fu_6245_p3    |    select|   0|  0|  32|           1|          32|
    |ReadAddr_1193_fu_7489_p3    |    select|   0|  0|  32|           1|          32|
    |ReadAddr_1194_fu_7482_p3    |    select|   0|  0|  32|           1|          32|
    |ReadAddr_1195_fu_4808_p3    |    select|   0|  0|  32|           1|          32|
    |ReadAddr_1196_fu_4800_p3    |    select|   0|  0|  32|           1|          32|
    |ReadAddr_1197_fu_4792_p3    |    select|   0|  0|  32|           1|          32|
    |ReadAddr_1198_fu_4784_p3    |    select|   0|  0|  32|           1|          32|
    |ReadAddr_1199_fu_6238_p3    |    select|   0|  0|  32|           1|          32|
    |ReadAddr_1200_fu_6231_p3    |    select|   0|  0|  32|           1|          32|
    |ReadAddr_1201_fu_7475_p3    |    select|   0|  0|  32|           1|          32|
    |ReadAddr_1202_fu_7468_p3    |    select|   0|  0|  32|           1|          32|
    |ReadAddr_1203_fu_4776_p3    |    select|   0|  0|  32|           1|          32|
    |ReadAddr_1204_fu_4768_p3    |    select|   0|  0|  32|           1|          32|
    |ReadAddr_1205_fu_4760_p3    |    select|   0|  0|  32|           1|          32|
    |ReadAddr_1206_fu_4752_p3    |    select|   0|  0|  32|           1|          32|
    |ReadAddr_1207_fu_6224_p3    |    select|   0|  0|  32|           1|          32|
    |ReadAddr_1208_fu_6217_p3    |    select|   0|  0|  32|           1|          32|
    |ReadAddr_1209_fu_7461_p3    |    select|   0|  0|  32|           1|          32|
    |ReadAddr_1210_fu_7454_p3    |    select|   0|  0|  32|           1|          32|
    |ReadAddr_1211_fu_7691_p3    |    select|   0|  0|  32|           1|          32|
    |ReadAddr_1212_fu_7698_p3    |    select|   0|  0|  32|           1|          32|
    |ReadAddr_1213_fu_6453_p3    |    select|   0|  0|  32|           1|          32|
    |ReadAddr_1214_fu_6460_p3    |    select|   0|  0|  32|           1|          32|
    |ReadAddr_1215_fu_5008_p3    |    select|   0|  0|  32|           1|          32|
    |ReadAddr_1216_fu_5015_p3    |    select|   0|  0|  32|           1|          32|
    |ReadAddr_1217_fu_5022_p3    |    select|   0|  0|  32|           1|          32|
    |ReadAddr_1218_fu_5029_p3    |    select|   0|  0|  32|           1|          32|
    |ReadAddr_1219_fu_7705_p3    |    select|   0|  0|  32|           1|          32|
    |ReadAddr_1220_fu_7712_p3    |    select|   0|  0|  32|           1|          32|
    |ReadAddr_1221_fu_6467_p3    |    select|   0|  0|  32|           1|          32|
    |ReadAddr_1222_fu_6474_p3    |    select|   0|  0|  32|           1|          32|
    |ReadAddr_1223_fu_5036_p3    |    select|   0|  0|  32|           1|          32|
    |ReadAddr_1224_fu_5043_p3    |    select|   0|  0|  32|           1|          32|
    |ReadAddr_1225_fu_5050_p3    |    select|   0|  0|  32|           1|          32|
    |ReadAddr_1226_fu_5057_p3    |    select|   0|  0|  32|           1|          32|
    |ReadAddr_1227_fu_7719_p3    |    select|   0|  0|  32|           1|          32|
    |ReadAddr_1228_fu_7726_p3    |    select|   0|  0|  32|           1|          32|
    |ReadAddr_1229_fu_6481_p3    |    select|   0|  0|  32|           1|          32|
    |ReadAddr_1230_fu_6488_p3    |    select|   0|  0|  32|           1|          32|
    |ReadAddr_1231_fu_5064_p3    |    select|   0|  0|  32|           1|          32|
    |ReadAddr_1232_fu_5071_p3    |    select|   0|  0|  32|           1|          32|
    |ReadAddr_1233_fu_5078_p3    |    select|   0|  0|  32|           1|          32|
    |ReadAddr_1234_fu_5085_p3    |    select|   0|  0|  32|           1|          32|
    |ReadAddr_1235_fu_7733_p3    |    select|   0|  0|  32|           1|          32|
    |ReadAddr_1236_fu_7740_p3    |    select|   0|  0|  32|           1|          32|
    |ReadAddr_1237_fu_6495_p3    |    select|   0|  0|  32|           1|          32|
    |ReadAddr_1238_fu_6502_p3    |    select|   0|  0|  32|           1|          32|
    |ReadAddr_1239_fu_5092_p3    |    select|   0|  0|  32|           1|          32|
    |ReadAddr_1240_fu_5099_p3    |    select|   0|  0|  32|           1|          32|
    |ReadAddr_1241_fu_5106_p3    |    select|   0|  0|  32|           1|          32|
    |ReadAddr_1242_fu_5113_p3    |    select|   0|  0|  32|           1|          32|
    |ReadAddr_1243_fu_7747_p3    |    select|   0|  0|  32|           1|          32|
    |ReadAddr_1244_fu_7754_p3    |    select|   0|  0|  32|           1|          32|
    |ReadAddr_1245_fu_6509_p3    |    select|   0|  0|  32|           1|          32|
    |ReadAddr_1246_fu_6516_p3    |    select|   0|  0|  32|           1|          32|
    |ReadAddr_1247_fu_5120_p3    |    select|   0|  0|  32|           1|          32|
    |ReadAddr_1248_fu_5127_p3    |    select|   0|  0|  32|           1|          32|
    |ReadAddr_1249_fu_5134_p3    |    select|   0|  0|  32|           1|          32|
    |ReadAddr_1250_fu_5141_p3    |    select|   0|  0|  32|           1|          32|
    |ReadAddr_1251_fu_7761_p3    |    select|   0|  0|  32|           1|          32|
    |ReadAddr_1252_fu_7768_p3    |    select|   0|  0|  32|           1|          32|
    |ReadAddr_1253_fu_6523_p3    |    select|   0|  0|  32|           1|          32|
    |ReadAddr_1254_fu_6530_p3    |    select|   0|  0|  32|           1|          32|
    |ReadAddr_1255_fu_5148_p3    |    select|   0|  0|  32|           1|          32|
    |ReadAddr_1256_fu_5155_p3    |    select|   0|  0|  32|           1|          32|
    |ReadAddr_1257_fu_5162_p3    |    select|   0|  0|  32|           1|          32|
    |ReadAddr_1258_fu_5169_p3    |    select|   0|  0|  32|           1|          32|
    |ReadAddr_1259_fu_7775_p3    |    select|   0|  0|  32|           1|          32|
    |ReadAddr_1260_fu_7782_p3    |    select|   0|  0|  32|           1|          32|
    |ReadAddr_1261_fu_6537_p3    |    select|   0|  0|  32|           1|          32|
    |ReadAddr_1262_fu_6544_p3    |    select|   0|  0|  32|           1|          32|
    |ReadAddr_1263_fu_5176_p3    |    select|   0|  0|  32|           1|          32|
    |ReadAddr_1264_fu_5183_p3    |    select|   0|  0|  32|           1|          32|
    |ReadAddr_1265_fu_5190_p3    |    select|   0|  0|  32|           1|          32|
    |ReadAddr_1266_fu_5197_p3    |    select|   0|  0|  32|           1|          32|
    |ReadAddr_1267_fu_7789_p3    |    select|   0|  0|  32|           1|          32|
    |ReadAddr_1268_fu_7796_p3    |    select|   0|  0|  32|           1|          32|
    |ReadAddr_1269_fu_6551_p3    |    select|   0|  0|  32|           1|          32|
    |ReadAddr_1270_fu_6558_p3    |    select|   0|  0|  32|           1|          32|
    |ReadAddr_1271_fu_5204_p3    |    select|   0|  0|  32|           1|          32|
    |ReadAddr_1272_fu_5211_p3    |    select|   0|  0|  32|           1|          32|
    |ReadAddr_1273_fu_5218_p3    |    select|   0|  0|  32|           1|          32|
    |ReadAddr_1274_fu_5225_p3    |    select|   0|  0|  32|           1|          32|
    |grp_fu_2954_p3              |    select|   0|  0|  32|           1|          32|
    |grp_fu_2961_p3              |    select|   0|  0|  32|           1|          32|
    |grp_fu_2968_p3              |    select|   0|  0|  32|           1|          32|
    |grp_fu_2975_p3              |    select|   0|  0|  32|           1|          32|
    |grp_fu_2982_p3              |    select|   0|  0|  32|           1|          32|
    |grp_fu_2989_p3              |    select|   0|  0|  32|           1|          32|
    |grp_fu_2996_p3              |    select|   0|  0|  32|           1|          32|
    |grp_fu_3003_p3              |    select|   0|  0|  32|           1|          32|
    |select_ln372_10_fu_6825_p3  |    select|   0|  0|  32|           1|          32|
    |select_ln372_11_fu_6830_p3  |    select|   0|  0|  32|           1|          32|
    |select_ln372_12_fu_7929_p3  |    select|   0|  0|  32|           1|          32|
    |select_ln372_13_fu_7934_p3  |    select|   0|  0|  32|           1|          32|
    |select_ln372_14_fu_8162_p3  |    select|   0|  0|  32|           1|          32|
    |select_ln372_15_fu_8167_p3  |    select|   0|  0|  32|           1|          32|
    |select_ln372_16_fu_5625_p3  |    select|   0|  0|  32|           1|          32|
    |select_ln372_17_fu_5631_p3  |    select|   0|  0|  32|           1|          32|
    |select_ln372_18_fu_6835_p3  |    select|   0|  0|  32|           1|          32|
    |select_ln372_19_fu_6840_p3  |    select|   0|  0|  32|           1|          32|
    |select_ln372_1_fu_5607_p3   |    select|   0|  0|  32|           1|          32|
    |select_ln372_20_fu_7939_p3  |    select|   0|  0|  32|           1|          32|
    |select_ln372_21_fu_7944_p3  |    select|   0|  0|  32|           1|          32|
    |select_ln372_22_fu_8172_p3  |    select|   0|  0|  32|           1|          32|
    |select_ln372_23_fu_8177_p3  |    select|   0|  0|  32|           1|          32|
    |select_ln372_24_fu_5637_p3  |    select|   0|  0|  32|           1|          32|
    |select_ln372_25_fu_5643_p3  |    select|   0|  0|  32|           1|          32|
    |select_ln372_26_fu_6845_p3  |    select|   0|  0|  32|           1|          32|
    |select_ln372_27_fu_6850_p3  |    select|   0|  0|  32|           1|          32|
    |select_ln372_28_fu_7949_p3  |    select|   0|  0|  32|           1|          32|
    |select_ln372_29_fu_7954_p3  |    select|   0|  0|  32|           1|          32|
    |select_ln372_2_fu_6815_p3   |    select|   0|  0|  32|           1|          32|
    |select_ln372_30_fu_8182_p3  |    select|   0|  0|  32|           1|          32|
    |select_ln372_31_fu_8187_p3  |    select|   0|  0|  32|           1|          32|
    |select_ln372_3_fu_6820_p3   |    select|   0|  0|  32|           1|          32|
    |select_ln372_4_fu_7919_p3   |    select|   0|  0|  32|           1|          32|
    |select_ln372_5_fu_7924_p3   |    select|   0|  0|  32|           1|          32|
    |select_ln372_6_fu_8152_p3   |    select|   0|  0|  32|           1|          32|
    |select_ln372_7_fu_8157_p3   |    select|   0|  0|  32|           1|          32|
    |select_ln372_8_fu_5613_p3   |    select|   0|  0|  32|           1|          32|
    |select_ln372_9_fu_5619_p3   |    select|   0|  0|  32|           1|          32|
    |select_ln372_fu_5601_p3     |    select|   0|  0|  32|           1|          32|
    |select_ln375_10_fu_7589_p3  |    select|   0|  0|  32|           1|          32|
    |select_ln375_11_fu_7596_p3  |    select|   0|  0|  32|           1|          32|
    |select_ln375_16_fu_6361_p3  |    select|   0|  0|  32|           1|          32|
    |select_ln375_17_fu_6369_p3  |    select|   0|  0|  32|           1|          32|
    |select_ln375_18_fu_7603_p3  |    select|   0|  0|  32|           1|          32|
    |select_ln375_19_fu_7610_p3  |    select|   0|  0|  32|           1|          32|
    |select_ln375_1_fu_6337_p3   |    select|   0|  0|  32|           1|          32|
    |select_ln375_24_fu_6377_p3  |    select|   0|  0|  32|           1|          32|
    |select_ln375_25_fu_6385_p3  |    select|   0|  0|  32|           1|          32|
    |select_ln375_26_fu_7617_p3  |    select|   0|  0|  32|           1|          32|
    |select_ln375_27_fu_7624_p3  |    select|   0|  0|  32|           1|          32|
    |select_ln375_2_fu_7575_p3   |    select|   0|  0|  32|           1|          32|
    |select_ln375_3_fu_7582_p3   |    select|   0|  0|  32|           1|          32|
    |select_ln375_8_fu_6345_p3   |    select|   0|  0|  32|           1|          32|
    |select_ln375_9_fu_6353_p3   |    select|   0|  0|  32|           1|          32|
    |select_ln375_fu_6329_p3     |    select|   0|  0|  32|           1|          32|
    |storemerge102_fu_8238_p3    |    select|   0|  0|  32|           1|          32|
    |storemerge103_fu_7677_p3    |    select|   0|  0|  32|           1|          32|
    |storemerge114_fu_8230_p3    |    select|   0|  0|  32|           1|          32|
    |storemerge115_fu_7669_p3    |    select|   0|  0|  32|           1|          32|
    |storemerge126_fu_8222_p3    |    select|   0|  0|  32|           1|          32|
    |storemerge127_fu_7661_p3    |    select|   0|  0|  32|           1|          32|
    |storemerge138_fu_8215_p3    |    select|   0|  0|  32|           1|          32|
    |storemerge139_fu_7654_p3    |    select|   0|  0|  32|           1|          32|
    |storemerge150_fu_8208_p3    |    select|   0|  0|  32|           1|          32|
    |storemerge151_fu_7647_p3    |    select|   0|  0|  32|           1|          32|
    |storemerge162_fu_8200_p3    |    select|   0|  0|  32|           1|          32|
    |storemerge163_fu_7639_p3    |    select|   0|  0|  32|           1|          32|
    |storemerge174_fu_8192_p3    |    select|   0|  0|  32|           1|          32|
    |storemerge175_fu_7631_p3    |    select|   0|  0|  32|           1|          32|
    |storemerge186_fu_8116_p3    |    select|   0|  0|  32|           1|          32|
    |storemerge187_fu_6446_p3    |    select|   0|  0|  32|           1|          32|
    |storemerge198_fu_8109_p3    |    select|   0|  0|  32|           1|          32|
    |storemerge199_fu_6439_p3    |    select|   0|  0|  32|           1|          32|
    |storemerge210_fu_8101_p3    |    select|   0|  0|  32|           1|          32|
    |storemerge211_fu_6431_p3    |    select|   0|  0|  32|           1|          32|
    |storemerge222_fu_8093_p3    |    select|   0|  0|  32|           1|          32|
    |storemerge223_fu_6423_p3    |    select|   0|  0|  32|           1|          32|
    |storemerge234_fu_8086_p3    |    select|   0|  0|  32|           1|          32|
    |storemerge235_fu_6416_p3    |    select|   0|  0|  32|           1|          32|
    |storemerge246_fu_8079_p3    |    select|   0|  0|  32|           1|          32|
    |storemerge247_fu_6409_p3    |    select|   0|  0|  32|           1|          32|
    |storemerge258_fu_8071_p3    |    select|   0|  0|  32|           1|          32|
    |storemerge259_fu_6401_p3    |    select|   0|  0|  32|           1|          32|
    |storemerge270_fu_8063_p3    |    select|   0|  0|  32|           1|          32|
    |storemerge271_fu_6393_p3    |    select|   0|  0|  32|           1|          32|
    |storemerge4_fu_8245_p3      |    select|   0|  0|  32|           1|          32|
    |storemerge5_fu_7684_p3      |    select|   0|  0|  32|           1|          32|
    |ap_enable_pp0               |       xor|   0|  0|   2|           1|           2|
    |xor_ln374_100_fu_6962_p2    |       xor|   0|  0|   2|           1|           2|
    |xor_ln374_101_fu_3622_p2    |       xor|   0|  0|   2|           1|           2|
    |xor_ln374_102_fu_3674_p2    |       xor|   0|  0|   2|           1|           2|
    |xor_ln374_103_fu_4358_p2    |       xor|   0|  0|   2|           1|           2|
    |xor_ln374_104_fu_4411_p2    |       xor|   0|  0|   2|           1|           2|
    |xor_ln374_105_fu_5840_p2    |       xor|   0|  0|   2|           1|           2|
    |xor_ln374_106_fu_5893_p2    |       xor|   0|  0|   2|           1|           2|
    |xor_ln374_107_fu_7056_p2    |       xor|   0|  0|   2|           1|           2|
    |xor_ln374_108_fu_7114_p2    |       xor|   0|  0|   2|           1|           2|
    |xor_ln374_109_fu_3726_p2    |       xor|   0|  0|   2|           1|           2|
    |xor_ln374_110_fu_3778_p2    |       xor|   0|  0|   2|           1|           2|
    |xor_ln374_111_fu_4506_p2    |       xor|   0|  0|   2|           1|           2|
    |xor_ln374_112_fu_4559_p2    |       xor|   0|  0|   2|           1|           2|
    |xor_ln374_113_fu_5982_p2    |       xor|   0|  0|   2|           1|           2|
    |xor_ln374_114_fu_6035_p2    |       xor|   0|  0|   2|           1|           2|
    |xor_ln374_115_fu_7208_p2    |       xor|   0|  0|   2|           1|           2|
    |xor_ln374_116_fu_7266_p2    |       xor|   0|  0|   2|           1|           2|
    |xor_ln374_117_fu_3830_p2    |       xor|   0|  0|   2|           1|           2|
    |xor_ln374_118_fu_3882_p2    |       xor|   0|  0|   2|           1|           2|
    |xor_ln374_119_fu_4654_p2    |       xor|   0|  0|   2|           1|           2|
    |xor_ln374_120_fu_4707_p2    |       xor|   0|  0|   2|           1|           2|
    |xor_ln374_121_fu_6124_p2    |       xor|   0|  0|   2|           1|           2|
    |xor_ln374_122_fu_6177_p2    |       xor|   0|  0|   2|           1|           2|
    |xor_ln374_123_fu_7360_p2    |       xor|   0|  0|   2|           1|           2|
    |xor_ln374_124_fu_7418_p2    |       xor|   0|  0|   2|           1|           2|
    |xor_ln374_94_fu_3512_p2     |       xor|   0|  0|   2|           1|           2|
    |xor_ln374_95_fu_4210_p2     |       xor|   0|  0|   2|           1|           2|
    |xor_ln374_96_fu_4263_p2     |       xor|   0|  0|   2|           1|           2|
    |xor_ln374_97_fu_5698_p2     |       xor|   0|  0|   2|           1|           2|
    |xor_ln374_98_fu_5751_p2     |       xor|   0|  0|   2|           1|           2|
    |xor_ln374_99_fu_6904_p2     |       xor|   0|  0|   2|           1|           2|
    |xor_ln374_fu_3570_p2        |       xor|   0|  0|   2|           1|           2|
    +----------------------------+----------+----+---+----+------------+------------+
    |Total                       |          |   0|  0|8890|        1461|        8177|
    +----------------------------+----------+----+---+----+------------+------------+

    * Multiplexer: 
    +-----------------------------+----+-----------+-----+-----------+
    |             Name            | LUT| Input Size| Bits| Total Bits|
    +-----------------------------+----+-----------+-----+-----------+
    |DataRAM_1_address0_local     |  21|          5|   13|         65|
    |DataRAM_1_address1_local     |  21|          5|   13|         65|
    |DataRAM_2_address0_local     |  21|          5|   13|         65|
    |DataRAM_2_address1_local     |  21|          5|   13|         65|
    |DataRAM_3_address0_local     |  21|          5|   13|         65|
    |DataRAM_3_address1_local     |  21|          5|   13|         65|
    |DataRAM_4_address0_local     |  21|          5|   13|         65|
    |DataRAM_4_address1_local     |  21|          5|   13|         65|
    |DataRAM_5_address0_local     |  21|          5|   13|         65|
    |DataRAM_5_address1_local     |  21|          5|   13|         65|
    |DataRAM_6_address0_local     |  21|          5|   13|         65|
    |DataRAM_6_address1_local     |  21|          5|   13|         65|
    |DataRAM_7_address0_local     |  21|          5|   13|         65|
    |DataRAM_7_address1_local     |  21|          5|   13|         65|
    |DataRAM_address0_local       |  21|          5|   13|         65|
    |DataRAM_address1_local       |  21|          5|   13|         65|
    |ReadAddr_704_fu_576          |   9|          2|   32|         64|
    |ReadAddr_705_fu_580          |   9|          2|   32|         64|
    |ReadAddr_706_fu_584          |   9|          2|   32|         64|
    |ReadAddr_707_fu_588          |   9|          2|   32|         64|
    |ReadAddr_708_fu_592          |   9|          2|   32|         64|
    |ReadAddr_709_fu_596          |   9|          2|   32|         64|
    |ReadAddr_710_fu_600          |   9|          2|   32|         64|
    |ReadAddr_711_fu_604          |   9|          2|   32|         64|
    |ReadAddr_712_fu_608          |   9|          2|   32|         64|
    |ReadAddr_713_fu_612          |   9|          2|   32|         64|
    |ReadAddr_714_fu_616          |   9|          2|   32|         64|
    |ReadAddr_715_fu_620          |   9|          2|   32|         64|
    |ReadAddr_716_fu_624          |   9|          2|   32|         64|
    |ReadAddr_717_fu_628          |   9|          2|   32|         64|
    |ReadAddr_718_fu_632          |   9|          2|   32|         64|
    |ReadAddr_719_fu_636          |   9|          2|   32|         64|
    |ReadAddr_720_fu_640          |   9|          2|   32|         64|
    |ReadAddr_721_fu_644          |   9|          2|   32|         64|
    |ReadAddr_722_fu_648          |   9|          2|   32|         64|
    |ReadAddr_723_fu_652          |   9|          2|   32|         64|
    |ReadAddr_724_fu_656          |   9|          2|   32|         64|
    |ReadAddr_725_fu_660          |   9|          2|   32|         64|
    |ReadAddr_726_fu_664          |   9|          2|   32|         64|
    |ReadAddr_727_fu_668          |   9|          2|   32|         64|
    |ReadAddr_728_fu_672          |   9|          2|   32|         64|
    |ReadAddr_729_fu_676          |   9|          2|   32|         64|
    |ReadAddr_730_fu_680          |   9|          2|   32|         64|
    |ReadAddr_731_fu_684          |   9|          2|   32|         64|
    |ReadAddr_732_fu_688          |   9|          2|   32|         64|
    |ReadAddr_733_fu_692          |   9|          2|   32|         64|
    |ReadAddr_734_fu_696          |   9|          2|   32|         64|
    |ReadAddr_735_fu_700          |   9|          2|   32|         64|
    |ReadAddr_736_fu_704          |   9|          2|   32|         64|
    |ReadAddr_737_fu_708          |   9|          2|   32|         64|
    |ReadAddr_738_fu_712          |   9|          2|   32|         64|
    |ReadAddr_739_fu_716          |   9|          2|   32|         64|
    |ReadAddr_740_fu_720          |   9|          2|   32|         64|
    |ReadAddr_741_fu_724          |   9|          2|   32|         64|
    |ReadAddr_742_fu_728          |   9|          2|   32|         64|
    |ReadAddr_743_fu_732          |   9|          2|   32|         64|
    |ReadAddr_744_fu_736          |   9|          2|   32|         64|
    |ReadAddr_745_fu_740          |   9|          2|   32|         64|
    |ReadAddr_746_fu_744          |   9|          2|   32|         64|
    |ReadAddr_747_fu_748          |   9|          2|   32|         64|
    |ReadAddr_748_fu_752          |   9|          2|   32|         64|
    |ReadAddr_749_fu_756          |   9|          2|   32|         64|
    |ReadAddr_750_fu_760          |   9|          2|   32|         64|
    |ReadAddr_751_fu_764          |   9|          2|   32|         64|
    |ReadAddr_752_fu_768          |   9|          2|   32|         64|
    |ReadAddr_753_fu_772          |   9|          2|   32|         64|
    |ReadAddr_754_fu_776          |   9|          2|   32|         64|
    |ReadAddr_755_fu_780          |   9|          2|   32|         64|
    |ReadAddr_756_fu_784          |   9|          2|   32|         64|
    |ReadAddr_757_fu_788          |   9|          2|   32|         64|
    |ReadAddr_758_fu_792          |   9|          2|   32|         64|
    |ReadAddr_759_fu_796          |   9|          2|   32|         64|
    |ReadAddr_760_fu_800          |   9|          2|   32|         64|
    |ReadAddr_761_fu_804          |   9|          2|   32|         64|
    |ReadAddr_762_fu_808          |   9|          2|   32|         64|
    |ReadAddr_763_fu_812          |   9|          2|   32|         64|
    |ReadAddr_764_fu_816          |   9|          2|   32|         64|
    |ReadAddr_765_fu_820          |   9|          2|   32|         64|
    |ReadAddr_766_fu_824          |   9|          2|   32|         64|
    |ReadAddr_767_fu_828          |   9|          2|   32|         64|
    |ReadData_1_address0_local    |  21|          5|    4|         20|
    |ReadData_1_address1_local    |  21|          5|    4|         20|
    |ReadData_1_d0_local          |  21|          5|   32|        160|
    |ReadData_1_d1_local          |  21|          5|   32|        160|
    |ReadData_2_address0_local    |  21|          5|    4|         20|
    |ReadData_2_address1_local    |  21|          5|    4|         20|
    |ReadData_2_d0_local          |  21|          5|   32|        160|
    |ReadData_2_d1_local          |  21|          5|   32|        160|
    |ReadData_3_address0_local    |  21|          5|    4|         20|
    |ReadData_3_address1_local    |  21|          5|    4|         20|
    |ReadData_3_d0_local          |  21|          5|   32|        160|
    |ReadData_3_d1_local          |  21|          5|   32|        160|
    |ReadData_address0_local      |  21|          5|    4|         20|
    |ReadData_address1_local      |  21|          5|    4|         20|
    |ReadData_d0_local            |  21|          5|   32|        160|
    |ReadData_d1_local            |  21|          5|   32|        160|
    |ap_NS_fsm                    |  21|          5|    1|          5|
    |ap_done_int                  |   9|          2|    1|          2|
    |ap_enable_reg_pp0_iter0      |   9|          2|    1|          2|
    |ap_enable_reg_pp0_iter0_reg  |   9|          2|    1|          2|
    |ap_enable_reg_pp0_iter1      |   9|          2|    1|          2|
    |ap_sig_allocacmp_l           |   9|          2|    7|         14|
    |l_1_fu_572                   |   9|          2|    7|         14|
    +-----------------------------+----+-----------+-----+-----------+
    |Total                        |1323|        305| 2563|       6617|
    +-----------------------------+----+-----------+-----+-----------+

    * Register: 
    +--------------------------------+----+----+-----+-----------+
    |              Name              | FF | LUT| Bits| Const Bits|
    +--------------------------------+----+----+-----+-----------+
    |ReadAddr_1116_reg_9626          |  13|   0|   13|          0|
    |ReadAddr_1123_reg_9636          |  13|   0|   13|          0|
    |ReadAddr_1124_reg_9646          |  13|   0|   13|          0|
    |ReadAddr_1131_reg_9656          |  13|   0|   13|          0|
    |ReadAddr_1132_reg_9666          |  13|   0|   13|          0|
    |ReadAddr_1139_reg_9676          |  13|   0|   13|          0|
    |ReadAddr_1140_reg_9686          |  13|   0|   13|          0|
    |ReadAddr_704_fu_576             |  32|   0|   32|          0|
    |ReadAddr_705_fu_580             |  32|   0|   32|          0|
    |ReadAddr_706_fu_584             |  32|   0|   32|          0|
    |ReadAddr_707_fu_588             |  32|   0|   32|          0|
    |ReadAddr_708_fu_592             |  32|   0|   32|          0|
    |ReadAddr_709_fu_596             |  32|   0|   32|          0|
    |ReadAddr_710_fu_600             |  32|   0|   32|          0|
    |ReadAddr_711_fu_604             |  32|   0|   32|          0|
    |ReadAddr_712_fu_608             |  32|   0|   32|          0|
    |ReadAddr_713_fu_612             |  32|   0|   32|          0|
    |ReadAddr_714_fu_616             |  32|   0|   32|          0|
    |ReadAddr_715_fu_620             |  32|   0|   32|          0|
    |ReadAddr_716_fu_624             |  32|   0|   32|          0|
    |ReadAddr_717_fu_628             |  32|   0|   32|          0|
    |ReadAddr_718_fu_632             |  32|   0|   32|          0|
    |ReadAddr_719_fu_636             |  32|   0|   32|          0|
    |ReadAddr_720_fu_640             |  32|   0|   32|          0|
    |ReadAddr_721_fu_644             |  32|   0|   32|          0|
    |ReadAddr_722_fu_648             |  32|   0|   32|          0|
    |ReadAddr_723_fu_652             |  32|   0|   32|          0|
    |ReadAddr_724_fu_656             |  32|   0|   32|          0|
    |ReadAddr_725_fu_660             |  32|   0|   32|          0|
    |ReadAddr_726_fu_664             |  32|   0|   32|          0|
    |ReadAddr_727_fu_668             |  32|   0|   32|          0|
    |ReadAddr_728_fu_672             |  32|   0|   32|          0|
    |ReadAddr_729_fu_676             |  32|   0|   32|          0|
    |ReadAddr_730_fu_680             |  32|   0|   32|          0|
    |ReadAddr_731_fu_684             |  32|   0|   32|          0|
    |ReadAddr_732_fu_688             |  32|   0|   32|          0|
    |ReadAddr_733_fu_692             |  32|   0|   32|          0|
    |ReadAddr_734_fu_696             |  32|   0|   32|          0|
    |ReadAddr_735_fu_700             |  32|   0|   32|          0|
    |ReadAddr_736_fu_704             |  32|   0|   32|          0|
    |ReadAddr_737_fu_708             |  32|   0|   32|          0|
    |ReadAddr_738_fu_712             |  32|   0|   32|          0|
    |ReadAddr_739_fu_716             |  32|   0|   32|          0|
    |ReadAddr_740_fu_720             |  32|   0|   32|          0|
    |ReadAddr_741_fu_724             |  32|   0|   32|          0|
    |ReadAddr_742_fu_728             |  32|   0|   32|          0|
    |ReadAddr_743_fu_732             |  32|   0|   32|          0|
    |ReadAddr_744_fu_736             |  32|   0|   32|          0|
    |ReadAddr_745_fu_740             |  32|   0|   32|          0|
    |ReadAddr_746_fu_744             |  32|   0|   32|          0|
    |ReadAddr_747_fu_748             |  32|   0|   32|          0|
    |ReadAddr_748_fu_752             |  32|   0|   32|          0|
    |ReadAddr_749_fu_756             |  32|   0|   32|          0|
    |ReadAddr_750_fu_760             |  32|   0|   32|          0|
    |ReadAddr_751_fu_764             |  32|   0|   32|          0|
    |ReadAddr_752_fu_768             |  32|   0|   32|          0|
    |ReadAddr_753_fu_772             |  32|   0|   32|          0|
    |ReadAddr_754_fu_776             |  32|   0|   32|          0|
    |ReadAddr_755_fu_780             |  32|   0|   32|          0|
    |ReadAddr_756_fu_784             |  32|   0|   32|          0|
    |ReadAddr_757_fu_788             |  32|   0|   32|          0|
    |ReadAddr_758_fu_792             |  32|   0|   32|          0|
    |ReadAddr_759_fu_796             |  32|   0|   32|          0|
    |ReadAddr_760_fu_800             |  32|   0|   32|          0|
    |ReadAddr_761_fu_804             |  32|   0|   32|          0|
    |ReadAddr_762_fu_808             |  32|   0|   32|          0|
    |ReadAddr_763_fu_812             |  32|   0|   32|          0|
    |ReadAddr_764_fu_816             |  32|   0|   32|          0|
    |ReadAddr_765_fu_820             |  32|   0|   32|          0|
    |ReadAddr_766_fu_824             |  32|   0|   32|          0|
    |ReadAddr_767_fu_828             |  32|   0|   32|          0|
    |ReadAddr_reg_9616               |  13|   0|   13|          0|
    |add_ln374_reg_9588              |   7|   0|    7|          0|
    |add_ln375_68_reg_10110          |  10|   0|   10|          0|
    |add_ln375_69_reg_10115          |  10|   0|   10|          0|
    |add_ln375_75_reg_10140          |  10|   0|   10|          0|
    |add_ln375_76_reg_10145          |  10|   0|   10|          0|
    |add_ln375_82_reg_10170          |  10|   0|   10|          0|
    |add_ln375_83_reg_10175          |  10|   0|   10|          0|
    |add_ln375_89_reg_10200          |  10|   0|   10|          0|
    |add_ln375_90_reg_10205          |  10|   0|   10|          0|
    |ap_CS_fsm                       |   4|   0|    4|          0|
    |ap_done_reg                     |   1|   0|    1|          0|
    |ap_enable_reg_pp0_iter0_reg     |   1|   0|    1|          0|
    |ap_enable_reg_pp0_iter1         |   1|   0|    1|          0|
    |icmp_ln372_reg_9894             |   1|   0|    1|          0|
    |icmp_ln374_reg_9832             |   1|   0|    1|          0|
    |k_3_cast_reg_9511               |   6|   0|    7|          1|
    |l_1_fu_572                      |   7|   0|    7|          0|
    |l_reg_9539                      |   7|   0|    7|          0|
    |lshr_ln2_reg_9696               |   4|   0|    4|          0|
    |mul622_cast_reg_9483            |  12|   0|   13|          1|
    |storemerge102_reg_10364         |  32|   0|   32|          0|
    |storemerge103_reg_10220         |  32|   0|   32|          0|
    |storemerge138_reg_10359         |  32|   0|   32|          0|
    |storemerge139_reg_10215         |  32|   0|   32|          0|
    |storemerge150_reg_10354         |  32|   0|   32|          0|
    |storemerge151_reg_10210         |  32|   0|   32|          0|
    |storemerge186_reg_10337         |  32|   0|   32|          0|
    |storemerge187_reg_10073         |  32|   0|   32|          0|
    |storemerge198_reg_10332         |  32|   0|   32|          0|
    |storemerge199_reg_10068         |  32|   0|   32|          0|
    |storemerge234_reg_10327         |  32|   0|   32|          0|
    |storemerge235_reg_10063         |  32|   0|   32|          0|
    |storemerge246_reg_10322         |  32|   0|   32|          0|
    |storemerge247_reg_10058         |  32|   0|   32|          0|
    |storemerge4_reg_10369           |  32|   0|   32|          0|
    |storemerge5_reg_10225           |  32|   0|   32|          0|
    |tmp_366_reg_9552                |   1|   0|    1|          0|
    |tmp_368_reg_9701                |   1|   0|    1|          0|
    |tmp_369_reg_9568                |   1|   0|    1|          0|
    |tmp_369_reg_9568_pp0_iter1_reg  |   1|   0|    1|          0|
    |tmp_370_reg_9887                |   1|   0|    1|          0|
    |tmp_659_reg_9874                |   3|   0|    3|          0|
    |tmp_660_reg_9556                |   2|   0|    2|          0|
    |tmp_662_reg_9707                |   2|   0|    2|          0|
    |trunc_ln375_63_reg_9631         |  10|   0|   10|          0|
    |trunc_ln375_64_reg_9732         |  10|   0|   10|          0|
    |trunc_ln375_65_reg_9737         |  10|   0|   10|          0|
    |trunc_ln375_66_reg_9958         |  10|   0|   10|          0|
    |trunc_ln375_67_reg_9963         |  10|   0|   10|          0|
    |trunc_ln375_70_reg_9641         |  10|   0|   10|          0|
    |trunc_ln375_71_reg_9651         |  10|   0|   10|          0|
    |trunc_ln375_72_reg_9762         |  10|   0|   10|          0|
    |trunc_ln375_73_reg_9767         |  10|   0|   10|          0|
    |trunc_ln375_74_reg_9988         |  10|   0|   10|          0|
    |trunc_ln375_75_reg_9993         |  10|   0|   10|          0|
    |trunc_ln375_78_reg_9661         |  10|   0|   10|          0|
    |trunc_ln375_79_reg_9671         |  10|   0|   10|          0|
    |trunc_ln375_80_reg_9792         |  10|   0|   10|          0|
    |trunc_ln375_81_reg_9797         |  10|   0|   10|          0|
    |trunc_ln375_82_reg_10018        |  10|   0|   10|          0|
    |trunc_ln375_83_reg_10023        |  10|   0|   10|          0|
    |trunc_ln375_86_reg_9681         |  10|   0|   10|          0|
    |trunc_ln375_87_reg_9691         |  10|   0|   10|          0|
    |trunc_ln375_88_reg_9822         |  10|   0|   10|          0|
    |trunc_ln375_89_reg_9827         |  10|   0|   10|          0|
    |trunc_ln375_90_reg_10048        |  10|   0|   10|          0|
    |trunc_ln375_91_reg_10053        |  10|   0|   10|          0|
    |trunc_ln375_reg_9621            |  10|   0|   10|          0|
    |zext_ln369_reg_9868             |   4|   0|   64|         60|
    |zext_ln375_100_reg_10230        |   3|   0|   64|         61|
    |zext_ln375_105_reg_9881         |   3|   0|   64|         61|
    |zext_ln375_110_reg_10236        |   2|   0|   64|         62|
    |zext_ln375_115_reg_10078        |   3|   0|   64|         61|
    |zext_ln375_120_reg_10342        |   2|   0|   64|         62|
    |zext_ln375_125_reg_10084        |   2|   0|   64|         62|
    |zext_ln375_130_reg_10348        |   1|   0|   64|         63|
    +--------------------------------+----+----+-----+-----------+
    |Total                           |3068|   0| 3562|        494|
    +--------------------------------+----+----+-----+-----------+



================================================================
== Interface
================================================================
* Summary: 
+-------------------------+-----+-----+------------+--------------------------------+--------------+
|        RTL Ports        | Dir | Bits|  Protocol  |          Source Object         |    C Type    |
+-------------------------+-----+-----+------------+--------------------------------+--------------+
|ap_clk                   |   in|    1|  ap_ctrl_hs|  Crypto1_Pipeline_INTT_COL_LOOP|  return value|
|ap_rst                   |   in|    1|  ap_ctrl_hs|  Crypto1_Pipeline_INTT_COL_LOOP|  return value|
|ap_start                 |   in|    1|  ap_ctrl_hs|  Crypto1_Pipeline_INTT_COL_LOOP|  return value|
|ap_done                  |  out|    1|  ap_ctrl_hs|  Crypto1_Pipeline_INTT_COL_LOOP|  return value|
|ap_idle                  |  out|    1|  ap_ctrl_hs|  Crypto1_Pipeline_INTT_COL_LOOP|  return value|
|ap_ready                 |  out|    1|  ap_ctrl_hs|  Crypto1_Pipeline_INTT_COL_LOOP|  return value|
|ReadAddr_383             |   in|   32|     ap_none|                    ReadAddr_383|        scalar|
|ReadAddr_382             |   in|   32|     ap_none|                    ReadAddr_382|        scalar|
|ReadAddr_381             |   in|   32|     ap_none|                    ReadAddr_381|        scalar|
|ReadAddr_380             |   in|   32|     ap_none|                    ReadAddr_380|        scalar|
|ReadAddr_379             |   in|   32|     ap_none|                    ReadAddr_379|        scalar|
|ReadAddr_378             |   in|   32|     ap_none|                    ReadAddr_378|        scalar|
|ReadAddr_377             |   in|   32|     ap_none|                    ReadAddr_377|        scalar|
|ReadAddr_376             |   in|   32|     ap_none|                    ReadAddr_376|        scalar|
|ReadAddr_375             |   in|   32|     ap_none|                    ReadAddr_375|        scalar|
|ReadAddr_374             |   in|   32|     ap_none|                    ReadAddr_374|        scalar|
|ReadAddr_373             |   in|   32|     ap_none|                    ReadAddr_373|        scalar|
|ReadAddr_372             |   in|   32|     ap_none|                    ReadAddr_372|        scalar|
|ReadAddr_371             |   in|   32|     ap_none|                    ReadAddr_371|        scalar|
|ReadAddr_370             |   in|   32|     ap_none|                    ReadAddr_370|        scalar|
|ReadAddr_369             |   in|   32|     ap_none|                    ReadAddr_369|        scalar|
|ReadAddr_368             |   in|   32|     ap_none|                    ReadAddr_368|        scalar|
|ReadAddr_367             |   in|   32|     ap_none|                    ReadAddr_367|        scalar|
|ReadAddr_366             |   in|   32|     ap_none|                    ReadAddr_366|        scalar|
|ReadAddr_365             |   in|   32|     ap_none|                    ReadAddr_365|        scalar|
|ReadAddr_364             |   in|   32|     ap_none|                    ReadAddr_364|        scalar|
|ReadAddr_363             |   in|   32|     ap_none|                    ReadAddr_363|        scalar|
|ReadAddr_362             |   in|   32|     ap_none|                    ReadAddr_362|        scalar|
|ReadAddr_361             |   in|   32|     ap_none|                    ReadAddr_361|        scalar|
|ReadAddr_360             |   in|   32|     ap_none|                    ReadAddr_360|        scalar|
|ReadAddr_359             |   in|   32|     ap_none|                    ReadAddr_359|        scalar|
|ReadAddr_358             |   in|   32|     ap_none|                    ReadAddr_358|        scalar|
|ReadAddr_357             |   in|   32|     ap_none|                    ReadAddr_357|        scalar|
|ReadAddr_356             |   in|   32|     ap_none|                    ReadAddr_356|        scalar|
|ReadAddr_355             |   in|   32|     ap_none|                    ReadAddr_355|        scalar|
|ReadAddr_354             |   in|   32|     ap_none|                    ReadAddr_354|        scalar|
|ReadAddr_353             |   in|   32|     ap_none|                    ReadAddr_353|        scalar|
|ReadAddr_352             |   in|   32|     ap_none|                    ReadAddr_352|        scalar|
|ReadAddr_351             |   in|   32|     ap_none|                    ReadAddr_351|        scalar|
|ReadAddr_350             |   in|   32|     ap_none|                    ReadAddr_350|        scalar|
|ReadAddr_349             |   in|   32|     ap_none|                    ReadAddr_349|        scalar|
|ReadAddr_348             |   in|   32|     ap_none|                    ReadAddr_348|        scalar|
|ReadAddr_347             |   in|   32|     ap_none|                    ReadAddr_347|        scalar|
|ReadAddr_346             |   in|   32|     ap_none|                    ReadAddr_346|        scalar|
|ReadAddr_345             |   in|   32|     ap_none|                    ReadAddr_345|        scalar|
|ReadAddr_344             |   in|   32|     ap_none|                    ReadAddr_344|        scalar|
|ReadAddr_343             |   in|   32|     ap_none|                    ReadAddr_343|        scalar|
|ReadAddr_342             |   in|   32|     ap_none|                    ReadAddr_342|        scalar|
|ReadAddr_341             |   in|   32|     ap_none|                    ReadAddr_341|        scalar|
|ReadAddr_340             |   in|   32|     ap_none|                    ReadAddr_340|        scalar|
|ReadAddr_339             |   in|   32|     ap_none|                    ReadAddr_339|        scalar|
|ReadAddr_338             |   in|   32|     ap_none|                    ReadAddr_338|        scalar|
|ReadAddr_337             |   in|   32|     ap_none|                    ReadAddr_337|        scalar|
|ReadAddr_336             |   in|   32|     ap_none|                    ReadAddr_336|        scalar|
|ReadAddr_335             |   in|   32|     ap_none|                    ReadAddr_335|        scalar|
|ReadAddr_334             |   in|   32|     ap_none|                    ReadAddr_334|        scalar|
|ReadAddr_333             |   in|   32|     ap_none|                    ReadAddr_333|        scalar|
|ReadAddr_332             |   in|   32|     ap_none|                    ReadAddr_332|        scalar|
|ReadAddr_331             |   in|   32|     ap_none|                    ReadAddr_331|        scalar|
|ReadAddr_330             |   in|   32|     ap_none|                    ReadAddr_330|        scalar|
|ReadAddr_329             |   in|   32|     ap_none|                    ReadAddr_329|        scalar|
|ReadAddr_328             |   in|   32|     ap_none|                    ReadAddr_328|        scalar|
|ReadAddr_327             |   in|   32|     ap_none|                    ReadAddr_327|        scalar|
|ReadAddr_326             |   in|   32|     ap_none|                    ReadAddr_326|        scalar|
|ReadAddr_325             |   in|   32|     ap_none|                    ReadAddr_325|        scalar|
|ReadAddr_324             |   in|   32|     ap_none|                    ReadAddr_324|        scalar|
|ReadAddr_323             |   in|   32|     ap_none|                    ReadAddr_323|        scalar|
|ReadAddr_322             |   in|   32|     ap_none|                    ReadAddr_322|        scalar|
|ReadAddr_321             |   in|   32|     ap_none|                    ReadAddr_321|        scalar|
|ReadAddr_320             |   in|   32|     ap_none|                    ReadAddr_320|        scalar|
|ReadData_3_address0      |  out|    4|   ap_memory|                      ReadData_3|         array|
|ReadData_3_ce0           |  out|    1|   ap_memory|                      ReadData_3|         array|
|ReadData_3_we0           |  out|    1|   ap_memory|                      ReadData_3|         array|
|ReadData_3_d0            |  out|   32|   ap_memory|                      ReadData_3|         array|
|ReadData_3_address1      |  out|    4|   ap_memory|                      ReadData_3|         array|
|ReadData_3_ce1           |  out|    1|   ap_memory|                      ReadData_3|         array|
|ReadData_3_we1           |  out|    1|   ap_memory|                      ReadData_3|         array|
|ReadData_3_d1            |  out|   32|   ap_memory|                      ReadData_3|         array|
|ReadData_2_address0      |  out|    4|   ap_memory|                      ReadData_2|         array|
|ReadData_2_ce0           |  out|    1|   ap_memory|                      ReadData_2|         array|
|ReadData_2_we0           |  out|    1|   ap_memory|                      ReadData_2|         array|
|ReadData_2_d0            |  out|   32|   ap_memory|                      ReadData_2|         array|
|ReadData_2_address1      |  out|    4|   ap_memory|                      ReadData_2|         array|
|ReadData_2_ce1           |  out|    1|   ap_memory|                      ReadData_2|         array|
|ReadData_2_we1           |  out|    1|   ap_memory|                      ReadData_2|         array|
|ReadData_2_d1            |  out|   32|   ap_memory|                      ReadData_2|         array|
|ReadData_1_address0      |  out|    4|   ap_memory|                      ReadData_1|         array|
|ReadData_1_ce0           |  out|    1|   ap_memory|                      ReadData_1|         array|
|ReadData_1_we0           |  out|    1|   ap_memory|                      ReadData_1|         array|
|ReadData_1_d0            |  out|   32|   ap_memory|                      ReadData_1|         array|
|ReadData_1_address1      |  out|    4|   ap_memory|                      ReadData_1|         array|
|ReadData_1_ce1           |  out|    1|   ap_memory|                      ReadData_1|         array|
|ReadData_1_we1           |  out|    1|   ap_memory|                      ReadData_1|         array|
|ReadData_1_d1            |  out|   32|   ap_memory|                      ReadData_1|         array|
|ReadData_address0        |  out|    4|   ap_memory|                        ReadData|         array|
|ReadData_ce0             |  out|    1|   ap_memory|                        ReadData|         array|
|ReadData_we0             |  out|    1|   ap_memory|                        ReadData|         array|
|ReadData_d0              |  out|   32|   ap_memory|                        ReadData|         array|
|ReadData_address1        |  out|    4|   ap_memory|                        ReadData|         array|
|ReadData_ce1             |  out|    1|   ap_memory|                        ReadData|         array|
|ReadData_we1             |  out|    1|   ap_memory|                        ReadData|         array|
|ReadData_d1              |  out|   32|   ap_memory|                        ReadData|         array|
|DataRAM_4_load_106       |   in|   32|     ap_none|              DataRAM_4_load_106|        scalar|
|DataRAM_load_154         |   in|   32|     ap_none|                DataRAM_load_154|        scalar|
|DataRAM_4_load_107       |   in|   32|     ap_none|              DataRAM_4_load_107|        scalar|
|DataRAM_load_155         |   in|   32|     ap_none|                DataRAM_load_155|        scalar|
|DataRAM_4_load_108       |   in|   32|     ap_none|              DataRAM_4_load_108|        scalar|
|DataRAM_load_156         |   in|   32|     ap_none|                DataRAM_load_156|        scalar|
|DataRAM_4_load_109       |   in|   32|     ap_none|              DataRAM_4_load_109|        scalar|
|DataRAM_load_157         |   in|   32|     ap_none|                DataRAM_load_157|        scalar|
|DataRAM_4_load_110       |   in|   32|     ap_none|              DataRAM_4_load_110|        scalar|
|DataRAM_load_158         |   in|   32|     ap_none|                DataRAM_load_158|        scalar|
|DataRAM_4_load_111       |   in|   32|     ap_none|              DataRAM_4_load_111|        scalar|
|DataRAM_load_159         |   in|   32|     ap_none|                DataRAM_load_159|        scalar|
|DataRAM_4_load_112       |   in|   32|     ap_none|              DataRAM_4_load_112|        scalar|
|DataRAM_load_160         |   in|   32|     ap_none|                DataRAM_load_160|        scalar|
|DataRAM_4_load_113       |   in|   32|     ap_none|              DataRAM_4_load_113|        scalar|
|DataRAM_load_161         |   in|   32|     ap_none|                DataRAM_load_161|        scalar|
|DataRAM_5_load_106       |   in|   32|     ap_none|              DataRAM_5_load_106|        scalar|
|DataRAM_1_load_154       |   in|   32|     ap_none|              DataRAM_1_load_154|        scalar|
|DataRAM_5_load_107       |   in|   32|     ap_none|              DataRAM_5_load_107|        scalar|
|DataRAM_1_load_155       |   in|   32|     ap_none|              DataRAM_1_load_155|        scalar|
|DataRAM_5_load_108       |   in|   32|     ap_none|              DataRAM_5_load_108|        scalar|
|DataRAM_1_load_156       |   in|   32|     ap_none|              DataRAM_1_load_156|        scalar|
|DataRAM_5_load_109       |   in|   32|     ap_none|              DataRAM_5_load_109|        scalar|
|DataRAM_1_load_157       |   in|   32|     ap_none|              DataRAM_1_load_157|        scalar|
|DataRAM_5_load_110       |   in|   32|     ap_none|              DataRAM_5_load_110|        scalar|
|DataRAM_1_load_158       |   in|   32|     ap_none|              DataRAM_1_load_158|        scalar|
|DataRAM_5_load_111       |   in|   32|     ap_none|              DataRAM_5_load_111|        scalar|
|DataRAM_1_load_159       |   in|   32|     ap_none|              DataRAM_1_load_159|        scalar|
|DataRAM_5_load_112       |   in|   32|     ap_none|              DataRAM_5_load_112|        scalar|
|DataRAM_1_load_160       |   in|   32|     ap_none|              DataRAM_1_load_160|        scalar|
|DataRAM_5_load_113       |   in|   32|     ap_none|              DataRAM_5_load_113|        scalar|
|DataRAM_1_load_161       |   in|   32|     ap_none|              DataRAM_1_load_161|        scalar|
|DataRAM_6_load_106       |   in|   32|     ap_none|              DataRAM_6_load_106|        scalar|
|DataRAM_2_load_154       |   in|   32|     ap_none|              DataRAM_2_load_154|        scalar|
|DataRAM_6_load_107       |   in|   32|     ap_none|              DataRAM_6_load_107|        scalar|
|DataRAM_2_load_155       |   in|   32|     ap_none|              DataRAM_2_load_155|        scalar|
|DataRAM_6_load_108       |   in|   32|     ap_none|              DataRAM_6_load_108|        scalar|
|DataRAM_2_load_156       |   in|   32|     ap_none|              DataRAM_2_load_156|        scalar|
|DataRAM_6_load_109       |   in|   32|     ap_none|              DataRAM_6_load_109|        scalar|
|DataRAM_2_load_157       |   in|   32|     ap_none|              DataRAM_2_load_157|        scalar|
|DataRAM_6_load_110       |   in|   32|     ap_none|              DataRAM_6_load_110|        scalar|
|DataRAM_2_load_158       |   in|   32|     ap_none|              DataRAM_2_load_158|        scalar|
|DataRAM_6_load_111       |   in|   32|     ap_none|              DataRAM_6_load_111|        scalar|
|DataRAM_2_load_159       |   in|   32|     ap_none|              DataRAM_2_load_159|        scalar|
|DataRAM_6_load_112       |   in|   32|     ap_none|              DataRAM_6_load_112|        scalar|
|DataRAM_2_load_160       |   in|   32|     ap_none|              DataRAM_2_load_160|        scalar|
|DataRAM_6_load_113       |   in|   32|     ap_none|              DataRAM_6_load_113|        scalar|
|DataRAM_2_load_161       |   in|   32|     ap_none|              DataRAM_2_load_161|        scalar|
|DataRAM_7_load_106       |   in|   32|     ap_none|              DataRAM_7_load_106|        scalar|
|DataRAM_3_load_154       |   in|   32|     ap_none|              DataRAM_3_load_154|        scalar|
|DataRAM_7_load_107       |   in|   32|     ap_none|              DataRAM_7_load_107|        scalar|
|DataRAM_3_load_155       |   in|   32|     ap_none|              DataRAM_3_load_155|        scalar|
|DataRAM_7_load_108       |   in|   32|     ap_none|              DataRAM_7_load_108|        scalar|
|DataRAM_3_load_156       |   in|   32|     ap_none|              DataRAM_3_load_156|        scalar|
|DataRAM_7_load_109       |   in|   32|     ap_none|              DataRAM_7_load_109|        scalar|
|DataRAM_3_load_157       |   in|   32|     ap_none|              DataRAM_3_load_157|        scalar|
|DataRAM_7_load_110       |   in|   32|     ap_none|              DataRAM_7_load_110|        scalar|
|DataRAM_3_load_158       |   in|   32|     ap_none|              DataRAM_3_load_158|        scalar|
|DataRAM_7_load_111       |   in|   32|     ap_none|              DataRAM_7_load_111|        scalar|
|DataRAM_3_load_159       |   in|   32|     ap_none|              DataRAM_3_load_159|        scalar|
|DataRAM_7_load_112       |   in|   32|     ap_none|              DataRAM_7_load_112|        scalar|
|DataRAM_3_load_160       |   in|   32|     ap_none|              DataRAM_3_load_160|        scalar|
|DataRAM_7_load_113       |   in|   32|     ap_none|              DataRAM_7_load_113|        scalar|
|DataRAM_3_load_161       |   in|   32|     ap_none|              DataRAM_3_load_161|        scalar|
|k_3                      |   in|    6|     ap_none|                             k_3|        scalar|
|empty_66                 |   in|    7|     ap_none|                        empty_66|        scalar|
|mul622                   |   in|   12|     ap_none|                          mul622|        scalar|
|empty                    |   in|   10|     ap_none|                           empty|        scalar|
|DataRAM_address0         |  out|   13|   ap_memory|                         DataRAM|         array|
|DataRAM_ce0              |  out|    1|   ap_memory|                         DataRAM|         array|
|DataRAM_q0               |   in|   32|   ap_memory|                         DataRAM|         array|
|DataRAM_address1         |  out|   13|   ap_memory|                         DataRAM|         array|
|DataRAM_ce1              |  out|    1|   ap_memory|                         DataRAM|         array|
|DataRAM_q1               |   in|   32|   ap_memory|                         DataRAM|         array|
|DataRAM_4_address0       |  out|   13|   ap_memory|                       DataRAM_4|         array|
|DataRAM_4_ce0            |  out|    1|   ap_memory|                       DataRAM_4|         array|
|DataRAM_4_q0             |   in|   32|   ap_memory|                       DataRAM_4|         array|
|DataRAM_4_address1       |  out|   13|   ap_memory|                       DataRAM_4|         array|
|DataRAM_4_ce1            |  out|    1|   ap_memory|                       DataRAM_4|         array|
|DataRAM_4_q1             |   in|   32|   ap_memory|                       DataRAM_4|         array|
|DataRAM_1_address0       |  out|   13|   ap_memory|                       DataRAM_1|         array|
|DataRAM_1_ce0            |  out|    1|   ap_memory|                       DataRAM_1|         array|
|DataRAM_1_q0             |   in|   32|   ap_memory|                       DataRAM_1|         array|
|DataRAM_1_address1       |  out|   13|   ap_memory|                       DataRAM_1|         array|
|DataRAM_1_ce1            |  out|    1|   ap_memory|                       DataRAM_1|         array|
|DataRAM_1_q1             |   in|   32|   ap_memory|                       DataRAM_1|         array|
|DataRAM_5_address0       |  out|   13|   ap_memory|                       DataRAM_5|         array|
|DataRAM_5_ce0            |  out|    1|   ap_memory|                       DataRAM_5|         array|
|DataRAM_5_q0             |   in|   32|   ap_memory|                       DataRAM_5|         array|
|DataRAM_5_address1       |  out|   13|   ap_memory|                       DataRAM_5|         array|
|DataRAM_5_ce1            |  out|    1|   ap_memory|                       DataRAM_5|         array|
|DataRAM_5_q1             |   in|   32|   ap_memory|                       DataRAM_5|         array|
|DataRAM_2_address0       |  out|   13|   ap_memory|                       DataRAM_2|         array|
|DataRAM_2_ce0            |  out|    1|   ap_memory|                       DataRAM_2|         array|
|DataRAM_2_q0             |   in|   32|   ap_memory|                       DataRAM_2|         array|
|DataRAM_2_address1       |  out|   13|   ap_memory|                       DataRAM_2|         array|
|DataRAM_2_ce1            |  out|    1|   ap_memory|                       DataRAM_2|         array|
|DataRAM_2_q1             |   in|   32|   ap_memory|                       DataRAM_2|         array|
|DataRAM_6_address0       |  out|   13|   ap_memory|                       DataRAM_6|         array|
|DataRAM_6_ce0            |  out|    1|   ap_memory|                       DataRAM_6|         array|
|DataRAM_6_q0             |   in|   32|   ap_memory|                       DataRAM_6|         array|
|DataRAM_6_address1       |  out|   13|   ap_memory|                       DataRAM_6|         array|
|DataRAM_6_ce1            |  out|    1|   ap_memory|                       DataRAM_6|         array|
|DataRAM_6_q1             |   in|   32|   ap_memory|                       DataRAM_6|         array|
|DataRAM_3_address0       |  out|   13|   ap_memory|                       DataRAM_3|         array|
|DataRAM_3_ce0            |  out|    1|   ap_memory|                       DataRAM_3|         array|
|DataRAM_3_q0             |   in|   32|   ap_memory|                       DataRAM_3|         array|
|DataRAM_3_address1       |  out|   13|   ap_memory|                       DataRAM_3|         array|
|DataRAM_3_ce1            |  out|    1|   ap_memory|                       DataRAM_3|         array|
|DataRAM_3_q1             |   in|   32|   ap_memory|                       DataRAM_3|         array|
|DataRAM_7_address0       |  out|   13|   ap_memory|                       DataRAM_7|         array|
|DataRAM_7_ce0            |  out|    1|   ap_memory|                       DataRAM_7|         array|
|DataRAM_7_q0             |   in|   32|   ap_memory|                       DataRAM_7|         array|
|DataRAM_7_address1       |  out|   13|   ap_memory|                       DataRAM_7|         array|
|DataRAM_7_ce1            |  out|    1|   ap_memory|                       DataRAM_7|         array|
|DataRAM_7_q1             |   in|   32|   ap_memory|                       DataRAM_7|         array|
|cmp599                   |   in|    1|     ap_none|                          cmp599|        scalar|
|ReadAddr_767_out         |  out|   32|      ap_vld|                ReadAddr_767_out|       pointer|
|ReadAddr_767_out_ap_vld  |  out|    1|      ap_vld|                ReadAddr_767_out|       pointer|
|ReadAddr_766_out         |  out|   32|      ap_vld|                ReadAddr_766_out|       pointer|
|ReadAddr_766_out_ap_vld  |  out|    1|      ap_vld|                ReadAddr_766_out|       pointer|
|ReadAddr_765_out         |  out|   32|      ap_vld|                ReadAddr_765_out|       pointer|
|ReadAddr_765_out_ap_vld  |  out|    1|      ap_vld|                ReadAddr_765_out|       pointer|
|ReadAddr_764_out         |  out|   32|      ap_vld|                ReadAddr_764_out|       pointer|
|ReadAddr_764_out_ap_vld  |  out|    1|      ap_vld|                ReadAddr_764_out|       pointer|
|ReadAddr_763_out         |  out|   32|      ap_vld|                ReadAddr_763_out|       pointer|
|ReadAddr_763_out_ap_vld  |  out|    1|      ap_vld|                ReadAddr_763_out|       pointer|
|ReadAddr_762_out         |  out|   32|      ap_vld|                ReadAddr_762_out|       pointer|
|ReadAddr_762_out_ap_vld  |  out|    1|      ap_vld|                ReadAddr_762_out|       pointer|
|ReadAddr_761_out         |  out|   32|      ap_vld|                ReadAddr_761_out|       pointer|
|ReadAddr_761_out_ap_vld  |  out|    1|      ap_vld|                ReadAddr_761_out|       pointer|
|ReadAddr_760_out         |  out|   32|      ap_vld|                ReadAddr_760_out|       pointer|
|ReadAddr_760_out_ap_vld  |  out|    1|      ap_vld|                ReadAddr_760_out|       pointer|
|ReadAddr_759_out         |  out|   32|      ap_vld|                ReadAddr_759_out|       pointer|
|ReadAddr_759_out_ap_vld  |  out|    1|      ap_vld|                ReadAddr_759_out|       pointer|
|ReadAddr_758_out         |  out|   32|      ap_vld|                ReadAddr_758_out|       pointer|
|ReadAddr_758_out_ap_vld  |  out|    1|      ap_vld|                ReadAddr_758_out|       pointer|
|ReadAddr_757_out         |  out|   32|      ap_vld|                ReadAddr_757_out|       pointer|
|ReadAddr_757_out_ap_vld  |  out|    1|      ap_vld|                ReadAddr_757_out|       pointer|
|ReadAddr_756_out         |  out|   32|      ap_vld|                ReadAddr_756_out|       pointer|
|ReadAddr_756_out_ap_vld  |  out|    1|      ap_vld|                ReadAddr_756_out|       pointer|
|ReadAddr_755_out         |  out|   32|      ap_vld|                ReadAddr_755_out|       pointer|
|ReadAddr_755_out_ap_vld  |  out|    1|      ap_vld|                ReadAddr_755_out|       pointer|
|ReadAddr_754_out         |  out|   32|      ap_vld|                ReadAddr_754_out|       pointer|
|ReadAddr_754_out_ap_vld  |  out|    1|      ap_vld|                ReadAddr_754_out|       pointer|
|ReadAddr_753_out         |  out|   32|      ap_vld|                ReadAddr_753_out|       pointer|
|ReadAddr_753_out_ap_vld  |  out|    1|      ap_vld|                ReadAddr_753_out|       pointer|
|ReadAddr_752_out         |  out|   32|      ap_vld|                ReadAddr_752_out|       pointer|
|ReadAddr_752_out_ap_vld  |  out|    1|      ap_vld|                ReadAddr_752_out|       pointer|
|ReadAddr_751_out         |  out|   32|      ap_vld|                ReadAddr_751_out|       pointer|
|ReadAddr_751_out_ap_vld  |  out|    1|      ap_vld|                ReadAddr_751_out|       pointer|
|ReadAddr_750_out         |  out|   32|      ap_vld|                ReadAddr_750_out|       pointer|
|ReadAddr_750_out_ap_vld  |  out|    1|      ap_vld|                ReadAddr_750_out|       pointer|
|ReadAddr_749_out         |  out|   32|      ap_vld|                ReadAddr_749_out|       pointer|
|ReadAddr_749_out_ap_vld  |  out|    1|      ap_vld|                ReadAddr_749_out|       pointer|
|ReadAddr_748_out         |  out|   32|      ap_vld|                ReadAddr_748_out|       pointer|
|ReadAddr_748_out_ap_vld  |  out|    1|      ap_vld|                ReadAddr_748_out|       pointer|
|ReadAddr_747_out         |  out|   32|      ap_vld|                ReadAddr_747_out|       pointer|
|ReadAddr_747_out_ap_vld  |  out|    1|      ap_vld|                ReadAddr_747_out|       pointer|
|ReadAddr_746_out         |  out|   32|      ap_vld|                ReadAddr_746_out|       pointer|
|ReadAddr_746_out_ap_vld  |  out|    1|      ap_vld|                ReadAddr_746_out|       pointer|
|ReadAddr_745_out         |  out|   32|      ap_vld|                ReadAddr_745_out|       pointer|
|ReadAddr_745_out_ap_vld  |  out|    1|      ap_vld|                ReadAddr_745_out|       pointer|
|ReadAddr_744_out         |  out|   32|      ap_vld|                ReadAddr_744_out|       pointer|
|ReadAddr_744_out_ap_vld  |  out|    1|      ap_vld|                ReadAddr_744_out|       pointer|
|ReadAddr_743_out         |  out|   32|      ap_vld|                ReadAddr_743_out|       pointer|
|ReadAddr_743_out_ap_vld  |  out|    1|      ap_vld|                ReadAddr_743_out|       pointer|
|ReadAddr_742_out         |  out|   32|      ap_vld|                ReadAddr_742_out|       pointer|
|ReadAddr_742_out_ap_vld  |  out|    1|      ap_vld|                ReadAddr_742_out|       pointer|
|ReadAddr_741_out         |  out|   32|      ap_vld|                ReadAddr_741_out|       pointer|
|ReadAddr_741_out_ap_vld  |  out|    1|      ap_vld|                ReadAddr_741_out|       pointer|
|ReadAddr_740_out         |  out|   32|      ap_vld|                ReadAddr_740_out|       pointer|
|ReadAddr_740_out_ap_vld  |  out|    1|      ap_vld|                ReadAddr_740_out|       pointer|
|ReadAddr_739_out         |  out|   32|      ap_vld|                ReadAddr_739_out|       pointer|
|ReadAddr_739_out_ap_vld  |  out|    1|      ap_vld|                ReadAddr_739_out|       pointer|
|ReadAddr_738_out         |  out|   32|      ap_vld|                ReadAddr_738_out|       pointer|
|ReadAddr_738_out_ap_vld  |  out|    1|      ap_vld|                ReadAddr_738_out|       pointer|
|ReadAddr_737_out         |  out|   32|      ap_vld|                ReadAddr_737_out|       pointer|
|ReadAddr_737_out_ap_vld  |  out|    1|      ap_vld|                ReadAddr_737_out|       pointer|
|ReadAddr_736_out         |  out|   32|      ap_vld|                ReadAddr_736_out|       pointer|
|ReadAddr_736_out_ap_vld  |  out|    1|      ap_vld|                ReadAddr_736_out|       pointer|
|ReadAddr_735_out         |  out|   32|      ap_vld|                ReadAddr_735_out|       pointer|
|ReadAddr_735_out_ap_vld  |  out|    1|      ap_vld|                ReadAddr_735_out|       pointer|
|ReadAddr_734_out         |  out|   32|      ap_vld|                ReadAddr_734_out|       pointer|
|ReadAddr_734_out_ap_vld  |  out|    1|      ap_vld|                ReadAddr_734_out|       pointer|
|ReadAddr_733_out         |  out|   32|      ap_vld|                ReadAddr_733_out|       pointer|
|ReadAddr_733_out_ap_vld  |  out|    1|      ap_vld|                ReadAddr_733_out|       pointer|
|ReadAddr_732_out         |  out|   32|      ap_vld|                ReadAddr_732_out|       pointer|
|ReadAddr_732_out_ap_vld  |  out|    1|      ap_vld|                ReadAddr_732_out|       pointer|
|ReadAddr_731_out         |  out|   32|      ap_vld|                ReadAddr_731_out|       pointer|
|ReadAddr_731_out_ap_vld  |  out|    1|      ap_vld|                ReadAddr_731_out|       pointer|
|ReadAddr_730_out         |  out|   32|      ap_vld|                ReadAddr_730_out|       pointer|
|ReadAddr_730_out_ap_vld  |  out|    1|      ap_vld|                ReadAddr_730_out|       pointer|
|ReadAddr_729_out         |  out|   32|      ap_vld|                ReadAddr_729_out|       pointer|
|ReadAddr_729_out_ap_vld  |  out|    1|      ap_vld|                ReadAddr_729_out|       pointer|
|ReadAddr_728_out         |  out|   32|      ap_vld|                ReadAddr_728_out|       pointer|
|ReadAddr_728_out_ap_vld  |  out|    1|      ap_vld|                ReadAddr_728_out|       pointer|
|ReadAddr_727_out         |  out|   32|      ap_vld|                ReadAddr_727_out|       pointer|
|ReadAddr_727_out_ap_vld  |  out|    1|      ap_vld|                ReadAddr_727_out|       pointer|
|ReadAddr_726_out         |  out|   32|      ap_vld|                ReadAddr_726_out|       pointer|
|ReadAddr_726_out_ap_vld  |  out|    1|      ap_vld|                ReadAddr_726_out|       pointer|
|ReadAddr_725_out         |  out|   32|      ap_vld|                ReadAddr_725_out|       pointer|
|ReadAddr_725_out_ap_vld  |  out|    1|      ap_vld|                ReadAddr_725_out|       pointer|
|ReadAddr_724_out         |  out|   32|      ap_vld|                ReadAddr_724_out|       pointer|
|ReadAddr_724_out_ap_vld  |  out|    1|      ap_vld|                ReadAddr_724_out|       pointer|
|ReadAddr_723_out         |  out|   32|      ap_vld|                ReadAddr_723_out|       pointer|
|ReadAddr_723_out_ap_vld  |  out|    1|      ap_vld|                ReadAddr_723_out|       pointer|
|ReadAddr_722_out         |  out|   32|      ap_vld|                ReadAddr_722_out|       pointer|
|ReadAddr_722_out_ap_vld  |  out|    1|      ap_vld|                ReadAddr_722_out|       pointer|
|ReadAddr_721_out         |  out|   32|      ap_vld|                ReadAddr_721_out|       pointer|
|ReadAddr_721_out_ap_vld  |  out|    1|      ap_vld|                ReadAddr_721_out|       pointer|
|ReadAddr_720_out         |  out|   32|      ap_vld|                ReadAddr_720_out|       pointer|
|ReadAddr_720_out_ap_vld  |  out|    1|      ap_vld|                ReadAddr_720_out|       pointer|
|ReadAddr_719_out         |  out|   32|      ap_vld|                ReadAddr_719_out|       pointer|
|ReadAddr_719_out_ap_vld  |  out|    1|      ap_vld|                ReadAddr_719_out|       pointer|
|ReadAddr_718_out         |  out|   32|      ap_vld|                ReadAddr_718_out|       pointer|
|ReadAddr_718_out_ap_vld  |  out|    1|      ap_vld|                ReadAddr_718_out|       pointer|
|ReadAddr_717_out         |  out|   32|      ap_vld|                ReadAddr_717_out|       pointer|
|ReadAddr_717_out_ap_vld  |  out|    1|      ap_vld|                ReadAddr_717_out|       pointer|
|ReadAddr_716_out         |  out|   32|      ap_vld|                ReadAddr_716_out|       pointer|
|ReadAddr_716_out_ap_vld  |  out|    1|      ap_vld|                ReadAddr_716_out|       pointer|
|ReadAddr_715_out         |  out|   32|      ap_vld|                ReadAddr_715_out|       pointer|
|ReadAddr_715_out_ap_vld  |  out|    1|      ap_vld|                ReadAddr_715_out|       pointer|
|ReadAddr_714_out         |  out|   32|      ap_vld|                ReadAddr_714_out|       pointer|
|ReadAddr_714_out_ap_vld  |  out|    1|      ap_vld|                ReadAddr_714_out|       pointer|
|ReadAddr_713_out         |  out|   32|      ap_vld|                ReadAddr_713_out|       pointer|
|ReadAddr_713_out_ap_vld  |  out|    1|      ap_vld|                ReadAddr_713_out|       pointer|
|ReadAddr_712_out         |  out|   32|      ap_vld|                ReadAddr_712_out|       pointer|
|ReadAddr_712_out_ap_vld  |  out|    1|      ap_vld|                ReadAddr_712_out|       pointer|
|ReadAddr_711_out         |  out|   32|      ap_vld|                ReadAddr_711_out|       pointer|
|ReadAddr_711_out_ap_vld  |  out|    1|      ap_vld|                ReadAddr_711_out|       pointer|
|ReadAddr_710_out         |  out|   32|      ap_vld|                ReadAddr_710_out|       pointer|
|ReadAddr_710_out_ap_vld  |  out|    1|      ap_vld|                ReadAddr_710_out|       pointer|
|ReadAddr_709_out         |  out|   32|      ap_vld|                ReadAddr_709_out|       pointer|
|ReadAddr_709_out_ap_vld  |  out|    1|      ap_vld|                ReadAddr_709_out|       pointer|
|ReadAddr_708_out         |  out|   32|      ap_vld|                ReadAddr_708_out|       pointer|
|ReadAddr_708_out_ap_vld  |  out|    1|      ap_vld|                ReadAddr_708_out|       pointer|
|ReadAddr_707_out         |  out|   32|      ap_vld|                ReadAddr_707_out|       pointer|
|ReadAddr_707_out_ap_vld  |  out|    1|      ap_vld|                ReadAddr_707_out|       pointer|
|ReadAddr_706_out         |  out|   32|      ap_vld|                ReadAddr_706_out|       pointer|
|ReadAddr_706_out_ap_vld  |  out|    1|      ap_vld|                ReadAddr_706_out|       pointer|
|ReadAddr_705_out         |  out|   32|      ap_vld|                ReadAddr_705_out|       pointer|
|ReadAddr_705_out_ap_vld  |  out|    1|      ap_vld|                ReadAddr_705_out|       pointer|
|ReadAddr_704_out         |  out|   32|      ap_vld|                ReadAddr_704_out|       pointer|
|ReadAddr_704_out_ap_vld  |  out|    1|      ap_vld|                ReadAddr_704_out|       pointer|
+-------------------------+-----+-----+------------+--------------------------------+--------------+

