

================================================================
== Vitis HLS Report for 'Crypto1_Pipeline_INTT_COL_LOOP17'
================================================================
* Date:           Fri Apr  4 16:47:55 2025

* Version:        2024.1 (Build 5069499 on May 21 2024)
* Project:        Crypto
* Solution:       solution1 (Vivado IP Flow Target)
* Product family: virtex7
* Target device:  xc7vx485t-ffg1761-3


================================================================
== Performance Estimates
================================================================
+ Timing: 
    * Summary: 
    +--------+---------+----------+------------+
    |  Clock |  Target | Estimated| Uncertainty|
    +--------+---------+----------+------------+
    |ap_clk  |  6.00 ns|  4.006 ns|     1.62 ns|
    +--------+---------+----------+------------+

+ Latency: 
    * Summary: 
    +---------+---------+-----------+-----------+-----+-----+-----------------------------------------------+
    |  Latency (cycles) |   Latency (absolute)  |  Interval |                    Pipeline                   |
    |   min   |   max   |    min    |    max    | min | max |                      Type                     |
    +---------+---------+-----------+-----------+-----+-----+-----------------------------------------------+
    |       12|       12|  72.000 ns|  72.000 ns|   11|   11|  loop auto-rewind stp(delay=0 clock cycles(s))|
    +---------+---------+-----------+-----------+-----+-----+-----------------------------------------------+

    + Detail: 
        * Instance: 
        N/A

        * Loop: 
        +-----------------+---------+---------+----------+-----------+-----------+------+----------+
        |                 |  Latency (cycles) | Iteration|  Initiation Interval  | Trip |          |
        |    Loop Name    |   min   |   max   |  Latency |  achieved |   target  | Count| Pipelined|
        +-----------------+---------+---------+----------+-----------+-----------+------+----------+
        |- INTT_COL_LOOP  |       10|       10|         7|          4|          1|     2|       yes|
        +-----------------+---------+---------+----------+-----------+-----------+------+----------+



================================================================
== Utilization Estimates
================================================================
* Summary: 
+-----------------+---------+------+--------+--------+-----+
|       Name      | BRAM_18K|  DSP |   FF   |   LUT  | URAM|
+-----------------+---------+------+--------+--------+-----+
|DSP              |        -|     -|       -|       -|    -|
|Expression       |        -|     -|       0|    8890|    -|
|FIFO             |        -|     -|       -|       -|    -|
|Instance         |        -|     -|       -|       -|    -|
|Memory           |        -|     -|       -|       -|    -|
|Multiplexer      |        -|     -|    4890|    1323|    -|
|Register         |        -|     -|    3068|       -|    -|
+-----------------+---------+------+--------+--------+-----+
|Total            |        0|     0|    7958|   10213|    0|
+-----------------+---------+------+--------+--------+-----+
|Available        |     2060|  2800|  607200|  303600|    0|
+-----------------+---------+------+--------+--------+-----+
|Utilization (%)  |        0|     0|       1|       3|    0|
+-----------------+---------+------+--------+--------+-----+

+ Detail: 
    * Instance: 
    N/A

    * DSP: 
    N/A

    * Memory: 
    N/A

    * FIFO: 
    N/A

    * Expression: 
    +----------------------------+----------+----+---+----+------------+------------+
    |        Variable Name       | Operation| DSP| FF| LUT| Bitwidth P0| Bitwidth P1|
    +----------------------------+----------+----+---+----+------------+------------+
    |ReadAddr_956_fu_3546_p2     |         +|   0|  0|  20|          13|          13|
    |ReadAddr_957_fu_3598_p2     |         +|   0|  0|  20|          13|          13|
    |ReadAddr_958_fu_4237_p2     |         +|   0|  0|  20|          13|          13|
    |ReadAddr_959_fu_4290_p2     |         +|   0|  0|  20|          13|          13|
    |ReadAddr_960_fu_5725_p2     |         +|   0|  0|  20|          13|          13|
    |ReadAddr_961_fu_5778_p2     |         +|   0|  0|  20|          13|          13|
    |ReadAddr_962_fu_6931_p2     |         +|   0|  0|  20|          13|          13|
    |ReadAddr_963_fu_6989_p2     |         +|   0|  0|  20|          13|          13|
    |ReadAddr_964_fu_3650_p2     |         +|   0|  0|  20|          13|          13|
    |ReadAddr_965_fu_3702_p2     |         +|   0|  0|  20|          13|          13|
    |ReadAddr_966_fu_4385_p2     |         +|   0|  0|  20|          13|          13|
    |ReadAddr_967_fu_4438_p2     |         +|   0|  0|  20|          13|          13|
    |ReadAddr_968_fu_5867_p2     |         +|   0|  0|  20|          13|          13|
    |ReadAddr_969_fu_5920_p2     |         +|   0|  0|  20|          13|          13|
    |ReadAddr_970_fu_7083_p2     |         +|   0|  0|  20|          13|          13|
    |ReadAddr_971_fu_7141_p2     |         +|   0|  0|  20|          13|          13|
    |ReadAddr_972_fu_3754_p2     |         +|   0|  0|  20|          13|          13|
    |ReadAddr_973_fu_3806_p2     |         +|   0|  0|  20|          13|          13|
    |ReadAddr_974_fu_4533_p2     |         +|   0|  0|  20|          13|          13|
    |ReadAddr_975_fu_4586_p2     |         +|   0|  0|  20|          13|          13|
    |ReadAddr_976_fu_6009_p2     |         +|   0|  0|  20|          13|          13|
    |ReadAddr_977_fu_6062_p2     |         +|   0|  0|  20|          13|          13|
    |ReadAddr_978_fu_7235_p2     |         +|   0|  0|  20|          13|          13|
    |ReadAddr_979_fu_7293_p2     |         +|   0|  0|  20|          13|          13|
    |ReadAddr_980_fu_3858_p2     |         +|   0|  0|  20|          13|          13|
    |ReadAddr_981_fu_3910_p2     |         +|   0|  0|  20|          13|          13|
    |ReadAddr_982_fu_4681_p2     |         +|   0|  0|  20|          13|          13|
    |ReadAddr_983_fu_4734_p2     |         +|   0|  0|  20|          13|          13|
    |ReadAddr_984_fu_6151_p2     |         +|   0|  0|  20|          13|          13|
    |ReadAddr_985_fu_6204_p2     |         +|   0|  0|  20|          13|          13|
    |ReadAddr_986_fu_7387_p2     |         +|   0|  0|  20|          13|          13|
    |ReadAddr_987_fu_7445_p2     |         +|   0|  0|  20|          13|          13|
    |add_ln369_fu_7803_p2        |         +|   0|  0|  14|           7|           6|
    |add_ln374_fu_3530_p2        |         +|   0|  0|  14|           7|           2|
    |add_ln375_32_fu_4179_p2     |         +|   0|  0|  17|          10|          10|
    |add_ln375_33_fu_5649_p2     |         +|   0|  0|  17|          10|          10|
    |add_ln375_34_fu_5667_p2     |         +|   0|  0|  17|          10|          10|
    |add_ln375_35_fu_6855_p2     |         +|   0|  0|  17|          10|          10|
    |add_ln375_36_fu_6873_p2     |         +|   0|  0|  17|          10|          10|
    |add_ln375_37_fu_6944_p2     |         +|   0|  0|  17|          10|          10|
    |add_ln375_38_fu_7002_p2     |         +|   0|  0|  17|          10|          10|
    |add_ln375_39_fu_4306_p2     |         +|   0|  0|  17|          10|          10|
    |add_ln375_40_fu_4327_p2     |         +|   0|  0|  17|          10|          10|
    |add_ln375_41_fu_5791_p2     |         +|   0|  0|  17|          10|          10|
    |add_ln375_42_fu_5809_p2     |         +|   0|  0|  17|          10|          10|
    |add_ln375_43_fu_7007_p2     |         +|   0|  0|  17|          10|          10|
    |add_ln375_44_fu_7025_p2     |         +|   0|  0|  17|          10|          10|
    |add_ln375_45_fu_7096_p2     |         +|   0|  0|  17|          10|          10|
    |add_ln375_46_fu_7154_p2     |         +|   0|  0|  17|          10|          10|
    |add_ln375_47_fu_4454_p2     |         +|   0|  0|  17|          10|          10|
    |add_ln375_48_fu_4475_p2     |         +|   0|  0|  17|          10|          10|
    |add_ln375_49_fu_5933_p2     |         +|   0|  0|  17|          10|          10|
    |add_ln375_50_fu_5951_p2     |         +|   0|  0|  17|          10|          10|
    |add_ln375_51_fu_7159_p2     |         +|   0|  0|  17|          10|          10|
    |add_ln375_52_fu_7177_p2     |         +|   0|  0|  17|          10|          10|
    |add_ln375_53_fu_7248_p2     |         +|   0|  0|  17|          10|          10|
    |add_ln375_54_fu_7306_p2     |         +|   0|  0|  17|          10|          10|
    |add_ln375_55_fu_4602_p2     |         +|   0|  0|  17|          10|          10|
    |add_ln375_56_fu_4623_p2     |         +|   0|  0|  17|          10|          10|
    |add_ln375_57_fu_6075_p2     |         +|   0|  0|  17|          10|          10|
    |add_ln375_58_fu_6093_p2     |         +|   0|  0|  17|          10|          10|
    |add_ln375_59_fu_7311_p2     |         +|   0|  0|  17|          10|          10|
    |add_ln375_60_fu_7329_p2     |         +|   0|  0|  17|          10|          10|
    |add_ln375_61_fu_7400_p2     |         +|   0|  0|  17|          10|          10|
    |add_ln375_62_fu_7570_p2     |         +|   0|  0|  17|          10|          10|
    |add_ln375_fu_4158_p2        |         +|   0|  0|  17|          10|          10|
    |sub_ln374_32_fu_3556_p2     |         -|   0|  0|  14|           7|           7|
    |sub_ln374_33_fu_4197_p2     |         -|   0|  0|  14|           7|           7|
    |sub_ln374_34_fu_4250_p2     |         -|   0|  0|  14|           7|           7|
    |sub_ln374_35_fu_5685_p2     |         -|   0|  0|  14|           7|           7|
    |sub_ln374_36_fu_5738_p2     |         -|   0|  0|  14|           7|           7|
    |sub_ln374_37_fu_6891_p2     |         -|   0|  0|  14|           7|           7|
    |sub_ln374_38_fu_6949_p2     |         -|   0|  0|  14|           7|           7|
    |sub_ln374_39_fu_3608_p2     |         -|   0|  0|  14|           7|           7|
    |sub_ln374_40_fu_3660_p2     |         -|   0|  0|  14|           7|           7|
    |sub_ln374_41_fu_4345_p2     |         -|   0|  0|  14|           7|           7|
    |sub_ln374_42_fu_4398_p2     |         -|   0|  0|  14|           7|           7|
    |sub_ln374_43_fu_5827_p2     |         -|   0|  0|  14|           7|           7|
    |sub_ln374_44_fu_5880_p2     |         -|   0|  0|  14|           7|           7|
    |sub_ln374_45_fu_7043_p2     |         -|   0|  0|  14|           7|           7|
    |sub_ln374_46_fu_7101_p2     |         -|   0|  0|  14|           7|           7|
    |sub_ln374_47_fu_3712_p2     |         -|   0|  0|  14|           7|           7|
    |sub_ln374_48_fu_3764_p2     |         -|   0|  0|  14|           7|           7|
    |sub_ln374_49_fu_4493_p2     |         -|   0|  0|  14|           7|           7|
    |sub_ln374_50_fu_4546_p2     |         -|   0|  0|  14|           7|           7|
    |sub_ln374_51_fu_5969_p2     |         -|   0|  0|  14|           7|           7|
    |sub_ln374_52_fu_6022_p2     |         -|   0|  0|  14|           7|           7|
    |sub_ln374_53_fu_7195_p2     |         -|   0|  0|  14|           7|           7|
    |sub_ln374_54_fu_7253_p2     |         -|   0|  0|  14|           7|           7|
    |sub_ln374_55_fu_3816_p2     |         -|   0|  0|  14|           7|           7|
    |sub_ln374_56_fu_3868_p2     |         -|   0|  0|  14|           7|           7|
    |sub_ln374_57_fu_4641_p2     |         -|   0|  0|  14|           7|           7|
    |sub_ln374_58_fu_4694_p2     |         -|   0|  0|  14|           7|           7|
    |sub_ln374_59_fu_6111_p2     |         -|   0|  0|  14|           7|           7|
    |sub_ln374_60_fu_6164_p2     |         -|   0|  0|  14|           7|           7|
    |sub_ln374_61_fu_7347_p2     |         -|   0|  0|  14|           7|           7|
    |sub_ln374_62_fu_7405_p2     |         -|   0|  0|  14|           7|           7|
    |sub_ln374_fu_3498_p2        |         -|   0|  0|  14|           7|           7|
    |and_ln374_32_fu_3588_p2     |       and|   0|  0|   7|           7|           7|
    |and_ln374_33_fu_4228_p2     |       and|   0|  0|   7|           7|           7|
    |and_ln374_34_fu_4281_p2     |       and|   0|  0|   7|           7|           7|
    |and_ln374_35_fu_5716_p2     |       and|   0|  0|   7|           7|           7|
    |and_ln374_36_fu_5769_p2     |       and|   0|  0|   7|           7|           7|
    |and_ln374_37_fu_6922_p2     |       and|   0|  0|   7|           7|           7|
    |and_ln374_38_fu_6980_p2     |       and|   0|  0|   7|           7|           7|
    |and_ln374_39_fu_3640_p2     |       and|   0|  0|   7|           7|           7|
    |and_ln374_40_fu_3692_p2     |       and|   0|  0|   7|           7|           7|
    |and_ln374_41_fu_4376_p2     |       and|   0|  0|   7|           7|           7|
    |and_ln374_42_fu_4429_p2     |       and|   0|  0|   7|           7|           7|
    |and_ln374_43_fu_5858_p2     |       and|   0|  0|   7|           7|           7|
    |and_ln374_44_fu_5911_p2     |       and|   0|  0|   7|           7|           7|
    |and_ln374_45_fu_7074_p2     |       and|   0|  0|   7|           7|           7|
    |and_ln374_46_fu_7132_p2     |       and|   0|  0|   7|           7|           7|
    |and_ln374_47_fu_3744_p2     |       and|   0|  0|   7|           7|           7|
    |and_ln374_48_fu_3796_p2     |       and|   0|  0|   7|           7|           7|
    |and_ln374_49_fu_4524_p2     |       and|   0|  0|   7|           7|           7|
    |and_ln374_50_fu_4577_p2     |       and|   0|  0|   7|           7|           7|
    |and_ln374_51_fu_6000_p2     |       and|   0|  0|   7|           7|           7|
    |and_ln374_52_fu_6053_p2     |       and|   0|  0|   7|           7|           7|
    |and_ln374_53_fu_7226_p2     |       and|   0|  0|   7|           7|           7|
    |and_ln374_54_fu_7284_p2     |       and|   0|  0|   7|           7|           7|
    |and_ln374_55_fu_3848_p2     |       and|   0|  0|   7|           7|           7|
    |and_ln374_56_fu_3900_p2     |       and|   0|  0|   7|           7|           7|
    |and_ln374_57_fu_4672_p2     |       and|   0|  0|   7|           7|           7|
    |and_ln374_58_fu_4725_p2     |       and|   0|  0|   7|           7|           7|
    |and_ln374_59_fu_6142_p2     |       and|   0|  0|   7|           7|           7|
    |and_ln374_60_fu_6195_p2     |       and|   0|  0|   7|           7|           7|
    |and_ln374_61_fu_7378_p2     |       and|   0|  0|   7|           7|           7|
    |and_ln374_62_fu_7436_p2     |       and|   0|  0|   7|           7|           7|
    |and_ln374_fu_3536_p2        |       and|   0|  0|   7|           7|           7|
    |icmp_ln372_fu_5596_p2       |      icmp|   0|  0|  14|           7|           6|
    |icmp_ln374_fu_4747_p2       |      icmp|   0|  0|  14|           7|           1|
    |ReadAddr_1000_fu_6308_p3    |    select|   0|  0|  32|           1|          32|
    |ReadAddr_1001_fu_6301_p3    |    select|   0|  0|  32|           1|          32|
    |ReadAddr_1002_fu_7545_p3    |    select|   0|  0|  32|           1|          32|
    |ReadAddr_1003_fu_7538_p3    |    select|   0|  0|  32|           1|          32|
    |ReadAddr_1004_fu_4936_p3    |    select|   0|  0|  32|           1|          32|
    |ReadAddr_1005_fu_4928_p3    |    select|   0|  0|  32|           1|          32|
    |ReadAddr_1006_fu_4920_p3    |    select|   0|  0|  32|           1|          32|
    |ReadAddr_1007_fu_4912_p3    |    select|   0|  0|  32|           1|          32|
    |ReadAddr_1008_fu_6294_p3    |    select|   0|  0|  32|           1|          32|
    |ReadAddr_1009_fu_6287_p3    |    select|   0|  0|  32|           1|          32|
    |ReadAddr_1010_fu_7531_p3    |    select|   0|  0|  32|           1|          32|
    |ReadAddr_1011_fu_7524_p3    |    select|   0|  0|  32|           1|          32|
    |ReadAddr_1012_fu_4904_p3    |    select|   0|  0|  32|           1|          32|
    |ReadAddr_1013_fu_4896_p3    |    select|   0|  0|  32|           1|          32|
    |ReadAddr_1014_fu_4888_p3    |    select|   0|  0|  32|           1|          32|
    |ReadAddr_1015_fu_4880_p3    |    select|   0|  0|  32|           1|          32|
    |ReadAddr_1016_fu_6280_p3    |    select|   0|  0|  32|           1|          32|
    |ReadAddr_1017_fu_6273_p3    |    select|   0|  0|  32|           1|          32|
    |ReadAddr_1018_fu_7517_p3    |    select|   0|  0|  32|           1|          32|
    |ReadAddr_1019_fu_7510_p3    |    select|   0|  0|  32|           1|          32|
    |ReadAddr_1020_fu_4872_p3    |    select|   0|  0|  32|           1|          32|
    |ReadAddr_1021_fu_4864_p3    |    select|   0|  0|  32|           1|          32|
    |ReadAddr_1022_fu_4856_p3    |    select|   0|  0|  32|           1|          32|
    |ReadAddr_1023_fu_4848_p3    |    select|   0|  0|  32|           1|          32|
    |ReadAddr_1024_fu_6266_p3    |    select|   0|  0|  32|           1|          32|
    |ReadAddr_1025_fu_6259_p3    |    select|   0|  0|  32|           1|          32|
    |ReadAddr_1026_fu_7503_p3    |    select|   0|  0|  32|           1|          32|
    |ReadAddr_1027_fu_7496_p3    |    select|   0|  0|  32|           1|          32|
    |ReadAddr_1028_fu_4840_p3    |    select|   0|  0|  32|           1|          32|
    |ReadAddr_1029_fu_4832_p3    |    select|   0|  0|  32|           1|          32|
    |ReadAddr_1030_fu_4824_p3    |    select|   0|  0|  32|           1|          32|
    |ReadAddr_1031_fu_4816_p3    |    select|   0|  0|  32|           1|          32|
    |ReadAddr_1032_fu_6252_p3    |    select|   0|  0|  32|           1|          32|
    |ReadAddr_1033_fu_6245_p3    |    select|   0|  0|  32|           1|          32|
    |ReadAddr_1034_fu_7489_p3    |    select|   0|  0|  32|           1|          32|
    |ReadAddr_1035_fu_7482_p3    |    select|   0|  0|  32|           1|          32|
    |ReadAddr_1036_fu_4808_p3    |    select|   0|  0|  32|           1|          32|
    |ReadAddr_1037_fu_4800_p3    |    select|   0|  0|  32|           1|          32|
    |ReadAddr_1038_fu_4792_p3    |    select|   0|  0|  32|           1|          32|
    |ReadAddr_1039_fu_4784_p3    |    select|   0|  0|  32|           1|          32|
    |ReadAddr_1040_fu_6238_p3    |    select|   0|  0|  32|           1|          32|
    |ReadAddr_1041_fu_6231_p3    |    select|   0|  0|  32|           1|          32|
    |ReadAddr_1042_fu_7475_p3    |    select|   0|  0|  32|           1|          32|
    |ReadAddr_1043_fu_7468_p3    |    select|   0|  0|  32|           1|          32|
    |ReadAddr_1044_fu_4776_p3    |    select|   0|  0|  32|           1|          32|
    |ReadAddr_1045_fu_4768_p3    |    select|   0|  0|  32|           1|          32|
    |ReadAddr_1046_fu_4760_p3    |    select|   0|  0|  32|           1|          32|
    |ReadAddr_1047_fu_4752_p3    |    select|   0|  0|  32|           1|          32|
    |ReadAddr_1048_fu_6224_p3    |    select|   0|  0|  32|           1|          32|
    |ReadAddr_1049_fu_6217_p3    |    select|   0|  0|  32|           1|          32|
    |ReadAddr_1050_fu_7461_p3    |    select|   0|  0|  32|           1|          32|
    |ReadAddr_1051_fu_7454_p3    |    select|   0|  0|  32|           1|          32|
    |ReadAddr_1052_fu_7691_p3    |    select|   0|  0|  32|           1|          32|
    |ReadAddr_1053_fu_7698_p3    |    select|   0|  0|  32|           1|          32|
    |ReadAddr_1054_fu_6453_p3    |    select|   0|  0|  32|           1|          32|
    |ReadAddr_1055_fu_6460_p3    |    select|   0|  0|  32|           1|          32|
    |ReadAddr_1056_fu_5008_p3    |    select|   0|  0|  32|           1|          32|
    |ReadAddr_1057_fu_5015_p3    |    select|   0|  0|  32|           1|          32|
    |ReadAddr_1058_fu_5022_p3    |    select|   0|  0|  32|           1|          32|
    |ReadAddr_1059_fu_5029_p3    |    select|   0|  0|  32|           1|          32|
    |ReadAddr_1060_fu_7705_p3    |    select|   0|  0|  32|           1|          32|
    |ReadAddr_1061_fu_7712_p3    |    select|   0|  0|  32|           1|          32|
    |ReadAddr_1062_fu_6467_p3    |    select|   0|  0|  32|           1|          32|
    |ReadAddr_1063_fu_6474_p3    |    select|   0|  0|  32|           1|          32|
    |ReadAddr_1064_fu_5036_p3    |    select|   0|  0|  32|           1|          32|
    |ReadAddr_1065_fu_5043_p3    |    select|   0|  0|  32|           1|          32|
    |ReadAddr_1066_fu_5050_p3    |    select|   0|  0|  32|           1|          32|
    |ReadAddr_1067_fu_5057_p3    |    select|   0|  0|  32|           1|          32|
    |ReadAddr_1068_fu_7719_p3    |    select|   0|  0|  32|           1|          32|
    |ReadAddr_1069_fu_7726_p3    |    select|   0|  0|  32|           1|          32|
    |ReadAddr_1070_fu_6481_p3    |    select|   0|  0|  32|           1|          32|
    |ReadAddr_1071_fu_6488_p3    |    select|   0|  0|  32|           1|          32|
    |ReadAddr_1072_fu_5064_p3    |    select|   0|  0|  32|           1|          32|
    |ReadAddr_1073_fu_5071_p3    |    select|   0|  0|  32|           1|          32|
    |ReadAddr_1074_fu_5078_p3    |    select|   0|  0|  32|           1|          32|
    |ReadAddr_1075_fu_5085_p3    |    select|   0|  0|  32|           1|          32|
    |ReadAddr_1076_fu_7733_p3    |    select|   0|  0|  32|           1|          32|
    |ReadAddr_1077_fu_7740_p3    |    select|   0|  0|  32|           1|          32|
    |ReadAddr_1078_fu_6495_p3    |    select|   0|  0|  32|           1|          32|
    |ReadAddr_1079_fu_6502_p3    |    select|   0|  0|  32|           1|          32|
    |ReadAddr_1080_fu_5092_p3    |    select|   0|  0|  32|           1|          32|
    |ReadAddr_1081_fu_5099_p3    |    select|   0|  0|  32|           1|          32|
    |ReadAddr_1082_fu_5106_p3    |    select|   0|  0|  32|           1|          32|
    |ReadAddr_1083_fu_5113_p3    |    select|   0|  0|  32|           1|          32|
    |ReadAddr_1084_fu_7747_p3    |    select|   0|  0|  32|           1|          32|
    |ReadAddr_1085_fu_7754_p3    |    select|   0|  0|  32|           1|          32|
    |ReadAddr_1086_fu_6509_p3    |    select|   0|  0|  32|           1|          32|
    |ReadAddr_1087_fu_6516_p3    |    select|   0|  0|  32|           1|          32|
    |ReadAddr_1088_fu_5120_p3    |    select|   0|  0|  32|           1|          32|
    |ReadAddr_1089_fu_5127_p3    |    select|   0|  0|  32|           1|          32|
    |ReadAddr_1090_fu_5134_p3    |    select|   0|  0|  32|           1|          32|
    |ReadAddr_1091_fu_5141_p3    |    select|   0|  0|  32|           1|          32|
    |ReadAddr_1092_fu_7761_p3    |    select|   0|  0|  32|           1|          32|
    |ReadAddr_1093_fu_7768_p3    |    select|   0|  0|  32|           1|          32|
    |ReadAddr_1094_fu_6523_p3    |    select|   0|  0|  32|           1|          32|
    |ReadAddr_1095_fu_6530_p3    |    select|   0|  0|  32|           1|          32|
    |ReadAddr_1096_fu_5148_p3    |    select|   0|  0|  32|           1|          32|
    |ReadAddr_1097_fu_5155_p3    |    select|   0|  0|  32|           1|          32|
    |ReadAddr_1098_fu_5162_p3    |    select|   0|  0|  32|           1|          32|
    |ReadAddr_1099_fu_5169_p3    |    select|   0|  0|  32|           1|          32|
    |ReadAddr_1100_fu_7775_p3    |    select|   0|  0|  32|           1|          32|
    |ReadAddr_1101_fu_7782_p3    |    select|   0|  0|  32|           1|          32|
    |ReadAddr_1102_fu_6537_p3    |    select|   0|  0|  32|           1|          32|
    |ReadAddr_1103_fu_6544_p3    |    select|   0|  0|  32|           1|          32|
    |ReadAddr_1104_fu_5176_p3    |    select|   0|  0|  32|           1|          32|
    |ReadAddr_1105_fu_5183_p3    |    select|   0|  0|  32|           1|          32|
    |ReadAddr_1106_fu_5190_p3    |    select|   0|  0|  32|           1|          32|
    |ReadAddr_1107_fu_5197_p3    |    select|   0|  0|  32|           1|          32|
    |ReadAddr_1108_fu_7789_p3    |    select|   0|  0|  32|           1|          32|
    |ReadAddr_1109_fu_7796_p3    |    select|   0|  0|  32|           1|          32|
    |ReadAddr_1110_fu_6551_p3    |    select|   0|  0|  32|           1|          32|
    |ReadAddr_1111_fu_6558_p3    |    select|   0|  0|  32|           1|          32|
    |ReadAddr_1112_fu_5204_p3    |    select|   0|  0|  32|           1|          32|
    |ReadAddr_1113_fu_5211_p3    |    select|   0|  0|  32|           1|          32|
    |ReadAddr_1114_fu_5218_p3    |    select|   0|  0|  32|           1|          32|
    |ReadAddr_1115_fu_5225_p3    |    select|   0|  0|  32|           1|          32|
    |ReadAddr_988_fu_5000_p3     |    select|   0|  0|  32|           1|          32|
    |ReadAddr_989_fu_4992_p3     |    select|   0|  0|  32|           1|          32|
    |ReadAddr_990_fu_4984_p3     |    select|   0|  0|  32|           1|          32|
    |ReadAddr_991_fu_4976_p3     |    select|   0|  0|  32|           1|          32|
    |ReadAddr_992_fu_6322_p3     |    select|   0|  0|  32|           1|          32|
    |ReadAddr_993_fu_6315_p3     |    select|   0|  0|  32|           1|          32|
    |ReadAddr_994_fu_7559_p3     |    select|   0|  0|  32|           1|          32|
    |ReadAddr_995_fu_7552_p3     |    select|   0|  0|  32|           1|          32|
    |ReadAddr_996_fu_4968_p3     |    select|   0|  0|  32|           1|          32|
    |ReadAddr_997_fu_4960_p3     |    select|   0|  0|  32|           1|          32|
    |ReadAddr_998_fu_4952_p3     |    select|   0|  0|  32|           1|          32|
    |ReadAddr_999_fu_4944_p3     |    select|   0|  0|  32|           1|          32|
    |grp_fu_2954_p3              |    select|   0|  0|  32|           1|          32|
    |grp_fu_2961_p3              |    select|   0|  0|  32|           1|          32|
    |grp_fu_2968_p3              |    select|   0|  0|  32|           1|          32|
    |grp_fu_2975_p3              |    select|   0|  0|  32|           1|          32|
    |grp_fu_2982_p3              |    select|   0|  0|  32|           1|          32|
    |grp_fu_2989_p3              |    select|   0|  0|  32|           1|          32|
    |grp_fu_2996_p3              |    select|   0|  0|  32|           1|          32|
    |grp_fu_3003_p3              |    select|   0|  0|  32|           1|          32|
    |select_ln372_32_fu_5607_p3  |    select|   0|  0|  32|           1|          32|
    |select_ln372_33_fu_6815_p3  |    select|   0|  0|  32|           1|          32|
    |select_ln372_34_fu_6820_p3  |    select|   0|  0|  32|           1|          32|
    |select_ln372_35_fu_7919_p3  |    select|   0|  0|  32|           1|          32|
    |select_ln372_36_fu_7924_p3  |    select|   0|  0|  32|           1|          32|
    |select_ln372_37_fu_8152_p3  |    select|   0|  0|  32|           1|          32|
    |select_ln372_38_fu_8157_p3  |    select|   0|  0|  32|           1|          32|
    |select_ln372_39_fu_5613_p3  |    select|   0|  0|  32|           1|          32|
    |select_ln372_40_fu_5619_p3  |    select|   0|  0|  32|           1|          32|
    |select_ln372_41_fu_6825_p3  |    select|   0|  0|  32|           1|          32|
    |select_ln372_42_fu_6830_p3  |    select|   0|  0|  32|           1|          32|
    |select_ln372_43_fu_7929_p3  |    select|   0|  0|  32|           1|          32|
    |select_ln372_44_fu_7934_p3  |    select|   0|  0|  32|           1|          32|
    |select_ln372_45_fu_8162_p3  |    select|   0|  0|  32|           1|          32|
    |select_ln372_46_fu_8167_p3  |    select|   0|  0|  32|           1|          32|
    |select_ln372_47_fu_5625_p3  |    select|   0|  0|  32|           1|          32|
    |select_ln372_48_fu_5631_p3  |    select|   0|  0|  32|           1|          32|
    |select_ln372_49_fu_6835_p3  |    select|   0|  0|  32|           1|          32|
    |select_ln372_50_fu_6840_p3  |    select|   0|  0|  32|           1|          32|
    |select_ln372_51_fu_7939_p3  |    select|   0|  0|  32|           1|          32|
    |select_ln372_52_fu_7944_p3  |    select|   0|  0|  32|           1|          32|
    |select_ln372_53_fu_8172_p3  |    select|   0|  0|  32|           1|          32|
    |select_ln372_54_fu_8177_p3  |    select|   0|  0|  32|           1|          32|
    |select_ln372_55_fu_5637_p3  |    select|   0|  0|  32|           1|          32|
    |select_ln372_56_fu_5643_p3  |    select|   0|  0|  32|           1|          32|
    |select_ln372_57_fu_6845_p3  |    select|   0|  0|  32|           1|          32|
    |select_ln372_58_fu_6850_p3  |    select|   0|  0|  32|           1|          32|
    |select_ln372_59_fu_7949_p3  |    select|   0|  0|  32|           1|          32|
    |select_ln372_60_fu_7954_p3  |    select|   0|  0|  32|           1|          32|
    |select_ln372_61_fu_8182_p3  |    select|   0|  0|  32|           1|          32|
    |select_ln372_62_fu_8187_p3  |    select|   0|  0|  32|           1|          32|
    |select_ln372_fu_5601_p3     |    select|   0|  0|  32|           1|          32|
    |select_ln375_32_fu_6337_p3  |    select|   0|  0|  32|           1|          32|
    |select_ln375_33_fu_7575_p3  |    select|   0|  0|  32|           1|          32|
    |select_ln375_34_fu_7582_p3  |    select|   0|  0|  32|           1|          32|
    |select_ln375_39_fu_6345_p3  |    select|   0|  0|  32|           1|          32|
    |select_ln375_40_fu_6353_p3  |    select|   0|  0|  32|           1|          32|
    |select_ln375_41_fu_7589_p3  |    select|   0|  0|  32|           1|          32|
    |select_ln375_42_fu_7596_p3  |    select|   0|  0|  32|           1|          32|
    |select_ln375_47_fu_6361_p3  |    select|   0|  0|  32|           1|          32|
    |select_ln375_48_fu_6369_p3  |    select|   0|  0|  32|           1|          32|
    |select_ln375_49_fu_7603_p3  |    select|   0|  0|  32|           1|          32|
    |select_ln375_50_fu_7610_p3  |    select|   0|  0|  32|           1|          32|
    |select_ln375_55_fu_6377_p3  |    select|   0|  0|  32|           1|          32|
    |select_ln375_56_fu_6385_p3  |    select|   0|  0|  32|           1|          32|
    |select_ln375_57_fu_7617_p3  |    select|   0|  0|  32|           1|          32|
    |select_ln375_58_fu_7624_p3  |    select|   0|  0|  32|           1|          32|
    |select_ln375_fu_6329_p3     |    select|   0|  0|  32|           1|          32|
    |storemerge104_fu_8238_p3    |    select|   0|  0|  32|           1|          32|
    |storemerge105_fu_7677_p3    |    select|   0|  0|  32|           1|          32|
    |storemerge116_fu_8230_p3    |    select|   0|  0|  32|           1|          32|
    |storemerge117_fu_7669_p3    |    select|   0|  0|  32|           1|          32|
    |storemerge128_fu_8222_p3    |    select|   0|  0|  32|           1|          32|
    |storemerge129_fu_7661_p3    |    select|   0|  0|  32|           1|          32|
    |storemerge140_fu_8215_p3    |    select|   0|  0|  32|           1|          32|
    |storemerge141_fu_7654_p3    |    select|   0|  0|  32|           1|          32|
    |storemerge152_fu_8208_p3    |    select|   0|  0|  32|           1|          32|
    |storemerge153_fu_7647_p3    |    select|   0|  0|  32|           1|          32|
    |storemerge164_fu_8200_p3    |    select|   0|  0|  32|           1|          32|
    |storemerge165_fu_7639_p3    |    select|   0|  0|  32|           1|          32|
    |storemerge176_fu_8192_p3    |    select|   0|  0|  32|           1|          32|
    |storemerge177_fu_7631_p3    |    select|   0|  0|  32|           1|          32|
    |storemerge188_fu_8116_p3    |    select|   0|  0|  32|           1|          32|
    |storemerge189_fu_6446_p3    |    select|   0|  0|  32|           1|          32|
    |storemerge200_fu_8109_p3    |    select|   0|  0|  32|           1|          32|
    |storemerge201_fu_6439_p3    |    select|   0|  0|  32|           1|          32|
    |storemerge212_fu_8101_p3    |    select|   0|  0|  32|           1|          32|
    |storemerge213_fu_6431_p3    |    select|   0|  0|  32|           1|          32|
    |storemerge224_fu_8093_p3    |    select|   0|  0|  32|           1|          32|
    |storemerge225_fu_6423_p3    |    select|   0|  0|  32|           1|          32|
    |storemerge236_fu_8086_p3    |    select|   0|  0|  32|           1|          32|
    |storemerge237_fu_6416_p3    |    select|   0|  0|  32|           1|          32|
    |storemerge248_fu_8079_p3    |    select|   0|  0|  32|           1|          32|
    |storemerge249_fu_6409_p3    |    select|   0|  0|  32|           1|          32|
    |storemerge260_fu_8071_p3    |    select|   0|  0|  32|           1|          32|
    |storemerge261_fu_6401_p3    |    select|   0|  0|  32|           1|          32|
    |storemerge272_fu_8063_p3    |    select|   0|  0|  32|           1|          32|
    |storemerge273_fu_6393_p3    |    select|   0|  0|  32|           1|          32|
    |storemerge2_fu_8245_p3      |    select|   0|  0|  32|           1|          32|
    |storemerge3_fu_7684_p3      |    select|   0|  0|  32|           1|          32|
    |ap_enable_pp0               |       xor|   0|  0|   2|           1|           2|
    |xor_ln374_63_fu_3570_p2     |       xor|   0|  0|   2|           1|           2|
    |xor_ln374_64_fu_4210_p2     |       xor|   0|  0|   2|           1|           2|
    |xor_ln374_65_fu_4263_p2     |       xor|   0|  0|   2|           1|           2|
    |xor_ln374_66_fu_5698_p2     |       xor|   0|  0|   2|           1|           2|
    |xor_ln374_67_fu_5751_p2     |       xor|   0|  0|   2|           1|           2|
    |xor_ln374_68_fu_6904_p2     |       xor|   0|  0|   2|           1|           2|
    |xor_ln374_69_fu_6962_p2     |       xor|   0|  0|   2|           1|           2|
    |xor_ln374_70_fu_3622_p2     |       xor|   0|  0|   2|           1|           2|
    |xor_ln374_71_fu_3674_p2     |       xor|   0|  0|   2|           1|           2|
    |xor_ln374_72_fu_4358_p2     |       xor|   0|  0|   2|           1|           2|
    |xor_ln374_73_fu_4411_p2     |       xor|   0|  0|   2|           1|           2|
    |xor_ln374_74_fu_5840_p2     |       xor|   0|  0|   2|           1|           2|
    |xor_ln374_75_fu_5893_p2     |       xor|   0|  0|   2|           1|           2|
    |xor_ln374_76_fu_7056_p2     |       xor|   0|  0|   2|           1|           2|
    |xor_ln374_77_fu_7114_p2     |       xor|   0|  0|   2|           1|           2|
    |xor_ln374_78_fu_3726_p2     |       xor|   0|  0|   2|           1|           2|
    |xor_ln374_79_fu_3778_p2     |       xor|   0|  0|   2|           1|           2|
    |xor_ln374_80_fu_4506_p2     |       xor|   0|  0|   2|           1|           2|
    |xor_ln374_81_fu_4559_p2     |       xor|   0|  0|   2|           1|           2|
    |xor_ln374_82_fu_5982_p2     |       xor|   0|  0|   2|           1|           2|
    |xor_ln374_83_fu_6035_p2     |       xor|   0|  0|   2|           1|           2|
    |xor_ln374_84_fu_7208_p2     |       xor|   0|  0|   2|           1|           2|
    |xor_ln374_85_fu_7266_p2     |       xor|   0|  0|   2|           1|           2|
    |xor_ln374_86_fu_3830_p2     |       xor|   0|  0|   2|           1|           2|
    |xor_ln374_87_fu_3882_p2     |       xor|   0|  0|   2|           1|           2|
    |xor_ln374_88_fu_4654_p2     |       xor|   0|  0|   2|           1|           2|
    |xor_ln374_89_fu_4707_p2     |       xor|   0|  0|   2|           1|           2|
    |xor_ln374_90_fu_6124_p2     |       xor|   0|  0|   2|           1|           2|
    |xor_ln374_91_fu_6177_p2     |       xor|   0|  0|   2|           1|           2|
    |xor_ln374_92_fu_7360_p2     |       xor|   0|  0|   2|           1|           2|
    |xor_ln374_93_fu_7418_p2     |       xor|   0|  0|   2|           1|           2|
    |xor_ln374_fu_3512_p2        |       xor|   0|  0|   2|           1|           2|
    +----------------------------+----------+----+---+----+------------+------------+
    |Total                       |          |   0|  0|8890|        1461|        8177|
    +----------------------------+----------+----+---+----+------------+------------+

    * Multiplexer: 
    +-----------------------------+----+-----------+-----+-----------+
    |             Name            | LUT| Input Size| Bits| Total Bits|
    +-----------------------------+----+-----------+-----+-----------+
    |DataRAM_1_address0_local     |  21|          5|   13|         65|
    |DataRAM_1_address1_local     |  21|          5|   13|         65|
    |DataRAM_2_address0_local     |  21|          5|   13|         65|
    |DataRAM_2_address1_local     |  21|          5|   13|         65|
    |DataRAM_3_address0_local     |  21|          5|   13|         65|
    |DataRAM_3_address1_local     |  21|          5|   13|         65|
    |DataRAM_4_address0_local     |  21|          5|   13|         65|
    |DataRAM_4_address1_local     |  21|          5|   13|         65|
    |DataRAM_5_address0_local     |  21|          5|   13|         65|
    |DataRAM_5_address1_local     |  21|          5|   13|         65|
    |DataRAM_6_address0_local     |  21|          5|   13|         65|
    |DataRAM_6_address1_local     |  21|          5|   13|         65|
    |DataRAM_7_address0_local     |  21|          5|   13|         65|
    |DataRAM_7_address1_local     |  21|          5|   13|         65|
    |DataRAM_address0_local       |  21|          5|   13|         65|
    |DataRAM_address1_local       |  21|          5|   13|         65|
    |ReadAddr_893_fu_580          |   9|          2|   32|         64|
    |ReadAddr_894_fu_584          |   9|          2|   32|         64|
    |ReadAddr_895_fu_588          |   9|          2|   32|         64|
    |ReadAddr_896_fu_592          |   9|          2|   32|         64|
    |ReadAddr_897_fu_596          |   9|          2|   32|         64|
    |ReadAddr_898_fu_600          |   9|          2|   32|         64|
    |ReadAddr_899_fu_604          |   9|          2|   32|         64|
    |ReadAddr_900_fu_608          |   9|          2|   32|         64|
    |ReadAddr_901_fu_612          |   9|          2|   32|         64|
    |ReadAddr_902_fu_616          |   9|          2|   32|         64|
    |ReadAddr_903_fu_620          |   9|          2|   32|         64|
    |ReadAddr_904_fu_624          |   9|          2|   32|         64|
    |ReadAddr_905_fu_628          |   9|          2|   32|         64|
    |ReadAddr_906_fu_632          |   9|          2|   32|         64|
    |ReadAddr_907_fu_636          |   9|          2|   32|         64|
    |ReadAddr_908_fu_640          |   9|          2|   32|         64|
    |ReadAddr_909_fu_644          |   9|          2|   32|         64|
    |ReadAddr_910_fu_648          |   9|          2|   32|         64|
    |ReadAddr_911_fu_652          |   9|          2|   32|         64|
    |ReadAddr_912_fu_656          |   9|          2|   32|         64|
    |ReadAddr_913_fu_660          |   9|          2|   32|         64|
    |ReadAddr_914_fu_664          |   9|          2|   32|         64|
    |ReadAddr_915_fu_668          |   9|          2|   32|         64|
    |ReadAddr_916_fu_672          |   9|          2|   32|         64|
    |ReadAddr_917_fu_676          |   9|          2|   32|         64|
    |ReadAddr_918_fu_680          |   9|          2|   32|         64|
    |ReadAddr_919_fu_684          |   9|          2|   32|         64|
    |ReadAddr_920_fu_688          |   9|          2|   32|         64|
    |ReadAddr_921_fu_692          |   9|          2|   32|         64|
    |ReadAddr_922_fu_696          |   9|          2|   32|         64|
    |ReadAddr_923_fu_700          |   9|          2|   32|         64|
    |ReadAddr_924_fu_704          |   9|          2|   32|         64|
    |ReadAddr_925_fu_708          |   9|          2|   32|         64|
    |ReadAddr_926_fu_712          |   9|          2|   32|         64|
    |ReadAddr_927_fu_716          |   9|          2|   32|         64|
    |ReadAddr_928_fu_720          |   9|          2|   32|         64|
    |ReadAddr_929_fu_724          |   9|          2|   32|         64|
    |ReadAddr_930_fu_728          |   9|          2|   32|         64|
    |ReadAddr_931_fu_732          |   9|          2|   32|         64|
    |ReadAddr_932_fu_736          |   9|          2|   32|         64|
    |ReadAddr_933_fu_740          |   9|          2|   32|         64|
    |ReadAddr_934_fu_744          |   9|          2|   32|         64|
    |ReadAddr_935_fu_748          |   9|          2|   32|         64|
    |ReadAddr_936_fu_752          |   9|          2|   32|         64|
    |ReadAddr_937_fu_756          |   9|          2|   32|         64|
    |ReadAddr_938_fu_760          |   9|          2|   32|         64|
    |ReadAddr_939_fu_764          |   9|          2|   32|         64|
    |ReadAddr_940_fu_768          |   9|          2|   32|         64|
    |ReadAddr_941_fu_772          |   9|          2|   32|         64|
    |ReadAddr_942_fu_776          |   9|          2|   32|         64|
    |ReadAddr_943_fu_780          |   9|          2|   32|         64|
    |ReadAddr_944_fu_784          |   9|          2|   32|         64|
    |ReadAddr_945_fu_788          |   9|          2|   32|         64|
    |ReadAddr_946_fu_792          |   9|          2|   32|         64|
    |ReadAddr_947_fu_796          |   9|          2|   32|         64|
    |ReadAddr_948_fu_800          |   9|          2|   32|         64|
    |ReadAddr_949_fu_804          |   9|          2|   32|         64|
    |ReadAddr_950_fu_808          |   9|          2|   32|         64|
    |ReadAddr_951_fu_812          |   9|          2|   32|         64|
    |ReadAddr_952_fu_816          |   9|          2|   32|         64|
    |ReadAddr_953_fu_820          |   9|          2|   32|         64|
    |ReadAddr_954_fu_824          |   9|          2|   32|         64|
    |ReadAddr_955_fu_828          |   9|          2|   32|         64|
    |ReadAddr_fu_576              |   9|          2|   32|         64|
    |ReadData_1_address0_local    |  21|          5|    4|         20|
    |ReadData_1_address1_local    |  21|          5|    4|         20|
    |ReadData_1_d0_local          |  21|          5|   32|        160|
    |ReadData_1_d1_local          |  21|          5|   32|        160|
    |ReadData_2_address0_local    |  21|          5|    4|         20|
    |ReadData_2_address1_local    |  21|          5|    4|         20|
    |ReadData_2_d0_local          |  21|          5|   32|        160|
    |ReadData_2_d1_local          |  21|          5|   32|        160|
    |ReadData_3_address0_local    |  21|          5|    4|         20|
    |ReadData_3_address1_local    |  21|          5|    4|         20|
    |ReadData_3_d0_local          |  21|          5|   32|        160|
    |ReadData_3_d1_local          |  21|          5|   32|        160|
    |ReadData_address0_local      |  21|          5|    4|         20|
    |ReadData_address1_local      |  21|          5|    4|         20|
    |ReadData_d0_local            |  21|          5|   32|        160|
    |ReadData_d1_local            |  21|          5|   32|        160|
    |ap_NS_fsm                    |  21|          5|    1|          5|
    |ap_done_int                  |   9|          2|    1|          2|
    |ap_enable_reg_pp0_iter0      |   9|          2|    1|          2|
    |ap_enable_reg_pp0_iter0_reg  |   9|          2|    1|          2|
    |ap_enable_reg_pp0_iter1      |   9|          2|    1|          2|
    |ap_sig_allocacmp_l           |   9|          2|    7|         14|
    |l_4_fu_572                   |   9|          2|    7|         14|
    +-----------------------------+----+-----------+-----+-----------+
    |Total                        |1323|        305| 2563|       6617|
    +-----------------------------+----+-----------+-----+-----------+

    * Register: 
    +--------------------------------+----+----+-----+-----------+
    |              Name              | FF | LUT| Bits| Const Bits|
    +--------------------------------+----+----+-----+-----------+
    |ReadAddr_893_fu_580             |  32|   0|   32|          0|
    |ReadAddr_894_fu_584             |  32|   0|   32|          0|
    |ReadAddr_895_fu_588             |  32|   0|   32|          0|
    |ReadAddr_896_fu_592             |  32|   0|   32|          0|
    |ReadAddr_897_fu_596             |  32|   0|   32|          0|
    |ReadAddr_898_fu_600             |  32|   0|   32|          0|
    |ReadAddr_899_fu_604             |  32|   0|   32|          0|
    |ReadAddr_900_fu_608             |  32|   0|   32|          0|
    |ReadAddr_901_fu_612             |  32|   0|   32|          0|
    |ReadAddr_902_fu_616             |  32|   0|   32|          0|
    |ReadAddr_903_fu_620             |  32|   0|   32|          0|
    |ReadAddr_904_fu_624             |  32|   0|   32|          0|
    |ReadAddr_905_fu_628             |  32|   0|   32|          0|
    |ReadAddr_906_fu_632             |  32|   0|   32|          0|
    |ReadAddr_907_fu_636             |  32|   0|   32|          0|
    |ReadAddr_908_fu_640             |  32|   0|   32|          0|
    |ReadAddr_909_fu_644             |  32|   0|   32|          0|
    |ReadAddr_910_fu_648             |  32|   0|   32|          0|
    |ReadAddr_911_fu_652             |  32|   0|   32|          0|
    |ReadAddr_912_fu_656             |  32|   0|   32|          0|
    |ReadAddr_913_fu_660             |  32|   0|   32|          0|
    |ReadAddr_914_fu_664             |  32|   0|   32|          0|
    |ReadAddr_915_fu_668             |  32|   0|   32|          0|
    |ReadAddr_916_fu_672             |  32|   0|   32|          0|
    |ReadAddr_917_fu_676             |  32|   0|   32|          0|
    |ReadAddr_918_fu_680             |  32|   0|   32|          0|
    |ReadAddr_919_fu_684             |  32|   0|   32|          0|
    |ReadAddr_920_fu_688             |  32|   0|   32|          0|
    |ReadAddr_921_fu_692             |  32|   0|   32|          0|
    |ReadAddr_922_fu_696             |  32|   0|   32|          0|
    |ReadAddr_923_fu_700             |  32|   0|   32|          0|
    |ReadAddr_924_fu_704             |  32|   0|   32|          0|
    |ReadAddr_925_fu_708             |  32|   0|   32|          0|
    |ReadAddr_926_fu_712             |  32|   0|   32|          0|
    |ReadAddr_927_fu_716             |  32|   0|   32|          0|
    |ReadAddr_928_fu_720             |  32|   0|   32|          0|
    |ReadAddr_929_fu_724             |  32|   0|   32|          0|
    |ReadAddr_930_fu_728             |  32|   0|   32|          0|
    |ReadAddr_931_fu_732             |  32|   0|   32|          0|
    |ReadAddr_932_fu_736             |  32|   0|   32|          0|
    |ReadAddr_933_fu_740             |  32|   0|   32|          0|
    |ReadAddr_934_fu_744             |  32|   0|   32|          0|
    |ReadAddr_935_fu_748             |  32|   0|   32|          0|
    |ReadAddr_936_fu_752             |  32|   0|   32|          0|
    |ReadAddr_937_fu_756             |  32|   0|   32|          0|
    |ReadAddr_938_fu_760             |  32|   0|   32|          0|
    |ReadAddr_939_fu_764             |  32|   0|   32|          0|
    |ReadAddr_940_fu_768             |  32|   0|   32|          0|
    |ReadAddr_941_fu_772             |  32|   0|   32|          0|
    |ReadAddr_942_fu_776             |  32|   0|   32|          0|
    |ReadAddr_943_fu_780             |  32|   0|   32|          0|
    |ReadAddr_944_fu_784             |  32|   0|   32|          0|
    |ReadAddr_945_fu_788             |  32|   0|   32|          0|
    |ReadAddr_946_fu_792             |  32|   0|   32|          0|
    |ReadAddr_947_fu_796             |  32|   0|   32|          0|
    |ReadAddr_948_fu_800             |  32|   0|   32|          0|
    |ReadAddr_949_fu_804             |  32|   0|   32|          0|
    |ReadAddr_950_fu_808             |  32|   0|   32|          0|
    |ReadAddr_951_fu_812             |  32|   0|   32|          0|
    |ReadAddr_952_fu_816             |  32|   0|   32|          0|
    |ReadAddr_953_fu_820             |  32|   0|   32|          0|
    |ReadAddr_954_fu_824             |  32|   0|   32|          0|
    |ReadAddr_955_fu_828             |  32|   0|   32|          0|
    |ReadAddr_956_reg_9616           |  13|   0|   13|          0|
    |ReadAddr_957_reg_9626           |  13|   0|   13|          0|
    |ReadAddr_964_reg_9636           |  13|   0|   13|          0|
    |ReadAddr_965_reg_9646           |  13|   0|   13|          0|
    |ReadAddr_972_reg_9656           |  13|   0|   13|          0|
    |ReadAddr_973_reg_9666           |  13|   0|   13|          0|
    |ReadAddr_980_reg_9676           |  13|   0|   13|          0|
    |ReadAddr_981_reg_9686           |  13|   0|   13|          0|
    |ReadAddr_fu_576                 |  32|   0|   32|          0|
    |add_ln374_reg_9588              |   7|   0|    7|          0|
    |add_ln375_37_reg_10110          |  10|   0|   10|          0|
    |add_ln375_38_reg_10115          |  10|   0|   10|          0|
    |add_ln375_45_reg_10140          |  10|   0|   10|          0|
    |add_ln375_46_reg_10145          |  10|   0|   10|          0|
    |add_ln375_53_reg_10170          |  10|   0|   10|          0|
    |add_ln375_54_reg_10175          |  10|   0|   10|          0|
    |add_ln375_61_reg_10200          |  10|   0|   10|          0|
    |add_ln375_62_reg_10205          |  10|   0|   10|          0|
    |ap_CS_fsm                       |   4|   0|    4|          0|
    |ap_done_reg                     |   1|   0|    1|          0|
    |ap_enable_reg_pp0_iter0_reg     |   1|   0|    1|          0|
    |ap_enable_reg_pp0_iter1         |   1|   0|    1|          0|
    |icmp_ln372_reg_9894             |   1|   0|    1|          0|
    |icmp_ln374_reg_9832             |   1|   0|    1|          0|
    |k_8_cast_reg_9511               |   6|   0|    7|          1|
    |l_4_fu_572                      |   7|   0|    7|          0|
    |l_reg_9539                      |   7|   0|    7|          0|
    |lshr_ln369_1_reg_9696           |   4|   0|    4|          0|
    |mul622_1_cast_reg_9483          |  12|   0|   13|          1|
    |storemerge104_reg_10364         |  32|   0|   32|          0|
    |storemerge105_reg_10220         |  32|   0|   32|          0|
    |storemerge140_reg_10359         |  32|   0|   32|          0|
    |storemerge141_reg_10215         |  32|   0|   32|          0|
    |storemerge152_reg_10354         |  32|   0|   32|          0|
    |storemerge153_reg_10210         |  32|   0|   32|          0|
    |storemerge188_reg_10337         |  32|   0|   32|          0|
    |storemerge189_reg_10073         |  32|   0|   32|          0|
    |storemerge200_reg_10332         |  32|   0|   32|          0|
    |storemerge201_reg_10068         |  32|   0|   32|          0|
    |storemerge236_reg_10327         |  32|   0|   32|          0|
    |storemerge237_reg_10063         |  32|   0|   32|          0|
    |storemerge248_reg_10322         |  32|   0|   32|          0|
    |storemerge249_reg_10058         |  32|   0|   32|          0|
    |storemerge2_reg_10369           |  32|   0|   32|          0|
    |storemerge3_reg_10225           |  32|   0|   32|          0|
    |tmp_356_reg_9552                |   1|   0|    1|          0|
    |tmp_358_reg_9701                |   1|   0|    1|          0|
    |tmp_359_reg_9568                |   1|   0|    1|          0|
    |tmp_359_reg_9568_pp0_iter1_reg  |   1|   0|    1|          0|
    |tmp_360_reg_9887                |   1|   0|    1|          0|
    |tmp_626_reg_9874                |   3|   0|    3|          0|
    |tmp_627_reg_9556                |   2|   0|    2|          0|
    |tmp_629_reg_9707                |   2|   0|    2|          0|
    |trunc_ln375_32_reg_9631         |  10|   0|   10|          0|
    |trunc_ln375_33_reg_9732         |  10|   0|   10|          0|
    |trunc_ln375_34_reg_9737         |  10|   0|   10|          0|
    |trunc_ln375_35_reg_9958         |  10|   0|   10|          0|
    |trunc_ln375_36_reg_9963         |  10|   0|   10|          0|
    |trunc_ln375_39_reg_9641         |  10|   0|   10|          0|
    |trunc_ln375_40_reg_9651         |  10|   0|   10|          0|
    |trunc_ln375_41_reg_9762         |  10|   0|   10|          0|
    |trunc_ln375_42_reg_9767         |  10|   0|   10|          0|
    |trunc_ln375_43_reg_9988         |  10|   0|   10|          0|
    |trunc_ln375_44_reg_9993         |  10|   0|   10|          0|
    |trunc_ln375_47_reg_9661         |  10|   0|   10|          0|
    |trunc_ln375_48_reg_9671         |  10|   0|   10|          0|
    |trunc_ln375_49_reg_9792         |  10|   0|   10|          0|
    |trunc_ln375_50_reg_9797         |  10|   0|   10|          0|
    |trunc_ln375_51_reg_10018        |  10|   0|   10|          0|
    |trunc_ln375_52_reg_10023        |  10|   0|   10|          0|
    |trunc_ln375_55_reg_9681         |  10|   0|   10|          0|
    |trunc_ln375_56_reg_9691         |  10|   0|   10|          0|
    |trunc_ln375_57_reg_9822         |  10|   0|   10|          0|
    |trunc_ln375_58_reg_9827         |  10|   0|   10|          0|
    |trunc_ln375_59_reg_10048        |  10|   0|   10|          0|
    |trunc_ln375_60_reg_10053        |  10|   0|   10|          0|
    |trunc_ln375_reg_9621            |  10|   0|   10|          0|
    |zext_ln369_reg_9868             |   4|   0|   64|         60|
    |zext_ln375_104_reg_10230        |   3|   0|   64|         61|
    |zext_ln375_109_reg_9881         |   3|   0|   64|         61|
    |zext_ln375_114_reg_10236        |   2|   0|   64|         62|
    |zext_ln375_119_reg_10078        |   3|   0|   64|         61|
    |zext_ln375_124_reg_10342        |   2|   0|   64|         62|
    |zext_ln375_129_reg_10084        |   2|   0|   64|         62|
    |zext_ln375_134_reg_10348        |   1|   0|   64|         63|
    +--------------------------------+----+----+-----+-----------+
    |Total                           |3068|   0| 3562|        494|
    +--------------------------------+----+----+-----+-----------+



================================================================
== Interface
================================================================
* Summary: 
+--------------------------+-----+-----+------------+----------------------------------+--------------+
|         RTL Ports        | Dir | Bits|  Protocol  |           Source Object          |    C Type    |
+--------------------------+-----+-----+------------+----------------------------------+--------------+
|ap_clk                    |   in|    1|  ap_ctrl_hs|  Crypto1_Pipeline_INTT_COL_LOOP17|  return value|
|ap_rst                    |   in|    1|  ap_ctrl_hs|  Crypto1_Pipeline_INTT_COL_LOOP17|  return value|
|ap_start                  |   in|    1|  ap_ctrl_hs|  Crypto1_Pipeline_INTT_COL_LOOP17|  return value|
|ap_done                   |  out|    1|  ap_ctrl_hs|  Crypto1_Pipeline_INTT_COL_LOOP17|  return value|
|ap_idle                   |  out|    1|  ap_ctrl_hs|  Crypto1_Pipeline_INTT_COL_LOOP17|  return value|
|ap_ready                  |  out|    1|  ap_ctrl_hs|  Crypto1_Pipeline_INTT_COL_LOOP17|  return value|
|ReadAddr_703              |   in|   32|     ap_none|                      ReadAddr_703|        scalar|
|ReadAddr_702              |   in|   32|     ap_none|                      ReadAddr_702|        scalar|
|ReadAddr_701              |   in|   32|     ap_none|                      ReadAddr_701|        scalar|
|ReadAddr_700              |   in|   32|     ap_none|                      ReadAddr_700|        scalar|
|ReadAddr_699              |   in|   32|     ap_none|                      ReadAddr_699|        scalar|
|ReadAddr_698              |   in|   32|     ap_none|                      ReadAddr_698|        scalar|
|ReadAddr_697              |   in|   32|     ap_none|                      ReadAddr_697|        scalar|
|ReadAddr_696              |   in|   32|     ap_none|                      ReadAddr_696|        scalar|
|ReadAddr_695              |   in|   32|     ap_none|                      ReadAddr_695|        scalar|
|ReadAddr_694              |   in|   32|     ap_none|                      ReadAddr_694|        scalar|
|ReadAddr_693              |   in|   32|     ap_none|                      ReadAddr_693|        scalar|
|ReadAddr_692              |   in|   32|     ap_none|                      ReadAddr_692|        scalar|
|ReadAddr_691              |   in|   32|     ap_none|                      ReadAddr_691|        scalar|
|ReadAddr_690              |   in|   32|     ap_none|                      ReadAddr_690|        scalar|
|ReadAddr_689              |   in|   32|     ap_none|                      ReadAddr_689|        scalar|
|ReadAddr_688              |   in|   32|     ap_none|                      ReadAddr_688|        scalar|
|ReadAddr_687              |   in|   32|     ap_none|                      ReadAddr_687|        scalar|
|ReadAddr_686              |   in|   32|     ap_none|                      ReadAddr_686|        scalar|
|ReadAddr_685              |   in|   32|     ap_none|                      ReadAddr_685|        scalar|
|ReadAddr_684              |   in|   32|     ap_none|                      ReadAddr_684|        scalar|
|ReadAddr_683              |   in|   32|     ap_none|                      ReadAddr_683|        scalar|
|ReadAddr_682              |   in|   32|     ap_none|                      ReadAddr_682|        scalar|
|ReadAddr_681              |   in|   32|     ap_none|                      ReadAddr_681|        scalar|
|ReadAddr_680              |   in|   32|     ap_none|                      ReadAddr_680|        scalar|
|ReadAddr_679              |   in|   32|     ap_none|                      ReadAddr_679|        scalar|
|ReadAddr_678              |   in|   32|     ap_none|                      ReadAddr_678|        scalar|
|ReadAddr_677              |   in|   32|     ap_none|                      ReadAddr_677|        scalar|
|ReadAddr_676              |   in|   32|     ap_none|                      ReadAddr_676|        scalar|
|ReadAddr_675              |   in|   32|     ap_none|                      ReadAddr_675|        scalar|
|ReadAddr_674              |   in|   32|     ap_none|                      ReadAddr_674|        scalar|
|ReadAddr_673              |   in|   32|     ap_none|                      ReadAddr_673|        scalar|
|ReadAddr_672              |   in|   32|     ap_none|                      ReadAddr_672|        scalar|
|ReadAddr_671              |   in|   32|     ap_none|                      ReadAddr_671|        scalar|
|ReadAddr_670              |   in|   32|     ap_none|                      ReadAddr_670|        scalar|
|ReadAddr_669              |   in|   32|     ap_none|                      ReadAddr_669|        scalar|
|ReadAddr_668              |   in|   32|     ap_none|                      ReadAddr_668|        scalar|
|ReadAddr_667              |   in|   32|     ap_none|                      ReadAddr_667|        scalar|
|ReadAddr_666              |   in|   32|     ap_none|                      ReadAddr_666|        scalar|
|ReadAddr_665              |   in|   32|     ap_none|                      ReadAddr_665|        scalar|
|ReadAddr_664              |   in|   32|     ap_none|                      ReadAddr_664|        scalar|
|ReadAddr_663              |   in|   32|     ap_none|                      ReadAddr_663|        scalar|
|ReadAddr_662              |   in|   32|     ap_none|                      ReadAddr_662|        scalar|
|ReadAddr_661              |   in|   32|     ap_none|                      ReadAddr_661|        scalar|
|ReadAddr_660              |   in|   32|     ap_none|                      ReadAddr_660|        scalar|
|ReadAddr_659              |   in|   32|     ap_none|                      ReadAddr_659|        scalar|
|ReadAddr_658              |   in|   32|     ap_none|                      ReadAddr_658|        scalar|
|ReadAddr_657              |   in|   32|     ap_none|                      ReadAddr_657|        scalar|
|ReadAddr_656              |   in|   32|     ap_none|                      ReadAddr_656|        scalar|
|ReadAddr_655              |   in|   32|     ap_none|                      ReadAddr_655|        scalar|
|ReadAddr_654              |   in|   32|     ap_none|                      ReadAddr_654|        scalar|
|ReadAddr_653              |   in|   32|     ap_none|                      ReadAddr_653|        scalar|
|ReadAddr_652              |   in|   32|     ap_none|                      ReadAddr_652|        scalar|
|ReadAddr_651              |   in|   32|     ap_none|                      ReadAddr_651|        scalar|
|ReadAddr_650              |   in|   32|     ap_none|                      ReadAddr_650|        scalar|
|ReadAddr_649              |   in|   32|     ap_none|                      ReadAddr_649|        scalar|
|ReadAddr_648              |   in|   32|     ap_none|                      ReadAddr_648|        scalar|
|ReadAddr_647              |   in|   32|     ap_none|                      ReadAddr_647|        scalar|
|ReadAddr_646              |   in|   32|     ap_none|                      ReadAddr_646|        scalar|
|ReadAddr_645              |   in|   32|     ap_none|                      ReadAddr_645|        scalar|
|ReadAddr_644              |   in|   32|     ap_none|                      ReadAddr_644|        scalar|
|ReadAddr_643              |   in|   32|     ap_none|                      ReadAddr_643|        scalar|
|ReadAddr_642              |   in|   32|     ap_none|                      ReadAddr_642|        scalar|
|ReadAddr_641              |   in|   32|     ap_none|                      ReadAddr_641|        scalar|
|ReadAddr_640              |   in|   32|     ap_none|                      ReadAddr_640|        scalar|
|ReadData_3_address0       |  out|    4|   ap_memory|                        ReadData_3|         array|
|ReadData_3_ce0            |  out|    1|   ap_memory|                        ReadData_3|         array|
|ReadData_3_we0            |  out|    1|   ap_memory|                        ReadData_3|         array|
|ReadData_3_d0             |  out|   32|   ap_memory|                        ReadData_3|         array|
|ReadData_3_address1       |  out|    4|   ap_memory|                        ReadData_3|         array|
|ReadData_3_ce1            |  out|    1|   ap_memory|                        ReadData_3|         array|
|ReadData_3_we1            |  out|    1|   ap_memory|                        ReadData_3|         array|
|ReadData_3_d1             |  out|   32|   ap_memory|                        ReadData_3|         array|
|ReadData_2_address0       |  out|    4|   ap_memory|                        ReadData_2|         array|
|ReadData_2_ce0            |  out|    1|   ap_memory|                        ReadData_2|         array|
|ReadData_2_we0            |  out|    1|   ap_memory|                        ReadData_2|         array|
|ReadData_2_d0             |  out|   32|   ap_memory|                        ReadData_2|         array|
|ReadData_2_address1       |  out|    4|   ap_memory|                        ReadData_2|         array|
|ReadData_2_ce1            |  out|    1|   ap_memory|                        ReadData_2|         array|
|ReadData_2_we1            |  out|    1|   ap_memory|                        ReadData_2|         array|
|ReadData_2_d1             |  out|   32|   ap_memory|                        ReadData_2|         array|
|ReadData_1_address0       |  out|    4|   ap_memory|                        ReadData_1|         array|
|ReadData_1_ce0            |  out|    1|   ap_memory|                        ReadData_1|         array|
|ReadData_1_we0            |  out|    1|   ap_memory|                        ReadData_1|         array|
|ReadData_1_d0             |  out|   32|   ap_memory|                        ReadData_1|         array|
|ReadData_1_address1       |  out|    4|   ap_memory|                        ReadData_1|         array|
|ReadData_1_ce1            |  out|    1|   ap_memory|                        ReadData_1|         array|
|ReadData_1_we1            |  out|    1|   ap_memory|                        ReadData_1|         array|
|ReadData_1_d1             |  out|   32|   ap_memory|                        ReadData_1|         array|
|ReadData_address0         |  out|    4|   ap_memory|                          ReadData|         array|
|ReadData_ce0              |  out|    1|   ap_memory|                          ReadData|         array|
|ReadData_we0              |  out|    1|   ap_memory|                          ReadData|         array|
|ReadData_d0               |  out|   32|   ap_memory|                          ReadData|         array|
|ReadData_address1         |  out|    4|   ap_memory|                          ReadData|         array|
|ReadData_ce1              |  out|    1|   ap_memory|                          ReadData|         array|
|ReadData_we1              |  out|    1|   ap_memory|                          ReadData|         array|
|ReadData_d1               |  out|   32|   ap_memory|                          ReadData|         array|
|DataRAM_4_load_179        |   in|   32|     ap_none|                DataRAM_4_load_179|        scalar|
|DataRAM_load_179          |   in|   32|     ap_none|                  DataRAM_load_179|        scalar|
|DataRAM_4_load_180        |   in|   32|     ap_none|                DataRAM_4_load_180|        scalar|
|DataRAM_load_180          |   in|   32|     ap_none|                  DataRAM_load_180|        scalar|
|DataRAM_4_load_181        |   in|   32|     ap_none|                DataRAM_4_load_181|        scalar|
|DataRAM_load_181          |   in|   32|     ap_none|                  DataRAM_load_181|        scalar|
|DataRAM_4_load_182        |   in|   32|     ap_none|                DataRAM_4_load_182|        scalar|
|DataRAM_load_182          |   in|   32|     ap_none|                  DataRAM_load_182|        scalar|
|DataRAM_4_load_183        |   in|   32|     ap_none|                DataRAM_4_load_183|        scalar|
|DataRAM_load_183          |   in|   32|     ap_none|                  DataRAM_load_183|        scalar|
|DataRAM_4_load_184        |   in|   32|     ap_none|                DataRAM_4_load_184|        scalar|
|DataRAM_load_184          |   in|   32|     ap_none|                  DataRAM_load_184|        scalar|
|DataRAM_4_load_185        |   in|   32|     ap_none|                DataRAM_4_load_185|        scalar|
|DataRAM_load_185          |   in|   32|     ap_none|                  DataRAM_load_185|        scalar|
|DataRAM_4_load_186        |   in|   32|     ap_none|                DataRAM_4_load_186|        scalar|
|DataRAM_load_186          |   in|   32|     ap_none|                  DataRAM_load_186|        scalar|
|DataRAM_5_load_179        |   in|   32|     ap_none|                DataRAM_5_load_179|        scalar|
|DataRAM_1_load_179        |   in|   32|     ap_none|                DataRAM_1_load_179|        scalar|
|DataRAM_5_load_180        |   in|   32|     ap_none|                DataRAM_5_load_180|        scalar|
|DataRAM_1_load_180        |   in|   32|     ap_none|                DataRAM_1_load_180|        scalar|
|DataRAM_5_load_181        |   in|   32|     ap_none|                DataRAM_5_load_181|        scalar|
|DataRAM_1_load_181        |   in|   32|     ap_none|                DataRAM_1_load_181|        scalar|
|DataRAM_5_load_182        |   in|   32|     ap_none|                DataRAM_5_load_182|        scalar|
|DataRAM_1_load_182        |   in|   32|     ap_none|                DataRAM_1_load_182|        scalar|
|DataRAM_5_load_183        |   in|   32|     ap_none|                DataRAM_5_load_183|        scalar|
|DataRAM_1_load_183        |   in|   32|     ap_none|                DataRAM_1_load_183|        scalar|
|DataRAM_5_load_184        |   in|   32|     ap_none|                DataRAM_5_load_184|        scalar|
|DataRAM_1_load_184        |   in|   32|     ap_none|                DataRAM_1_load_184|        scalar|
|DataRAM_5_load_185        |   in|   32|     ap_none|                DataRAM_5_load_185|        scalar|
|DataRAM_1_load_185        |   in|   32|     ap_none|                DataRAM_1_load_185|        scalar|
|DataRAM_5_load_186        |   in|   32|     ap_none|                DataRAM_5_load_186|        scalar|
|DataRAM_1_load_186        |   in|   32|     ap_none|                DataRAM_1_load_186|        scalar|
|DataRAM_6_load_179        |   in|   32|     ap_none|                DataRAM_6_load_179|        scalar|
|DataRAM_2_load_179        |   in|   32|     ap_none|                DataRAM_2_load_179|        scalar|
|DataRAM_6_load_180        |   in|   32|     ap_none|                DataRAM_6_load_180|        scalar|
|DataRAM_2_load_180        |   in|   32|     ap_none|                DataRAM_2_load_180|        scalar|
|DataRAM_6_load_181        |   in|   32|     ap_none|                DataRAM_6_load_181|        scalar|
|DataRAM_2_load_181        |   in|   32|     ap_none|                DataRAM_2_load_181|        scalar|
|DataRAM_6_load_182        |   in|   32|     ap_none|                DataRAM_6_load_182|        scalar|
|DataRAM_2_load_182        |   in|   32|     ap_none|                DataRAM_2_load_182|        scalar|
|DataRAM_6_load_183        |   in|   32|     ap_none|                DataRAM_6_load_183|        scalar|
|DataRAM_2_load_183        |   in|   32|     ap_none|                DataRAM_2_load_183|        scalar|
|DataRAM_6_load_184        |   in|   32|     ap_none|                DataRAM_6_load_184|        scalar|
|DataRAM_2_load_184        |   in|   32|     ap_none|                DataRAM_2_load_184|        scalar|
|DataRAM_6_load_185        |   in|   32|     ap_none|                DataRAM_6_load_185|        scalar|
|DataRAM_2_load_185        |   in|   32|     ap_none|                DataRAM_2_load_185|        scalar|
|DataRAM_6_load_186        |   in|   32|     ap_none|                DataRAM_6_load_186|        scalar|
|DataRAM_2_load_186        |   in|   32|     ap_none|                DataRAM_2_load_186|        scalar|
|DataRAM_7_load_176        |   in|   32|     ap_none|                DataRAM_7_load_176|        scalar|
|DataRAM_3_load_179        |   in|   32|     ap_none|                DataRAM_3_load_179|        scalar|
|DataRAM_7_load_177        |   in|   32|     ap_none|                DataRAM_7_load_177|        scalar|
|DataRAM_3_load_180        |   in|   32|     ap_none|                DataRAM_3_load_180|        scalar|
|DataRAM_7_load_178        |   in|   32|     ap_none|                DataRAM_7_load_178|        scalar|
|DataRAM_3_load_181        |   in|   32|     ap_none|                DataRAM_3_load_181|        scalar|
|DataRAM_7_load_179        |   in|   32|     ap_none|                DataRAM_7_load_179|        scalar|
|DataRAM_3_load_182        |   in|   32|     ap_none|                DataRAM_3_load_182|        scalar|
|DataRAM_7_load_180        |   in|   32|     ap_none|                DataRAM_7_load_180|        scalar|
|DataRAM_3_load_183        |   in|   32|     ap_none|                DataRAM_3_load_183|        scalar|
|DataRAM_7_load_181        |   in|   32|     ap_none|                DataRAM_7_load_181|        scalar|
|DataRAM_3_load_184        |   in|   32|     ap_none|                DataRAM_3_load_184|        scalar|
|DataRAM_7_load_182        |   in|   32|     ap_none|                DataRAM_7_load_182|        scalar|
|DataRAM_3_load_185        |   in|   32|     ap_none|                DataRAM_3_load_185|        scalar|
|DataRAM_7_load_183        |   in|   32|     ap_none|                DataRAM_7_load_183|        scalar|
|DataRAM_3_load_186        |   in|   32|     ap_none|                DataRAM_3_load_186|        scalar|
|k_8                       |   in|    6|     ap_none|                               k_8|        scalar|
|empty_65                  |   in|    7|     ap_none|                          empty_65|        scalar|
|mul622_1                  |   in|   12|     ap_none|                          mul622_1|        scalar|
|empty                     |   in|   10|     ap_none|                             empty|        scalar|
|DataRAM_address0          |  out|   13|   ap_memory|                           DataRAM|         array|
|DataRAM_ce0               |  out|    1|   ap_memory|                           DataRAM|         array|
|DataRAM_q0                |   in|   32|   ap_memory|                           DataRAM|         array|
|DataRAM_address1          |  out|   13|   ap_memory|                           DataRAM|         array|
|DataRAM_ce1               |  out|    1|   ap_memory|                           DataRAM|         array|
|DataRAM_q1                |   in|   32|   ap_memory|                           DataRAM|         array|
|DataRAM_4_address0        |  out|   13|   ap_memory|                         DataRAM_4|         array|
|DataRAM_4_ce0             |  out|    1|   ap_memory|                         DataRAM_4|         array|
|DataRAM_4_q0              |   in|   32|   ap_memory|                         DataRAM_4|         array|
|DataRAM_4_address1        |  out|   13|   ap_memory|                         DataRAM_4|         array|
|DataRAM_4_ce1             |  out|    1|   ap_memory|                         DataRAM_4|         array|
|DataRAM_4_q1              |   in|   32|   ap_memory|                         DataRAM_4|         array|
|DataRAM_1_address0        |  out|   13|   ap_memory|                         DataRAM_1|         array|
|DataRAM_1_ce0             |  out|    1|   ap_memory|                         DataRAM_1|         array|
|DataRAM_1_q0              |   in|   32|   ap_memory|                         DataRAM_1|         array|
|DataRAM_1_address1        |  out|   13|   ap_memory|                         DataRAM_1|         array|
|DataRAM_1_ce1             |  out|    1|   ap_memory|                         DataRAM_1|         array|
|DataRAM_1_q1              |   in|   32|   ap_memory|                         DataRAM_1|         array|
|DataRAM_5_address0        |  out|   13|   ap_memory|                         DataRAM_5|         array|
|DataRAM_5_ce0             |  out|    1|   ap_memory|                         DataRAM_5|         array|
|DataRAM_5_q0              |   in|   32|   ap_memory|                         DataRAM_5|         array|
|DataRAM_5_address1        |  out|   13|   ap_memory|                         DataRAM_5|         array|
|DataRAM_5_ce1             |  out|    1|   ap_memory|                         DataRAM_5|         array|
|DataRAM_5_q1              |   in|   32|   ap_memory|                         DataRAM_5|         array|
|DataRAM_2_address0        |  out|   13|   ap_memory|                         DataRAM_2|         array|
|DataRAM_2_ce0             |  out|    1|   ap_memory|                         DataRAM_2|         array|
|DataRAM_2_q0              |   in|   32|   ap_memory|                         DataRAM_2|         array|
|DataRAM_2_address1        |  out|   13|   ap_memory|                         DataRAM_2|         array|
|DataRAM_2_ce1             |  out|    1|   ap_memory|                         DataRAM_2|         array|
|DataRAM_2_q1              |   in|   32|   ap_memory|                         DataRAM_2|         array|
|DataRAM_6_address0        |  out|   13|   ap_memory|                         DataRAM_6|         array|
|DataRAM_6_ce0             |  out|    1|   ap_memory|                         DataRAM_6|         array|
|DataRAM_6_q0              |   in|   32|   ap_memory|                         DataRAM_6|         array|
|DataRAM_6_address1        |  out|   13|   ap_memory|                         DataRAM_6|         array|
|DataRAM_6_ce1             |  out|    1|   ap_memory|                         DataRAM_6|         array|
|DataRAM_6_q1              |   in|   32|   ap_memory|                         DataRAM_6|         array|
|DataRAM_3_address0        |  out|   13|   ap_memory|                         DataRAM_3|         array|
|DataRAM_3_ce0             |  out|    1|   ap_memory|                         DataRAM_3|         array|
|DataRAM_3_q0              |   in|   32|   ap_memory|                         DataRAM_3|         array|
|DataRAM_3_address1        |  out|   13|   ap_memory|                         DataRAM_3|         array|
|DataRAM_3_ce1             |  out|    1|   ap_memory|                         DataRAM_3|         array|
|DataRAM_3_q1              |   in|   32|   ap_memory|                         DataRAM_3|         array|
|DataRAM_7_address0        |  out|   13|   ap_memory|                         DataRAM_7|         array|
|DataRAM_7_ce0             |  out|    1|   ap_memory|                         DataRAM_7|         array|
|DataRAM_7_q0              |   in|   32|   ap_memory|                         DataRAM_7|         array|
|DataRAM_7_address1        |  out|   13|   ap_memory|                         DataRAM_7|         array|
|DataRAM_7_ce1             |  out|    1|   ap_memory|                         DataRAM_7|         array|
|DataRAM_7_q1              |   in|   32|   ap_memory|                         DataRAM_7|         array|
|cmp599_1                  |   in|    1|     ap_none|                          cmp599_1|        scalar|
|ReadAddr_1055_out         |  out|   32|      ap_vld|                 ReadAddr_1055_out|       pointer|
|ReadAddr_1055_out_ap_vld  |  out|    1|      ap_vld|                 ReadAddr_1055_out|       pointer|
|ReadAddr_1054_out         |  out|   32|      ap_vld|                 ReadAddr_1054_out|       pointer|
|ReadAddr_1054_out_ap_vld  |  out|    1|      ap_vld|                 ReadAddr_1054_out|       pointer|
|ReadAddr_1053_out         |  out|   32|      ap_vld|                 ReadAddr_1053_out|       pointer|
|ReadAddr_1053_out_ap_vld  |  out|    1|      ap_vld|                 ReadAddr_1053_out|       pointer|
|ReadAddr_1052_out         |  out|   32|      ap_vld|                 ReadAddr_1052_out|       pointer|
|ReadAddr_1052_out_ap_vld  |  out|    1|      ap_vld|                 ReadAddr_1052_out|       pointer|
|ReadAddr_1051_out         |  out|   32|      ap_vld|                 ReadAddr_1051_out|       pointer|
|ReadAddr_1051_out_ap_vld  |  out|    1|      ap_vld|                 ReadAddr_1051_out|       pointer|
|ReadAddr_1050_out         |  out|   32|      ap_vld|                 ReadAddr_1050_out|       pointer|
|ReadAddr_1050_out_ap_vld  |  out|    1|      ap_vld|                 ReadAddr_1050_out|       pointer|
|ReadAddr_1049_out         |  out|   32|      ap_vld|                 ReadAddr_1049_out|       pointer|
|ReadAddr_1049_out_ap_vld  |  out|    1|      ap_vld|                 ReadAddr_1049_out|       pointer|
|ReadAddr_1048_out         |  out|   32|      ap_vld|                 ReadAddr_1048_out|       pointer|
|ReadAddr_1048_out_ap_vld  |  out|    1|      ap_vld|                 ReadAddr_1048_out|       pointer|
|ReadAddr_1047_out         |  out|   32|      ap_vld|                 ReadAddr_1047_out|       pointer|
|ReadAddr_1047_out_ap_vld  |  out|    1|      ap_vld|                 ReadAddr_1047_out|       pointer|
|ReadAddr_1046_out         |  out|   32|      ap_vld|                 ReadAddr_1046_out|       pointer|
|ReadAddr_1046_out_ap_vld  |  out|    1|      ap_vld|                 ReadAddr_1046_out|       pointer|
|ReadAddr_1045_out         |  out|   32|      ap_vld|                 ReadAddr_1045_out|       pointer|
|ReadAddr_1045_out_ap_vld  |  out|    1|      ap_vld|                 ReadAddr_1045_out|       pointer|
|ReadAddr_1044_out         |  out|   32|      ap_vld|                 ReadAddr_1044_out|       pointer|
|ReadAddr_1044_out_ap_vld  |  out|    1|      ap_vld|                 ReadAddr_1044_out|       pointer|
|ReadAddr_1043_out         |  out|   32|      ap_vld|                 ReadAddr_1043_out|       pointer|
|ReadAddr_1043_out_ap_vld  |  out|    1|      ap_vld|                 ReadAddr_1043_out|       pointer|
|ReadAddr_1042_out         |  out|   32|      ap_vld|                 ReadAddr_1042_out|       pointer|
|ReadAddr_1042_out_ap_vld  |  out|    1|      ap_vld|                 ReadAddr_1042_out|       pointer|
|ReadAddr_1041_out         |  out|   32|      ap_vld|                 ReadAddr_1041_out|       pointer|
|ReadAddr_1041_out_ap_vld  |  out|    1|      ap_vld|                 ReadAddr_1041_out|       pointer|
|ReadAddr_1040_out         |  out|   32|      ap_vld|                 ReadAddr_1040_out|       pointer|
|ReadAddr_1040_out_ap_vld  |  out|    1|      ap_vld|                 ReadAddr_1040_out|       pointer|
|ReadAddr_1039_out         |  out|   32|      ap_vld|                 ReadAddr_1039_out|       pointer|
|ReadAddr_1039_out_ap_vld  |  out|    1|      ap_vld|                 ReadAddr_1039_out|       pointer|
|ReadAddr_1038_out         |  out|   32|      ap_vld|                 ReadAddr_1038_out|       pointer|
|ReadAddr_1038_out_ap_vld  |  out|    1|      ap_vld|                 ReadAddr_1038_out|       pointer|
|ReadAddr_1037_out         |  out|   32|      ap_vld|                 ReadAddr_1037_out|       pointer|
|ReadAddr_1037_out_ap_vld  |  out|    1|      ap_vld|                 ReadAddr_1037_out|       pointer|
|ReadAddr_1036_out         |  out|   32|      ap_vld|                 ReadAddr_1036_out|       pointer|
|ReadAddr_1036_out_ap_vld  |  out|    1|      ap_vld|                 ReadAddr_1036_out|       pointer|
|ReadAddr_1035_out         |  out|   32|      ap_vld|                 ReadAddr_1035_out|       pointer|
|ReadAddr_1035_out_ap_vld  |  out|    1|      ap_vld|                 ReadAddr_1035_out|       pointer|
|ReadAddr_1034_out         |  out|   32|      ap_vld|                 ReadAddr_1034_out|       pointer|
|ReadAddr_1034_out_ap_vld  |  out|    1|      ap_vld|                 ReadAddr_1034_out|       pointer|
|ReadAddr_1033_out         |  out|   32|      ap_vld|                 ReadAddr_1033_out|       pointer|
|ReadAddr_1033_out_ap_vld  |  out|    1|      ap_vld|                 ReadAddr_1033_out|       pointer|
|ReadAddr_1032_out         |  out|   32|      ap_vld|                 ReadAddr_1032_out|       pointer|
|ReadAddr_1032_out_ap_vld  |  out|    1|      ap_vld|                 ReadAddr_1032_out|       pointer|
|ReadAddr_1031_out         |  out|   32|      ap_vld|                 ReadAddr_1031_out|       pointer|
|ReadAddr_1031_out_ap_vld  |  out|    1|      ap_vld|                 ReadAddr_1031_out|       pointer|
|ReadAddr_1030_out         |  out|   32|      ap_vld|                 ReadAddr_1030_out|       pointer|
|ReadAddr_1030_out_ap_vld  |  out|    1|      ap_vld|                 ReadAddr_1030_out|       pointer|
|ReadAddr_1029_out         |  out|   32|      ap_vld|                 ReadAddr_1029_out|       pointer|
|ReadAddr_1029_out_ap_vld  |  out|    1|      ap_vld|                 ReadAddr_1029_out|       pointer|
|ReadAddr_1028_out         |  out|   32|      ap_vld|                 ReadAddr_1028_out|       pointer|
|ReadAddr_1028_out_ap_vld  |  out|    1|      ap_vld|                 ReadAddr_1028_out|       pointer|
|ReadAddr_1027_out         |  out|   32|      ap_vld|                 ReadAddr_1027_out|       pointer|
|ReadAddr_1027_out_ap_vld  |  out|    1|      ap_vld|                 ReadAddr_1027_out|       pointer|
|ReadAddr_1026_out         |  out|   32|      ap_vld|                 ReadAddr_1026_out|       pointer|
|ReadAddr_1026_out_ap_vld  |  out|    1|      ap_vld|                 ReadAddr_1026_out|       pointer|
|ReadAddr_1025_out         |  out|   32|      ap_vld|                 ReadAddr_1025_out|       pointer|
|ReadAddr_1025_out_ap_vld  |  out|    1|      ap_vld|                 ReadAddr_1025_out|       pointer|
|ReadAddr_1024_out         |  out|   32|      ap_vld|                 ReadAddr_1024_out|       pointer|
|ReadAddr_1024_out_ap_vld  |  out|    1|      ap_vld|                 ReadAddr_1024_out|       pointer|
|ReadAddr_1023_out         |  out|   32|      ap_vld|                 ReadAddr_1023_out|       pointer|
|ReadAddr_1023_out_ap_vld  |  out|    1|      ap_vld|                 ReadAddr_1023_out|       pointer|
|ReadAddr_1022_out         |  out|   32|      ap_vld|                 ReadAddr_1022_out|       pointer|
|ReadAddr_1022_out_ap_vld  |  out|    1|      ap_vld|                 ReadAddr_1022_out|       pointer|
|ReadAddr_1021_out         |  out|   32|      ap_vld|                 ReadAddr_1021_out|       pointer|
|ReadAddr_1021_out_ap_vld  |  out|    1|      ap_vld|                 ReadAddr_1021_out|       pointer|
|ReadAddr_1020_out         |  out|   32|      ap_vld|                 ReadAddr_1020_out|       pointer|
|ReadAddr_1020_out_ap_vld  |  out|    1|      ap_vld|                 ReadAddr_1020_out|       pointer|
|ReadAddr_1019_out         |  out|   32|      ap_vld|                 ReadAddr_1019_out|       pointer|
|ReadAddr_1019_out_ap_vld  |  out|    1|      ap_vld|                 ReadAddr_1019_out|       pointer|
|ReadAddr_1018_out         |  out|   32|      ap_vld|                 ReadAddr_1018_out|       pointer|
|ReadAddr_1018_out_ap_vld  |  out|    1|      ap_vld|                 ReadAddr_1018_out|       pointer|
|ReadAddr_1017_out         |  out|   32|      ap_vld|                 ReadAddr_1017_out|       pointer|
|ReadAddr_1017_out_ap_vld  |  out|    1|      ap_vld|                 ReadAddr_1017_out|       pointer|
|ReadAddr_1016_out         |  out|   32|      ap_vld|                 ReadAddr_1016_out|       pointer|
|ReadAddr_1016_out_ap_vld  |  out|    1|      ap_vld|                 ReadAddr_1016_out|       pointer|
|ReadAddr_1015_out         |  out|   32|      ap_vld|                 ReadAddr_1015_out|       pointer|
|ReadAddr_1015_out_ap_vld  |  out|    1|      ap_vld|                 ReadAddr_1015_out|       pointer|
|ReadAddr_1014_out         |  out|   32|      ap_vld|                 ReadAddr_1014_out|       pointer|
|ReadAddr_1014_out_ap_vld  |  out|    1|      ap_vld|                 ReadAddr_1014_out|       pointer|
|ReadAddr_1013_out         |  out|   32|      ap_vld|                 ReadAddr_1013_out|       pointer|
|ReadAddr_1013_out_ap_vld  |  out|    1|      ap_vld|                 ReadAddr_1013_out|       pointer|
|ReadAddr_1012_out         |  out|   32|      ap_vld|                 ReadAddr_1012_out|       pointer|
|ReadAddr_1012_out_ap_vld  |  out|    1|      ap_vld|                 ReadAddr_1012_out|       pointer|
|ReadAddr_1011_out         |  out|   32|      ap_vld|                 ReadAddr_1011_out|       pointer|
|ReadAddr_1011_out_ap_vld  |  out|    1|      ap_vld|                 ReadAddr_1011_out|       pointer|
|ReadAddr_1010_out         |  out|   32|      ap_vld|                 ReadAddr_1010_out|       pointer|
|ReadAddr_1010_out_ap_vld  |  out|    1|      ap_vld|                 ReadAddr_1010_out|       pointer|
|ReadAddr_1009_out         |  out|   32|      ap_vld|                 ReadAddr_1009_out|       pointer|
|ReadAddr_1009_out_ap_vld  |  out|    1|      ap_vld|                 ReadAddr_1009_out|       pointer|
|ReadAddr_1008_out         |  out|   32|      ap_vld|                 ReadAddr_1008_out|       pointer|
|ReadAddr_1008_out_ap_vld  |  out|    1|      ap_vld|                 ReadAddr_1008_out|       pointer|
|ReadAddr_1007_out         |  out|   32|      ap_vld|                 ReadAddr_1007_out|       pointer|
|ReadAddr_1007_out_ap_vld  |  out|    1|      ap_vld|                 ReadAddr_1007_out|       pointer|
|ReadAddr_1006_out         |  out|   32|      ap_vld|                 ReadAddr_1006_out|       pointer|
|ReadAddr_1006_out_ap_vld  |  out|    1|      ap_vld|                 ReadAddr_1006_out|       pointer|
|ReadAddr_1005_out         |  out|   32|      ap_vld|                 ReadAddr_1005_out|       pointer|
|ReadAddr_1005_out_ap_vld  |  out|    1|      ap_vld|                 ReadAddr_1005_out|       pointer|
|ReadAddr_1004_out         |  out|   32|      ap_vld|                 ReadAddr_1004_out|       pointer|
|ReadAddr_1004_out_ap_vld  |  out|    1|      ap_vld|                 ReadAddr_1004_out|       pointer|
|ReadAddr_1003_out         |  out|   32|      ap_vld|                 ReadAddr_1003_out|       pointer|
|ReadAddr_1003_out_ap_vld  |  out|    1|      ap_vld|                 ReadAddr_1003_out|       pointer|
|ReadAddr_1002_out         |  out|   32|      ap_vld|                 ReadAddr_1002_out|       pointer|
|ReadAddr_1002_out_ap_vld  |  out|    1|      ap_vld|                 ReadAddr_1002_out|       pointer|
|ReadAddr_1001_out         |  out|   32|      ap_vld|                 ReadAddr_1001_out|       pointer|
|ReadAddr_1001_out_ap_vld  |  out|    1|      ap_vld|                 ReadAddr_1001_out|       pointer|
|ReadAddr_1000_out         |  out|   32|      ap_vld|                 ReadAddr_1000_out|       pointer|
|ReadAddr_1000_out_ap_vld  |  out|    1|      ap_vld|                 ReadAddr_1000_out|       pointer|
|ReadAddr_999_out          |  out|   32|      ap_vld|                  ReadAddr_999_out|       pointer|
|ReadAddr_999_out_ap_vld   |  out|    1|      ap_vld|                  ReadAddr_999_out|       pointer|
|ReadAddr_998_out          |  out|   32|      ap_vld|                  ReadAddr_998_out|       pointer|
|ReadAddr_998_out_ap_vld   |  out|    1|      ap_vld|                  ReadAddr_998_out|       pointer|
|ReadAddr_997_out          |  out|   32|      ap_vld|                  ReadAddr_997_out|       pointer|
|ReadAddr_997_out_ap_vld   |  out|    1|      ap_vld|                  ReadAddr_997_out|       pointer|
|ReadAddr_996_out          |  out|   32|      ap_vld|                  ReadAddr_996_out|       pointer|
|ReadAddr_996_out_ap_vld   |  out|    1|      ap_vld|                  ReadAddr_996_out|       pointer|
|ReadAddr_995_out          |  out|   32|      ap_vld|                  ReadAddr_995_out|       pointer|
|ReadAddr_995_out_ap_vld   |  out|    1|      ap_vld|                  ReadAddr_995_out|       pointer|
|ReadAddr_994_out          |  out|   32|      ap_vld|                  ReadAddr_994_out|       pointer|
|ReadAddr_994_out_ap_vld   |  out|    1|      ap_vld|                  ReadAddr_994_out|       pointer|
|ReadAddr_993_out          |  out|   32|      ap_vld|                  ReadAddr_993_out|       pointer|
|ReadAddr_993_out_ap_vld   |  out|    1|      ap_vld|                  ReadAddr_993_out|       pointer|
|ReadAddr_992_out          |  out|   32|      ap_vld|                  ReadAddr_992_out|       pointer|
|ReadAddr_992_out_ap_vld   |  out|    1|      ap_vld|                  ReadAddr_992_out|       pointer|
+--------------------------+-----+-----+------------+----------------------------------+--------------+

