

================================================================
== Vitis HLS Report for 'Crypto1_Pipeline_INTT_COL_LOOP20'
================================================================
* Date:           Fri Apr  4 16:47:56 2025

* Version:        2024.1 (Build 5069499 on May 21 2024)
* Project:        Crypto
* Solution:       solution1 (Vivado IP Flow Target)
* Product family: virtex7
* Target device:  xc7vx485t-ffg1761-3


================================================================
== Performance Estimates
================================================================
+ Timing: 
    * Summary: 
    +--------+---------+----------+------------+
    |  Clock |  Target | Estimated| Uncertainty|
    +--------+---------+----------+------------+
    |ap_clk  |  6.00 ns|  4.006 ns|     1.62 ns|
    +--------+---------+----------+------------+

+ Latency: 
    * Summary: 
    +---------+---------+-----------+-----------+-----+-----+-----------------------------------------------+
    |  Latency (cycles) |   Latency (absolute)  |  Interval |                    Pipeline                   |
    |   min   |   max   |    min    |    max    | min | max |                      Type                     |
    +---------+---------+-----------+-----------+-----+-----+-----------------------------------------------+
    |       12|       12|  72.000 ns|  72.000 ns|   11|   11|  loop auto-rewind stp(delay=0 clock cycles(s))|
    +---------+---------+-----------+-----------+-----+-----+-----------------------------------------------+

    + Detail: 
        * Instance: 
        N/A

        * Loop: 
        +-----------------+---------+---------+----------+-----------+-----------+------+----------+
        |                 |  Latency (cycles) | Iteration|  Initiation Interval  | Trip |          |
        |    Loop Name    |   min   |   max   |  Latency |  achieved |   target  | Count| Pipelined|
        +-----------------+---------+---------+----------+-----------+-----------+------+----------+
        |- INTT_COL_LOOP  |       10|       10|         7|          4|          1|     2|       yes|
        +-----------------+---------+---------+----------+-----------+-----------+------+----------+



================================================================
== Utilization Estimates
================================================================
* Summary: 
+-----------------+---------+------+--------+--------+-----+
|       Name      | BRAM_18K|  DSP |   FF   |   LUT  | URAM|
+-----------------+---------+------+--------+--------+-----+
|DSP              |        -|     -|       -|       -|    -|
|Expression       |        -|     -|       0|    8890|    -|
|FIFO             |        -|     -|       -|       -|    -|
|Instance         |        -|     -|       -|       -|    -|
|Memory           |        -|     -|       -|       -|    -|
|Multiplexer      |        -|     -|    4890|    1323|    -|
|Register         |        -|     -|    3068|       -|    -|
+-----------------+---------+------+--------+--------+-----+
|Total            |        0|     0|    7958|   10213|    0|
+-----------------+---------+------+--------+--------+-----+
|Available        |     2060|  2800|  607200|  303600|    0|
+-----------------+---------+------+--------+--------+-----+
|Utilization (%)  |        0|     0|       1|       3|    0|
+-----------------+---------+------+--------+--------+-----+

+ Detail: 
    * Instance: 
    N/A

    * DSP: 
    N/A

    * Memory: 
    N/A

    * FIFO: 
    N/A

    * Expression: 
    +----------------------------+----------+----+---+----+------------+------------+
    |        Variable Name       | Operation| DSP| FF| LUT| Bitwidth P0| Bitwidth P1|
    +----------------------------+----------+----+---+----+------------+------------+
    |ReadAddr_733_fu_3546_p2     |         +|   0|  0|  20|          13|          13|
    |ReadAddr_734_fu_3598_p2     |         +|   0|  0|  20|          13|          13|
    |ReadAddr_735_fu_4237_p2     |         +|   0|  0|  20|          13|          13|
    |ReadAddr_736_fu_4290_p2     |         +|   0|  0|  20|          13|          13|
    |ReadAddr_737_fu_5725_p2     |         +|   0|  0|  20|          13|          13|
    |ReadAddr_738_fu_5778_p2     |         +|   0|  0|  20|          13|          13|
    |ReadAddr_739_fu_6931_p2     |         +|   0|  0|  20|          13|          13|
    |ReadAddr_740_fu_6989_p2     |         +|   0|  0|  20|          13|          13|
    |ReadAddr_741_fu_3650_p2     |         +|   0|  0|  20|          13|          13|
    |ReadAddr_742_fu_3702_p2     |         +|   0|  0|  20|          13|          13|
    |ReadAddr_743_fu_4385_p2     |         +|   0|  0|  20|          13|          13|
    |ReadAddr_744_fu_4438_p2     |         +|   0|  0|  20|          13|          13|
    |ReadAddr_745_fu_5867_p2     |         +|   0|  0|  20|          13|          13|
    |ReadAddr_746_fu_5920_p2     |         +|   0|  0|  20|          13|          13|
    |ReadAddr_747_fu_7083_p2     |         +|   0|  0|  20|          13|          13|
    |ReadAddr_748_fu_7141_p2     |         +|   0|  0|  20|          13|          13|
    |ReadAddr_749_fu_3754_p2     |         +|   0|  0|  20|          13|          13|
    |ReadAddr_750_fu_3806_p2     |         +|   0|  0|  20|          13|          13|
    |ReadAddr_751_fu_4533_p2     |         +|   0|  0|  20|          13|          13|
    |ReadAddr_752_fu_4586_p2     |         +|   0|  0|  20|          13|          13|
    |ReadAddr_753_fu_6009_p2     |         +|   0|  0|  20|          13|          13|
    |ReadAddr_754_fu_6062_p2     |         +|   0|  0|  20|          13|          13|
    |ReadAddr_755_fu_7235_p2     |         +|   0|  0|  20|          13|          13|
    |ReadAddr_756_fu_7293_p2     |         +|   0|  0|  20|          13|          13|
    |ReadAddr_757_fu_3858_p2     |         +|   0|  0|  20|          13|          13|
    |ReadAddr_758_fu_3910_p2     |         +|   0|  0|  20|          13|          13|
    |ReadAddr_759_fu_4681_p2     |         +|   0|  0|  20|          13|          13|
    |ReadAddr_760_fu_4734_p2     |         +|   0|  0|  20|          13|          13|
    |ReadAddr_761_fu_6151_p2     |         +|   0|  0|  20|          13|          13|
    |ReadAddr_762_fu_6204_p2     |         +|   0|  0|  20|          13|          13|
    |ReadAddr_763_fu_7387_p2     |         +|   0|  0|  20|          13|          13|
    |ReadAddr_764_fu_7445_p2     |         +|   0|  0|  20|          13|          13|
    |add_ln369_fu_7803_p2        |         +|   0|  0|  14|           7|           6|
    |add_ln374_fu_3530_p2        |         +|   0|  0|  14|           7|           2|
    |add_ln375_10_fu_5791_p2     |         +|   0|  0|  17|          10|          10|
    |add_ln375_11_fu_5809_p2     |         +|   0|  0|  17|          10|          10|
    |add_ln375_12_fu_7007_p2     |         +|   0|  0|  17|          10|          10|
    |add_ln375_13_fu_7025_p2     |         +|   0|  0|  17|          10|          10|
    |add_ln375_14_fu_7096_p2     |         +|   0|  0|  17|          10|          10|
    |add_ln375_15_fu_7154_p2     |         +|   0|  0|  17|          10|          10|
    |add_ln375_16_fu_4454_p2     |         +|   0|  0|  17|          10|          10|
    |add_ln375_17_fu_4475_p2     |         +|   0|  0|  17|          10|          10|
    |add_ln375_18_fu_5933_p2     |         +|   0|  0|  17|          10|          10|
    |add_ln375_19_fu_5951_p2     |         +|   0|  0|  17|          10|          10|
    |add_ln375_1_fu_4179_p2      |         +|   0|  0|  17|          10|          10|
    |add_ln375_20_fu_7159_p2     |         +|   0|  0|  17|          10|          10|
    |add_ln375_21_fu_7177_p2     |         +|   0|  0|  17|          10|          10|
    |add_ln375_22_fu_7248_p2     |         +|   0|  0|  17|          10|          10|
    |add_ln375_23_fu_7306_p2     |         +|   0|  0|  17|          10|          10|
    |add_ln375_24_fu_4602_p2     |         +|   0|  0|  17|          10|          10|
    |add_ln375_25_fu_4623_p2     |         +|   0|  0|  17|          10|          10|
    |add_ln375_26_fu_6075_p2     |         +|   0|  0|  17|          10|          10|
    |add_ln375_27_fu_6093_p2     |         +|   0|  0|  17|          10|          10|
    |add_ln375_28_fu_7311_p2     |         +|   0|  0|  17|          10|          10|
    |add_ln375_29_fu_7329_p2     |         +|   0|  0|  17|          10|          10|
    |add_ln375_2_fu_5649_p2      |         +|   0|  0|  17|          10|          10|
    |add_ln375_30_fu_7400_p2     |         +|   0|  0|  17|          10|          10|
    |add_ln375_31_fu_7570_p2     |         +|   0|  0|  17|          10|          10|
    |add_ln375_3_fu_5667_p2      |         +|   0|  0|  17|          10|          10|
    |add_ln375_4_fu_6855_p2      |         +|   0|  0|  17|          10|          10|
    |add_ln375_5_fu_6873_p2      |         +|   0|  0|  17|          10|          10|
    |add_ln375_6_fu_6944_p2      |         +|   0|  0|  17|          10|          10|
    |add_ln375_7_fu_7002_p2      |         +|   0|  0|  17|          10|          10|
    |add_ln375_8_fu_4306_p2      |         +|   0|  0|  17|          10|          10|
    |add_ln375_9_fu_4327_p2      |         +|   0|  0|  17|          10|          10|
    |add_ln375_fu_4158_p2        |         +|   0|  0|  17|          10|          10|
    |sub_ln374_10_fu_4345_p2     |         -|   0|  0|  14|           7|           7|
    |sub_ln374_11_fu_4398_p2     |         -|   0|  0|  14|           7|           7|
    |sub_ln374_12_fu_5827_p2     |         -|   0|  0|  14|           7|           7|
    |sub_ln374_13_fu_5880_p2     |         -|   0|  0|  14|           7|           7|
    |sub_ln374_14_fu_7043_p2     |         -|   0|  0|  14|           7|           7|
    |sub_ln374_15_fu_7101_p2     |         -|   0|  0|  14|           7|           7|
    |sub_ln374_16_fu_3712_p2     |         -|   0|  0|  14|           7|           7|
    |sub_ln374_17_fu_3764_p2     |         -|   0|  0|  14|           7|           7|
    |sub_ln374_18_fu_4493_p2     |         -|   0|  0|  14|           7|           7|
    |sub_ln374_19_fu_4546_p2     |         -|   0|  0|  14|           7|           7|
    |sub_ln374_1_fu_3556_p2      |         -|   0|  0|  14|           7|           7|
    |sub_ln374_20_fu_5969_p2     |         -|   0|  0|  14|           7|           7|
    |sub_ln374_21_fu_6022_p2     |         -|   0|  0|  14|           7|           7|
    |sub_ln374_22_fu_7195_p2     |         -|   0|  0|  14|           7|           7|
    |sub_ln374_23_fu_7253_p2     |         -|   0|  0|  14|           7|           7|
    |sub_ln374_24_fu_3816_p2     |         -|   0|  0|  14|           7|           7|
    |sub_ln374_25_fu_3868_p2     |         -|   0|  0|  14|           7|           7|
    |sub_ln374_26_fu_4641_p2     |         -|   0|  0|  14|           7|           7|
    |sub_ln374_27_fu_4694_p2     |         -|   0|  0|  14|           7|           7|
    |sub_ln374_28_fu_6111_p2     |         -|   0|  0|  14|           7|           7|
    |sub_ln374_29_fu_6164_p2     |         -|   0|  0|  14|           7|           7|
    |sub_ln374_2_fu_4197_p2      |         -|   0|  0|  14|           7|           7|
    |sub_ln374_30_fu_7347_p2     |         -|   0|  0|  14|           7|           7|
    |sub_ln374_31_fu_7405_p2     |         -|   0|  0|  14|           7|           7|
    |sub_ln374_3_fu_4250_p2      |         -|   0|  0|  14|           7|           7|
    |sub_ln374_4_fu_5685_p2      |         -|   0|  0|  14|           7|           7|
    |sub_ln374_5_fu_5738_p2      |         -|   0|  0|  14|           7|           7|
    |sub_ln374_6_fu_6891_p2      |         -|   0|  0|  14|           7|           7|
    |sub_ln374_7_fu_6949_p2      |         -|   0|  0|  14|           7|           7|
    |sub_ln374_8_fu_3608_p2      |         -|   0|  0|  14|           7|           7|
    |sub_ln374_9_fu_3660_p2      |         -|   0|  0|  14|           7|           7|
    |sub_ln374_fu_3498_p2        |         -|   0|  0|  14|           7|           7|
    |and_ln374_10_fu_4376_p2     |       and|   0|  0|   7|           7|           7|
    |and_ln374_11_fu_4429_p2     |       and|   0|  0|   7|           7|           7|
    |and_ln374_12_fu_5858_p2     |       and|   0|  0|   7|           7|           7|
    |and_ln374_13_fu_5911_p2     |       and|   0|  0|   7|           7|           7|
    |and_ln374_14_fu_7074_p2     |       and|   0|  0|   7|           7|           7|
    |and_ln374_15_fu_7132_p2     |       and|   0|  0|   7|           7|           7|
    |and_ln374_16_fu_3744_p2     |       and|   0|  0|   7|           7|           7|
    |and_ln374_17_fu_3796_p2     |       and|   0|  0|   7|           7|           7|
    |and_ln374_18_fu_4524_p2     |       and|   0|  0|   7|           7|           7|
    |and_ln374_19_fu_4577_p2     |       and|   0|  0|   7|           7|           7|
    |and_ln374_1_fu_3588_p2      |       and|   0|  0|   7|           7|           7|
    |and_ln374_20_fu_6000_p2     |       and|   0|  0|   7|           7|           7|
    |and_ln374_21_fu_6053_p2     |       and|   0|  0|   7|           7|           7|
    |and_ln374_22_fu_7226_p2     |       and|   0|  0|   7|           7|           7|
    |and_ln374_23_fu_7284_p2     |       and|   0|  0|   7|           7|           7|
    |and_ln374_24_fu_3848_p2     |       and|   0|  0|   7|           7|           7|
    |and_ln374_25_fu_3900_p2     |       and|   0|  0|   7|           7|           7|
    |and_ln374_26_fu_4672_p2     |       and|   0|  0|   7|           7|           7|
    |and_ln374_27_fu_4725_p2     |       and|   0|  0|   7|           7|           7|
    |and_ln374_28_fu_6142_p2     |       and|   0|  0|   7|           7|           7|
    |and_ln374_29_fu_6195_p2     |       and|   0|  0|   7|           7|           7|
    |and_ln374_2_fu_4228_p2      |       and|   0|  0|   7|           7|           7|
    |and_ln374_30_fu_7378_p2     |       and|   0|  0|   7|           7|           7|
    |and_ln374_31_fu_7436_p2     |       and|   0|  0|   7|           7|           7|
    |and_ln374_3_fu_4281_p2      |       and|   0|  0|   7|           7|           7|
    |and_ln374_4_fu_5716_p2      |       and|   0|  0|   7|           7|           7|
    |and_ln374_5_fu_5769_p2      |       and|   0|  0|   7|           7|           7|
    |and_ln374_6_fu_6922_p2      |       and|   0|  0|   7|           7|           7|
    |and_ln374_7_fu_6980_p2      |       and|   0|  0|   7|           7|           7|
    |and_ln374_8_fu_3640_p2      |       and|   0|  0|   7|           7|           7|
    |and_ln374_9_fu_3692_p2      |       and|   0|  0|   7|           7|           7|
    |and_ln374_fu_3536_p2        |       and|   0|  0|   7|           7|           7|
    |icmp_ln372_fu_5596_p2       |      icmp|   0|  0|  14|           7|           6|
    |icmp_ln374_fu_4747_p2       |      icmp|   0|  0|  14|           7|           1|
    |ReadAddr_765_fu_5000_p3     |    select|   0|  0|  32|           1|          32|
    |ReadAddr_766_fu_4992_p3     |    select|   0|  0|  32|           1|          32|
    |ReadAddr_767_fu_4984_p3     |    select|   0|  0|  32|           1|          32|
    |ReadAddr_768_fu_4976_p3     |    select|   0|  0|  32|           1|          32|
    |ReadAddr_769_fu_6322_p3     |    select|   0|  0|  32|           1|          32|
    |ReadAddr_770_fu_6315_p3     |    select|   0|  0|  32|           1|          32|
    |ReadAddr_771_fu_7559_p3     |    select|   0|  0|  32|           1|          32|
    |ReadAddr_772_fu_7552_p3     |    select|   0|  0|  32|           1|          32|
    |ReadAddr_773_fu_4968_p3     |    select|   0|  0|  32|           1|          32|
    |ReadAddr_774_fu_4960_p3     |    select|   0|  0|  32|           1|          32|
    |ReadAddr_775_fu_4952_p3     |    select|   0|  0|  32|           1|          32|
    |ReadAddr_776_fu_4944_p3     |    select|   0|  0|  32|           1|          32|
    |ReadAddr_777_fu_6308_p3     |    select|   0|  0|  32|           1|          32|
    |ReadAddr_778_fu_6301_p3     |    select|   0|  0|  32|           1|          32|
    |ReadAddr_779_fu_7545_p3     |    select|   0|  0|  32|           1|          32|
    |ReadAddr_780_fu_7538_p3     |    select|   0|  0|  32|           1|          32|
    |ReadAddr_781_fu_4936_p3     |    select|   0|  0|  32|           1|          32|
    |ReadAddr_782_fu_4928_p3     |    select|   0|  0|  32|           1|          32|
    |ReadAddr_783_fu_4920_p3     |    select|   0|  0|  32|           1|          32|
    |ReadAddr_784_fu_4912_p3     |    select|   0|  0|  32|           1|          32|
    |ReadAddr_785_fu_6294_p3     |    select|   0|  0|  32|           1|          32|
    |ReadAddr_786_fu_6287_p3     |    select|   0|  0|  32|           1|          32|
    |ReadAddr_787_fu_7531_p3     |    select|   0|  0|  32|           1|          32|
    |ReadAddr_788_fu_7524_p3     |    select|   0|  0|  32|           1|          32|
    |ReadAddr_789_fu_4904_p3     |    select|   0|  0|  32|           1|          32|
    |ReadAddr_790_fu_4896_p3     |    select|   0|  0|  32|           1|          32|
    |ReadAddr_791_fu_4888_p3     |    select|   0|  0|  32|           1|          32|
    |ReadAddr_792_fu_4880_p3     |    select|   0|  0|  32|           1|          32|
    |ReadAddr_793_fu_6280_p3     |    select|   0|  0|  32|           1|          32|
    |ReadAddr_794_fu_6273_p3     |    select|   0|  0|  32|           1|          32|
    |ReadAddr_795_fu_7517_p3     |    select|   0|  0|  32|           1|          32|
    |ReadAddr_796_fu_7510_p3     |    select|   0|  0|  32|           1|          32|
    |ReadAddr_797_fu_4872_p3     |    select|   0|  0|  32|           1|          32|
    |ReadAddr_798_fu_4864_p3     |    select|   0|  0|  32|           1|          32|
    |ReadAddr_799_fu_4856_p3     |    select|   0|  0|  32|           1|          32|
    |ReadAddr_800_fu_4848_p3     |    select|   0|  0|  32|           1|          32|
    |ReadAddr_801_fu_6266_p3     |    select|   0|  0|  32|           1|          32|
    |ReadAddr_802_fu_6259_p3     |    select|   0|  0|  32|           1|          32|
    |ReadAddr_803_fu_7503_p3     |    select|   0|  0|  32|           1|          32|
    |ReadAddr_804_fu_7496_p3     |    select|   0|  0|  32|           1|          32|
    |ReadAddr_805_fu_4840_p3     |    select|   0|  0|  32|           1|          32|
    |ReadAddr_806_fu_4832_p3     |    select|   0|  0|  32|           1|          32|
    |ReadAddr_807_fu_4824_p3     |    select|   0|  0|  32|           1|          32|
    |ReadAddr_808_fu_4816_p3     |    select|   0|  0|  32|           1|          32|
    |ReadAddr_809_fu_6252_p3     |    select|   0|  0|  32|           1|          32|
    |ReadAddr_810_fu_6245_p3     |    select|   0|  0|  32|           1|          32|
    |ReadAddr_811_fu_7489_p3     |    select|   0|  0|  32|           1|          32|
    |ReadAddr_812_fu_7482_p3     |    select|   0|  0|  32|           1|          32|
    |ReadAddr_813_fu_4808_p3     |    select|   0|  0|  32|           1|          32|
    |ReadAddr_814_fu_4800_p3     |    select|   0|  0|  32|           1|          32|
    |ReadAddr_815_fu_4792_p3     |    select|   0|  0|  32|           1|          32|
    |ReadAddr_816_fu_4784_p3     |    select|   0|  0|  32|           1|          32|
    |ReadAddr_817_fu_6238_p3     |    select|   0|  0|  32|           1|          32|
    |ReadAddr_818_fu_6231_p3     |    select|   0|  0|  32|           1|          32|
    |ReadAddr_819_fu_7475_p3     |    select|   0|  0|  32|           1|          32|
    |ReadAddr_820_fu_7468_p3     |    select|   0|  0|  32|           1|          32|
    |ReadAddr_821_fu_4776_p3     |    select|   0|  0|  32|           1|          32|
    |ReadAddr_822_fu_4768_p3     |    select|   0|  0|  32|           1|          32|
    |ReadAddr_823_fu_4760_p3     |    select|   0|  0|  32|           1|          32|
    |ReadAddr_824_fu_4752_p3     |    select|   0|  0|  32|           1|          32|
    |ReadAddr_825_fu_6224_p3     |    select|   0|  0|  32|           1|          32|
    |ReadAddr_826_fu_6217_p3     |    select|   0|  0|  32|           1|          32|
    |ReadAddr_827_fu_7461_p3     |    select|   0|  0|  32|           1|          32|
    |ReadAddr_828_fu_7454_p3     |    select|   0|  0|  32|           1|          32|
    |ReadAddr_829_fu_7691_p3     |    select|   0|  0|  32|           1|          32|
    |ReadAddr_830_fu_7698_p3     |    select|   0|  0|  32|           1|          32|
    |ReadAddr_831_fu_6453_p3     |    select|   0|  0|  32|           1|          32|
    |ReadAddr_832_fu_6460_p3     |    select|   0|  0|  32|           1|          32|
    |ReadAddr_833_fu_5008_p3     |    select|   0|  0|  32|           1|          32|
    |ReadAddr_834_fu_5015_p3     |    select|   0|  0|  32|           1|          32|
    |ReadAddr_835_fu_5022_p3     |    select|   0|  0|  32|           1|          32|
    |ReadAddr_836_fu_5029_p3     |    select|   0|  0|  32|           1|          32|
    |ReadAddr_837_fu_7705_p3     |    select|   0|  0|  32|           1|          32|
    |ReadAddr_838_fu_7712_p3     |    select|   0|  0|  32|           1|          32|
    |ReadAddr_839_fu_6467_p3     |    select|   0|  0|  32|           1|          32|
    |ReadAddr_840_fu_6474_p3     |    select|   0|  0|  32|           1|          32|
    |ReadAddr_841_fu_5036_p3     |    select|   0|  0|  32|           1|          32|
    |ReadAddr_842_fu_5043_p3     |    select|   0|  0|  32|           1|          32|
    |ReadAddr_843_fu_5050_p3     |    select|   0|  0|  32|           1|          32|
    |ReadAddr_844_fu_5057_p3     |    select|   0|  0|  32|           1|          32|
    |ReadAddr_845_fu_7719_p3     |    select|   0|  0|  32|           1|          32|
    |ReadAddr_846_fu_7726_p3     |    select|   0|  0|  32|           1|          32|
    |ReadAddr_847_fu_6481_p3     |    select|   0|  0|  32|           1|          32|
    |ReadAddr_848_fu_6488_p3     |    select|   0|  0|  32|           1|          32|
    |ReadAddr_849_fu_5064_p3     |    select|   0|  0|  32|           1|          32|
    |ReadAddr_850_fu_5071_p3     |    select|   0|  0|  32|           1|          32|
    |ReadAddr_851_fu_5078_p3     |    select|   0|  0|  32|           1|          32|
    |ReadAddr_852_fu_5085_p3     |    select|   0|  0|  32|           1|          32|
    |ReadAddr_853_fu_7733_p3     |    select|   0|  0|  32|           1|          32|
    |ReadAddr_854_fu_7740_p3     |    select|   0|  0|  32|           1|          32|
    |ReadAddr_855_fu_6495_p3     |    select|   0|  0|  32|           1|          32|
    |ReadAddr_856_fu_6502_p3     |    select|   0|  0|  32|           1|          32|
    |ReadAddr_857_fu_5092_p3     |    select|   0|  0|  32|           1|          32|
    |ReadAddr_858_fu_5099_p3     |    select|   0|  0|  32|           1|          32|
    |ReadAddr_859_fu_5106_p3     |    select|   0|  0|  32|           1|          32|
    |ReadAddr_860_fu_5113_p3     |    select|   0|  0|  32|           1|          32|
    |ReadAddr_861_fu_7747_p3     |    select|   0|  0|  32|           1|          32|
    |ReadAddr_862_fu_7754_p3     |    select|   0|  0|  32|           1|          32|
    |ReadAddr_863_fu_6509_p3     |    select|   0|  0|  32|           1|          32|
    |ReadAddr_864_fu_6516_p3     |    select|   0|  0|  32|           1|          32|
    |ReadAddr_865_fu_5120_p3     |    select|   0|  0|  32|           1|          32|
    |ReadAddr_866_fu_5127_p3     |    select|   0|  0|  32|           1|          32|
    |ReadAddr_867_fu_5134_p3     |    select|   0|  0|  32|           1|          32|
    |ReadAddr_868_fu_5141_p3     |    select|   0|  0|  32|           1|          32|
    |ReadAddr_869_fu_7761_p3     |    select|   0|  0|  32|           1|          32|
    |ReadAddr_870_fu_7768_p3     |    select|   0|  0|  32|           1|          32|
    |ReadAddr_871_fu_6523_p3     |    select|   0|  0|  32|           1|          32|
    |ReadAddr_872_fu_6530_p3     |    select|   0|  0|  32|           1|          32|
    |ReadAddr_873_fu_5148_p3     |    select|   0|  0|  32|           1|          32|
    |ReadAddr_874_fu_5155_p3     |    select|   0|  0|  32|           1|          32|
    |ReadAddr_875_fu_5162_p3     |    select|   0|  0|  32|           1|          32|
    |ReadAddr_876_fu_5169_p3     |    select|   0|  0|  32|           1|          32|
    |ReadAddr_877_fu_7775_p3     |    select|   0|  0|  32|           1|          32|
    |ReadAddr_878_fu_7782_p3     |    select|   0|  0|  32|           1|          32|
    |ReadAddr_879_fu_6537_p3     |    select|   0|  0|  32|           1|          32|
    |ReadAddr_880_fu_6544_p3     |    select|   0|  0|  32|           1|          32|
    |ReadAddr_881_fu_5176_p3     |    select|   0|  0|  32|           1|          32|
    |ReadAddr_882_fu_5183_p3     |    select|   0|  0|  32|           1|          32|
    |ReadAddr_883_fu_5190_p3     |    select|   0|  0|  32|           1|          32|
    |ReadAddr_884_fu_5197_p3     |    select|   0|  0|  32|           1|          32|
    |ReadAddr_885_fu_7789_p3     |    select|   0|  0|  32|           1|          32|
    |ReadAddr_886_fu_7796_p3     |    select|   0|  0|  32|           1|          32|
    |ReadAddr_887_fu_6551_p3     |    select|   0|  0|  32|           1|          32|
    |ReadAddr_888_fu_6558_p3     |    select|   0|  0|  32|           1|          32|
    |ReadAddr_889_fu_5204_p3     |    select|   0|  0|  32|           1|          32|
    |ReadAddr_890_fu_5211_p3     |    select|   0|  0|  32|           1|          32|
    |ReadAddr_891_fu_5218_p3     |    select|   0|  0|  32|           1|          32|
    |ReadAddr_892_fu_5225_p3     |    select|   0|  0|  32|           1|          32|
    |grp_fu_2954_p3              |    select|   0|  0|  32|           1|          32|
    |grp_fu_2961_p3              |    select|   0|  0|  32|           1|          32|
    |grp_fu_2968_p3              |    select|   0|  0|  32|           1|          32|
    |grp_fu_2975_p3              |    select|   0|  0|  32|           1|          32|
    |grp_fu_2982_p3              |    select|   0|  0|  32|           1|          32|
    |grp_fu_2989_p3              |    select|   0|  0|  32|           1|          32|
    |grp_fu_2996_p3              |    select|   0|  0|  32|           1|          32|
    |grp_fu_3003_p3              |    select|   0|  0|  32|           1|          32|
    |select_ln372_10_fu_6825_p3  |    select|   0|  0|  32|           1|          32|
    |select_ln372_11_fu_6830_p3  |    select|   0|  0|  32|           1|          32|
    |select_ln372_12_fu_7929_p3  |    select|   0|  0|  32|           1|          32|
    |select_ln372_13_fu_7934_p3  |    select|   0|  0|  32|           1|          32|
    |select_ln372_14_fu_8162_p3  |    select|   0|  0|  32|           1|          32|
    |select_ln372_15_fu_8167_p3  |    select|   0|  0|  32|           1|          32|
    |select_ln372_16_fu_5625_p3  |    select|   0|  0|  32|           1|          32|
    |select_ln372_17_fu_5631_p3  |    select|   0|  0|  32|           1|          32|
    |select_ln372_18_fu_6835_p3  |    select|   0|  0|  32|           1|          32|
    |select_ln372_19_fu_6840_p3  |    select|   0|  0|  32|           1|          32|
    |select_ln372_1_fu_5607_p3   |    select|   0|  0|  32|           1|          32|
    |select_ln372_20_fu_7939_p3  |    select|   0|  0|  32|           1|          32|
    |select_ln372_21_fu_7944_p3  |    select|   0|  0|  32|           1|          32|
    |select_ln372_22_fu_8172_p3  |    select|   0|  0|  32|           1|          32|
    |select_ln372_23_fu_8177_p3  |    select|   0|  0|  32|           1|          32|
    |select_ln372_24_fu_5637_p3  |    select|   0|  0|  32|           1|          32|
    |select_ln372_25_fu_5643_p3  |    select|   0|  0|  32|           1|          32|
    |select_ln372_26_fu_6845_p3  |    select|   0|  0|  32|           1|          32|
    |select_ln372_27_fu_6850_p3  |    select|   0|  0|  32|           1|          32|
    |select_ln372_28_fu_7949_p3  |    select|   0|  0|  32|           1|          32|
    |select_ln372_29_fu_7954_p3  |    select|   0|  0|  32|           1|          32|
    |select_ln372_2_fu_6815_p3   |    select|   0|  0|  32|           1|          32|
    |select_ln372_30_fu_8182_p3  |    select|   0|  0|  32|           1|          32|
    |select_ln372_31_fu_8187_p3  |    select|   0|  0|  32|           1|          32|
    |select_ln372_3_fu_6820_p3   |    select|   0|  0|  32|           1|          32|
    |select_ln372_4_fu_7919_p3   |    select|   0|  0|  32|           1|          32|
    |select_ln372_5_fu_7924_p3   |    select|   0|  0|  32|           1|          32|
    |select_ln372_6_fu_8152_p3   |    select|   0|  0|  32|           1|          32|
    |select_ln372_7_fu_8157_p3   |    select|   0|  0|  32|           1|          32|
    |select_ln372_8_fu_5613_p3   |    select|   0|  0|  32|           1|          32|
    |select_ln372_9_fu_5619_p3   |    select|   0|  0|  32|           1|          32|
    |select_ln372_fu_5601_p3     |    select|   0|  0|  32|           1|          32|
    |select_ln375_10_fu_7589_p3  |    select|   0|  0|  32|           1|          32|
    |select_ln375_11_fu_7596_p3  |    select|   0|  0|  32|           1|          32|
    |select_ln375_16_fu_6361_p3  |    select|   0|  0|  32|           1|          32|
    |select_ln375_17_fu_6369_p3  |    select|   0|  0|  32|           1|          32|
    |select_ln375_18_fu_7603_p3  |    select|   0|  0|  32|           1|          32|
    |select_ln375_19_fu_7610_p3  |    select|   0|  0|  32|           1|          32|
    |select_ln375_1_fu_6337_p3   |    select|   0|  0|  32|           1|          32|
    |select_ln375_24_fu_6377_p3  |    select|   0|  0|  32|           1|          32|
    |select_ln375_25_fu_6385_p3  |    select|   0|  0|  32|           1|          32|
    |select_ln375_26_fu_7617_p3  |    select|   0|  0|  32|           1|          32|
    |select_ln375_27_fu_7624_p3  |    select|   0|  0|  32|           1|          32|
    |select_ln375_2_fu_7575_p3   |    select|   0|  0|  32|           1|          32|
    |select_ln375_3_fu_7582_p3   |    select|   0|  0|  32|           1|          32|
    |select_ln375_8_fu_6345_p3   |    select|   0|  0|  32|           1|          32|
    |select_ln375_9_fu_6353_p3   |    select|   0|  0|  32|           1|          32|
    |select_ln375_fu_6329_p3     |    select|   0|  0|  32|           1|          32|
    |storemerge106_fu_8238_p3    |    select|   0|  0|  32|           1|          32|
    |storemerge107_fu_7677_p3    |    select|   0|  0|  32|           1|          32|
    |storemerge118_fu_8230_p3    |    select|   0|  0|  32|           1|          32|
    |storemerge119_fu_7669_p3    |    select|   0|  0|  32|           1|          32|
    |storemerge130_fu_8222_p3    |    select|   0|  0|  32|           1|          32|
    |storemerge131_fu_7661_p3    |    select|   0|  0|  32|           1|          32|
    |storemerge142_fu_8215_p3    |    select|   0|  0|  32|           1|          32|
    |storemerge143_fu_7654_p3    |    select|   0|  0|  32|           1|          32|
    |storemerge154_fu_8208_p3    |    select|   0|  0|  32|           1|          32|
    |storemerge155_fu_7647_p3    |    select|   0|  0|  32|           1|          32|
    |storemerge166_fu_8200_p3    |    select|   0|  0|  32|           1|          32|
    |storemerge167_fu_7639_p3    |    select|   0|  0|  32|           1|          32|
    |storemerge178_fu_8192_p3    |    select|   0|  0|  32|           1|          32|
    |storemerge179_fu_7631_p3    |    select|   0|  0|  32|           1|          32|
    |storemerge190_fu_8116_p3    |    select|   0|  0|  32|           1|          32|
    |storemerge191_fu_6446_p3    |    select|   0|  0|  32|           1|          32|
    |storemerge1_fu_7684_p3      |    select|   0|  0|  32|           1|          32|
    |storemerge202_fu_8109_p3    |    select|   0|  0|  32|           1|          32|
    |storemerge203_fu_6439_p3    |    select|   0|  0|  32|           1|          32|
    |storemerge214_fu_8101_p3    |    select|   0|  0|  32|           1|          32|
    |storemerge215_fu_6431_p3    |    select|   0|  0|  32|           1|          32|
    |storemerge226_fu_8093_p3    |    select|   0|  0|  32|           1|          32|
    |storemerge227_fu_6423_p3    |    select|   0|  0|  32|           1|          32|
    |storemerge238_fu_8086_p3    |    select|   0|  0|  32|           1|          32|
    |storemerge239_fu_6416_p3    |    select|   0|  0|  32|           1|          32|
    |storemerge250_fu_8079_p3    |    select|   0|  0|  32|           1|          32|
    |storemerge251_fu_6409_p3    |    select|   0|  0|  32|           1|          32|
    |storemerge262_fu_8071_p3    |    select|   0|  0|  32|           1|          32|
    |storemerge263_fu_6401_p3    |    select|   0|  0|  32|           1|          32|
    |storemerge274_fu_8063_p3    |    select|   0|  0|  32|           1|          32|
    |storemerge275_fu_6393_p3    |    select|   0|  0|  32|           1|          32|
    |storemerge_fu_8245_p3       |    select|   0|  0|  32|           1|          32|
    |ap_enable_pp0               |       xor|   0|  0|   2|           1|           2|
    |xor_ln374_11_fu_6904_p2     |       xor|   0|  0|   2|           1|           2|
    |xor_ln374_13_fu_6962_p2     |       xor|   0|  0|   2|           1|           2|
    |xor_ln374_15_fu_3622_p2     |       xor|   0|  0|   2|           1|           2|
    |xor_ln374_17_fu_3674_p2     |       xor|   0|  0|   2|           1|           2|
    |xor_ln374_19_fu_4358_p2     |       xor|   0|  0|   2|           1|           2|
    |xor_ln374_1_fu_3570_p2      |       xor|   0|  0|   2|           1|           2|
    |xor_ln374_21_fu_4411_p2     |       xor|   0|  0|   2|           1|           2|
    |xor_ln374_23_fu_5840_p2     |       xor|   0|  0|   2|           1|           2|
    |xor_ln374_25_fu_5893_p2     |       xor|   0|  0|   2|           1|           2|
    |xor_ln374_27_fu_7056_p2     |       xor|   0|  0|   2|           1|           2|
    |xor_ln374_29_fu_7114_p2     |       xor|   0|  0|   2|           1|           2|
    |xor_ln374_31_fu_3726_p2     |       xor|   0|  0|   2|           1|           2|
    |xor_ln374_33_fu_3778_p2     |       xor|   0|  0|   2|           1|           2|
    |xor_ln374_35_fu_4506_p2     |       xor|   0|  0|   2|           1|           2|
    |xor_ln374_37_fu_4559_p2     |       xor|   0|  0|   2|           1|           2|
    |xor_ln374_39_fu_5982_p2     |       xor|   0|  0|   2|           1|           2|
    |xor_ln374_3_fu_4210_p2      |       xor|   0|  0|   2|           1|           2|
    |xor_ln374_41_fu_6035_p2     |       xor|   0|  0|   2|           1|           2|
    |xor_ln374_43_fu_7208_p2     |       xor|   0|  0|   2|           1|           2|
    |xor_ln374_45_fu_7266_p2     |       xor|   0|  0|   2|           1|           2|
    |xor_ln374_47_fu_3830_p2     |       xor|   0|  0|   2|           1|           2|
    |xor_ln374_49_fu_3882_p2     |       xor|   0|  0|   2|           1|           2|
    |xor_ln374_51_fu_4654_p2     |       xor|   0|  0|   2|           1|           2|
    |xor_ln374_53_fu_4707_p2     |       xor|   0|  0|   2|           1|           2|
    |xor_ln374_55_fu_6124_p2     |       xor|   0|  0|   2|           1|           2|
    |xor_ln374_57_fu_6177_p2     |       xor|   0|  0|   2|           1|           2|
    |xor_ln374_59_fu_7360_p2     |       xor|   0|  0|   2|           1|           2|
    |xor_ln374_5_fu_4263_p2      |       xor|   0|  0|   2|           1|           2|
    |xor_ln374_61_fu_7418_p2     |       xor|   0|  0|   2|           1|           2|
    |xor_ln374_7_fu_5698_p2      |       xor|   0|  0|   2|           1|           2|
    |xor_ln374_9_fu_5751_p2      |       xor|   0|  0|   2|           1|           2|
    |xor_ln374_fu_3512_p2        |       xor|   0|  0|   2|           1|           2|
    +----------------------------+----------+----+---+----+------------+------------+
    |Total                       |          |   0|  0|8890|        1461|        8177|
    +----------------------------+----------+----+---+----+------------+------------+

    * Multiplexer: 
    +-----------------------------+----+-----------+-----+-----------+
    |             Name            | LUT| Input Size| Bits| Total Bits|
    +-----------------------------+----+-----------+-----+-----------+
    |DataRAM_1_address0_local     |  21|          5|   13|         65|
    |DataRAM_1_address1_local     |  21|          5|   13|         65|
    |DataRAM_2_address0_local     |  21|          5|   13|         65|
    |DataRAM_2_address1_local     |  21|          5|   13|         65|
    |DataRAM_3_address0_local     |  21|          5|   13|         65|
    |DataRAM_3_address1_local     |  21|          5|   13|         65|
    |DataRAM_4_address0_local     |  21|          5|   13|         65|
    |DataRAM_4_address1_local     |  21|          5|   13|         65|
    |DataRAM_5_address0_local     |  21|          5|   13|         65|
    |DataRAM_5_address1_local     |  21|          5|   13|         65|
    |DataRAM_6_address0_local     |  21|          5|   13|         65|
    |DataRAM_6_address1_local     |  21|          5|   13|         65|
    |DataRAM_7_address0_local     |  21|          5|   13|         65|
    |DataRAM_7_address1_local     |  21|          5|   13|         65|
    |DataRAM_address0_local       |  21|          5|   13|         65|
    |DataRAM_address1_local       |  21|          5|   13|         65|
    |ReadAddr_670_fu_580          |   9|          2|   32|         64|
    |ReadAddr_671_fu_584          |   9|          2|   32|         64|
    |ReadAddr_672_fu_588          |   9|          2|   32|         64|
    |ReadAddr_673_fu_592          |   9|          2|   32|         64|
    |ReadAddr_674_fu_596          |   9|          2|   32|         64|
    |ReadAddr_675_fu_600          |   9|          2|   32|         64|
    |ReadAddr_676_fu_604          |   9|          2|   32|         64|
    |ReadAddr_677_fu_608          |   9|          2|   32|         64|
    |ReadAddr_678_fu_612          |   9|          2|   32|         64|
    |ReadAddr_679_fu_616          |   9|          2|   32|         64|
    |ReadAddr_680_fu_620          |   9|          2|   32|         64|
    |ReadAddr_681_fu_624          |   9|          2|   32|         64|
    |ReadAddr_682_fu_628          |   9|          2|   32|         64|
    |ReadAddr_683_fu_632          |   9|          2|   32|         64|
    |ReadAddr_684_fu_636          |   9|          2|   32|         64|
    |ReadAddr_685_fu_640          |   9|          2|   32|         64|
    |ReadAddr_686_fu_644          |   9|          2|   32|         64|
    |ReadAddr_687_fu_648          |   9|          2|   32|         64|
    |ReadAddr_688_fu_652          |   9|          2|   32|         64|
    |ReadAddr_689_fu_656          |   9|          2|   32|         64|
    |ReadAddr_690_fu_660          |   9|          2|   32|         64|
    |ReadAddr_691_fu_664          |   9|          2|   32|         64|
    |ReadAddr_692_fu_668          |   9|          2|   32|         64|
    |ReadAddr_693_fu_672          |   9|          2|   32|         64|
    |ReadAddr_694_fu_676          |   9|          2|   32|         64|
    |ReadAddr_695_fu_680          |   9|          2|   32|         64|
    |ReadAddr_696_fu_684          |   9|          2|   32|         64|
    |ReadAddr_697_fu_688          |   9|          2|   32|         64|
    |ReadAddr_698_fu_692          |   9|          2|   32|         64|
    |ReadAddr_699_fu_696          |   9|          2|   32|         64|
    |ReadAddr_700_fu_700          |   9|          2|   32|         64|
    |ReadAddr_701_fu_704          |   9|          2|   32|         64|
    |ReadAddr_702_fu_708          |   9|          2|   32|         64|
    |ReadAddr_703_fu_712          |   9|          2|   32|         64|
    |ReadAddr_704_fu_716          |   9|          2|   32|         64|
    |ReadAddr_705_fu_720          |   9|          2|   32|         64|
    |ReadAddr_706_fu_724          |   9|          2|   32|         64|
    |ReadAddr_707_fu_728          |   9|          2|   32|         64|
    |ReadAddr_708_fu_732          |   9|          2|   32|         64|
    |ReadAddr_709_fu_736          |   9|          2|   32|         64|
    |ReadAddr_710_fu_740          |   9|          2|   32|         64|
    |ReadAddr_711_fu_744          |   9|          2|   32|         64|
    |ReadAddr_712_fu_748          |   9|          2|   32|         64|
    |ReadAddr_713_fu_752          |   9|          2|   32|         64|
    |ReadAddr_714_fu_756          |   9|          2|   32|         64|
    |ReadAddr_715_fu_760          |   9|          2|   32|         64|
    |ReadAddr_716_fu_764          |   9|          2|   32|         64|
    |ReadAddr_717_fu_768          |   9|          2|   32|         64|
    |ReadAddr_718_fu_772          |   9|          2|   32|         64|
    |ReadAddr_719_fu_776          |   9|          2|   32|         64|
    |ReadAddr_720_fu_780          |   9|          2|   32|         64|
    |ReadAddr_721_fu_784          |   9|          2|   32|         64|
    |ReadAddr_722_fu_788          |   9|          2|   32|         64|
    |ReadAddr_723_fu_792          |   9|          2|   32|         64|
    |ReadAddr_724_fu_796          |   9|          2|   32|         64|
    |ReadAddr_725_fu_800          |   9|          2|   32|         64|
    |ReadAddr_726_fu_804          |   9|          2|   32|         64|
    |ReadAddr_727_fu_808          |   9|          2|   32|         64|
    |ReadAddr_728_fu_812          |   9|          2|   32|         64|
    |ReadAddr_729_fu_816          |   9|          2|   32|         64|
    |ReadAddr_730_fu_820          |   9|          2|   32|         64|
    |ReadAddr_731_fu_824          |   9|          2|   32|         64|
    |ReadAddr_732_fu_828          |   9|          2|   32|         64|
    |ReadAddr_fu_576              |   9|          2|   32|         64|
    |ReadData_1_address0_local    |  21|          5|    4|         20|
    |ReadData_1_address1_local    |  21|          5|    4|         20|
    |ReadData_1_d0_local          |  21|          5|   32|        160|
    |ReadData_1_d1_local          |  21|          5|   32|        160|
    |ReadData_2_address0_local    |  21|          5|    4|         20|
    |ReadData_2_address1_local    |  21|          5|    4|         20|
    |ReadData_2_d0_local          |  21|          5|   32|        160|
    |ReadData_2_d1_local          |  21|          5|   32|        160|
    |ReadData_3_address0_local    |  21|          5|    4|         20|
    |ReadData_3_address1_local    |  21|          5|    4|         20|
    |ReadData_3_d0_local          |  21|          5|   32|        160|
    |ReadData_3_d1_local          |  21|          5|   32|        160|
    |ReadData_address0_local      |  21|          5|    4|         20|
    |ReadData_address1_local      |  21|          5|    4|         20|
    |ReadData_d0_local            |  21|          5|   32|        160|
    |ReadData_d1_local            |  21|          5|   32|        160|
    |ap_NS_fsm                    |  21|          5|    1|          5|
    |ap_done_int                  |   9|          2|    1|          2|
    |ap_enable_reg_pp0_iter0      |   9|          2|    1|          2|
    |ap_enable_reg_pp0_iter0_reg  |   9|          2|    1|          2|
    |ap_enable_reg_pp0_iter1      |   9|          2|    1|          2|
    |ap_sig_allocacmp_l           |   9|          2|    7|         14|
    |l_9_fu_572                   |   9|          2|    7|         14|
    +-----------------------------+----+-----------+-----+-----------+
    |Total                        |1323|        305| 2563|       6617|
    +-----------------------------+----+-----------+-----+-----------+

    * Register: 
    +--------------------------------+----+----+-----+-----------+
    |              Name              | FF | LUT| Bits| Const Bits|
    +--------------------------------+----+----+-----+-----------+
    |ReadAddr_670_fu_580             |  32|   0|   32|          0|
    |ReadAddr_671_fu_584             |  32|   0|   32|          0|
    |ReadAddr_672_fu_588             |  32|   0|   32|          0|
    |ReadAddr_673_fu_592             |  32|   0|   32|          0|
    |ReadAddr_674_fu_596             |  32|   0|   32|          0|
    |ReadAddr_675_fu_600             |  32|   0|   32|          0|
    |ReadAddr_676_fu_604             |  32|   0|   32|          0|
    |ReadAddr_677_fu_608             |  32|   0|   32|          0|
    |ReadAddr_678_fu_612             |  32|   0|   32|          0|
    |ReadAddr_679_fu_616             |  32|   0|   32|          0|
    |ReadAddr_680_fu_620             |  32|   0|   32|          0|
    |ReadAddr_681_fu_624             |  32|   0|   32|          0|
    |ReadAddr_682_fu_628             |  32|   0|   32|          0|
    |ReadAddr_683_fu_632             |  32|   0|   32|          0|
    |ReadAddr_684_fu_636             |  32|   0|   32|          0|
    |ReadAddr_685_fu_640             |  32|   0|   32|          0|
    |ReadAddr_686_fu_644             |  32|   0|   32|          0|
    |ReadAddr_687_fu_648             |  32|   0|   32|          0|
    |ReadAddr_688_fu_652             |  32|   0|   32|          0|
    |ReadAddr_689_fu_656             |  32|   0|   32|          0|
    |ReadAddr_690_fu_660             |  32|   0|   32|          0|
    |ReadAddr_691_fu_664             |  32|   0|   32|          0|
    |ReadAddr_692_fu_668             |  32|   0|   32|          0|
    |ReadAddr_693_fu_672             |  32|   0|   32|          0|
    |ReadAddr_694_fu_676             |  32|   0|   32|          0|
    |ReadAddr_695_fu_680             |  32|   0|   32|          0|
    |ReadAddr_696_fu_684             |  32|   0|   32|          0|
    |ReadAddr_697_fu_688             |  32|   0|   32|          0|
    |ReadAddr_698_fu_692             |  32|   0|   32|          0|
    |ReadAddr_699_fu_696             |  32|   0|   32|          0|
    |ReadAddr_700_fu_700             |  32|   0|   32|          0|
    |ReadAddr_701_fu_704             |  32|   0|   32|          0|
    |ReadAddr_702_fu_708             |  32|   0|   32|          0|
    |ReadAddr_703_fu_712             |  32|   0|   32|          0|
    |ReadAddr_704_fu_716             |  32|   0|   32|          0|
    |ReadAddr_705_fu_720             |  32|   0|   32|          0|
    |ReadAddr_706_fu_724             |  32|   0|   32|          0|
    |ReadAddr_707_fu_728             |  32|   0|   32|          0|
    |ReadAddr_708_fu_732             |  32|   0|   32|          0|
    |ReadAddr_709_fu_736             |  32|   0|   32|          0|
    |ReadAddr_710_fu_740             |  32|   0|   32|          0|
    |ReadAddr_711_fu_744             |  32|   0|   32|          0|
    |ReadAddr_712_fu_748             |  32|   0|   32|          0|
    |ReadAddr_713_fu_752             |  32|   0|   32|          0|
    |ReadAddr_714_fu_756             |  32|   0|   32|          0|
    |ReadAddr_715_fu_760             |  32|   0|   32|          0|
    |ReadAddr_716_fu_764             |  32|   0|   32|          0|
    |ReadAddr_717_fu_768             |  32|   0|   32|          0|
    |ReadAddr_718_fu_772             |  32|   0|   32|          0|
    |ReadAddr_719_fu_776             |  32|   0|   32|          0|
    |ReadAddr_720_fu_780             |  32|   0|   32|          0|
    |ReadAddr_721_fu_784             |  32|   0|   32|          0|
    |ReadAddr_722_fu_788             |  32|   0|   32|          0|
    |ReadAddr_723_fu_792             |  32|   0|   32|          0|
    |ReadAddr_724_fu_796             |  32|   0|   32|          0|
    |ReadAddr_725_fu_800             |  32|   0|   32|          0|
    |ReadAddr_726_fu_804             |  32|   0|   32|          0|
    |ReadAddr_727_fu_808             |  32|   0|   32|          0|
    |ReadAddr_728_fu_812             |  32|   0|   32|          0|
    |ReadAddr_729_fu_816             |  32|   0|   32|          0|
    |ReadAddr_730_fu_820             |  32|   0|   32|          0|
    |ReadAddr_731_fu_824             |  32|   0|   32|          0|
    |ReadAddr_732_fu_828             |  32|   0|   32|          0|
    |ReadAddr_733_reg_9616           |  13|   0|   13|          0|
    |ReadAddr_734_reg_9626           |  13|   0|   13|          0|
    |ReadAddr_741_reg_9636           |  13|   0|   13|          0|
    |ReadAddr_742_reg_9646           |  13|   0|   13|          0|
    |ReadAddr_749_reg_9656           |  13|   0|   13|          0|
    |ReadAddr_750_reg_9666           |  13|   0|   13|          0|
    |ReadAddr_757_reg_9676           |  13|   0|   13|          0|
    |ReadAddr_758_reg_9686           |  13|   0|   13|          0|
    |ReadAddr_fu_576                 |  32|   0|   32|          0|
    |add_ln374_reg_9588              |   7|   0|    7|          0|
    |add_ln375_14_reg_10140          |  10|   0|   10|          0|
    |add_ln375_15_reg_10145          |  10|   0|   10|          0|
    |add_ln375_22_reg_10170          |  10|   0|   10|          0|
    |add_ln375_23_reg_10175          |  10|   0|   10|          0|
    |add_ln375_30_reg_10200          |  10|   0|   10|          0|
    |add_ln375_31_reg_10205          |  10|   0|   10|          0|
    |add_ln375_6_reg_10110           |  10|   0|   10|          0|
    |add_ln375_7_reg_10115           |  10|   0|   10|          0|
    |ap_CS_fsm                       |   4|   0|    4|          0|
    |ap_done_reg                     |   1|   0|    1|          0|
    |ap_enable_reg_pp0_iter0_reg     |   1|   0|    1|          0|
    |ap_enable_reg_pp0_iter1         |   1|   0|    1|          0|
    |icmp_ln372_reg_9894             |   1|   0|    1|          0|
    |icmp_ln374_reg_9832             |   1|   0|    1|          0|
    |k_12_cast_reg_9511              |   6|   0|    7|          1|
    |l_9_fu_572                      |   7|   0|    7|          0|
    |l_reg_9539                      |   7|   0|    7|          0|
    |lshr_ln369_2_reg_9696           |   4|   0|    4|          0|
    |mul622_2_cast_reg_9483          |  12|   0|   13|          1|
    |storemerge106_reg_10364         |  32|   0|   32|          0|
    |storemerge107_reg_10220         |  32|   0|   32|          0|
    |storemerge142_reg_10359         |  32|   0|   32|          0|
    |storemerge143_reg_10215         |  32|   0|   32|          0|
    |storemerge154_reg_10354         |  32|   0|   32|          0|
    |storemerge155_reg_10210         |  32|   0|   32|          0|
    |storemerge190_reg_10337         |  32|   0|   32|          0|
    |storemerge191_reg_10073         |  32|   0|   32|          0|
    |storemerge1_reg_10225           |  32|   0|   32|          0|
    |storemerge202_reg_10332         |  32|   0|   32|          0|
    |storemerge203_reg_10068         |  32|   0|   32|          0|
    |storemerge238_reg_10327         |  32|   0|   32|          0|
    |storemerge239_reg_10063         |  32|   0|   32|          0|
    |storemerge250_reg_10322         |  32|   0|   32|          0|
    |storemerge251_reg_10058         |  32|   0|   32|          0|
    |storemerge_reg_10369            |  32|   0|   32|          0|
    |tmp_346_reg_9552                |   1|   0|    1|          0|
    |tmp_348_reg_9701                |   1|   0|    1|          0|
    |tmp_349_reg_9568                |   1|   0|    1|          0|
    |tmp_349_reg_9568_pp0_iter1_reg  |   1|   0|    1|          0|
    |tmp_350_reg_9887                |   1|   0|    1|          0|
    |tmp_593_reg_9874                |   3|   0|    3|          0|
    |tmp_594_reg_9556                |   2|   0|    2|          0|
    |tmp_596_reg_9707                |   2|   0|    2|          0|
    |trunc_ln375_10_reg_9762         |  10|   0|   10|          0|
    |trunc_ln375_11_reg_9767         |  10|   0|   10|          0|
    |trunc_ln375_12_reg_9988         |  10|   0|   10|          0|
    |trunc_ln375_13_reg_9993         |  10|   0|   10|          0|
    |trunc_ln375_16_reg_9661         |  10|   0|   10|          0|
    |trunc_ln375_17_reg_9671         |  10|   0|   10|          0|
    |trunc_ln375_18_reg_9792         |  10|   0|   10|          0|
    |trunc_ln375_19_reg_9797         |  10|   0|   10|          0|
    |trunc_ln375_1_reg_9631          |  10|   0|   10|          0|
    |trunc_ln375_20_reg_10018        |  10|   0|   10|          0|
    |trunc_ln375_21_reg_10023        |  10|   0|   10|          0|
    |trunc_ln375_24_reg_9681         |  10|   0|   10|          0|
    |trunc_ln375_25_reg_9691         |  10|   0|   10|          0|
    |trunc_ln375_26_reg_9822         |  10|   0|   10|          0|
    |trunc_ln375_27_reg_9827         |  10|   0|   10|          0|
    |trunc_ln375_28_reg_10048        |  10|   0|   10|          0|
    |trunc_ln375_29_reg_10053        |  10|   0|   10|          0|
    |trunc_ln375_2_reg_9732          |  10|   0|   10|          0|
    |trunc_ln375_3_reg_9737          |  10|   0|   10|          0|
    |trunc_ln375_4_reg_9958          |  10|   0|   10|          0|
    |trunc_ln375_5_reg_9963          |  10|   0|   10|          0|
    |trunc_ln375_8_reg_9641          |  10|   0|   10|          0|
    |trunc_ln375_9_reg_9651          |  10|   0|   10|          0|
    |trunc_ln375_reg_9621            |  10|   0|   10|          0|
    |zext_ln369_reg_9868             |   4|   0|   64|         60|
    |zext_ln375_14_reg_10236         |   2|   0|   64|         62|
    |zext_ln375_19_reg_10078         |   3|   0|   64|         61|
    |zext_ln375_24_reg_10342         |   2|   0|   64|         62|
    |zext_ln375_29_reg_10084         |   2|   0|   64|         62|
    |zext_ln375_34_reg_10348         |   1|   0|   64|         63|
    |zext_ln375_4_reg_10230          |   3|   0|   64|         61|
    |zext_ln375_9_reg_9881           |   3|   0|   64|         61|
    +--------------------------------+----+----+-----+-----------+
    |Total                           |3068|   0| 3562|        494|
    +--------------------------------+----+----+-----+-----------+



================================================================
== Interface
================================================================
* Summary: 
+--------------------------+-----+-----+------------+----------------------------------+--------------+
|         RTL Ports        | Dir | Bits|  Protocol  |           Source Object          |    C Type    |
+--------------------------+-----+-----+------------+----------------------------------+--------------+
|ap_clk                    |   in|    1|  ap_ctrl_hs|  Crypto1_Pipeline_INTT_COL_LOOP20|  return value|
|ap_rst                    |   in|    1|  ap_ctrl_hs|  Crypto1_Pipeline_INTT_COL_LOOP20|  return value|
|ap_start                  |   in|    1|  ap_ctrl_hs|  Crypto1_Pipeline_INTT_COL_LOOP20|  return value|
|ap_done                   |  out|    1|  ap_ctrl_hs|  Crypto1_Pipeline_INTT_COL_LOOP20|  return value|
|ap_idle                   |  out|    1|  ap_ctrl_hs|  Crypto1_Pipeline_INTT_COL_LOOP20|  return value|
|ap_ready                  |  out|    1|  ap_ctrl_hs|  Crypto1_Pipeline_INTT_COL_LOOP20|  return value|
|ReadAddr_991              |   in|   32|     ap_none|                      ReadAddr_991|        scalar|
|ReadAddr_990              |   in|   32|     ap_none|                      ReadAddr_990|        scalar|
|ReadAddr_989              |   in|   32|     ap_none|                      ReadAddr_989|        scalar|
|ReadAddr_988              |   in|   32|     ap_none|                      ReadAddr_988|        scalar|
|ReadAddr_987              |   in|   32|     ap_none|                      ReadAddr_987|        scalar|
|ReadAddr_986              |   in|   32|     ap_none|                      ReadAddr_986|        scalar|
|ReadAddr_985              |   in|   32|     ap_none|                      ReadAddr_985|        scalar|
|ReadAddr_984              |   in|   32|     ap_none|                      ReadAddr_984|        scalar|
|ReadAddr_983              |   in|   32|     ap_none|                      ReadAddr_983|        scalar|
|ReadAddr_982              |   in|   32|     ap_none|                      ReadAddr_982|        scalar|
|ReadAddr_981              |   in|   32|     ap_none|                      ReadAddr_981|        scalar|
|ReadAddr_980              |   in|   32|     ap_none|                      ReadAddr_980|        scalar|
|ReadAddr_979              |   in|   32|     ap_none|                      ReadAddr_979|        scalar|
|ReadAddr_978              |   in|   32|     ap_none|                      ReadAddr_978|        scalar|
|ReadAddr_977              |   in|   32|     ap_none|                      ReadAddr_977|        scalar|
|ReadAddr_976              |   in|   32|     ap_none|                      ReadAddr_976|        scalar|
|ReadAddr_975              |   in|   32|     ap_none|                      ReadAddr_975|        scalar|
|ReadAddr_974              |   in|   32|     ap_none|                      ReadAddr_974|        scalar|
|ReadAddr_973              |   in|   32|     ap_none|                      ReadAddr_973|        scalar|
|ReadAddr_972              |   in|   32|     ap_none|                      ReadAddr_972|        scalar|
|ReadAddr_971              |   in|   32|     ap_none|                      ReadAddr_971|        scalar|
|ReadAddr_970              |   in|   32|     ap_none|                      ReadAddr_970|        scalar|
|ReadAddr_969              |   in|   32|     ap_none|                      ReadAddr_969|        scalar|
|ReadAddr_968              |   in|   32|     ap_none|                      ReadAddr_968|        scalar|
|ReadAddr_967              |   in|   32|     ap_none|                      ReadAddr_967|        scalar|
|ReadAddr_966              |   in|   32|     ap_none|                      ReadAddr_966|        scalar|
|ReadAddr_965              |   in|   32|     ap_none|                      ReadAddr_965|        scalar|
|ReadAddr_964              |   in|   32|     ap_none|                      ReadAddr_964|        scalar|
|ReadAddr_963              |   in|   32|     ap_none|                      ReadAddr_963|        scalar|
|ReadAddr_962              |   in|   32|     ap_none|                      ReadAddr_962|        scalar|
|ReadAddr_961              |   in|   32|     ap_none|                      ReadAddr_961|        scalar|
|ReadAddr_960              |   in|   32|     ap_none|                      ReadAddr_960|        scalar|
|ReadAddr_959              |   in|   32|     ap_none|                      ReadAddr_959|        scalar|
|ReadAddr_958              |   in|   32|     ap_none|                      ReadAddr_958|        scalar|
|ReadAddr_957              |   in|   32|     ap_none|                      ReadAddr_957|        scalar|
|ReadAddr_956              |   in|   32|     ap_none|                      ReadAddr_956|        scalar|
|ReadAddr_955              |   in|   32|     ap_none|                      ReadAddr_955|        scalar|
|ReadAddr_954              |   in|   32|     ap_none|                      ReadAddr_954|        scalar|
|ReadAddr_953              |   in|   32|     ap_none|                      ReadAddr_953|        scalar|
|ReadAddr_952              |   in|   32|     ap_none|                      ReadAddr_952|        scalar|
|ReadAddr_951              |   in|   32|     ap_none|                      ReadAddr_951|        scalar|
|ReadAddr_950              |   in|   32|     ap_none|                      ReadAddr_950|        scalar|
|ReadAddr_949              |   in|   32|     ap_none|                      ReadAddr_949|        scalar|
|ReadAddr_948              |   in|   32|     ap_none|                      ReadAddr_948|        scalar|
|ReadAddr_947              |   in|   32|     ap_none|                      ReadAddr_947|        scalar|
|ReadAddr_946              |   in|   32|     ap_none|                      ReadAddr_946|        scalar|
|ReadAddr_945              |   in|   32|     ap_none|                      ReadAddr_945|        scalar|
|ReadAddr_944              |   in|   32|     ap_none|                      ReadAddr_944|        scalar|
|ReadAddr_943              |   in|   32|     ap_none|                      ReadAddr_943|        scalar|
|ReadAddr_942              |   in|   32|     ap_none|                      ReadAddr_942|        scalar|
|ReadAddr_941              |   in|   32|     ap_none|                      ReadAddr_941|        scalar|
|ReadAddr_940              |   in|   32|     ap_none|                      ReadAddr_940|        scalar|
|ReadAddr_939              |   in|   32|     ap_none|                      ReadAddr_939|        scalar|
|ReadAddr_938              |   in|   32|     ap_none|                      ReadAddr_938|        scalar|
|ReadAddr_937              |   in|   32|     ap_none|                      ReadAddr_937|        scalar|
|ReadAddr_936              |   in|   32|     ap_none|                      ReadAddr_936|        scalar|
|ReadAddr_935              |   in|   32|     ap_none|                      ReadAddr_935|        scalar|
|ReadAddr_934              |   in|   32|     ap_none|                      ReadAddr_934|        scalar|
|ReadAddr_933              |   in|   32|     ap_none|                      ReadAddr_933|        scalar|
|ReadAddr_932              |   in|   32|     ap_none|                      ReadAddr_932|        scalar|
|ReadAddr_931              |   in|   32|     ap_none|                      ReadAddr_931|        scalar|
|ReadAddr_930              |   in|   32|     ap_none|                      ReadAddr_930|        scalar|
|ReadAddr_929              |   in|   32|     ap_none|                      ReadAddr_929|        scalar|
|ReadAddr_928              |   in|   32|     ap_none|                      ReadAddr_928|        scalar|
|ReadData_3_address0       |  out|    4|   ap_memory|                        ReadData_3|         array|
|ReadData_3_ce0            |  out|    1|   ap_memory|                        ReadData_3|         array|
|ReadData_3_we0            |  out|    1|   ap_memory|                        ReadData_3|         array|
|ReadData_3_d0             |  out|   32|   ap_memory|                        ReadData_3|         array|
|ReadData_3_address1       |  out|    4|   ap_memory|                        ReadData_3|         array|
|ReadData_3_ce1            |  out|    1|   ap_memory|                        ReadData_3|         array|
|ReadData_3_we1            |  out|    1|   ap_memory|                        ReadData_3|         array|
|ReadData_3_d1             |  out|   32|   ap_memory|                        ReadData_3|         array|
|ReadData_2_address0       |  out|    4|   ap_memory|                        ReadData_2|         array|
|ReadData_2_ce0            |  out|    1|   ap_memory|                        ReadData_2|         array|
|ReadData_2_we0            |  out|    1|   ap_memory|                        ReadData_2|         array|
|ReadData_2_d0             |  out|   32|   ap_memory|                        ReadData_2|         array|
|ReadData_2_address1       |  out|    4|   ap_memory|                        ReadData_2|         array|
|ReadData_2_ce1            |  out|    1|   ap_memory|                        ReadData_2|         array|
|ReadData_2_we1            |  out|    1|   ap_memory|                        ReadData_2|         array|
|ReadData_2_d1             |  out|   32|   ap_memory|                        ReadData_2|         array|
|ReadData_1_address0       |  out|    4|   ap_memory|                        ReadData_1|         array|
|ReadData_1_ce0            |  out|    1|   ap_memory|                        ReadData_1|         array|
|ReadData_1_we0            |  out|    1|   ap_memory|                        ReadData_1|         array|
|ReadData_1_d0             |  out|   32|   ap_memory|                        ReadData_1|         array|
|ReadData_1_address1       |  out|    4|   ap_memory|                        ReadData_1|         array|
|ReadData_1_ce1            |  out|    1|   ap_memory|                        ReadData_1|         array|
|ReadData_1_we1            |  out|    1|   ap_memory|                        ReadData_1|         array|
|ReadData_1_d1             |  out|   32|   ap_memory|                        ReadData_1|         array|
|ReadData_address0         |  out|    4|   ap_memory|                          ReadData|         array|
|ReadData_ce0              |  out|    1|   ap_memory|                          ReadData|         array|
|ReadData_we0              |  out|    1|   ap_memory|                          ReadData|         array|
|ReadData_d0               |  out|   32|   ap_memory|                          ReadData|         array|
|ReadData_address1         |  out|    4|   ap_memory|                          ReadData|         array|
|ReadData_ce1              |  out|    1|   ap_memory|                          ReadData|         array|
|ReadData_we1              |  out|    1|   ap_memory|                          ReadData|         array|
|ReadData_d1               |  out|   32|   ap_memory|                          ReadData|         array|
|DataRAM_4_load_211        |   in|   32|     ap_none|                DataRAM_4_load_211|        scalar|
|DataRAM_load_211          |   in|   32|     ap_none|                  DataRAM_load_211|        scalar|
|DataRAM_4_load_212        |   in|   32|     ap_none|                DataRAM_4_load_212|        scalar|
|DataRAM_load_212          |   in|   32|     ap_none|                  DataRAM_load_212|        scalar|
|DataRAM_4_load_213        |   in|   32|     ap_none|                DataRAM_4_load_213|        scalar|
|DataRAM_load_213          |   in|   32|     ap_none|                  DataRAM_load_213|        scalar|
|DataRAM_4_load_214        |   in|   32|     ap_none|                DataRAM_4_load_214|        scalar|
|DataRAM_load_214          |   in|   32|     ap_none|                  DataRAM_load_214|        scalar|
|DataRAM_4_load_215        |   in|   32|     ap_none|                DataRAM_4_load_215|        scalar|
|DataRAM_load_215          |   in|   32|     ap_none|                  DataRAM_load_215|        scalar|
|DataRAM_4_load_216        |   in|   32|     ap_none|                DataRAM_4_load_216|        scalar|
|DataRAM_load_216          |   in|   32|     ap_none|                  DataRAM_load_216|        scalar|
|DataRAM_4_load_217        |   in|   32|     ap_none|                DataRAM_4_load_217|        scalar|
|DataRAM_load_217          |   in|   32|     ap_none|                  DataRAM_load_217|        scalar|
|DataRAM_4_load_218        |   in|   32|     ap_none|                DataRAM_4_load_218|        scalar|
|DataRAM_load_218          |   in|   32|     ap_none|                  DataRAM_load_218|        scalar|
|DataRAM_5_load_211        |   in|   32|     ap_none|                DataRAM_5_load_211|        scalar|
|DataRAM_1_load_211        |   in|   32|     ap_none|                DataRAM_1_load_211|        scalar|
|DataRAM_5_load_212        |   in|   32|     ap_none|                DataRAM_5_load_212|        scalar|
|DataRAM_1_load_212        |   in|   32|     ap_none|                DataRAM_1_load_212|        scalar|
|DataRAM_5_load_213        |   in|   32|     ap_none|                DataRAM_5_load_213|        scalar|
|DataRAM_1_load_213        |   in|   32|     ap_none|                DataRAM_1_load_213|        scalar|
|DataRAM_5_load_214        |   in|   32|     ap_none|                DataRAM_5_load_214|        scalar|
|DataRAM_1_load_214        |   in|   32|     ap_none|                DataRAM_1_load_214|        scalar|
|DataRAM_5_load_215        |   in|   32|     ap_none|                DataRAM_5_load_215|        scalar|
|DataRAM_1_load_215        |   in|   32|     ap_none|                DataRAM_1_load_215|        scalar|
|DataRAM_5_load_216        |   in|   32|     ap_none|                DataRAM_5_load_216|        scalar|
|DataRAM_1_load_216        |   in|   32|     ap_none|                DataRAM_1_load_216|        scalar|
|DataRAM_5_load_217        |   in|   32|     ap_none|                DataRAM_5_load_217|        scalar|
|DataRAM_1_load_217        |   in|   32|     ap_none|                DataRAM_1_load_217|        scalar|
|DataRAM_5_load_218        |   in|   32|     ap_none|                DataRAM_5_load_218|        scalar|
|DataRAM_1_load_218        |   in|   32|     ap_none|                DataRAM_1_load_218|        scalar|
|DataRAM_6_load_211        |   in|   32|     ap_none|                DataRAM_6_load_211|        scalar|
|DataRAM_2_load_211        |   in|   32|     ap_none|                DataRAM_2_load_211|        scalar|
|DataRAM_6_load_212        |   in|   32|     ap_none|                DataRAM_6_load_212|        scalar|
|DataRAM_2_load_212        |   in|   32|     ap_none|                DataRAM_2_load_212|        scalar|
|DataRAM_6_load_213        |   in|   32|     ap_none|                DataRAM_6_load_213|        scalar|
|DataRAM_2_load_213        |   in|   32|     ap_none|                DataRAM_2_load_213|        scalar|
|DataRAM_6_load_214        |   in|   32|     ap_none|                DataRAM_6_load_214|        scalar|
|DataRAM_2_load_214        |   in|   32|     ap_none|                DataRAM_2_load_214|        scalar|
|DataRAM_6_load_215        |   in|   32|     ap_none|                DataRAM_6_load_215|        scalar|
|DataRAM_2_load_215        |   in|   32|     ap_none|                DataRAM_2_load_215|        scalar|
|DataRAM_6_load_216        |   in|   32|     ap_none|                DataRAM_6_load_216|        scalar|
|DataRAM_2_load_216        |   in|   32|     ap_none|                DataRAM_2_load_216|        scalar|
|DataRAM_6_load_217        |   in|   32|     ap_none|                DataRAM_6_load_217|        scalar|
|DataRAM_2_load_217        |   in|   32|     ap_none|                DataRAM_2_load_217|        scalar|
|DataRAM_6_load_218        |   in|   32|     ap_none|                DataRAM_6_load_218|        scalar|
|DataRAM_2_load_218        |   in|   32|     ap_none|                DataRAM_2_load_218|        scalar|
|DataRAM_7_load_208        |   in|   32|     ap_none|                DataRAM_7_load_208|        scalar|
|DataRAM_3_load_211        |   in|   32|     ap_none|                DataRAM_3_load_211|        scalar|
|DataRAM_7_load_209        |   in|   32|     ap_none|                DataRAM_7_load_209|        scalar|
|DataRAM_3_load_212        |   in|   32|     ap_none|                DataRAM_3_load_212|        scalar|
|DataRAM_7_load_210        |   in|   32|     ap_none|                DataRAM_7_load_210|        scalar|
|DataRAM_3_load_213        |   in|   32|     ap_none|                DataRAM_3_load_213|        scalar|
|DataRAM_7_load_211        |   in|   32|     ap_none|                DataRAM_7_load_211|        scalar|
|DataRAM_3_load_214        |   in|   32|     ap_none|                DataRAM_3_load_214|        scalar|
|DataRAM_7_load_212        |   in|   32|     ap_none|                DataRAM_7_load_212|        scalar|
|DataRAM_3_load_215        |   in|   32|     ap_none|                DataRAM_3_load_215|        scalar|
|DataRAM_7_load_213        |   in|   32|     ap_none|                DataRAM_7_load_213|        scalar|
|DataRAM_3_load_216        |   in|   32|     ap_none|                DataRAM_3_load_216|        scalar|
|DataRAM_7_load_214        |   in|   32|     ap_none|                DataRAM_7_load_214|        scalar|
|DataRAM_3_load_217        |   in|   32|     ap_none|                DataRAM_3_load_217|        scalar|
|DataRAM_7_load_215        |   in|   32|     ap_none|                DataRAM_7_load_215|        scalar|
|DataRAM_3_load_218        |   in|   32|     ap_none|                DataRAM_3_load_218|        scalar|
|k_12                      |   in|    6|     ap_none|                              k_12|        scalar|
|empty_64                  |   in|    7|     ap_none|                          empty_64|        scalar|
|mul622_2                  |   in|   12|     ap_none|                          mul622_2|        scalar|
|empty                     |   in|   10|     ap_none|                             empty|        scalar|
|DataRAM_address0          |  out|   13|   ap_memory|                           DataRAM|         array|
|DataRAM_ce0               |  out|    1|   ap_memory|                           DataRAM|         array|
|DataRAM_q0                |   in|   32|   ap_memory|                           DataRAM|         array|
|DataRAM_address1          |  out|   13|   ap_memory|                           DataRAM|         array|
|DataRAM_ce1               |  out|    1|   ap_memory|                           DataRAM|         array|
|DataRAM_q1                |   in|   32|   ap_memory|                           DataRAM|         array|
|DataRAM_4_address0        |  out|   13|   ap_memory|                         DataRAM_4|         array|
|DataRAM_4_ce0             |  out|    1|   ap_memory|                         DataRAM_4|         array|
|DataRAM_4_q0              |   in|   32|   ap_memory|                         DataRAM_4|         array|
|DataRAM_4_address1        |  out|   13|   ap_memory|                         DataRAM_4|         array|
|DataRAM_4_ce1             |  out|    1|   ap_memory|                         DataRAM_4|         array|
|DataRAM_4_q1              |   in|   32|   ap_memory|                         DataRAM_4|         array|
|DataRAM_1_address0        |  out|   13|   ap_memory|                         DataRAM_1|         array|
|DataRAM_1_ce0             |  out|    1|   ap_memory|                         DataRAM_1|         array|
|DataRAM_1_q0              |   in|   32|   ap_memory|                         DataRAM_1|         array|
|DataRAM_1_address1        |  out|   13|   ap_memory|                         DataRAM_1|         array|
|DataRAM_1_ce1             |  out|    1|   ap_memory|                         DataRAM_1|         array|
|DataRAM_1_q1              |   in|   32|   ap_memory|                         DataRAM_1|         array|
|DataRAM_5_address0        |  out|   13|   ap_memory|                         DataRAM_5|         array|
|DataRAM_5_ce0             |  out|    1|   ap_memory|                         DataRAM_5|         array|
|DataRAM_5_q0              |   in|   32|   ap_memory|                         DataRAM_5|         array|
|DataRAM_5_address1        |  out|   13|   ap_memory|                         DataRAM_5|         array|
|DataRAM_5_ce1             |  out|    1|   ap_memory|                         DataRAM_5|         array|
|DataRAM_5_q1              |   in|   32|   ap_memory|                         DataRAM_5|         array|
|DataRAM_2_address0        |  out|   13|   ap_memory|                         DataRAM_2|         array|
|DataRAM_2_ce0             |  out|    1|   ap_memory|                         DataRAM_2|         array|
|DataRAM_2_q0              |   in|   32|   ap_memory|                         DataRAM_2|         array|
|DataRAM_2_address1        |  out|   13|   ap_memory|                         DataRAM_2|         array|
|DataRAM_2_ce1             |  out|    1|   ap_memory|                         DataRAM_2|         array|
|DataRAM_2_q1              |   in|   32|   ap_memory|                         DataRAM_2|         array|
|DataRAM_6_address0        |  out|   13|   ap_memory|                         DataRAM_6|         array|
|DataRAM_6_ce0             |  out|    1|   ap_memory|                         DataRAM_6|         array|
|DataRAM_6_q0              |   in|   32|   ap_memory|                         DataRAM_6|         array|
|DataRAM_6_address1        |  out|   13|   ap_memory|                         DataRAM_6|         array|
|DataRAM_6_ce1             |  out|    1|   ap_memory|                         DataRAM_6|         array|
|DataRAM_6_q1              |   in|   32|   ap_memory|                         DataRAM_6|         array|
|DataRAM_3_address0        |  out|   13|   ap_memory|                         DataRAM_3|         array|
|DataRAM_3_ce0             |  out|    1|   ap_memory|                         DataRAM_3|         array|
|DataRAM_3_q0              |   in|   32|   ap_memory|                         DataRAM_3|         array|
|DataRAM_3_address1        |  out|   13|   ap_memory|                         DataRAM_3|         array|
|DataRAM_3_ce1             |  out|    1|   ap_memory|                         DataRAM_3|         array|
|DataRAM_3_q1              |   in|   32|   ap_memory|                         DataRAM_3|         array|
|DataRAM_7_address0        |  out|   13|   ap_memory|                         DataRAM_7|         array|
|DataRAM_7_ce0             |  out|    1|   ap_memory|                         DataRAM_7|         array|
|DataRAM_7_q0              |   in|   32|   ap_memory|                         DataRAM_7|         array|
|DataRAM_7_address1        |  out|   13|   ap_memory|                         DataRAM_7|         array|
|DataRAM_7_ce1             |  out|    1|   ap_memory|                         DataRAM_7|         array|
|DataRAM_7_q1              |   in|   32|   ap_memory|                         DataRAM_7|         array|
|cmp599_2                  |   in|    1|     ap_none|                          cmp599_2|        scalar|
|ReadAddr_1439_out         |  out|   32|      ap_vld|                 ReadAddr_1439_out|       pointer|
|ReadAddr_1439_out_ap_vld  |  out|    1|      ap_vld|                 ReadAddr_1439_out|       pointer|
|ReadAddr_1438_out         |  out|   32|      ap_vld|                 ReadAddr_1438_out|       pointer|
|ReadAddr_1438_out_ap_vld  |  out|    1|      ap_vld|                 ReadAddr_1438_out|       pointer|
|ReadAddr_1437_out         |  out|   32|      ap_vld|                 ReadAddr_1437_out|       pointer|
|ReadAddr_1437_out_ap_vld  |  out|    1|      ap_vld|                 ReadAddr_1437_out|       pointer|
|ReadAddr_1436_out         |  out|   32|      ap_vld|                 ReadAddr_1436_out|       pointer|
|ReadAddr_1436_out_ap_vld  |  out|    1|      ap_vld|                 ReadAddr_1436_out|       pointer|
|ReadAddr_1435_out         |  out|   32|      ap_vld|                 ReadAddr_1435_out|       pointer|
|ReadAddr_1435_out_ap_vld  |  out|    1|      ap_vld|                 ReadAddr_1435_out|       pointer|
|ReadAddr_1434_out         |  out|   32|      ap_vld|                 ReadAddr_1434_out|       pointer|
|ReadAddr_1434_out_ap_vld  |  out|    1|      ap_vld|                 ReadAddr_1434_out|       pointer|
|ReadAddr_1433_out         |  out|   32|      ap_vld|                 ReadAddr_1433_out|       pointer|
|ReadAddr_1433_out_ap_vld  |  out|    1|      ap_vld|                 ReadAddr_1433_out|       pointer|
|ReadAddr_1432_out         |  out|   32|      ap_vld|                 ReadAddr_1432_out|       pointer|
|ReadAddr_1432_out_ap_vld  |  out|    1|      ap_vld|                 ReadAddr_1432_out|       pointer|
|ReadAddr_1431_out         |  out|   32|      ap_vld|                 ReadAddr_1431_out|       pointer|
|ReadAddr_1431_out_ap_vld  |  out|    1|      ap_vld|                 ReadAddr_1431_out|       pointer|
|ReadAddr_1430_out         |  out|   32|      ap_vld|                 ReadAddr_1430_out|       pointer|
|ReadAddr_1430_out_ap_vld  |  out|    1|      ap_vld|                 ReadAddr_1430_out|       pointer|
|ReadAddr_1429_out         |  out|   32|      ap_vld|                 ReadAddr_1429_out|       pointer|
|ReadAddr_1429_out_ap_vld  |  out|    1|      ap_vld|                 ReadAddr_1429_out|       pointer|
|ReadAddr_1428_out         |  out|   32|      ap_vld|                 ReadAddr_1428_out|       pointer|
|ReadAddr_1428_out_ap_vld  |  out|    1|      ap_vld|                 ReadAddr_1428_out|       pointer|
|ReadAddr_1427_out         |  out|   32|      ap_vld|                 ReadAddr_1427_out|       pointer|
|ReadAddr_1427_out_ap_vld  |  out|    1|      ap_vld|                 ReadAddr_1427_out|       pointer|
|ReadAddr_1426_out         |  out|   32|      ap_vld|                 ReadAddr_1426_out|       pointer|
|ReadAddr_1426_out_ap_vld  |  out|    1|      ap_vld|                 ReadAddr_1426_out|       pointer|
|ReadAddr_1425_out         |  out|   32|      ap_vld|                 ReadAddr_1425_out|       pointer|
|ReadAddr_1425_out_ap_vld  |  out|    1|      ap_vld|                 ReadAddr_1425_out|       pointer|
|ReadAddr_1424_out         |  out|   32|      ap_vld|                 ReadAddr_1424_out|       pointer|
|ReadAddr_1424_out_ap_vld  |  out|    1|      ap_vld|                 ReadAddr_1424_out|       pointer|
|ReadAddr_1423_out         |  out|   32|      ap_vld|                 ReadAddr_1423_out|       pointer|
|ReadAddr_1423_out_ap_vld  |  out|    1|      ap_vld|                 ReadAddr_1423_out|       pointer|
|ReadAddr_1422_out         |  out|   32|      ap_vld|                 ReadAddr_1422_out|       pointer|
|ReadAddr_1422_out_ap_vld  |  out|    1|      ap_vld|                 ReadAddr_1422_out|       pointer|
|ReadAddr_1421_out         |  out|   32|      ap_vld|                 ReadAddr_1421_out|       pointer|
|ReadAddr_1421_out_ap_vld  |  out|    1|      ap_vld|                 ReadAddr_1421_out|       pointer|
|ReadAddr_1420_out         |  out|   32|      ap_vld|                 ReadAddr_1420_out|       pointer|
|ReadAddr_1420_out_ap_vld  |  out|    1|      ap_vld|                 ReadAddr_1420_out|       pointer|
|ReadAddr_1419_out         |  out|   32|      ap_vld|                 ReadAddr_1419_out|       pointer|
|ReadAddr_1419_out_ap_vld  |  out|    1|      ap_vld|                 ReadAddr_1419_out|       pointer|
|ReadAddr_1418_out         |  out|   32|      ap_vld|                 ReadAddr_1418_out|       pointer|
|ReadAddr_1418_out_ap_vld  |  out|    1|      ap_vld|                 ReadAddr_1418_out|       pointer|
|ReadAddr_1417_out         |  out|   32|      ap_vld|                 ReadAddr_1417_out|       pointer|
|ReadAddr_1417_out_ap_vld  |  out|    1|      ap_vld|                 ReadAddr_1417_out|       pointer|
|ReadAddr_1416_out         |  out|   32|      ap_vld|                 ReadAddr_1416_out|       pointer|
|ReadAddr_1416_out_ap_vld  |  out|    1|      ap_vld|                 ReadAddr_1416_out|       pointer|
|ReadAddr_1415_out         |  out|   32|      ap_vld|                 ReadAddr_1415_out|       pointer|
|ReadAddr_1415_out_ap_vld  |  out|    1|      ap_vld|                 ReadAddr_1415_out|       pointer|
|ReadAddr_1414_out         |  out|   32|      ap_vld|                 ReadAddr_1414_out|       pointer|
|ReadAddr_1414_out_ap_vld  |  out|    1|      ap_vld|                 ReadAddr_1414_out|       pointer|
|ReadAddr_1413_out         |  out|   32|      ap_vld|                 ReadAddr_1413_out|       pointer|
|ReadAddr_1413_out_ap_vld  |  out|    1|      ap_vld|                 ReadAddr_1413_out|       pointer|
|ReadAddr_1412_out         |  out|   32|      ap_vld|                 ReadAddr_1412_out|       pointer|
|ReadAddr_1412_out_ap_vld  |  out|    1|      ap_vld|                 ReadAddr_1412_out|       pointer|
|ReadAddr_1411_out         |  out|   32|      ap_vld|                 ReadAddr_1411_out|       pointer|
|ReadAddr_1411_out_ap_vld  |  out|    1|      ap_vld|                 ReadAddr_1411_out|       pointer|
|ReadAddr_1410_out         |  out|   32|      ap_vld|                 ReadAddr_1410_out|       pointer|
|ReadAddr_1410_out_ap_vld  |  out|    1|      ap_vld|                 ReadAddr_1410_out|       pointer|
|ReadAddr_1409_out         |  out|   32|      ap_vld|                 ReadAddr_1409_out|       pointer|
|ReadAddr_1409_out_ap_vld  |  out|    1|      ap_vld|                 ReadAddr_1409_out|       pointer|
|ReadAddr_1408_out         |  out|   32|      ap_vld|                 ReadAddr_1408_out|       pointer|
|ReadAddr_1408_out_ap_vld  |  out|    1|      ap_vld|                 ReadAddr_1408_out|       pointer|
|ReadAddr_1407_out         |  out|   32|      ap_vld|                 ReadAddr_1407_out|       pointer|
|ReadAddr_1407_out_ap_vld  |  out|    1|      ap_vld|                 ReadAddr_1407_out|       pointer|
|ReadAddr_1406_out         |  out|   32|      ap_vld|                 ReadAddr_1406_out|       pointer|
|ReadAddr_1406_out_ap_vld  |  out|    1|      ap_vld|                 ReadAddr_1406_out|       pointer|
|ReadAddr_1405_out         |  out|   32|      ap_vld|                 ReadAddr_1405_out|       pointer|
|ReadAddr_1405_out_ap_vld  |  out|    1|      ap_vld|                 ReadAddr_1405_out|       pointer|
|ReadAddr_1404_out         |  out|   32|      ap_vld|                 ReadAddr_1404_out|       pointer|
|ReadAddr_1404_out_ap_vld  |  out|    1|      ap_vld|                 ReadAddr_1404_out|       pointer|
|ReadAddr_1403_out         |  out|   32|      ap_vld|                 ReadAddr_1403_out|       pointer|
|ReadAddr_1403_out_ap_vld  |  out|    1|      ap_vld|                 ReadAddr_1403_out|       pointer|
|ReadAddr_1402_out         |  out|   32|      ap_vld|                 ReadAddr_1402_out|       pointer|
|ReadAddr_1402_out_ap_vld  |  out|    1|      ap_vld|                 ReadAddr_1402_out|       pointer|
|ReadAddr_1401_out         |  out|   32|      ap_vld|                 ReadAddr_1401_out|       pointer|
|ReadAddr_1401_out_ap_vld  |  out|    1|      ap_vld|                 ReadAddr_1401_out|       pointer|
|ReadAddr_1400_out         |  out|   32|      ap_vld|                 ReadAddr_1400_out|       pointer|
|ReadAddr_1400_out_ap_vld  |  out|    1|      ap_vld|                 ReadAddr_1400_out|       pointer|
|ReadAddr_1399_out         |  out|   32|      ap_vld|                 ReadAddr_1399_out|       pointer|
|ReadAddr_1399_out_ap_vld  |  out|    1|      ap_vld|                 ReadAddr_1399_out|       pointer|
|ReadAddr_1398_out         |  out|   32|      ap_vld|                 ReadAddr_1398_out|       pointer|
|ReadAddr_1398_out_ap_vld  |  out|    1|      ap_vld|                 ReadAddr_1398_out|       pointer|
|ReadAddr_1397_out         |  out|   32|      ap_vld|                 ReadAddr_1397_out|       pointer|
|ReadAddr_1397_out_ap_vld  |  out|    1|      ap_vld|                 ReadAddr_1397_out|       pointer|
|ReadAddr_1396_out         |  out|   32|      ap_vld|                 ReadAddr_1396_out|       pointer|
|ReadAddr_1396_out_ap_vld  |  out|    1|      ap_vld|                 ReadAddr_1396_out|       pointer|
|ReadAddr_1395_out         |  out|   32|      ap_vld|                 ReadAddr_1395_out|       pointer|
|ReadAddr_1395_out_ap_vld  |  out|    1|      ap_vld|                 ReadAddr_1395_out|       pointer|
|ReadAddr_1394_out         |  out|   32|      ap_vld|                 ReadAddr_1394_out|       pointer|
|ReadAddr_1394_out_ap_vld  |  out|    1|      ap_vld|                 ReadAddr_1394_out|       pointer|
|ReadAddr_1393_out         |  out|   32|      ap_vld|                 ReadAddr_1393_out|       pointer|
|ReadAddr_1393_out_ap_vld  |  out|    1|      ap_vld|                 ReadAddr_1393_out|       pointer|
|ReadAddr_1392_out         |  out|   32|      ap_vld|                 ReadAddr_1392_out|       pointer|
|ReadAddr_1392_out_ap_vld  |  out|    1|      ap_vld|                 ReadAddr_1392_out|       pointer|
|ReadAddr_1391_out         |  out|   32|      ap_vld|                 ReadAddr_1391_out|       pointer|
|ReadAddr_1391_out_ap_vld  |  out|    1|      ap_vld|                 ReadAddr_1391_out|       pointer|
|ReadAddr_1390_out         |  out|   32|      ap_vld|                 ReadAddr_1390_out|       pointer|
|ReadAddr_1390_out_ap_vld  |  out|    1|      ap_vld|                 ReadAddr_1390_out|       pointer|
|ReadAddr_1389_out         |  out|   32|      ap_vld|                 ReadAddr_1389_out|       pointer|
|ReadAddr_1389_out_ap_vld  |  out|    1|      ap_vld|                 ReadAddr_1389_out|       pointer|
|ReadAddr_1388_out         |  out|   32|      ap_vld|                 ReadAddr_1388_out|       pointer|
|ReadAddr_1388_out_ap_vld  |  out|    1|      ap_vld|                 ReadAddr_1388_out|       pointer|
|ReadAddr_1387_out         |  out|   32|      ap_vld|                 ReadAddr_1387_out|       pointer|
|ReadAddr_1387_out_ap_vld  |  out|    1|      ap_vld|                 ReadAddr_1387_out|       pointer|
|ReadAddr_1386_out         |  out|   32|      ap_vld|                 ReadAddr_1386_out|       pointer|
|ReadAddr_1386_out_ap_vld  |  out|    1|      ap_vld|                 ReadAddr_1386_out|       pointer|
|ReadAddr_1385_out         |  out|   32|      ap_vld|                 ReadAddr_1385_out|       pointer|
|ReadAddr_1385_out_ap_vld  |  out|    1|      ap_vld|                 ReadAddr_1385_out|       pointer|
|ReadAddr_1384_out         |  out|   32|      ap_vld|                 ReadAddr_1384_out|       pointer|
|ReadAddr_1384_out_ap_vld  |  out|    1|      ap_vld|                 ReadAddr_1384_out|       pointer|
|ReadAddr_1383_out         |  out|   32|      ap_vld|                 ReadAddr_1383_out|       pointer|
|ReadAddr_1383_out_ap_vld  |  out|    1|      ap_vld|                 ReadAddr_1383_out|       pointer|
|ReadAddr_1382_out         |  out|   32|      ap_vld|                 ReadAddr_1382_out|       pointer|
|ReadAddr_1382_out_ap_vld  |  out|    1|      ap_vld|                 ReadAddr_1382_out|       pointer|
|ReadAddr_1381_out         |  out|   32|      ap_vld|                 ReadAddr_1381_out|       pointer|
|ReadAddr_1381_out_ap_vld  |  out|    1|      ap_vld|                 ReadAddr_1381_out|       pointer|
|ReadAddr_1380_out         |  out|   32|      ap_vld|                 ReadAddr_1380_out|       pointer|
|ReadAddr_1380_out_ap_vld  |  out|    1|      ap_vld|                 ReadAddr_1380_out|       pointer|
|ReadAddr_1379_out         |  out|   32|      ap_vld|                 ReadAddr_1379_out|       pointer|
|ReadAddr_1379_out_ap_vld  |  out|    1|      ap_vld|                 ReadAddr_1379_out|       pointer|
|ReadAddr_1378_out         |  out|   32|      ap_vld|                 ReadAddr_1378_out|       pointer|
|ReadAddr_1378_out_ap_vld  |  out|    1|      ap_vld|                 ReadAddr_1378_out|       pointer|
|ReadAddr_1377_out         |  out|   32|      ap_vld|                 ReadAddr_1377_out|       pointer|
|ReadAddr_1377_out_ap_vld  |  out|    1|      ap_vld|                 ReadAddr_1377_out|       pointer|
|ReadAddr_1376_out         |  out|   32|      ap_vld|                 ReadAddr_1376_out|       pointer|
|ReadAddr_1376_out_ap_vld  |  out|    1|      ap_vld|                 ReadAddr_1376_out|       pointer|
+--------------------------+-----+-----+------------+----------------------------------+--------------+

