

================================================================
== Vitis HLS Report for 'Crypto_Pipeline_INTT_PERMUTE_LOOP'
================================================================
* Date:           Wed Feb  5 12:49:47 2025

* Version:        2023.1 (Build 3854077 on May  4 2023)
* Project:        Crypto
* Solution:       solution1 (Vivado IP Flow Target)
* Product family: zynq
* Target device:  xc7z020-clg400-1


================================================================
== Performance Estimates
================================================================
+ Timing: 
    * Summary: 
    +--------+---------+----------+------------+
    |  Clock |  Target | Estimated| Uncertainty|
    +--------+---------+----------+------------+
    |ap_clk  |  7.00 ns|  3.268 ns|     1.89 ns|
    +--------+---------+----------+------------+

+ Latency: 
    * Summary: 
    +---------+---------+-----------+-----------+------+------+---------+
    |  Latency (cycles) |   Latency (absolute)  |   Interval  | Pipeline|
    |   min   |   max   |    min    |    max    |  min |  max |   Type  |
    +---------+---------+-----------+-----------+------+------+---------+
    |     4100|     4100|  28.700 us|  28.700 us|  4100|  4100|       no|
    +---------+---------+-----------+-----------+------+------+---------+

    + Detail: 
        * Instance: 
        N/A

        * Loop: 
        +---------------------+---------+---------+----------+-----------+-----------+------+----------+
        |                     |  Latency (cycles) | Iteration|  Initiation Interval  | Trip |          |
        |      Loop Name      |   min   |   max   |  Latency |  achieved |   target  | Count| Pipelined|
        +---------------------+---------+---------+----------+-----------+-----------+------+----------+
        |- INTT_PERMUTE_LOOP  |     4098|     4098|         4|          1|          1|  4096|       yes|
        +---------------------+---------+---------+----------+-----------+-----------+------+----------+



================================================================
== Utilization Estimates
================================================================
* Summary: 
+-----------------+---------+-----+--------+-------+-----+
|       Name      | BRAM_18K| DSP |   FF   |  LUT  | URAM|
+-----------------+---------+-----+--------+-------+-----+
|DSP              |        -|    -|       -|      -|    -|
|Expression       |        -|    -|       0|     33|    -|
|FIFO             |        -|    -|       -|      -|    -|
|Instance         |        -|    -|       0|     65|    -|
|Memory           |        -|    -|       -|      -|    -|
|Multiplexer      |        -|    -|       -|     36|    -|
|Register         |        -|    -|     704|     64|    -|
+-----------------+---------+-----+--------+-------+-----+
|Total            |        0|    0|     704|    198|    0|
+-----------------+---------+-----+--------+-------+-----+
|Available        |      280|  220|  106400|  53200|    0|
+-----------------+---------+-----+--------+-------+-----+
|Utilization (%)  |        0|    0|      ~0|     ~0|    0|
+-----------------+---------+-----+--------+-------+-----+

+ Detail: 
    * Instance: 
    +---------------------+-----------------+---------+----+---+----+-----+
    |       Instance      |      Module     | BRAM_18K| DSP| FF| LUT| URAM|
    +---------------------+-----------------+---------+----+---+----+-----+
    |mux_16_4_32_1_1_U55  |mux_16_4_32_1_1  |        0|   0|  0|  65|    0|
    +---------------------+-----------------+---------+----+---+----+-----+
    |Total                |                 |        0|   0|  0|  65|    0|
    +---------------------+-----------------+---------+----+---+----+-----+

    * DSP: 
    N/A

    * Memory: 
    N/A

    * FIFO: 
    N/A

    * Expression: 
    +----------------------+----------+----+---+----+------------+------------+
    |     Variable Name    | Operation| DSP| FF| LUT| Bitwidth P0| Bitwidth P1|
    +----------------------+----------+----+---+----+------------+------------+
    |add_ln143_fu_812_p2   |         +|   0|  0|  14|          13|           1|
    |icmp_ln143_fu_806_p2  |      icmp|   0|  0|  17|          13|          14|
    |ap_enable_pp0         |       xor|   0|  0|   2|           1|           2|
    +----------------------+----------+----+---+----+------------+------------+
    |Total                 |          |   0|  0|  33|          27|          17|
    +----------------------+----------+----+---+----+------------+------------+

    * Multiplexer: 
    +-------------------------+----+-----------+-----+-----------+
    |           Name          | LUT| Input Size| Bits| Total Bits|
    +-------------------------+----+-----------+-----+-----------+
    |ap_done_int              |   9|          2|    1|          2|
    |ap_enable_reg_pp0_iter1  |   9|          2|    1|          2|
    |ap_sig_allocacmp_i_8     |   9|          2|   13|         26|
    |i_fu_164                 |   9|          2|   13|         26|
    +-------------------------+----+-----------+-----+-----------+
    |Total                    |  36|          8|   28|         56|
    +-------------------------+----+-----------+-----+-----------+

    * Register: 
    +----------------------------------+----+----+-----+-----------+
    |               Name               | FF | LUT| Bits| Const Bits|
    +----------------------------------+----+----+-----+-----------+
    |BitReverseData_10_load_reg_1064   |  32|   0|   32|          0|
    |BitReverseData_11_load_reg_1069   |  32|   0|   32|          0|
    |BitReverseData_12_load_reg_1074   |  32|   0|   32|          0|
    |BitReverseData_13_load_reg_1079   |  32|   0|   32|          0|
    |BitReverseData_14_load_reg_1084   |  32|   0|   32|          0|
    |BitReverseData_15_load_reg_1089   |  32|   0|   32|          0|
    |BitReverseData_1_load_reg_1019    |  32|   0|   32|          0|
    |BitReverseData_2_load_reg_1024    |  32|   0|   32|          0|
    |BitReverseData_3_load_reg_1029    |  32|   0|   32|          0|
    |BitReverseData_4_load_reg_1034    |  32|   0|   32|          0|
    |BitReverseData_5_load_reg_1039    |  32|   0|   32|          0|
    |BitReverseData_6_load_reg_1044    |  32|   0|   32|          0|
    |BitReverseData_7_load_reg_1049    |  32|   0|   32|          0|
    |BitReverseData_8_load_reg_1054    |  32|   0|   32|          0|
    |BitReverseData_9_load_reg_1059    |  32|   0|   32|          0|
    |BitReverseData_load_reg_1014      |  32|   0|   32|          0|
    |ap_CS_fsm                         |   1|   0|    1|          0|
    |ap_done_reg                       |   1|   0|    1|          0|
    |ap_enable_reg_pp0_iter1           |   1|   0|    1|          0|
    |ap_enable_reg_pp0_iter2           |   1|   0|    1|          0|
    |ap_enable_reg_pp0_iter3           |   1|   0|    1|          0|
    |ap_loop_exit_ready_pp0_iter1_reg  |   1|   0|    1|          0|
    |ap_loop_exit_ready_pp0_iter2_reg  |   1|   0|    1|          0|
    |empty_reg_893                     |   4|   0|    4|          0|
    |i_fu_164                          |  13|   0|   13|          0|
    |tmp_s_reg_1094                    |  32|   0|   32|          0|
    |zext_ln143_reg_898                |   8|   0|   64|         56|
    |empty_reg_893                     |  64|  32|    4|          0|
    |zext_ln143_reg_898                |  64|  32|   64|         56|
    +----------------------------------+----+----+-----+-----------+
    |Total                             | 704|  64|  700|        112|
    +----------------------------------+----+----+-----+-----------+



================================================================
== Interface
================================================================
* Summary: 
+----------------------------+-----+-----+------------+-----------------------------------+--------------+
|          RTL Ports         | Dir | Bits|  Protocol  |           Source Object           |    C Type    |
+----------------------------+-----+-----+------------+-----------------------------------+--------------+
|ap_clk                      |   in|    1|  ap_ctrl_hs|  Crypto_Pipeline_INTT_PERMUTE_LOOP|  return value|
|ap_rst                      |   in|    1|  ap_ctrl_hs|  Crypto_Pipeline_INTT_PERMUTE_LOOP|  return value|
|ap_start                    |   in|    1|  ap_ctrl_hs|  Crypto_Pipeline_INTT_PERMUTE_LOOP|  return value|
|ap_done                     |  out|    1|  ap_ctrl_hs|  Crypto_Pipeline_INTT_PERMUTE_LOOP|  return value|
|ap_idle                     |  out|    1|  ap_ctrl_hs|  Crypto_Pipeline_INTT_PERMUTE_LOOP|  return value|
|ap_ready                    |  out|    1|  ap_ctrl_hs|  Crypto_Pipeline_INTT_PERMUTE_LOOP|  return value|
|BitReverseData_address0     |  out|    8|   ap_memory|                     BitReverseData|         array|
|BitReverseData_ce0          |  out|    1|   ap_memory|                     BitReverseData|         array|
|BitReverseData_q0           |   in|   32|   ap_memory|                     BitReverseData|         array|
|BitReverseData_1_address0   |  out|    8|   ap_memory|                   BitReverseData_1|         array|
|BitReverseData_1_ce0        |  out|    1|   ap_memory|                   BitReverseData_1|         array|
|BitReverseData_1_q0         |   in|   32|   ap_memory|                   BitReverseData_1|         array|
|BitReverseData_2_address0   |  out|    8|   ap_memory|                   BitReverseData_2|         array|
|BitReverseData_2_ce0        |  out|    1|   ap_memory|                   BitReverseData_2|         array|
|BitReverseData_2_q0         |   in|   32|   ap_memory|                   BitReverseData_2|         array|
|BitReverseData_3_address0   |  out|    8|   ap_memory|                   BitReverseData_3|         array|
|BitReverseData_3_ce0        |  out|    1|   ap_memory|                   BitReverseData_3|         array|
|BitReverseData_3_q0         |   in|   32|   ap_memory|                   BitReverseData_3|         array|
|BitReverseData_4_address0   |  out|    8|   ap_memory|                   BitReverseData_4|         array|
|BitReverseData_4_ce0        |  out|    1|   ap_memory|                   BitReverseData_4|         array|
|BitReverseData_4_q0         |   in|   32|   ap_memory|                   BitReverseData_4|         array|
|BitReverseData_5_address0   |  out|    8|   ap_memory|                   BitReverseData_5|         array|
|BitReverseData_5_ce0        |  out|    1|   ap_memory|                   BitReverseData_5|         array|
|BitReverseData_5_q0         |   in|   32|   ap_memory|                   BitReverseData_5|         array|
|BitReverseData_6_address0   |  out|    8|   ap_memory|                   BitReverseData_6|         array|
|BitReverseData_6_ce0        |  out|    1|   ap_memory|                   BitReverseData_6|         array|
|BitReverseData_6_q0         |   in|   32|   ap_memory|                   BitReverseData_6|         array|
|BitReverseData_7_address0   |  out|    8|   ap_memory|                   BitReverseData_7|         array|
|BitReverseData_7_ce0        |  out|    1|   ap_memory|                   BitReverseData_7|         array|
|BitReverseData_7_q0         |   in|   32|   ap_memory|                   BitReverseData_7|         array|
|BitReverseData_8_address0   |  out|    8|   ap_memory|                   BitReverseData_8|         array|
|BitReverseData_8_ce0        |  out|    1|   ap_memory|                   BitReverseData_8|         array|
|BitReverseData_8_q0         |   in|   32|   ap_memory|                   BitReverseData_8|         array|
|BitReverseData_9_address0   |  out|    8|   ap_memory|                   BitReverseData_9|         array|
|BitReverseData_9_ce0        |  out|    1|   ap_memory|                   BitReverseData_9|         array|
|BitReverseData_9_q0         |   in|   32|   ap_memory|                   BitReverseData_9|         array|
|BitReverseData_10_address0  |  out|    8|   ap_memory|                  BitReverseData_10|         array|
|BitReverseData_10_ce0       |  out|    1|   ap_memory|                  BitReverseData_10|         array|
|BitReverseData_10_q0        |   in|   32|   ap_memory|                  BitReverseData_10|         array|
|BitReverseData_11_address0  |  out|    8|   ap_memory|                  BitReverseData_11|         array|
|BitReverseData_11_ce0       |  out|    1|   ap_memory|                  BitReverseData_11|         array|
|BitReverseData_11_q0        |   in|   32|   ap_memory|                  BitReverseData_11|         array|
|BitReverseData_12_address0  |  out|    8|   ap_memory|                  BitReverseData_12|         array|
|BitReverseData_12_ce0       |  out|    1|   ap_memory|                  BitReverseData_12|         array|
|BitReverseData_12_q0        |   in|   32|   ap_memory|                  BitReverseData_12|         array|
|BitReverseData_13_address0  |  out|    8|   ap_memory|                  BitReverseData_13|         array|
|BitReverseData_13_ce0       |  out|    1|   ap_memory|                  BitReverseData_13|         array|
|BitReverseData_13_q0        |   in|   32|   ap_memory|                  BitReverseData_13|         array|
|BitReverseData_14_address0  |  out|    8|   ap_memory|                  BitReverseData_14|         array|
|BitReverseData_14_ce0       |  out|    1|   ap_memory|                  BitReverseData_14|         array|
|BitReverseData_14_q0        |   in|   32|   ap_memory|                  BitReverseData_14|         array|
|BitReverseData_15_address0  |  out|    8|   ap_memory|                  BitReverseData_15|         array|
|BitReverseData_15_ce0       |  out|    1|   ap_memory|                  BitReverseData_15|         array|
|BitReverseData_15_q0        |   in|   32|   ap_memory|                  BitReverseData_15|         array|
|DataRAM_address0            |  out|    8|   ap_memory|                            DataRAM|         array|
|DataRAM_ce0                 |  out|    1|   ap_memory|                            DataRAM|         array|
|DataRAM_we0                 |  out|    1|   ap_memory|                            DataRAM|         array|
|DataRAM_d0                  |  out|   32|   ap_memory|                            DataRAM|         array|
|DataRAM_1_address0          |  out|    8|   ap_memory|                          DataRAM_1|         array|
|DataRAM_1_ce0               |  out|    1|   ap_memory|                          DataRAM_1|         array|
|DataRAM_1_we0               |  out|    1|   ap_memory|                          DataRAM_1|         array|
|DataRAM_1_d0                |  out|   32|   ap_memory|                          DataRAM_1|         array|
|DataRAM_2_address0          |  out|    8|   ap_memory|                          DataRAM_2|         array|
|DataRAM_2_ce0               |  out|    1|   ap_memory|                          DataRAM_2|         array|
|DataRAM_2_we0               |  out|    1|   ap_memory|                          DataRAM_2|         array|
|DataRAM_2_d0                |  out|   32|   ap_memory|                          DataRAM_2|         array|
|DataRAM_3_address0          |  out|    8|   ap_memory|                          DataRAM_3|         array|
|DataRAM_3_ce0               |  out|    1|   ap_memory|                          DataRAM_3|         array|
|DataRAM_3_we0               |  out|    1|   ap_memory|                          DataRAM_3|         array|
|DataRAM_3_d0                |  out|   32|   ap_memory|                          DataRAM_3|         array|
|DataRAM_4_address0          |  out|    8|   ap_memory|                          DataRAM_4|         array|
|DataRAM_4_ce0               |  out|    1|   ap_memory|                          DataRAM_4|         array|
|DataRAM_4_we0               |  out|    1|   ap_memory|                          DataRAM_4|         array|
|DataRAM_4_d0                |  out|   32|   ap_memory|                          DataRAM_4|         array|
|DataRAM_5_address0          |  out|    8|   ap_memory|                          DataRAM_5|         array|
|DataRAM_5_ce0               |  out|    1|   ap_memory|                          DataRAM_5|         array|
|DataRAM_5_we0               |  out|    1|   ap_memory|                          DataRAM_5|         array|
|DataRAM_5_d0                |  out|   32|   ap_memory|                          DataRAM_5|         array|
|DataRAM_6_address0          |  out|    8|   ap_memory|                          DataRAM_6|         array|
|DataRAM_6_ce0               |  out|    1|   ap_memory|                          DataRAM_6|         array|
|DataRAM_6_we0               |  out|    1|   ap_memory|                          DataRAM_6|         array|
|DataRAM_6_d0                |  out|   32|   ap_memory|                          DataRAM_6|         array|
|DataRAM_7_address0          |  out|    8|   ap_memory|                          DataRAM_7|         array|
|DataRAM_7_ce0               |  out|    1|   ap_memory|                          DataRAM_7|         array|
|DataRAM_7_we0               |  out|    1|   ap_memory|                          DataRAM_7|         array|
|DataRAM_7_d0                |  out|   32|   ap_memory|                          DataRAM_7|         array|
|DataRAM_8_address0          |  out|    8|   ap_memory|                          DataRAM_8|         array|
|DataRAM_8_ce0               |  out|    1|   ap_memory|                          DataRAM_8|         array|
|DataRAM_8_we0               |  out|    1|   ap_memory|                          DataRAM_8|         array|
|DataRAM_8_d0                |  out|   32|   ap_memory|                          DataRAM_8|         array|
|DataRAM_9_address0          |  out|    8|   ap_memory|                          DataRAM_9|         array|
|DataRAM_9_ce0               |  out|    1|   ap_memory|                          DataRAM_9|         array|
|DataRAM_9_we0               |  out|    1|   ap_memory|                          DataRAM_9|         array|
|DataRAM_9_d0                |  out|   32|   ap_memory|                          DataRAM_9|         array|
|DataRAM_10_address0         |  out|    8|   ap_memory|                         DataRAM_10|         array|
|DataRAM_10_ce0              |  out|    1|   ap_memory|                         DataRAM_10|         array|
|DataRAM_10_we0              |  out|    1|   ap_memory|                         DataRAM_10|         array|
|DataRAM_10_d0               |  out|   32|   ap_memory|                         DataRAM_10|         array|
|DataRAM_11_address0         |  out|    8|   ap_memory|                         DataRAM_11|         array|
|DataRAM_11_ce0              |  out|    1|   ap_memory|                         DataRAM_11|         array|
|DataRAM_11_we0              |  out|    1|   ap_memory|                         DataRAM_11|         array|
|DataRAM_11_d0               |  out|   32|   ap_memory|                         DataRAM_11|         array|
|DataRAM_12_address0         |  out|    8|   ap_memory|                         DataRAM_12|         array|
|DataRAM_12_ce0              |  out|    1|   ap_memory|                         DataRAM_12|         array|
|DataRAM_12_we0              |  out|    1|   ap_memory|                         DataRAM_12|         array|
|DataRAM_12_d0               |  out|   32|   ap_memory|                         DataRAM_12|         array|
|DataRAM_13_address0         |  out|    8|   ap_memory|                         DataRAM_13|         array|
|DataRAM_13_ce0              |  out|    1|   ap_memory|                         DataRAM_13|         array|
|DataRAM_13_we0              |  out|    1|   ap_memory|                         DataRAM_13|         array|
|DataRAM_13_d0               |  out|   32|   ap_memory|                         DataRAM_13|         array|
|DataRAM_14_address0         |  out|    8|   ap_memory|                         DataRAM_14|         array|
|DataRAM_14_ce0              |  out|    1|   ap_memory|                         DataRAM_14|         array|
|DataRAM_14_we0              |  out|    1|   ap_memory|                         DataRAM_14|         array|
|DataRAM_14_d0               |  out|   32|   ap_memory|                         DataRAM_14|         array|
|DataRAM_15_address0         |  out|    8|   ap_memory|                         DataRAM_15|         array|
|DataRAM_15_ce0              |  out|    1|   ap_memory|                         DataRAM_15|         array|
|DataRAM_15_we0              |  out|    1|   ap_memory|                         DataRAM_15|         array|
|DataRAM_15_d0               |  out|   32|   ap_memory|                         DataRAM_15|         array|
|DataRAM_16_address0         |  out|    8|   ap_memory|                         DataRAM_16|         array|
|DataRAM_16_ce0              |  out|    1|   ap_memory|                         DataRAM_16|         array|
|DataRAM_16_we0              |  out|    1|   ap_memory|                         DataRAM_16|         array|
|DataRAM_16_d0               |  out|   32|   ap_memory|                         DataRAM_16|         array|
|DataRAM_17_address0         |  out|    8|   ap_memory|                         DataRAM_17|         array|
|DataRAM_17_ce0              |  out|    1|   ap_memory|                         DataRAM_17|         array|
|DataRAM_17_we0              |  out|    1|   ap_memory|                         DataRAM_17|         array|
|DataRAM_17_d0               |  out|   32|   ap_memory|                         DataRAM_17|         array|
|DataRAM_18_address0         |  out|    8|   ap_memory|                         DataRAM_18|         array|
|DataRAM_18_ce0              |  out|    1|   ap_memory|                         DataRAM_18|         array|
|DataRAM_18_we0              |  out|    1|   ap_memory|                         DataRAM_18|         array|
|DataRAM_18_d0               |  out|   32|   ap_memory|                         DataRAM_18|         array|
|DataRAM_19_address0         |  out|    8|   ap_memory|                         DataRAM_19|         array|
|DataRAM_19_ce0              |  out|    1|   ap_memory|                         DataRAM_19|         array|
|DataRAM_19_we0              |  out|    1|   ap_memory|                         DataRAM_19|         array|
|DataRAM_19_d0               |  out|   32|   ap_memory|                         DataRAM_19|         array|
|DataRAM_20_address0         |  out|    8|   ap_memory|                         DataRAM_20|         array|
|DataRAM_20_ce0              |  out|    1|   ap_memory|                         DataRAM_20|         array|
|DataRAM_20_we0              |  out|    1|   ap_memory|                         DataRAM_20|         array|
|DataRAM_20_d0               |  out|   32|   ap_memory|                         DataRAM_20|         array|
|DataRAM_21_address0         |  out|    8|   ap_memory|                         DataRAM_21|         array|
|DataRAM_21_ce0              |  out|    1|   ap_memory|                         DataRAM_21|         array|
|DataRAM_21_we0              |  out|    1|   ap_memory|                         DataRAM_21|         array|
|DataRAM_21_d0               |  out|   32|   ap_memory|                         DataRAM_21|         array|
|DataRAM_22_address0         |  out|    8|   ap_memory|                         DataRAM_22|         array|
|DataRAM_22_ce0              |  out|    1|   ap_memory|                         DataRAM_22|         array|
|DataRAM_22_we0              |  out|    1|   ap_memory|                         DataRAM_22|         array|
|DataRAM_22_d0               |  out|   32|   ap_memory|                         DataRAM_22|         array|
|DataRAM_23_address0         |  out|    8|   ap_memory|                         DataRAM_23|         array|
|DataRAM_23_ce0              |  out|    1|   ap_memory|                         DataRAM_23|         array|
|DataRAM_23_we0              |  out|    1|   ap_memory|                         DataRAM_23|         array|
|DataRAM_23_d0               |  out|   32|   ap_memory|                         DataRAM_23|         array|
|DataRAM_24_address0         |  out|    8|   ap_memory|                         DataRAM_24|         array|
|DataRAM_24_ce0              |  out|    1|   ap_memory|                         DataRAM_24|         array|
|DataRAM_24_we0              |  out|    1|   ap_memory|                         DataRAM_24|         array|
|DataRAM_24_d0               |  out|   32|   ap_memory|                         DataRAM_24|         array|
|DataRAM_25_address0         |  out|    8|   ap_memory|                         DataRAM_25|         array|
|DataRAM_25_ce0              |  out|    1|   ap_memory|                         DataRAM_25|         array|
|DataRAM_25_we0              |  out|    1|   ap_memory|                         DataRAM_25|         array|
|DataRAM_25_d0               |  out|   32|   ap_memory|                         DataRAM_25|         array|
|DataRAM_26_address0         |  out|    8|   ap_memory|                         DataRAM_26|         array|
|DataRAM_26_ce0              |  out|    1|   ap_memory|                         DataRAM_26|         array|
|DataRAM_26_we0              |  out|    1|   ap_memory|                         DataRAM_26|         array|
|DataRAM_26_d0               |  out|   32|   ap_memory|                         DataRAM_26|         array|
|DataRAM_27_address0         |  out|    8|   ap_memory|                         DataRAM_27|         array|
|DataRAM_27_ce0              |  out|    1|   ap_memory|                         DataRAM_27|         array|
|DataRAM_27_we0              |  out|    1|   ap_memory|                         DataRAM_27|         array|
|DataRAM_27_d0               |  out|   32|   ap_memory|                         DataRAM_27|         array|
|DataRAM_28_address0         |  out|    8|   ap_memory|                         DataRAM_28|         array|
|DataRAM_28_ce0              |  out|    1|   ap_memory|                         DataRAM_28|         array|
|DataRAM_28_we0              |  out|    1|   ap_memory|                         DataRAM_28|         array|
|DataRAM_28_d0               |  out|   32|   ap_memory|                         DataRAM_28|         array|
|DataRAM_29_address0         |  out|    8|   ap_memory|                         DataRAM_29|         array|
|DataRAM_29_ce0              |  out|    1|   ap_memory|                         DataRAM_29|         array|
|DataRAM_29_we0              |  out|    1|   ap_memory|                         DataRAM_29|         array|
|DataRAM_29_d0               |  out|   32|   ap_memory|                         DataRAM_29|         array|
|DataRAM_30_address0         |  out|    8|   ap_memory|                         DataRAM_30|         array|
|DataRAM_30_ce0              |  out|    1|   ap_memory|                         DataRAM_30|         array|
|DataRAM_30_we0              |  out|    1|   ap_memory|                         DataRAM_30|         array|
|DataRAM_30_d0               |  out|   32|   ap_memory|                         DataRAM_30|         array|
|DataRAM_31_address0         |  out|    8|   ap_memory|                         DataRAM_31|         array|
|DataRAM_31_ce0              |  out|    1|   ap_memory|                         DataRAM_31|         array|
|DataRAM_31_we0              |  out|    1|   ap_memory|                         DataRAM_31|         array|
|DataRAM_31_d0               |  out|   32|   ap_memory|                         DataRAM_31|         array|
|RAMSel_cast                 |   in|    1|     ap_none|                        RAMSel_cast|        scalar|
+----------------------------+-----+-----+------------+-----------------------------------+--------------+

