

================================================================
== Vitis HLS Report for 'MUL_MOD'
================================================================
* Date:           Wed Feb  5 12:49:47 2025

* Version:        2023.1 (Build 3854077 on May  4 2023)
* Project:        Crypto
* Solution:       solution1 (Vivado IP Flow Target)
* Product family: zynq
* Target device:  xc7z020-clg400-1


================================================================
== Performance Estimates
================================================================
+ Timing: 
    * Summary: 
    +--------+---------+----------+------------+
    |  Clock |  Target | Estimated| Uncertainty|
    +--------+---------+----------+------------+
    |ap_clk  |  7.00 ns|  5.056 ns|     1.89 ns|
    +--------+---------+----------+------------+

+ Latency: 
    * Summary: 
    +---------+---------+-----------+-----------+-----+-----+---------+
    |  Latency (cycles) |   Latency (absolute)  |  Interval | Pipeline|
    |   min   |   max   |    min    |    max    | min | max |   Type  |
    +---------+---------+-----------+-----------+-----+-----+---------+
    |       14|       14|  98.000 ns|  98.000 ns|    1|    1|      yes|
    +---------+---------+-----------+-----------+-----+-----+---------+

    + Detail: 
        * Instance: 
        N/A

        * Loop: 
        N/A



================================================================
== Utilization Estimates
================================================================
* Summary: 
+-----------------+---------+-----+--------+-------+-----+
|       Name      | BRAM_18K| DSP |   FF   |  LUT  | URAM|
+-----------------+---------+-----+--------+-------+-----+
|DSP              |        -|    2|       -|      -|    -|
|Expression       |        -|    -|       0|    623|    -|
|FIFO             |        -|    -|       -|      -|    -|
|Instance         |        -|   10|     670|     48|    -|
|Memory           |        -|    -|       -|      -|    -|
|Multiplexer      |        -|    -|       -|     14|    -|
|Register         |        -|    -|    1302|    160|    -|
+-----------------+---------+-----+--------+-------+-----+
|Total            |        0|   12|    1972|    845|    0|
+-----------------+---------+-----+--------+-------+-----+
|Available        |      280|  220|  106400|  53200|    0|
+-----------------+---------+-----+--------+-------+-----+
|Utilization (%)  |        0|    5|       1|      1|    0|
+-----------------+---------+-----+--------+-------+-----+

+ Detail: 
    * Instance: 
    +---------------------------+----------------------+---------+----+----+----+-----+
    |          Instance         |        Module        | BRAM_18K| DSP| FF | LUT| URAM|
    +---------------------------+----------------------+---------+----+----+----+-----+
    |mul_14ns_16ns_30_2_0_U194  |mul_14ns_16ns_30_2_0  |        0|   1|  67|   2|    0|
    |mul_15ns_16ns_31_2_1_U203  |mul_15ns_16ns_31_2_1  |        0|   1|  67|   2|    0|
    |mul_16ns_16ns_32_2_1_U192  |mul_16ns_16ns_32_2_1  |        0|   1|  67|   2|    0|
    |mul_16ns_16ns_32_2_1_U193  |mul_16ns_16ns_32_2_1  |        0|   1|  67|   2|    0|
    |mul_16ns_16ns_32_2_1_U196  |mul_16ns_16ns_32_2_1  |        0|   1|  67|   2|    0|
    |mul_16ns_16ns_32_2_1_U197  |mul_16ns_16ns_32_2_1  |        0|   1|  67|   2|    0|
    |mul_16ns_16ns_32_2_1_U198  |mul_16ns_16ns_32_2_1  |        0|   1|  67|   2|    0|
    |mul_16ns_16ns_32_2_1_U199  |mul_16ns_16ns_32_2_1  |        0|   1|  67|   2|    0|
    |mul_16ns_16ns_32_2_1_U201  |mul_16ns_16ns_32_2_1  |        0|   1|  67|   2|    0|
    |mul_16ns_16ns_32_2_1_U202  |mul_16ns_16ns_32_2_1  |        0|   1|  67|   2|    0|
    |mux_3_2_20_1_1_U195        |mux_3_2_20_1_1        |        0|   0|   0|  14|    0|
    |mux_3_2_31_1_1_U200        |mux_3_2_31_1_1        |        0|   0|   0|  14|    0|
    +---------------------------+----------------------+---------+----+----+----+-----+
    |Total                      |                      |        0|  10| 670|  48|    0|
    +---------------------------+----------------------+---------+----+----+----+-----+

    * DSP: 
    +---------------------------------------+----------------------------------+--------------+
    |                Instance               |              Module              |  Expression  |
    +---------------------------------------+----------------------------------+--------------+
    |mac_muladd_14ns_16ns_32ns_33_4_0_U204  |mac_muladd_14ns_16ns_32ns_33_4_0  |  i0 * i1 + i2|
    |mac_muladd_16ns_15ns_32ns_33_4_1_U205  |mac_muladd_16ns_15ns_32ns_33_4_1  |  i0 * i1 + i2|
    +---------------------------------------+----------------------------------+--------------+

    * Memory: 
    N/A

    * FIFO: 
    N/A

    * Expression: 
    +--------------------------+----------+----+---+----+------------+------------+
    |       Variable Name      | Operation| DSP| FF| LUT| Bitwidth P0| Bitwidth P1|
    +--------------------------+----------+----+---+----+------------+------------+
    |add_ln30_5_fu_317_p2      |         +|   0|  0|  40|          33|          33|
    |add_ln30_7_fu_313_p2      |         +|   0|  0|  39|          32|          32|
    |add_ln74_fu_359_p2        |         +|   0|  0|  55|          48|          48|
    |res_mult_fu_210_p2        |         +|   0|  0|  70|          63|          63|
    |res_mult_shift_fu_353_p2  |         +|   0|  0|  71|          64|          64|
    |res_shift_fu_464_p2       |         -|   0|  0|  71|          64|          64|
    |sub_ln85_fu_481_p2        |         -|   0|  0|  71|          64|          64|
    |sub_ln89_fu_489_p2        |         -|   0|  0|  71|          64|          64|
    |sub_ln90_fu_505_p2        |         -|   0|  0|  71|          64|          64|
    |select_ln92_3_fu_545_p3   |    select|   0|  0|  32|           1|          32|
    |select_ln92_fu_537_p3     |    select|   0|  0|  32|           1|          32|
    +--------------------------+----------+----+---+----+------------+------------+
    |Total                     |          |   0|  0| 623|         498|         560|
    +--------------------------+----------+----+---+----+------------+------------+

    * Multiplexer: 
    +-----------+----+-----------+-----+-----------+
    |    Name   | LUT| Input Size| Bits| Total Bits|
    +-----------+----+-----------+-----+-----------+
    |ap_return  |  14|          3|   32|         96|
    +-----------+----+-----------+-----+-----------+
    |Total      |  14|          3|   32|         96|
    +-----------+----+-----------+-----+-----------+

    * Register: 
    +----------------------------------+----+----+-----+-----------+
    |               Name               | FF | LUT| Bits| Const Bits|
    +----------------------------------+----+----+-----+-----------+
    |MOD_INDEX_int_reg                 |   2|   0|    2|          0|
    |MOD_INDEX_read_reg_569            |   2|   0|    2|          0|
    |add_ln30_5_reg_704                |  33|   0|   33|          0|
    |add_ln30_6_reg_784                |  33|   0|   33|          0|
    |add_ln30_7_reg_699                |  32|   0|   32|          0|
    |add_ln30_reg_627                  |  33|   0|   33|          0|
    |ap_ce_reg                         |   1|   0|    1|          0|
    |ap_return_int_reg                 |  32|   0|   32|          0|
    |input1_high_3_reg_642             |  16|   0|   16|          0|
    |input1_low_5_reg_637              |  16|   0|   16|          0|
    |input1_val_int_reg                |  32|   0|   32|          0|
    |input2_val_int_reg                |  19|   0|   19|          0|
    |mod_reg_721                       |  31|   0|   31|          0|
    |res_mult_reg_632                  |  63|   0|   63|          0|
    |res_mult_shift_part_reg_709       |  16|   0|   16|          0|
    |res_shift_reg_779                 |  64|   0|   64|          0|
    |res_shift_reg_779_pp0_iter12_reg  |  64|   0|   64|          0|
    |sub_ln85_reg_789                  |  64|   0|   64|          0|
    |temp1_5_reg_671                   |  32|   0|   32|          0|
    |temp1_5_reg_671_pp0_iter7_reg     |  32|   0|   32|          0|
    |temp1_6_reg_759                   |  32|   0|   32|          0|
    |temp1_reg_607                     |  32|   0|   32|          0|
    |temp2_5_reg_677                   |  32|   0|   32|          0|
    |temp3_5_reg_683                   |  32|   0|   32|          0|
    |temp3_6_reg_764                   |  32|   0|   32|          0|
    |temp3_reg_612                     |  32|   0|   32|          0|
    |temp4_5_reg_689                   |  32|   0|   32|          0|
    |temp4_5_reg_689_pp0_iter7_reg     |  32|   0|   32|          0|
    |temp4_6_reg_769                   |  31|   0|   31|          0|
    |temp4_reg_617                     |  30|   0|   30|          0|
    |trunc_ln29_reg_694                |  16|   0|   16|          0|
    |trunc_ln29_reg_694_pp0_iter7_reg  |  16|   0|   16|          0|
    |trunc_ln_reg_715                  |  16|   0|   16|          0|
    |MOD_INDEX_read_reg_569            |  64|  32|    2|          0|
    |mod_reg_721                       |  64|  32|   31|          0|
    |res_mult_reg_632                  |  64|  32|   63|          0|
    |temp1_reg_607                     |  64|  32|   32|          0|
    |temp4_reg_617                     |  64|  32|   30|          0|
    +----------------------------------+----+----+-----+-----------+
    |Total                             |1302| 160| 1140|          0|
    +----------------------------------+----+----+-----+-----------+



================================================================
== Interface
================================================================
* Summary: 
+------------+-----+-----+------------+--------------+--------------+
|  RTL Ports | Dir | Bits|  Protocol  | Source Object|    C Type    |
+------------+-----+-----+------------+--------------+--------------+
|ap_clk      |   in|    1|  ap_ctrl_hs|       MUL_MOD|  return value|
|ap_rst      |   in|    1|  ap_ctrl_hs|       MUL_MOD|  return value|
|ap_return   |  out|   32|  ap_ctrl_hs|       MUL_MOD|  return value|
|ap_ce       |   in|    1|  ap_ctrl_hs|       MUL_MOD|  return value|
|input1_val  |   in|   32|     ap_none|    input1_val|        scalar|
|input2_val  |   in|   19|     ap_none|    input2_val|        scalar|
|MOD_INDEX   |   in|    2|     ap_none|     MOD_INDEX|        scalar|
+------------+-----+-----+------------+--------------+--------------+

