

================================================================
== Vitis HLS Report for 'MUL_MOD_2'
================================================================
* Date:           Wed Feb  5 12:49:47 2025

* Version:        2023.1 (Build 3854077 on May  4 2023)
* Project:        Crypto
* Solution:       solution1 (Vivado IP Flow Target)
* Product family: zynq
* Target device:  xc7z020-clg400-1


================================================================
== Performance Estimates
================================================================
+ Timing: 
    * Summary: 
    +--------+---------+----------+------------+
    |  Clock |  Target | Estimated| Uncertainty|
    +--------+---------+----------+------------+
    |ap_clk  |  7.00 ns|  5.056 ns|     1.89 ns|
    +--------+---------+----------+------------+

+ Latency: 
    * Summary: 
    +---------+---------+-----------+-----------+-----+-----+---------+
    |  Latency (cycles) |   Latency (absolute)  |  Interval | Pipeline|
    |   min   |   max   |    min    |    max    | min | max |   Type  |
    +---------+---------+-----------+-----------+-----+-----+---------+
    |       14|       14|  98.000 ns|  98.000 ns|    1|    1|      yes|
    +---------+---------+-----------+-----------+-----+-----+---------+

    + Detail: 
        * Instance: 
        N/A

        * Loop: 
        N/A



================================================================
== Utilization Estimates
================================================================
* Summary: 
+-----------------+---------+-----+--------+-------+-----+
|       Name      | BRAM_18K| DSP |   FF   |  LUT  | URAM|
+-----------------+---------+-----+--------+-------+-----+
|DSP              |        -|    2|       -|      -|    -|
|Expression       |        -|    -|       0|    624|    -|
|FIFO             |        -|    -|       -|      -|    -|
|Instance         |        -|   10|     670|     48|    -|
|Memory           |        -|    -|       -|      -|    -|
|Multiplexer      |        -|    -|       -|      -|    -|
|Register         |        -|    -|    1285|    160|    -|
+-----------------+---------+-----+--------+-------+-----+
|Total            |        0|   12|    1955|    832|    0|
+-----------------+---------+-----+--------+-------+-----+
|Available        |      280|  220|  106400|  53200|    0|
+-----------------+---------+-----+--------+-------+-----+
|Utilization (%)  |        0|    5|       1|      1|    0|
+-----------------+---------+-----+--------+-------+-----+

+ Detail: 
    * Instance: 
    +---------------------------+----------------------+---------+----+----+----+-----+
    |          Instance         |        Module        | BRAM_18K| DSP| FF | LUT| URAM|
    +---------------------------+----------------------+---------+----+----+----+-----+
    |mul_15ns_16ns_31_2_1_U116  |mul_15ns_16ns_31_2_1  |        0|   1|  67|   2|    0|
    |mul_16ns_16ns_32_2_1_U105  |mul_16ns_16ns_32_2_1  |        0|   1|  67|   2|    0|
    |mul_16ns_16ns_32_2_1_U106  |mul_16ns_16ns_32_2_1  |        0|   1|  67|   2|    0|
    |mul_16ns_16ns_32_2_1_U107  |mul_16ns_16ns_32_2_1  |        0|   1|  67|   2|    0|
    |mul_16ns_16ns_32_2_1_U109  |mul_16ns_16ns_32_2_1  |        0|   1|  67|   2|    0|
    |mul_16ns_16ns_32_2_1_U110  |mul_16ns_16ns_32_2_1  |        0|   1|  67|   2|    0|
    |mul_16ns_16ns_32_2_1_U111  |mul_16ns_16ns_32_2_1  |        0|   1|  67|   2|    0|
    |mul_16ns_16ns_32_2_1_U112  |mul_16ns_16ns_32_2_1  |        0|   1|  67|   2|    0|
    |mul_16ns_16ns_32_2_1_U114  |mul_16ns_16ns_32_2_1  |        0|   1|  67|   2|    0|
    |mul_16ns_16ns_32_2_1_U115  |mul_16ns_16ns_32_2_1  |        0|   1|  67|   2|    0|
    |mux_3_2_20_1_1_U108        |mux_3_2_20_1_1        |        0|   0|   0|  14|    0|
    |mux_3_2_31_1_1_U113        |mux_3_2_31_1_1        |        0|   0|   0|  14|    0|
    +---------------------------+----------------------+---------+----+----+----+-----+
    |Total                      |                      |        0|  10| 670|  48|    0|
    +---------------------------+----------------------+---------+----+----+----+-----+

    * DSP: 
    +---------------------------------------+----------------------------------+--------------+
    |                Instance               |              Module              |  Expression  |
    +---------------------------------------+----------------------------------+--------------+
    |mac_muladd_16ns_15ns_32ns_33_4_1_U118  |mac_muladd_16ns_15ns_32ns_33_4_1  |  i0 * i1 + i2|
    |mac_muladd_16ns_16ns_32ns_33_4_1_U117  |mac_muladd_16ns_16ns_32ns_33_4_1  |  i0 + i1 * i2|
    +---------------------------------------+----------------------------------+--------------+

    * Memory: 
    N/A

    * FIFO: 
    N/A

    * Expression: 
    +--------------------------+----------+----+---+----+------------+------------+
    |       Variable Name      | Operation| DSP| FF| LUT| Bitwidth P0| Bitwidth P1|
    +--------------------------+----------+----+---+----+------------+------------+
    |add_ln30_1_fu_291_p2      |         +|   0|  0|  40|          33|          33|
    |add_ln30_3_fu_287_p2      |         +|   0|  0|  39|          32|          32|
    |add_ln74_fu_333_p2        |         +|   0|  0|  55|          48|          48|
    |res_mult_fu_184_p2        |         +|   0|  0|  71|          64|          64|
    |res_mult_shift_fu_327_p2  |         +|   0|  0|  71|          64|          64|
    |res_shift_fu_435_p2       |         -|   0|  0|  71|          64|          64|
    |sub_ln85_fu_451_p2        |         -|   0|  0|  71|          64|          64|
    |sub_ln89_fu_459_p2        |         -|   0|  0|  71|          64|          64|
    |sub_ln90_fu_475_p2        |         -|   0|  0|  71|          64|          64|
    |ap_return                 |    select|   0|  0|  32|           1|          32|
    |select_ln92_fu_507_p3     |    select|   0|  0|  32|           1|          32|
    +--------------------------+----------+----+---+----+------------+------------+
    |Total                     |          |   0|  0| 624|         499|         561|
    +--------------------------+----------+----+---+----+------------+------------+

    * Multiplexer: 
    N/A

    * Register: 
    +----------------------------------+----+----+-----+-----------+
    |               Name               | FF | LUT| Bits| Const Bits|
    +----------------------------------+----+----+-----+-----------+
    |MOD_INDEX_int_reg                 |   2|   0|    2|          0|
    |MOD_INDEX_read_reg_539            |   2|   0|    2|          0|
    |add_ln30_1_reg_666                |  33|   0|   33|          0|
    |add_ln30_2_reg_746                |  33|   0|   33|          0|
    |add_ln30_3_reg_661                |  32|   0|   32|          0|
    |add_ln30_reg_589                  |  33|   0|   33|          0|
    |input1_high_1_reg_604             |  16|   0|   16|          0|
    |input1_low_1_reg_599              |  16|   0|   16|          0|
    |input1_val_int_reg                |  32|   0|   32|          0|
    |input2_val_int_reg                |  32|   0|   32|          0|
    |mod_reg_683                       |  31|   0|   31|          0|
    |res_mult_reg_594                  |  64|   0|   64|          0|
    |res_mult_shift_part_reg_671       |  16|   0|   16|          0|
    |res_shift_reg_741                 |  64|   0|   64|          0|
    |res_shift_reg_741_pp0_iter12_reg  |  64|   0|   64|          0|
    |sub_ln85_reg_751                  |  64|   0|   64|          0|
    |temp1_1_reg_633                   |  32|   0|   32|          0|
    |temp1_1_reg_633_pp0_iter7_reg     |  32|   0|   32|          0|
    |temp1_2_reg_721                   |  32|   0|   32|          0|
    |temp1_reg_569                     |  32|   0|   32|          0|
    |temp2_1_reg_639                   |  32|   0|   32|          0|
    |temp2_reg_574                     |  32|   0|   32|          0|
    |temp3_1_reg_645                   |  32|   0|   32|          0|
    |temp3_2_reg_726                   |  32|   0|   32|          0|
    |temp4_1_reg_651                   |  32|   0|   32|          0|
    |temp4_1_reg_651_pp0_iter7_reg     |  32|   0|   32|          0|
    |temp4_2_reg_731                   |  31|   0|   31|          0|
    |temp4_reg_579                     |  32|   0|   32|          0|
    |trunc_ln29_reg_656                |  16|   0|   16|          0|
    |trunc_ln29_reg_656_pp0_iter7_reg  |  16|   0|   16|          0|
    |trunc_ln3_reg_677                 |  16|   0|   16|          0|
    |MOD_INDEX_read_reg_539            |  64|  32|    2|          0|
    |mod_reg_683                       |  64|  32|   31|          0|
    |res_mult_reg_594                  |  64|  32|   64|          0|
    |temp1_reg_569                     |  64|  32|   32|          0|
    |temp4_reg_579                     |  64|  32|   32|          0|
    +----------------------------------+----+----+-----+-----------+
    |Total                             |1285| 160| 1126|          0|
    +----------------------------------+----+----+-----+-----------+



================================================================
== Interface
================================================================
* Summary: 
+------------+-----+-----+------------+--------------+--------------+
|  RTL Ports | Dir | Bits|  Protocol  | Source Object|    C Type    |
+------------+-----+-----+------------+--------------+--------------+
|ap_clk      |   in|    1|  ap_ctrl_hs|     MUL_MOD.2|  return value|
|ap_rst      |   in|    1|  ap_ctrl_hs|     MUL_MOD.2|  return value|
|ap_return   |  out|   32|  ap_ctrl_hs|     MUL_MOD.2|  return value|
|input1_val  |   in|   32|     ap_none|    input1_val|        scalar|
|input2_val  |   in|   32|     ap_none|    input2_val|        scalar|
|MOD_INDEX   |   in|    2|     ap_none|     MOD_INDEX|        scalar|
+------------+-----+-----+------------+--------------+--------------+

