

================================================================
== Vitis HLS Report for 'MUL_MOD_1'
================================================================
* Date:           Mon Jan 13 00:09:24 2025

* Version:        2023.1 (Build 3854077 on May  4 2023)
* Project:        Crypto
* Solution:       solution1 (Vivado IP Flow Target)
* Product family: zynq
* Target device:  xc7z020-clg400-1


================================================================
== Performance Estimates
================================================================
+ Timing: 
    * Summary: 
    +--------+---------+----------+------------+
    |  Clock |  Target | Estimated| Uncertainty|
    +--------+---------+----------+------------+
    |ap_clk  |  8.00 ns|  5.655 ns|     2.16 ns|
    +--------+---------+----------+------------+

+ Latency: 
    * Summary: 
    +---------+---------+-----------+-----------+-----+-----+---------+
    |  Latency (cycles) |   Latency (absolute)  |  Interval | Pipeline|
    |   min   |   max   |    min    |    max    | min | max |   Type  |
    +---------+---------+-----------+-----------+-----+-----+---------+
    |       12|       12|  96.000 ns|  96.000 ns|    1|    1|      yes|
    +---------+---------+-----------+-----------+-----+-----+---------+

    + Detail: 
        * Instance: 
        N/A

        * Loop: 
        N/A



================================================================
== Utilization Estimates
================================================================
* Summary: 
+-----------------+---------+-----+--------+-------+-----+
|       Name      | BRAM_18K| DSP |   FF   |  LUT  | URAM|
+-----------------+---------+-----+--------+-------+-----+
|DSP              |        -|    2|       -|      -|    -|
|Expression       |        -|    -|       0|    609|    -|
|FIFO             |        -|    -|       -|      -|    -|
|Instance         |        -|   10|       0|     88|    -|
|Memory           |        -|    -|       -|      -|    -|
|Multiplexer      |        -|    -|       -|      -|    -|
|Register         |        -|    -|    1336|    224|    -|
+-----------------+---------+-----+--------+-------+-----+
|Total            |        0|   12|    1336|    921|    0|
+-----------------+---------+-----+--------+-------+-----+
|Available        |      280|  220|  106400|  53200|    0|
+-----------------+---------+-----+--------+-------+-----+
|Utilization (%)  |        0|    5|       1|      1|    0|
+-----------------+---------+-----+--------+-------+-----+

+ Detail: 
    * Instance: 
    +--------------------------+----------------------+---------+----+---+----+-----+
    |         Instance         |        Module        | BRAM_18K| DSP| FF| LUT| URAM|
    +--------------------------+----------------------+---------+----+---+----+-----+
    |mul_14ns_16ns_30_1_1_U36  |mul_14ns_16ns_30_1_1  |        0|   1|  0|   6|    0|
    |mul_15ns_16ns_31_1_1_U47  |mul_15ns_16ns_31_1_1  |        0|   1|  0|   6|    0|
    |mul_16ns_16ns_32_1_1_U37  |mul_16ns_16ns_32_1_1  |        0|   1|  0|   6|    0|
    |mul_16ns_16ns_32_1_1_U38  |mul_16ns_16ns_32_1_1  |        0|   1|  0|   6|    0|
    |mul_16ns_16ns_32_1_1_U40  |mul_16ns_16ns_32_1_1  |        0|   1|  0|   6|    0|
    |mul_16ns_16ns_32_1_1_U41  |mul_16ns_16ns_32_1_1  |        0|   1|  0|   6|    0|
    |mul_16ns_16ns_32_1_1_U42  |mul_16ns_16ns_32_1_1  |        0|   1|  0|   6|    0|
    |mul_16ns_16ns_32_1_1_U43  |mul_16ns_16ns_32_1_1  |        0|   1|  0|   6|    0|
    |mul_16ns_16ns_32_1_1_U45  |mul_16ns_16ns_32_1_1  |        0|   1|  0|   6|    0|
    |mul_16ns_16ns_32_1_1_U46  |mul_16ns_16ns_32_1_1  |        0|   1|  0|   6|    0|
    |mux_3_2_20_1_1_U39        |mux_3_2_20_1_1        |        0|   0|  0|  14|    0|
    |mux_3_2_31_1_1_U44        |mux_3_2_31_1_1        |        0|   0|  0|  14|    0|
    +--------------------------+----------------------+---------+----+---+----+-----+
    |Total                     |                      |        0|  10|  0|  88|    0|
    +--------------------------+----------------------+---------+----+---+----+-----+

    * DSP: 
    +--------------------------------------+----------------------------------+--------------+
    |               Instance               |              Module              |  Expression  |
    +--------------------------------------+----------------------------------+--------------+
    |mac_muladd_14ns_16ns_32ns_33_4_1_U48  |mac_muladd_14ns_16ns_32ns_33_4_1  |  i0 * i1 + i2|
    |mac_muladd_16ns_15ns_32ns_33_4_1_U49  |mac_muladd_16ns_15ns_32ns_33_4_1  |  i0 * i1 + i2|
    +--------------------------------------+----------------------------------+--------------+

    * Memory: 
    N/A

    * FIFO: 
    N/A

    * Expression: 
    +--------------------------+----------+----+---+----+------------+------------+
    |       Variable Name      | Operation| DSP| FF| LUT| Bitwidth P0| Bitwidth P1|
    +--------------------------+----------+----+---+----+------------+------------+
    |add_ln30_1_fu_312_p2      |         +|   0|  0|  40|          33|          33|
    |add_ln30_3_fu_308_p2      |         +|   0|  0|  39|          32|          32|
    |add_ln74_fu_332_p2        |         +|   0|  0|  55|          48|          48|
    |res_mult_fu_222_p2        |         +|   0|  0|  70|          63|          63|
    |res_mult_shift_fu_380_p2  |         +|   0|  0|  71|          64|          64|
    |res_shift_fu_469_p2       |         -|   0|  0|  64|          64|          64|
    |sub_ln85_fu_475_p2        |         -|   0|  0|  64|          64|          64|
    |sub_ln89_fu_484_p2        |         -|   0|  0|  71|          64|          64|
    |sub_ln90_fu_500_p2        |         -|   0|  0|  71|          64|          64|
    |ap_return                 |    select|   0|  0|  32|           1|          32|
    |select_ln92_fu_532_p3     |    select|   0|  0|  32|           1|          32|
    +--------------------------+----------+----+---+----+------------+------------+
    |Total                     |          |   0|  0| 609|         498|         560|
    +--------------------------+----------+----+---+----+------------+------------+

    * Multiplexer: 
    N/A

    * Register: 
    +-------------------------------------------+----+----+-----+-----------+
    |                    Name                   | FF | LUT| Bits| Const Bits|
    +-------------------------------------------+----+----+-----+-----------+
    |MOD_INDEX_int_reg                          |   2|   0|    2|          0|
    |MOD_INDEX_read_reg_564                     |   2|   0|    2|          0|
    |add_ln30_1_reg_673                         |  33|   0|   33|          0|
    |add_ln30_2_reg_732                         |  33|   0|   33|          0|
    |add_ln30_reg_615                           |  33|   0|   33|          0|
    |input1_high_1_reg_635                      |  16|   0|   16|          0|
    |input1_high_reg_585                        |  16|   0|   16|          0|
    |input1_low_1_reg_630                       |  16|   0|   16|          0|
    |input1_low_reg_575                         |  16|   0|   16|          0|
    |input1_val_int_reg                         |  32|   0|   32|          0|
    |input2_high_1_reg_640                      |   4|   0|    4|          0|
    |input2_low_1_reg_620                       |  16|   0|   16|          0|
    |input2_low_2_reg_690                       |  16|   0|   16|          0|
    |input2_low_reg_570                         |  16|   0|   16|          0|
    |input2_val_int_reg                         |  19|   0|   19|          0|
    |mod_reg_684                                |  31|   0|   31|          0|
    |res_mult_reg_625                           |  63|   0|   63|          0|
    |res_mult_shift_part_reg_678                |  16|   0|   16|          0|
    |res_mult_shift_part_reg_678_pp0_iter7_reg  |  16|   0|   16|          0|
    |sub_ln85_reg_737                           |  64|   0|   64|          0|
    |temp1_1_reg_645                            |  32|   0|   32|          0|
    |temp1_1_reg_645_pp0_iter6_reg              |  32|   0|   32|          0|
    |temp1_2_reg_712                            |  32|   0|   32|          0|
    |temp1_reg_600                              |  32|   0|   32|          0|
    |temp2_1_reg_651                            |  32|   0|   32|          0|
    |temp3_1_reg_657                            |  32|   0|   32|          0|
    |temp3_2_reg_717                            |  32|   0|   32|          0|
    |temp3_reg_605                              |  32|   0|   32|          0|
    |temp4_1_reg_663                            |  32|   0|   32|          0|
    |temp4_1_reg_663_pp0_iter6_reg              |  32|   0|   32|          0|
    |temp4_2_reg_722                            |  31|   0|   31|          0|
    |temp4_reg_595                              |  30|   0|   30|          0|
    |trunc_ln29_reg_668                         |  16|   0|   16|          0|
    |trunc_ln4_reg_706                          |  16|   0|   16|          0|
    |zext_ln20_2_reg_700                        |  15|   0|   31|         16|
    |MOD_INDEX_read_reg_564                     |  64|  32|    2|          0|
    |mod_reg_684                                |  64|  32|   31|          0|
    |res_mult_reg_625                           |  64|  32|   63|          0|
    |temp1_2_reg_712                            |  64|  32|   32|          0|
    |temp1_reg_600                              |  64|  32|   32|          0|
    |temp4_2_reg_722                            |  64|  32|   31|          0|
    |temp4_reg_595                              |  64|  32|   30|          0|
    +-------------------------------------------+----+----+-----+-----------+
    |Total                                      |1336| 224| 1125|         16|
    +-------------------------------------------+----+----+-----+-----------+



================================================================
== Interface
================================================================
* Summary: 
+------------+-----+-----+------------+--------------+--------------+
|  RTL Ports | Dir | Bits|  Protocol  | Source Object|    C Type    |
+------------+-----+-----+------------+--------------+--------------+
|ap_clk      |   in|    1|  ap_ctrl_hs|     MUL_MOD.1|  return value|
|ap_rst      |   in|    1|  ap_ctrl_hs|     MUL_MOD.1|  return value|
|ap_return   |  out|   32|  ap_ctrl_hs|     MUL_MOD.1|  return value|
|input1_val  |   in|   32|     ap_none|    input1_val|        scalar|
|input2_val  |   in|   19|     ap_none|    input2_val|        scalar|
|MOD_INDEX   |   in|    2|     ap_none|     MOD_INDEX|        scalar|
+------------+-----+-----+------------+--------------+--------------+

